    |          Population Average          |           Best Individual            |
---- -------------------------------------- -------------------------------------- ----------
Gen  Length       Kommenda     Fitness        Length       Kommenda     Fitness        Time Left    Front Size
0    3.772e+01    2.612e+15    4.210e+09      1.500e+01    1.079e+03    1.186e-01      11.03s       0         
1    1.177e+01    1.939e+08    1.035e+06      1.900e+01    1.499e+03    8.654e-02      16.97s       0         
2    9.305e+00    2.102e+03    2.597e+02      1.900e+01    1.499e+03    8.654e-02      17.04s       0         
3    1.162e+01    2.975e+04    3.836e+02      1.900e+01    1.071e+03    8.033e-02      16.65s       0         
4    9.863e+00    2.071e+06    1.851e+04      1.300e+01    1.700e+01    7.979e-02      15.98s       0         
5    7.098e+00    1.324e+04    3.277e+04      1.700e+01    3.390e+02    5.946e-02      14.15s       0         
6    9.248e+00    1.777e+05    2.450e+01      3.500e+01    4.298e+04    5.627e-02      13.31s       0         
7    1.320e+01    1.004e+06    1.686e+03      1.500e+01    1.410e+02    4.901e-02      16.52s       0         
8    1.648e+01    4.449e+07    5.919e+01      1.500e+01    1.410e+02    4.901e-02      13.41s       0         
9    2.080e+01    2.451e+16    2.657e+00      1.500e+01    1.410e+02    4.901e-02      13.45s       0         
10   2.362e+01    1.638e+10    5.175e+02      1.300e+01    6.900e+01    4.863e-02      13.07s       0         
11   2.113e+01    1.023e+08    6.072e+00      1.300e+01    7.000e+01    4.863e-02      11.69s       0         
12   1.954e+01    1.759e+11    1.529e+02      3.300e+01    1.158e+03    4.764e-02      10.73s       0         
13   1.793e+01    1.892e+06    3.337e+02      3.700e+01    1.494e+03    4.686e-02      9.80s        0         
14   1.751e+01    8.803e+04    9.742e+03      5.100e+01    9.019e+03    4.732e-02      9.00s        0         
15   1.638e+01    6.045e+04    1.600e+01      1.900e+01    5.790e+02    4.848e-02      8.13s        0         
16   1.692e+01    2.794e+05    9.816e+00      1.300e+01    6.900e+01    4.858e-02      8.63s        0         
17   1.627e+01    1.108e+05    1.201e+04      1.300e+01    6.900e+01    4.858e-02      6.75s        0         
18   1.531e+01    1.995e+06    3.064e+00      1.300e+01    6.900e+01    4.858e-02      5.42s        0         
19   1.524e+01    3.701e+04    3.577e+00      1.300e+01    6.900e+01    4.858e-02      4.82s        0         
20   1.607e+01    1.750e+06    7.840e+07      1.300e+01    6.900e+01    4.858e-02      3.82s        0         
21   1.506e+01    2.569e+07    1.018e+01      1.300e+01    6.900e+01    4.858e-02      2.84s        0         
22   1.479e+01    4.818e+07    1.943e+05      1.300e+01    6.900e+01    4.858e-02      1.87s        0         
23   1.526e+01    2.590e+06    1.286e+02      1.300e+01    6.900e+01    4.858e-02      1.21s        0         
24   1.471e+01    1.216e+06    7.759e+02      3.300e+01    8.854e+03    4.736e-02      0.00s        0         
25   1.438e+01    3.656e+04    3.249e+04      1.300e+01    6.900e+01    4.858e-02      22.68s       0         
26   1.438e+01    8.247e+04    1.047e+01      3.500e+01    4.917e+03    4.711e-02      22.33s       0         
27   1.452e+01    1.140e+05    3.560e+00      1.300e+01    6.900e+01    4.858e-02      19.54s       0         
28   1.360e+01    1.414e+05    1.729e+02      1.300e+01    6.900e+01    4.858e-02      18.09s       0         
29   1.328e+01    8.429e+03    1.631e+01      1.300e+01    6.900e+01    4.858e-02      16.63s       0         
30   1.385e+01    2.444e+05    1.813e+02      1.300e+01    6.900e+01    4.858e-02      16.78s       0         
31   1.372e+01    1.721e+03    5.954e+01      1.300e+01    6.900e+01    4.858e-02      19.36s       0         
32   1.371e+01    8.413e+07    1.096e+03      1.300e+01    6.900e+01    4.858e-02      16.01s       0         
33   1.369e+01    7.379e+02    3.221e+02      1.300e+01    6.900e+01    4.858e-02      13.94s       0         
34   1.387e+01    1.145e+03    2.587e+00      1.300e+01    6.900e+01    4.858e-02      12.78s       0         
35   1.355e+01    7.660e+09    4.264e+00      1.300e+01    6.900e+01    4.858e-02      12.50s       0         
36   1.353e+01    1.286e+03    5.740e+03      1.300e+01    6.900e+01    4.858e-02      11.57s       0         
37   1.357e+01    6.663e+02    5.649e+02      1.300e+01    6.900e+01    4.858e-02      10.89s       0         
38   1.345e+01    2.014e+03    2.086e+01      1.300e+01    6.900e+01    4.858e-02      9.55s        0         
39   1.390e+01    1.249e+03    3.654e+01      1.300e+01    6.900e+01    4.858e-02      10.88s       0         
40   1.354e+01    1.935e+03    3.113e+00      1.300e+01    6.900e+01    4.858e-02      7.72s        0         
41   1.439e+01    1.892e+08    3.310e+04      1.300e+01    6.900e+01    4.858e-02      7.04s        0         
42   1.396e+01    1.373e+03    3.044e+01      1.300e+01    6.900e+01    4.858e-02      6.40s        0         
43   1.368e+01    5.104e+03    6.779e+00      1.300e+01    6.900e+01    4.858e-02      5.48s        0         
44   1.379e+01    1.003e+03    1.317e+02      1.300e+01    6.900e+01    4.858e-02      4.30s        0         
45   1.342e+01    1.038e+04    3.588e+02      1.300e+01    7.000e+01    4.858e-02      3.54s        0         
46   1.329e+01    5.372e+02    2.024e+01      1.300e+01    6.900e+01    4.858e-02      2.74s        0         
47   1.335e+01    4.999e+02    2.462e+01      1.300e+01    6.900e+01    4.858e-02      2.23s        0         
48   1.355e+01    2.754e+05    9.458e+05      3.100e+01    9.113e+03    4.840e-02      0.89s        0         
49   1.397e+01    2.633e+03    1.520e+02      3.100e+01    9.113e+03    4.840e-02      0.00s        0         
50   1.340e+01    1.087e+03    1.091e+03      1.300e+01    6.900e+01    4.857e-02      21.69s       0         
51   1.293e+01    7.418e+04    2.067e+02      1.300e+01    6.900e+01    4.857e-02      19.95s       0         
52   1.313e+01    2.016e+03    3.663e+00      3.100e+01    9.113e+03    4.808e-02      19.22s       0         
53   1.316e+01    4.297e+02    3.301e+01      2.900e+01    1.268e+04    4.813e-02      19.96s       0         
54   1.393e+01    4.233e+03    5.376e+02      2.900e+01    1.268e+04    4.813e-02      18.71s       0         
55   1.390e+01    2.409e+03    5.668e+01      1.300e+01    6.900e+01    4.857e-02      21.61s       0         
56   1.334e+01    4.862e+02    5.400e+01      1.300e+01    6.900e+01    4.850e-02      15.84s       0         
57   1.339e+01    6.867e+02    2.612e+01      1.300e+01    6.900e+01    4.850e-02      14.83s       0         
58   1.299e+01    2.798e+02    1.012e+01      1.300e+01    6.900e+01    4.850e-02      14.47s       0         
59   1.323e+01    9.488e+02    4.100e+02      1.300e+01    6.900e+01    4.850e-02      13.00s       0         
60   1.381e+01    8.140e+02    1.001e+02      1.300e+01    6.900e+01    4.850e-02      12.45s       0         
61   1.349e+01    6.080e+10    1.058e+01      1.300e+01    6.900e+01    4.850e-02      11.66s       0         
62   1.390e+01    2.527e+04    7.234e+01      1.300e+01    6.900e+01    4.850e-02      10.45s       0         
63   1.386e+01    8.992e+02    2.316e+00      1.300e+01    6.900e+01    4.850e-02      12.77s       0         
64   1.413e+01    9.001e+02    6.611e+02      1.300e+01    6.900e+01    4.850e-02      8.88s        0         
65   1.355e+01    2.929e+03    5.048e+02      1.300e+01    6.900e+01    4.850e-02      7.81s        0         
66   1.350e+01    1.983e+04    1.317e+03      1.300e+01    6.900e+01    4.850e-02      6.97s        0         
67   1.346e+01    8.823e+02    6.935e+01      1.300e+01    6.900e+01    4.850e-02      6.08s        0         
68   1.368e+01    3.664e+03    1.339e+01      1.300e+01    6.900e+01    4.850e-02      5.20s        0         
69   1.348e+01    1.258e+03    6.513e+01      1.300e+01    6.900e+01    4.850e-02      4.40s        0         
70   1.373e+01    1.775e+03    5.903e+00      1.300e+01    6.900e+01    4.850e-02      3.69s        0         
71   1.348e+01    5.804e+05    8.172e+00      1.300e+01    6.900e+01    4.850e-02      3.37s        0         
72   1.405e+01    3.358e+04    4.696e+02      1.300e+01    6.900e+01    4.850e-02      1.77s        0         
73   1.384e+01    5.864e+02    6.908e+00      1.300e+01    6.900e+01    4.850e-02      0.93s        0         
74   1.391e+01    6.567e+02    3.178e+03      1.300e+01    6.900e+01    4.850e-02      0.00s        0         
75   1.414e+01    1.972e+07    3.667e+01      1.300e+01    6.900e+01    4.850e-02      21.33s       0         
76   1.370e+01    7.314e+03    6.518e+01      1.300e+01    6.900e+01    4.850e-02      21.03s       0         
77   1.395e+01    2.104e+03    5.939e+00      1.700e+01    1.350e+02    4.666e-02      20.27s       0         
78   1.354e+01    3.922e+14    1.961e+03      1.700e+01    1.350e+02    4.666e-02      24.01s       0         
79   1.327e+01    3.637e+02    6.601e+03      1.700e+01    1.350e+02    4.666e-02      17.48s       0         
80   1.371e+01    4.935e+02    8.818e+05      1.700e+01    1.350e+02    4.666e-02      17.23s       0         
81   1.421e+01    7.368e+02    3.427e+03      1.700e+01    1.350e+02    4.666e-02      16.39s       0         
82   1.453e+01    1.608e+09    1.567e+01      1.700e+01    1.350e+02    4.666e-02      15.36s       0         
83   1.436e+01    3.646e+02    2.242e+02      1.700e+01    1.350e+02    4.666e-02      14.47s       0         
84   1.458e+01    4.620e+02    2.504e+00      1.700e+01    1.350e+02    4.666e-02      14.10s       0         
85   1.579e+01    1.316e+05    2.960e+04      1.700e+01    1.350e+02    4.666e-02      13.60s       0         
86   1.551e+01    4.295e+03    1.721e+04      1.700e+01    1.350e+02    4.666e-02      15.44s       0         
87   1.610e+01    2.063e+06    1.742e+03      1.700e+01    1.350e+02    4.666e-02      11.78s       0         
88   1.671e+01    6.267e+10    1.294e+01      1.700e+01    1.350e+02    4.666e-02      10.30s       0         
89   1.693e+01    2.639e+05    3.257e+04      1.700e+01    1.350e+02    4.666e-02      9.65s        0         
90   1.748e+01    1.069e+05    6.764e+01      1.700e+01    1.350e+02    4.666e-02      8.92s        0         
91   1.830e+01    6.006e+04    3.894e+09      4.100e+01    1.034e+05    4.503e-02      7.57s        0         
92   1.779e+01    2.571e+03    3.828e+01      3.300e+01    4.624e+03    4.475e-02      6.53s        0         
93   1.811e+01    1.124e+04    1.913e+01      1.700e+01    1.350e+02    4.666e-02      7.26s        0         
94   1.812e+01    3.839e+03    1.034e+02      1.700e+01    1.350e+02    4.666e-02      4.98s        0         
95   1.862e+01    2.411e+04    9.521e+00      1.700e+01    1.350e+02    4.666e-02      3.86s        0         
96   1.857e+01    2.381e+04    7.805e+04      1.700e+01    1.350e+02    4.666e-02      2.93s        0         
97   1.918e+01    1.244e+06    7.532e+04      2.900e+01    4.959e+03    4.582e-02      1.94s        0         
98   1.982e+01    1.447e+06    7.134e+01      3.700e+01    3.574e+04    4.558e-02      0.95s        0         
99   2.116e+01    1.838e+06    6.593e+01      3.300e+01    1.622e+04    4.538e-02      0.00s        0         
100  2.245e+01    2.094e+07    7.443e+01      5.300e+01    1.998e+06    4.328e-02      29.75s       0         
101  2.466e+01    3.050e+09    2.641e+00      4.300e+01    9.751e+04    4.223e-02      24.38s       0         
102  2.605e+01    3.372e+09    4.234e+04      4.300e+01    9.751e+04    4.223e-02      22.25s       0         
103  2.310e+01    8.492e+07    4.768e+01      4.300e+01    9.751e+04    4.223e-02      20.86s       0         
104  2.396e+01    1.465e+08    3.956e+02      4.300e+01    9.751e+04    4.223e-02      20.07s       0         
105  2.396e+01    6.746e+15    7.557e+02      3.900e+01    6.030e+04    4.386e-02      19.58s       0         
106  2.277e+01    2.417e+07    1.554e+03      6.900e+01    2.878e+06    4.152e-02      23.10s       0         
107  2.223e+01    5.390e+06    2.233e+01      6.700e+01    1.588e+08    4.247e-02      17.58s       0         
108  2.254e+01    9.934e+06    5.528e+02      8.100e+01    1.090e+09    4.246e-02      16.20s       0         
109  2.311e+01    1.602e+11    1.949e+04      4.300e+01    2.342e+04    4.170e-02      15.38s       0         
110  2.488e+01    2.779e+06    2.303e+00      4.500e+01    2.342e+04    4.056e-02      15.17s       0         
111  2.531e+01    8.342e+07    8.743e+02      5.100e+01    1.241e+06    4.371e-02      14.22s       0         
112  2.469e+01    9.690e+06    1.458e+01      5.100e+01    1.241e+06    4.371e-02      15.13s       0         
113  2.478e+01    4.626e+07    3.407e+00      3.900e+01    4.060e+04    4.338e-02      11.67s       0         
114  2.444e+01    2.276e+08    6.451e+00      3.900e+01    4.060e+04    4.338e-02      10.95s       0         
115  2.539e+01    2.963e+09    5.170e+00      4.900e+01    5.384e+05    4.218e-02      9.85s        0         
116  2.569e+01    3.355e+10    7.889e+01      4.700e+01    2.813e+05    4.291e-02      8.70s        0         
117  2.600e+01    6.648e+06    4.909e+04      2.700e+01    2.949e+03    4.321e-02      9.37s        0         
118  2.475e+01    6.101e+06    4.054e+00      2.900e+01    8.309e+03    4.328e-02      6.32s        0         
119  2.500e+01    1.035e+10    1.880e+03      5.700e+01    9.193e+05    4.230e-02      5.35s        0         
120  2.483e+01    6.829e+09    4.405e+00      3.900e+01    1.138e+05    4.108e-02      4.32s        0         
121  2.503e+01    7.486e+07    5.734e+00      2.700e+01    3.083e+03    4.317e-02      3.38s        0         
122  2.486e+01    2.271e+07    5.439e+00      3.900e+01    6.767e+04    4.275e-02      2.27s        0         
123  2.347e+01    1.887e+06    3.436e+00      6.100e+01    1.250e+06    4.281e-02      1.26s        0         
124  2.405e+01    1.597e+08    9.099e+01      4.700e+01    9.742e+04    4.290e-02      0.00s        0         
125  2.330e+01    1.013e+07    2.961e+03      2.100e+01    3.530e+02    4.368e-02      25.75s       0         
126  2.253e+01    1.981e+06    3.185e+01      4.900e+01    9.199e+05    4.316e-02      24.24s       0         
127  2.369e+01    6.578e+06    5.634e+02      2.100e+01    3.530e+02    4.368e-02      22.79s       0         
128  2.499e+01    3.657e+07    2.440e+02      2.100e+01    3.530e+02    4.368e-02      22.19s       0         
129  2.451e+01    8.824e+07    3.406e+00      4.700e+01    1.929e+06    4.223e-02      25.48s       0         
130  2.602e+01    5.681e+08    4.249e+00      4.700e+01    1.929e+06    4.223e-02      19.72s       0         
131  2.510e+01    2.314e+07    2.282e+01      4.700e+01    1.929e+06    4.223e-02      18.92s       0         
132  2.489e+01    9.372e+07    1.240e+05      5.100e+01    2.710e+06    4.144e-02      18.02s       0         
133  2.452e+01    1.169e+11    3.732e+03      3.900e+01    2.803e+05    4.164e-02      17.22s       0         
134  2.505e+01    5.117e+08    8.350e+00      3.900e+01    2.803e+05    4.164e-02      20.10s       0         
135  2.463e+01    8.006e+06    2.782e+02      4.300e+01    3.844e+05    4.236e-02      15.03s       0         
136  2.421e+01    1.376e+06    4.658e+00      4.300e+01    3.844e+05    4.236e-02      13.26s       0         
137  2.407e+01    1.648e+07    2.260e+02      2.100e+01    3.530e+02    4.368e-02      12.81s       0         
138  2.398e+01    1.809e+07    5.648e+00      2.100e+01    3.530e+02    4.368e-02      11.80s       0         
139  2.375e+01    2.916e+08    2.424e+01      2.100e+01    3.530e+02    4.368e-02      10.52s       0         
140  2.391e+01    6.623e+07    1.298e+00      2.100e+01    3.530e+02    4.368e-02      11.56s       0         
141  2.408e+01    4.343e+06    1.443e+01      2.100e+01    3.530e+02    4.368e-02      8.83s        0         
142  2.563e+01    8.069e+06    2.734e+00      2.100e+01    3.530e+02    4.368e-02      7.31s        0         
143  2.452e+01    4.106e+06    1.396e+01      2.100e+01    3.530e+02    4.368e-02      6.71s        0         
144  2.666e+01    1.397e+08    3.357e+01      2.100e+01    3.530e+02    4.368e-02      5.64s        0         
145  2.680e+01    3.050e+10    4.907e+02      2.100e+01    3.530e+02    4.368e-02      5.20s        0         
146  2.718e+01    3.572e+10    3.797e+00      2.100e+01    3.530e+02    4.368e-02      3.33s        0         
147  2.557e+01    2.278e+10    3.005e+01      2.100e+01    3.530e+02    4.368e-02      2.12s        0         
148  2.432e+01    1.333e+08    1.175e+03      7.100e+01    2.562e+07    4.308e-02      1.03s        0         
149  2.447e+01    6.770e+09    3.469e+03      2.100e+01    3.530e+02    4.368e-02      0.00s        0         
150  2.512e+01    7.012e+10    8.371e+01      3.100e+01    1.749e+04    4.354e-02      28.44s       0         
151  2.490e+01    1.128e+08    1.306e+01      3.900e+01    3.973e+04    4.321e-02      25.38s       0         
152  2.461e+01    1.663e+07    9.590e+01      2.500e+01    4.850e+02    4.366e-02      23.64s       0         
153  2.461e+01    2.407e+08    1.892e+00      2.100e+01    3.530e+02    4.368e-02      21.84s       0         
154  2.455e+01    8.009e+06    4.343e+06      2.100e+01    3.530e+02    4.368e-02      20.80s       0         
155  2.348e+01    1.041e+06    2.881e+01      2.100e+01    3.530e+02    4.368e-02      20.13s       0         
156  2.346e+01    8.322e+05    3.990e+00      2.100e+01    3.530e+02    4.368e-02      22.29s       0         
157  2.415e+01    1.612e+08    4.602e+01      6.100e+01    1.135e+06    4.351e-02      18.19s       0         
158  2.432e+01    2.177e+07    1.493e+00      4.300e+01    8.979e+03    4.051e-02      16.34s       0         
159  2.423e+01    6.810e+05    5.924e+03      2.100e+01    3.530e+02    4.368e-02      15.00s       0         
160  2.409e+01    1.696e+09    1.963e+00      2.100e+01    3.530e+02    4.368e-02      14.85s       0         
161  2.474e+01    3.713e+09    2.955e+00      5.300e+01    1.131e+05    4.299e-02      14.06s       0         
162  2.636e+01    9.457e+09    9.707e+03      2.100e+01    3.530e+02    4.368e-02      14.47s       0         
163  2.495e+01    4.083e+06    4.061e+04      3.500e+01    2.043e+04    4.299e-02      11.17s       0         
164  2.459e+01    2.994e+06    5.642e+05      3.500e+01    2.043e+04    4.299e-02      10.20s       0         
165  2.432e+01    5.174e+07    4.194e+01      5.700e+01    2.520e+05    4.327e-02      9.29s        0         
166  2.485e+01    1.247e+08    1.078e+03      2.100e+01    3.530e+02    4.368e-02      8.25s        0         
167  2.489e+01    1.695e+07    1.223e+01      6.300e+01    1.526e+07    4.347e-02      8.71s        0         
168  2.613e+01    3.367e+07    9.639e+00      3.500e+01    4.737e+04    4.240e-02      6.30s        0         
169  2.580e+01    1.028e+08    5.845e+02      2.700e+01    2.949e+03    4.284e-02      5.29s        0         
170  2.517e+01    5.233e+08    1.074e+02      9.300e+01    3.306e+10    4.324e-02      4.25s        0         
171  2.511e+01    1.109e+06    4.373e+02      3.500e+01    3.531e+04    4.215e-02      3.37s        0         
172  2.475e+01    9.315e+05    9.509e+02      3.900e+01    1.778e+04    4.105e-02      2.06s        0         
173  2.394e+01    2.585e+06    8.965e+04      3.500e+01    1.065e+04    4.003e-02      1.27s        0         
174  2.396e+01    4.781e+05    1.000e+02      3.500e+01    1.065e+04    4.003e-02      0.00s        0         
175  2.364e+01    7.036e+05    2.162e+00      2.500e+01    2.346e+03    4.287e-02      25.85s       0         
176  2.388e+01    3.056e+08    5.466e+00      2.500e+01    2.346e+03    4.287e-02      25.26s       0         
177  2.417e+01    3.897e+06    1.259e+01      5.100e+01    1.505e+06    4.267e-02      22.48s       0         
178  2.357e+01    1.108e+07    6.304e+06      5.100e+01    1.505e+06    4.230e-02      22.57s       0         
179  2.312e+01    3.114e+08    3.800e+01      5.100e+01    1.558e+06    4.320e-02      20.47s       0         
180  2.261e+01    3.549e+08    3.335e+02      2.100e+01    3.530e+02    4.368e-02      18.59s       0         
181  2.302e+01    5.846e+09    1.116e+03      2.100e+01    3.530e+02    4.368e-02      18.11s       0         
182  2.295e+01    2.796e+12    6.793e+03      2.100e+01    3.530e+02    4.368e-02      17.02s       0         
183  2.366e+01    3.864e+06    3.738e+00      2.100e+01    3.530e+02    4.368e-02      16.65s       0         
184  2.380e+01    1.050e+07    6.682e+00      2.100e+01    3.530e+02    4.368e-02      19.85s       0         
185  2.444e+01    1.101e+06    3.776e+00      4.100e+01    5.345e+03    4.276e-02      14.81s       0         
186  2.364e+01    4.165e+05    2.682e+05      2.900e+01    9.046e+03    4.318e-02      13.51s       0         
187  2.396e+01    5.639e+11    2.651e+01      2.100e+01    3.530e+02    4.368e-02      11.81s       0         
188  2.323e+01    2.322e+06    1.994e+00      2.700e+01    5.294e+03    4.359e-02      11.23s       0         
189  2.296e+01    6.316e+05    4.901e+03      2.700e+01    5.294e+03    4.359e-02      10.44s       0         
190  2.170e+01    6.427e+08    8.158e+01      2.100e+01    3.530e+02    4.368e-02      11.42s       0         
191  2.264e+01    7.922e+05    5.033e+02      3.900e+01    5.360e+04    4.361e-02      7.84s        0         
192  2.223e+01    1.339e+06    5.131e+01      3.900e+01    6.486e+04    4.234e-02      7.35s        0         
193  2.274e+01    1.129e+05    9.784e+00      3.900e+01    6.486e+04    4.234e-02      6.04s        0         
194  2.419e+01    6.314e+06    3.682e+01      5.700e+01    1.356e+06    4.321e-02      5.30s        0         
195  2.408e+01    6.298e+06    1.795e+02      5.300e+01    5.947e+05    4.265e-02      4.93s        0         
196  2.501e+01    5.883e+06    6.662e+01      4.700e+01    1.204e+06    4.237e-02      3.16s        0         
197  2.461e+01    1.455e+06    7.146e+00      5.300e+01    5.332e+05    4.225e-02      2.07s        0         
198  2.377e+01    1.074e+06    6.110e+00      4.900e+01    3.503e+06    4.246e-02      1.04s        0         
199  2.372e+01    9.310e+05    1.487e+01      4.900e+01    4.008e+05    4.176e-02      0.00s        0         
200  2.403e+01    2.843e+05    9.732e+00      4.700e+01    3.539e+05    4.315e-02      25.78s       0         
201  2.441e+01    5.433e+06    8.174e+02      4.300e+01    1.264e+05    4.237e-02      30.11s       0         
202  2.319e+01    1.969e+06    8.347e+02      3.700e+01    2.151e+04    4.294e-02      21.92s       0         
203  2.302e+01    1.181e+05    2.180e+02      2.100e+01    3.530e+02    4.368e-02      23.02s       0         
204  2.272e+01    2.668e+05    1.686e+03      2.100e+01    3.530e+02    4.368e-02      21.39s       0         
205  2.340e+01    1.660e+11    1.132e+01      2.700e+01    5.294e+03    4.336e-02      19.78s       0         
206  2.286e+01    1.794e+06    3.115e+02      2.100e+01    3.530e+02    4.368e-02      18.75s       0         
207  2.373e+01    5.452e+05    2.489e+01      2.100e+01    3.530e+02    4.368e-02      21.44s       0         
208  2.246e+01    3.499e+06    1.724e+03      2.100e+01    3.530e+02    4.368e-02      17.02s       0         
209  2.270e+01    2.945e+05    1.947e+02      2.100e+01    3.530e+02    4.368e-02      15.46s       0         
210  2.249e+01    1.626e+05    6.973e+00      2.100e+01    3.530e+02    4.368e-02      14.45s       0         
211  2.281e+01    2.151e+06    5.152e+03      2.100e+01    2.210e+02    4.261e-02      13.68s       0         
212  2.311e+01    4.994e+07    5.425e+00      2.100e+01    2.210e+02    4.261e-02      12.18s       0         
213  2.329e+01    1.236e+06    8.220e+01      2.100e+01    2.210e+02    4.261e-02      15.14s       0         
214  2.440e+01    7.977e+08    2.381e+04      2.100e+01    2.210e+02    4.261e-02      10.13s       0         
215  2.447e+01    1.609e+09    9.728e+00      2.100e+01    2.210e+02    4.261e-02      9.42s        0         
216  2.651e+01    2.942e+08    5.861e+00      2.100e+01    2.210e+02    4.261e-02      8.05s        0         
217  2.641e+01    1.262e+10    6.674e+01      2.100e+01    2.210e+02    4.261e-02      7.65s        0         
218  2.445e+01    1.417e+09    7.726e+00      2.100e+01    2.210e+02    4.261e-02      6.36s        0         
219  2.559e+01    3.247e+10    6.031e+02      2.100e+01    2.210e+02    4.261e-02      6.09s        0         
220  2.552e+01    2.214e+06    6.671e+00      2.100e+01    2.210e+02    4.261e-02      4.09s        0         
221  2.538e+01    1.119e+12    1.346e+04      2.100e+01    2.210e+02    4.261e-02      3.02s        0         
222  2.491e+01    4.331e+06    1.154e+02      2.300e+01    2.510e+02    4.257e-02      2.00s        0         
223  2.462e+01    6.930e+06    1.533e+01      2.300e+01    2.510e+02    4.257e-02      0.98s        0         
224  2.529e+01    3.262e+06    4.455e+01      2.300e+01    2.510e+02    4.257e-02      0.00s        0         
225  2.593e+01    1.413e+08    3.191e+03      2.300e+01    2.510e+02    4.257e-02      23.67s       0         
226  2.518e+01    7.842e+05    3.524e+02      4.100e+01    1.078e+04    4.131e-02      22.55s       0         
227  2.571e+01    1.566e+06    4.510e+00      2.100e+01    2.210e+02    4.261e-02      22.12s       0         
228  2.813e+01    4.829e+06    1.940e+00      3.500e+01    1.541e+03    4.002e-02      20.85s       0         
229  2.774e+01    1.454e+09    1.386e+03      3.500e+01    1.541e+03    4.002e-02      20.13s       0         
230  2.636e+01    3.411e+06    4.754e+00      3.500e+01    1.541e+03    4.002e-02      24.18s       0         
231  2.619e+01    4.945e+06    3.840e+00      2.300e+01    2.430e+02    4.031e-02      18.79s       0         
232  2.585e+01    3.212e+05    6.048e+02      2.300e+01    2.430e+02    4.031e-02      17.43s       0         
233  2.495e+01    4.707e+09    2.204e+00      2.300e+01    2.430e+02    4.031e-02      17.02s       0         
234  2.541e+01    5.285e+05    7.559e+01      3.100e+01    1.181e+03    4.023e-02      15.37s       0         
235  2.475e+01    2.145e+05    1.959e+00      2.300e+01    2.430e+02    4.031e-02      17.22s       0         
236  2.474e+01    2.658e+05    2.419e+00      2.300e+01    2.430e+02    4.031e-02      13.26s       0         
237  2.461e+01    1.138e+05    2.346e+00      2.300e+01    2.430e+02    4.031e-02      12.20s       0         
238  2.497e+01    4.684e+08    3.518e+00      3.500e+01    2.921e+03    3.967e-02      11.22s       0         
239  2.484e+01    4.031e+05    4.357e+04      3.500e+01    2.921e+03    3.967e-02      10.50s       0         
240  2.621e+01    2.028e+07    3.138e+02      2.300e+01    2.430e+02    4.031e-02      10.85s       0         
241  2.719e+01    3.805e+07    2.973e+00      2.300e+01    2.430e+02    4.031e-02      7.99s        0         
242  2.545e+01    1.065e+06    2.238e+00      2.300e+01    2.430e+02    4.031e-02      6.98s        0         
243  2.573e+01    2.322e+07    4.255e+01      2.300e+01    2.430e+02    4.031e-02      6.12s        0         
244  2.548e+01    3.577e+05    8.150e+00      2.300e+01    2.430e+02    4.031e-02      4.92s        0         
245  2.602e+01    5.424e+06    6.278e+01      2.300e+01    2.430e+02    4.031e-02      4.03s        0         
246  2.588e+01    1.747e+12    2.409e+00      6.100e+01    1.997e+06    3.899e-02      3.78s        0         
247  2.521e+01    7.658e+05    7.001e+01      8.100e+01    9.569e+07    3.904e-02      2.05s        0         
248  2.579e+01    2.325e+06    4.142e+00      7.900e+01    6.090e+07    3.911e-02      1.01s        0         
249  2.670e+01    6.325e+06    4.082e+00      9.900e+01    7.031e+08    3.911e-02      0.00s        0         
250  2.568e+01    9.491e+06    6.273e+06      2.300e+01    2.430e+02    4.031e-02      23.99s       0         
251  2.477e+01    1.550e+07    9.147e+00      2.300e+01    2.430e+02    4.031e-02      23.33s       0         
252  2.485e+01    2.489e+07    4.795e+03      1.900e+01    6.500e+01    3.909e-02      25.91s       0         
253  2.452e+01    8.342e+06    8.977e-01      1.900e+01    6.500e+01    3.909e-02      20.69s       0         
254  2.410e+01    4.727e+07    1.261e+02      1.900e+01    6.500e+01    3.909e-02      19.57s       0         
255  2.523e+01    1.119e+08    1.297e+02      1.900e+01    6.500e+01    3.909e-02      18.44s       0         
256  2.518e+01    1.037e+09    3.659e+01      1.900e+01    6.500e+01    3.909e-02      18.46s       0         
257  2.502e+01    7.513e+05    6.612e+01      6.300e+01    6.292e+04    3.709e-02      21.74s       0         
258  2.705e+01    1.061e+09    1.767e+07      5.100e+01    1.307e+03    3.806e-02      16.81s       0         
259  2.675e+01    1.686e+08    7.169e+02      1.900e+01    6.500e+01    3.909e-02      15.60s       0         
260  2.585e+01    5.473e+05    2.185e+01      1.900e+01    6.500e+01    3.909e-02      14.63s       0         
261  2.416e+01    1.096e+06    6.592e+00      1.900e+01    6.500e+01    3.909e-02      12.72s       0         
262  2.409e+01    6.951e+06    9.676e+03      1.900e+01    6.500e+01    3.909e-02      11.88s       0         
263  2.330e+01    1.025e+09    8.542e+00      4.300e+01    1.103e+03    3.766e-02      12.89s       0         
264  2.345e+01    1.436e+07    9.307e+02      1.900e+01    3.700e+01    3.656e-02      9.47s        0         
265  2.289e+01    2.811e+05    7.059e+02      1.900e+01    3.700e+01    3.656e-02      8.73s        0         
266  2.303e+01    6.877e+05    1.459e+00      4.300e+01    2.738e+03    3.597e-02      7.70s        0         
267  2.347e+01    2.876e+05    5.669e+00      4.100e+01    1.718e+03    3.549e-02      6.56s        0         
268  2.321e+01    7.789e+04    6.019e+01      4.100e+01    1.718e+03    3.549e-02      5.58s        0         
269  2.257e+01    5.190e+04    4.306e+01      1.900e+01    3.700e+01    3.656e-02      5.55s        0         
270  2.321e+01    1.382e+05    2.589e+03      1.900e+01    3.700e+01    3.656e-02      4.01s        0         
271  2.288e+01    2.152e+10    3.178e+00      1.900e+01    3.700e+01    3.656e-02      2.89s        0         
272  2.248e+01    1.021e+05    1.125e+01      1.900e+01    3.700e+01    3.656e-02      1.91s        0         
273  2.160e+01    5.136e+04    1.291e+03      1.900e+01    3.700e+01    3.656e-02      0.93s        0         
274  2.182e+01    1.240e+05    5.443e+01      1.900e+01    3.700e+01    3.656e-02      0.00s        0         
275  2.148e+01    1.332e+05    1.059e+01      3.700e+01    1.070e+02    3.388e-02      28.27s       0         
276  2.164e+01    1.470e+07    3.350e+01      3.300e+01    8.300e+01    3.447e-02      21.69s       0         
277  2.280e+01    1.460e+07    3.390e+02      3.900e+01    9.500e+01    3.225e-02      20.40s       0         
278  2.308e+01    2.663e+04    4.004e+00      3.900e+01    9.500e+01    2.896e-02      20.41s       0         
279  2.505e+01    2.434e+06    6.766e+00      6.100e+01    3.030e+02    3.166e-02      19.03s       0         
280  2.552e+01    3.045e+05    1.413e+03      5.500e+01    1.830e+02    3.157e-02      19.05s       0         
281  2.556e+01    5.773e+04    6.370e+04      3.300e+01    1.190e+02    3.089e-02      21.52s       0         
282  2.498e+01    1.129e+08    1.746e+03      3.300e+01    1.190e+02    3.089e-02      17.08s       0         
283  2.597e+01    1.061e+04    3.702e+00      3.300e+01    9.500e+01    3.048e-02      15.36s       0         
284  2.538e+01    3.843e+03    4.590e+01      5.300e+01    3.510e+02    3.100e-02      14.87s       0         
285  2.534e+01    1.278e+03    1.347e+01      2.300e+01    6.300e+01    2.788e-02      14.52s       0         
286  2.626e+01    2.662e+04    3.713e+01      2.300e+01    6.300e+01    2.788e-02      12.88s       0         
287  2.676e+01    1.219e+04    9.448e+00      2.300e+01    6.300e+01    2.788e-02      14.57s       0         
288  2.810e+01    2.019e+03    1.333e+00      2.300e+01    6.300e+01    2.788e-02      10.79s       0         
289  2.746e+01    1.740e+05    1.977e+03      5.900e+01    4.070e+02    2.274e-02      9.79s        0         
290  2.805e+01    3.272e+07    3.359e+00      2.700e+01    8.700e+01    2.703e-02      8.81s        0         
291  2.979e+01    4.570e+02    7.313e+00      3.300e+01    1.270e+02    1.863e-02      8.08s        0         
292  3.057e+01    2.369e+04    7.412e+00      3.300e+01    1.270e+02    1.863e-02      9.10s        0         
293  3.115e+01    2.529e+03    3.185e+01      3.300e+01    1.270e+02    1.863e-02      6.42s        0         
294  3.256e+01    5.866e+07    1.260e+00      3.300e+01    1.270e+02    1.863e-02      5.34s        0         
295  3.379e+01    7.073e+02    1.078e+03      5.500e+01    4.710e+02    1.781e-02      4.12s        0         
296  3.430e+01    1.422e+03    1.448e+07      3.300e+01    1.270e+02    1.863e-02      3.09s        0         
297  3.405e+01    5.083e+04    8.942e-01      5.500e+01    4.230e+02    1.851e-02      2.08s        0         
298  3.595e+01    8.829e+02    4.063e+00      4.300e+01    4.390e+02    1.796e-02      1.22s        0         
299  3.448e+01    6.591e+02    4.056e+00      5.500e+01    1.015e+03    1.823e-02      0.00s        0         
300  3.638e+01    6.433e+02    1.621e+00      3.300e+01    1.750e+02    1.802e-02      26.35s       0         
301  3.586e+01    2.674e+08    1.345e+01      5.700e+01    5.830e+02    1.799e-02      26.57s       0         
302  3.689e+01    1.919e+03    1.319e+04      9.700e+01    1.006e+04    1.812e-02      23.79s       0         
303  3.775e+01    1.422e+06    1.430e+02      4.300e+01    2.630e+02    1.800e-02      27.18s       0         
304  3.657e+01    1.761e+03    4.934e+03      5.500e+01    6.150e+02    1.807e-02      22.12s       0         
305  3.599e+01    1.709e+04    2.049e+02      6.100e+01    1.519e+03    1.794e-02      22.75s       0         
306  3.476e+01    3.985e+07    1.202e+01      3.500e+01    2.150e+02    1.846e-02      21.72s       0         
307  3.417e+01    1.722e+03    2.458e+00      5.100e+01    3.927e+03    1.735e-02      19.82s       0         
308  3.650e+01    8.785e+07    2.865e+01      5.100e+01    8.470e+02    1.705e-02      22.45s       0         
309  3.548e+01    5.345e+03    1.212e+01      3.300e+01    1.750e+02    1.802e-02      18.25s       0         
310  3.333e+01    8.689e+02    4.131e+02      4.900e+01    7.910e+02    1.797e-02      17.48s       0         
311  3.314e+01    8.564e+02    1.029e+04      6.500e+01    4.535e+03    1.794e-02      14.93s       0         
312  3.422e+01    1.304e+03    1.786e+00      5.100e+01    2.623e+03    1.788e-02      13.37s       0         
313  3.249e+01    1.324e+03    1.605e+04      1.010e+02    6.063e+03    1.694e-02      14.23s       0         
314  3.290e+01    8.346e+02    2.128e+00      6.100e+01    1.319e+03    1.770e-02      11.27s       0         
315  3.343e+01    3.290e+03    4.176e+01      5.900e+01    1.287e+03    1.765e-02      10.35s       0         
316  3.180e+01    1.422e+05    1.317e+00      3.100e+01    1.350e+02    1.811e-02      8.62s        0         
317  3.219e+01    2.181e+05    2.061e+01      6.700e+01    9.911e+03    1.713e-02      7.85s        0         
318  3.362e+01    2.176e+03    8.395e-01      5.900e+01    6.470e+02    1.790e-02      8.29s        0         
319  3.422e+01    1.114e+04    4.012e+00      5.900e+01    6.470e+02    1.790e-02      5.62s        0         
320  3.448e+01    3.319e+03    3.937e+01      4.300e+01    4.230e+02    1.773e-02      4.48s        0         
321  3.384e+01    2.236e+04    6.076e+03      5.700e+01    1.095e+03    1.785e-02      3.49s        0         
322  3.353e+01    7.448e+03    2.129e+02      6.700e+01    3.831e+03    1.784e-02      2.70s        0         
323  3.396e+01    1.620e+03    6.719e+00      4.500e+01    1.359e+03    1.772e-02      1.19s        0         
324  3.308e+01    5.095e+06    6.214e+01      4.500e+01    1.359e+03    1.772e-02      0.00s        0         
325  3.351e+01    1.415e+03    1.389e+01      6.100e+01    4.479e+03    1.758e-02      27.38s       0         
326  3.359e+01    1.473e+05    1.477e+01      4.500e+01    1.359e+03    1.698e-02      26.18s       0         
327  3.371e+01    6.750e+03    3.103e+00      4.700e+01    2.031e+03    1.659e-02      24.39s       0         
328  3.440e+01    2.720e+06    9.232e+03      6.500e+01    3.783e+03    1.711e-02      23.58s       0         
329  3.330e+01    2.389e+03    2.843e+00      4.500e+01    4.550e+02    1.789e-02      22.55s       0         
330  3.409e+01    1.483e+04    2.425e+03      4.300e+01    6.390e+02    1.774e-02      21.82s       0         
331  3.442e+01    2.518e+03    2.431e+03      3.900e+01    2.870e+02    1.767e-02      20.52s       0         
332  3.487e+01    1.166e+04    1.239e+01      3.500e+01    2.310e+02    1.628e-02      23.94s       0         
333  3.480e+01    2.186e+06    4.706e+01      3.500e+01    2.310e+02    1.628e-02      18.07s       0         
334  3.336e+01    1.424e+05    2.942e+01      4.100e+01    6.150e+02    1.802e-02      17.26s       0         
335  3.328e+01    1.005e+05    7.211e+01      9.300e+01    1.753e+04    1.807e-02      16.06s       0         
336  3.291e+01    2.769e+03    1.433e+01      5.700e+01    7.030e+02    1.788e-02      14.51s       0         
337  3.331e+01    2.623e+06    6.346e+07      6.700e+01    2.951e+03    1.803e-02      15.75s       0         
338  3.207e+01    2.958e+03    3.247e+01      3.500e+01    1.830e+02    1.770e-02      12.71s       0         
339  3.262e+01    1.057e+03    8.369e-01      3.500e+01    1.830e+02    1.770e-02      11.43s       0         
340  3.184e+01    1.653e+05    2.659e+01      4.300e+01    4.550e+02    1.785e-02      9.87s        0         
341  3.111e+01    6.942e+03    9.033e+01      5.500e+01    3.431e+03    1.794e-02      9.44s        0         
342  3.203e+01    1.010e+04    8.731e+01      5.500e+01    3.431e+03    1.794e-02      10.17s       0         
343  3.227e+01    1.227e+03    1.584e+03      4.300e+01    1.623e+03    1.738e-02      7.37s        0         
344  3.161e+01    1.995e+07    1.402e+00      5.500e+01    1.506e+04    1.674e-02      6.20s        0         
345  3.089e+01    2.573e+07    7.758e+00      6.500e+01    1.456e+05    1.657e-02      4.70s        0         
346  3.241e+01    7.828e+03    1.602e+02      5.900e+01    8.034e+04    1.657e-02      4.17s        0         
347  3.056e+01    2.114e+11    2.970e+04      8.500e+01    2.501e+05    1.669e-02      2.28s        0         
348  3.117e+01    8.231e+05    5.541e+02      7.700e+01    1.204e+06    1.713e-02      1.16s        0         
349  3.119e+01    1.944e+04    3.627e+01      8.900e+01    1.285e+07    1.783e-02      0.00s        0         
350  3.360e+01    6.733e+04    1.022e+01      1.010e+02    2.820e+07    1.749e-02      30.96s       0         
351  3.417e+01    1.773e+04    5.485e+02      8.300e+01    2.924e+04    1.799e-02      32.98s       0         
352  3.338e+01    1.669e+04    1.923e+02      6.900e+01    5.793e+04    1.800e-02      25.00s       0         
353  3.373e+01    1.010e+04    2.053e+00      4.300e+01    6.950e+02    1.799e-02      24.47s       0         
354  3.368e+01    9.368e+03    1.716e+03      6.900e+01    3.799e+03    1.792e-02      23.55s       0         
355  3.307e+01    1.649e+03    1.942e+02      6.700e+01    8.199e+03    1.803e-02      21.94s       0         
356  3.306e+01    7.879e+05    6.300e+00      1.130e+02    5.847e+05    1.804e-02      25.30s       0         
357  3.228e+01    2.203e+06    5.211e+03      3.300e+01    1.510e+02    1.810e-02      19.31s       0         
358  3.374e+01    1.929e+03    5.519e+01      4.700e+01    1.207e+03    1.797e-02      18.26s       0         
359  3.405e+01    1.426e+07    1.471e+03      4.700e+01    1.207e+03    1.797e-02      16.82s       0         
360  3.354e+01    4.546e+03    5.244e+01      5.700e+01    6.007e+03    1.797e-02      15.93s       0         
361  3.433e+01    1.256e+04    1.483e+00      4.100e+01    5.350e+02    1.802e-02      17.03s       0         
362  3.515e+01    1.335e+04    9.150e+01      4.100e+01    4.390e+02    1.798e-02      13.98s       0         
363  3.383e+01    6.205e+03    1.326e+00      5.900e+01    1.095e+03    1.808e-02      12.44s       0         
364  3.563e+01    6.702e+03    1.221e+01      4.300e+01    4.550e+02    1.804e-02      11.95s       0         
365  3.240e+01    7.264e+03    3.198e+00      3.700e+01    1.990e+02    1.771e-02      10.56s       0         
366  3.125e+01    4.236e+03    1.834e+02      5.500e+01    1.767e+03    1.770e-02      10.73s       0         
367  3.262e+01    4.614e+03    3.275e+01      3.300e+01    2.470e+02    1.812e-02      7.83s        0         
368  3.337e+01    7.150e+05    1.446e+01      3.300e+01    1.510e+02    1.810e-02      6.78s        0         
369  3.227e+01    3.198e+04    2.503e+00      4.100e+01    4.390e+02    1.798e-02      5.67s        0         
370  3.247e+01    5.439e+03    1.083e+03      4.100e+01    4.390e+02    1.793e-02      4.61s        0         
371  3.245e+01    1.108e+05    9.068e+05      6.900e+01    1.778e+04    1.810e-02      4.01s        0         
372  3.308e+01    1.326e+04    5.421e+01      5.700e+01    6.007e+03    1.811e-02      2.25s        0         
373  3.412e+01    5.978e+03    2.189e+01      5.900e+01    6.519e+03    1.810e-02      1.10s        0         
374  3.220e+01    1.013e+04    1.507e+01      4.100e+01    6.310e+02    1.810e-02      0.00s        0         
375  3.334e+01    5.152e+04    3.400e+00      5.100e+01    5.047e+03    1.810e-02      28.83s       0         
376  3.105e+01    4.997e+06    4.782e+01      7.500e+01    9.260e+04    1.810e-02      31.92s       0         
377  3.370e+01    3.064e+05    5.548e+01      4.500e+01    7.830e+02    1.831e-02      25.09s       0         
378  3.371e+01    9.500e+05    1.227e+04      4.300e+01    4.550e+02    1.804e-02      24.43s       0         
379  3.474e+01    1.162e+04    8.261e+00      2.700e+01    1.310e+02    1.840e-02      25.02s       0         
380  3.507e+01    3.817e+05    9.233e+00      2.700e+01    1.310e+02    1.840e-02      22.74s       0         
381  3.380e+01    2.778e+04    5.162e+00      4.500e+01    4.550e+02    1.831e-02      24.08s       0         
382  3.304e+01    4.194e+04    8.266e-01      3.700e+01    1.990e+02    1.827e-02      20.53s       0         
383  3.303e+01    1.021e+04    6.551e+01      3.700e+01    2.550e+02    1.516e-02      20.16s       0         
384  3.296e+01    6.803e+03    2.902e+01      3.700e+01    2.550e+02    1.516e-02      18.07s       0         
385  3.422e+01    1.548e+04    8.173e+05      3.700e+01    2.550e+02    1.516e-02      20.03s       0         
386  3.418e+01    1.648e+04    7.761e+06      6.100e+01    1.703e+03    1.799e-02      15.15s       0         
387  3.139e+01    3.451e+03    5.898e+00      3.900e+01    6.830e+02    1.801e-02      15.04s       0         
388  3.250e+01    3.435e+04    2.370e+00      5.700e+01    1.446e+04    1.778e-02      12.93s       0         
389  3.410e+01    1.087e+04    1.389e+01      6.500e+01    7.408e+04    1.785e-02      11.30s       0         
390  3.577e+01    1.808e+04    4.108e+02      4.500e+01    2.055e+03    1.632e-02      12.81s       0         
391  3.420e+01    7.045e+04    2.095e+03      3.300e+01    1.510e+02    1.810e-02      9.40s        0         
392  3.459e+01    1.327e+04    7.853e+01      1.070e+02    2.722e+05    1.807e-02      8.04s        0         
393  3.502e+01    4.819e+05    2.194e+01      4.100e+01    3.590e+02    1.815e-02      6.93s        0         
394  3.323e+01    3.146e+04    5.820e+02      3.500e+01    9.350e+02    1.782e-02      5.82s        0         
395  3.378e+01    1.558e+06    6.508e+04      3.300e+01    1.990e+02    1.824e-02      5.68s        0         
396  3.193e+01    2.592e+04    2.857e+01      4.100e+01    4.390e+02    1.798e-02      3.54s        0         
397  3.157e+01    5.407e+04    9.037e+02      3.700e+01    2.630e+02    1.793e-02      2.37s        0         
398  3.262e+01    1.144e+05    8.831e+00      4.100e+01    3.430e+02    1.809e-02      1.12s        0         
399  3.430e+01    1.623e+04    9.671e+08      4.300e+01    5.350e+02    1.722e-02      0.00s        0         
400  3.191e+01    5.529e+03    1.932e+03      4.300e+01    1.439e+03    1.772e-02      33.22s       0         
401  3.120e+01    4.525e+03    4.694e+01      4.300e+01    2.063e+03    1.705e-02      26.90s       0         
402  3.159e+01    1.067e+04    2.963e+02      6.300e+01    8.095e+03    1.746e-02      25.34s       0         
403  3.295e+01    5.935e+03    6.580e+00      6.300e+01    8.719e+03    1.724e-02      24.84s       0         
404  3.118e+01    8.269e+03    1.119e+01      7.100e+01    2.390e+04    1.712e-02      24.72s       0         
405  3.193e+01    6.171e+05    3.868e+01      6.700e+01    2.931e+04    1.727e-02      25.67s       0         
406  3.380e+01    1.008e+05    7.635e+00      6.300e+01    1.725e+04    1.729e-02      20.08s       0         
407  3.231e+01    1.520e+06    3.802e+05      9.100e+01    3.532e+06    1.787e-02      19.57s       0         
408  3.167e+01    2.885e+04    1.129e+00      4.700e+01    2.843e+03    1.758e-02      18.15s       0         
409  3.198e+01    3.980e+06    2.934e+01      4.500e+01    4.571e+03    1.781e-02      17.28s       0         
410  3.264e+01    3.662e+04    6.685e+04      4.500e+01    4.571e+03    1.781e-02      19.20s       0         
411  3.142e+01    1.689e+06    1.751e+07      5.100e+01    1.840e+04    1.807e-02      14.13s       0         
412  3.284e+01    5.427e+04    4.340e+02      4.700e+01    1.391e+03    1.837e-02      13.63s       0         
413  3.316e+01    8.561e+04    2.516e+02      5.500e+01    1.242e+04    1.837e-02      12.98s       0         
414  3.299e+01    6.475e+04    1.833e+06      4.700e+01    1.007e+03    1.795e-02      11.35s       0         
415  3.208e+01    8.220e+04    1.363e+01      4.700e+01    1.007e+03    1.795e-02      12.56s       0         
416  3.082e+01    3.355e+04    3.220e+02      3.300e+01    2.630e+02    1.824e-02      9.06s        0         
417  3.195e+01    3.780e+08    5.599e+00      4.900e+01    5.411e+03    1.778e-02      8.04s        0         
418  3.308e+01    4.430e+04    3.346e+04      4.900e+01    5.411e+03    1.778e-02      6.51s        0         
419  3.127e+01    1.983e+04    1.182e+00      5.100e+01    5.891e+03    1.790e-02      7.00s        0         
420  3.173e+01    8.036e+03    2.899e+06      7.300e+01    1.579e+05    1.784e-02      4.60s        0         
421  3.230e+01    5.772e+03    6.416e+01      3.100e+01    2.510e+02    1.829e-02      3.57s        0         
422  3.328e+01    1.819e+04    8.929e+02      5.500e+01    2.674e+04    1.645e-02      2.29s        0         
423  3.173e+01    2.578e+05    9.636e+02      3.100e+01    2.510e+02    1.829e-02      1.19s        0         
424  3.145e+01    4.668e+03    4.496e+01      4.700e+01    1.357e+04    1.791e-02      0.00s        0         
425  3.182e+01    1.158e+08    3.651e+01      4.700e+01    4.910e+02    1.739e-02      27.89s       0         
426  3.258e+01    3.755e+04    2.179e+02      3.100e+01    2.510e+02    1.829e-02      27.38s       0         
427  3.234e+01    8.771e+03    5.753e+02      7.300e+01    1.615e+04    1.792e-02      26.27s       0         
428  3.363e+01    2.256e+05    2.226e+01      3.500e+01    4.259e+03    1.820e-02      25.01s       0         
429  3.464e+01    2.297e+05    1.399e+02      4.300e+01    2.783e+03    1.807e-02      26.71s       0         
430  3.381e+01    4.974e+04    2.277e+00      3.500e+01    4.259e+03    1.820e-02      22.35s       0         
431  3.372e+01    6.766e+05    3.914e+02      3.500e+01    4.259e+03    1.820e-02      20.54s       0         
432  3.246e+01    2.048e+05    3.685e+02      2.900e+01    2.270e+02    1.839e-02      20.12s       0         
433  3.253e+01    2.618e+05    1.483e+01      6.900e+01    3.851e+05    1.754e-02      17.61s       0         
434  3.193e+01    7.019e+04    1.562e+00      4.100e+01    5.510e+02    1.824e-02      21.38s       0         
435  3.298e+01    4.113e+04    2.081e+01      2.700e+01    1.310e+02    1.840e-02      15.84s       0         
436  3.234e+01    1.511e+04    1.331e+01      6.300e+01    7.094e+04    1.829e-02      15.17s       0         
437  3.233e+01    1.482e+08    1.942e+01      2.700e+01    1.310e+02    1.840e-02      13.66s       0         
438  3.302e+01    4.930e+08    8.327e+00      2.700e+01    1.310e+02    1.840e-02      13.10s       0         
439  3.388e+01    1.667e+05    6.929e+01      2.700e+01    1.310e+02    1.840e-02      13.97s       0         
440  3.352e+01    3.298e+06    7.226e+01      7.900e+01    1.781e+06    1.830e-02      10.66s       0         
441  3.239e+01    3.800e+04    1.532e+03      2.700e+01    1.310e+02    1.840e-02      8.99s        0         
442  3.070e+01    4.388e+04    4.796e+01      2.700e+01    1.310e+02    1.840e-02      7.81s        0         
443  3.129e+01    5.429e+05    2.050e+01      4.100e+01    6.647e+03    1.828e-02      6.66s        0         
444  3.262e+01    1.215e+05    4.724e+00      6.500e+01    1.291e+06    1.795e-02      6.94s        0         
445  3.332e+01    4.370e+04    2.141e+00      4.500e+01    3.851e+03    1.807e-02      4.78s        0         
446  3.355e+01    1.515e+04    8.833e+02      6.300e+01    4.705e+05    1.725e-02      3.51s        0         
447  3.147e+01    2.803e+04    1.445e+02      5.900e+01    2.813e+05    1.725e-02      2.38s        0         
448  3.134e+01    3.043e+06    1.192e+02      7.100e+01    5.430e+05    1.775e-02      1.35s        0         
449  3.184e+01    1.484e+04    6.834e+03      7.700e+01    6.751e+05    1.775e-02      0.00s        0         
450  3.267e+01    7.221e+04    1.292e+00      6.500e+01    2.774e+05    1.804e-02      25.47s       0         
451  3.175e+01    1.244e+04    2.933e+02      6.300e+01    1.032e+04    1.836e-02      25.75s       0         
452  3.248e+01    1.842e+04    3.079e+01      6.900e+01    1.025e+05    1.824e-02      25.53s       0         
453  3.216e+01    5.502e+04    2.246e+00      5.900e+01    3.635e+03    1.839e-02      23.37s       0         
454  3.399e+01    1.253e+05    3.845e+01      6.500e+01    8.063e+03    1.826e-02      25.84s       0         
455  3.503e+01    7.478e+04    5.883e+00      3.100e+01    4.550e+02    1.782e-02      22.14s       0         
456  3.336e+01    1.570e+04    5.763e+00      3.300e+01    2.270e+02    1.840e-02      21.81s       0         
457  3.291e+01    2.364e+04    3.535e+04      5.700e+01    2.423e+03    1.783e-02      19.85s       0         
458  3.247e+01    2.160e+05    6.580e+01      4.300e+01    1.283e+03    1.735e-02      23.37s       0         
459  3.371e+01    4.708e+04    2.222e+01      5.100e+01    1.525e+04    1.828e-02      17.85s       0         
460  3.326e+01    1.560e+05    4.679e+01      5.300e+01    1.127e+03    1.806e-02      17.12s       0         
461  3.281e+01    2.018e+08    3.260e+05      2.700e+01    1.310e+02    1.840e-02      16.14s       0         
462  3.433e+01    2.998e+04    7.689e+00      4.500e+01    2.423e+03    1.764e-02      13.94s       0         
463  3.395e+01    1.493e+08    7.528e-01      4.500e+01    2.423e+03    1.764e-02      15.25s       0         
464  3.205e+01    1.524e+06    4.464e+04      4.500e+01    4.151e+03    1.776e-02      11.89s       0         
465  3.202e+01    2.959e+04    1.065e+01      4.500e+01    4.151e+03    1.776e-02      10.11s       0         
466  3.212e+01    6.501e+04    4.847e+00      8.700e+01    6.743e+06    1.808e-02      8.99s        0         
467  3.168e+01    3.899e+03    1.682e+00      5.100e+01    3.083e+03    1.782e-02      7.69s        0         
468  3.172e+01    4.262e+03    1.664e+02      6.300e+01    5.459e+03    1.785e-02      8.71s        0         
469  3.252e+01    1.302e+04    2.698e+01      3.500e+01    3.470e+02    1.795e-02      5.92s        0         
470  3.316e+01    2.084e+04    2.660e+01      2.700e+01    1.310e+02    1.840e-02      4.66s        0         
471  3.360e+01    8.766e+03    4.976e+03      2.700e+01    1.310e+02    1.840e-02      3.49s        0         
472  3.374e+01    8.741e+04    2.857e+03      2.700e+01    1.310e+02    1.840e-02      2.67s        0         
473  3.329e+01    9.293e+04    1.011e+02      2.700e+01    1.310e+02    1.840e-02      1.42s        0         
474  3.497e+01    1.088e+06    7.376e+00      2.700e+01    1.310e+02    1.840e-02      0.00s        0         
475  3.317e+01    2.212e+04    6.907e+01      2.700e+01    1.310e+02    1.840e-02      26.34s       0         
476  3.248e+01    4.892e+03    3.297e+00      2.700e+01    1.310e+02    1.840e-02      26.64s       0         
477  3.252e+01    6.359e+03    5.875e+01      2.700e+01    1.310e+02    1.840e-02      25.90s       0         
478  3.219e+01    4.806e+03    2.488e+01      3.500e+01    3.470e+02    1.822e-02      27.66s       0         
479  3.205e+01    2.702e+03    6.626e-01      4.900e+01    1.495e+04    1.751e-02      21.66s       0         
480  3.086e+01    4.548e+03    2.915e+03      6.500e+01    1.271e+03    1.801e-02      22.04s       0         
481  3.199e+01    1.848e+03    2.693e+00      2.700e+01    1.310e+02    1.836e-02      21.44s       0         
482  3.135e+01    7.437e+03    1.038e+04      3.700e+01    1.859e+03    1.826e-02      19.30s       0         
483  3.194e+01    5.249e+04    1.337e+02      5.500e+01    4.847e+03    1.814e-02      18.77s       0         
484  3.367e+01    3.861e+03    2.006e+00      2.700e+01    1.310e+02    1.840e-02      17.22s       0         
485  3.388e+01    5.488e+05    1.674e+00      2.700e+01    1.310e+02    1.840e-02      16.44s       0         
486  3.234e+01    6.721e+05    9.931e+02      2.700e+01    1.310e+02    1.840e-02      15.27s       0         
487  3.271e+01    1.503e+08    1.347e+01      2.700e+01    1.310e+02    1.840e-02      17.20s       0         
488  3.154e+01    5.242e+04    5.506e+02      8.500e+01    2.334e+05    1.816e-02      12.52s       0         
489  3.155e+01    8.748e+04    1.143e+01      2.700e+01    1.310e+02    1.840e-02      11.46s       0         
490  3.283e+01    8.249e+04    5.950e+02      4.900e+01    1.645e+04    1.830e-02      10.71s       0         
491  3.389e+01    2.501e+04    3.600e+00      7.700e+01    7.883e+05    1.809e-02      9.23s        0         
492  3.196e+01    1.531e+04    7.244e+01      4.900e+01    5.315e+03    1.824e-02      9.43s        0         
493  3.294e+01    5.303e+03    1.710e+04      6.500e+01    9.275e+03    1.781e-02      7.07s        0         
494  3.370e+01    1.004e+04    9.903e+01      4.300e+01    4.031e+03    1.815e-02      5.69s        0         
495  3.309e+01    4.120e+04    6.420e+01      4.300e+01    4.031e+03    1.815e-02      4.67s        0         
496  3.246e+01    6.287e+03    1.570e+00      6.100e+01    1.627e+04    1.802e-02      3.43s        0         
497  3.486e+01    4.102e+04    3.864e+01      7.100e+01    1.395e+05    1.816e-02      2.73s        0         
498  3.497e+01    6.416e+06    1.117e+03      6.500e+01    8.977e+04    1.815e-02      1.26s        0         
499  3.284e+01    7.129e+05    4.288e+00      5.700e+01    3.361e+04    1.801e-02      0.00s        0         





Time: 0h:9m:6s
####   Data for the best program   ####
Best Program: sub(0.616, mul(sub(mul(X2, 0.683), sub(div(X1, 0.683), sub(sub(sub(X1, 0.094), mul(sub(X0, mul(mul(add(0.616, mul(sub(sub(X1, 0.094), mul(sub(div(X1, 0.683), sub(sub(sub(X1, 0.094), mul(sub(X0, div(X1, 0.683)), 0.314)), 0.094)), 0.314)), mul(mul(X0, 0.880), 0.314))), X2), X2)), 0.314)), 0.094))), 0.314))
Best Program Complexity: 57
Raw Fitness: 0.018014218473494784
Penalized Fitness: 0.040814218473494784
Estimator		Train-rmse: 0.018014218473494784	Test-rmse: 0.01851223007394702	Test-R^2: 0.9642110488340075

{'complexity': 'length', 'const_range': (1e-10, 2.0), 'elitism_size': 1, 'function_set': ('add', 'sub', 'div', 'mul'), 'generations': 500, 'init_depth': (3, 6), 'init_method': 'half and half', 'low_memory': True, 'max_samples': 1.0, 'metric': 'rmse', 'n_jobs': 2, 'p_crossover': 0.8, 'p_hoist_mutation': 0.0, 'p_point_mutation': 0.09999999999999998, 'p_point_replace': 0.05, 'p_subtree_mutation': 0.09999999999999998, 'paretogp': False, 'paretogp_lengths': (5, 130), 'parsimony_coefficient': 0.0004, 'population_size': 800, 'random_state': 706703395, 'selection': 'tournament', 'stopping_criteria': 1e-10, 'tournament_size': 11, 'verbose': 1, 'warm_start': True}
