    |          Population Average          |           Best Individual            |
---- -------------------------------------- -------------------------------------- ----------
Gen  Length       Kommenda     Fitness        Length       Kommenda     Fitness        Time Left    Front Size
0    2.342e+01    2.306e+09    4.792e+05      2.100e+01    4.092e+01    3.904e-01      8.72s        0         
1    9.556e+00    1.151e+06    1.349e+00      1.000e+01    9.378e+00    3.679e-01      15.72s       0         
2    8.025e+00    6.341e+04    3.443e+00      2.200e+01    4.561e+01    3.630e-01      16.32s       0         
3    9.851e+00    7.172e+02    6.826e+01      3.100e+01    1.531e+02    3.465e-01      16.09s       0         
4    1.137e+01    3.670e+06    3.370e+00      1.200e+01    1.133e+01    3.508e-01      15.74s       0         
5    1.139e+01    1.125e+05    3.570e+00      1.400e+01    2.487e+01    3.194e-01      15.06s       0         
6    1.148e+01    1.641e+08    1.825e+00      1.400e+01    2.487e+01    3.194e-01      17.66s       0         
7    1.139e+01    1.994e+02    2.177e+05      1.400e+01    2.487e+01    3.194e-01      14.15s       0         
8    1.082e+01    1.681e+04    1.492e+00      1.400e+01    2.487e+01    3.194e-01      12.66s       0         
9    1.053e+01    2.457e+02    1.270e+00      1.400e+01    2.487e+01    3.194e-01      12.51s       0         
10   1.078e+01    7.257e+01    1.657e+00      1.400e+01    1.679e+01    3.148e-01      11.37s       0         
11   1.071e+01    3.774e+01    6.057e+01      1.400e+01    1.679e+01    3.148e-01      10.40s       0         
12   1.092e+01    3.314e+06    1.316e+00      2.200e+01    2.793e+01    3.103e-01      11.33s       0         
13   1.124e+01    4.308e+01    6.404e+01      1.400e+01    1.679e+01    3.148e-01      8.92s        0         
14   1.094e+01    2.855e+01    8.914e-01      1.700e+01    2.254e+01    3.128e-01      8.13s        0         
15   1.127e+01    2.072e+01    3.542e+00      1.900e+01    2.582e+01    2.817e-01      7.40s        0         
16   1.173e+01    8.103e+01    1.371e+00      1.700e+01    2.282e+01    2.758e-01      6.46s        0         
17   1.266e+01    5.639e+01    2.296e+00      1.700e+01    2.282e+01    2.758e-01      6.64s        0         
18   1.272e+01    2.890e+04    3.147e+00      1.300e+01    2.503e+01    1.881e-01      4.86s        0         
19   1.314e+01    1.811e+02    1.703e+00      1.300e+01    2.503e+01    1.881e-01      4.03s        0         
20   1.358e+01    9.215e+02    1.636e+00      1.200e+01    1.712e+01    1.654e-01      3.32s        0         
21   1.476e+01    2.209e+03    3.346e+00      1.200e+01    1.712e+01    1.654e-01      2.52s        0         
22   1.540e+01    1.053e+03    1.088e+00      1.200e+01    1.712e+01    1.654e-01      2.03s        0         
23   1.600e+01    1.002e+03    2.696e+03      3.000e+01    2.722e+02    1.617e-01      0.84s        0         
24   1.584e+01    1.144e+07    1.236e+00      2.700e+01    4.745e+02    1.327e-01      0.00s        0         
25   1.587e+01    5.847e+03    5.959e-01      3.300e+01    4.066e+02    1.504e-01      20.86s       0         
26   1.423e+01    3.630e+03    2.118e+00      3.300e+01    4.066e+02    1.504e-01      19.74s       0         
27   1.368e+01    2.294e+02    6.996e-01      1.400e+01    3.502e+01    1.591e-01      21.77s       0         
28   1.337e+01    2.505e+02    1.235e+02      2.400e+01    7.073e+01    1.524e-01      18.18s       0         
29   1.304e+01    3.057e+02    9.976e-01      1.200e+01    1.712e+01    1.654e-01      17.34s       0         
30   1.270e+01    6.521e+03    4.194e+00      1.200e+01    1.712e+01    1.654e-01      16.01s       0         
31   1.248e+01    4.022e+01    5.595e-01      1.200e+01    1.712e+01    1.654e-01      14.65s       0         
32   1.329e+01    2.387e+03    1.666e+00      1.200e+01    1.712e+01    1.654e-01      16.37s       0         
33   1.266e+01    1.702e+05    7.172e-01      1.200e+01    1.712e+01    1.654e-01      13.26s       0         
34   1.309e+01    1.276e+03    9.445e-01      1.200e+01    1.712e+01    1.654e-01      12.28s       0         
35   1.251e+01    1.815e+02    9.201e-01      1.200e+01    1.712e+01    1.654e-01      11.54s       0         
36   1.253e+01    1.183e+03    7.261e-01      1.200e+01    1.712e+01    1.654e-01      11.29s       0         
37   1.282e+01    3.095e+02    5.894e-01      1.200e+01    1.712e+01    1.654e-01      11.67s       0         
38   1.276e+01    5.944e+01    1.189e+00      1.200e+01    1.712e+01    1.654e-01      9.00s        0         
39   1.296e+01    6.603e+03    1.016e+01      1.200e+01    1.712e+01    1.654e-01      8.27s        0         
40   1.258e+01    1.108e+02    6.830e-01      1.200e+01    1.712e+01    1.654e-01      7.29s        0         
41   1.245e+01    4.466e+04    8.773e-01      1.200e+01    1.712e+01    1.654e-01      7.31s        0         
42   1.272e+01    2.572e+03    7.565e-01      1.200e+01    1.712e+01    1.654e-01      5.93s        0         
43   1.253e+01    4.994e+02    6.531e-01      1.200e+01    1.712e+01    1.654e-01      4.89s        0         
44   1.286e+01    1.251e+02    7.007e-01      1.200e+01    1.712e+01    1.654e-01      4.09s        0         
45   1.269e+01    5.003e+03    1.741e+00      3.000e+01    3.185e+02    1.558e-01      3.55s        0         
46   1.254e+01    6.490e+01    1.479e+00      3.000e+01    1.842e+03    1.502e-01      3.03s        0         
47   1.256e+01    4.039e+03    7.315e-01      2.300e+01    4.955e+01    1.455e-01      1.65s        0         
48   1.254e+01    6.355e+01    1.103e+00      1.200e+01    1.712e+01    1.654e-01      0.81s        0         
49   1.254e+01    1.533e+02    1.392e+00      1.200e+01    1.712e+01    1.654e-01      0.00s        0         
50   1.291e+01    1.404e+03    8.083e+01      1.200e+01    1.712e+01    1.654e-01      19.78s       0         
51   1.294e+01    1.192e+03    9.299e-01      1.200e+01    1.712e+01    1.654e-01      22.56s       0         
52   1.288e+01    9.903e+01    9.444e-01      1.200e+01    1.712e+01    1.654e-01      18.47s       0         
53   1.295e+01    1.818e+02    1.063e+00      1.200e+01    1.712e+01    1.654e-01      18.04s       0         
54   1.358e+01    4.063e+03    7.614e-01      2.200e+01    4.608e+01    1.483e-01      16.84s       0         
55   1.355e+01    2.930e+06    6.339e-01      1.200e+01    1.712e+01    1.654e-01      18.37s       0         
56   1.371e+01    5.111e+02    5.215e+00      1.200e+01    1.712e+01    1.654e-01      15.28s       0         
57   1.321e+01    6.575e+02    8.422e-01      1.200e+01    1.712e+01    1.654e-01      15.14s       0         
58   1.323e+01    1.583e+03    7.744e-01      1.200e+01    1.712e+01    1.654e-01      13.28s       0         
59   1.365e+01    2.041e+04    2.231e+00      2.700e+01    1.318e+02    1.465e-01      12.65s       0         
60   1.331e+01    7.569e+03    5.750e+01      2.700e+01    1.318e+02    1.465e-01      14.43s       0         
61   1.373e+01    1.383e+03    5.561e+00      1.200e+01    1.712e+01    1.654e-01      10.86s       0         
62   1.408e+01    8.174e+03    1.022e+00      1.200e+01    1.712e+01    1.654e-01      10.46s       0         
63   1.359e+01    2.502e+03    7.089e-01      1.400e+01    3.502e+01    1.647e-01      9.41s        0         
64   1.337e+01    1.004e+03    2.004e+00      1.200e+01    1.712e+01    1.654e-01      8.75s        0         
65   1.307e+01    5.504e+01    3.523e+00      2.300e+01    4.955e+01    1.560e-01      9.00s        0         
66   1.335e+01    7.765e+01    5.273e-01      1.200e+01    1.712e+01    1.654e-01      7.13s        0         
67   1.296e+01    2.087e+03    9.439e-01      1.200e+01    1.712e+01    1.654e-01      5.98s        0         
68   1.262e+01    3.217e+01    7.142e-01      1.200e+01    1.712e+01    1.654e-01      4.86s        0         
69   1.264e+01    8.518e+03    7.587e-01      1.200e+01    1.712e+01    1.654e-01      4.85s        0         
70   1.262e+01    3.986e+01    5.915e+01      1.200e+01    1.712e+01    1.654e-01      3.28s        0         
71   1.299e+01    6.727e+03    6.791e-01      1.200e+01    1.712e+01    1.654e-01      2.47s        0         
72   1.252e+01    6.262e+03    1.404e+00      1.200e+01    1.712e+01    1.654e-01      1.73s        0         
73   1.256e+01    1.967e+07    7.643e-01      1.200e+01    1.712e+01    1.654e-01      0.88s        0         
74   1.270e+01    4.027e+02    6.546e+01      1.200e+01    1.712e+01    1.654e-01      0.00s        0         
75   1.266e+01    8.852e+01    1.459e+02      1.200e+01    1.712e+01    1.654e-01      20.25s       0         
76   1.300e+01    4.492e+01    1.995e+00      1.200e+01    1.712e+01    1.654e-01      20.28s       0         
77   1.295e+01    2.735e+07    7.238e-01      1.200e+01    1.712e+01    1.654e-01      18.38s       0         
78   1.303e+01    1.043e+05    1.639e+00      1.200e+01    1.712e+01    1.654e-01      17.09s       0         
79   1.253e+01    2.462e+05    6.993e-01      1.200e+01    1.712e+01    1.654e-01      18.88s       0         
80   1.253e+01    4.065e+04    7.382e-01      1.200e+01    1.712e+01    1.654e-01      15.60s       0         
81   1.319e+01    1.459e+03    6.447e-01      2.400e+01    9.930e+01    1.377e-01      14.75s       0         
82   1.296e+01    3.715e+01    8.892e-01      1.200e+01    1.712e+01    1.654e-01      13.82s       0         
83   1.345e+01    2.413e+03    6.240e+01      1.200e+01    1.712e+01    1.654e-01      15.21s       0         
84   1.283e+01    2.722e+05    6.489e-01      1.200e+01    1.712e+01    1.654e-01      12.17s       0         
85   1.279e+01    2.245e+02    7.723e-01      1.200e+01    1.712e+01    1.654e-01      11.35s       0         
86   1.258e+01    2.455e+04    6.978e-01      1.200e+01    1.712e+01    1.654e-01      10.46s       0         
87   1.268e+01    7.927e+03    3.952e+00      1.200e+01    1.712e+01    1.654e-01      9.70s        0         
88   1.299e+01    2.914e+07    1.077e+00      1.200e+01    1.712e+01    1.654e-01      10.73s       0         
89   1.307e+01    6.623e+02    1.225e+00      1.200e+01    1.712e+01    1.654e-01      8.13s        0         
90   1.259e+01    1.614e+03    8.533e-01      1.200e+01    1.712e+01    1.654e-01      7.46s        0         
91   1.303e+01    7.643e+01    1.702e+00      1.200e+01    1.712e+01    1.654e-01      6.64s        0         
92   1.238e+01    1.272e+02    7.787e+00      1.200e+01    1.712e+01    1.654e-01      5.77s        0         
93   1.257e+01    3.874e+02    5.385e-01      1.200e+01    1.712e+01    1.654e-01      6.09s        0         
94   1.309e+01    1.410e+02    8.508e-01      2.500e+01    9.053e+01    1.537e-01      4.34s        0         
95   1.294e+01    6.877e+01    3.088e+00      2.700e+01    1.049e+02    1.542e-01      3.42s        0         
96   1.232e+01    4.002e+01    1.014e+00      1.200e+01    1.712e+01    1.654e-01      2.48s        0         
97   1.251e+01    2.020e+03    5.442e-01      1.200e+01    1.712e+01    1.654e-01      1.96s        0         
98   1.273e+01    5.038e+01    8.148e+01      1.200e+01    1.712e+01    1.654e-01      0.85s        0         
99   1.248e+01    2.447e+02    8.082e+00      1.200e+01    1.712e+01    1.654e-01      0.00s        0         
100  1.274e+01    6.208e+05    1.179e+05      1.200e+01    1.712e+01    1.654e-01      20.02s       0         
101  1.279e+01    1.650e+03    1.051e+00      1.200e+01    1.712e+01    1.654e-01      19.54s       0         
102  1.263e+01    3.917e+01    7.493e-01      1.200e+01    1.712e+01    1.654e-01      21.55s       0         
103  1.261e+01    9.151e+01    3.243e+04      1.200e+01    1.712e+01    1.654e-01      16.68s       0         
104  1.233e+01    3.386e+01    2.980e+01      1.200e+01    1.712e+01    1.654e-01      17.05s       0         
105  1.227e+01    2.865e+02    7.999e-01      1.200e+01    1.712e+01    1.654e-01      15.25s       0         
106  1.236e+01    2.760e+02    7.462e-01      2.400e+01    9.930e+01    1.377e-01      14.81s       0         
107  1.286e+01    1.069e+05    6.224e-01      1.200e+01    1.712e+01    1.654e-01      17.47s       0         
108  1.240e+01    1.205e+02    1.147e+00      1.200e+01    1.712e+01    1.654e-01      13.53s       0         
109  1.277e+01    6.777e+01    1.818e+01      1.400e+01    2.413e+01    1.624e-01      12.38s       0         
110  1.273e+01    7.762e+01    2.357e+01      1.700e+01    2.487e+01    1.597e-01      11.54s       0         
111  1.289e+01    1.217e+04    1.357e+02      2.400e+01    9.930e+01    1.377e-01      10.69s       0         
112  1.329e+01    4.819e+01    6.429e-01      2.400e+01    9.930e+01    1.377e-01      11.70s       0         
113  1.308e+01    6.562e+01    6.430e-01      2.400e+01    9.930e+01    1.377e-01      8.99s        0         
114  1.305e+01    7.561e+01    6.553e-01      2.900e+01    1.919e+02    1.425e-01      8.19s        0         
115  1.329e+01    3.742e+03    6.488e+00      2.700e+01    1.531e+02    1.309e-01      7.47s        0         
116  1.376e+01    3.174e+03    4.215e+00      2.200e+01    7.044e+01    1.602e-01      7.83s        0         
117  1.351e+01    4.144e+01    8.546e-01      2.400e+01    9.930e+01    1.377e-01      5.84s        0         
118  1.314e+01    1.073e+04    5.508e+00      2.400e+01    9.930e+01    1.377e-01      5.20s        0         
119  1.337e+01    6.167e+03    1.269e+00      2.700e+01    1.531e+02    1.355e-01      4.11s        0         
120  1.253e+01    7.811e+01    6.750e-01      2.700e+01    1.531e+02    1.309e-01      3.28s        0         
121  1.265e+01    8.214e+01    9.529e-01      2.700e+01    1.531e+02    1.309e-01      3.05s        0         
122  1.303e+01    2.501e+02    7.784e-01      2.700e+01    1.531e+02    1.309e-01      1.71s        0         
123  1.296e+01    1.475e+02    7.631e-01      1.200e+01    1.712e+01    1.654e-01      0.84s        0         
124  1.241e+01    8.949e+01    6.840e-01      1.200e+01    1.712e+01    1.654e-01      0.00s        0         
125  1.228e+01    1.684e+02    7.598e-01      1.200e+01    1.712e+01    1.654e-01      20.33s       0         
126  1.273e+01    1.116e+03    1.203e+00      2.300e+01    4.955e+01    1.560e-01      23.46s       0         
127  1.265e+01    4.358e+01    1.862e+00      2.800e+01    1.712e+02    1.648e-01      19.10s       0         
128  1.256e+01    6.535e+03    2.813e+00      2.400e+01    9.930e+01    1.377e-01      17.55s       0         
129  1.245e+01    2.594e+02    1.489e+00      2.400e+01    9.930e+01    1.377e-01      16.98s       0         
130  1.298e+01    3.965e+04    8.383e+00      1.200e+01    2.530e+01    1.596e-01      18.35s       0         
131  1.246e+01    6.822e+01    6.279e-01      2.400e+01    9.930e+01    1.377e-01      14.87s       0         
132  1.234e+01    3.647e+03    6.695e-01      1.200e+01    2.530e+01    1.596e-01      14.06s       0         
133  1.278e+01    2.933e+02    9.615e-01      1.200e+01    2.530e+01    1.596e-01      13.35s       0         
134  1.278e+01    2.112e+02    6.545e-01      1.200e+01    2.530e+01    1.596e-01      12.23s       0         
135  1.322e+01    1.725e+04    1.854e+00      1.200e+01    2.530e+01    1.596e-01      14.12s       0         
136  1.319e+01    6.033e+02    4.494e+00      2.900e+01    1.919e+02    1.425e-01      11.21s       0         
137  1.311e+01    2.193e+03    6.998e-01      2.900e+01    1.919e+02    1.425e-01      9.99s        0         
138  1.320e+01    2.563e+03    6.805e-01      2.900e+01    1.919e+02    1.425e-01      9.15s        0         
139  1.345e+01    8.367e+01    6.052e-01      2.400e+01    1.787e+02    1.376e-01      8.40s        0         
140  1.307e+01    8.917e+04    1.090e+00      1.200e+01    2.530e+01    1.596e-01      8.94s        0         
141  1.326e+01    1.461e+02    1.034e+00      2.900e+01    2.810e+02    1.441e-01      6.68s        0         
142  1.323e+01    2.736e+04    2.184e+00      2.700e+01    2.306e+02    1.309e-01      5.91s        0         
143  1.287e+01    5.161e+04    8.139e+01      2.400e+01    1.705e+02    1.375e-01      5.20s        0         
144  1.343e+01    7.370e+02    3.118e+00      2.400e+01    1.705e+02    1.375e-01      4.24s        0         
145  1.272e+01    2.337e+05    1.413e+00      2.400e+01    1.705e+02    1.375e-01      4.11s        0         
146  1.313e+01    8.557e+04    1.442e+00      2.400e+01    1.787e+02    1.376e-01      2.60s        0         
147  1.375e+01    1.359e+05    8.179e-01      3.500e+01    6.391e+02    1.543e-01      1.75s        0         
148  1.336e+01    1.002e+06    1.405e+00      1.900e+01    4.272e+01    1.554e-01      0.92s        0         
149  1.404e+01    6.694e+06    4.441e+00      2.700e+01    1.123e+02    9.379e-02      0.00s        0         
150  1.322e+01    3.404e+06    8.075e-01      2.700e+01    1.123e+02    9.379e-02      21.19s       0         
151  1.371e+01    7.775e+08    8.845e-01      2.700e+01    1.123e+02    9.379e-02      20.14s       0         
152  1.396e+01    7.204e+03    1.005e+00      2.700e+01    1.123e+02    9.379e-02      19.89s       0         
153  1.453e+01    1.397e+03    1.295e+02      2.700e+01    1.123e+02    9.379e-02      18.87s       0         
154  1.471e+01    2.784e+03    7.866e-01      2.700e+01    1.123e+02    9.379e-02      20.81s       0         
155  1.541e+01    1.083e+03    5.312e-01      2.700e+01    1.123e+02    9.379e-02      17.29s       0         
156  1.602e+01    1.100e+02    6.695e-01      2.500e+01    9.998e+01    9.224e-02      16.27s       0         
157  1.738e+01    3.024e+03    7.134e-01      2.500e+01    9.998e+01    9.224e-02      16.01s       0         
158  1.850e+01    1.208e+05    2.194e+00      2.500e+01    9.998e+01    9.224e-02      16.83s       0         
159  1.951e+01    3.137e+02    5.452e-01      2.500e+01    9.998e+01    9.224e-02      13.81s       0         
160  2.016e+01    6.400e+02    6.250e-01      2.500e+01    9.998e+01    9.224e-02      13.40s       0         
161  2.032e+01    7.254e+03    2.297e+00      2.500e+01    8.411e+01    8.602e-02      12.88s       0         
162  2.182e+01    4.314e+02    6.215e-01      2.500e+01    8.411e+01    8.602e-02      13.86s       0         
163  2.226e+01    2.890e+05    1.444e+01      2.500e+01    8.411e+01    8.602e-02      10.99s       0         
164  2.301e+01    2.091e+08    6.037e+01      2.500e+01    8.411e+01    8.602e-02      10.09s       0         
165  2.326e+01    5.503e+03    2.969e+00      2.500e+01    8.411e+01    8.602e-02      9.39s        0         
166  2.295e+01    1.756e+03    6.532e-01      2.900e+01    3.755e+02    8.514e-02      9.29s        0         
167  2.222e+01    1.628e+05    6.137e-01      2.500e+01    8.411e+01    8.602e-02      7.08s        0         
168  2.307e+01    1.920e+04    5.954e-01      2.500e+01    8.411e+01    8.602e-02      6.02s        0         
169  2.521e+01    1.933e+08    6.115e-01      2.500e+01    8.411e+01    8.602e-02      5.23s        0         
170  2.407e+01    2.870e+06    6.546e-01      2.500e+01    8.411e+01    8.602e-02      4.13s        0         
171  2.401e+01    1.581e+03    5.246e-01      2.500e+01    8.411e+01    8.602e-02      3.09s        0         
172  2.399e+01    8.424e+04    4.389e+00      2.500e+01    8.411e+01    8.602e-02      2.07s        0         
173  2.407e+01    6.323e+03    5.117e-01      2.500e+01    8.411e+01    8.602e-02      1.17s        0         
174  2.420e+01    3.252e+04    6.449e-01      2.500e+01    8.411e+01    8.602e-02      0.00s        0         
175  2.395e+01    1.732e+04    5.073e-01      2.500e+01    8.411e+01    8.602e-02      25.86s       0         
176  2.426e+01    9.157e+04    5.695e-01      2.900e+01    1.462e+02    8.533e-02      23.46s       0         
177  2.509e+01    7.384e+03    5.219e+01      2.500e+01    8.411e+01    8.602e-02      26.03s       0         
178  2.460e+01    3.920e+09    5.826e-01      2.500e+01    8.411e+01    8.602e-02      22.70s       0         
179  2.479e+01    3.187e+04    4.972e-01      2.500e+01    8.411e+01    8.602e-02      20.38s       0         
180  2.439e+01    3.834e+05    2.619e+00      2.500e+01    8.411e+01    8.602e-02      19.04s       0         
181  2.445e+01    1.268e+04    6.395e-01      2.500e+01    8.411e+01    8.602e-02      20.35s       0         
182  2.415e+01    1.097e+04    4.652e-01      2.500e+01    8.411e+01    8.602e-02      17.47s       0         
183  2.408e+01    1.214e+07    2.825e+00      2.500e+01    8.411e+01    8.602e-02      16.39s       0         
184  2.429e+01    5.919e+05    7.538e-01      2.500e+01    5.514e+01    8.521e-02      18.02s       0         
185  2.408e+01    2.030e+04    5.118e-01      2.500e+01    5.514e+01    8.521e-02      15.40s       0         
186  2.429e+01    2.094e+04    8.176e-01      2.500e+01    5.514e+01    8.521e-02      13.65s       0         
187  2.412e+01    1.183e+03    5.893e-01      2.500e+01    5.514e+01    8.521e-02      13.25s       0         
188  2.449e+01    1.137e+04    5.186e-01      2.500e+01    5.514e+01    8.521e-02      12.63s       0         
189  2.467e+01    5.708e+05    5.479e+00      2.500e+01    5.514e+01    8.521e-02      9.99s        0         
190  2.485e+01    3.173e+06    5.363e-01      2.500e+01    5.514e+01    8.521e-02      9.08s        0         
191  2.453e+01    4.346e+02    5.013e+01      2.500e+01    5.514e+01    8.521e-02      8.09s        0         
192  2.457e+01    5.735e+02    1.647e+00      2.500e+01    5.514e+01    8.521e-02      8.01s        0         
193  2.449e+01    2.337e+04    6.419e-01      2.500e+01    5.514e+01    8.521e-02      5.93s        0         
194  2.444e+01    1.845e+05    4.652e-01      2.500e+01    5.514e+01    8.521e-02      5.19s        0         
195  2.421e+01    1.929e+02    5.280e-01      2.500e+01    5.514e+01    8.521e-02      4.57s        0         
196  2.461e+01    7.836e+04    6.708e-01      2.500e+01    5.514e+01    8.521e-02      2.97s        0         
197  2.439e+01    3.307e+10    5.582e-01      2.500e+01    5.514e+01    8.521e-02      2.19s        0         
198  2.460e+01    1.410e+07    6.599e-01      2.500e+01    5.514e+01    8.521e-02      1.05s        0         
199  2.463e+01    1.410e+07    4.971e-01      2.500e+01    5.514e+01    8.521e-02      0.00s        0         
200  2.464e+01    2.793e+02    3.079e+00      2.500e+01    5.514e+01    8.521e-02      24.99s       0         
201  2.441e+01    9.580e+04    4.354e-01      2.500e+01    5.514e+01    8.521e-02      25.52s       0         
202  2.403e+01    2.905e+03    3.769e+01      2.500e+01    5.514e+01    8.521e-02      27.94s       0         
203  2.395e+01    3.052e+04    4.899e-01      2.500e+01    5.514e+01    8.521e-02      21.71s       0         
204  2.394e+01    6.741e+02    9.966e-01      2.500e+01    5.514e+01    8.521e-02      19.96s       0         
205  2.372e+01    1.003e+03    6.811e-01      2.500e+01    5.514e+01    8.521e-02      18.83s       0         
206  2.404e+01    1.650e+05    6.068e-01      2.500e+01    5.514e+01    8.521e-02      20.66s       0         
207  2.404e+01    3.436e+04    5.664e-01      2.500e+01    5.514e+01    8.521e-02      18.29s       0         
208  2.466e+01    7.616e+02    9.721e-01      2.500e+01    5.514e+01    8.521e-02      16.86s       0         
209  2.412e+01    1.199e+03    6.914e-01      2.500e+01    5.514e+01    8.521e-02      15.30s       0         
210  2.480e+01    2.802e+10    4.293e-01      2.500e+01    5.514e+01    8.521e-02      17.30s       0         
211  2.494e+01    3.112e+10    5.809e-01      2.500e+01    5.514e+01    8.521e-02      13.70s       0         
212  2.412e+01    6.107e+03    5.835e-01      2.500e+01    5.514e+01    8.521e-02      12.19s       0         
213  2.430e+01    4.500e+02    7.012e+04      2.500e+01    5.514e+01    8.521e-02      12.63s       0         
214  2.487e+01    2.085e+07    4.413e-01      2.500e+01    5.514e+01    8.521e-02      10.19s       0         
215  2.470e+01    3.124e+05    5.898e-01      2.500e+01    5.514e+01    8.521e-02      9.37s        0         
216  2.433e+01    7.822e+04    5.622e-01      2.500e+01    5.514e+01    8.521e-02      8.42s        0         
217  2.435e+01    3.699e+03    1.343e+00      2.500e+01    5.514e+01    8.521e-02      7.95s        0         
218  2.380e+01    4.512e+04    5.936e-01      2.500e+01    5.514e+01    8.521e-02      6.29s        0         
219  2.409e+01    5.319e+03    5.903e-01      2.500e+01    5.514e+01    8.521e-02      5.26s        0         
220  2.440e+01    3.083e+03    5.341e-01      2.500e+01    5.514e+01    8.521e-02      4.73s        0         
221  2.407e+01    9.510e+03    5.274e-01      2.500e+01    5.514e+01    8.521e-02      3.10s        0         
222  2.386e+01    1.093e+04    4.907e-01      2.500e+01    5.514e+01    8.521e-02      2.06s        0         
223  2.363e+01    2.147e+05    6.201e-01      2.500e+01    5.514e+01    8.521e-02      1.01s        0         
224  2.411e+01    3.128e+05    6.640e-01      2.500e+01    5.514e+01    8.521e-02      0.00s        0         
225  2.440e+01    5.073e+03    5.023e-01      2.500e+01    5.514e+01    8.521e-02      23.96s       0         
226  2.390e+01    1.205e+04    1.657e+00      2.500e+01    5.514e+01    8.521e-02      22.80s       0         
227  2.360e+01    3.187e+04    6.276e-01      2.500e+01    5.514e+01    8.521e-02      24.99s       0         
228  2.433e+01    1.341e+04    1.620e+00      2.500e+01    5.514e+01    8.521e-02      21.67s       0         
229  2.420e+01    2.207e+06    3.164e+00      2.500e+01    5.514e+01    8.521e-02      19.89s       0         
230  2.448e+01    8.776e+02    5.718e-01      2.500e+01    5.514e+01    8.521e-02      19.13s       0         
231  2.411e+01    2.286e+04    5.587e-01      2.500e+01    5.514e+01    8.521e-02      20.87s       0         
232  2.516e+01    3.025e+07    1.916e+02      2.500e+01    5.514e+01    8.521e-02      16.89s       0         
233  2.441e+01    5.193e+04    6.583e-01      2.500e+01    5.514e+01    8.521e-02      16.25s       0         
234  2.473e+01    3.823e+02    5.260e-01      2.500e+01    5.514e+01    8.521e-02      15.73s       0         
235  2.456e+01    8.218e+06    9.655e-01      2.500e+01    5.514e+01    8.521e-02      15.94s       0         
236  2.469e+01    3.924e+04    8.657e-01      2.500e+01    5.514e+01    8.521e-02      13.14s       0         
237  2.391e+01    4.047e+02    4.905e-01      2.500e+01    5.514e+01    8.521e-02      11.93s       0         
238  2.502e+01    4.776e+04    4.608e+01      2.500e+01    5.514e+01    8.521e-02      11.02s       0         
239  2.459e+01    1.884e+06    1.009e+03      2.500e+01    5.514e+01    8.521e-02      11.39s       0         
240  2.431e+01    4.780e+02    6.640e-01      2.500e+01    5.514e+01    8.521e-02      8.96s        0         
241  2.407e+01    7.793e+02    6.004e-01      2.500e+01    5.514e+01    8.521e-02      7.88s        0         
242  2.421e+01    4.164e+05    6.645e-01      4.300e+01    5.576e+03    8.153e-02      8.18s        0         
243  2.400e+01    3.238e+02    5.014e-01      4.300e+01    5.576e+03    8.153e-02      5.96s        0         
244  2.367e+01    3.197e+02    5.279e-01      2.500e+01    5.514e+01    8.521e-02      5.01s        0         
245  2.380e+01    3.007e+02    5.047e-01      2.500e+01    5.514e+01    8.521e-02      3.88s        0         
246  2.390e+01    9.792e+05    1.555e+03      2.500e+01    5.514e+01    8.521e-02      3.32s        0         
247  2.424e+01    9.149e+02    5.582e-01      2.500e+01    5.514e+01    8.521e-02      1.93s        0         
248  2.339e+01    1.722e+07    6.112e-01      2.500e+01    5.514e+01    8.521e-02      0.98s        0         
249  2.389e+01    3.632e+02    5.028e-01      2.500e+01    5.514e+01    8.521e-02      0.00s        0         
250  2.377e+01    5.852e+05    5.753e-01      2.500e+01    5.514e+01    8.521e-02      23.97s       0         
251  2.357e+01    1.116e+03    1.743e+00      2.500e+01    5.514e+01    8.521e-02      23.34s       0         
252  2.331e+01    2.466e+05    4.813e-01      2.500e+01    5.514e+01    8.521e-02      22.29s       0         
253  2.313e+01    7.468e+02    6.053e-01      2.500e+01    5.514e+01    8.521e-02      26.39s       0         
254  2.281e+01    8.828e+06    4.693e-01      2.500e+01    5.514e+01    8.521e-02      20.53s       0         
255  2.312e+01    6.222e+02    1.416e+00      2.500e+01    5.514e+01    8.521e-02      19.40s       0         
256  2.369e+01    2.645e+06    7.721e+01      2.500e+01    5.514e+01    8.521e-02      17.59s       0         
257  2.366e+01    2.656e+06    5.639e-01      2.500e+01    5.514e+01    8.521e-02      21.63s       0         
258  2.355e+01    6.162e+03    5.757e-01      2.500e+01    5.514e+01    8.521e-02      16.72s       0         
259  2.363e+01    2.088e+04    1.776e+00      2.500e+01    5.514e+01    8.521e-02      15.19s       0         
260  2.309e+01    1.111e+03    3.338e+00      2.500e+01    5.514e+01    8.521e-02      13.87s       0         
261  2.327e+01    1.472e+03    1.127e+01      2.500e+01    5.514e+01    8.521e-02      14.79s       0         
262  2.342e+01    2.731e+03    3.705e+00      2.500e+01    5.514e+01    8.521e-02      11.64s       0         
263  2.355e+01    8.564e+05    2.956e+00      2.500e+01    5.514e+01    8.521e-02      11.01s       0         
264  2.368e+01    6.411e+06    4.386e-01      2.500e+01    5.514e+01    8.521e-02      10.21s       0         
265  2.338e+01    5.353e+06    4.016e-01      2.500e+01    5.514e+01    8.521e-02      10.62s       0         
266  2.389e+01    1.196e+06    5.327e-01      2.500e+01    5.514e+01    8.521e-02      8.14s        0         
267  2.338e+01    1.716e+06    5.330e-01      2.500e+01    5.514e+01    8.521e-02      6.87s        0         
268  2.284e+01    6.137e+06    2.700e+00      2.500e+01    5.514e+01    8.521e-02      6.90s        0         
269  2.340e+01    1.928e+03    6.257e-01      2.500e+01    5.514e+01    8.521e-02      4.83s        0         
270  2.359e+01    3.632e+06    1.796e+01      2.500e+01    5.514e+01    8.521e-02      3.95s        0         
271  2.359e+01    1.322e+04    9.028e-01      2.500e+01    5.514e+01    8.521e-02      2.89s        0         
272  2.327e+01    2.614e+02    6.190e-01      2.500e+01    8.411e+01    8.602e-02      2.27s        0         
273  2.321e+01    4.686e+02    6.851e-01      2.500e+01    6.177e+01    8.796e-02      0.98s        0         
274  2.307e+01    1.657e+06    5.071e-01      2.400e+01    4.591e+01    8.850e-02      0.00s        0         
275  2.348e+01    9.338e+03    5.702e-01      2.400e+01    4.591e+01    8.850e-02      22.97s       0         
276  2.345e+01    1.424e+03    5.177e-01      2.400e+01    4.591e+01    8.850e-02      26.28s       0         
277  2.288e+01    2.247e+03    5.348e-01      2.400e+01    4.591e+01    8.850e-02      21.32s       0         
278  2.238e+01    6.825e+02    4.479e+00      3.500e+01    1.384e+03    8.420e-02      20.57s       0         
279  2.283e+01    7.458e+03    4.776e-01      2.300e+01    4.307e+01    9.132e-02      20.05s       0         
280  2.338e+01    2.598e+03    2.891e+00      2.400e+01    4.591e+01    8.850e-02      18.34s       0         
281  2.286e+01    7.605e+02    4.551e-01      2.400e+01    4.591e+01    8.850e-02      17.09s       0         
282  2.291e+01    2.308e+02    5.005e-01      2.300e+01    4.307e+01    9.132e-02      16.36s       0         
283  2.323e+01    6.194e+02    6.023e-01      2.300e+01    4.307e+01    9.132e-02      17.98s       0         
284  2.304e+01    3.416e+02    9.183e-01      2.300e+01    4.307e+01    9.132e-02      14.46s       0         
285  2.265e+01    3.116e+03    4.406e-01      2.300e+01    4.307e+01    9.132e-02      13.33s       0         
286  2.253e+01    3.167e+03    5.195e-01      2.300e+01    4.307e+01    9.132e-02      12.47s       0         
287  2.279e+01    9.269e+03    5.028e-01      2.300e+01    4.307e+01    9.132e-02      13.09s       0         
288  2.255e+01    6.222e+03    1.865e+00      2.300e+01    4.307e+01    9.132e-02      10.27s       0         
289  2.290e+01    1.212e+03    5.411e-01      2.300e+01    4.307e+01    9.132e-02      9.53s        0         
290  2.256e+01    7.581e+03    5.775e-01      2.300e+01    4.307e+01    9.132e-02      8.48s        0         
291  2.300e+01    2.125e+03    4.500e-01      2.300e+01    4.307e+01    9.132e-02      8.84s        0         
292  2.220e+01    1.093e+03    1.146e+00      2.300e+01    4.307e+01    9.132e-02      6.95s        0         
293  2.222e+01    2.268e+08    5.520e-01      2.300e+01    4.307e+01    9.132e-02      5.85s        0         
294  2.305e+01    2.143e+04    4.417e-01      2.300e+01    4.307e+01    9.132e-02      5.58s        0         
295  2.279e+01    2.528e+05    6.533e-01      2.300e+01    4.307e+01    9.132e-02      3.92s        0         
296  2.316e+01    4.293e+02    5.099e-01      2.300e+01    4.307e+01    9.132e-02      2.93s        0         
297  2.313e+01    1.170e+05    5.129e+00      2.300e+01    4.307e+01    9.132e-02      1.92s        0         
298  2.262e+01    9.927e+02    7.435e-01      2.300e+01    4.307e+01    9.132e-02      1.12s        0         
299  2.312e+01    4.420e+03    1.928e+00      2.300e+01    4.307e+01    9.132e-02      0.00s        0         
300  2.259e+01    1.546e+09    2.745e+01      2.300e+01    4.307e+01    9.132e-02      23.49s       0         
301  2.294e+01    3.546e+02    4.725e-01      2.300e+01    4.307e+01    9.132e-02      22.04s       0         
302  2.258e+01    1.712e+03    4.059e-01      2.300e+01    4.307e+01    9.132e-02      24.72s       0         
303  2.252e+01    8.506e+04    5.774e-01      2.400e+01    4.493e+01    8.937e-02      19.85s       0         
304  2.216e+01    1.715e+09    5.607e-01      2.300e+01    4.307e+01    9.132e-02      18.74s       0         
305  2.261e+01    6.908e+03    6.664e-01      2.300e+01    4.307e+01    9.132e-02      17.93s       0         
306  2.232e+01    2.695e+02    4.457e-01      2.800e+01    5.128e+01    8.677e-02      19.94s       0         
307  2.284e+01    8.156e+02    4.534e-01      2.800e+01    5.128e+01    8.677e-02      16.14s       0         
308  2.237e+01    2.433e+06    4.631e-01      2.300e+01    4.307e+01    9.132e-02      15.50s       0         
309  2.273e+01    2.596e+05    1.145e+00      2.900e+01    1.161e+02    9.022e-02      14.36s       0         
310  2.323e+01    5.765e+07    4.919e-01      2.300e+01    4.307e+01    9.132e-02      15.42s       0         
311  2.264e+01    1.387e+03    3.034e+00      2.800e+01    6.312e+01    8.851e-02      12.83s       0         
312  2.304e+01    3.059e+03    5.582e-01      2.300e+01    4.307e+01    9.132e-02      11.66s       0         
313  2.333e+01    3.830e+02    4.072e-01      2.300e+01    4.307e+01    9.132e-02      10.84s       0         
314  2.258e+01    1.172e+03    5.074e-01      3.200e+01    3.874e+01    8.364e-02      10.54s       0         
315  2.316e+01    9.311e+02    3.954e-01      3.200e+01    3.874e+01    8.364e-02      8.53s        0         
316  2.260e+01    9.713e+01    6.635e-01      3.200e+01    3.874e+01    8.364e-02      7.57s        0         
317  2.286e+01    2.464e+02    3.921e-01      3.000e+01    3.549e+01    8.261e-02      6.49s        0         
318  2.268e+01    6.699e+05    6.435e-01      3.200e+01    3.874e+01    8.364e-02      5.64s        0         
319  2.303e+01    4.596e+02    6.669e-01      3.200e+01    3.874e+01    8.364e-02      4.70s        0         
320  2.268e+01    1.877e+04    2.223e+00      2.400e+01    4.591e+01    8.850e-02      3.77s        0         
321  2.284e+01    3.609e+04    8.295e-01      2.400e+01    4.591e+01    8.850e-02      3.31s        0         
322  2.271e+01    6.196e+03    2.016e+00      2.300e+01    4.307e+01    9.132e-02      1.86s        0         
323  2.292e+01    6.190e+03    6.447e+00      2.400e+01    4.493e+01    8.937e-02      0.93s        0         
324  2.260e+01    4.285e+02    8.838e-01      2.300e+01    4.307e+01    9.132e-02      0.00s        0         
325  2.282e+01    1.498e+02    5.598e-01      2.300e+01    4.307e+01    9.132e-02      26.02s       0         
326  2.284e+01    1.221e+03    4.951e-01      2.300e+01    4.307e+01    9.132e-02      21.50s       0         
327  2.240e+01    6.258e+02    5.385e-01      2.300e+01    4.307e+01    9.132e-02      20.95s       0         
328  2.275e+01    1.099e+03    5.207e-01      3.500e+01    5.674e+01    8.111e-02      24.64s       0         
329  2.261e+01    5.379e+02    9.600e-01      2.300e+01    4.307e+01    9.132e-02      20.73s       0         
330  2.260e+01    3.743e+02    5.967e-01      2.300e+01    4.307e+01    9.132e-02      18.49s       0         
331  2.310e+01    6.922e+02    6.311e+00      2.300e+01    4.307e+01    9.132e-02      17.41s       0         
332  2.276e+01    2.473e+03    5.896e-01      2.300e+01    4.307e+01    9.132e-02      18.49s       0         
333  2.257e+01    1.560e+03    4.917e-01      2.300e+01    4.307e+01    9.132e-02      15.51s       0         
334  2.250e+01    7.316e+02    5.468e-01      2.900e+01    1.161e+02    9.022e-02      15.07s       0         
335  2.289e+01    6.330e+02    4.470e-01      2.300e+01    4.307e+01    9.132e-02      13.76s       0         
336  2.237e+01    9.343e+08    1.075e+00      2.300e+01    4.307e+01    9.132e-02      14.62s       0         
337  2.215e+01    1.829e+02    5.889e-01      2.400e+01    4.591e+01    8.850e-02      11.33s       0         
338  2.222e+01    8.677e+05    4.001e-01      2.300e+01    4.307e+01    9.132e-02      10.35s       0         
339  2.241e+01    6.167e+02    8.171e-01      2.300e+01    4.307e+01    9.132e-02      9.28s        0         
340  2.233e+01    2.679e+03    5.020e-01      2.400e+01    4.493e+01    8.937e-02      10.05s       0         
341  2.276e+01    1.604e+02    8.486e-01      2.300e+01    4.307e+01    9.132e-02      7.45s        0         
342  2.275e+01    3.941e+04    9.279e-01      2.300e+01    4.307e+01    9.132e-02      6.56s        0         
343  2.276e+01    1.419e+04    5.874e-01      2.300e+01    4.307e+01    9.132e-02      5.64s        0         
344  2.309e+01    3.985e+04    7.168e-01      2.300e+01    4.307e+01    9.132e-02      5.49s        0         
345  2.280e+01    1.855e+03    5.105e-01      2.300e+01    4.307e+01    9.132e-02      3.80s        0         
346  2.232e+01    8.067e+02    4.812e-01      2.900e+01    3.815e+01    8.679e-02      2.85s        0         
347  2.280e+01    3.689e+03    6.329e-01      2.300e+01    4.307e+01    9.132e-02      1.90s        0         
348  2.300e+01    7.621e+02    6.446e-01      2.300e+01    4.307e+01    9.132e-02      1.08s        0         
349  2.265e+01    6.548e+03    1.132e+02      2.300e+01    4.307e+01    9.132e-02      0.00s        0         
350  2.305e+01    1.037e+03    4.138e-01      2.300e+01    4.307e+01    9.132e-02      23.96s       0         
351  2.277e+01    1.680e+03    4.589e-01      2.300e+01    4.307e+01    9.132e-02      24.52s       0         
352  2.303e+01    2.707e+09    8.599e+01      2.300e+01    4.307e+01    9.132e-02      21.21s       0         
353  2.266e+01    5.572e+04    7.228e-01      2.300e+01    4.307e+01    9.132e-02      19.97s       0         
354  2.285e+01    4.018e+05    2.382e+00      2.300e+01    4.307e+01    9.132e-02      19.60s       0         
355  2.279e+01    2.750e+07    3.939e-01      2.500e+01    6.111e+01    8.846e-02      21.91s       0         
356  2.294e+01    5.874e+02    6.135e+01      2.500e+01    6.111e+01    8.846e-02      17.61s       0         
357  2.361e+01    1.031e+02    3.816e-01      2.300e+01    4.307e+01    9.132e-02      16.31s       0         
358  2.344e+01    6.646e+08    4.837e-01      2.300e+01    4.307e+01    9.132e-02      15.65s       0         
359  2.283e+01    8.830e+05    8.134e-01      2.300e+01    4.307e+01    9.132e-02      16.43s       0         
360  2.303e+01    2.381e+03    1.836e+00      4.400e+01    6.860e+02    7.521e-02      13.42s       0         
361  2.236e+01    1.950e+02    2.320e+00      3.800e+01    1.078e+02    7.872e-02      12.53s       0         
362  2.375e+01    4.126e+04    6.535e-01      2.700e+01    6.975e+01    9.123e-02      12.82s       0         
363  2.269e+01    1.116e+09    6.562e-01      3.500e+01    7.968e+01    9.037e-02      10.40s       0         
364  2.268e+01    1.575e+03    4.848e-01      2.700e+01    6.975e+01    9.123e-02      9.62s        0         
365  2.302e+01    1.512e+02    3.878e-01      2.300e+01    4.307e+01    9.132e-02      8.53s        0         
366  2.252e+01    1.073e+02    4.058e-01      2.300e+01    4.307e+01    9.132e-02      8.93s        0         
367  2.245e+01    1.107e+02    6.413e-01      2.300e+01    4.307e+01    9.132e-02      6.65s        0         
368  2.192e+01    1.854e+02    1.225e+00      2.300e+01    4.307e+01    9.132e-02      5.65s        0         
369  2.205e+01    3.117e+03    1.924e+02      2.300e+01    4.307e+01    9.132e-02      4.79s        0         
370  2.232e+01    5.615e+02    5.033e-01      2.300e+01    4.307e+01    9.132e-02      4.49s        0         
371  2.253e+01    1.243e+03    4.491e+00      2.300e+01    4.307e+01    9.132e-02      2.77s        0         
372  2.300e+01    2.180e+03    8.924e-01      2.300e+01    4.307e+01    9.132e-02      1.93s        0         
373  2.269e+01    7.991e+05    4.450e-01      2.300e+01    4.307e+01    9.132e-02      1.00s        0         
374  2.296e+01    1.706e+06    3.942e+00      2.300e+01    4.307e+01    9.132e-02      0.00s        0         
375  2.353e+01    1.623e+03    3.962e-01      2.300e+01    4.307e+01    9.132e-02      23.02s       0         
376  2.302e+01    1.561e+03    4.288e-01      2.700e+01    1.439e+02    9.088e-02      23.10s       0         
377  2.289e+01    2.952e+03    3.997e-01      2.300e+01    4.307e+01    9.132e-02      21.87s       0         
378  2.300e+01    5.117e+02    3.892e-01      2.300e+01    4.307e+01    9.132e-02      23.20s       0         
379  2.367e+01    9.250e+02    3.995e-01      2.300e+01    4.307e+01    9.132e-02      19.36s       0         
380  2.270e+01    2.864e+02    5.785e-01      2.300e+01    4.307e+01    9.132e-02      18.67s       0         
381  2.267e+01    1.029e+02    5.784e-01      2.300e+01    4.307e+01    9.132e-02      20.03s       0         
382  2.266e+01    1.291e+02    5.168e-01      2.300e+01    4.307e+01    9.132e-02      16.26s       0         
383  2.281e+01    1.253e+03    1.253e+00      2.300e+01    4.307e+01    9.132e-02      15.23s       0         
384  2.332e+01    3.286e+03    1.965e+00      2.700e+01    6.975e+01    9.123e-02      14.09s       0         
385  2.253e+01    3.647e+04    4.933e-01      2.300e+01    4.307e+01    9.132e-02      15.52s       0         
386  2.255e+01    6.071e+04    7.796e-01      3.700e+01    1.182e+02    8.564e-02      12.66s       0         
387  2.272e+01    6.302e+04    2.523e+00      2.300e+01    4.307e+01    9.132e-02      11.63s       0         
388  2.268e+01    1.370e+05    6.971e-01      2.300e+01    4.307e+01    9.132e-02      10.36s       0         
389  2.276e+01    7.017e+05    6.277e+01      2.500e+01    6.097e+01    9.099e-02      10.87s       0         
390  2.329e+01    2.870e+02    8.817e-01      2.500e+01    6.097e+01    9.099e-02      8.47s        0         
391  2.272e+01    1.052e+08    4.571e-01      2.400e+01    4.591e+01    8.850e-02      7.51s        0         
392  2.241e+01    7.966e+04    5.036e-01      2.600e+01    7.084e+01    9.011e-02      6.86s        0         
393  2.215e+01    1.082e+03    1.869e+00      2.300e+01    4.307e+01    9.132e-02      6.66s        0         
394  2.239e+01    6.727e+04    6.379e-01      2.300e+01    4.307e+01    9.132e-02      4.81s        0         
395  2.305e+01    7.497e+02    8.220e-01      2.300e+01    4.307e+01    9.132e-02      3.80s        0         
396  2.253e+01    1.955e+02    6.042e-01      2.300e+01    4.307e+01    9.132e-02      3.30s        0         
397  2.223e+01    3.830e+03    4.479e-01      2.300e+01    4.307e+01    9.132e-02      1.87s        0         
398  2.278e+01    1.853e+02    5.705e-01      2.900e+01    1.161e+02    9.022e-02      0.93s        0         
399  2.256e+01    1.317e+02    3.780e+00      2.300e+01    4.307e+01    9.132e-02      0.00s        0         
400  2.295e+01    3.022e+02    7.435e-01      2.300e+01    4.307e+01    9.132e-02      22.09s       0         
401  2.226e+01    7.351e+06    5.177e-01      2.300e+01    4.307e+01    9.132e-02      23.79s       0         
402  2.266e+01    2.177e+07    5.339e-01      2.300e+01    4.307e+01    9.132e-02      20.68s       0         
403  2.266e+01    2.390e+05    3.338e+00      2.300e+01    4.307e+01    9.132e-02      19.93s       0         
404  2.302e+01    5.176e+03    5.570e-01      2.300e+01    4.307e+01    9.132e-02      18.55s       0         
405  2.301e+01    2.939e+04    2.502e+00      2.300e+01    4.307e+01    9.132e-02      20.66s       0         
406  2.320e+01    4.807e+02    1.279e+00      2.300e+01    4.307e+01    9.132e-02      16.85s       0         
407  2.290e+01    2.735e+02    5.248e-01      2.300e+01    4.307e+01    9.132e-02      16.14s       0         
408  2.285e+01    1.571e+17    1.900e+00      2.300e+01    4.307e+01    9.132e-02      15.26s       0         
409  2.326e+01    4.767e+03    4.828e-01      2.300e+01    4.307e+01    9.132e-02      14.03s       0         
410  2.225e+01    1.874e+03    6.751e-01      2.300e+01    4.307e+01    9.132e-02      13.04s       0         
411  2.246e+01    3.538e+06    1.664e+00      2.300e+01    4.307e+01    9.132e-02      12.10s       0         
412  2.314e+01    1.811e+03    5.620e-01      2.300e+01    4.307e+01    9.132e-02      12.79s       0         
413  2.252e+01    4.197e+03    2.357e+00      2.500e+01    4.897e+01    8.525e-02      10.21s       0         
414  2.271e+01    2.638e+04    5.673e-01      2.500e+01    4.897e+01    8.525e-02      9.43s        0         
415  2.343e+01    7.127e+04    6.127e-01      2.500e+01    4.897e+01    8.525e-02      8.80s        0         
416  2.249e+01    7.680e+02    5.008e-01      2.500e+01    4.897e+01    8.525e-02      8.85s        0         
417  2.291e+01    4.448e+02    7.361e-01      2.500e+01    4.809e+01    8.688e-02      6.52s        0         
418  2.364e+01    4.865e+02    4.134e-01      2.500e+01    4.809e+01    8.688e-02      5.59s        0         
419  2.322e+01    1.178e+03    3.652e+02      2.500e+01    4.249e+01    9.126e-02      4.64s        0         
420  2.245e+01    4.141e+03    6.579e-01      2.300e+01    4.307e+01    9.132e-02      4.21s        0         
421  2.295e+01    2.340e+02    4.408e-01      2.300e+01    4.307e+01    9.132e-02      2.77s        0         
422  2.261e+01    1.672e+02    5.690e-01      2.300e+01    4.307e+01    9.132e-02      1.83s        0         
423  2.268e+01    3.767e+02    3.004e+01      2.300e+01    4.307e+01    9.132e-02      0.92s        0         
424  2.236e+01    5.027e+02    4.637e-01      2.300e+01    4.307e+01    9.132e-02      0.00s        0         
425  2.240e+01    8.702e+06    6.447e-01      2.300e+01    4.307e+01    9.132e-02      22.06s       0         
426  2.277e+01    4.309e+04    6.960e-01      2.300e+01    4.307e+01    9.132e-02      21.49s       0         
427  2.216e+01    1.497e+02    5.874e-01      2.300e+01    4.307e+01    9.132e-02      23.35s       0         
428  2.297e+01    1.862e+02    7.248e+00      2.300e+01    4.307e+01    9.132e-02      19.79s       0         
429  2.260e+01    9.882e+03    4.124e-01      2.300e+01    4.307e+01    9.132e-02      18.54s       0         
430  2.230e+01    1.030e+02    6.685e+00      2.300e+01    4.307e+01    9.132e-02      18.37s       0         
431  2.214e+01    2.312e+02    5.908e-01      2.300e+01    4.307e+01    9.132e-02      20.15s       0         
432  2.267e+01    6.109e+07    7.042e-01      2.300e+01    4.307e+01    9.132e-02      16.72s       0         
433  2.295e+01    1.086e+03    6.155e-01      2.300e+01    4.307e+01    9.132e-02      15.60s       0         
434  2.280e+01    2.962e+04    5.650e-01      2.300e+01    4.307e+01    9.132e-02      14.11s       0         
435  2.270e+01    1.013e+02    5.961e-01      2.900e+01    3.815e+01    8.679e-02      15.56s       0         
436  2.328e+01    6.044e+02    4.469e-01      2.300e+01    4.307e+01    9.132e-02      12.21s       0         
437  2.297e+01    2.288e+02    7.306e-01      2.300e+01    4.307e+01    9.132e-02      11.38s       0         
438  2.300e+01    1.623e+08    1.403e+00      2.300e+01    4.307e+01    9.132e-02      10.33s       0         
439  2.286e+01    5.065e+05    7.305e-01      2.300e+01    4.307e+01    9.132e-02      11.20s       0         
440  2.243e+01    3.795e+02    6.422e-01      2.300e+01    4.307e+01    9.132e-02      8.43s        0         
441  2.307e+01    4.647e+03    4.378e-01      2.300e+01    4.307e+01    9.132e-02      7.51s        0         
442  2.311e+01    1.639e+03    4.854e-01      2.300e+01    4.307e+01    9.132e-02      6.70s        0         
443  2.271e+01    6.120e+11    7.098e-01      2.300e+01    4.307e+01    9.132e-02      6.49s        0         
444  2.339e+01    1.312e+03    7.868e-01      2.300e+01    4.307e+01    9.132e-02      4.76s        0         
445  2.273e+01    2.782e+02    4.606e-01      2.300e+01    4.307e+01    9.132e-02      3.87s        0         
446  2.233e+01    8.802e+02    2.699e+03      2.300e+01    4.307e+01    9.132e-02      2.90s        0         
447  2.207e+01    4.498e+02    1.045e+00      2.500e+01    5.069e+01    9.041e-02      2.22s        0         
448  2.222e+01    2.618e+02    1.079e+01      2.300e+01    4.307e+01    9.132e-02      0.96s        0         
449  2.266e+01    6.290e+02    4.612e-01      2.300e+01    4.307e+01    9.132e-02      0.00s        0         
450  2.255e+01    1.362e+03    4.912e-01      2.300e+01    4.307e+01    9.132e-02      26.73s       0         
451  2.249e+01    9.680e+01    3.116e+00      2.300e+01    4.307e+01    9.132e-02      21.94s       0         
452  2.270e+01    8.245e+02    5.066e-01      2.300e+01    4.307e+01    9.132e-02      20.49s       0         
453  2.292e+01    2.270e+02    4.944e-01      2.400e+01    4.897e+01    9.007e-02      19.77s       0         
454  2.278e+01    2.226e+02    4.336e-01      2.400e+01    4.897e+01    9.007e-02      22.63s       0         
455  2.310e+01    2.130e+06    1.708e+00      2.400e+01    4.897e+01    9.007e-02      18.64s       0         
456  2.323e+01    4.960e+05    2.785e+01      2.400e+01    4.897e+01    9.007e-02      17.51s       0         
457  2.326e+01    1.603e+02    5.702e-01      2.400e+01    4.897e+01    9.007e-02      16.93s       0         
458  2.336e+01    8.328e+03    4.980e-01      4.600e+01    2.763e+02    7.093e-02      18.22s       0         
459  2.264e+01    1.016e+03    1.647e+00      4.600e+01    2.763e+02    7.093e-02      14.76s       0         
460  2.279e+01    2.444e+02    8.943e-01      2.300e+01    4.307e+01    9.132e-02      14.24s       0         
461  2.233e+01    1.940e+02    1.392e+00      2.300e+01    4.307e+01    9.132e-02      12.28s       0         
462  2.282e+01    1.693e+02    3.780e-01      2.300e+01    4.307e+01    9.132e-02      12.97s       0         
463  2.289e+01    1.076e+02    5.857e-01      2.300e+01    4.307e+01    9.132e-02      10.52s       0         
464  2.275e+01    5.447e+02    5.440e-01      2.300e+01    4.307e+01    9.132e-02      9.34s        0         
465  2.323e+01    1.895e+05    7.231e-01      2.300e+01    4.307e+01    9.132e-02      8.67s        0         
466  2.316e+01    2.645e+02    4.558e-01      2.300e+01    4.307e+01    9.132e-02      9.02s        0         
467  2.272e+01    7.552e+04    6.722e-01      2.800e+01    6.312e+01    8.851e-02      6.54s        0         
468  2.259e+01    5.682e+09    4.411e-01      2.300e+01    4.307e+01    9.132e-02      5.56s        0         
469  2.222e+01    3.480e+03    4.809e-01      2.300e+01    4.307e+01    9.132e-02      4.71s        0         
470  2.284e+01    5.105e+04    9.037e-01      2.300e+01    4.307e+01    9.132e-02      4.28s        0         
471  2.304e+01    1.707e+03    5.873e-01      2.900e+01    1.161e+02    9.022e-02      2.89s        0         
472  2.307e+01    2.983e+04    9.556e-01      2.300e+01    4.307e+01    9.132e-02      1.93s        0         
473  2.315e+01    5.300e+02    7.352e+00      2.300e+01    4.307e+01    9.132e-02      1.06s        0         
474  2.310e+01    4.161e+02    3.909e-01      2.400e+01    4.591e+01    8.850e-02      0.00s        0         
475  2.288e+01    1.008e+02    6.484e-01      2.400e+01    4.591e+01    8.850e-02      23.15s       0         
476  2.284e+01    8.917e+02    1.276e+00      3.000e+01    4.894e+01    8.998e-02      21.90s       0         
477  2.307e+01    2.696e+04    1.708e+00      2.600e+01    1.405e+02    8.954e-02      23.64s       0         
478  2.272e+01    2.557e+02    5.369e-01      2.300e+01    4.307e+01    9.132e-02      19.70s       0         
479  2.264e+01    7.627e+02    4.590e-01      2.300e+01    4.307e+01    9.132e-02      18.68s       0         
480  2.267e+01    8.127e+07    4.927e-01      4.400e+01    6.497e+10    8.909e-02      18.21s       0         
481  2.308e+01    8.122e+07    7.358e-01      3.900e+01    1.312e+06    8.915e-02      19.90s       0         
482  2.328e+01    2.505e+06    5.431e+01      4.500e+01    1.986e+09    8.913e-02      16.16s       0         
483  2.290e+01    5.927e+11    4.937e-01      2.300e+01    4.307e+01    9.132e-02      15.11s       0         
484  2.323e+01    1.969e+02    4.399e+00      2.300e+01    4.307e+01    9.132e-02      14.15s       0         
485  2.288e+01    1.510e+06    7.536e-01      2.300e+01    4.307e+01    9.132e-02      15.02s       0         
486  2.288e+01    1.258e+03    5.149e+00      2.300e+01    4.307e+01    9.132e-02      12.14s       0         
487  2.246e+01    1.068e+03    6.070e-01      2.300e+01    4.307e+01    9.132e-02      11.29s       0         
488  2.204e+01    1.066e+07    6.309e-01      2.300e+01    4.307e+01    9.132e-02      10.35s       0         
489  2.255e+01    4.357e+03    1.968e+01      2.300e+01    4.307e+01    9.132e-02      10.70s       0         
490  2.264e+01    5.105e+03    5.839e+01      2.300e+01    4.307e+01    9.132e-02      8.64s        0         
491  2.251e+01    2.395e+03    5.753e-01      2.300e+01    4.307e+01    9.132e-02      7.50s        0         
492  2.264e+01    2.531e+02    6.023e-01      3.300e+01    5.377e+01    8.679e-02      7.74s        0         
493  2.254e+01    2.005e+03    5.955e-01      3.500e+01    6.322e+01    8.052e-02      5.62s        0         
494  2.264e+01    3.175e+02    4.688e-01      2.300e+01    4.307e+01    9.132e-02      4.75s        0         
495  2.303e+01    1.738e+03    5.702e-01      2.300e+01    4.307e+01    9.132e-02      3.79s        0         
496  2.285e+01    5.111e+04    6.075e-01      2.300e+01    4.307e+01    9.132e-02      3.35s        0         
497  2.264e+01    7.244e+03    5.860e-01      2.300e+01    4.307e+01    9.132e-02      1.90s        0         
498  2.256e+01    3.569e+06    9.267e-01      2.300e+01    4.307e+01    9.132e-02      0.96s        0         
499  2.251e+01    5.112e+02    5.654e-01      2.300e+01    4.307e+01    9.132e-02      0.00s        0         





Time: 0h:8m:3s
####   Data for the best program   ####
Best Program: add(sub(cos(sub(cos(add(X1, X1)), X1)), X0), cos(sub(cos(X1), sub(cos(sub(sub(cos(X1), X1), X1)), X0))))
Best Program Complexity: 23
Raw Fitness: 0.09131707584932712
Penalized Fitness: 0.1833170758493271
Estimator		Train-rmse: 0.09131707584932712	Test-rmse: 0.09064789400876228	Test-R^2: 0.9725655014907667

{'complexity': 'length', 'const_range': (1e-10, 2.0), 'elitism_size': 1, 'function_set': ('add', 'sub', 'div', 'mul', 'sin', 'cos'), 'generations': 500, 'init_depth': (3, 6), 'init_method': 'half and half', 'low_memory': True, 'max_samples': 1.0, 'metric': 'rmse', 'n_jobs': 2, 'p_crossover': 0.8, 'p_hoist_mutation': 0.0, 'p_point_mutation': 0.09999999999999998, 'p_point_replace': 0.05, 'p_subtree_mutation': 0.09999999999999998, 'paretogp': False, 'paretogp_lengths': (5, 130), 'parsimony_coefficient': 0.004, 'population_size': 800, 'random_state': 1873896948, 'selection': 'tournament', 'stopping_criteria': 1e-10, 'tournament_size': 11, 'verbose': 1, 'warm_start': True}
