    |          Population Average          |           Best Individual            |
---- -------------------------------------- -------------------------------------- ----------
Gen  Length       Kommenda     Fitness        Length       Kommenda     Fitness        Time Left    Front Size
0    2.221e+01    4.416e+07    1.345e+07      3.900e+01    2.031e+03    4.133e-01      8.59s        0         
1    1.532e+01    2.376e+07    7.509e+01      4.300e+01    2.501e+03    4.034e-01      16.76s       0         
2    1.741e+01    8.185e+07    1.139e+01      3.700e+01    1.265e+03    3.310e-01      17.22s       0         
3    2.485e+01    2.729e+07    1.411e+00      8.100e+01    8.653e+07    2.295e-01      18.21s       0         
4    3.785e+01    5.660e+06    2.628e+00      4.400e+01    7.472e+03    1.831e-01      25.47s       0         
5    5.053e+01    1.931e+10    8.096e+01      8.500e+01    1.072e+09    1.675e-01      20.36s       0         
6    5.538e+01    2.934e+25    8.422e-01      8.500e+01    1.072e+09    1.675e-01      20.45s       0         
7    6.305e+01    1.712e+20    3.947e+00      8.500e+01    1.072e+09    1.675e-01      21.10s       0         
8    7.162e+01    2.842e+52    9.721e-01      8.900e+01    3.234e+09    1.647e-01      21.75s       0         
9    7.792e+01    1.716e+60    1.845e+00      6.300e+01    2.103e+05    1.499e-01      21.86s       0         
10   8.294e+01    1.527e+68    2.045e+00      6.400e+01    2.407e+05    1.238e-01      21.43s       0         
11   9.106e+01    9.459e+106   9.891e+00      1.710e+02    1.937e+57    1.233e-01      20.38s       0         
12   1.020e+02    7.100e+244   1.091e+02      1.330e+02    4.727e+33    1.109e-01      20.80s       0         
13   1.064e+02    2.247e+305   2.773e+00      1.330e+02    4.727e+33    1.109e-01      19.27s       0         
14   1.263e+02    inf          5.196e+00      1.660e+02    8.234e+27    8.618e-02      22.70s       0         
15   1.572e+02    inf          1.796e+00      1.660e+02    1.227e+27    8.293e-02      19.75s       0         
16   1.558e+02    inf          1.824e+01      2.360e+02    1.937e+255   7.970e-02      18.68s       0         
17   1.491e+02    inf          3.834e+01      1.360e+02    1.454e+14    7.864e-02      16.07s       0         
18   1.503e+02    inf          1.578e+00      2.260e+02    1.971e+255   6.604e-02      13.34s       0         
19   1.800e+02    inf          2.652e+00      2.250e+02    2.117e+220   6.604e-02      13.13s       0         
20   1.915e+02    inf          1.555e+02      1.330e+02    2.229e+15    6.285e-02      9.79s        0         
21   1.833e+02    inf          6.191e-01      1.330e+02    2.229e+15    6.285e-02      7.36s        0         
22   1.773e+02    inf          6.895e-01      1.340e+02    5.703e+15    6.134e-02      4.82s        0         
23   1.682e+02    inf          2.678e+00      1.990e+02    5.929e+76    6.047e-02      2.36s        0         
24   1.632e+02    inf          1.321e+00      1.330e+02    6.317e+13    5.991e-02      0.00s        0         
25   1.647e+02    inf          1.690e+00      1.430e+02    2.969e+16    5.616e-02      59.81s       0         
26   1.671e+02    inf          5.230e+03      1.430e+02    2.969e+16    5.616e-02      57.39s       0         
27   1.746e+02    inf          4.709e+00      1.530e+02    1.727e+14    5.299e-02      1.04m        0         
28   1.781e+02    inf          1.216e+00      2.070e+02    1.325e+27    5.245e-02      55.41s       0         
29   1.760e+02    inf          1.447e+00      1.960e+02    2.319e+24    5.182e-02      52.93s       0         
30   1.703e+02    inf          2.505e+00      1.840e+02    1.259e+60    5.200e-02      50.70s       0         
31   1.755e+02    inf          8.910e-01      1.990e+02    2.629e+24    5.099e-02      54.58s       0         
32   1.717e+02    2.247e+305   1.508e+00      2.380e+02    1.580e+47    4.948e-02      45.72s       0         
33   1.807e+02    inf          1.461e+00      2.380e+02    9.182e+46    4.851e-02      42.35s       0         
34   1.839e+02    inf          3.198e+00      3.430e+02    1.255e+104   4.835e-02      45.95s       0         
35   1.983e+02    inf          5.874e-01      4.530e+02    1.798e+308   4.834e-02      40.65s       0         
36   1.979e+02    inf          2.242e+00      2.080e+02    6.767e+21    4.775e-02      37.77s       0         
37   1.966e+02    inf          2.027e+01      1.920e+02    3.927e+18    4.734e-02      39.03s       0         
38   1.945e+02    inf          1.760e+02      1.920e+02    3.927e+18    4.734e-02      30.57s       0         
39   1.957e+02    inf          1.339e+00      2.180e+02    4.680e+24    4.719e-02      28.98s       0         
40   1.935e+02    2.247e+305   1.580e+00      3.630e+02    5.551e+160   4.735e-02      29.06s       0         
41   1.944e+02    2.303e+272   3.494e+01      1.780e+02    5.281e+17    4.699e-02      23.27s       0         
42   1.972e+02    inf          1.398e+04      2.020e+02    1.359e+25    4.587e-02      21.00s       0         
43   1.931e+02    2.247e+305   2.245e+01      2.440e+02    1.166e+30    4.537e-02      20.00s       0         
44   1.965e+02    inf          1.275e+00      1.880e+02    7.875e+22    4.407e-02      14.64s       0         
45   1.964e+02    inf          1.500e+01      1.880e+02    7.875e+22    4.407e-02      13.18s       0         
46   1.987e+02    inf          1.940e+01      1.880e+02    7.875e+22    4.407e-02      9.18s        0         
47   1.978e+02    inf          2.936e+01      1.880e+02    7.875e+22    4.407e-02      6.09s        0         
48   1.948e+02    inf          7.389e+01      2.000e+02    1.345e+25    4.288e-02      3.29s        0         
49   1.922e+02    inf          6.750e-01      2.240e+02    1.345e+25    4.259e-02      0.00s        0         
50   2.010e+02    inf          9.441e-01      2.300e+02    3.491e+33    4.221e-02      1.35m        0         
51   2.033e+02    inf          1.569e+00      1.740e+02    3.180e+24    4.220e-02      1.19m        0         
52   2.029e+02    2.991e+233   1.284e+00      2.290e+02    8.922e+24    4.164e-02      1.10m        0         
53   2.003e+02    inf          1.894e+02      1.900e+02    5.620e+38    3.804e-02      1.20m        0         
54   1.985e+02    inf          1.309e+00      1.940e+02    5.620e+38    3.789e-02      1.01m        0         
55   1.927e+02    1.417e+279   6.928e-01      1.940e+02    5.620e+38    3.789e-02      53.86s       0         
56   1.968e+02    inf          8.162e-01      1.940e+02    3.884e+28    3.684e-02      59.58s       0         
57   1.965e+02    inf          8.659e+01      2.110e+02    1.660e+29    3.706e-02      53.27s       0         
58   1.931e+02    inf          1.544e+00      1.340e+02    4.331e+12    3.760e-02      52.76s       0         
59   1.936e+02    inf          3.253e+00      2.340e+02    1.534e+110   3.591e-02      45.34s       0         
60   1.881e+02    inf          1.074e+01      2.340e+02    3.611e+112   3.591e-02      39.43s       0         
61   1.957e+02    inf          9.009e-01      2.350e+02    3.611e+112   3.562e-02      42.65s       0         
62   1.992e+02    inf          8.199e+02      2.520e+02    3.611e+112   3.496e-02      36.23s       0         
63   2.049e+02    inf          1.120e+00      2.970e+02    4.119e+262   3.496e-02      33.65s       0         
64   2.072e+02    inf          1.648e+00      2.970e+02    4.119e+262   3.496e-02      32.12s       0         
65   1.999e+02    inf          5.062e+00      2.470e+02    3.682e+45    3.496e-02      27.86s       0         
66   2.064e+02    inf          6.122e+01      2.650e+02    2.285e+120   3.381e-02      26.73s       0         
67   2.059e+02    inf          1.828e+00      2.260e+02    8.082e+50    3.381e-02      22.06s       0         
68   2.067e+02    inf          3.948e+01      2.140e+02    1.304e+35    3.381e-02      21.68s       0         
69   2.040e+02    inf          1.938e+00      2.140e+02    1.304e+35    3.381e-02      15.61s       0         
70   2.040e+02    2.247e+305   5.729e-01      2.130e+02    1.085e+35    3.380e-02      14.06s       0         
71   2.032e+02    inf          1.866e+00      2.130e+02    1.302e+47    3.361e-02      9.86s        0         
72   2.027e+02    inf          6.696e-01      2.250e+02    7.025e+36    3.322e-02      6.40s        0         
73   2.045e+02    inf          7.991e-01      2.170e+02    1.087e+35    3.267e-02      3.48s        0         
74   2.062e+02    inf          2.759e+00      2.180e+02    1.282e+35    3.261e-02      0.00s        0         
75   1.986e+02    inf          1.158e+00      2.160e+02    3.953e+34    3.261e-02      1.38m        0         
76   1.925e+02    inf          1.033e+00      2.150e+02    1.118e+37    3.241e-02      1.18m        0         
77   1.914e+02    inf          1.302e+00      2.150e+02    1.118e+37    3.246e-02      1.25m        0         
78   1.898e+02    inf          1.136e+00      1.860e+02    6.538e+17    3.224e-02      1.08m        0         
79   1.902e+02    2.247e+305   4.269e+00      2.080e+02    5.626e+18    3.224e-02      1.14m        0         
80   1.899e+02    inf          1.975e+00      2.160e+02    7.187e+18    3.224e-02      57.34s       0         
81   1.896e+02    inf          8.239e-01      2.170e+02    7.273e+18    3.224e-02      1.02m        0         
82   1.896e+02    inf          7.381e+00      2.240e+02    1.134e+45    3.120e-02      52.66s       0         
83   1.897e+02    inf          1.027e+01      2.240e+02    1.134e+45    3.129e-02      50.19s       0         
84   1.897e+02    inf          2.701e+00      2.130e+02    6.170e+36    3.130e-02      50.23s       0         
85   1.922e+02    7.989e+230   1.595e+00      1.710e+02    1.567e+16    3.100e-02      44.36s       0         
86   1.932e+02    2.195e+296   8.156e+00      1.800e+02    1.652e+21    3.063e-02      46.37s       0         
87   1.919e+02    2.247e+305   3.973e+01      2.230e+02    2.600e+38    3.032e-02      38.88s       0         
88   1.920e+02    inf          5.547e+00      2.260e+02    7.939e+38    3.032e-02      37.95s       0         
89   1.889e+02    inf          5.448e+00      1.650e+02    1.319e+15    3.068e-02      31.55s       0         
90   1.948e+02    inf          1.018e+00      1.740e+02    2.045e+16    3.036e-02      30.88s       0         
91   1.919e+02    inf          1.256e+00      1.600e+02    1.274e+15    3.052e-02      24.17s       0         
92   1.936e+02    inf          1.379e+00      2.430e+02    4.276e+68    3.022e-02      21.55s       0         
93   1.928e+02    inf          3.935e+01      2.390e+02    4.276e+68    3.008e-02      20.65s       0         
94   1.904e+02    inf          3.022e+00      1.690e+02    1.319e+15    3.002e-02      15.43s       0         
95   1.905e+02    inf          2.595e+00      2.220e+02    1.310e+36    2.968e-02      13.00s       0         
96   1.946e+02    inf          1.817e+00      1.890e+02    4.342e+31    2.956e-02      9.21s        0         
97   1.976e+02    inf          1.994e+00      1.680e+02    5.750e+18    2.968e-02      6.94s        0         
98   1.958e+02    inf          1.197e+00      1.680e+02    5.750e+18    2.968e-02      3.09s        0         
99   1.902e+02    inf          1.293e+01      1.680e+02    5.750e+18    2.968e-02      0.00s        0         
100  1.882e+02    inf          1.620e+00      2.200e+02    1.501e+33    2.942e-02      1.23m        0         
101  1.872e+02    inf          4.802e-01      2.340e+02    1.833e+25    2.901e-02      1.18m        0         
102  1.906e+02    inf          1.107e+00      2.600e+02    1.499e+133   2.878e-02      1.27m        0         
103  1.891e+02    inf          2.062e+01      2.690e+02    8.486e+141   2.879e-02      1.09m        0         
104  1.897e+02    inf          1.073e+00      3.050e+02    5.260e+193   2.869e-02      1.17m        0         
105  1.874e+02    inf          1.563e+00      1.670e+02    6.013e+16    2.850e-02      1.04m        0         
106  1.885e+02    inf          1.139e+00      1.670e+02    6.013e+16    2.850e-02      1.08m        0         
107  1.856e+02    inf          1.499e+00      1.670e+02    6.013e+16    2.850e-02      54.30s       0         
108  1.821e+02    2.247e+305   2.672e+00      2.520e+02    1.309e+56    2.825e-02      53.54s       0         
109  1.860e+02    inf          3.758e+01      1.670e+02    9.236e+16    2.807e-02      47.60s       0         
110  1.848e+02    7.225e+270   1.346e+00      1.670e+02    9.236e+16    2.807e-02      49.77s       0         
111  1.835e+02    2.903e+239   8.698e-01      1.670e+02    9.236e+16    2.807e-02      41.28s       0         
112  1.876e+02    inf          1.670e+02      1.670e+02    9.236e+16    2.807e-02      41.17s       0         
113  1.863e+02    inf          1.829e+00      2.100e+02    3.542e+35    2.764e-02      34.68s       0         
114  1.853e+02    inf          1.039e+00      2.040e+02    8.522e+28    2.772e-02      35.62s       0         
115  1.848e+02    inf          2.102e+00      2.030e+02    2.365e+29    2.769e-02      28.53s       0         
116  1.860e+02    4.201e+257   1.141e+00      2.100e+02    2.086e+41    2.751e-02      27.55s       0         
117  1.855e+02    inf          4.553e+01      1.920e+02    2.775e+20    2.750e-02      22.22s       0         
118  1.856e+02    2.247e+305   1.591e+00      2.990e+02    2.417e+118   2.747e-02      18.52s       0         
119  1.873e+02    inf          2.411e+01      3.190e+02    5.003e+163   2.747e-02      15.83s       0         
120  1.864e+02    inf          1.546e+00      3.180e+02    5.003e+163   2.746e-02      12.30s       0         
121  1.848e+02    inf          1.745e+00      3.130e+02    1.813e+203   2.746e-02      10.28s       0         
122  1.853e+02    inf          8.209e-01      2.060e+02    1.075e+28    2.710e-02      6.20s        0         
123  1.874e+02    inf          1.704e+02      2.140e+02    9.548e+26    2.732e-02      3.50s        0         
124  1.907e+02    inf          3.444e+00      2.140e+02    1.479e+31    2.732e-02      0.00s        0         
125  1.904e+02    inf          1.183e+00      2.160e+02    6.712e+20    2.712e-02      1.37m        0         
126  1.915e+02    inf          1.443e+00      1.940e+02    1.606e+127   2.689e-02      1.22m        0         
127  1.877e+02    inf          1.073e+00      2.570e+02    1.798e+308   2.689e-02      1.27m        0         
128  1.867e+02    inf          9.977e-01      2.580e+02    1.798e+308   2.689e-02      1.09m        0         
129  1.810e+02    inf          1.902e+02      1.800e+02    6.773e+17    2.695e-02      1.16m        0         
130  1.870e+02    inf          1.470e+00      2.640e+02    1.798e+308   2.696e-02      59.86s       0         
131  1.897e+02    inf          1.487e+00      2.980e+02    1.798e+308   2.694e-02      57.97s       0         
132  1.905e+02    inf          1.731e+00      1.690e+02    2.138e+19    2.650e-02      1.01m        0         
133  1.896e+02    inf          3.760e+01      1.690e+02    2.138e+19    2.650e-02      51.30s       0         
134  1.912e+02    inf          5.088e+03      4.200e+02    1.517e+244   2.648e-02      51.77s       0         
135  1.890e+02    inf          1.888e+00      2.640e+02    9.178e+140   2.608e-02      44.54s       0         
136  1.922e+02    inf          1.155e+00      2.600e+02    2.624e+74    2.583e-02      45.96s       0         
137  1.896e+02    inf          2.843e+01      2.810e+02    1.027e+141   2.592e-02      37.62s       0         
138  1.935e+02    inf          2.358e+00      3.140e+02    2.208e+146   2.633e-02      39.69s       0         
139  1.915e+02    inf          2.207e+00      1.690e+02    2.138e+19    2.648e-02      33.66s       0         
140  1.895e+02    inf          3.590e+00      1.690e+02    2.138e+19    2.648e-02      32.61s       0         
141  1.872e+02    inf          2.949e+01      1.690e+02    2.138e+19    2.648e-02      25.48s       0         
142  1.874e+02    inf          7.112e+00      1.650e+02    3.777e+16    2.643e-02      25.17s       0         
143  1.837e+02    inf          1.500e+00      1.650e+02    3.777e+16    2.643e-02      19.21s       0         
144  1.876e+02    inf          1.221e+00      1.650e+02    3.777e+16    2.643e-02      17.35s       0         
145  1.913e+02    inf          1.903e+01      1.650e+02    3.777e+16    2.643e-02      12.70s       0         
146  1.944e+02    inf          2.365e+00      1.650e+02    3.777e+16    2.643e-02      10.48s       0         
147  1.874e+02    inf          3.175e+01      1.650e+02    3.777e+16    2.643e-02      6.38s        0         
148  1.906e+02    inf          8.232e+00      1.650e+02    3.777e+16    2.643e-02      3.48s        0         
149  1.876e+02    inf          4.334e-01      1.650e+02    3.777e+16    2.643e-02      0.00s        0         
150  1.881e+02    inf          1.412e+01      1.650e+02    3.777e+16    2.643e-02      1.37m        0         
151  1.915e+02    inf          6.012e-01      1.660e+02    4.735e+15    2.623e-02      1.21m        0         
152  1.934e+02    inf          2.497e+00      1.610e+02    6.701e+14    2.608e-02      1.15m        0         
153  1.960e+02    inf          3.160e+00      1.610e+02    6.701e+14    2.608e-02      1.14m        0         
154  1.938e+02    inf          1.062e+00      1.610e+02    6.701e+14    2.608e-02      1.08m        0         
155  1.917e+02    inf          1.122e+00      1.610e+02    6.701e+14    2.608e-02      59.49s       0         
156  1.944e+02    inf          1.903e+00      1.610e+02    6.701e+14    2.608e-02      1.05m        0         
157  1.927e+02    inf          5.663e+01      1.610e+02    6.701e+14    2.608e-02      54.62s       0         
158  1.904e+02    inf          1.975e+00      1.610e+02    6.701e+14    2.608e-02      51.11s       0         
159  1.881e+02    inf          5.573e+00      1.610e+02    6.701e+14    2.608e-02      51.78s       0         
160  1.856e+02    inf          8.233e-01      1.610e+02    6.701e+14    2.608e-02      43.06s       0         
161  1.878e+02    inf          6.016e-01      1.610e+02    6.701e+14    2.608e-02      44.43s       0         
162  1.847e+02    2.247e+305   8.860e+00      1.610e+02    6.701e+14    2.608e-02      37.19s       0         
163  1.872e+02    inf          9.968e-01      1.610e+02    6.701e+14    2.608e-02      37.70s       0         
164  1.926e+02    inf          2.012e+00      1.620e+02    9.023e+14    2.585e-02      33.31s       0         
165  1.886e+02    4.786e+276   1.835e+00      1.620e+02    9.023e+14    2.585e-02      30.69s       0         
166  1.869e+02    inf          1.276e+00      1.620e+02    9.023e+14    2.585e-02      24.47s       0         
167  1.858e+02    inf          3.645e+01      1.620e+02    9.023e+14    2.585e-02      23.24s       0         
168  1.907e+02    inf          5.453e+00      1.620e+02    9.023e+14    2.585e-02      19.02s       0         
169  1.871e+02    2.443e+203   7.378e-01      1.620e+02    9.023e+14    2.585e-02      16.94s       0         
170  1.894e+02    2.263e+273   2.121e+00      1.620e+02    9.023e+14    2.585e-02      12.70s       0         
171  1.892e+02    2.247e+305   2.036e+00      1.620e+02    9.023e+14    2.585e-02      10.35s       0         
172  1.933e+02    inf          1.176e+00      1.890e+02    5.560e+28    2.556e-02      6.48s        0         
173  1.980e+02    inf          3.820e+00      1.620e+02    9.023e+14    2.585e-02      3.60s        0         
174  1.966e+02    inf          1.554e+00      1.620e+02    9.023e+14    2.585e-02      0.00s        0         
175  1.954e+02    inf          4.076e-01      1.620e+02    9.023e+14    2.585e-02      1.46m        0         
176  1.934e+02    1.577e+267   2.029e+00      2.190e+02    4.789e+76    2.584e-02      1.27m        0         
177  1.912e+02    inf          1.989e+02      2.210e+02    3.831e+26    2.549e-02      1.32m        0         
178  1.897e+02    inf          2.904e+00      1.970e+02    3.295e+26    2.531e-02      1.12m        0         
179  1.881e+02    2.247e+305   2.325e+00      1.660e+02    8.102e+18    2.571e-02      1.19m        0         
180  1.933e+02    inf          2.297e+00      2.170e+02    6.301e+80    2.581e-02      1.04m        0         
181  1.940e+02    inf          1.807e+00      2.130e+02    5.262e+67    2.583e-02      1.05m        0         
182  1.909e+02    inf          1.903e+00      1.800e+02    1.710e+24    2.558e-02      55.62s       0         
183  1.931e+02    inf          1.782e+00      3.390e+02    1.171e+58    2.560e-02      52.26s       0         
184  1.923e+02    inf          1.706e+00      2.070e+02    2.024e+20    2.558e-02      48.16s       0         
185  1.915e+02    inf          2.412e+04      2.070e+02    8.520e+19    2.549e-02      45.66s       0         
186  1.916e+02    2.247e+305   8.059e-01      2.360e+02    7.111e+72    2.541e-02      46.30s       0         
187  1.943e+02    2.247e+305   6.839e-01      1.960e+02    6.570e+19    2.543e-02      39.24s       0         
188  1.925e+02    inf          4.829e+00      2.350e+02    7.111e+72    2.486e-02      35.68s       0         
189  1.866e+02    inf          7.533e-01      2.360e+02    7.111e+72    2.515e-02      32.03s       0         
190  1.918e+02    1.194e+230   1.424e+00      2.370e+02    7.163e+72    2.515e-02      28.39s       0         
191  1.924e+02    inf          1.841e+00      2.230e+02    4.029e+35    2.502e-02      25.67s       0         
192  1.937e+02    inf          1.288e+01      1.940e+02    1.246e+21    2.481e-02      24.99s       0         
193  1.965e+02    inf          4.593e+02      1.940e+02    1.246e+21    2.460e-02      19.06s       0         
194  1.983e+02    2.247e+305   1.773e+00      1.920e+02    5.817e+16    2.518e-02      16.24s       0         
195  2.007e+02    inf          1.323e+00      2.770e+02    1.944e+122   2.535e-02      13.10s       0         
196  2.036e+02    inf          1.236e+00      1.990e+02    3.283e+15    2.529e-02      11.56s       0         
197  2.016e+02    inf          1.847e+02      2.450e+02    8.094e+49    2.535e-02      6.68s        0         
198  1.999e+02    inf          1.121e+00      2.100e+02    2.316e+20    2.536e-02      3.78s        0         
199  1.961e+02    inf          1.293e+00      2.070e+02    1.257e+37    2.547e-02      0.00s        0         
200  1.959e+02    inf          1.413e+00      2.200e+02    8.238e+30    2.543e-02      1.47m        0         
201  1.943e+02    inf          1.773e+00      1.860e+02    1.785e+15    2.480e-02      1.28m        0         
202  1.948e+02    inf          8.177e-01      1.900e+02    1.112e+16    2.473e-02      1.33m        0         
203  1.936e+02    inf          1.705e+00      3.150e+02    2.182e+166   2.480e-02      1.22m        0         
204  1.951e+02    inf          2.161e+01      1.900e+02    1.112e+16    2.496e-02      1.24m        0         
205  1.935e+02    inf          1.967e+02      2.400e+02    1.488e+79    2.545e-02      1.19m        0         
206  1.913e+02    inf          2.382e+00      2.110e+02    6.022e+52    2.537e-02      59.58s       0         
207  1.932e+02    inf          6.128e-01      1.900e+02    2.974e+34    2.554e-02      1.04m        0         
208  1.930e+02    inf          1.789e+00      1.760e+02    1.443e+18    2.548e-02      53.57s       0         
209  1.984e+02    inf          1.200e+01      1.850e+02    5.252e+25    2.547e-02      55.62s       0         
210  1.932e+02    inf          3.132e+00      2.030e+02    5.550e+29    2.495e-02      47.52s       0         
211  1.930e+02    inf          1.907e+01      1.950e+02    9.459e+34    2.533e-02      45.57s       0         
212  1.917e+02    inf          1.716e+00      2.280e+02    1.631e+54    2.545e-02      38.39s       0         
213  1.961e+02    inf          1.177e+01      2.070e+02    1.909e+32    2.509e-02      40.00s       0         
214  1.963e+02    inf          9.281e-01      2.640e+02    4.392e+89    2.551e-02      34.77s       0         
215  1.986e+02    inf          1.254e+00      1.950e+02    1.826e+50    2.529e-02      32.33s       0         
216  1.999e+02    inf          3.881e+00      1.970e+02    1.207e+51    2.522e-02      29.31s       0         
217  1.927e+02    inf          7.458e+00      1.950e+02    4.855e+48    2.531e-02      24.39s       0         
218  1.939e+02    inf          9.993e-01      1.990e+02    4.855e+48    2.506e-02      20.95s       0         
219  1.954e+02    inf          9.317e-01      2.850e+02    1.798e+308   2.520e-02      16.33s       0         
220  1.990e+02    inf          5.814e-01      2.820e+02    1.798e+308   2.520e-02      14.71s       0         
221  1.983e+02    inf          8.363e-01      2.470e+02    6.105e+125   2.520e-02      10.34s       0         
222  1.959e+02    inf          1.646e+00      2.340e+02    6.226e+60    2.520e-02      7.49s        0         
223  1.919e+02    inf          2.445e+01      2.330e+02    1.812e+59    2.520e-02      3.30s        0         
224  1.884e+02    inf          1.606e+00      1.770e+02    2.203e+28    2.515e-02      0.00s        0         
225  1.904e+02    inf          1.793e+00      1.760e+02    2.246e+23    2.516e-02      1.34m        0         
226  1.907e+02    inf          1.712e+00      1.760e+02    2.246e+23    2.516e-02      1.42m        0         
227  1.916e+02    inf          1.434e+00      1.680e+02    2.569e+17    2.515e-02      1.23m        0         
228  1.944e+02    inf          1.617e+00      1.660e+02    2.569e+17    2.479e-02      1.29m        0         
229  1.962e+02    inf          9.272e+04      1.660e+02    2.569e+17    2.479e-02      1.11m        0         
230  1.931e+02    inf          2.055e+00      1.660e+02    2.569e+17    2.479e-02      1.15m        0         
231  1.933e+02    inf          5.978e+00      1.660e+02    2.569e+17    2.479e-02      1.07m        0         
232  1.890e+02    inf          1.414e+00      1.660e+02    2.569e+17    2.479e-02      55.30s       0         
233  1.907e+02    inf          1.042e+02      1.660e+02    2.569e+17    2.479e-02      51.52s       0         
234  1.898e+02    inf          1.613e+00      1.660e+02    2.569e+17    2.479e-02      50.24s       0         
235  1.924e+02    inf          9.493e+00      1.660e+02    2.569e+17    2.479e-02      50.18s       0         
236  1.964e+02    inf          1.580e+00      1.660e+02    2.569e+17    2.479e-02      42.46s       0         
237  1.958e+02    inf          6.381e+04      1.660e+02    2.569e+17    2.479e-02      44.01s       0         
238  1.913e+02    inf          3.761e+00      1.660e+02    2.569e+17    2.479e-02      34.89s       0         
239  1.912e+02    inf          8.363e-01      1.660e+02    2.569e+17    2.479e-02      35.73s       0         
240  1.942e+02    inf          9.194e+00      1.660e+02    2.569e+17    2.479e-02      29.56s       0         
241  1.998e+02    inf          4.116e+02      1.660e+02    2.569e+17    2.479e-02      29.65s       0         
242  1.952e+02    inf          2.066e+00      1.660e+02    2.569e+17    2.479e-02      23.29s       0         
243  1.923e+02    inf          1.088e+00      1.660e+02    2.569e+17    2.479e-02      21.64s       0         
244  1.946e+02    inf          1.733e+00      1.660e+02    2.569e+17    2.479e-02      16.03s       0         
245  1.931e+02    inf          1.144e+00      1.660e+02    2.569e+17    2.479e-02      14.09s       0         
246  1.958e+02    inf          6.374e-01      1.660e+02    2.569e+17    2.479e-02      9.68s        0         
247  1.968e+02    inf          1.119e+00      1.660e+02    2.569e+17    2.479e-02      7.09s        0         
248  1.973e+02    inf          6.856e-01      1.660e+02    2.569e+17    2.479e-02      3.31s        0         
249  1.948e+02    inf          5.631e+00      1.810e+02    8.597e+19    2.435e-02      0.00s        0         
250  1.992e+02    inf          2.138e+00      1.660e+02    2.569e+17    2.479e-02      1.34m        0         
251  1.904e+02    inf          2.677e+00      1.660e+02    2.569e+17    2.479e-02      1.45m        0         
252  1.882e+02    inf          1.801e+00      1.660e+02    2.569e+17    2.479e-02      1.23m        0         
253  1.913e+02    inf          1.465e+00      1.660e+02    2.569e+17    2.479e-02      1.27m        0         
254  1.900e+02    inf          1.099e+00      1.660e+02    2.569e+17    2.479e-02      1.21m        0         
255  1.913e+02    inf          5.858e+00      1.660e+02    2.569e+17    2.479e-02      1.05m        0         
256  1.898e+02    inf          2.699e+00      1.940e+02    7.597e+17    2.468e-02      1.09m        0         
257  1.874e+02    2.247e+305   7.297e-01      1.930e+02    7.377e+17    2.465e-02      56.24s       0         
258  1.940e+02    2.247e+305   1.200e+00      1.690e+02    2.569e+17    2.470e-02      57.31s       0         
259  1.892e+02    inf          2.686e+00      1.710e+02    2.569e+17    2.452e-02      49.62s       0         
260  1.886e+02    inf          1.321e+00      1.710e+02    2.569e+17    2.452e-02      47.92s       0         
261  1.932e+02    inf          1.008e+01      1.710e+02    2.569e+17    2.452e-02      40.62s       0         
262  1.945e+02    inf          1.892e+00      2.800e+02    1.696e+26    2.447e-02      42.46s       0         
263  1.936e+02    inf          1.527e+00      1.710e+02    2.569e+17    2.452e-02      36.14s       0         
264  1.932e+02    inf          5.128e+02      1.710e+02    2.569e+17    2.452e-02      35.77s       0         
265  1.936e+02    inf          2.931e+01      1.710e+02    2.569e+17    2.452e-02      29.68s       0         
266  1.939e+02    inf          1.030e+02      1.710e+02    2.569e+17    2.452e-02      28.49s       0         
267  1.901e+02    inf          2.618e+00      1.710e+02    2.569e+17    2.452e-02      23.46s       0         
268  1.946e+02    inf          1.917e+00      1.710e+02    2.569e+17    2.452e-02      22.08s       0         
269  1.942e+02    inf          9.665e-01      1.710e+02    2.569e+17    2.452e-02      19.22s       0         
270  1.958e+02    inf          1.082e+00      1.710e+02    2.569e+17    2.452e-02      13.29s       0         
271  1.920e+02    inf          5.339e+00      1.710e+02    2.569e+17    2.452e-02      10.96s       0         
272  1.915e+02    inf          2.358e+00      1.750e+02    3.614e+22    2.446e-02      6.49s        0         
273  1.900e+02    inf          2.247e+00      2.330e+02    6.644e+67    2.438e-02      3.48s        0         
274  1.913e+02    inf          8.502e+00      1.710e+02    2.569e+17    2.452e-02      0.00s        0         
275  1.910e+02    inf          6.665e+00      1.710e+02    2.569e+17    2.452e-02      1.43m        0         
276  1.919e+02    inf          2.916e+00      1.710e+02    2.569e+17    2.452e-02      1.21m        0         
277  1.905e+02    inf          2.081e+00      1.710e+02    2.569e+17    2.452e-02      1.27m        0         
278  1.943e+02    inf          1.624e+00      1.710e+02    2.569e+17    2.452e-02      1.17m        0         
279  1.956e+02    inf          1.850e+00      2.450e+02    8.197e+140   2.448e-02      1.24m        0         
280  1.957e+02    inf          9.545e-01      2.440e+02    2.659e+146   2.448e-02      1.11m        0         
281  1.967e+02    inf          2.137e+01      1.710e+02    2.569e+17    2.452e-02      1.13m        0         
282  1.926e+02    inf          2.932e+00      2.270e+02    2.621e+33    2.447e-02      56.13s       0         
283  1.869e+02    inf          5.295e+01      1.710e+02    2.569e+17    2.452e-02      57.30s       0         
284  1.938e+02    inf          7.895e-01      1.700e+02    9.457e+17    2.445e-02      48.88s       0         
285  1.946e+02    inf          5.490e-01      1.700e+02    9.457e+17    2.445e-02      50.62s       0         
286  1.947e+02    inf          1.410e+00      1.700e+02    9.457e+17    2.445e-02      42.24s       0         
287  1.934e+02    inf          2.901e+01      1.700e+02    9.457e+17    2.445e-02      43.04s       0         
288  1.917e+02    inf          8.927e+01      1.880e+02    1.215e+21    2.381e-02      36.65s       0         
289  1.908e+02    inf          8.589e+01      1.720e+02    9.457e+17    2.431e-02      35.45s       0         
290  1.974e+02    inf          1.524e+00      1.870e+02    1.216e+21    2.423e-02      30.68s       0         
291  1.951e+02    inf          6.147e+00      1.720e+02    9.457e+17    2.431e-02      29.33s       0         
292  2.002e+02    inf          9.321e-01      2.550e+02    1.142e+59    2.415e-02      22.99s       0         
293  2.004e+02    inf          1.649e+00      1.720e+02    9.457e+17    2.431e-02      22.39s       0         
294  1.975e+02    inf          3.169e+00      1.820e+02    2.696e+24    2.415e-02      16.55s       0         
295  1.981e+02    inf          9.485e+01      2.090e+02    1.114e+30    2.401e-02      14.87s       0         
296  1.987e+02    inf          6.372e+00      1.820e+02    2.696e+24    2.419e-02      11.18s       0         
297  1.960e+02    inf          9.408e+01      2.150e+02    1.962e+44    2.428e-02      7.00s        0         
298  1.993e+02    inf          1.291e+00      2.270e+02    1.047e+41    2.421e-02      3.87s        0         
299  1.974e+02    inf          1.482e+00      2.120e+02    1.218e+26    2.420e-02      0.00s        0         
300  2.018e+02    inf          9.741e+01      2.140e+02    6.280e+22    2.419e-02      1.53m        0         
301  1.984e+02    inf          1.409e+00      1.840e+02    2.246e+22    2.408e-02      1.50m        0         
302  2.011e+02    inf          8.197e+01      1.820e+02    2.246e+22    2.406e-02      1.23m        0         
303  1.993e+02    inf          2.578e+00      2.980e+02    1.478e+96    2.405e-02      1.19m        0         
304  1.979e+02    inf          9.928e+02      2.470e+02    2.807e+73    2.415e-02      1.12m        0         
305  1.975e+02    inf          1.423e+00      2.740e+02    7.024e+102   2.415e-02      1.15m        0         
306  1.935e+02    inf          1.683e+00      4.120e+02    1.798e+308   2.415e-02      1.06m        0         
307  1.955e+02    inf          8.752e+00      1.910e+02    1.509e+22    2.400e-02      1.07m        0         
308  1.963e+02    inf          1.903e+01      1.880e+02    3.872e+18    2.397e-02      1.06m        0         
309  1.949e+02    inf          1.439e+00      2.210e+02    7.575e+74    2.399e-02      51.99s       0         
310  1.925e+02    inf          1.512e+01      1.910e+02    3.961e+18    2.385e-02      51.18s       0         
311  1.902e+02    inf          4.087e+00      3.040e+02    6.397e+225   2.372e-02      42.58s       0         
312  1.984e+02    inf          6.342e+00      1.750e+02    7.532e+19    2.371e-02      43.42s       0         
313  1.982e+02    inf          1.625e+00      1.750e+02    7.532e+19    2.371e-02      36.53s       0         
314  1.945e+02    inf          3.137e+00      1.750e+02    7.532e+19    2.371e-02      36.01s       0         
315  1.907e+02    inf          1.152e+00      2.000e+02    1.750e+39    2.382e-02      30.69s       0         
316  1.961e+02    inf          2.005e+00      1.690e+02    7.228e+17    2.383e-02      29.66s       0         
317  1.947e+02    inf          9.551e-01      1.690e+02    7.228e+17    2.383e-02      24.27s       0         
318  1.979e+02    inf          2.347e+00      1.690e+02    7.228e+17    2.383e-02      22.94s       0         
319  1.940e+02    inf          5.411e+01      1.690e+02    7.228e+17    2.383e-02      16.89s       0         
320  1.928e+02    inf          5.132e+01      1.990e+02    9.079e+34    2.381e-02      14.58s       0         
321  1.954e+02    inf          1.798e+00      1.980e+02    1.647e+34    2.376e-02      11.21s       0         
322  1.968e+02    inf          3.465e+00      1.720e+02    8.952e+18    2.379e-02      7.23s        0         
323  1.986e+02    inf          1.555e+00      1.690e+02    7.228e+17    2.383e-02      3.81s        0         
324  2.020e+02    inf          7.279e-01      1.850e+02    1.062e+31    2.381e-02      0.00s        0         
325  1.979e+02    inf          2.203e+00      1.840e+02    8.124e+30    2.381e-02      1.50m        0         
326  1.956e+02    inf          1.327e+00      1.740e+02    1.619e+21    2.380e-02      1.45m        0         
327  1.939e+02    inf          5.520e+00      1.700e+02    6.767e+20    2.380e-02      1.23m        0         
328  1.952e+02    inf          6.012e+01      1.870e+02    1.537e+25    2.379e-02      1.29m        0         
329  1.973e+02    inf          1.166e+01      1.690e+02    1.066e+17    2.381e-02      1.14m        0         
330  1.956e+02    inf          1.569e+00      1.690e+02    1.066e+17    2.381e-02      1.18m        0         
331  1.993e+02    inf          2.829e+00      2.070e+02    9.982e+40    2.375e-02      1.01m        0         
332  1.952e+02    inf          3.308e+00      2.070e+02    6.752e+28    2.372e-02      1.04m        0         
333  1.943e+02    inf          2.353e+00      2.440e+02    1.218e+21    2.369e-02      54.16s       0         
334  1.965e+02    inf          1.069e+00      2.420e+02    1.218e+21    2.370e-02      55.79s       0         
335  1.993e+02    inf          2.223e+00      2.310e+02    5.568e+47    2.349e-02      47.44s       0         
336  2.052e+02    inf          2.412e+00      2.500e+02    3.879e+67    2.360e-02      44.98s       0         
337  2.047e+02    inf          4.692e+01      2.080e+02    1.218e+21    2.319e-02      47.83s       0         
338  2.079e+02    inf          2.237e+03      2.110e+02    4.417e+22    2.320e-02      38.91s       0         
339  2.066e+02    inf          9.958e+01      2.100e+02    4.417e+22    2.310e-02      39.48s       0         
340  2.040e+02    inf          1.458e+00      2.370e+02    9.918e+25    2.311e-02      32.00s       0         
341  2.009e+02    inf          3.841e+00      2.300e+02    9.015e+55    2.297e-02      31.70s       0         
342  1.996e+02    inf          7.079e-01      2.650e+02    5.911e+89    2.305e-02      26.56s       0         
343  2.025e+02    inf          4.682e+00      2.370e+02    1.021e+20    2.294e-02      21.36s       0         
344  1.986e+02    inf          5.169e+00      2.340e+02    1.021e+20    2.294e-02      19.38s       0         
345  2.026e+02    inf          8.934e+00      2.460e+02    1.984e+63    2.299e-02      13.74s       0         
346  2.039e+02    inf          1.175e+02      2.510e+02    1.792e+23    2.296e-02      11.10s       0         
347  2.003e+02    inf          1.119e+01      1.810e+02    3.522e+20    2.295e-02      6.81s        0         
348  2.007e+02    inf          6.599e-01      1.810e+02    3.522e+20    2.295e-02      3.82s        0         
349  2.041e+02    inf          5.058e+00      1.810e+02    3.522e+20    2.295e-02      0.00s        0         
350  1.982e+02    inf          6.427e+00      1.810e+02    3.522e+20    2.295e-02      1.38m        0         
351  2.022e+02    3.602e+274   9.801e-01      2.510e+02    5.706e+47    2.275e-02      1.44m        0         
352  1.997e+02    inf          1.073e+00      2.540e+02    5.706e+47    2.275e-02      1.32m        0         
353  1.990e+02    inf          1.719e+02      2.680e+02    5.706e+47    2.274e-02      1.36m        0         
354  1.998e+02    inf          1.039e+00      2.800e+02    5.706e+47    2.274e-02      1.22m        0         
355  1.967e+02    inf          7.740e-01      2.510e+02    9.452e+46    2.280e-02      1.15m        0         
356  1.956e+02    inf          4.838e+00      1.710e+02    3.183e+16    2.295e-02      1.17m        0         
357  1.940e+02    inf          1.423e+00      1.710e+02    3.183e+16    2.295e-02      59.63s       0         
358  1.981e+02    inf          9.840e+01      1.710e+02    3.183e+16    2.295e-02      1.05m        0         
359  1.986e+02    inf          8.307e-01      1.710e+02    3.183e+16    2.295e-02      51.76s       0         
360  1.995e+02    inf          6.015e-01      1.710e+02    3.183e+16    2.295e-02      46.63s       0         
361  1.965e+02    inf          2.040e+02      2.480e+02    7.111e+37    2.286e-02      47.54s       0         
362  2.014e+02    inf          5.774e+01      2.470e+02    1.593e+40    2.287e-02      41.75s       0         
363  1.961e+02    inf          1.575e+00      2.440e+02    6.882e+37    2.287e-02      41.30s       0         
364  1.986e+02    inf          2.989e+03      2.410e+02    6.882e+37    2.289e-02      34.47s       0         
365  2.007e+02    inf          4.673e+02      2.170e+02    1.104e+47    2.268e-02      34.81s       0         
366  2.007e+02    inf          1.137e+00      2.110e+02    1.378e+43    2.268e-02      27.86s       0         
367  1.995e+02    inf          7.055e+00      2.160e+02    4.162e+46    2.267e-02      24.71s       0         
368  2.010e+02    inf          9.579e-01      2.290e+02    1.507e+121   2.267e-02      23.42s       0         
369  1.954e+02    inf          1.870e+00      2.110e+02    4.850e+42    2.267e-02      17.97s       0         
370  2.009e+02    inf          2.879e+00      2.790e+02    1.798e+308   2.267e-02      15.55s       0         
371  2.027e+02    inf          7.547e-01      2.870e+02    1.629e+306   2.267e-02      12.10s       0         
372  1.979e+02    inf          6.395e+00      2.370e+02    3.967e+66    2.293e-02      7.09s        0         
373  2.009e+02    inf          1.077e+00      1.710e+02    3.183e+16    2.293e-02      3.81s        0         
374  2.025e+02    inf          1.011e+00      1.710e+02    3.183e+16    2.293e-02      0.00s        0         
375  2.007e+02    inf          2.375e+00      1.710e+02    3.183e+16    2.293e-02      1.56m        0         
376  1.973e+02    inf          8.838e-01      1.710e+02    3.183e+16    2.293e-02      1.48m        0         
377  1.982e+02    inf          2.256e+00      1.710e+02    3.183e+16    2.293e-02      1.29m        0         
378  2.001e+02    inf          3.740e+00      1.710e+02    3.183e+16    2.293e-02      1.32m        0         
379  2.076e+02    inf          6.414e+00      1.710e+02    3.183e+16    2.293e-02      1.17m        0         
380  2.039e+02    inf          2.347e+01      2.010e+02    1.478e+27    2.291e-02      1.21m        0         
381  1.997e+02    inf          1.405e+00      2.080e+02    2.208e+50    2.290e-02      1.11m        0         
382  1.986e+02    inf          2.549e+00      2.440e+02    5.559e+92    2.277e-02      58.31s       0         
383  1.979e+02    inf          3.745e+00      1.800e+02    1.489e+18    2.272e-02      1.04m        0         
384  1.984e+02    inf          5.140e-01      1.790e+02    7.879e+19    2.271e-02      53.14s       0         
385  2.000e+02    inf          2.862e+00      1.880e+02    4.008e+25    2.293e-02      54.09s       0         
386  1.959e+02    inf          4.199e+02      1.960e+02    4.506e+25    2.288e-02      46.44s       0         
387  1.995e+02    inf          1.548e+00      1.980e+02    3.507e+27    2.283e-02      47.00s       0         
388  1.969e+02    inf          1.446e+00      1.960e+02    4.506e+25    2.288e-02      42.35s       0         
389  1.986e+02    inf          9.910e-01      1.710e+02    3.183e+16    2.293e-02      35.31s       0         
390  1.999e+02    inf          6.547e+01      1.840e+02    6.376e+24    2.292e-02      33.44s       0         
391  2.021e+02    inf          3.251e+02      2.690e+02    2.234e+48    2.293e-02      28.04s       0         
392  1.991e+02    inf          1.341e+01      1.710e+02    3.183e+16    2.293e-02      26.24s       0         
393  1.988e+02    inf          7.562e-01      2.080e+02    3.128e+40    2.290e-02      20.08s       0         
394  1.994e+02    inf          6.844e-01      1.710e+02    3.183e+16    2.293e-02      18.43s       0         
395  1.959e+02    inf          6.622e+00      1.710e+02    3.183e+16    2.293e-02      15.11s       0         
396  1.961e+02    inf          2.210e+00      2.060e+02    2.264e+23    2.292e-02      10.30s       0         
397  1.997e+02    inf          8.933e-01      1.710e+02    3.183e+16    2.293e-02      7.59s        0         
398  1.986e+02    inf          1.345e+00      2.160e+02    2.730e+23    2.283e-02      3.36s        0         
399  2.046e+02    inf          9.466e-01      1.710e+02    3.183e+16    2.293e-02      0.00s        0         
400  2.017e+02    inf          8.646e+01      2.090e+02    5.718e+24    2.292e-02      1.39m        0         
401  2.062e+02    inf          3.221e+00      1.960e+02    7.879e+16    2.291e-02      1.50m        0         
402  2.036e+02    inf          4.831e+02      1.710e+02    3.183e+16    2.293e-02      1.33m        0         
403  1.989e+02    inf          9.774e+00      2.030e+02    3.039e+27    2.285e-02      1.26m        0         
404  2.029e+02    inf          1.294e+01      2.070e+02    3.039e+27    2.269e-02      1.29m        0         
405  2.041e+02    inf          1.253e+02      2.060e+02    3.039e+27    2.280e-02      1.15m        0         
406  2.036e+02    inf          1.211e+00      2.190e+02    3.450e+27    2.289e-02      1.14m        0         
407  2.043e+02    inf          1.605e+00      2.210e+02    4.356e+27    2.285e-02      59.51s       0         
408  2.022e+02    inf          1.192e+00      2.180e+02    3.811e+27    2.285e-02      1.04m        0         
409  2.039e+02    inf          6.411e-01      2.200e+02    5.112e+27    2.286e-02      55.75s       0         
410  2.017e+02    inf          1.510e+00      2.230e+02    6.070e+22    2.287e-02      49.76s       0         
411  2.055e+02    inf          7.799e-01      1.700e+02    2.245e+16    2.293e-02      52.17s       0         
412  2.056e+02    inf          2.269e+00      1.950e+02    1.065e+17    2.279e-02      44.31s       0         
413  2.043e+02    inf          3.813e+03      1.870e+02    1.963e+17    2.275e-02      42.97s       0         
414  2.004e+02    inf          1.505e+00      1.890e+02    2.466e+16    2.290e-02      39.73s       0         
415  1.962e+02    inf          3.241e+00      1.970e+02    3.005e+17    2.277e-02      31.20s       0         
416  1.971e+02    inf          1.156e+00      1.700e+02    2.245e+16    2.293e-02      28.79s       0         
417  1.963e+02    inf          2.820e+00      1.850e+02    2.026e+17    2.292e-02      23.59s       0         
418  1.983e+02    inf          8.588e-01      1.860e+02    3.016e+17    2.278e-02      21.94s       0         
419  2.005e+02    inf          2.124e+00      1.700e+02    2.245e+16    2.293e-02      16.96s       0         
420  1.993e+02    inf          3.137e+01      1.920e+02    2.349e+17    2.286e-02      15.08s       0         
421  2.032e+02    inf          2.494e+02      2.250e+02    8.253e+25    2.265e-02      11.19s       0         
422  2.048e+02    inf          1.580e+00      2.600e+02    8.103e+75    2.246e-02      7.25s        0         
423  2.019e+02    inf          2.155e+00      2.610e+02    8.103e+75    2.244e-02      3.92s        0         
424  1.978e+02    inf          1.110e+00      2.630e+02    8.103e+75    2.260e-02      0.00s        0         
425  2.020e+02    inf          1.615e+04      2.860e+02    3.239e+77    2.257e-02      1.54m        0         
426  2.048e+02    inf          2.331e+00      2.110e+02    4.110e+24    2.259e-02      1.31m        0         
427  2.070e+02    inf          1.451e+02      2.130e+02    1.812e+24    2.255e-02      1.28m        0         
428  2.089e+02    inf          2.919e+00      2.830e+02    2.903e+101   2.253e-02      1.36m        0         
429  2.069e+02    inf          1.252e+01      2.070e+02    6.115e+30    2.225e-02      1.22m        0         
430  2.093e+02    inf          1.276e+02      2.080e+02    7.388e+30    2.225e-02      1.23m        0         
431  2.066e+02    inf          7.212e+00      2.040e+02    8.909e+26    2.225e-02      1.20m        0         
432  2.065e+02    inf          9.009e+00      2.040e+02    4.248e+27    2.228e-02      59.17s       0         
433  2.072e+02    inf          1.653e+00      2.030e+02    1.396e+25    2.242e-02      1.03m        0         
434  2.065e+02    inf          1.591e+00      2.010e+02    3.751e+23    2.239e-02      54.02s       0         
435  2.072e+02    inf          1.271e+00      2.020e+02    1.644e+24    2.239e-02      58.17s       0         
436  2.056e+02    inf          1.777e+02      2.400e+02    1.490e+46    2.234e-02      45.95s       0         
437  2.022e+02    inf          7.558e-01      2.420e+02    1.490e+46    2.234e-02      46.47s       0         
438  2.079e+02    3.340e+244   1.648e+01      2.880e+02    7.936e+152   2.234e-02      43.32s       0         
439  2.080e+02    inf          2.919e+00      2.070e+02    9.167e+32    2.233e-02      35.55s       0         
440  2.119e+02    inf          1.135e+00      2.360e+02    1.948e+36    2.231e-02      36.48s       0         
441  2.048e+02    1.844e+294   9.186e+00      2.020e+02    4.287e+28    2.239e-02      28.22s       0         
442  2.089e+02    inf          1.507e+01      2.070e+02    3.134e+32    2.241e-02      27.11s       0         
443  2.058e+02    inf          7.493e+00      2.700e+02    1.313e+164   2.240e-02      21.38s       0         
444  2.062e+02    inf          8.615e+01      2.310e+02    2.697e+31    2.239e-02      16.85s       0         
445  2.075e+02    inf          6.540e+00      2.410e+02    9.761e+27    2.238e-02      14.98s       0         
446  2.082e+02    inf          1.949e+00      2.270e+02    1.062e+29    2.239e-02      10.64s       0         
447  2.096e+02    inf          5.679e+04      2.290e+02    1.151e+44    2.240e-02      8.02s        0         
448  2.149e+02    inf          1.724e+00      2.270e+02    1.151e+44    2.232e-02      3.67s        0         
449  2.096e+02    inf          2.352e+00      3.060e+02    5.875e+165   2.234e-02      0.00s        0         
450  2.095e+02    inf          1.154e+00      2.470e+02    1.525e+32    2.236e-02      1.59m        0         
451  2.124e+02    inf          9.655e+02      2.650e+02    2.904e+48    2.233e-02      1.44m        0         
452  2.117e+02    inf          1.305e+00      2.380e+02    6.483e+31    2.239e-02      1.41m        0         
453  2.128e+02    inf          1.637e+00      2.480e+02    6.247e+33    2.244e-02      1.27m        0         
454  2.119e+02    inf          7.873e-01      2.550e+02    1.422e+54    2.239e-02      1.32m        0         
455  2.121e+02    inf          7.169e+00      2.060e+02    2.485e+29    2.233e-02      1.23m        0         
456  2.095e+02    inf          1.909e+02      3.300e+02    1.798e+308   2.237e-02      1.10m        0         
457  2.039e+02    inf          9.639e-01      2.030e+02    3.037e+29    2.231e-02      1.08m        0         
458  2.131e+02    inf          1.417e+00      2.240e+02    3.037e+29    2.217e-02      56.42s       0         
459  2.089e+02    inf          1.536e+00      2.460e+02    6.456e+40    2.194e-02      57.69s       0         
460  2.044e+02    inf          8.419e-01      2.420e+02    6.456e+40    2.199e-02      49.49s       0         
461  2.070e+02    inf          7.351e+00      2.260e+02    6.541e+38    2.200e-02      48.70s       0         
462  2.082e+02    inf          5.025e+01      2.270e+02    2.781e+40    2.196e-02      42.28s       0         
463  2.133e+02    inf          7.823e-01      4.310e+02    1.798e+308   2.196e-02      39.33s       0         
464  2.098e+02    inf          1.544e+00      2.310e+02    5.389e+40    2.197e-02      39.09s       0         
465  2.132e+02    inf          1.252e+00      2.180e+02    4.809e+28    2.203e-02      32.57s       0         
466  2.091e+02    inf          1.998e+00      2.880e+02    2.084e+80    2.196e-02      31.22s       0         
467  2.072e+02    inf          2.689e+00      2.730e+02    6.754e+82    2.205e-02      24.09s       0         
468  2.087e+02    inf          2.314e+00      2.060e+02    3.169e+26    2.213e-02      21.42s       0         
469  2.136e+02    inf          8.789e-01      2.310e+02    9.335e+33    2.212e-02      19.31s       0         
470  2.091e+02    inf          4.743e+00      2.610e+02    1.640e+43    2.189e-02      13.74s       0         
471  2.091e+02    inf          4.983e-01      2.040e+02    1.855e+25    2.214e-02      11.51s       0         
472  2.077e+02    inf          9.674e-01      2.710e+02    3.005e+78    2.211e-02      7.32s        0         
473  2.083e+02    inf          1.261e+00      2.690e+02    3.005e+78    2.211e-02      3.94s        0         
474  2.140e+02    inf          2.182e+02      2.200e+02    5.204e+39    2.201e-02      0.00s        0         
475  2.117e+02    inf          5.282e+00      2.300e+02    1.257e+45    2.200e-02      1.42m        0         
476  2.113e+02    inf          4.399e+02      2.320e+02    2.603e+53    2.200e-02      1.47m        0         
477  2.075e+02    inf          1.193e+00      2.110e+02    3.435e+31    2.193e-02      1.25m        0         
478  2.062e+02    inf          5.080e+00      2.060e+02    3.297e+29    2.193e-02      1.30m        0         
479  2.106e+02    inf          1.581e+00      2.060e+02    4.614e+30    2.192e-02      1.24m        0         
480  2.127e+02    inf          4.763e+00      2.200e+02    6.962e+30    2.189e-02      1.11m        0         
481  2.119e+02    inf          1.333e+00      2.270e+02    7.371e+51    2.190e-02      1.13m        0         
482  2.100e+02    inf          4.885e+00      2.930e+02    1.454e+73    2.176e-02      58.23s       0         
483  2.153e+02    inf          8.621e+01      2.930e+02    1.368e+71    2.176e-02      1.02m        0         
484  2.113e+02    inf          1.528e+02      3.230e+02    2.979e+154   2.183e-02      54.66s       0         
485  2.151e+02    inf          1.010e+00      2.130e+02    2.259e+25    2.177e-02      56.13s       0         
486  2.127e+02    inf          6.590e+01      2.120e+02    2.259e+25    2.160e-02      51.53s       0         
487  2.083e+02    inf          1.606e+00      2.200e+02    3.180e+26    2.159e-02      43.39s       0         
488  2.084e+02    inf          1.750e+00      2.260e+02    1.733e+29    2.170e-02      43.29s       0         
489  2.054e+02    2.247e+305   5.358e+00      2.650e+02    5.164e+32    2.160e-02      35.22s       0         
490  2.106e+02    inf          1.354e+00      2.220e+02    3.679e+26    2.164e-02      35.23s       0         
491  2.084e+02    inf          4.950e+00      2.240e+02    3.679e+26    2.151e-02      33.15s       0         
492  2.076e+02    inf          1.569e+00      2.250e+02    3.679e+26    2.151e-02      24.53s       0         
493  2.104e+02    inf          2.115e+00      2.330e+02    4.746e+28    2.150e-02      23.52s       0         
494  2.168e+02    inf          4.208e+02      2.030e+02    2.623e+22    2.133e-02      18.25s       0         
495  2.101e+02    inf          1.286e+00      2.310e+02    7.410e+29    2.151e-02      16.02s       0         
496  2.124e+02    inf          1.387e+00      2.700e+02    9.755e+75    2.150e-02      10.70s       0         
497  2.112e+02    inf          6.754e+01      2.400e+02    1.074e+27    2.152e-02      7.21s        0         
498  2.136e+02    inf          9.926e-01      2.610e+02    4.561e+26    2.155e-02      4.06s        0         
499  2.097e+02    inf          4.037e+00      2.650e+02    4.797e+26    2.154e-02      0.00s        0         





Time: 0h:28m:14s
####   Data for the best program   ####
Best Program: sub(mul(sub(add(cos(mul(X1, X1)), sin(cos(sub(div(sub(sub(mul(0.924, X1), sin(X0)), cos(add(X1, X0))), sin(div(sin(sin(sin(X1))), mul(X1, 0.612)))), sin(cos(sub(X1, add(1.632, X0)))))))), X0), mul(sub(add(cos(mul(X1, X1)), cos(sub(sin(X0), sin(cos(sub(X1, mul(X1, X0))))))), X0), sub(add(cos(sub(X1, cos(sub(add(cos(sub(X1, cos(sub(X1, cos(add(cos(sin(sin(sin(X1)))), cos(sub(sin(X0), sin(cos(sub(sub(add(X0, sin(sin(X1))), sub(0.095, mul(X0, cos(mul(cos(sub(cos(X0), cos(mul(cos(sin(X1)), X1)))), X1))))), mul(cos(sin(sin(add(X0, 1.880)))), mul(0.095, mul(X1, 0.612)))))))))))))), sin(mul(X1, X0))), mul(0.095, div(cos(sub(sub(mul(X0, X0), cos(mul(cos(sub(mul(0.924, X1), sin(add(X0, 1.880)))), X1))), sub(add(cos(add(X0, X0)), sin(sin(sub(add(sub(add(sub(add(cos(mul(X0, X1)), cos(cos(sub(sub(add(X0, sin(sin(X1))), sub(0.095, mul(X0, cos(cos(sub(cos(sin(sin(add(X0, 1.880)))), cos(sub(cos(sub(X1, add(1.632, X0))), sin(X1))))))))), mul(X1, mul(0.095, sub(add(mul(cos(add(X0, X0)), mul(0.095, sub(add(cos(cos(mul(X1, X1))), cos(add(X0, X0))), X0))), X1), X0))))))), X0), X1), X0), X1), X0)))), add(1.632, X0)))), sub(X1, 1.908))))))), mul(X1, X0)), mul(0.095, mul(X1, sub(cos(sub(X1, add(1.632, mul(X0, 1.255)))), cos(sin(sin(add(X0, 1.880)))))))))), cos(sin(cos(sub(X1, sin(sin(X0)))))))
Best Program Complexity: 265
Raw Fitness: 0.021540403244616188
Penalized Fitness: 0.032140403244616186
Estimator		Train-rmse: 0.021540403244616188	Test-rmse: 0.021706462760531457	Test-R^2: 0.9984268877845537

{'complexity': 'length', 'const_range': (1e-10, 2.0), 'elitism_size': 1, 'function_set': ('add', 'sub', 'div', 'mul', 'sin', 'cos'), 'generations': 500, 'init_depth': (3, 6), 'init_method': 'half and half', 'low_memory': True, 'max_samples': 1.0, 'metric': 'rmse', 'n_jobs': 2, 'p_crossover': 0.8, 'p_hoist_mutation': 0.0, 'p_point_mutation': 0.09999999999999998, 'p_point_replace': 0.05, 'p_subtree_mutation': 0.09999999999999998, 'paretogp': False, 'paretogp_lengths': (5, 130), 'parsimony_coefficient': 4e-05, 'population_size': 800, 'random_state': 2022175716, 'selection': 'tournament', 'stopping_criteria': 1e-10, 'tournament_size': 11, 'verbose': 1, 'warm_start': True}
