    |          Population Average          |           Best Individual            |
---- -------------------------------------- -------------------------------------- ----------
Gen  Length       Kommenda     Fitness        Length       Kommenda     Fitness        Time Left    Front Size
0    3.692e+01    1.740e+16    9.876e+16      7.000e+00    3.100e+01    2.070e-01      14.93s       7         
1    7.468e+00    2.315e+05    8.740e+01      9.000e+00    1.800e+01    1.526e-01      9.01s        6         
2    6.850e+00    2.255e+03    3.060e+01      5.000e+00    1.000e+01    1.258e-01      9.20s        4         
3    6.298e+00    2.815e+04    4.629e+02      5.000e+00    3.000e+00    1.015e-01      7.56s        1         
4    5.020e+00    3.797e+04    1.352e+05      5.000e+00    3.000e+00    1.011e-01      7.34s        1         
5    5.285e+00    2.602e+03    1.947e+06      5.000e+00    3.000e+00    1.011e-01      6.33s        1         
6    4.795e+00    5.926e+02    9.524e+00      5.000e+00    3.000e+00    1.011e-01      5.83s        1         
7    4.550e+00    2.824e+06    1.608e+05      5.000e+00    3.000e+00    1.011e-01      5.38s        1         
8    3.632e+00    2.245e+02    2.576e+01      5.000e+00    3.000e+00    1.011e-01      4.86s        1         
9    3.480e+00    3.666e+01    5.355e+04      5.000e+00    3.000e+00    1.011e-01      4.54s        1         
10   3.667e+00    3.961e+03    1.814e+01      5.000e+00    3.000e+00    1.011e-01      5.04s        1         
11   3.678e+00    1.013e+07    4.891e+07      5.000e+00    3.000e+00    1.011e-01      4.01s        1         
12   4.035e+00    4.367e+03    1.145e+06      5.000e+00    3.000e+00    1.011e-01      3.75s        1         
13   3.897e+00    1.210e+06    1.488e+10      1.100e+01    3.000e+01    8.836e-02      3.46s        2         
14   6.107e+00    2.882e+02    2.549e+05      1.100e+01    3.000e+01    7.012e-02      3.67s        4         
15   8.783e+00    1.925e+02    2.673e+04      1.300e+01    9.000e+01    5.714e-02      3.75s        6         
16   9.172e+00    4.505e+03    6.097e+02      9.000e+00    2.900e+01    5.268e-02      3.46s        6         
17   8.518e+00    2.573e+04    8.730e+04      9.000e+00    2.900e+01    5.268e-02      3.06s        5         
18   7.553e+00    2.976e+02    4.656e+01      9.000e+00    2.900e+01    5.268e-02      2.40s        5         
19   7.348e+00    3.329e+03    2.342e+04      9.000e+00    2.900e+01    5.268e-02      2.08s        5         
20   7.370e+00    4.296e+06    2.925e+04      9.000e+00    2.900e+01    5.268e-02      1.65s        5         
21   7.265e+00    5.027e+01    2.368e+01      9.000e+00    2.900e+01    5.268e-02      1.19s        5         
22   7.340e+00    3.752e+02    9.926e+00      9.000e+00    2.800e+01    5.268e-02      0.81s        5         
23   7.425e+00    1.338e+02    4.096e+01      9.000e+00    2.800e+01    5.268e-02      0.40s        5         
24   7.287e+00    1.961e+02    5.077e+01      9.000e+00    2.800e+01    5.268e-02      0.00s        5         
25   7.518e+00    1.686e+03    7.919e+02      9.000e+00    2.800e+01    5.268e-02      9.83s        5         
26   7.420e+00    5.916e+01    4.216e+01      9.000e+00    2.800e+01    5.268e-02      9.22s        5         
27   7.673e+00    1.177e+02    3.125e+04      9.000e+00    2.800e+01    5.268e-02      8.95s        5         
28   7.897e+00    1.172e+08    3.147e+02      9.000e+00    2.800e+01    5.268e-02      8.72s        5         
29   7.520e+00    2.761e+02    4.914e+02      9.000e+00    2.800e+01    5.268e-02      7.88s        5         
30   7.550e+00    4.882e+02    9.970e+03      9.000e+00    2.800e+01    5.268e-02      7.74s        5         
31   7.555e+00    3.023e+02    2.357e+03      9.000e+00    2.800e+01    5.268e-02      8.32s        5         
32   7.718e+00    1.888e+11    2.842e+05      9.000e+00    2.800e+01    5.268e-02      6.99s        6         
33   8.053e+00    8.855e+04    1.002e+02      9.000e+00    2.700e+01    5.268e-02      6.72s        7         
34   7.397e+00    9.421e+01    3.683e+01      9.000e+00    2.700e+01    5.268e-02      5.97s        7         
35   7.362e+00    4.010e+02    9.771e+04      1.100e+01    9.200e+01    4.938e-02      5.47s        8         
36   8.232e+00    4.647e+04    1.355e+03      1.100e+01    9.200e+01    4.938e-02      5.48s        8         
37   7.820e+00    1.762e+02    1.247e+04      1.100e+01    9.200e+01    4.938e-02      4.99s        8         
38   7.810e+00    3.894e+04    5.736e+04      1.100e+01    9.200e+01    4.938e-02      4.54s        8         
39   7.830e+00    9.626e+01    1.298e+03      1.100e+01    9.200e+01    4.938e-02      4.14s        8         
40   8.095e+00    9.097e+02    3.602e+05      1.100e+01    9.200e+01    4.938e-02      3.79s        8         
41   7.765e+00    2.500e+03    7.559e+02      1.100e+01    9.200e+01    4.938e-02      3.23s        7         
42   8.238e+00    1.141e+06    2.333e+08      1.100e+01    8.100e+01    4.938e-02      2.96s        7         
43   8.210e+00    3.796e+02    1.159e+02      1.100e+01    8.100e+01    4.938e-02      2.49s        7         
44   8.070e+00    6.409e+05    1.493e+05      1.100e+01    8.100e+01    4.938e-02      2.08s        7         
45   8.293e+00    5.389e+02    2.574e+05      1.100e+01    8.100e+01    4.938e-02      1.65s        7         
46   8.245e+00    3.504e+03    2.925e+02      1.100e+01    8.100e+01    4.938e-02      1.25s        7         
47   8.050e+00    7.917e+01    1.150e+05      1.100e+01    8.100e+01    4.938e-02      0.84s        7         
48   8.460e+00    1.541e+02    6.488e+01      1.100e+01    8.100e+01    4.938e-02      0.41s        7         
49   8.047e+00    6.715e+05    7.250e+12      1.100e+01    8.100e+01    4.938e-02      0.00s        7         
50   8.230e+00    1.201e+02    1.898e+04      2.100e+01    2.190e+02    4.650e-02      10.14s       8         
51   9.338e+00    6.849e+08    8.233e+01      1.900e+01    1.350e+02    4.526e-02      10.05s       9         
52   1.046e+01    1.531e+05    2.052e+10      1.500e+01    8.700e+01    4.436e-02      11.33s       9         
53   1.001e+01    1.413e+03    8.188e+01      1.500e+01    3.500e+01    4.227e-02      9.43s        7         
54   9.203e+00    6.036e+01    1.721e+01      1.500e+01    3.500e+01    4.227e-02      8.77s        7         
55   8.915e+00    4.948e+01    1.184e+05      1.900e+01    5.900e+01    3.749e-02      8.25s        8         
56   1.035e+01    7.513e+04    6.343e+01      1.900e+01    5.900e+01    3.749e-02      8.18s        8         
57   1.066e+01    3.930e+10    1.377e+04      1.900e+01    5.900e+01    3.749e-02      7.72s        8         
58   1.033e+01    2.065e+03    3.806e+02      2.100e+01    9.100e+01    3.605e-02      7.33s        9         
59   1.176e+01    1.184e+02    1.878e+04      2.100e+01    9.100e+01    3.605e-02      6.89s        9         
60   1.161e+01    8.125e+09    2.007e+04      2.100e+01    1.190e+02    3.300e-02      6.83s        10        
61   1.311e+01    4.928e+11    5.518e+02      2.100e+01    1.190e+02    3.258e-02      6.55s        9         
62   1.371e+01    9.099e+03    4.423e+04      2.100e+01    1.190e+02    3.258e-02      6.06s        8         
63   1.295e+01    1.187e+02    5.146e+05      2.100e+01    1.190e+02    3.258e-02      5.48s        8         
64   1.378e+01    1.608e+02    1.992e+01      2.100e+01    1.190e+02    3.258e-02      5.11s        8         
65   1.296e+01    1.134e+02    1.170e+12      2.100e+01    1.190e+02    3.258e-02      4.43s        9         
66   1.292e+01    3.188e+02    2.592e+03      2.500e+01    4.170e+02    3.089e-02      3.91s        10        
67   1.372e+01    2.799e+04    2.577e+01      2.500e+01    3.450e+02    3.019e-02      3.69s        10        
68   1.473e+01    2.818e+03    4.485e+09      2.700e+01    3.450e+02    2.785e-02      3.13s        12        
69   1.577e+01    1.172e+03    5.651e+01      3.100e+01    4.890e+02    2.782e-02      2.68s        13        
70   1.732e+01    7.228e+10    9.556e+04      2.700e+01    2.970e+02    2.757e-02      2.47s        12        
71   1.694e+01    4.910e+02    1.501e+01      3.300e+01    6.570e+02    2.626e-02      1.63s        13        
72   1.784e+01    1.295e+04    1.363e+03      3.500e+01    2.529e+03    2.490e-02      1.16s        16        
73   2.059e+01    6.955e+03    3.239e+04      3.500e+01    2.529e+03    2.490e-02      0.62s        16        
74   2.111e+01    1.761e+04    4.128e+01      3.100e+01    8.010e+02    2.313e-02      0.00s        18        
75   2.191e+01    2.974e+04    2.335e+02      3.100e+01    8.010e+02    2.313e-02      15.15s       19        
76   2.091e+01    1.329e+05    7.341e+01      2.900e+01    2.770e+02    1.678e-02      14.25s       15        
77   1.815e+01    9.381e+04    1.653e+03      2.900e+01    2.770e+02    1.678e-02      12.78s       16        
78   1.713e+01    5.759e+02    1.928e+01      2.900e+01    2.770e+02    1.678e-02      12.29s       15        
79   1.877e+01    4.038e+08    5.510e+02      2.900e+01    2.770e+02    1.678e-02      11.59s       16        
80   1.841e+01    1.762e+03    7.864e+01      2.900e+01    2.770e+02    1.678e-02      10.89s       15        
81   1.800e+01    3.808e+02    1.584e+01      2.900e+01    2.770e+02    1.678e-02      10.16s       15        
82   1.840e+01    2.592e+03    8.980e+06      2.900e+01    2.770e+02    1.678e-02      9.55s        15        
83   1.770e+01    5.382e+06    1.570e+01      2.900e+01    3.010e+02    1.582e-02      9.40s        15        
84   1.739e+01    1.992e+03    3.591e+01      2.900e+01    3.010e+02    1.582e-02      8.36s        15        
85   1.871e+01    4.588e+07    3.805e+01      2.900e+01    3.010e+02    1.582e-02      9.00s        15        
86   1.963e+01    1.417e+07    1.104e+06      2.900e+01    3.250e+02    1.363e-02      7.80s        16        
87   1.856e+01    2.172e+02    2.194e+01      2.900e+01    3.250e+02    1.363e-02      6.75s        17        
88   1.921e+01    1.201e+04    3.738e+02      2.900e+01    3.250e+02    1.363e-02      6.47s        17        
89   1.980e+01    1.283e+06    4.926e+04      2.900e+01    3.250e+02    1.363e-02      5.96s        17        
90   2.077e+01    1.898e+06    3.400e+04      2.900e+01    3.250e+02    1.363e-02      5.34s        17        
91   1.901e+01    4.063e+02    2.118e+01      2.700e+01    2.050e+02    1.337e-02      4.99s        15        
92   1.871e+01    4.169e+14    1.568e+01      2.700e+01    2.050e+02    1.337e-02      4.05s        15        
93   1.785e+01    2.001e+03    3.608e+01      2.700e+01    2.050e+02    1.337e-02      3.41s        15        
94   1.870e+01    1.045e+03    8.295e+04      2.700e+01    2.050e+02    1.337e-02      2.92s        15        
95   1.794e+01    2.309e+03    1.160e+01      2.700e+01    2.050e+02    1.337e-02      2.22s        15        
96   1.775e+01    1.824e+06    5.785e+04      2.700e+01    2.050e+02    1.337e-02      1.74s        15        
97   1.780e+01    4.345e+06    6.276e+01      2.700e+01    2.050e+02    1.337e-02      1.14s        16        
98   1.847e+01    1.973e+07    1.353e+03      2.700e+01    2.050e+02    1.337e-02      0.60s        17        
99   1.853e+01    5.359e+03    1.834e+05      2.700e+01    2.050e+02    1.337e-02      0.00s        17        
100  1.819e+01    1.731e+03    1.926e+04      2.700e+01    2.050e+02    1.337e-02      14.00s       17        
101  1.814e+01    4.693e+03    6.711e+00      2.700e+01    2.050e+02    1.337e-02      14.72s       17        
102  1.790e+01    4.210e+03    2.277e+01      2.700e+01    2.050e+02    1.337e-02      12.59s       17        
103  1.866e+01    5.228e+03    4.103e+01      2.700e+01    2.050e+02    1.337e-02      12.13s       17        
104  1.812e+01    7.310e+09    1.347e+03      2.700e+01    2.050e+02    1.337e-02      11.70s       17        
105  1.801e+01    8.629e+06    2.094e+05      2.700e+01    2.050e+02    1.337e-02      10.98s       18        
106  1.891e+01    4.174e+02    1.635e+01      2.700e+01    2.050e+02    1.337e-02      10.35s       18        
107  1.828e+01    8.819e+06    5.463e+03      2.700e+01    2.050e+02    1.337e-02      9.75s        18        
108  1.769e+01    2.659e+05    6.451e+01      2.700e+01    2.050e+02    1.337e-02      9.32s        18        
109  1.745e+01    6.856e+02    3.576e+01      2.700e+01    2.050e+02    1.337e-02      8.45s        15        
110  1.862e+01    8.115e+02    1.089e+02      2.700e+01    2.050e+02    1.337e-02      7.95s        15        
111  1.886e+01    1.424e+03    1.555e+01      2.700e+01    2.050e+02    1.337e-02      7.57s        16        
112  1.891e+01    6.560e+05    5.432e+01      2.700e+01    2.050e+02    1.337e-02      7.02s        17        
113  1.886e+01    1.140e+03    7.821e+00      2.700e+01    2.050e+02    1.337e-02      6.33s        17        
114  1.900e+01    3.825e+02    2.196e+00      2.700e+01    2.050e+02    1.337e-02      5.87s        18        
115  1.842e+01    7.415e+02    2.611e+05      2.700e+01    2.050e+02    1.337e-02      5.33s        18        
116  1.866e+01    5.533e+02    7.606e+04      3.700e+01    3.970e+02    1.229e-02      4.73s        19        
117  1.901e+01    5.368e+04    1.339e+05      3.700e+01    3.490e+02    1.206e-02      4.67s        19        
118  2.039e+01    6.783e+03    3.507e+03      6.300e+01    5.309e+03    1.193e-02      3.60s        20        
119  2.112e+01    1.189e+03    1.871e+01      4.100e+01    4.450e+02    1.136e-02      3.10s        21        
120  2.243e+01    4.202e+03    2.684e+05      4.100e+01    4.450e+02    1.136e-02      2.56s        21        
121  2.407e+01    8.587e+03    5.405e+01      3.700e+01    4.130e+02    1.136e-02      1.95s        21        
122  2.307e+01    1.141e+07    1.397e+03      3.700e+01    4.130e+02    1.136e-02      1.29s        22        
123  2.298e+01    2.722e+05    5.466e+03      3.700e+01    4.130e+02    1.136e-02      0.64s        22        
124  2.304e+01    1.515e+03    4.860e+04      3.700e+01    4.130e+02    1.136e-02      0.00s        22        
125  2.428e+01    5.481e+03    2.795e+01      4.100e+01    5.090e+02    1.115e-02      15.66s       24        
126  2.427e+01    1.277e+03    6.859e+03      4.100e+01    5.090e+02    1.115e-02      15.18s       22        
127  2.339e+01    6.520e+02    4.572e+04      4.100e+01    5.090e+02    1.115e-02      14.23s       22        
128  2.323e+01    6.859e+02    2.010e+05      4.100e+01    5.090e+02    1.115e-02      13.27s       22        
129  2.414e+01    1.095e+07    1.611e+01      4.100e+01    5.090e+02    1.115e-02      13.41s       22        
130  2.370e+01    4.630e+03    1.044e+07      4.100e+01    5.090e+02    1.115e-02      12.18s       22        
131  2.222e+01    4.137e+02    5.870e+04      4.100e+01    5.090e+02    1.115e-02      12.17s       23        
132  2.323e+01    1.565e+03    1.468e+01      4.100e+01    5.090e+02    1.115e-02      10.80s       24        
133  2.274e+01    1.573e+06    2.396e+01      4.500e+01    6.050e+02    1.111e-02      10.25s       25        
134  2.334e+01    4.901e+02    5.419e+04      4.500e+01    6.050e+02    1.111e-02      9.83s        25        
135  2.382e+01    1.008e+07    4.999e+03      7.500e+01    1.545e+04    1.110e-02      9.05s        26        
136  2.592e+01    1.303e+14    5.171e+03      8.700e+01    1.660e+04    1.104e-02      8.89s        27        
137  3.111e+01    1.779e+04    1.861e+04      8.700e+01    2.403e+04    1.101e-02      8.51s        31        
138  3.392e+01    4.508e+04    1.856e+04      7.900e+01    8.157e+03    1.070e-02      8.36s        30        
139  3.482e+01    1.165e+04    1.293e+01      8.900e+01    9.437e+03    1.062e-02      7.60s        32        
140  3.536e+01    2.235e+04    1.569e+10      8.900e+01    9.437e+03    1.062e-02      6.84s        34        
141  3.733e+01    2.490e+04    1.080e+01      7.100e+01    5.565e+03    1.059e-02      6.57s        32        
142  3.532e+01    5.357e+04    2.137e+01      7.300e+01    5.757e+03    1.056e-02      5.33s        33        
143  3.340e+01    1.300e+05    4.177e+02      8.500e+01    1.206e+04    1.054e-02      4.65s        31        
144  3.453e+01    5.557e+05    1.396e+03      8.500e+01    1.206e+04    1.054e-02      4.22s        30        
145  3.417e+01    5.311e+08    5.764e+00      8.300e+01    6.909e+03    1.027e-02      3.07s        30        
146  3.804e+01    1.794e+05    1.088e+03      8.300e+01    7.101e+03    1.020e-02      2.46s        35        
147  4.239e+01    1.172e+06    1.202e+01      8.300e+01    7.101e+03    1.020e-02      1.73s        33        
148  3.962e+01    6.182e+09    4.886e+04      9.700e+01    9.437e+03    1.008e-02      0.87s        38        
149  4.348e+01    2.573e+05    2.580e+02      9.100e+01    7.965e+03    1.008e-02      0.00s        36        
150  4.446e+01    4.231e+06    4.539e+02      9.100e+01    7.965e+03    1.008e-02      20.62s       29        
151  4.298e+01    3.308e+04    1.404e+01      8.100e+01    6.781e+03    9.972e-03      19.78s       27        
152  3.871e+01    7.034e+04    1.323e+01      8.100e+01    6.781e+03    9.972e-03      17.41s       28        
153  4.104e+01    3.922e+04    5.161e+00      8.100e+01    6.781e+03    9.972e-03      17.18s       26        
154  4.002e+01    3.721e+05    1.665e+01      8.100e+01    6.781e+03    9.972e-03      16.62s       27        
155  3.879e+01    2.111e+07    1.240e+01      8.900e+01    9.901e+03    9.876e-03      15.57s       27        
156  3.842e+01    1.055e+05    6.440e+01      8.900e+01    9.901e+03    9.876e-03      15.99s       31        
157  4.317e+01    4.770e+04    7.016e+04      7.900e+01    1.049e+04    9.848e-03      15.03s       28        
158  4.335e+01    2.914e+06    1.039e+02      7.900e+01    1.049e+04    9.848e-03      14.01s       33        
159  4.608e+01    7.140e+04    7.849e+00      9.700e+01    1.656e+04    9.811e-03      13.19s       34        
160  4.641e+01    1.082e+05    1.512e+01      9.100e+01    1.441e+04    9.724e-03      12.40s       37        
161  4.980e+01    8.531e+06    7.253e+00      9.300e+01    1.534e+04    9.712e-03      11.93s       30        
162  4.135e+01    1.311e+05    4.396e+01      1.030e+02    2.968e+04    9.674e-03      10.19s       30        
163  4.364e+01    4.790e+06    2.828e+04      1.010e+02    2.961e+04    9.577e-03      9.74s        30        
164  4.249e+01    4.959e+04    1.941e+04      1.090e+02    5.652e+04    9.441e-03      8.68s        33        
165  4.459e+01    1.262e+05    3.113e+01      8.900e+01    8.717e+03    9.426e-03      7.81s        32        
166  4.229e+01    1.781e+06    5.072e+01      8.900e+01    8.973e+03    9.399e-03      7.34s        29        
167  3.969e+01    2.044e+05    1.280e+05      8.900e+01    8.973e+03    9.399e-03      5.91s        29        
168  4.112e+01    3.731e+07    1.191e+01      1.170e+02    1.572e+04    9.335e-03      5.07s        31        
169  4.437e+01    7.310e+06    9.126e+01      1.170e+02    1.572e+04    9.335e-03      4.37s        35        
170  5.132e+01    1.985e+05    1.156e+11      9.300e+01    9.901e+03    9.082e-03      3.70s        35        
171  4.707e+01    5.963e+05    1.121e+04      9.300e+01    9.901e+03    9.082e-03      2.64s        36        
172  4.704e+01    8.687e+04    2.074e+04      9.300e+01    9.901e+03    9.082e-03      1.76s        37        
173  5.012e+01    3.176e+05    1.183e+01      8.900e+01    9.645e+03    9.081e-03      0.90s        39        
174  4.813e+01    2.094e+05    1.882e+05      8.900e+01    9.645e+03    9.081e-03      0.00s        39        
175  4.815e+01    1.754e+06    1.641e+02      8.900e+01    9.645e+03    9.081e-03      22.00s       38        
176  4.707e+01    1.906e+05    3.957e+01      8.900e+01    1.956e+04    9.079e-03      20.41s       42        
177  5.407e+01    3.315e+05    7.177e+00      8.900e+01    1.956e+04    9.079e-03      22.89s       43        
178  5.468e+01    5.032e+05    2.259e+01      9.300e+01    1.880e+04    9.034e-03      20.35s       43        
179  5.674e+01    7.716e+05    4.278e+04      9.300e+01    1.856e+04    9.004e-03      19.24s       40        
180  5.424e+01    1.509e+05    1.395e+04      9.300e+01    1.856e+04    9.004e-03      17.97s       40        
181  5.328e+01    3.925e+05    2.781e+08      9.300e+01    1.856e+04    9.004e-03      17.10s       43        
182  5.780e+01    5.840e+07    1.725e+02      9.300e+01    1.856e+04    9.004e-03      16.92s       38        
183  5.891e+01    2.352e+05    2.272e+03      9.700e+01    1.881e+04    8.951e-03      16.12s       39        
184  5.970e+01    4.311e+06    9.458e+01      9.700e+01    1.881e+04    8.951e-03      15.28s       40        
185  5.943e+01    6.093e+05    2.262e+02      9.700e+01    1.881e+04    8.951e-03      13.99s       42        
186  5.876e+01    3.827e+06    1.433e+04      9.700e+01    1.881e+04    8.951e-03      13.17s       43        
187  5.925e+01    1.478e+06    3.875e+01      9.700e+01    1.881e+04    8.951e-03      12.86s       44        
188  6.312e+01    5.845e+05    8.538e+00      9.700e+01    1.881e+04    8.951e-03      11.62s       45        
189  6.057e+01    1.166e+06    2.998e+01      9.700e+01    1.881e+04    8.951e-03      10.20s       49        
190  5.952e+01    1.651e+06    3.875e+06      1.030e+02    3.417e+04    8.921e-03      9.39s        53        
191  6.011e+01    9.877e+06    2.071e+01      1.030e+02    3.417e+04    8.921e-03      8.15s        40        
192  5.534e+01    1.219e+06    7.682e+00      1.090e+02    3.532e+04    8.911e-03      6.90s        41        
193  5.699e+01    1.462e+07    5.746e+03      1.090e+02    3.532e+04    8.911e-03      5.93s        43        
194  5.542e+01    6.275e+06    3.049e+01      1.090e+02    3.532e+04    8.911e-03      4.89s        42        
195  5.306e+01    3.142e+13    1.736e+04      1.090e+02    3.532e+04    8.911e-03      3.87s        39        
196  4.853e+01    1.445e+05    6.677e+05      1.090e+02    3.532e+04    8.911e-03      2.91s        39        
197  4.830e+01    1.595e+05    4.838e+03      1.070e+02    3.475e+04    8.892e-03      1.82s        39        
198  5.081e+01    4.036e+05    1.488e+01      1.110e+02    3.686e+04    8.891e-03      0.92s        39        
199  5.056e+01    1.717e+06    8.081e+00      1.190e+02    3.648e+04    8.829e-03      0.00s        40        
200  5.069e+01    2.593e+07    9.222e+00      1.190e+02    3.648e+04    8.829e-03      22.47s       42        
201  5.376e+01    2.637e+05    1.976e+02      1.270e+02    3.782e+04    8.790e-03      22.57s       45        
202  5.848e+01    2.904e+11    1.789e+03      1.270e+02    3.782e+04    8.790e-03      22.13s       43        
203  5.446e+01    9.489e+04    5.862e+03      1.270e+02    3.782e+04    8.790e-03      20.94s       37        
204  5.228e+01    1.081e+05    1.691e+05      1.270e+02    3.782e+04    8.790e-03      18.70s       40        
205  5.709e+01    2.047e+05    2.479e+04      1.270e+02    3.782e+04    8.790e-03      20.21s       42        
206  5.885e+01    2.452e+11    6.606e+01      1.270e+02    3.782e+04    8.790e-03      18.30s       41        
207  5.597e+01    2.456e+11    2.793e+01      1.270e+02    3.782e+04    8.790e-03      16.28s       41        
208  5.683e+01    6.319e+06    3.357e+01      8.700e+01    1.336e+04    8.706e-03      15.42s       38        
209  5.248e+01    1.264e+06    2.368e+01      8.700e+01    1.336e+04    8.706e-03      13.95s       40        
210  5.111e+01    1.333e+06    8.982e+00      8.700e+01    1.336e+04    8.706e-03      12.84s       35        
211  4.966e+01    1.314e+06    2.550e+01      8.700e+01    1.336e+04    8.706e-03      11.88s       38        
212  4.768e+01    1.944e+09    1.448e+11      8.700e+01    1.336e+04    8.706e-03      10.55s       38        
213  4.806e+01    1.675e+15    9.893e+00      8.700e+01    1.336e+04    8.706e-03      9.88s        40        
214  4.964e+01    1.663e+15    1.458e+06      8.700e+01    1.336e+04    8.706e-03      9.09s        38        
215  4.910e+01    1.294e+05    9.441e+02      8.700e+01    1.336e+04    8.706e-03      8.12s        38        
216  4.719e+01    1.553e+12    6.726e+06      8.700e+01    1.336e+04    8.706e-03      7.75s        38        
217  4.557e+01    6.570e+04    1.057e+05      8.700e+01    1.336e+04    8.706e-03      6.25s        37        
218  4.699e+01    1.155e+05    3.437e+03      8.900e+01    1.483e+04    8.628e-03      5.34s        38        
219  4.955e+01    1.967e+05    4.053e+03      8.900e+01    1.483e+04    8.628e-03      4.60s        40        
220  5.043e+01    3.327e+05    5.392e+03      8.900e+01    1.483e+04    8.628e-03      3.69s        43        
221  5.035e+01    8.982e+05    5.121e+01      8.900e+01    1.483e+04    8.628e-03      2.77s        44        
222  5.156e+01    1.257e+05    3.038e+04      8.900e+01    1.483e+04    8.628e-03      1.88s        46        
223  5.079e+01    3.530e+09    2.492e+01      8.900e+01    1.483e+04    8.628e-03      0.93s        46        
224  5.172e+01    9.414e+05    1.707e+01      8.900e+01    1.483e+04    8.628e-03      0.00s        44        
225  4.970e+01    6.475e+05    8.758e+02      8.900e+01    1.483e+04    8.628e-03      22.42s       44        
226  5.260e+01    3.108e+06    3.483e+01      8.900e+01    1.483e+04    8.628e-03      23.35s       45        
227  5.282e+01    5.220e+07    4.782e+03      8.900e+01    1.483e+04    8.628e-03      20.70s       44        
228  4.998e+01    6.856e+11    1.490e+01      8.900e+01    1.483e+04    8.628e-03      18.66s       45        
229  5.059e+01    3.741e+05    1.750e+04      9.300e+01    1.324e+04    8.620e-03      19.14s       42        
230  4.911e+01    4.396e+05    2.284e+01      8.900e+01    1.483e+04    8.488e-03      17.55s       42        
231  5.082e+01    1.997e+06    2.393e+01      8.900e+01    1.483e+04    8.488e-03      16.94s       42        
232  5.083e+01    1.636e+05    9.080e+04      9.100e+01    1.534e+04    8.407e-03      15.60s       45        
233  4.981e+01    1.078e+05    5.075e+04      9.100e+01    1.534e+04    8.407e-03      14.98s       43        
234  5.009e+01    5.270e+05    4.038e+03      9.100e+01    1.534e+04    8.407e-03      13.85s       40        
235  4.685e+01    4.633e+07    9.312e+02      9.100e+01    1.534e+04    8.407e-03      12.64s       40        
236  4.850e+01    2.222e+05    5.070e+03      1.050e+02    1.331e+04    8.317e-03      13.00s       41        
237  5.071e+01    5.882e+06    1.133e+01      1.030e+02    1.344e+04    8.309e-03      11.26s       43        
238  5.068e+01    4.082e+05    1.888e+01      1.190e+02    6.889e+04    8.294e-03      10.20s       42        
239  5.323e+01    2.256e+07    3.469e+01      9.900e+01    1.465e+04    8.184e-03      9.49s        41        
240  4.942e+01    2.661e+10    4.110e+01      9.900e+01    1.465e+04    8.184e-03      8.16s        44        
241  5.381e+01    4.178e+07    9.997e+04      1.150e+02    5.497e+04    8.156e-03      7.58s        44        
242  5.329e+01    8.933e+05    1.344e+02      1.190e+02    5.569e+04    8.146e-03      6.65s        45        
243  5.472e+01    2.154e+05    7.499e+01      1.190e+02    5.569e+04    8.146e-03      5.90s        39        
244  5.170e+01    1.421e+06    9.343e+02      1.190e+02    5.569e+04    8.146e-03      4.74s        40        
245  5.212e+01    3.385e+08    1.911e+04      1.170e+02    5.504e+04    8.127e-03      4.12s        37        
246  5.320e+01    5.519e+08    2.211e+02      1.170e+02    6.368e+04    8.110e-03      2.85s        38        
247  5.393e+01    7.140e+06    5.833e+01      1.090e+02    2.593e+04    8.064e-03      1.94s        37        
248  5.366e+01    3.958e+05    2.257e+02      1.090e+02    2.593e+04    8.064e-03      0.94s        38        
249  5.106e+01    7.636e+05    6.082e+00      1.090e+02    2.593e+04    8.064e-03      0.00s        38        
250  5.021e+01    1.792e+07    6.278e+00      1.090e+02    2.593e+04    8.064e-03      22.47s       39        
251  5.362e+01    2.302e+05    2.109e+01      1.090e+02    2.593e+04    8.064e-03      22.14s       39        
252  5.026e+01    3.313e+09    1.343e+01      1.030e+02    1.489e+04    8.059e-03      20.37s       38        
253  4.991e+01    1.078e+06    1.196e+05      1.030e+02    1.489e+04    8.059e-03      19.57s       39        
254  4.817e+01    1.980e+06    1.646e+02      1.030e+02    1.489e+04    8.059e-03      18.04s       39        
255  5.089e+01    5.326e+05    1.590e+01      1.030e+02    1.489e+04    8.059e-03      19.47s       39        
256  5.210e+01    1.709e+05    1.176e+04      1.030e+02    1.489e+04    8.059e-03      16.76s       40        
257  4.996e+01    9.148e+04    1.122e+05      1.030e+02    1.489e+04    8.059e-03      15.81s       39        
258  4.939e+01    3.356e+04    1.002e+01      1.030e+02    1.489e+04    8.059e-03      14.70s       39        
259  5.263e+01    1.043e+05    2.445e+03      1.090e+02    2.027e+04    8.046e-03      14.76s       40        
260  5.307e+01    1.905e+05    4.886e+03      1.090e+02    2.027e+04    8.046e-03      13.62s       43        
261  5.560e+01    6.729e+05    8.684e+01      1.090e+02    2.027e+04    8.046e-03      12.38s       43        
262  5.687e+01    1.197e+06    1.306e+02      1.090e+02    2.507e+04    8.035e-03      11.86s       43        
263  5.594e+01    8.903e+06    1.234e+01      1.090e+02    2.507e+04    8.035e-03      10.75s       43        
264  5.892e+01    5.330e+07    2.114e+04      1.090e+02    2.507e+04    8.035e-03      10.10s       44        
265  5.691e+01    9.801e+05    4.481e+00      1.090e+02    2.507e+04    8.035e-03      9.58s        44        
266  5.452e+01    2.187e+06    1.202e+04      1.090e+02    2.507e+04    8.035e-03      7.79s        41        
267  5.328e+01    2.418e+06    1.415e+01      1.090e+02    2.507e+04    8.035e-03      6.63s        41        
268  5.442e+01    2.728e+05    3.671e+01      1.090e+02    2.507e+04    8.035e-03      5.68s        41        
269  5.251e+01    7.714e+05    1.154e+01      1.090e+02    2.507e+04    8.035e-03      4.75s        43        
270  5.437e+01    5.102e+04    8.328e+01      1.090e+02    2.507e+04    8.035e-03      3.80s        41        
271  5.257e+01    5.491e+04    6.707e+04      1.150e+02    5.422e+04    8.015e-03      2.80s        43        
272  5.765e+01    4.233e+05    2.886e+01      1.150e+02    5.422e+04    8.015e-03      1.93s        45        
273  5.390e+01    2.985e+05    3.964e+01      1.150e+02    5.422e+04    7.996e-03      0.98s        46        
274  5.449e+01    5.311e+05    2.387e+01      1.090e+02    3.886e+04    7.977e-03      0.00s        48        
275  5.834e+01    4.605e+05    2.023e+05      1.090e+02    3.886e+04    7.977e-03      24.18s       48        
276  5.819e+01    2.552e+10    9.247e+01      1.110e+02    1.700e+04    7.963e-03      23.48s       46        
277  5.423e+01    1.933e+05    3.955e+04      1.110e+02    1.700e+04    7.963e-03      21.60s       47        
278  5.502e+01    1.232e+05    1.482e+04      1.110e+02    1.700e+04    7.963e-03      20.92s       50        
279  5.818e+01    2.250e+05    1.432e+04      1.130e+02    1.713e+04    7.942e-03      19.88s       50        
280  5.541e+01    1.228e+05    1.885e+05      1.130e+02    1.713e+04    7.942e-03      18.59s       41        
281  5.270e+01    2.285e+05    5.058e+01      1.130e+02    1.713e+04    7.942e-03      17.44s       42        
282  5.199e+01    2.355e+05    5.355e+00      1.130e+02    1.713e+04    7.942e-03      15.88s       41        
283  5.181e+01    3.916e+05    1.032e+06      1.130e+02    1.713e+04    7.942e-03      16.49s       43        
284  5.459e+01    3.915e+05    3.011e+01      1.070e+02    1.473e+04    7.940e-03      14.65s       43        
285  5.283e+01    8.310e+05    7.680e+01      1.070e+02    1.473e+04    7.940e-03      13.60s       42        
286  5.175e+01    1.452e+05    5.528e+00      1.070e+02    1.473e+04    7.940e-03      12.21s       43        
287  5.486e+01    1.811e+06    3.064e+01      1.070e+02    1.473e+04    7.940e-03      11.25s       44        
288  5.279e+01    1.282e+06    3.677e+05      1.070e+02    1.473e+04    7.940e-03      10.60s       44        
289  5.158e+01    1.334e+12    4.113e+03      1.070e+02    1.473e+04    7.940e-03      9.34s        46        
290  5.410e+01    7.573e+05    2.169e+01      1.070e+02    1.473e+04    7.940e-03      8.71s        46        
291  5.425e+01    1.064e+05    1.339e+05      1.070e+02    1.473e+04    7.940e-03      7.63s        46        
292  5.550e+01    3.912e+05    4.370e+09      1.070e+02    1.473e+04    7.940e-03      6.90s        46        
293  5.676e+01    3.825e+06    4.496e+04      1.070e+02    1.473e+04    7.940e-03      6.40s        46        
294  5.468e+01    8.569e+05    3.696e+05      1.070e+02    1.473e+04    7.940e-03      4.90s        46        
295  5.448e+01    1.929e+05    4.039e+04      1.070e+02    1.473e+04    7.940e-03      3.86s        46        
296  5.208e+01    1.966e+05    1.914e+04      1.070e+02    1.473e+04    7.940e-03      2.76s        46        
297  5.493e+01    2.386e+05    9.269e+01      1.070e+02    1.473e+04    7.940e-03      1.94s        48        
298  5.487e+01    4.912e+07    3.518e+01      1.070e+02    1.473e+04    7.940e-03      0.97s        48        
299  5.267e+01    1.598e+08    2.970e+06      1.070e+02    1.473e+04    7.940e-03      0.00s        49        
300  5.460e+01    1.232e+07    1.328e+04      1.070e+02    1.473e+04    7.940e-03      23.78s       50        
301  5.233e+01    1.904e+05    1.294e+01      1.070e+02    1.473e+04    7.940e-03      21.93s       50        
302  5.648e+01    5.600e+05    7.442e+00      1.070e+02    1.473e+04    7.940e-03      21.61s       51        
303  5.958e+01    1.580e+05    3.754e+03      1.210e+02    5.528e+04    7.851e-03      23.00s       51        
304  6.095e+01    2.035e+05    1.232e+02      1.210e+02    5.528e+04    7.851e-03      20.38s       54        
305  5.724e+01    1.586e+09    4.588e+00      1.210e+02    5.528e+04    7.851e-03      18.99s       54        
306  5.553e+01    6.662e+05    2.202e+01      1.210e+02    5.528e+04    7.851e-03      18.05s       54        
307  5.543e+01    3.898e+05    1.724e+03      1.210e+02    5.528e+04    7.851e-03      16.60s       52        
308  5.917e+01    8.760e+05    1.909e+01      1.150e+02    3.992e+04    7.804e-03      15.88s       53        
309  5.966e+01    1.037e+06    1.481e+01      1.170e+02    1.350e+04    7.753e-03      15.70s       48        
310  5.314e+01    3.405e+05    6.719e+04      1.170e+02    1.350e+04    7.753e-03      13.48s       50        
311  5.421e+01    4.310e+06    3.851e+01      1.170e+02    1.350e+04    7.753e-03      12.62s       51        
312  5.715e+01    2.996e+07    1.463e+01      1.170e+02    1.350e+04    7.753e-03      11.74s       51        
313  5.665e+01    5.288e+05    4.791e+03      1.190e+02    1.401e+04    7.719e-03      11.98s       51        
314  5.678e+01    9.396e+05    4.111e+00      1.190e+02    1.529e+04    7.693e-03      9.80s        54        
315  5.658e+01    5.636e+06    3.275e+00      1.190e+02    1.529e+04    7.693e-03      8.78s        53        
316  5.676e+01    6.813e+05    1.357e+02      1.210e+02    1.721e+04    7.673e-03      7.78s        48        
317  5.654e+01    8.960e+06    3.222e+00      1.190e+02    1.356e+04    7.562e-03      6.80s        45        
318  5.213e+01    1.281e+05    5.548e+03      1.190e+02    1.356e+04    7.562e-03      5.64s        44        
319  4.969e+01    4.227e+04    2.873e+01      1.190e+02    1.356e+04    7.562e-03      4.53s        46        
320  5.256e+01    1.314e+05    8.984e+03      1.190e+02    1.356e+04    7.562e-03      3.78s        46        
321  5.151e+01    6.689e+04    9.406e+00      1.190e+02    1.356e+04    7.562e-03      2.89s        48        
322  5.503e+01    1.476e+08    1.808e+03      1.190e+02    1.356e+04    7.562e-03      2.14s        46        
323  5.598e+01    3.140e+05    2.057e+01      1.030e+02    1.083e+04    7.469e-03      0.97s        41        
324  5.046e+01    3.418e+07    1.262e+01      1.030e+02    1.083e+04    7.469e-03      0.00s        41        
325  4.723e+01    1.075e+05    4.992e+01      1.030e+02    1.083e+04    7.469e-03      21.91s       38        
326  4.595e+01    9.072e+04    2.344e+01      1.030e+02    1.083e+04    7.469e-03      20.15s       38        
327  4.667e+01    4.174e+05    1.254e+05      1.030e+02    1.083e+04    7.469e-03      19.77s       38        
328  4.510e+01    2.463e+06    5.534e+03      1.030e+02    1.083e+04    7.469e-03      18.32s       38        
329  4.468e+01    4.014e+04    8.493e+00      1.030e+02    1.227e+04    7.431e-03      17.70s       39        
330  4.512e+01    9.965e+05    8.589e+03      1.030e+02    1.227e+04    7.431e-03      17.50s       40        
331  4.896e+01    4.426e+05    1.126e+03      1.030e+02    1.227e+04    7.431e-03      16.75s       40        
332  4.887e+01    5.018e+04    3.879e+04      1.030e+02    1.227e+04    7.431e-03      15.61s       42        
333  4.951e+01    2.972e+07    3.980e+02      1.050e+02    1.275e+04    7.410e-03      16.05s       42        
334  5.287e+01    1.213e+07    9.624e+02      1.050e+02    1.275e+04    7.410e-03      14.22s       42        
335  5.216e+01    1.465e+07    1.815e+01      1.050e+02    1.275e+04    7.410e-03      13.14s       42        
336  5.048e+01    1.255e+06    5.258e+04      1.130e+02    1.467e+04    7.345e-03      11.96s       44        
337  5.476e+01    1.236e+05    9.453e+00      1.130e+02    1.467e+04    7.345e-03      11.64s       44        
338  5.088e+01    1.169e+07    8.811e+00      1.050e+02    1.227e+04    7.327e-03      10.38s       43        
339  5.206e+01    6.036e+04    7.004e+01      1.050e+02    1.227e+04    7.327e-03      9.28s        41        
340  4.749e+01    6.882e+04    1.397e+01      1.050e+02    1.227e+04    7.327e-03      8.01s        42        
341  4.966e+01    2.100e+05    1.859e+04      1.050e+02    1.227e+04    7.327e-03      7.44s        42        
342  4.942e+01    2.264e+06    6.791e+04      1.050e+02    1.227e+04    7.327e-03      6.28s        43        
343  5.002e+01    1.661e+05    2.054e+09      1.050e+02    1.227e+04    7.327e-03      6.21s        43        
344  5.032e+01    2.529e+09    7.971e+03      1.050e+02    1.227e+04    7.327e-03      4.64s        43        
345  4.934e+01    1.016e+05    5.465e+01      1.050e+02    1.227e+04    7.327e-03      3.58s        43        
346  4.768e+01    6.091e+05    2.464e+04      1.050e+02    1.227e+04    7.327e-03      2.70s        45        
347  5.148e+01    3.448e+05    6.292e+02      1.050e+02    1.227e+04    7.327e-03      1.86s        45        
348  4.933e+01    1.196e+07    1.202e+05      1.050e+02    1.227e+04    7.327e-03      0.92s        45        
349  5.151e+01    5.866e+05    3.276e+02      1.050e+02    1.227e+04    7.327e-03      0.00s        45        
350  4.993e+01    9.148e+04    4.121e+02      1.050e+02    1.227e+04    7.327e-03      22.41s       46        
351  5.189e+01    2.221e+05    8.799e+02      1.050e+02    1.227e+04    7.327e-03      21.75s       46        
352  5.215e+01    1.576e+05    1.880e+01      1.050e+02    1.227e+04    7.327e-03      20.63s       46        
353  4.965e+01    2.269e+07    5.612e+01      1.050e+02    1.227e+04    7.327e-03      19.44s       43        
354  4.911e+01    3.840e+06    1.474e+02      1.050e+02    1.227e+04    7.327e-03      20.61s       46        
355  5.060e+01    2.021e+07    6.065e+00      1.050e+02    1.227e+04    7.327e-03      17.49s       46        
356  5.130e+01    2.503e+09    1.180e+04      1.050e+02    1.227e+04    7.327e-03      16.93s       47        
357  5.317e+01    4.940e+05    7.524e+00      1.050e+02    1.227e+04    7.327e-03      16.32s       47        
358  5.115e+01    2.966e+05    1.577e+02      1.050e+02    1.227e+04    7.327e-03      15.01s       47        
359  5.273e+01    2.223e+05    6.095e+04      1.050e+02    1.227e+04    7.324e-03      14.37s       44        
360  5.044e+01    1.157e+05    2.737e+04      1.050e+02    1.227e+04    7.324e-03      12.77s       44        
361  5.049e+01    3.158e+05    3.708e+03      1.050e+02    1.227e+04    7.324e-03      11.86s       45        
362  5.265e+01    1.266e+05    7.482e+01      1.050e+02    1.227e+04    7.324e-03      11.46s       46        
363  5.215e+01    9.096e+06    1.549e+02      1.050e+02    1.227e+04    7.324e-03      10.43s       48        
364  5.634e+01    6.246e+10    2.905e+09      1.050e+02    1.227e+04    7.324e-03      9.86s        47        
365  5.326e+01    2.142e+05    3.659e+03      1.050e+02    1.227e+04    7.324e-03      9.47s        47        
366  5.207e+01    7.333e+04    9.142e+02      1.050e+02    1.227e+04    7.324e-03      7.33s        48        
367  5.219e+01    1.956e+05    1.641e+02      1.090e+02    1.851e+04    7.320e-03      6.75s        49        
368  5.503e+01    2.672e+05    9.742e+00      1.090e+02    1.851e+04    7.320e-03      5.73s        49        
369  5.499e+01    2.636e+05    7.620e+01      1.090e+02    1.851e+04    7.320e-03      4.79s        52        
370  5.557e+01    6.808e+04    9.357e+00      1.090e+02    1.851e+04    7.320e-03      3.85s        50        
371  5.692e+01    8.852e+07    2.127e+06      1.090e+02    1.851e+04    7.320e-03      2.98s        51        
372  5.591e+01    7.968e+05    3.583e+02      1.090e+02    1.851e+04    7.320e-03      1.99s        48        
373  5.749e+01    1.555e+05    2.228e+01      1.090e+02    1.851e+04    7.320e-03      1.00s        49        
374  5.766e+01    5.335e+05    1.957e+04      1.090e+02    1.851e+04    7.320e-03      0.00s        48        
375  5.452e+01    2.097e+05    1.375e+01      1.090e+02    1.851e+04    7.320e-03      22.62s       50        
376  5.327e+01    1.828e+05    4.658e+05      1.090e+02    1.851e+04    7.320e-03      21.82s       51        
377  5.708e+01    1.671e+05    8.180e+00      1.090e+02    1.851e+04    7.320e-03      23.60s       51        
378  5.556e+01    1.449e+05    5.141e+03      1.090e+02    1.851e+04    7.320e-03      19.96s       52        
379  5.826e+01    1.972e+06    1.185e+01      1.090e+02    1.851e+04    7.320e-03      20.02s       52        
380  5.724e+01    2.808e+05    5.295e+00      1.090e+02    1.851e+04    7.320e-03      19.01s       52        
381  5.758e+01    2.039e+05    1.023e+01      1.090e+02    1.851e+04    7.320e-03      18.09s       49        
382  5.627e+01    4.952e+07    5.484e+01      1.090e+02    1.851e+04    7.320e-03      16.62s       49        
383  5.668e+01    3.952e+07    9.292e+00      1.090e+02    1.851e+04    7.320e-03      15.87s       46        
384  5.566e+01    4.318e+05    4.194e+05      1.090e+02    1.851e+04    7.320e-03      14.58s       45        
385  5.590e+01    2.270e+10    1.599e+04      1.070e+02    1.419e+04    7.311e-03      13.48s       46        
386  5.362e+01    5.057e+05    1.475e+02      1.070e+02    1.419e+04    7.311e-03      12.60s       46        
387  5.626e+01    1.225e+06    1.095e+05      1.070e+02    1.419e+04    7.311e-03      11.65s       47        
388  5.549e+01    1.745e+06    6.559e+00      1.070e+02    1.419e+04    7.311e-03      11.88s       45        
389  5.455e+01    7.805e+04    2.279e+01      1.070e+02    1.419e+04    7.311e-03      9.78s        46        
390  5.598e+01    1.584e+05    3.897e+08      9.900e+01    9.629e+03    7.300e-03      8.90s        41        
391  5.033e+01    2.370e+06    2.977e+04      9.900e+01    9.629e+03    7.300e-03      7.25s        39        
392  4.744e+01    4.607e+05    3.946e+02      9.900e+01    9.629e+03    7.300e-03      6.10s        39        
393  4.754e+01    3.483e+04    1.766e+01      9.900e+01    9.629e+03    7.300e-03      5.42s        40        
394  4.999e+01    1.327e+06    9.370e+01      9.900e+01    9.629e+03    7.300e-03      4.68s        42        
395  5.154e+01    3.139e+08    2.843e+01      9.900e+01    9.629e+03    7.300e-03      3.79s        43        
396  4.952e+01    6.888e+05    2.356e+02      9.900e+01    9.629e+03    7.300e-03      2.72s        43        
397  4.974e+01    2.567e+04    3.968e+04      9.900e+01    9.629e+03    7.300e-03      1.85s        41        
398  5.034e+01    2.607e+12    6.664e+04      9.900e+01    9.629e+03    7.300e-03      1.03s        41        
399  4.831e+01    1.862e+05    1.290e+01      9.900e+01    9.389e+03    7.293e-03      0.00s        39        
400  4.978e+01    1.189e+06    3.461e+03      9.900e+01    9.389e+03    7.293e-03      21.40s       39        
401  5.114e+01    1.771e+08    2.897e+01      9.900e+01    9.389e+03    7.293e-03      21.22s       40        
402  4.866e+01    3.632e+12    1.808e+04      9.900e+01    9.389e+03    7.293e-03      19.61s       39        
403  4.984e+01    1.800e+05    4.648e+03      9.900e+01    9.389e+03    7.293e-03      18.79s       40        
404  4.923e+01    7.755e+04    1.729e+03      9.900e+01    9.389e+03    7.293e-03      17.89s       40        
405  5.136e+01    3.821e+05    7.939e+00      9.900e+01    9.389e+03    7.293e-03      17.67s       40        
406  5.046e+01    3.390e+04    2.366e+01      9.900e+01    9.389e+03    7.293e-03      16.52s       40        
407  4.897e+01    8.287e+04    8.307e+00      9.900e+01    9.389e+03    7.293e-03      15.18s       40        
408  4.841e+01    1.699e+05    1.630e+01      9.900e+01    9.389e+03    7.293e-03      14.18s       39        
409  4.813e+01    1.199e+06    2.724e+03      9.900e+01    9.389e+03    7.293e-03      13.38s       41        
410  4.787e+01    4.346e+07    1.063e+01      9.900e+01    9.389e+03    7.293e-03      12.46s       42        
411  4.864e+01    8.312e+07    3.914e+02      9.900e+01    9.389e+03    7.293e-03      13.45s       41        
412  5.139e+01    2.630e+06    5.446e+00      9.900e+01    9.389e+03    7.293e-03      10.91s       42        
413  5.041e+01    4.791e+04    7.331e+04      9.900e+01    9.517e+03    7.288e-03      10.04s       43        
414  5.073e+01    8.259e+04    5.421e+04      9.900e+01    9.517e+03    7.288e-03      9.18s        44        
415  5.264e+01    3.345e+05    9.603e+01      9.900e+01    9.517e+03    7.288e-03      8.22s        44        
416  5.262e+01    5.420e+06    2.104e+04      9.900e+01    9.517e+03    7.288e-03      7.45s        44        
417  5.074e+01    7.363e+04    2.571e+01      9.900e+01    9.517e+03    7.288e-03      6.45s        45        
418  5.327e+01    6.143e+05    1.136e+02      9.900e+01    9.517e+03    7.288e-03      5.61s        45        
419  5.596e+01    9.631e+05    6.088e+01      9.900e+01    9.517e+03    7.288e-03      5.01s        45        
420  4.952e+01    3.339e+05    1.280e+03      9.900e+01    9.517e+03    7.288e-03      3.59s        45        
421  5.229e+01    1.329e+07    2.641e+04      9.900e+01    9.517e+03    7.288e-03      2.77s        45        
422  5.202e+01    2.395e+05    7.278e+00      9.900e+01    9.517e+03    7.288e-03      2.08s        46        
423  5.372e+01    1.597e+05    1.534e+01      9.900e+01    9.517e+03    7.288e-03      0.95s        46        
424  5.596e+01    3.133e+06    6.389e+07      9.900e+01    9.517e+03    7.288e-03      0.00s        47        
425  5.460e+01    1.339e+05    2.262e+01      9.900e+01    9.517e+03    7.288e-03      23.22s       47        
426  5.600e+01    7.465e+04    4.231e+04      9.900e+01    9.517e+03    7.288e-03      21.79s       47        
427  5.320e+01    2.386e+05    2.884e+01      9.900e+01    9.517e+03    7.288e-03      21.04s       48        
428  5.285e+01    2.222e+05    1.605e+04      9.900e+01    9.517e+03    7.288e-03      19.55s       48        
429  5.213e+01    1.006e+06    1.029e+09      9.900e+01    9.517e+03    7.288e-03      19.01s       48        
430  5.294e+01    5.048e+05    5.448e+00      9.900e+01    9.517e+03    7.288e-03      18.16s       49        
431  5.348e+01    2.484e+05    9.331e+03      9.900e+01    9.517e+03    7.288e-03      17.12s       49        
432  5.439e+01    4.767e+09    3.518e+02      9.900e+01    9.517e+03    7.288e-03      15.97s       49        
433  5.472e+01    3.432e+06    1.451e+01      9.900e+01    9.517e+03    7.288e-03      15.64s       49        
434  5.354e+01    7.917e+10    1.863e+13      9.900e+01    9.517e+03    7.288e-03      15.97s       49        
435  5.600e+01    7.701e+04    3.645e+03      9.900e+01    9.517e+03    7.288e-03      13.49s       49        
436  5.516e+01    4.793e+05    2.177e+04      9.900e+01    9.517e+03    7.288e-03      12.35s       48        
437  5.220e+01    1.766e+09    2.687e+04      9.900e+01    9.517e+03    7.288e-03      11.13s       47        
438  5.373e+01    1.660e+12    1.011e+03      9.900e+01    9.517e+03    7.288e-03      10.42s       47        
439  5.233e+01    7.342e+05    2.393e+01      9.900e+01    9.517e+03    7.288e-03      9.24s        47        
440  5.520e+01    5.013e+05    4.161e+02      9.900e+01    9.517e+03    7.288e-03      8.57s        47        
441  5.581e+01    1.793e+05    1.384e+05      9.900e+01    9.517e+03    7.288e-03      7.64s        49        
442  5.342e+01    1.811e+05    2.238e+03      9.900e+01    9.517e+03    7.288e-03      6.66s        49        
443  5.548e+01    2.600e+05    1.601e+01      9.900e+01    9.517e+03    7.288e-03      5.76s        49        
444  5.498e+01    2.708e+05    1.999e+02      9.900e+01    9.517e+03    7.288e-03      4.74s        49        
445  5.217e+01    1.313e+05    8.777e+04      9.900e+01    9.517e+03    7.288e-03      3.70s        49        
446  5.295e+01    1.764e+07    3.973e+00      9.900e+01    9.517e+03    7.288e-03      3.16s        49        
447  5.565e+01    7.788e+07    1.928e+01      9.900e+01    9.517e+03    7.288e-03      1.96s        50        
448  5.226e+01    7.372e+06    6.905e+03      9.900e+01    9.517e+03    7.288e-03      0.93s        51        
449  5.659e+01    7.079e+04    1.667e+04      9.900e+01    9.517e+03    7.288e-03      0.00s        52        
450  5.457e+01    2.497e+05    1.158e+01      9.900e+01    9.517e+03    7.288e-03      22.55s       51        
451  5.211e+01    2.030e+08    3.350e+01      9.900e+01    9.517e+03    7.288e-03      21.86s       50        
452  5.344e+01    8.412e+04    2.160e+06      9.900e+01    9.517e+03    7.288e-03      21.12s       50        
453  5.340e+01    1.246e+05    7.137e+03      9.900e+01    9.517e+03    7.288e-03      20.10s       46        
454  5.142e+01    1.230e+05    1.679e+01      9.900e+01    9.517e+03    7.288e-03      18.40s       46        
455  5.116e+01    5.567e+04    8.814e+03      9.900e+01    9.517e+03    7.288e-03      17.03s       46        
456  5.017e+01    6.004e+07    2.217e+02      9.900e+01    9.517e+03    7.288e-03      16.56s       46        
457  5.248e+01    4.427e+08    5.678e+00      9.900e+01    9.517e+03    7.288e-03      15.54s       47        
458  5.159e+01    1.057e+06    2.207e+05      9.900e+01    9.517e+03    7.288e-03      16.93s       48        
459  5.193e+01    7.178e+04    1.358e+01      9.900e+01    9.517e+03    7.288e-03      13.99s       49        
460  5.556e+01    9.463e+04    8.817e+03      9.900e+01    9.517e+03    7.288e-03      13.66s       51        
461  5.623e+01    8.158e+05    2.152e+02      9.900e+01    9.517e+03    7.288e-03      12.78s       48        
462  5.350e+01    1.320e+05    3.521e+01      9.900e+01    9.517e+03    7.288e-03      11.13s       48        
463  5.483e+01    1.716e+11    1.838e+04      9.900e+01    9.517e+03    7.288e-03      10.63s       48        
464  5.360e+01    3.660e+09    7.297e+01      9.900e+01    9.517e+03    7.288e-03      9.56s        50        
465  5.045e+01    1.594e+08    8.798e+04      9.900e+01    9.517e+03    7.288e-03      8.60s        48        
466  5.313e+01    3.954e+09    2.221e+01      9.900e+01    9.517e+03    7.288e-03      7.92s        48        
467  5.120e+01    1.734e+05    1.452e+01      9.900e+01    9.517e+03    7.288e-03      6.61s        49        
468  5.355e+01    5.154e+05    9.807e+01      9.900e+01    9.517e+03    7.288e-03      5.91s        49        
469  5.134e+01    1.686e+05    1.770e+04      9.900e+01    9.517e+03    7.288e-03      5.20s        49        
470  5.424e+01    4.734e+04    2.578e+01      9.900e+01    9.517e+03    7.288e-03      3.80s        50        
471  5.348e+01    1.089e+05    2.525e+01      9.900e+01    9.517e+03    7.288e-03      2.94s        50        
472  5.102e+01    2.623e+05    1.165e+01      9.900e+01    9.517e+03    7.288e-03      1.81s        50        
473  5.517e+01    1.734e+06    5.163e+01      9.900e+01    9.517e+03    7.288e-03      0.96s        50        
474  5.087e+01    2.643e+06    3.212e+01      9.900e+01    9.517e+03    7.288e-03      0.00s        51        
475  5.283e+01    4.448e+12    8.070e+03      9.900e+01    9.517e+03    7.288e-03      23.44s       51        
476  5.255e+01    4.247e+04    7.603e+00      9.900e+01    9.517e+03    7.288e-03      21.47s       52        
477  5.440e+01    2.297e+05    1.138e+02      9.900e+01    9.517e+03    7.288e-03      21.10s       53        
478  5.355e+01    1.279e+05    4.315e+03      9.900e+01    9.517e+03    7.288e-03      20.75s       53        
479  5.423e+01    4.342e+06    1.093e+05      9.900e+01    9.517e+03    7.288e-03      19.59s       54        
480  5.235e+01    1.219e+06    8.816e+03      9.900e+01    9.517e+03    7.288e-03      18.20s       54        
481  5.250e+01    4.781e+08    6.606e+10      9.900e+01    9.517e+03    7.288e-03      19.05s       54        
482  5.393e+01    1.060e+05    2.926e+01      9.900e+01    9.517e+03    7.288e-03      16.65s       55        
483  5.600e+01    4.072e+05    1.516e+05      1.170e+02    1.211e+04    7.253e-03      15.93s       57        
484  5.566e+01    7.464e+08    6.787e+05      1.170e+02    1.211e+04    7.253e-03      14.78s       57        
485  5.480e+01    9.928e+04    3.367e+03      1.170e+02    1.185e+04    7.248e-03      13.63s       58        
486  5.606e+01    4.822e+04    4.910e+00      1.170e+02    1.185e+04    7.248e-03      12.34s       59        
487  5.725e+01    3.510e+06    5.795e+01      1.170e+02    1.185e+04    7.248e-03      11.92s       62        
488  5.825e+01    8.516e+04    1.207e+01      1.170e+02    1.185e+04    7.231e-03      11.25s       58        
489  5.673e+01    1.165e+05    1.475e+01      1.170e+02    1.185e+04    7.231e-03      9.83s        58        
490  5.870e+01    5.582e+05    1.477e+01      1.170e+02    1.185e+04    7.231e-03      8.86s        57        
491  5.677e+01    1.509e+05    3.339e+06      1.170e+02    1.185e+04    7.231e-03      7.70s        58        
492  5.542e+01    5.612e+04    1.292e+01      1.170e+02    1.185e+04    7.231e-03      7.58s        58        
493  5.835e+01    1.341e+05    3.746e+04      1.110e+02    1.057e+04    7.208e-03      5.94s        58        
494  5.760e+01    6.096e+08    4.306e+01      1.110e+02    1.057e+04    7.208e-03      5.02s        58        
495  5.433e+01    9.988e+05    2.449e+01      1.110e+02    1.057e+04    7.208e-03      3.75s        58        
496  5.423e+01    9.384e+05    2.775e+04      1.110e+02    1.057e+04    7.208e-03      2.88s        58        
497  5.491e+01    6.262e+07    1.400e+06      1.110e+02    1.057e+04    7.208e-03      1.94s        58        
498  5.564e+01    1.427e+07    1.101e+02      1.110e+02    1.057e+04    7.208e-03      0.95s        59        
499  5.287e+01    1.127e+05    2.244e+02      1.110e+02    1.057e+04    7.208e-03      0.00s        59        





Time: 0h:6m:53s
####   Data for the best program   ####
Best Program: sub(0.742, mul(add(X2, sub(sub(1.301, X1), div(sub(0.742, mul(add(sub(sub(0.742, mul(add(add(mul(sub(X1, mul(add(X3, add(add(sub(sub(0.742, sub(X1, X3)), mul(X0, sub(1.618, X1))), mul(X1, X2)), mul(sub(div(add(0.909, X1), add(X3, 0.007)), 0.233), 0.233))), 0.233)), 0.233), add(mul(sub(0.684, mul(X2, X2)), X2), mul(sub(0.684, mul(X2, X2)), X2))), mul(add(sub(add(sub(add(0.742, sub(sub(add(sub(0.742, X3), X1), X0), X0)), X0), X2), X0), sub(X1, X0)), mul(add(sub(X1, X0), X1), 0.233))), 0.233)), mul(X0, sub(1.618, X1))), mul(X1, X2)), 0.233)), 0.684))), 0.233))
Best Program Complexity: 10573
Raw Fitness: 0.007208328549514473
Penalized Fitness: 0.007208328549514473
Estimator		Train-rmse: 0.007208328549514473	Test-rmse: 0.008338961287493637	Test-R^2: 0.9925353634061345

{'complexity': 'kommenda', 'const_range': (1e-10, 2.0), 'elitism_size': 0, 'function_set': ('add', 'sub', 'div', 'mul'), 'generations': 500, 'init_depth': (3, 6), 'init_method': 'half and half', 'low_memory': True, 'max_samples': 1.0, 'metric': 'rmse', 'n_jobs': 1, 'p_crossover': 0.7, 'p_hoist_mutation': 0.0, 'p_point_mutation': 0.15000000000000002, 'p_point_replace': 0.05, 'p_subtree_mutation': 0.15000000000000002, 'paretogp': True, 'paretogp_lengths': (4, 130), 'parsimony_coefficient': 0.0, 'population_size': 800, 'random_state': 1946176162, 'selection': 'tournament', 'stopping_criteria': None, 'tournament_size': 11, 'verbose': 1, 'warm_start': True}
