    |          Population Average          |           Best Individual            |
---- -------------------------------------- -------------------------------------- ----------
Gen  Length       Kommenda     Fitness        Length       Kommenda     Fitness        Time Left    Front Size
0    3.881e+01    8.391e+15    1.973e+19      1.100e+01    3.600e+01    2.293e-01      14.94s       4         
1    7.880e+00    3.780e+02    4.232e+02      1.100e+01    3.600e+01    2.062e-01      13.54s       4         
2    9.512e+00    4.313e+05    8.144e+01      7.000e+00    6.000e+00    1.489e-01      13.44s       2         
3    7.213e+00    2.338e+05    1.118e+04      7.000e+00    6.000e+00    1.011e-01      12.19s       2         
4    7.075e+00    1.677e+04    5.419e+04      7.000e+00    6.000e+00    1.011e-01      11.83s       2         
5    6.997e+00    6.620e+04    2.496e+04      7.000e+00    6.000e+00    1.011e-01      11.29s       2         
6    7.397e+00    1.873e+05    2.178e+05      7.000e+00    6.000e+00    1.011e-01      10.95s       3         
7    7.258e+00    8.836e+03    9.057e+04      5.000e+00    3.000e+00    1.008e-01      9.46s        1         
8    6.120e+00    2.475e+03    2.876e+05      5.000e+00    3.000e+00    1.008e-01      8.30s        1         
9    6.018e+00    6.119e+03    6.677e+04      5.000e+00    3.000e+00    1.008e-01      7.84s        1         
10   6.010e+00    1.451e+04    2.181e+05      5.000e+00    3.000e+00    1.008e-01      7.23s        1         
11   5.900e+00    4.165e+01    1.341e+05      5.000e+00    3.000e+00    1.008e-01      6.68s        1         
12   6.100e+00    1.762e+04    1.518e+02      5.000e+00    3.000e+00    1.008e-01      6.25s        1         
13   5.995e+00    3.779e+03    3.277e+02      5.000e+00    3.000e+00    1.008e-01      5.63s        1         
14   5.950e+00    1.552e+04    2.871e+05      5.000e+00    3.000e+00    1.008e-01      4.96s        1         
15   6.350e+00    1.447e+10    4.274e+08      5.000e+00    3.000e+00    1.008e-01      4.58s        1         
16   6.093e+00    1.991e+02    4.956e+02      5.000e+00    3.000e+00    1.008e-01      4.09s        1         
17   5.960e+00    2.739e+10    2.866e+01      5.000e+00    3.000e+00    1.008e-01      3.68s        1         
18   5.973e+00    1.403e+07    2.452e+04      5.000e+00    3.000e+00    1.008e-01      3.05s        1         
19   6.315e+00    3.176e+11    2.625e+07      5.000e+00    3.000e+00    1.008e-01      2.56s        1         
20   6.293e+00    2.034e+10    6.557e+01      5.000e+00    3.000e+00    1.008e-01      2.10s        1         
21   6.668e+00    1.440e+07    3.932e+11      5.000e+00    3.000e+00    1.008e-01      1.51s        1         
22   6.527e+00    4.290e+09    2.864e+02      5.000e+00    3.000e+00    1.008e-01      1.12s        1         
23   6.100e+00    7.644e+12    6.668e+04      5.000e+00    3.000e+00    1.008e-01      0.52s        1         
24   6.160e+00    1.093e+04    1.329e+02      5.000e+00    3.000e+00    1.008e-01      0.00s        1         
25   6.452e+00    2.978e+02    1.370e+05      5.000e+00    3.000e+00    1.008e-01      12.16s       1         
26   6.370e+00    3.534e+05    1.025e+10      5.000e+00    3.000e+00    1.008e-01      12.23s       1         
27   6.080e+00    1.431e+05    1.800e+02      5.000e+00    3.000e+00    1.008e-01      11.23s       1         
28   6.128e+00    2.968e+09    8.042e+04      5.000e+00    3.000e+00    1.008e-01      11.04s       1         
29   6.140e+00    2.484e+06    1.098e+05      5.000e+00    3.000e+00    1.008e-01      10.04s       1         
30   6.117e+00    3.410e+03    5.748e+07      5.000e+00    3.000e+00    1.008e-01      9.59s        1         
31   6.022e+00    2.891e+02    1.685e+05      5.000e+00    3.000e+00    1.008e-01      9.20s        1         
32   6.308e+00    3.692e+03    2.641e+09      5.000e+00    3.000e+00    1.008e-01      8.64s        1         
33   5.915e+00    3.333e+02    2.106e+02      5.000e+00    3.000e+00    1.008e-01      8.14s        1         
34   6.098e+00    3.014e+06    3.088e+05      5.000e+00    3.000e+00    1.008e-01      7.56s        1         
35   5.772e+00    2.434e+05    1.603e+02      5.000e+00    3.000e+00    1.008e-01      7.06s        1         
36   5.965e+00    1.449e+03    1.157e+02      5.000e+00    3.000e+00    1.008e-01      6.75s        1         
37   6.480e+00    2.366e+11    1.308e+06      5.000e+00    3.000e+00    1.008e-01      6.37s        1         
38   5.918e+00    7.004e+04    2.823e+09      5.000e+00    3.000e+00    1.008e-01      5.76s        1         
39   5.963e+00    6.770e+03    3.984e+05      5.000e+00    3.000e+00    1.008e-01      5.60s        1         
40   6.062e+00    1.120e+04    2.078e+05      5.000e+00    3.000e+00    1.008e-01      4.62s        1         
41   6.175e+00    9.603e+04    2.806e+14      5.000e+00    3.000e+00    1.008e-01      4.12s        1         
42   6.475e+00    1.592e+05    2.326e+05      5.000e+00    3.000e+00    1.008e-01      3.57s        1         
43   6.138e+00    4.480e+05    5.055e+04      5.000e+00    3.000e+00    1.008e-01      3.08s        1         
44   5.928e+00    4.732e+04    1.408e+02      5.000e+00    3.000e+00    1.008e-01      2.51s        1         
45   5.940e+00    1.825e+06    6.826e+05      5.000e+00    3.000e+00    1.008e-01      1.99s        1         
46   6.362e+00    5.259e+09    3.505e+06      5.000e+00    3.000e+00    1.008e-01      1.56s        1         
47   6.312e+00    3.593e+06    3.331e+04      5.000e+00    3.000e+00    1.008e-01      1.01s        1         
48   6.035e+00    3.370e+05    1.742e+05      5.000e+00    3.000e+00    1.008e-01      0.51s        1         
49   6.005e+00    3.427e+05    1.764e+02      5.000e+00    3.000e+00    1.008e-01      0.00s        1         
50   5.912e+00    2.601e+05    6.488e+01      5.000e+00    3.000e+00    1.008e-01      12.43s       1         
51   6.045e+00    8.651e+05    1.340e+05      5.000e+00    3.000e+00    1.008e-01      12.06s       1         
52   5.697e+00    8.860e+02    1.737e+02      5.000e+00    3.000e+00    1.008e-01      11.04s       1         
53   5.975e+00    7.649e+14    1.765e+09      5.000e+00    3.000e+00    1.008e-01      10.71s       1         
54   5.593e+00    7.989e+01    2.448e+04      5.000e+00    3.000e+00    1.008e-01      9.77s        1         
55   5.853e+00    1.818e+02    1.382e+05      5.000e+00    3.000e+00    1.008e-01      9.84s        1         
56   6.055e+00    6.671e+05    4.282e+09      5.000e+00    3.000e+00    1.008e-01      9.96s        1         
57   6.415e+00    7.039e+11    9.609e+04      5.000e+00    3.000e+00    1.008e-01      8.49s        1         
58   5.825e+00    1.586e+05    3.981e+04      5.000e+00    3.000e+00    1.008e-01      8.01s        1         
59   6.037e+00    3.220e+05    4.265e+02      5.000e+00    3.000e+00    1.008e-01      7.67s        1         
60   5.628e+00    1.591e+04    1.004e+02      5.000e+00    3.000e+00    1.008e-01      7.16s        1         
61   6.235e+00    7.484e+03    8.124e+05      5.000e+00    3.000e+00    1.008e-01      6.56s        1         
62   6.013e+00    1.575e+07    1.253e+02      5.000e+00    3.000e+00    1.008e-01      6.00s        1         
63   5.970e+00    3.999e+07    2.322e+05      5.000e+00    3.000e+00    1.008e-01      5.38s        1         
64   5.652e+00    4.658e+04    1.353e+02      5.000e+00    3.000e+00    1.008e-01      4.85s        1         
65   5.850e+00    1.438e+06    3.961e+05      5.000e+00    3.000e+00    1.008e-01      4.40s        1         
66   5.775e+00    8.689e+03    5.944e+07      5.000e+00    3.000e+00    1.008e-01      4.04s        1         
67   5.690e+00    9.627e+06    1.733e+05      5.000e+00    3.000e+00    1.008e-01      3.60s        1         
68   5.750e+00    1.535e+03    6.229e+05      5.000e+00    3.000e+00    1.008e-01      3.05s        1         
69   6.117e+00    4.315e+07    2.476e+04      5.000e+00    3.000e+00    1.008e-01      2.51s        1         
70   5.590e+00    7.718e+03    3.300e+05      5.000e+00    3.000e+00    1.008e-01      2.13s        1         
71   5.963e+00    8.124e+08    2.103e+05      5.000e+00    3.000e+00    1.008e-01      1.51s        1         
72   5.862e+00    4.912e+10    1.777e+05      5.000e+00    3.000e+00    1.008e-01      1.06s        1         
73   5.527e+00    1.362e+03    6.287e+04      5.000e+00    3.000e+00    1.008e-01      0.48s        1         
74   5.595e+00    5.970e+01    1.626e+02      5.000e+00    3.000e+00    1.008e-01      0.00s        1         
75   5.815e+00    7.697e+04    7.756e+04      5.000e+00    3.000e+00    1.008e-01      12.07s       1         
76   5.478e+00    2.428e+03    9.990e+05      5.000e+00    3.000e+00    1.008e-01      12.11s       1         
77   5.755e+00    7.857e+04    1.522e+02      5.000e+00    3.000e+00    1.008e-01      11.02s       1         
78   5.900e+00    8.906e+03    1.061e+10      5.000e+00    3.000e+00    1.008e-01      10.41s       1         
79   6.140e+00    6.414e+07    1.486e+05      5.000e+00    3.000e+00    1.008e-01      9.86s        1         
80   5.723e+00    1.822e+04    1.733e+09      5.000e+00    3.000e+00    1.008e-01      9.72s        1         
81   5.755e+00    8.580e+05    4.470e+03      5.000e+00    3.000e+00    1.008e-01      8.92s        1         
82   5.820e+00    1.128e+03    8.509e+01      5.000e+00    3.000e+00    1.008e-01      8.64s        1         
83   6.032e+00    2.079e+04    1.709e+05      5.000e+00    3.000e+00    1.008e-01      8.11s        1         
84   6.103e+00    1.152e+06    1.694e+07      5.000e+00    3.000e+00    1.008e-01      7.64s        1         
85   5.897e+00    7.615e+02    1.382e+08      5.000e+00    3.000e+00    1.008e-01      7.11s        1         
86   5.890e+00    1.803e+05    5.366e+07      5.000e+00    3.000e+00    1.008e-01      6.69s        1         
87   6.192e+00    2.333e+02    4.031e+05      5.000e+00    3.000e+00    1.008e-01      5.89s        1         
88   6.117e+00    4.362e+03    5.440e+04      5.000e+00    3.000e+00    1.008e-01      5.39s        1         
89   5.942e+00    1.805e+04    5.661e+02      5.000e+00    3.000e+00    1.008e-01      5.08s        1         
90   6.485e+00    2.812e+08    5.653e+05      5.000e+00    3.000e+00    1.008e-01      4.71s        1         
91   5.935e+00    6.139e+02    9.154e+05      5.000e+00    3.000e+00    1.008e-01      4.47s        1         
92   5.978e+00    3.030e+02    1.179e+02      5.000e+00    3.000e+00    1.008e-01      3.62s        1         
93   6.228e+00    4.785e+02    1.227e+05      5.000e+00    3.000e+00    1.008e-01      3.11s        1         
94   5.817e+00    1.647e+03    5.666e+03      5.000e+00    3.000e+00    1.008e-01      2.60s        1         
95   5.982e+00    1.444e+02    2.871e+02      5.000e+00    3.000e+00    1.008e-01      2.12s        1         
96   6.098e+00    5.513e+03    4.860e+05      5.000e+00    3.000e+00    1.008e-01      1.55s        1         
97   6.043e+00    4.098e+04    9.271e+05      5.000e+00    3.000e+00    1.008e-01      1.02s        1         
98   6.180e+00    3.522e+06    1.730e+06      5.000e+00    3.000e+00    1.008e-01      0.51s        1         
99   6.135e+00    1.357e+03    5.319e+05      5.000e+00    3.000e+00    1.008e-01      0.00s        1         
100  6.143e+00    1.195e+05    6.762e+06      5.000e+00    3.000e+00    1.008e-01      11.96s       1         
101  6.185e+00    3.546e+03    3.890e+04      5.000e+00    3.000e+00    1.008e-01      11.71s       1         
102  5.650e+00    3.220e+04    3.153e+05      5.000e+00    3.000e+00    1.008e-01      11.38s       1         
103  6.053e+00    2.433e+05    1.178e+06      5.000e+00    3.000e+00    1.008e-01      10.31s       1         
104  5.935e+00    9.258e+05    6.478e+14      5.000e+00    3.000e+00    1.008e-01      10.29s       1         
105  5.840e+00    5.823e+02    7.769e+01      5.000e+00    3.000e+00    1.008e-01      9.74s        1         
106  6.043e+00    7.357e+08    5.589e+04      5.000e+00    3.000e+00    1.008e-01      9.48s        1         
107  5.990e+00    5.482e+06    4.638e+04      5.000e+00    3.000e+00    1.008e-01      9.14s        1         
108  6.143e+00    6.408e+04    1.334e+05      5.000e+00    3.000e+00    1.008e-01      8.30s        1         
109  6.265e+00    3.461e+09    2.096e+06      5.000e+00    3.000e+00    1.008e-01      7.81s        1         
110  5.955e+00    1.986e+05    5.430e+04      5.000e+00    3.000e+00    1.008e-01      7.19s        1         
111  6.165e+00    2.548e+04    1.495e+02      5.000e+00    3.000e+00    1.008e-01      6.68s        1         
112  5.830e+00    1.054e+04    2.098e+05      5.000e+00    3.000e+00    1.008e-01      6.07s        1         
113  5.888e+00    2.083e+10    9.801e+05      5.000e+00    3.000e+00    1.008e-01      5.69s        1         
114  6.020e+00    1.477e+03    4.848e+03      5.000e+00    3.000e+00    1.008e-01      4.98s        1         
115  5.902e+00    4.092e+06    6.683e+03      5.000e+00    3.000e+00    1.008e-01      4.54s        1         
116  5.965e+00    3.362e+05    3.391e+02      5.000e+00    3.000e+00    1.008e-01      4.11s        1         
117  5.845e+00    1.170e+02    8.135e+04      5.000e+00    3.000e+00    1.008e-01      3.61s        1         
118  5.942e+00    1.594e+10    1.302e+02      5.000e+00    3.000e+00    1.008e-01      3.05s        1         
119  5.992e+00    5.055e+05    8.602e+05      5.000e+00    3.000e+00    1.008e-01      2.54s        1         
120  6.020e+00    7.119e+04    8.179e+04      5.000e+00    3.000e+00    1.008e-01      2.07s        1         
121  6.435e+00    4.003e+06    6.148e+03      5.000e+00    3.000e+00    1.008e-01      1.54s        1         
122  6.107e+00    4.538e+04    1.010e+05      5.000e+00    3.000e+00    1.008e-01      0.99s        1         
123  5.955e+00    2.469e+03    6.706e+01      5.000e+00    3.000e+00    1.008e-01      0.54s        1         
124  6.378e+00    6.031e+03    1.372e+09      5.000e+00    3.000e+00    1.008e-01      0.00s        1         
125  5.893e+00    2.797e+02    2.115e+02      5.000e+00    3.000e+00    1.008e-01      12.62s       1         
126  6.093e+00    7.240e+04    2.750e+04      5.000e+00    3.000e+00    1.008e-01      11.59s       1         
127  6.133e+00    2.492e+05    3.304e+15      5.000e+00    3.000e+00    1.008e-01      11.13s       1         
128  5.870e+00    1.185e+06    7.155e+05      5.000e+00    3.000e+00    1.008e-01      10.71s       1         
129  6.468e+00    5.470e+13    1.034e+08      5.000e+00    3.000e+00    1.008e-01      10.51s       1         
130  6.245e+00    3.708e+03    5.446e+04      5.000e+00    3.000e+00    1.008e-01      9.69s        1         
131  6.402e+00    5.750e+02    6.449e+02      5.000e+00    3.000e+00    1.008e-01      9.16s        1         
132  6.190e+00    5.175e+03    4.231e+03      5.000e+00    3.000e+00    1.008e-01      8.78s        1         
133  6.263e+00    9.475e+05    1.410e+11      5.000e+00    3.000e+00    1.008e-01      8.34s        1         
134  6.225e+00    1.800e+06    1.284e+05      5.000e+00    3.000e+00    1.008e-01      7.70s        1         
135  5.970e+00    2.997e+09    1.515e+10      5.000e+00    3.000e+00    1.008e-01      7.31s        1         
136  6.147e+00    7.840e+05    1.596e+04      5.000e+00    3.000e+00    1.008e-01      6.76s        1         
137  6.195e+00    5.061e+05    6.733e+02      5.000e+00    3.000e+00    1.008e-01      5.99s        1         
138  5.982e+00    6.715e+05    8.494e+09      5.000e+00    3.000e+00    1.008e-01      5.61s        1         
139  5.840e+00    1.219e+02    2.067e+02      5.000e+00    3.000e+00    1.008e-01      5.07s        1         
140  5.920e+00    2.038e+05    9.596e+04      5.000e+00    3.000e+00    1.008e-01      4.93s        1         
141  5.872e+00    1.295e+03    3.238e+03      5.000e+00    3.000e+00    1.008e-01      4.04s        1         
142  5.990e+00    1.393e+02    4.884e+02      5.000e+00    3.000e+00    1.008e-01      3.68s        1         
143  6.152e+00    3.623e+03    3.119e+05      5.000e+00    3.000e+00    1.008e-01      2.98s        1         
144  6.225e+00    3.647e+04    4.294e+04      5.000e+00    3.000e+00    1.008e-01      2.57s        1         
145  6.225e+00    8.717e+03    2.612e+05      5.000e+00    3.000e+00    1.008e-01      2.04s        1         
146  6.652e+00    2.169e+03    1.177e+06      5.000e+00    3.000e+00    1.008e-01      1.60s        1         
147  5.570e+00    1.315e+04    8.920e+01      5.000e+00    3.000e+00    1.008e-01      1.02s        1         
148  5.918e+00    5.604e+04    3.336e+05      5.000e+00    3.000e+00    1.008e-01      0.50s        1         
149  6.043e+00    9.081e+05    4.555e+03      5.000e+00    3.000e+00    1.008e-01      0.00s        1         
150  6.058e+00    3.951e+06    7.300e+04      5.000e+00    3.000e+00    1.008e-01      12.23s       1         
151  6.765e+00    2.238e+12    5.141e+05      5.000e+00    3.000e+00    1.008e-01      12.26s       1         
152  6.405e+00    1.423e+05    9.463e+04      5.000e+00    3.000e+00    1.008e-01      11.68s       1         
153  6.122e+00    3.606e+05    4.533e+06      5.000e+00    3.000e+00    1.008e-01      10.83s       1         
154  5.907e+00    1.437e+03    4.893e+04      5.000e+00    3.000e+00    1.008e-01      10.07s       1         
155  6.325e+00    2.284e+02    1.255e+07      5.000e+00    3.000e+00    1.008e-01      9.56s        1         
156  6.275e+00    8.242e+08    1.198e+05      5.000e+00    3.000e+00    1.008e-01      9.86s        1         
157  6.282e+00    2.971e+03    4.302e+04      5.000e+00    3.000e+00    1.008e-01      9.02s        1         
158  6.075e+00    2.933e+04    9.872e+05      5.000e+00    3.000e+00    1.008e-01      8.26s        1         
159  6.272e+00    1.731e+10    9.505e+05      5.000e+00    3.000e+00    1.008e-01      7.80s        1         
160  6.032e+00    2.116e+12    8.894e+05      5.000e+00    3.000e+00    1.008e-01      7.48s        1         
161  6.035e+00    4.076e+03    2.977e+05      5.000e+00    3.000e+00    1.008e-01      6.47s        1         
162  5.805e+00    4.443e+02    9.592e+01      5.000e+00    3.000e+00    1.008e-01      6.10s        1         
163  6.120e+00    1.505e+06    1.036e+06      5.000e+00    3.000e+00    1.008e-01      5.73s        1         
164  5.960e+00    5.659e+02    1.351e+05      5.000e+00    3.000e+00    1.008e-01      5.14s        1         
165  6.490e+00    6.620e+04    6.769e+07      5.000e+00    3.000e+00    1.008e-01      4.62s        1         
166  6.415e+00    5.342e+06    3.956e+05      5.000e+00    3.000e+00    1.008e-01      3.98s        1         
167  5.888e+00    6.023e+02    1.807e+02      5.000e+00    3.000e+00    1.008e-01      3.63s        1         
168  6.093e+00    2.438e+06    4.159e+02      5.000e+00    3.000e+00    1.008e-01      3.11s        1         
169  6.080e+00    3.661e+02    7.646e+04      5.000e+00    3.000e+00    1.008e-01      2.55s        1         
170  5.915e+00    2.722e+03    3.888e+07      5.000e+00    3.000e+00    1.008e-01      2.08s        1         
171  6.325e+00    1.546e+06    2.711e+05      5.000e+00    3.000e+00    1.008e-01      1.61s        1         
172  6.188e+00    6.017e+05    2.927e+05      5.000e+00    3.000e+00    1.008e-01      1.02s        1         
173  6.197e+00    2.572e+07    6.425e+05      5.000e+00    3.000e+00    1.008e-01      0.56s        1         
174  6.550e+00    7.122e+05    8.761e+04      5.000e+00    3.000e+00    1.008e-01      0.00s        1         
175  6.025e+00    2.889e+03    6.526e+02      5.000e+00    3.000e+00    1.008e-01      12.10s       1         
176  6.000e+00    6.229e+04    2.447e+04      5.000e+00    3.000e+00    1.008e-01      11.74s       1         
177  5.900e+00    1.740e+02    2.640e+02      5.000e+00    3.000e+00    1.008e-01      11.36s       1         
178  6.285e+00    9.349e+06    3.342e+03      5.000e+00    3.000e+00    1.008e-01      10.63s       1         
179  6.103e+00    3.154e+04    1.796e+06      5.000e+00    3.000e+00    1.008e-01      10.15s       1         
180  5.945e+00    1.115e+04    1.269e+03      5.000e+00    3.000e+00    1.008e-01      9.47s        1         
181  6.418e+00    1.762e+04    6.832e+05      5.000e+00    3.000e+00    1.008e-01      9.16s        1         
182  6.188e+00    1.559e+10    4.061e+11      5.000e+00    3.000e+00    1.008e-01      8.78s        1         
183  6.350e+00    1.746e+03    1.738e+09      5.000e+00    3.000e+00    1.008e-01      8.13s        1         
184  6.220e+00    1.567e+09    1.659e+08      5.000e+00    3.000e+00    1.008e-01      7.90s        1         
185  5.848e+00    7.462e+02    7.236e+04      5.000e+00    3.000e+00    1.008e-01      7.05s        1         
186  6.225e+00    7.180e+05    4.830e+05      5.000e+00    3.000e+00    1.008e-01      6.72s        1         
187  6.282e+00    1.382e+06    1.736e+05      5.000e+00    3.000e+00    1.008e-01      6.32s        1         
188  6.237e+00    6.874e+03    4.797e+04      5.000e+00    3.000e+00    1.008e-01      5.79s        1         
189  6.065e+00    2.235e+03    4.196e+04      5.000e+00    3.000e+00    1.008e-01      5.00s        1         
190  5.928e+00    6.271e+02    5.441e+02      5.000e+00    3.000e+00    1.008e-01      4.92s        1         
191  6.043e+00    5.202e+03    6.505e+03      5.000e+00    3.000e+00    1.008e-01      4.12s        1         
192  5.945e+00    6.544e+04    1.523e+05      5.000e+00    3.000e+00    1.008e-01      3.61s        1         
193  5.995e+00    1.515e+03    1.702e+05      5.000e+00    3.000e+00    1.008e-01      3.13s        1         
194  5.638e+00    1.330e+03    1.172e+05      5.000e+00    3.000e+00    1.008e-01      2.60s        1         
195  6.120e+00    1.150e+03    4.247e+05      5.000e+00    3.000e+00    1.008e-01      2.01s        1         
196  5.952e+00    2.586e+02    5.410e+05      5.000e+00    3.000e+00    1.008e-01      1.49s        1         
197  6.085e+00    1.407e+02    3.046e+09      5.000e+00    3.000e+00    1.008e-01      1.08s        1         
198  5.945e+00    4.147e+02    2.468e+12      5.000e+00    3.000e+00    1.008e-01      0.52s        1         
199  5.963e+00    8.455e+04    4.297e+05      5.000e+00    3.000e+00    1.008e-01      0.00s        1         
200  6.367e+00    4.063e+04    1.034e+06      5.000e+00    3.000e+00    1.008e-01      12.52s       1         
201  5.888e+00    8.410e+06    5.885e+04      5.000e+00    3.000e+00    1.008e-01      11.59s       1         
202  6.035e+00    1.129e+05    1.444e+05      5.000e+00    3.000e+00    1.008e-01      11.42s       1         
203  6.053e+00    1.067e+06    9.529e+01      5.000e+00    3.000e+00    1.008e-01      10.51s       1         
204  5.970e+00    7.532e+04    9.978e+01      5.000e+00    3.000e+00    1.008e-01      10.04s       1         
205  6.312e+00    6.701e+05    1.360e+05      5.000e+00    3.000e+00    1.008e-01      9.68s        1         
206  6.213e+00    1.195e+11    1.214e+04      5.000e+00    3.000e+00    1.008e-01      9.08s        1         
207  6.537e+00    2.538e+09    4.492e+08      5.000e+00    3.000e+00    1.008e-01      9.48s        1         
208  6.162e+00    3.418e+08    1.766e+16      5.000e+00    3.000e+00    1.008e-01      8.48s        1         
209  6.260e+00    4.909e+07    4.318e+09      5.000e+00    3.000e+00    1.008e-01      7.64s        1         
210  6.170e+00    2.034e+05    6.128e+05      5.000e+00    3.000e+00    1.008e-01      7.14s        1         
211  5.990e+00    6.791e+02    4.346e+05      5.000e+00    3.000e+00    1.008e-01      6.72s        1         
212  6.305e+00    1.857e+08    1.108e+05      5.000e+00    3.000e+00    1.008e-01      6.01s        1         
213  5.845e+00    4.314e+02    5.084e+03      5.000e+00    3.000e+00    1.008e-01      5.44s        1         
214  5.985e+00    2.059e+03    3.424e+02      5.000e+00    3.000e+00    1.008e-01      5.18s        1         
215  5.880e+00    1.934e+09    4.270e+01      5.000e+00    3.000e+00    1.008e-01      4.55s        1         
216  6.385e+00    8.348e+10    3.435e+05      5.000e+00    3.000e+00    1.008e-01      4.13s        1         
217  6.022e+00    2.487e+04    2.509e+05      5.000e+00    3.000e+00    1.008e-01      3.76s        1         
218  6.220e+00    2.561e+06    3.335e+03      5.000e+00    3.000e+00    1.008e-01      3.02s        1         
219  6.322e+00    8.876e+02    3.316e+07      5.000e+00    3.000e+00    1.008e-01      2.52s        1         
220  6.197e+00    3.525e+12    8.241e+05      5.000e+00    3.000e+00    1.008e-01      2.05s        1         
221  6.197e+00    1.746e+03    1.535e+05      5.000e+00    3.000e+00    1.008e-01      1.59s        1         
222  6.058e+00    4.924e+02    3.267e+06      7.000e+00    4.000e+01    9.104e-02      1.03s        2         
223  7.155e+00    2.524e+08    1.679e+06      7.000e+00    4.000e+01    9.104e-02      0.49s        2         
224  7.060e+00    8.121e+04    3.596e+02      5.000e+00    8.000e+00    8.585e-02      0.00s        2         
225  6.157e+00    2.309e+05    7.921e+04      5.000e+00    8.000e+00    7.249e-02      11.43s       2         
226  5.780e+00    9.974e+04    5.038e+03      5.000e+00    8.000e+00    7.249e-02      10.93s       2         
227  6.065e+00    4.967e+07    4.383e+04      5.000e+00    8.000e+00    7.249e-02      10.33s       2         
228  6.310e+00    6.619e+05    7.474e+05      5.000e+00    8.000e+00    7.249e-02      10.04s       2         
229  6.018e+00    5.808e+06    3.780e+02      5.000e+00    8.000e+00    7.249e-02      9.49s        2         
230  6.085e+00    5.980e+04    1.048e+07      5.000e+00    8.000e+00    7.249e-02      9.02s        2         
231  5.798e+00    2.473e+07    3.095e+12      5.000e+00    8.000e+00    7.249e-02      8.33s        2         
232  6.265e+00    1.251e+04    8.883e+05      5.000e+00    8.000e+00    7.249e-02      7.77s        2         
233  6.305e+00    4.214e+07    5.190e+06      5.000e+00    8.000e+00    7.249e-02      7.65s        2         
234  6.065e+00    5.100e+02    2.159e+02      5.000e+00    8.000e+00    7.249e-02      6.94s        2         
235  5.843e+00    1.056e+08    4.887e+05      5.000e+00    8.000e+00    7.249e-02      6.50s        2         
236  5.795e+00    8.805e+03    3.943e+04      5.000e+00    8.000e+00    5.718e-02      5.92s        2         
237  5.995e+00    5.231e+02    1.342e+11      5.000e+00    8.000e+00    5.718e-02      5.63s        2         
238  6.640e+00    1.806e+07    2.140e+05      5.000e+00    8.000e+00    5.718e-02      5.16s        2         
239  6.122e+00    6.719e+02    2.154e+05      5.000e+00    8.000e+00    5.718e-02      4.70s        2         
240  6.050e+00    7.870e+03    4.614e+02      5.000e+00    8.000e+00    5.718e-02      4.41s        2         
241  6.272e+00    2.367e+04    5.278e+05      5.000e+00    8.000e+00    5.718e-02      4.27s        2         
242  5.785e+00    1.239e+07    2.202e+04      5.000e+00    8.000e+00    5.718e-02      3.20s        2         
243  6.122e+00    1.377e+05    4.257e+05      5.000e+00    8.000e+00    5.718e-02      2.81s        2         
244  6.240e+00    4.398e+02    1.184e+05      5.000e+00    8.000e+00    5.718e-02      2.29s        2         
245  6.062e+00    9.991e+06    4.195e+14      5.000e+00    8.000e+00    5.718e-02      1.85s        2         
246  6.320e+00    2.012e+06    1.463e+09      5.000e+00    8.000e+00    5.718e-02      1.39s        2         
247  6.143e+00    1.042e+06    2.135e+05      5.000e+00    8.000e+00    5.718e-02      0.94s        2         
248  5.975e+00    1.826e+04    1.978e+04      5.000e+00    8.000e+00    5.718e-02      0.47s        2         
249  6.290e+00    6.513e+08    1.777e+08      5.000e+00    8.000e+00    5.718e-02      0.00s        2         
250  6.470e+00    1.464e+09    6.710e+05      5.000e+00    8.000e+00    5.718e-02      11.47s       2         
251  6.128e+00    5.099e+08    5.669e+09      5.000e+00    8.000e+00    5.718e-02      10.87s       2         
252  6.000e+00    6.860e+09    3.073e+04      5.000e+00    8.000e+00    5.718e-02      10.32s       2         
253  5.978e+00    2.146e+04    2.132e+03      5.000e+00    8.000e+00    5.718e-02      9.94s        2         
254  6.155e+00    6.532e+02    1.874e+05      5.000e+00    8.000e+00    5.718e-02      9.58s        2         
255  6.048e+00    2.448e+03    1.340e+05      5.000e+00    8.000e+00    5.718e-02      8.73s        2         
256  6.080e+00    1.489e+04    3.349e+05      5.000e+00    8.000e+00    5.718e-02      8.58s        2         
257  6.072e+00    4.790e+02    2.144e+05      5.000e+00    8.000e+00    5.718e-02      7.88s        2         
258  6.395e+00    1.631e+09    1.588e+06      5.000e+00    8.000e+00    5.718e-02      7.85s        2         
259  6.138e+00    5.752e+06    5.573e+05      5.000e+00    8.000e+00    5.718e-02      7.84s        2         
260  5.930e+00    9.531e+01    5.905e+04      5.000e+00    8.000e+00    5.718e-02      6.62s        2         
261  5.955e+00    2.223e+03    7.828e+08      5.000e+00    8.000e+00    5.718e-02      6.31s        2         
262  5.900e+00    5.316e+02    4.249e+05      5.000e+00    8.000e+00    5.718e-02      5.63s        2         
263  5.960e+00    1.823e+02    1.197e+03      5.000e+00    8.000e+00    5.718e-02      4.92s        2         
264  5.817e+00    1.908e+03    1.925e+05      5.000e+00    8.000e+00    5.718e-02      4.65s        2         
265  6.070e+00    1.703e+02    4.275e+05      5.000e+00    8.000e+00    5.718e-02      4.24s        2         
266  6.008e+00    6.425e+05    1.816e+09      5.000e+00    8.000e+00    5.718e-02      3.72s        2         
267  6.055e+00    5.920e+06    2.205e+02      5.000e+00    8.000e+00    5.718e-02      3.17s        2         
268  5.793e+00    2.095e+04    3.473e+05      5.000e+00    8.000e+00    5.718e-02      2.77s        2         
269  6.072e+00    1.111e+08    2.521e+05      5.000e+00    8.000e+00    5.718e-02      2.34s        2         
270  6.147e+00    3.496e+09    7.754e+02      5.000e+00    8.000e+00    5.718e-02      1.88s        2         
271  5.980e+00    2.837e+03    3.433e+04      5.000e+00    8.000e+00    5.718e-02      1.41s        2         
272  6.120e+00    5.431e+04    6.171e+02      5.000e+00    8.000e+00    5.718e-02      0.95s        2         
273  6.070e+00    8.152e+03    2.880e+05      5.000e+00    8.000e+00    5.718e-02      0.47s        2         
274  5.862e+00    2.027e+03    3.920e+04      5.000e+00    8.000e+00    5.718e-02      0.00s        2         
275  6.565e+00    1.227e+07    3.659e+08      5.000e+00    8.000e+00    5.718e-02      11.36s       2         
276  6.253e+00    2.519e+03    3.428e+02      5.000e+00    8.000e+00    5.718e-02      10.85s       2         
277  6.098e+00    2.289e+04    2.136e+05      5.000e+00    8.000e+00    5.718e-02      11.29s       2         
278  5.615e+00    2.086e+06    4.651e+02      5.000e+00    8.000e+00    5.718e-02      9.81s        2         
279  5.768e+00    3.235e+03    2.153e+06      5.000e+00    8.000e+00    5.718e-02      9.50s        2         
280  5.923e+00    2.559e+05    3.358e+05      5.000e+00    8.000e+00    5.718e-02      8.87s        2         
281  6.072e+00    6.373e+02    8.738e+04      5.000e+00    8.000e+00    5.718e-02      8.63s        2         
282  6.072e+00    5.145e+02    5.497e+05      5.000e+00    8.000e+00    5.718e-02      8.06s        2         
283  5.945e+00    1.449e+04    4.600e+05      5.000e+00    8.000e+00    5.718e-02      7.43s        2         
284  6.090e+00    7.856e+02    4.470e+05      5.000e+00    8.000e+00    5.718e-02      6.93s        2         
285  5.883e+00    8.686e+06    6.475e+09      5.000e+00    8.000e+00    5.718e-02      6.51s        2         
286  6.150e+00    2.481e+06    3.334e+03      5.000e+00    8.000e+00    5.718e-02      6.07s        2         
287  6.235e+00    5.387e+05    6.916e+08      5.000e+00    8.000e+00    5.704e-02      5.74s        2         
288  6.425e+00    1.093e+07    1.131e+07      5.000e+00    8.000e+00    5.704e-02      5.23s        2         
289  5.952e+00    8.837e+04    7.265e+02      5.000e+00    8.000e+00    5.704e-02      4.48s        2         
290  6.200e+00    6.812e+10    3.701e+10      5.000e+00    8.000e+00    5.704e-02      4.19s        2         
291  6.247e+00    4.097e+03    1.363e+02      5.000e+00    8.000e+00    5.704e-02      3.90s        2         
292  6.263e+00    4.469e+06    6.033e+02      5.000e+00    8.000e+00    5.704e-02      3.24s        2         
293  6.440e+00    4.190e+06    1.479e+06      5.000e+00    8.000e+00    5.704e-02      2.82s        2         
294  6.155e+00    5.584e+07    2.136e+05      5.000e+00    8.000e+00    5.704e-02      2.38s        2         
295  6.210e+00    2.258e+05    2.139e+05      5.000e+00    8.000e+00    5.704e-02      2.02s        2         
296  6.060e+00    3.519e+03    1.448e+03      5.000e+00    8.000e+00    5.704e-02      1.42s        2         
297  5.942e+00    2.016e+05    4.294e+05      5.000e+00    8.000e+00    5.704e-02      0.95s        2         
298  6.165e+00    8.086e+07    7.358e+08      5.000e+00    8.000e+00    5.704e-02      0.48s        2         
299  6.117e+00    1.658e+06    2.138e+05      5.000e+00    8.000e+00    5.704e-02      0.00s        2         
300  6.080e+00    3.666e+02    4.901e+04      5.000e+00    8.000e+00    5.704e-02      11.44s       2         
301  6.085e+00    8.545e+05    1.916e+04      5.000e+00    8.000e+00    5.704e-02      10.81s       2         
302  6.168e+00    1.575e+05    2.809e+10      5.000e+00    8.000e+00    5.704e-02      10.21s       2         
303  5.935e+00    1.140e+02    1.352e+03      7.000e+00    1.600e+01    5.616e-02      9.68s        3         
304  6.475e+00    2.115e+03    3.270e+03      7.000e+00    1.600e+01    5.616e-02      10.17s       3         
305  6.680e+00    9.244e+11    2.686e+02      7.000e+00    1.600e+01    5.616e-02      9.44s        3         
306  7.090e+00    1.066e+09    1.228e+06      7.000e+00    1.600e+01    5.616e-02      8.96s        3         
307  6.895e+00    4.897e+06    7.237e+05      7.000e+00    1.600e+01    5.616e-02      8.54s        3         
308  6.662e+00    1.485e+02    9.245e+05      7.000e+00    1.600e+01    5.616e-02      8.21s        3         
309  6.622e+00    2.439e+03    2.137e+05      7.000e+00    1.600e+01    5.581e-02      7.62s        3         
310  6.475e+00    2.439e+02    2.405e+03      7.000e+00    1.600e+01    5.581e-02      6.83s        3         
311  6.643e+00    4.933e+02    2.737e+05      7.000e+00    1.600e+01    5.581e-02      6.48s        3         
312  6.957e+00    5.024e+05    1.343e+05      7.000e+00    1.600e+01    5.581e-02      6.45s        3         
313  6.832e+00    3.928e+05    1.451e+10      7.000e+00    1.600e+01    5.581e-02      5.46s        3         
314  6.718e+00    1.112e+09    4.660e+02      7.000e+00    1.600e+01    5.581e-02      5.01s        3         
315  7.013e+00    8.413e+04    6.141e+04      7.000e+00    1.600e+01    5.581e-02      4.48s        3         
316  6.600e+00    3.252e+03    2.707e+12      7.000e+00    1.600e+01    5.581e-02      4.05s        3         
317  6.540e+00    2.417e+02    3.599e+06      7.000e+00    1.600e+01    5.581e-02      3.50s        3         
318  6.755e+00    1.308e+04    4.399e+02      7.000e+00    1.600e+01    5.581e-02      2.96s        3         
319  6.732e+00    3.791e+02    2.138e+05      7.000e+00    1.600e+01    5.581e-02      2.53s        3         
320  6.840e+00    6.033e+06    4.409e+04      7.000e+00    1.600e+01    5.581e-02      2.06s        3         
321  6.745e+00    1.368e+09    7.886e+05      7.000e+00    1.600e+01    5.581e-02      1.51s        3         
322  6.680e+00    1.436e+04    7.190e+11      7.000e+00    1.600e+01    5.581e-02      1.00s        4         
323  7.327e+00    4.083e+06    1.076e+11      7.000e+00    1.600e+01    5.581e-02      0.49s        4         
324  7.508e+00    3.452e+13    5.228e+12      7.000e+00    1.600e+01    5.581e-02      0.00s        4         
325  7.230e+00    2.279e+05    2.189e+05      7.000e+00    1.600e+01    5.581e-02      11.54s       4         
326  6.973e+00    3.028e+02    4.123e+05      7.000e+00    1.600e+01    5.581e-02      11.19s       4         
327  7.062e+00    6.697e+02    2.388e+02      7.000e+00    1.600e+01    5.581e-02      10.69s       4         
328  7.185e+00    6.911e+09    8.864e+05      7.000e+00    1.600e+01    5.581e-02      11.26s       4         
329  6.827e+00    4.591e+02    6.761e+04      7.000e+00    1.600e+01    5.581e-02      9.90s        4         
330  7.465e+00    4.388e+06    6.279e+05      7.000e+00    1.600e+01    5.581e-02      9.16s        4         
331  7.173e+00    2.749e+03    2.044e+10      7.000e+00    1.600e+01    5.518e-02      8.92s        4         
332  7.265e+00    1.150e+03    5.241e+05      7.000e+00    1.600e+01    5.518e-02      8.40s        4         
333  7.480e+00    2.103e+12    2.740e+12      9.000e+00    3.200e+01    5.385e-02      7.91s        6         
334  7.567e+00    1.990e+06    2.246e+05      9.000e+00    3.200e+01    5.385e-02      7.95s        6         
335  7.803e+00    2.376e+05    1.195e+03      9.000e+00    3.200e+01    5.385e-02      7.29s        6         
336  7.707e+00    4.067e+02    2.166e+05      9.000e+00    3.200e+01    5.385e-02      6.84s        6         
337  8.002e+00    1.511e+03    6.910e+05      9.000e+00    3.200e+01    5.385e-02      6.22s        6         
338  7.720e+00    6.603e+02    9.443e+05      9.000e+00    3.200e+01    5.385e-02      5.59s        6         
339  7.827e+00    7.429e+02    3.822e+08      9.000e+00    3.200e+01    5.385e-02      5.41s        6         
340  7.795e+00    5.649e+03    2.122e+05      9.000e+00    3.200e+01    5.385e-02      4.64s        6         
341  7.867e+00    9.920e+02    5.387e+05      9.000e+00    3.200e+01    5.385e-02      4.07s        6         
342  7.893e+00    6.335e+03    2.531e+06      9.000e+00    3.200e+01    5.385e-02      3.64s        6         
343  8.080e+00    5.899e+06    3.744e+02      9.000e+00    3.200e+01    5.385e-02      3.06s        6         
344  7.995e+00    1.306e+04    1.756e+05      9.000e+00    3.200e+01    5.385e-02      2.85s        6         
345  8.020e+00    9.789e+05    2.414e+05      9.000e+00    3.200e+01    5.385e-02      2.12s        6         
346  7.987e+00    3.769e+03    2.160e+05      9.000e+00    3.200e+01    5.385e-02      1.55s        6         
347  8.188e+00    2.220e+03    4.972e+02      9.000e+00    3.200e+01    5.385e-02      1.04s        6         
348  7.985e+00    1.143e+02    2.162e+05      9.000e+00    3.200e+01    5.385e-02      0.52s        6         
349  8.360e+00    3.453e+03    1.062e+05      9.000e+00    3.200e+01    5.385e-02      0.00s        6         
350  7.933e+00    3.209e+03    3.303e+05      9.000e+00    3.200e+01    5.385e-02      12.14s       6         
351  7.822e+00    8.036e+06    2.143e+05      9.000e+00    3.200e+01    5.385e-02      11.82s       6         
352  8.217e+00    4.097e+10    2.136e+05      9.000e+00    3.200e+01    5.385e-02      10.93s       5         
353  7.827e+00    1.340e+03    4.641e+04      9.000e+00    3.200e+01    5.381e-02      10.42s       5         
354  8.062e+00    6.749e+08    3.706e+02      9.000e+00    3.200e+01    5.381e-02      9.83s        5         
355  8.035e+00    4.596e+04    1.177e+05      9.000e+00    3.200e+01    5.381e-02      9.70s        5         
356  7.607e+00    1.721e+05    1.158e+03      9.000e+00    3.200e+01    5.381e-02      8.93s        5         
357  7.492e+00    6.689e+01    1.237e+02      9.000e+00    3.200e+01    5.381e-02      8.43s        5         
358  7.355e+00    2.536e+02    9.695e+05      9.000e+00    3.200e+01    5.381e-02      7.90s        5         
359  7.535e+00    1.462e+03    1.200e+05      9.000e+00    3.200e+01    5.381e-02      7.35s        5         
360  7.440e+00    2.725e+05    1.586e+04      9.000e+00    3.200e+01    5.381e-02      7.35s        5         
361  7.285e+00    8.651e+05    4.778e+05      9.000e+00    3.200e+01    5.381e-02      6.31s        5         
362  8.130e+00    1.551e+08    2.483e+05      9.000e+00    3.200e+01    5.381e-02      6.13s        5         
363  7.650e+00    1.903e+03    1.015e+06      9.000e+00    3.200e+01    5.381e-02      5.44s        5         
364  7.840e+00    2.584e+09    4.221e+10      9.000e+00    3.200e+01    5.381e-02      5.00s        5         
365  7.610e+00    1.627e+06    5.385e+03      9.000e+00    3.200e+01    5.380e-02      4.37s        5         
366  7.495e+00    1.041e+03    3.996e+08      9.000e+00    3.200e+01    5.380e-02      3.91s        5         
367  8.050e+00    1.272e+07    3.979e+02      9.000e+00    3.200e+01    5.380e-02      3.56s        5         
368  7.548e+00    9.530e+03    1.346e+03      9.000e+00    3.200e+01    5.380e-02      2.96s        5         
369  7.920e+00    1.758e+06    3.551e+11      9.000e+00    3.200e+01    5.380e-02      2.52s        5         
370  7.612e+00    7.372e+03    1.089e+05      9.000e+00    3.200e+01    5.380e-02      1.96s        5         
371  7.553e+00    2.059e+05    4.905e+02      9.000e+00    3.200e+01    5.380e-02      1.46s        5         
372  8.297e+00    9.504e+09    2.699e+05      9.000e+00    3.200e+01    5.380e-02      0.98s        5         
373  7.450e+00    3.007e+03    1.145e+03      9.000e+00    3.200e+01    5.380e-02      0.50s        5         
374  7.705e+00    1.720e+05    1.672e+03      9.000e+00    3.200e+01    5.380e-02      0.00s        5         
375  7.675e+00    1.267e+04    1.043e+03      9.000e+00    3.200e+01    5.380e-02      11.82s       5         
376  7.625e+00    4.753e+02    2.421e+02      9.000e+00    3.200e+01    5.380e-02      12.72s       5         
377  7.860e+00    1.502e+03    2.136e+05      9.000e+00    3.200e+01    5.371e-02      10.91s       5         
378  7.718e+00    6.162e+04    5.416e+05      9.000e+00    3.200e+01    5.371e-02      10.75s       5         
379  7.605e+00    1.136e+10    8.684e+09      9.000e+00    3.200e+01    5.371e-02      9.88s        5         
380  7.830e+00    6.506e+03    2.137e+05      9.000e+00    3.200e+01    5.371e-02      9.43s        5         
381  7.457e+00    4.691e+03    2.159e+05      9.000e+00    3.200e+01    5.371e-02      8.68s        5         
382  8.002e+00    6.029e+07    3.244e+12      9.000e+00    3.200e+01    5.371e-02      8.49s        5         
383  7.562e+00    2.705e+04    5.083e+04      9.000e+00    3.200e+01    5.371e-02      7.92s        5         
384  7.505e+00    4.149e+06    1.351e+02      9.000e+00    3.200e+01    5.371e-02      7.58s        5         
385  8.055e+00    3.229e+07    3.369e+05      9.000e+00    3.200e+01    5.371e-02      6.96s        5         
386  7.872e+00    7.375e+09    1.414e+06      9.000e+00    3.200e+01    5.371e-02      6.29s        5         
387  7.440e+00    3.765e+03    2.136e+05      9.000e+00    3.200e+01    5.371e-02      6.03s        5         
388  7.817e+00    3.247e+03    1.221e+04      9.000e+00    3.200e+01    5.371e-02      5.52s        5         
389  7.950e+00    7.635e+06    1.105e+08      9.000e+00    3.200e+01    5.371e-02      5.05s        5         
390  8.277e+00    1.145e+09    1.038e+10      9.000e+00    3.200e+01    5.371e-02      4.50s        5         
391  7.598e+00    8.096e+02    2.160e+05      9.000e+00    3.200e+01    5.371e-02      3.99s        5         
392  7.978e+00    1.713e+07    8.125e+05      9.000e+00    3.200e+01    5.371e-02      3.83s        5         
393  7.527e+00    2.436e+03    3.612e+12      9.000e+00    3.200e+01    5.371e-02      2.94s        5         
394  7.718e+00    4.843e+05    6.066e+02      9.000e+00    2.800e+01    5.176e-02      2.46s        5         
395  7.455e+00    3.239e+02    3.054e+02      9.000e+00    2.800e+01    5.176e-02      1.89s        5         
396  7.553e+00    1.969e+06    1.262e+02      9.000e+00    2.800e+01    5.176e-02      1.41s        5         
397  7.478e+00    5.612e+02    1.077e+10      9.000e+00    2.800e+01    4.109e-02      0.94s        5         
398  7.327e+00    4.171e+02    2.388e+05      9.000e+00    2.800e+01    4.109e-02      0.46s        5         
399  7.770e+00    1.995e+04    1.311e+03      9.000e+00    2.800e+01    4.109e-02      0.00s        5         
400  8.290e+00    8.673e+10    8.732e+02      9.000e+00    2.800e+01    4.109e-02      11.87s       5         
401  7.643e+00    1.764e+03    2.222e+05      9.000e+00    2.800e+01    4.109e-02      10.89s       5         
402  7.812e+00    6.351e+02    1.416e+06      9.000e+00    2.800e+01    4.109e-02      10.35s       5         
403  7.225e+00    1.059e+03    3.256e+04      9.000e+00    2.800e+01    4.109e-02      9.95s        5         
404  7.930e+00    6.288e+05    2.796e+06      9.000e+00    2.800e+01    4.109e-02      9.35s        5         
405  7.862e+00    6.130e+04    2.053e+04      9.000e+00    2.800e+01    4.109e-02      9.20s        5         
406  7.790e+00    2.220e+12    2.153e+05      9.000e+00    2.800e+01    4.109e-02      8.45s        5         
407  7.585e+00    3.447e+02    3.893e+04      9.000e+00    2.800e+01    4.109e-02      8.11s        5         
408  7.525e+00    4.930e+06    9.168e+02      9.000e+00    2.800e+01    4.109e-02      8.14s        5         
409  7.835e+00    1.063e+05    3.665e+02      9.000e+00    2.800e+01    4.109e-02      6.99s        5         
410  7.635e+00    3.329e+03    1.094e+02      9.000e+00    2.800e+01    4.109e-02      6.39s        5         
411  7.575e+00    1.125e+07    1.619e+14      9.000e+00    2.800e+01    4.109e-02      6.00s        5         
412  7.490e+00    8.907e+04    2.323e+06      9.000e+00    2.800e+01    4.109e-02      5.62s        5         
413  7.298e+00    1.961e+02    2.134e+05      9.000e+00    2.800e+01    4.109e-02      5.20s        5         
414  8.002e+00    2.269e+05    1.995e+06      9.000e+00    2.800e+01    4.109e-02      4.81s        5         
415  7.463e+00    8.194e+02    1.699e+05      9.000e+00    2.800e+01    4.109e-02      4.20s        5         
416  8.062e+00    6.735e+03    2.049e+05      9.000e+00    2.800e+01    4.109e-02      3.79s        5         
417  7.503e+00    1.662e+04    2.154e+05      9.000e+00    2.800e+01    4.109e-02      3.31s        5         
418  7.457e+00    5.537e+02    2.140e+05      1.100e+01    4.000e+01    3.953e-02      2.81s        6         
419  7.900e+00    5.161e+02    2.555e+12      1.100e+01    4.000e+01    3.953e-02      2.38s        6         
420  8.762e+00    1.424e+06    1.483e+07      1.100e+01    4.000e+01    3.953e-02      1.84s        6         
421  8.213e+00    5.596e+07    5.046e+12      1.100e+01    4.000e+01    3.844e-02      1.44s        6         
422  8.307e+00    1.817e+08    1.997e+02      1.100e+01    4.000e+01    3.844e-02      0.95s        6         
423  7.865e+00    2.616e+02    9.764e+05      1.100e+01    4.000e+01    3.844e-02      0.47s        6         
424  8.505e+00    4.426e+04    1.220e+06      1.100e+01    4.000e+01    3.844e-02      0.00s        6         
425  8.197e+00    4.727e+06    1.431e+02      1.100e+01    4.000e+01    3.844e-02      11.65s       6         
426  8.440e+00    3.064e+07    5.448e+05      1.100e+01    4.000e+01    3.844e-02      11.06s       6         
427  8.270e+00    1.737e+04    1.368e+02      1.100e+01    4.000e+01    3.844e-02      10.52s       6         
428  8.125e+00    4.287e+03    5.017e+05      1.100e+01    4.000e+01    3.329e-02      9.96s        6         
429  8.143e+00    5.963e+02    8.399e+05      1.100e+01    4.000e+01    3.329e-02      9.68s        6         
430  8.188e+00    1.255e+05    3.490e+06      1.100e+01    4.000e+01    3.329e-02      9.17s        6         
431  8.592e+00    7.390e+04    1.860e+06      1.100e+01    4.000e+01    3.329e-02      8.56s        6         
432  8.303e+00    3.847e+04    5.622e+05      1.100e+01    4.000e+01    3.329e-02      8.14s        6         
433  8.373e+00    2.599e+03    3.831e+03      1.100e+01    4.000e+01    3.329e-02      7.82s        6         
434  8.428e+00    1.767e+05    1.352e+05      1.100e+01    4.000e+01    3.329e-02      7.07s        6         
435  8.582e+00    2.045e+12    2.409e+02      1.100e+01    4.000e+01    3.329e-02      6.83s        6         
436  8.295e+00    9.970e+03    7.346e+04      1.100e+01    4.000e+01    3.329e-02      6.10s        6         
437  8.453e+00    4.755e+05    3.862e+04      1.100e+01    4.000e+01    3.329e-02      5.77s        6         
438  8.492e+00    4.953e+04    2.340e+02      1.100e+01    4.000e+01    3.329e-02      5.44s        6         
439  8.295e+00    1.263e+03    2.135e+05      1.100e+01    4.000e+01    3.329e-02      4.81s        6         
440  8.315e+00    1.236e+05    8.483e+02      1.100e+01    4.000e+01    3.329e-02      4.64s        6         
441  8.393e+00    3.896e+02    7.222e+02      1.100e+01    4.000e+01    3.329e-02      3.77s        6         
442  8.255e+00    4.891e+03    2.134e+05      1.100e+01    4.000e+01    3.329e-02      3.36s        6         
443  8.393e+00    1.623e+05    3.230e+05      1.100e+01    4.000e+01    3.329e-02      2.87s        6         
444  8.575e+00    6.615e+03    5.753e+05      1.100e+01    4.000e+01    3.329e-02      2.37s        6         
445  8.102e+00    4.762e+02    2.174e+02      1.100e+01    4.000e+01    3.329e-02      1.89s        6         
446  8.527e+00    1.797e+04    5.099e+02      1.100e+01    4.000e+01    3.329e-02      1.45s        6         
447  8.405e+00    9.362e+04    6.944e+05      1.100e+01    4.000e+01    3.329e-02      0.97s        6         
448  8.477e+00    6.280e+08    3.372e+02      1.100e+01    4.000e+01    3.329e-02      0.48s        6         
449  8.335e+00    1.068e+03    6.348e+04      1.100e+01    4.000e+01    3.329e-02      0.00s        7         
450  9.068e+00    7.789e+12    2.174e+05      1.100e+01    4.000e+01    3.329e-02      11.70s       7         
451  8.438e+00    3.606e+04    6.373e+04      1.100e+01    4.000e+01    3.329e-02      11.09s       7         
452  8.557e+00    1.304e+06    5.966e+07      1.100e+01    4.000e+01    3.329e-02      10.53s       8         
453  8.898e+00    6.747e+07    2.667e+02      1.100e+01    4.000e+01    3.329e-02      10.15s       7         
454  8.515e+00    7.044e+03    2.339e+05      1.100e+01    4.000e+01    3.329e-02      9.57s        7         
455  9.123e+00    4.770e+04    7.425e+08      1.100e+01    4.000e+01    3.329e-02      9.40s        7         
456  8.725e+00    3.341e+07    2.517e+05      1.100e+01    4.000e+01    3.329e-02      9.49s        7         
457  8.607e+00    6.059e+03    2.063e+05      1.100e+01    4.000e+01    3.329e-02      8.12s        7         
458  8.693e+00    1.306e+15    1.097e+03      1.100e+01    4.000e+01    3.329e-02      7.67s        7         
459  8.682e+00    1.101e+07    4.584e+05      1.100e+01    4.000e+01    3.329e-02      7.18s        7         
460  8.845e+00    2.510e+08    5.964e+04      1.100e+01    4.000e+01    3.329e-02      6.59s        7         
461  8.762e+00    2.676e+07    1.496e+03      1.100e+01    4.000e+01    3.329e-02      6.18s        7         
462  8.490e+00    3.771e+03    2.576e+02      1.100e+01    4.000e+01    3.329e-02      5.69s        6         
463  8.430e+00    3.577e+09    3.802e+13      1.100e+01    4.000e+01    3.329e-02      5.20s        6         
464  8.610e+00    4.452e+04    4.285e+05      1.100e+01    4.000e+01    3.329e-02      4.87s        6         
465  7.910e+00    5.240e+03    4.547e+02      1.100e+01    4.000e+01    3.329e-02      4.21s        6         
466  8.312e+00    3.983e+05    9.786e+04      1.100e+01    4.000e+01    3.329e-02      3.83s        6         
467  8.527e+00    4.409e+02    1.456e+08      1.100e+01    4.000e+01    3.329e-02      3.39s        6         
468  8.537e+00    1.095e+04    4.817e+09      1.100e+01    4.000e+01    3.329e-02      2.84s        6         
469  8.512e+00    2.767e+08    9.063e+14      1.100e+01    4.000e+01    3.329e-02      2.36s        6         
470  8.213e+00    9.460e+03    1.010e+05      1.100e+01    4.000e+01    3.329e-02      1.90s        6         
471  8.280e+00    4.724e+03    2.533e+02      1.100e+01    4.000e+01    3.329e-02      1.42s        6         
472  8.235e+00    1.300e+03    1.320e+05      1.100e+01    4.000e+01    3.329e-02      1.05s        6         
473  8.338e+00    3.632e+03    5.180e+08      1.100e+01    4.000e+01    3.329e-02      0.47s        6         
474  8.190e+00    3.462e+02    9.050e+09      1.100e+01    4.000e+01    3.329e-02      0.00s        6         
475  8.610e+00    2.684e+05    8.329e+04      1.100e+01    4.000e+01    3.329e-02      11.47s       6         
476  8.457e+00    5.402e+05    9.754e+04      1.100e+01    4.000e+01    3.329e-02      11.11s       6         
477  8.785e+00    5.183e+13    3.081e+05      1.100e+01    4.000e+01    3.329e-02      10.46s       6         
478  8.217e+00    1.031e+05    7.764e+04      1.100e+01    4.000e+01    3.329e-02      10.22s       6         
479  8.475e+00    1.417e+09    1.572e+05      1.100e+01    4.000e+01    3.329e-02      9.59s        6         
480  8.365e+00    6.422e+02    2.793e+02      1.100e+01    4.000e+01    3.329e-02      9.36s        6         
481  8.330e+00    8.019e+04    2.230e+05      1.100e+01    4.000e+01    3.329e-02      8.79s        6         
482  8.227e+00    3.832e+02    7.551e+01      1.100e+01    4.000e+01    3.329e-02      8.22s        6         
483  8.723e+00    2.370e+08    2.702e+02      1.100e+01    4.000e+01    3.329e-02      7.64s        6         
484  8.457e+00    1.411e+06    2.203e+05      1.100e+01    4.000e+01    3.329e-02      7.05s        6         
485  8.455e+00    4.449e+06    2.694e+05      1.100e+01    4.000e+01    3.329e-02      6.66s        6         
486  8.340e+00    7.123e+04    2.707e+04      1.100e+01    4.000e+01    3.329e-02      6.07s        6         
487  8.582e+00    2.765e+08    6.012e+05      1.100e+01    4.000e+01    3.329e-02      5.72s        6         
488  8.443e+00    1.780e+06    1.087e+03      1.100e+01    4.000e+01    3.329e-02      5.99s        6         
489  8.750e+00    3.792e+09    1.806e+19      1.100e+01    4.000e+01    3.329e-02      4.81s        6         
490  8.357e+00    6.348e+06    4.805e+02      1.100e+01    4.000e+01    3.329e-02      4.38s        6         
491  8.550e+00    2.514e+07    3.513e+09      1.100e+01    4.000e+01    3.329e-02      3.81s        6         
492  8.092e+00    1.556e+02    1.136e+05      1.100e+01    4.000e+01    3.329e-02      3.32s        6         
493  8.932e+00    2.651e+12    2.141e+05      1.100e+01    4.000e+01    3.329e-02      2.91s        6         
494  8.350e+00    3.952e+04    1.261e+05      1.100e+01    4.000e+01    3.329e-02      2.41s        6         
495  8.775e+00    1.607e+12    9.343e+06      1.100e+01    4.000e+01    3.329e-02      1.94s        6         
496  8.387e+00    1.445e+03    1.992e+08      1.100e+01    4.000e+01    3.329e-02      1.47s        6         
497  8.935e+00    5.120e+10    1.007e+06      1.100e+01    4.000e+01    3.329e-02      0.97s        6         
498  8.387e+00    6.030e+02    1.615e+05      1.100e+01    4.000e+01    3.329e-02      0.47s        6         
499  8.350e+00    1.460e+02    2.869e+05      1.100e+01    4.000e+01    3.329e-02      0.00s        6         





Time: 0h:4m:9s
####   Data for the best program   ####
Best Program: div(1.215, add(1.491, div(X2, add(add(X0, 0.474), X1))))
Best Program Complexity: 40
Raw Fitness: 0.03328963885042871
Penalized Fitness: 0.03328963885042871
Estimator		Train-rmse: 0.03328963885042871	Test-rmse: 0.036376392794229134	Test-R^2: 0.8579556330311129

{'complexity': 'kommenda', 'const_range': (1e-10, 2.0), 'elitism_size': 0, 'function_set': ('add', 'sub', 'div', 'mul'), 'generations': 500, 'init_depth': (3, 6), 'init_method': 'half and half', 'low_memory': True, 'max_samples': 1.0, 'metric': 'rmse', 'n_jobs': 1, 'p_crossover': 0.3, 'p_hoist_mutation': 0.0, 'p_point_mutation': 0.35, 'p_point_replace': 0.05, 'p_subtree_mutation': 0.35, 'paretogp': True, 'paretogp_lengths': (4, 130), 'parsimony_coefficient': 0.0, 'population_size': 800, 'random_state': 738641849, 'selection': 'tournament', 'stopping_criteria': None, 'tournament_size': 11, 'verbose': 1, 'warm_start': True}
