    |          Population Average          |           Best Individual            |
---- -------------------------------------- -------------------------------------- ----------
Gen  Length       Kommenda     Fitness        Length       Kommenda     Fitness        Time Left    Front Size
0    3.883e+01    3.271e+14    4.353e+15      1.100e+01    4.300e+01    2.238e-01      8.83s        4         
1    8.422e+00    5.006e+05    7.311e+02      1.300e+01    8.300e+01    1.351e-01      5.72s        2         
2    8.582e+00    1.413e+03    9.953e+04      7.000e+00    8.000e+00    1.021e-01      5.59s        2         
3    7.027e+00    4.622e+04    1.674e+02      7.000e+00    8.000e+00    1.021e-01      5.20s        2         
4    6.355e+00    1.289e+01    5.515e+00      7.000e+00    8.000e+00    1.021e-01      4.82s        2         
5    6.255e+00    1.498e+01    1.352e+02      7.000e+00    8.000e+00    1.021e-01      5.08s        2         
6    6.423e+00    1.368e+03    9.460e+03      7.000e+00    8.000e+00    1.021e-01      4.41s        2         
7    6.232e+00    4.797e+01    3.501e+01      7.000e+00    8.000e+00    1.021e-01      4.41s        2         
8    6.228e+00    6.537e+04    1.391e+05      7.000e+00    8.000e+00    1.021e-01      3.93s        2         
9    6.112e+00    1.023e+01    1.544e+01      7.000e+00    8.000e+00    1.021e-01      3.67s        2         
10   6.250e+00    9.986e+00    3.765e+01      7.000e+00    8.000e+00    1.021e-01      3.39s        2         
11   6.195e+00    1.321e+01    2.429e+01      7.000e+00    8.000e+00    1.021e-01      3.31s        2         
12   5.940e+00    8.671e+04    7.237e+00      7.000e+00    8.000e+00    1.021e-01      2.87s        2         
13   5.985e+00    1.022e+01    8.308e+00      7.000e+00    8.000e+00    1.021e-01      2.72s        2         
14   6.045e+00    9.056e+00    8.123e+02      7.000e+00    8.000e+00    1.021e-01      2.43s        2         
15   5.992e+00    8.680e+00    4.835e+05      7.000e+00    8.000e+00    1.021e-01      2.17s        2         
16   5.985e+00    2.719e+02    4.774e+03      7.000e+00    8.000e+00    1.021e-01      1.94s        2         
17   6.030e+00    2.198e+05    2.142e+00      7.000e+00    8.000e+00    1.021e-01      1.74s        2         
18   6.093e+00    3.741e+02    6.467e+01      7.000e+00    8.000e+00    1.021e-01      1.46s        2         
19   5.893e+00    1.267e+01    1.833e+01      7.000e+00    8.000e+00    1.021e-01      1.18s        2         
20   6.060e+00    1.214e+01    2.538e+01      7.000e+00    8.000e+00    1.021e-01      0.97s        2         
21   6.055e+00    1.493e+01    1.370e+00      7.000e+00    8.000e+00    1.021e-01      0.74s        2         
22   6.010e+00    8.060e+00    2.128e+00      7.000e+00    8.000e+00    1.021e-01      0.48s        2         
23   5.920e+00    1.182e+01    2.222e+02      7.000e+00    8.000e+00    1.015e-01      0.25s        2         
24   6.090e+00    3.656e+02    4.253e+04      7.000e+00    8.000e+00    1.015e-01      0.00s        2         
25   5.895e+00    1.216e+01    1.033e+01      7.000e+00    8.000e+00    1.015e-01      5.76s        2         
26   6.205e+00    2.018e+02    4.225e+00      7.000e+00    8.000e+00    1.015e-01      5.84s        2         
27   6.260e+00    7.865e+00    5.562e+00      7.000e+00    8.000e+00    1.015e-01      5.42s        2         
28   6.140e+00    5.884e+01    5.534e+00      7.000e+00    8.000e+00    1.015e-01      5.16s        2         
29   6.353e+00    2.749e+02    8.271e+00      7.000e+00    8.000e+00    1.015e-01      5.03s        2         
30   6.107e+00    9.844e+00    3.586e+00      7.000e+00    8.000e+00    1.015e-01      4.75s        2         
31   6.048e+00    1.462e+01    7.435e+00      7.000e+00    8.000e+00    1.015e-01      4.93s        2         
32   5.900e+00    1.057e+01    8.922e+00      7.000e+00    8.000e+00    1.015e-01      4.00s        2         
33   5.843e+00    7.300e+00    5.728e+00      7.000e+00    8.000e+00    1.015e-01      3.97s        2         
34   6.098e+00    5.773e+01    7.276e+00      7.000e+00    8.000e+00    1.015e-01      3.76s        2         
35   6.045e+00    1.224e+01    8.438e+00      7.000e+00    8.000e+00    1.015e-01      3.41s        2         
36   5.930e+00    1.340e+01    2.480e+09      7.000e+00    8.000e+00    1.015e-01      3.08s        2         
37   6.197e+00    2.071e+01    1.984e+01      7.000e+00    8.000e+00    1.015e-01      2.95s        2         
38   5.910e+00    1.283e+01    3.510e+00      7.000e+00    8.000e+00    1.015e-01      2.70s        2         
39   5.963e+00    8.995e+00    3.120e+01      7.000e+00    8.000e+00    1.015e-01      2.47s        2         
40   6.100e+00    1.288e+01    2.746e+00      7.000e+00    8.000e+00    1.015e-01      2.21s        2         
41   6.230e+00    1.067e+01    1.693e+00      7.000e+00    8.000e+00    1.015e-01      1.98s        2         
42   6.157e+00    1.089e+01    1.109e+01      7.000e+00    8.000e+00    1.015e-01      1.72s        2         
43   6.037e+00    1.009e+02    8.077e+00      7.000e+00    8.000e+00    1.015e-01      1.48s        2         
44   6.210e+00    1.976e+04    1.180e+01      7.000e+00    8.000e+00    1.015e-01      1.24s        2         
45   5.980e+00    1.838e+02    1.589e+02      7.000e+00    8.000e+00    1.015e-01      1.00s        2         
46   6.155e+00    5.474e+03    7.670e+01      7.000e+00    8.000e+00    1.015e-01      0.74s        2         
47   5.945e+00    1.562e+01    1.000e+03      7.000e+00    8.000e+00    1.015e-01      0.49s        2         
48   5.987e+00    7.546e+00    1.655e+02      7.000e+00    8.000e+00    1.015e-01      0.24s        2         
49   6.305e+00    2.941e+06    1.354e+04      7.000e+00    8.000e+00    1.015e-01      0.00s        2         
50   6.105e+00    1.227e+02    8.761e+01      7.000e+00    8.000e+00    1.015e-01      5.87s        2         
51   6.115e+00    9.796e+00    1.202e+02      7.000e+00    8.000e+00    1.015e-01      5.70s        2         
52   5.992e+00    1.339e+02    5.356e+00      7.000e+00    8.000e+00    1.015e-01      5.44s        2         
53   6.067e+00    9.966e+00    7.224e+05      7.000e+00    8.000e+00    1.015e-01      5.40s        2         
54   6.228e+00    2.575e+01    1.742e+01      7.000e+00    8.000e+00    1.015e-01      5.05s        2         
55   6.180e+00    1.921e+03    7.356e+00      7.000e+00    8.000e+00    1.015e-01      4.59s        2         
56   6.205e+00    2.964e+05    2.353e+01      7.000e+00    8.000e+00    1.015e-01      5.13s        2         
57   6.335e+00    2.926e+03    6.692e+02      7.000e+00    8.000e+00    1.015e-01      4.20s        2         
58   6.135e+00    1.345e+03    1.720e+01      7.000e+00    8.000e+00    1.015e-01      4.01s        2         
59   5.870e+00    2.141e+01    2.514e+01      7.000e+00    8.000e+00    1.015e-01      3.69s        2         
60   6.168e+00    2.801e+08    1.224e+03      7.000e+00    8.000e+00    1.015e-01      3.39s        2         
61   5.902e+00    7.646e+00    1.695e+01      7.000e+00    8.000e+00    1.015e-01      3.24s        2         
62   6.025e+00    1.028e+01    2.072e+01      7.000e+00    8.000e+00    1.015e-01      3.02s        2         
63   6.062e+00    1.917e+02    7.237e+03      7.000e+00    8.000e+00    1.015e-01      2.69s        2         
64   6.000e+00    1.011e+05    1.225e+03      7.000e+00    8.000e+00    1.015e-01      2.41s        2         
65   6.020e+00    1.023e+01    3.790e+00      7.000e+00    8.000e+00    1.015e-01      2.21s        2         
66   5.987e+00    9.366e+00    5.759e+00      7.000e+00    8.000e+00    1.015e-01      1.96s        2         
67   6.130e+00    4.548e+01    8.728e+04      7.000e+00    8.000e+00    1.015e-01      1.69s        2         
68   6.122e+00    7.939e+00    8.118e+00      7.000e+00    8.000e+00    1.015e-01      1.42s        2         
69   6.260e+00    7.218e+08    7.936e+05      7.000e+00    8.000e+00    1.015e-01      1.22s        2         
70   5.955e+00    8.176e+00    1.540e+00      7.000e+00    8.000e+00    1.015e-01      0.96s        2         
71   5.978e+00    1.444e+01    3.081e+05      7.000e+00    8.000e+00    1.015e-01      0.75s        2         
72   6.103e+00    1.411e+02    2.031e+02      7.000e+00    8.000e+00    1.015e-01      0.49s        2         
73   5.883e+00    3.108e+02    4.896e+04      7.000e+00    8.000e+00    1.015e-01      0.25s        2         
74   6.070e+00    2.268e+02    1.294e+04      7.000e+00    8.000e+00    1.015e-01      0.00s        2         
75   5.918e+00    1.295e+01    6.894e+00      7.000e+00    8.000e+00    1.015e-01      5.91s        2         
76   6.105e+00    1.305e+04    3.250e+02      7.000e+00    8.000e+00    1.015e-01      5.76s        2         
77   5.918e+00    1.472e+01    4.138e+02      7.000e+00    8.000e+00    1.015e-01      5.33s        2         
78   6.095e+00    3.033e+02    2.275e+05      7.000e+00    8.000e+00    1.015e-01      5.06s        2         
79   5.888e+00    1.232e+01    5.253e+00      7.000e+00    8.000e+00    1.015e-01      4.81s        2         
80   5.935e+00    1.789e+02    1.008e+01      7.000e+00    8.000e+00    1.015e-01      4.77s        2         
81   6.085e+00    8.834e+00    6.592e+00      7.000e+00    8.000e+00    1.015e-01      4.35s        2         
82   6.152e+00    1.629e+01    3.515e+01      7.000e+00    8.000e+00    1.015e-01      4.10s        2         
83   5.947e+00    1.986e+01    4.612e+02      7.000e+00    8.000e+00    1.015e-01      4.43s        2         
84   5.963e+00    1.146e+01    3.894e+04      7.000e+00    8.000e+00    1.015e-01      3.57s        2         
85   6.020e+00    1.070e+01    5.327e-01      7.000e+00    8.000e+00    1.015e-01      3.51s        2         
86   6.095e+00    1.955e+02    2.112e+01      7.000e+00    8.000e+00    1.015e-01      3.21s        2         
87   6.055e+00    2.611e+01    9.556e+00      7.000e+00    8.000e+00    1.015e-01      2.96s        2         
88   6.115e+00    7.976e+00    2.651e+00      7.000e+00    8.000e+00    1.015e-01      2.62s        2         
89   5.978e+00    1.352e+02    4.725e+02      7.000e+00    8.000e+00    1.015e-01      2.44s        2         
90   6.210e+00    2.576e+02    6.804e+00      7.000e+00    8.000e+00    1.015e-01      2.23s        2         
91   5.960e+00    1.589e+01    1.197e+01      5.000e+00    5.000e+00    1.008e-01      1.95s        1         
92   5.332e+00    7.517e+01    1.828e+01      5.000e+00    5.000e+00    1.008e-01      1.73s        1         
93   5.067e+00    9.524e+02    4.668e+00      5.000e+00    5.000e+00    1.008e-01      1.37s        1         
94   5.122e+00    2.219e+03    1.308e+03      5.000e+00    5.000e+00    1.008e-01      1.16s        1         
95   4.965e+00    6.505e+00    5.033e+01      5.000e+00    5.000e+00    1.008e-01      0.92s        1         
96   4.825e+00    6.835e+00    3.815e+00      5.000e+00    5.000e+00    1.008e-01      0.66s        1         
97   4.915e+00    2.952e+03    2.049e+05      5.000e+00    5.000e+00    1.008e-01      0.45s        1         
98   4.765e+00    5.652e+02    1.992e+01      5.000e+00    5.000e+00    1.008e-01      0.23s        1         
99   4.747e+00    2.152e+01    1.403e+04      5.000e+00    5.000e+00    1.008e-01      0.00s        1         
100  4.657e+00    9.674e+02    9.525e+00      5.000e+00    5.000e+00    1.008e-01      5.59s        1         
101  4.735e+00    5.949e+05    2.264e+01      5.000e+00    5.000e+00    1.008e-01      5.43s        1         
102  4.497e+00    6.660e+00    1.213e+01      5.000e+00    5.000e+00    1.008e-01      4.97s        1         
103  4.603e+00    1.084e+02    5.973e+00      5.000e+00    5.000e+00    1.008e-01      4.89s        1         
104  4.468e+00    5.326e+00    4.277e+04      5.000e+00    5.000e+00    1.008e-01      4.50s        1         
105  4.635e+00    1.493e+01    9.889e+00      5.000e+00    5.000e+00    1.008e-01      4.29s        1         
106  4.645e+00    1.066e+02    1.121e+01      5.000e+00    5.000e+00    1.008e-01      4.31s        1         
107  4.880e+00    1.222e+09    2.393e+03      5.000e+00    5.000e+00    1.008e-01      3.75s        1         
108  4.628e+00    7.444e+00    1.591e+00      5.000e+00    5.000e+00    1.008e-01      4.21s        1         
109  4.548e+00    6.756e+00    3.755e+00      5.000e+00    5.000e+00    1.008e-01      3.55s        1         
110  4.553e+00    1.376e+01    2.568e+01      5.000e+00    5.000e+00    1.008e-01      3.15s        1         
111  4.553e+00    1.020e+03    1.696e+01      5.000e+00    5.000e+00    1.008e-01      3.06s        1         
112  4.513e+00    4.013e+02    2.665e+01      5.000e+00    5.000e+00    1.008e-01      2.63s        1         
113  4.418e+00    7.312e+01    4.128e+00      5.000e+00    5.000e+00    1.008e-01      2.45s        1         
114  4.595e+00    4.290e+01    1.474e+01      5.000e+00    5.000e+00    1.008e-01      2.27s        1         
115  4.617e+00    9.886e+00    4.940e+01      5.000e+00    5.000e+00    1.008e-01      1.97s        1         
116  4.555e+00    7.935e+02    2.260e+01      5.000e+00    5.000e+00    1.008e-01      1.75s        1         
117  4.582e+00    6.564e+02    1.633e+01      5.000e+00    5.000e+00    1.008e-01      1.59s        1         
118  4.688e+00    1.397e+01    1.152e+01      5.000e+00    5.000e+00    1.008e-01      1.35s        1         
119  4.610e+00    1.238e+01    3.113e+00      5.000e+00    5.000e+00    1.008e-01      1.12s        1         
120  4.628e+00    2.557e+02    4.295e+00      5.000e+00    5.000e+00    1.008e-01      0.90s        1         
121  4.652e+00    5.171e+00    7.140e+00      5.000e+00    5.000e+00    1.008e-01      0.67s        1         
122  4.525e+00    5.076e+00    1.037e+01      5.000e+00    5.000e+00    1.008e-01      0.46s        1         
123  4.478e+00    5.516e+00    6.008e+00      5.000e+00    5.000e+00    1.008e-01      0.22s        1         
124  4.630e+00    1.138e+03    1.522e+05      5.000e+00    5.000e+00    1.008e-01      0.00s        1         
125  4.670e+00    1.120e+02    4.108e+03      5.000e+00    5.000e+00    1.008e-01      5.69s        1         
126  4.577e+00    4.804e+01    5.877e+00      5.000e+00    5.000e+00    1.008e-01      5.17s        1         
127  4.768e+00    1.601e+01    9.922e+00      5.000e+00    5.000e+00    1.008e-01      4.97s        1         
128  4.595e+00    1.688e+01    8.668e+00      5.000e+00    5.000e+00    1.008e-01      4.54s        1         
129  4.710e+00    8.985e+00    4.667e+01      5.000e+00    5.000e+00    1.008e-01      4.48s        1         
130  4.575e+00    1.791e+01    1.895e+00      5.000e+00    5.000e+00    1.008e-01      4.24s        1         
131  4.470e+00    7.959e+00    1.783e+01      5.000e+00    5.000e+00    1.008e-01      4.02s        1         
132  4.497e+00    1.289e+03    1.406e+01      5.000e+00    5.000e+00    1.008e-01      3.89s        1         
133  4.678e+00    8.514e+00    1.684e+01      5.000e+00    5.000e+00    1.008e-01      3.74s        1         
134  4.565e+00    1.068e+01    5.477e+00      5.000e+00    5.000e+00    1.008e-01      3.31s        1         
135  4.612e+00    1.359e+01    1.103e+01      5.000e+00    5.000e+00    1.008e-01      3.77s        1         
136  4.585e+00    1.090e+02    3.109e+00      5.000e+00    5.000e+00    1.008e-01      2.88s        1         
137  4.520e+00    1.132e+01    1.280e+00      5.000e+00    5.000e+00    1.008e-01      2.64s        1         
138  4.567e+00    2.748e+01    1.368e+04      5.000e+00    5.000e+00    1.008e-01      2.36s        1         
139  4.527e+00    6.495e+00    4.463e+00      5.000e+00    5.000e+00    1.008e-01      2.24s        1         
140  4.367e+00    8.326e+00    2.264e+00      5.000e+00    5.000e+00    1.008e-01      2.05s        1         
141  4.720e+00    1.335e+08    4.400e+04      5.000e+00    5.000e+00    1.008e-01      1.81s        1         
142  4.580e+00    1.203e+01    5.139e+00      5.000e+00    5.000e+00    1.008e-01      1.63s        1         
143  4.643e+00    6.197e+00    9.693e+00      5.000e+00    5.000e+00    1.008e-01      1.34s        1         
144  4.582e+00    7.645e+00    5.419e+04      5.000e+00    5.000e+00    1.008e-01      1.14s        1         
145  4.665e+00    7.389e+00    3.039e+00      5.000e+00    5.000e+00    1.008e-01      0.91s        1         
146  4.700e+00    4.637e+01    9.743e-01      5.000e+00    5.000e+00    1.008e-01      0.66s        1         
147  4.718e+00    6.753e+00    2.986e+00      5.000e+00    5.000e+00    1.008e-01      0.44s        1         
148  4.768e+00    1.562e+02    1.344e+05      5.000e+00    5.000e+00    1.008e-01      0.22s        1         
149  4.492e+00    1.052e+03    1.376e+02      5.000e+00    5.000e+00    1.008e-01      0.00s        1         
150  4.625e+00    7.905e+00    2.980e+01      5.000e+00    5.000e+00    1.008e-01      5.36s        1         
151  4.643e+00    9.256e+00    6.809e+03      5.000e+00    5.000e+00    1.008e-01      5.13s        1         
152  4.473e+00    4.952e+00    1.477e+01      5.000e+00    5.000e+00    1.008e-01      4.99s        1         
153  4.662e+00    1.450e+02    1.576e+01      5.000e+00    5.000e+00    1.008e-01      4.63s        1         
154  4.605e+00    1.124e+01    2.394e+00      5.000e+00    5.000e+00    1.008e-01      4.62s        1         
155  4.530e+00    2.595e+01    2.876e+01      5.000e+00    5.000e+00    1.008e-01      4.16s        1         
156  4.540e+00    6.064e+00    6.979e+01      5.000e+00    5.000e+00    1.008e-01      3.99s        1         
157  4.478e+00    6.381e+00    9.227e+00      5.000e+00    5.000e+00    1.008e-01      3.83s        1         
158  4.560e+00    2.332e+01    1.936e+01      5.000e+00    5.000e+00    1.008e-01      3.63s        1         
159  4.730e+00    5.908e+01    5.566e+01      5.000e+00    5.000e+00    1.008e-01      3.57s        1         
160  4.840e+00    3.003e+05    4.564e+00      5.000e+00    5.000e+00    1.008e-01      3.59s        1         
161  4.675e+00    3.318e+02    8.143e+03      5.000e+00    5.000e+00    1.008e-01      2.95s        1         
162  4.513e+00    3.357e+02    4.825e+00      5.000e+00    5.000e+00    1.008e-01      2.77s        1         
163  4.520e+00    5.909e+00    3.256e+00      5.000e+00    5.000e+00    1.008e-01      2.54s        1         
164  4.445e+00    4.583e+03    5.023e+00      5.000e+00    5.000e+00    1.008e-01      2.24s        1         
165  4.607e+00    4.923e+00    4.648e+00      5.000e+00    5.000e+00    1.008e-01      2.00s        1         
166  4.595e+00    6.027e+01    3.908e+00      5.000e+00    5.000e+00    1.008e-01      1.80s        1         
167  4.740e+00    1.927e+01    1.812e+04      5.000e+00    5.000e+00    1.008e-01      1.61s        1         
168  4.707e+00    4.271e+03    2.912e+05      5.000e+00    5.000e+00    1.008e-01      1.41s        1         
169  4.513e+00    5.835e+00    2.233e+00      5.000e+00    5.000e+00    1.008e-01      1.12s        1         
170  4.508e+00    6.909e+01    1.253e+03      5.000e+00    5.000e+00    1.008e-01      0.89s        1         
171  4.400e+00    6.140e+00    7.525e+01      5.000e+00    5.000e+00    1.008e-01      0.64s        1         
172  4.610e+00    1.004e+01    2.436e+01      5.000e+00    5.000e+00    1.008e-01      0.43s        1         
173  4.638e+00    2.010e+01    5.901e+05      5.000e+00    5.000e+00    1.008e-01      0.22s        1         
174  4.500e+00    7.742e+00    6.484e+00      5.000e+00    5.000e+00    1.008e-01      0.00s        1         
175  4.812e+00    5.554e+01    1.339e+05      5.000e+00    5.000e+00    1.008e-01      5.61s        1         
176  4.673e+00    2.343e+02    1.521e+01      5.000e+00    5.000e+00    1.008e-01      5.25s        1         
177  4.730e+00    1.286e+02    3.500e+01      5.000e+00    5.000e+00    1.008e-01      5.25s        1         
178  4.702e+00    1.073e+01    1.749e+00      5.000e+00    5.000e+00    1.008e-01      4.57s        1         
179  4.555e+00    5.621e+00    1.221e+01      5.000e+00    5.000e+00    1.008e-01      4.41s        1         
180  4.515e+00    5.024e+02    8.264e+03      5.000e+00    5.000e+00    1.008e-01      4.43s        1         
181  4.740e+00    6.590e+00    2.265e+00      5.000e+00    5.000e+00    1.008e-01      3.99s        1         
182  4.603e+00    7.755e+00    1.895e+00      5.000e+00    5.000e+00    1.008e-01      3.67s        1         
183  4.452e+00    7.164e+00    7.311e+01      5.000e+00    5.000e+00    1.008e-01      3.54s        1         
184  4.495e+00    6.951e+01    1.148e+00      5.000e+00    5.000e+00    1.008e-01      3.58s        1         
185  4.500e+00    3.888e+01    1.558e+04      5.000e+00    5.000e+00    1.008e-01      3.10s        1         
186  4.482e+00    6.731e+00    8.044e+00      5.000e+00    5.000e+00    1.008e-01      2.97s        1         
187  4.553e+00    6.910e+00    4.881e+00      5.000e+00    5.000e+00    1.008e-01      3.13s        1         
188  4.450e+00    5.495e+00    3.826e+00      5.000e+00    5.000e+00    1.008e-01      2.50s        1         
189  4.518e+00    5.850e+00    2.265e+00      5.000e+00    5.000e+00    1.008e-01      2.25s        1         
190  4.755e+00    4.468e+05    4.713e+06      5.000e+00    5.000e+00    1.008e-01      2.03s        1         
191  4.638e+00    1.324e+06    6.958e+01      5.000e+00    5.000e+00    1.008e-01      1.79s        1         
192  4.628e+00    5.504e+00    2.435e+05      5.000e+00    5.000e+00    1.008e-01      1.58s        1         
193  4.473e+00    6.986e+00    1.430e+01      5.000e+00    5.000e+00    1.008e-01      1.35s        1         
194  4.473e+00    4.839e+00    4.408e+00      5.000e+00    5.000e+00    1.008e-01      1.11s        1         
195  4.572e+00    6.037e+00    6.344e+04      5.000e+00    5.000e+00    1.008e-01      0.91s        1         
196  4.688e+00    3.089e+01    8.552e+01      5.000e+00    5.000e+00    1.008e-01      0.68s        1         
197  4.635e+00    3.041e+02    5.221e+01      5.000e+00    5.000e+00    1.008e-01      0.44s        1         
198  4.348e+00    4.746e+00    7.317e+00      5.000e+00    5.000e+00    1.008e-01      0.23s        1         
199  4.582e+00    3.963e+01    4.186e+00      5.000e+00    5.000e+00    1.008e-01      0.00s        1         
200  4.680e+00    8.245e+00    7.490e+05      5.000e+00    5.000e+00    1.008e-01      5.37s        1         
201  4.620e+00    5.896e+00    9.099e+04      5.000e+00    5.000e+00    1.008e-01      5.13s        1         
202  4.545e+00    7.096e+00    1.083e+01      5.000e+00    5.000e+00    1.008e-01      5.06s        1         
203  4.515e+00    6.022e+00    9.427e+00      5.000e+00    5.000e+00    1.008e-01      4.80s        1         
204  4.723e+00    5.719e+00    1.072e+01      5.000e+00    5.000e+00    1.008e-01      4.54s        1         
205  4.825e+00    9.105e+00    2.112e+01      5.000e+00    5.000e+00    1.008e-01      4.47s        1         
206  4.640e+00    1.442e+02    9.640e-01      5.000e+00    5.000e+00    1.008e-01      4.12s        1         
207  4.810e+00    2.064e+03    2.308e+04      5.000e+00    5.000e+00    1.008e-01      3.81s        1         
208  4.768e+00    1.491e+01    9.525e+00      5.000e+00    5.000e+00    1.008e-01      3.63s        1         
209  4.713e+00    4.750e+01    2.869e+01      5.000e+00    5.000e+00    1.008e-01      3.33s        1         
210  4.742e+00    3.531e+01    4.495e+00      5.000e+00    5.000e+00    1.008e-01      3.05s        1         
211  4.770e+00    1.773e+02    4.525e+01      5.000e+00    2.100e+01    1.008e-01      3.04s        1         
212  5.260e+00    5.034e+01    1.785e+02      5.000e+00    2.100e+01    1.008e-01      2.63s        1         
213  5.260e+00    7.846e+01    4.161e+01      5.000e+00    2.100e+01    1.008e-01      2.77s        1         
214  5.838e+00    4.307e+02    2.519e+01      5.000e+00    2.100e+01    1.008e-01      2.30s        1         
215  6.195e+00    1.671e+02    2.468e+01      5.000e+00    2.100e+01    1.008e-01      2.09s        1         
216  6.412e+00    2.060e+03    2.922e+01      5.000e+00    2.100e+01    1.008e-01      1.86s        1         
217  6.753e+00    3.473e+02    3.303e+01      5.000e+00    2.100e+01    1.008e-01      1.69s        1         
218  7.075e+00    4.015e+02    2.989e+01      5.000e+00    2.100e+01    1.008e-01      1.42s        1         
219  7.250e+00    1.301e+03    4.286e+01      5.000e+00    2.100e+01    1.008e-01      1.22s        1         
220  7.468e+00    1.041e+03    2.882e+01      5.000e+00    2.100e+01    1.008e-01      0.99s        1         
221  7.522e+00    2.350e+03    2.674e+01      5.000e+00    2.100e+01    1.008e-01      0.75s        1         
222  7.925e+00    3.863e+06    3.565e+01      5.000e+00    2.100e+01    1.008e-01      0.49s        1         
223  7.770e+00    3.145e+03    1.001e+02      5.000e+00    2.100e+01    1.008e-01      0.25s        1         
224  8.277e+00    3.726e+03    8.075e+01      5.000e+00    2.100e+01    1.008e-01      0.00s        1         
225  8.280e+00    7.782e+03    2.150e+01      5.000e+00    2.100e+01    1.008e-01      6.04s        1         
226  8.193e+00    3.988e+03    3.217e+01      5.000e+00    2.100e+01    1.008e-01      5.76s        1         
227  8.463e+00    4.224e+03    5.213e+02      5.000e+00    2.100e+01    1.008e-01      5.39s        1         
228  8.637e+00    7.057e+03    2.235e+01      5.000e+00    2.100e+01    1.008e-01      5.18s        1         
229  8.225e+00    2.930e+03    3.176e+01      5.000e+00    2.100e+01    1.008e-01      4.95s        1         
230  8.205e+00    4.316e+03    5.571e+02      5.000e+00    2.100e+01    1.008e-01      4.69s        1         
231  8.175e+00    2.503e+03    2.722e+02      5.000e+00    2.100e+01    1.008e-01      4.51s        1         
232  8.107e+00    2.202e+03    4.413e+01      5.000e+00    2.100e+01    1.008e-01      4.24s        1         
233  8.520e+00    2.697e+03    2.833e+01      5.000e+00    2.100e+01    1.008e-01      3.94s        1         
234  8.735e+00    8.540e+03    2.607e+01      5.000e+00    2.100e+01    1.008e-01      3.78s        1         
235  8.453e+00    7.624e+03    1.444e+02      5.000e+00    2.100e+01    1.008e-01      3.48s        1         
236  8.855e+00    3.657e+06    3.643e+01      5.000e+00    2.100e+01    1.008e-01      3.36s        1         
237  8.307e+00    1.076e+07    1.405e+03      5.000e+00    2.100e+01    1.008e-01      2.97s        1         
238  8.148e+00    1.082e+04    4.061e+01      5.000e+00    2.100e+01    1.008e-01      2.73s        1         
239  8.250e+00    5.101e+03    9.766e+04      5.000e+00    2.100e+01    1.008e-01      2.79s        1         
240  8.585e+00    9.894e+03    1.999e+01      5.000e+00    2.100e+01    1.008e-01      2.24s        1         
241  8.180e+00    2.705e+03    1.732e+05      5.000e+00    2.100e+01    1.008e-01      1.99s        1         
242  7.912e+00    2.257e+03    1.087e+05      5.000e+00    2.100e+01    1.008e-01      1.73s        1         
243  7.912e+00    2.205e+03    3.232e+01      5.000e+00    2.100e+01    1.008e-01      1.48s        1         
244  8.235e+00    4.123e+05    5.726e+02      5.000e+00    2.100e+01    1.008e-01      1.25s        1         
245  7.980e+00    4.174e+03    4.094e+01      5.000e+00    2.100e+01    1.008e-01      0.99s        1         
246  8.305e+00    5.996e+03    2.687e+01      5.000e+00    2.100e+01    1.008e-01      0.75s        1         
247  8.570e+00    6.647e+03    3.819e+01      5.000e+00    2.100e+01    1.008e-01      0.50s        1         
248  8.835e+00    6.832e+03    3.314e+01      5.000e+00    2.100e+01    1.008e-01      0.25s        1         
249  8.832e+00    7.294e+03    1.459e+04      5.000e+00    2.100e+01    1.008e-01      0.00s        1         
250  8.582e+00    1.196e+04    1.010e+02      5.000e+00    2.100e+01    1.008e-01      6.08s        1         
251  8.745e+00    4.811e+03    2.008e+02      5.000e+00    2.100e+01    1.008e-01      5.88s        1         
252  8.675e+00    7.166e+03    4.109e+01      5.000e+00    2.100e+01    1.008e-01      5.53s        1         
253  8.935e+00    7.757e+03    2.281e+01      5.000e+00    2.100e+01    1.008e-01      5.33s        1         
254  8.527e+00    1.483e+04    5.127e+01      5.000e+00    2.100e+01    1.008e-01      5.04s        1         
255  8.893e+00    6.652e+03    5.293e+04      5.000e+00    2.100e+01    1.008e-01      4.96s        1         
256  8.873e+00    1.013e+04    1.548e+09      5.000e+00    2.100e+01    1.008e-01      4.52s        1         
257  9.043e+00    8.423e+03    8.629e+01      5.000e+00    2.100e+01    1.008e-01      4.34s        1         
258  8.815e+00    5.914e+03    4.375e+01      5.000e+00    2.100e+01    1.008e-01      4.02s        1         
259  9.145e+00    7.284e+03    2.597e+01      5.000e+00    2.100e+01    1.008e-01      3.75s        1         
260  9.045e+00    8.634e+03    3.134e+01      5.000e+00    2.100e+01    1.008e-01      3.56s        1         
261  8.995e+00    9.247e+03    1.033e+03      5.000e+00    2.100e+01    1.008e-01      3.33s        1         
262  8.720e+00    5.347e+03    2.746e+01      5.000e+00    2.100e+01    1.008e-01      3.06s        1         
263  8.307e+00    2.959e+03    2.735e+01      5.000e+00    2.100e+01    1.008e-01      2.78s        1         
264  8.533e+00    2.715e+03    6.048e+01      5.000e+00    2.100e+01    1.008e-01      2.52s        1         
265  8.535e+00    4.059e+03    5.104e+01      5.000e+00    2.100e+01    1.008e-01      2.53s        1         
266  8.707e+00    6.126e+03    2.014e+01      5.000e+00    2.100e+01    1.008e-01      2.02s        1         
267  8.645e+00    4.849e+03    2.952e+01      5.000e+00    2.100e+01    1.008e-01      1.75s        1         
268  8.422e+00    2.822e+03    3.510e+01      5.000e+00    2.100e+01    1.008e-01      1.50s        1         
269  9.090e+00    6.500e+03    1.597e+02      5.000e+00    2.100e+01    1.008e-01      1.25s        1         
270  8.690e+00    6.951e+03    2.976e+01      5.000e+00    2.100e+01    1.008e-01      1.00s        1         
271  8.570e+00    2.642e+04    7.267e+01      5.000e+00    2.100e+01    1.008e-01      0.76s        1         
272  8.410e+00    3.055e+03    2.889e+01      5.000e+00    2.100e+01    1.008e-01      0.51s        1         
273  8.730e+00    4.555e+03    2.151e+01      5.000e+00    2.100e+01    1.008e-01      0.25s        1         
274  9.057e+00    5.559e+03    3.330e+02      5.000e+00    2.100e+01    1.008e-01      0.00s        1         
275  9.030e+00    9.668e+03    2.674e+01      5.000e+00    2.100e+01    1.008e-01      6.14s        1         
276  9.065e+00    4.077e+09    2.130e+01      5.000e+00    2.100e+01    1.008e-01      5.88s        1         
277  8.592e+00    8.468e+03    3.247e+01      5.000e+00    2.100e+01    1.008e-01      5.58s        1         
278  8.682e+00    3.991e+03    3.198e+01      5.000e+00    2.100e+01    1.008e-01      5.28s        1         
279  8.670e+00    4.541e+03    4.860e+01      5.000e+00    2.100e+01    1.008e-01      5.08s        1         
280  8.630e+00    4.857e+03    2.488e+01      5.000e+00    2.100e+01    1.008e-01      4.79s        1         
281  8.530e+00    7.789e+03    4.252e+01      5.000e+00    2.100e+01    1.008e-01      4.58s        1         
282  8.697e+00    8.340e+03    3.509e+01      5.000e+00    2.100e+01    1.008e-01      4.24s        1         
283  8.830e+00    7.414e+03    1.206e+05      5.000e+00    2.100e+01    1.008e-01      4.18s        1         
284  8.865e+00    6.126e+03    1.277e+02      5.000e+00    2.100e+01    1.008e-01      3.79s        1         
285  9.107e+00    3.014e+05    4.436e+01      5.000e+00    2.100e+01    1.008e-01      3.63s        1         
286  8.675e+00    6.529e+03    9.624e+01      5.000e+00    2.100e+01    1.008e-01      3.24s        1         
287  8.688e+00    6.386e+03    2.754e+01      5.000e+00    2.100e+01    1.008e-01      3.06s        1         
288  8.645e+00    2.029e+04    1.855e+02      5.000e+00    2.100e+01    1.008e-01      2.75s        1         
289  8.675e+00    6.335e+03    1.656e+02      5.000e+00    2.100e+01    1.008e-01      2.56s        1         
290  8.645e+00    1.688e+07    2.414e+01      5.000e+00    2.100e+01    1.008e-01      2.56s        1         
291  8.473e+00    3.961e+03    2.627e+01      5.000e+00    2.100e+01    1.008e-01      1.98s        1         
292  8.145e+00    4.136e+03    2.170e+01      5.000e+00    2.100e+01    1.008e-01      1.77s        1         
293  8.290e+00    6.774e+03    2.956e+01      5.000e+00    2.100e+01    1.008e-01      1.47s        1         
294  8.557e+00    1.218e+04    3.013e+01      5.000e+00    2.100e+01    1.008e-01      1.25s        1         
295  8.490e+00    1.409e+04    4.235e+01      5.000e+00    2.100e+01    1.008e-01      1.00s        1         
296  8.550e+00    1.142e+04    1.948e+03      5.000e+00    2.100e+01    1.008e-01      0.75s        1         
297  9.053e+00    4.366e+04    4.878e+01      5.000e+00    2.100e+01    1.008e-01      0.50s        1         
298  8.710e+00    2.376e+04    1.423e+02      5.000e+00    2.100e+01    1.008e-01      0.26s        1         
299  8.745e+00    2.411e+04    3.980e+01      5.000e+00    2.100e+01    1.008e-01      0.00s        1         
300  8.848e+00    9.067e+03    2.834e+01      5.000e+00    2.100e+01    1.008e-01      6.07s        1         
301  9.152e+00    2.922e+04    4.083e+01      5.000e+00    2.100e+01    1.008e-01      5.79s        1         
302  8.785e+00    1.257e+04    7.721e+01      5.000e+00    2.100e+01    1.008e-01      5.69s        1         
303  8.703e+00    1.065e+04    3.266e+01      5.000e+00    2.100e+01    1.008e-01      5.25s        1         
304  8.848e+00    1.037e+04    1.949e+01      5.000e+00    2.100e+01    1.008e-01      4.94s        1         
305  8.287e+00    1.305e+04    5.479e+03      5.000e+00    2.100e+01    1.008e-01      4.74s        1         
306  8.783e+00    7.351e+03    2.228e+01      5.000e+00    2.100e+01    1.008e-01      4.46s        1         
307  8.658e+00    1.038e+04    4.417e+01      5.000e+00    2.100e+01    1.008e-01      4.32s        1         
308  8.803e+00    1.976e+04    4.692e+01      5.000e+00    2.100e+01    1.008e-01      4.05s        1         
309  8.575e+00    5.240e+03    9.423e+03      5.000e+00    2.100e+01    1.008e-01      3.83s        1         
310  8.477e+00    3.340e+03    5.288e+04      5.000e+00    2.100e+01    1.008e-01      3.49s        1         
311  8.342e+00    2.564e+03    4.116e+01      5.000e+00    2.100e+01    1.008e-01      3.30s        1         
312  8.455e+00    4.236e+04    3.028e+01      5.000e+00    2.100e+01    1.008e-01      2.97s        1         
313  8.200e+00    3.115e+03    3.872e+01      5.000e+00    2.100e+01    1.008e-01      2.73s        1         
314  8.500e+00    2.595e+03    2.877e+01      5.000e+00    2.100e+01    1.008e-01      2.49s        1         
315  8.607e+00    4.028e+03    3.869e+01      5.000e+00    2.100e+01    1.008e-01      2.24s        1         
316  8.777e+00    4.419e+05    7.859e+04      5.000e+00    2.100e+01    1.008e-01      2.30s        1         
317  8.373e+00    5.054e+03    3.014e+01      5.000e+00    2.100e+01    1.008e-01      1.73s        1         
318  8.113e+00    3.487e+03    3.276e+04      5.000e+00    2.100e+01    1.008e-01      1.50s        1         
319  8.402e+00    2.181e+03    2.731e+01      5.000e+00    2.100e+01    1.008e-01      1.27s        1         
320  8.450e+00    2.900e+03    3.057e+01      5.000e+00    2.100e+01    1.008e-01      0.99s        1         
321  8.595e+00    3.593e+03    6.465e+03      5.000e+00    2.100e+01    1.008e-01      0.75s        1         
322  8.068e+00    2.206e+03    2.951e+01      5.000e+00    2.100e+01    1.008e-01      0.49s        1         
323  8.060e+00    2.316e+03    4.049e+01      5.000e+00    2.100e+01    1.008e-01      0.25s        1         
324  8.645e+00    3.608e+03    3.658e+01      5.000e+00    2.100e+01    1.008e-01      0.00s        1         
325  8.510e+00    2.852e+03    1.750e+05      5.000e+00    2.100e+01    1.008e-01      6.10s        1         
326  8.678e+00    3.245e+03    3.724e+01      5.000e+00    2.100e+01    1.008e-01      5.80s        1         
327  8.863e+00    1.397e+05    2.338e+01      5.000e+00    2.100e+01    1.008e-01      5.52s        1         
328  8.678e+00    3.335e+03    2.790e+01      5.000e+00    2.100e+01    1.008e-01      5.28s        1         
329  8.670e+00    3.427e+03    4.775e+01      5.000e+00    2.100e+01    1.008e-01      4.90s        1         
330  8.260e+00    3.668e+03    2.719e+01      5.000e+00    2.100e+01    1.008e-01      4.76s        1         
331  8.670e+00    5.033e+03    2.631e+01      5.000e+00    2.100e+01    1.008e-01      4.50s        1         
332  8.512e+00    4.887e+03    1.096e+02      5.000e+00    2.100e+01    1.008e-01      4.22s        1         
333  8.363e+00    4.919e+03    6.027e+01      5.000e+00    2.100e+01    1.008e-01      3.93s        1         
334  8.193e+00    4.028e+03    2.884e+01      5.000e+00    2.100e+01    1.008e-01      3.68s        1         
335  8.668e+00    5.601e+04    2.552e+01      5.000e+00    2.100e+01    1.008e-01      3.49s        1         
336  8.258e+00    4.612e+03    3.188e+01      5.000e+00    2.100e+01    1.008e-01      3.25s        1         
337  8.287e+00    2.030e+04    2.789e+01      5.000e+00    2.100e+01    1.008e-01      2.99s        1         
338  8.370e+00    1.172e+04    4.486e+01      5.000e+00    2.100e+01    1.008e-01      2.78s        1         
339  8.498e+00    4.210e+03    4.872e+01      5.000e+00    2.100e+01    1.008e-01      2.53s        1         
340  8.645e+00    2.029e+05    3.627e+01      5.000e+00    2.100e+01    1.008e-01      2.30s        1         
341  8.262e+00    3.605e+03    2.922e+01      5.000e+00    2.100e+01    1.008e-01      2.00s        1         
342  8.553e+00    3.358e+03    2.567e+01      5.000e+00    2.100e+01    1.008e-01      1.78s        1         
343  8.428e+00    2.914e+03    1.318e+05      5.000e+00    2.100e+01    1.008e-01      1.67s        1         
344  8.268e+00    4.419e+03    2.263e+01      5.000e+00    2.100e+01    1.008e-01      1.23s        1         
345  8.803e+00    8.312e+03    3.113e+01      5.000e+00    2.100e+01    1.008e-01      1.01s        1         
346  8.250e+00    6.072e+03    2.923e+04      5.000e+00    2.100e+01    1.008e-01      0.74s        1         
347  8.537e+00    5.228e+03    9.049e+01      5.000e+00    2.100e+01    1.008e-01      0.51s        1         
348  8.620e+00    1.046e+04    8.100e+01      5.000e+00    2.100e+01    1.008e-01      0.25s        1         
349  8.190e+00    1.593e+04    2.164e+01      5.000e+00    2.100e+01    1.008e-01      0.00s        1         
350  8.623e+00    5.704e+03    6.196e+01      5.000e+00    2.100e+01    1.008e-01      6.05s        1         
351  8.648e+00    4.601e+03    2.399e+01      5.000e+00    2.100e+01    1.008e-01      5.80s        1         
352  8.625e+00    4.258e+03    1.571e+05      5.000e+00    2.100e+01    1.008e-01      5.48s        1         
353  8.400e+00    4.983e+03    2.512e+01      5.000e+00    2.100e+01    1.008e-01      5.33s        1         
354  8.580e+00    6.423e+03    2.872e+04      5.000e+00    2.100e+01    1.008e-01      5.02s        1         
355  8.273e+00    5.649e+03    2.380e+01      5.000e+00    2.100e+01    1.008e-01      4.74s        1         
356  8.265e+00    4.321e+03    3.138e+01      5.000e+00    2.100e+01    1.008e-01      4.56s        1         
357  8.405e+00    5.476e+03    3.151e+01      5.000e+00    2.100e+01    1.008e-01      4.26s        1         
358  8.582e+00    4.089e+03    2.577e+01      5.000e+00    2.100e+01    1.008e-01      3.98s        1         
359  8.402e+00    5.084e+03    2.506e+01      5.000e+00    2.100e+01    1.008e-01      3.75s        1         
360  8.512e+00    7.509e+03    3.164e+01      5.000e+00    2.100e+01    1.008e-01      3.46s        1         
361  8.537e+00    7.832e+03    2.384e+01      5.000e+00    2.100e+01    1.008e-01      3.22s        1         
362  8.630e+00    5.424e+03    2.638e+01      5.000e+00    2.100e+01    1.008e-01      2.94s        1         
363  8.715e+00    1.243e+05    5.117e+02      5.000e+00    2.100e+01    1.008e-01      2.75s        1         
364  9.047e+00    1.982e+08    4.104e+01      5.000e+00    2.100e+01    1.008e-01      2.49s        1         
365  8.703e+00    1.204e+04    2.873e+01      5.000e+00    2.100e+01    1.008e-01      2.31s        1         
366  8.905e+00    1.761e+04    1.646e+01      5.000e+00    2.100e+01    1.008e-01      2.06s        1         
367  8.905e+00    1.599e+04    3.426e+01      5.000e+00    2.100e+01    1.008e-01      1.82s        1         
368  9.165e+00    1.448e+07    6.025e+04      5.000e+00    2.100e+01    1.008e-01      1.71s        1         
369  9.080e+00    8.309e+03    3.211e+01      5.000e+00    2.100e+01    1.008e-01      1.27s        1         
370  9.467e+00    5.550e+06    5.866e+01      5.000e+00    2.100e+01    1.008e-01      1.01s        1         
371  9.120e+00    6.085e+03    2.066e+01      5.000e+00    2.100e+01    1.008e-01      0.77s        1         
372  8.905e+00    6.447e+03    7.376e+01      5.000e+00    2.100e+01    1.008e-01      0.50s        1         
373  8.985e+00    9.839e+03    3.366e+01      5.000e+00    2.100e+01    1.008e-01      0.25s        1         
374  8.773e+00    5.199e+03    5.730e+01      5.000e+00    2.100e+01    1.008e-01      0.00s        1         
375  8.568e+00    5.875e+03    3.067e+01      5.000e+00    2.100e+01    1.008e-01      6.00s        1         
376  8.902e+00    6.076e+03    7.179e+01      5.000e+00    2.100e+01    1.008e-01      5.86s        1         
377  8.555e+00    7.416e+03    1.815e+02      5.000e+00    2.100e+01    1.008e-01      5.46s        1         
378  9.010e+00    6.660e+03    3.066e+01      5.000e+00    2.100e+01    1.008e-01      5.33s        1         
379  9.120e+00    1.944e+04    2.251e+01      5.000e+00    2.100e+01    1.008e-01      5.12s        1         
380  9.240e+00    9.494e+03    2.651e+01      5.000e+00    2.100e+01    1.008e-01      4.94s        1         
381  8.738e+00    3.963e+03    3.544e+01      5.000e+00    2.100e+01    1.008e-01      4.60s        1         
382  8.880e+00    9.783e+03    1.879e+01      5.000e+00    2.100e+01    1.008e-01      4.36s        1         
383  8.982e+00    7.838e+03    1.137e+02      5.000e+00    2.100e+01    1.008e-01      4.11s        1         
384  8.805e+00    7.109e+03    3.625e+01      5.000e+00    2.100e+01    1.008e-01      3.85s        1         
385  8.453e+00    4.524e+03    3.147e+01      5.000e+00    2.100e+01    1.008e-01      3.46s        1         
386  8.665e+00    4.938e+03    1.576e+08      5.000e+00    2.100e+01    1.008e-01      3.28s        1         
387  8.623e+00    4.889e+03    4.273e+03      5.000e+00    2.100e+01    1.008e-01      3.01s        1         
388  8.620e+00    5.910e+03    3.544e+01      5.000e+00    2.100e+01    1.008e-01      2.76s        1         
389  8.918e+00    7.559e+03    3.747e+01      5.000e+00    2.100e+01    1.008e-01      2.56s        1         
390  8.863e+00    1.004e+04    3.074e+01      5.000e+00    2.100e+01    1.008e-01      2.25s        1         
391  8.918e+00    8.550e+03    1.526e+04      5.000e+00    2.100e+01    1.008e-01      2.05s        1         
392  8.637e+00    5.476e+03    3.785e+01      5.000e+00    2.100e+01    1.008e-01      1.75s        1         
393  8.725e+00    5.483e+03    4.250e+01      5.000e+00    2.100e+01    1.008e-01      1.51s        1         
394  8.252e+00    5.117e+03    2.631e+01      5.000e+00    2.100e+01    1.008e-01      1.24s        1         
395  8.365e+00    2.197e+05    2.422e+01      5.000e+00    2.100e+01    1.008e-01      1.12s        1         
396  8.318e+00    5.027e+03    2.706e+01      5.000e+00    2.100e+01    1.008e-01      0.74s        1         
397  8.510e+00    7.063e+03    2.930e+01      5.000e+00    2.100e+01    1.008e-01      0.50s        1         
398  8.762e+00    1.396e+04    7.841e+01      5.000e+00    2.100e+01    1.008e-01      0.25s        1         
399  9.310e+00    2.140e+04    4.166e+01      5.000e+00    2.100e+01    1.008e-01      0.00s        1         
400  9.158e+00    2.319e+04    4.057e+04      5.000e+00    2.100e+01    1.008e-01      6.00s        1         
401  9.690e+00    1.568e+04    2.782e+01      5.000e+00    2.100e+01    1.008e-01      5.85s        1         
402  9.377e+00    3.307e+04    2.265e+01      5.000e+00    2.100e+01    1.008e-01      5.49s        1         
403  9.650e+00    2.417e+06    4.680e+02      5.000e+00    2.100e+01    1.008e-01      5.39s        1         
404  9.277e+00    6.876e+04    1.197e+02      5.000e+00    2.100e+01    1.008e-01      5.14s        1         
405  9.175e+00    3.405e+04    2.199e+01      5.000e+00    2.100e+01    1.008e-01      4.71s        1         
406  9.985e+00    2.485e+04    1.318e+04      5.000e+00    2.100e+01    1.008e-01      4.76s        1         
407  9.363e+00    2.067e+04    4.043e+01      5.000e+00    2.100e+01    1.008e-01      4.43s        1         
408  9.745e+00    3.841e+04    1.338e+03      5.000e+00    2.100e+01    1.008e-01      4.21s        1         
409  9.745e+00    4.103e+07    1.494e+02      5.000e+00    2.100e+01    1.008e-01      3.86s        1         
410  9.795e+00    5.548e+04    2.695e+01      5.000e+00    2.100e+01    1.008e-01      3.67s        1         
411  9.155e+00    1.166e+04    3.728e+01      5.000e+00    2.100e+01    1.008e-01      3.29s        1         
412  8.905e+00    2.156e+04    3.004e+01      5.000e+00    2.100e+01    1.008e-01      3.10s        1         
413  9.002e+00    1.099e+04    3.157e+01      5.000e+00    2.100e+01    1.008e-01      2.80s        1         
414  8.863e+00    8.576e+04    8.107e+01      5.000e+00    2.100e+01    1.008e-01      2.52s        1         
415  8.428e+00    4.307e+03    3.345e+01      5.000e+00    2.100e+01    1.008e-01      2.26s        1         
416  8.460e+00    7.357e+03    4.873e+01      5.000e+00    2.100e+01    1.008e-01      1.99s        1         
417  8.840e+00    9.634e+03    2.569e+01      5.000e+00    2.100e+01    1.008e-01      1.72s        1         
418  9.050e+00    1.111e+04    3.672e+01      5.000e+00    2.100e+01    1.008e-01      1.51s        1         
419  8.807e+00    1.066e+04    2.477e+03      5.000e+00    2.100e+01    1.008e-01      1.27s        1         
420  9.065e+00    1.141e+04    1.975e+01      5.000e+00    2.100e+01    1.008e-01      1.16s        1         
421  9.415e+00    1.708e+04    2.370e+01      5.000e+00    2.100e+01    1.008e-01      0.76s        1         
422  9.062e+00    3.058e+04    3.609e+01      5.000e+00    2.100e+01    1.008e-01      0.52s        1         
423  9.075e+00    1.008e+04    3.275e+01      5.000e+00    2.100e+01    1.008e-01      0.25s        1         
424  8.967e+00    3.152e+04    1.096e+02      5.000e+00    2.100e+01    1.008e-01      0.00s        1         
425  8.650e+00    8.469e+03    3.852e+04      5.000e+00    2.100e+01    1.008e-01      6.01s        1         
426  8.665e+00    8.300e+03    1.072e+03      5.000e+00    2.100e+01    1.008e-01      5.79s        1         
427  8.325e+00    3.253e+03    2.692e+01      5.000e+00    2.100e+01    1.008e-01      5.50s        1         
428  8.450e+00    8.392e+03    4.895e+01      5.000e+00    2.100e+01    1.008e-01      5.20s        1         
429  8.315e+00    3.281e+03    3.872e+01      5.000e+00    2.100e+01    1.008e-01      4.96s        1         
430  8.432e+00    3.262e+03    2.661e+01      5.000e+00    2.100e+01    1.008e-01      4.64s        1         
431  8.693e+00    5.797e+03    3.370e+01      5.000e+00    2.100e+01    1.008e-01      4.51s        1         
432  8.245e+00    7.199e+03    2.547e+01      5.000e+00    2.100e+01    1.008e-01      4.26s        1         
433  8.443e+00    1.330e+04    1.407e+04      5.000e+00    2.100e+01    1.008e-01      3.97s        1         
434  8.328e+00    3.639e+03    3.340e+01      5.000e+00    2.100e+01    1.008e-01      3.75s        1         
435  8.453e+00    6.706e+03    1.079e+04      5.000e+00    2.100e+01    1.008e-01      3.51s        1         
436  8.540e+00    4.107e+04    6.381e+04      5.000e+00    2.100e+01    1.008e-01      3.29s        1         
437  8.435e+00    1.966e+04    8.023e+02      5.000e+00    2.100e+01    1.008e-01      3.01s        1         
438  8.530e+00    1.035e+04    2.126e+01      5.000e+00    2.100e+01    1.008e-01      2.80s        1         
439  8.575e+00    3.344e+05    5.901e+05      5.000e+00    2.100e+01    1.008e-01      2.55s        1         
440  8.467e+00    4.128e+03    4.124e+01      5.000e+00    2.100e+01    1.008e-01      2.28s        1         
441  8.515e+00    7.803e+03    4.090e+01      5.000e+00    2.100e+01    1.008e-01      2.00s        1         
442  8.607e+00    3.908e+03    3.920e+01      5.000e+00    2.100e+01    1.008e-01      1.75s        1         
443  8.902e+00    4.231e+03    6.675e+02      5.000e+00    2.100e+01    1.008e-01      1.48s        1         
444  8.865e+00    7.235e+03    2.761e+01      5.000e+00    2.100e+01    1.008e-01      1.27s        1         
445  9.053e+00    1.288e+04    9.069e+01      5.000e+00    2.100e+01    1.008e-01      1.00s        1         
446  8.912e+00    5.691e+03    3.205e+01      5.000e+00    2.100e+01    1.008e-01      0.76s        1         
447  8.785e+00    4.940e+03    3.940e+01      5.000e+00    2.100e+01    1.008e-01      0.57s        1         
448  8.533e+00    5.362e+03    6.867e+04      5.000e+00    2.100e+01    1.008e-01      0.26s        1         
449  9.107e+00    1.108e+04    5.384e+01      5.000e+00    2.100e+01    1.008e-01      0.00s        1         
450  8.885e+00    6.935e+03    2.863e+01      5.000e+00    2.100e+01    1.008e-01      6.04s        1         
451  8.825e+00    9.844e+03    3.236e+01      5.000e+00    2.100e+01    1.008e-01      5.87s        1         
452  8.613e+00    5.205e+03    4.398e+01      5.000e+00    2.100e+01    1.008e-01      5.53s        1         
453  8.730e+00    6.042e+03    3.130e+01      5.000e+00    2.100e+01    1.008e-01      5.33s        1         
454  8.773e+00    4.026e+03    4.380e+01      5.000e+00    2.100e+01    1.008e-01      4.98s        1         
455  8.637e+00    5.738e+03    4.137e+01      5.000e+00    2.100e+01    1.008e-01      4.86s        1         
456  8.620e+00    7.626e+03    1.934e+02      5.000e+00    2.100e+01    1.008e-01      4.56s        1         
457  8.225e+00    1.022e+04    2.862e+01      5.000e+00    2.100e+01    1.008e-01      4.14s        1         
458  8.307e+00    2.350e+04    3.224e+01      5.000e+00    2.100e+01    1.008e-01      3.92s        1         
459  8.470e+00    1.884e+04    2.671e+01      5.000e+00    2.100e+01    1.008e-01      3.70s        1         
460  8.488e+00    7.154e+03    2.954e+01      5.000e+00    2.100e+01    1.008e-01      3.52s        1         
461  8.340e+00    1.176e+04    4.448e+01      5.000e+00    2.100e+01    1.008e-01      3.16s        1         
462  8.168e+00    5.456e+03    3.477e+01      5.000e+00    2.100e+01    1.008e-01      2.93s        1         
463  7.918e+00    2.815e+03    1.581e+02      5.000e+00    2.100e+01    1.008e-01      2.72s        1         
464  7.595e+00    1.098e+04    3.620e+02      5.000e+00    2.100e+01    1.008e-01      2.50s        1         
465  7.143e+00    3.812e+03    2.038e+02      5.000e+00    2.100e+01    1.008e-01      2.19s        1         
466  7.250e+00    4.554e+03    2.987e+01      5.000e+00    2.100e+01    1.008e-01      1.92s        1         
467  7.585e+00    1.037e+05    3.288e+05      5.000e+00    2.100e+01    1.008e-01      1.76s        1         
468  7.320e+00    2.985e+03    1.464e+01      5.000e+00    2.100e+01    1.008e-01      1.44s        1         
469  7.383e+00    9.426e+03    1.347e+02      5.000e+00    2.100e+01    1.008e-01      1.23s        1         
470  6.970e+00    4.655e+05    2.354e+06      5.000e+00    2.100e+01    1.008e-01      0.96s        1         
471  6.928e+00    6.471e+02    1.792e+02      5.000e+00    2.100e+01    1.008e-01      0.71s        1         
472  6.763e+00    8.409e+02    1.095e+02      5.000e+00    2.100e+01    1.008e-01      0.54s        1         
473  6.598e+00    5.252e+02    3.866e+04      5.000e+00    2.100e+01    1.008e-01      0.24s        1         
474  6.910e+00    7.458e+02    4.798e+02      5.000e+00    2.100e+01    1.008e-01      0.00s        1         
475  7.290e+00    5.984e+03    1.967e+02      5.000e+00    2.100e+01    1.008e-01      5.88s        1         
476  7.242e+00    4.783e+02    1.017e+02      5.000e+00    2.100e+01    1.008e-01      5.63s        1         
477  7.543e+00    2.282e+03    2.595e+05      5.000e+00    2.100e+01    1.008e-01      5.35s        1         
478  7.705e+00    1.076e+03    1.479e+02      5.000e+00    2.100e+01    1.008e-01      5.03s        1         
479  7.765e+00    9.982e+02    1.984e+02      5.000e+00    2.100e+01    1.008e-01      4.97s        1         
480  7.933e+00    1.061e+03    2.017e+02      5.000e+00    2.100e+01    1.008e-01      4.62s        1         
481  7.680e+00    9.102e+02    1.289e+02      5.000e+00    2.100e+01    1.008e-01      4.53s        1         
482  8.150e+00    2.031e+05    1.501e+02      5.000e+00    2.100e+01    1.008e-01      4.21s        1         
483  7.920e+00    1.761e+03    8.671e+01      5.000e+00    2.100e+01    1.008e-01      3.93s        1         
484  7.907e+00    2.070e+03    1.456e+02      5.000e+00    2.100e+01    1.008e-01      3.74s        1         
485  8.193e+00    3.774e+03    1.103e+03      5.000e+00    2.100e+01    1.008e-01      3.35s        1         
486  8.613e+00    1.117e+04    9.698e+01      5.000e+00    2.100e+01    1.008e-01      3.18s        1         
487  8.445e+00    2.593e+03    8.317e+01      5.000e+00    2.100e+01    1.008e-01      2.97s        1         
488  8.693e+00    3.711e+03    1.930e+02      5.000e+00    2.100e+01    1.008e-01      2.78s        1         
489  8.723e+00    1.562e+04    1.811e+02      5.000e+00    2.100e+01    1.008e-01      2.54s        1         
490  8.268e+00    3.225e+03    1.370e+02      5.000e+00    2.100e+01    1.008e-01      2.24s        1         
491  8.535e+00    6.863e+03    1.834e+02      5.000e+00    2.100e+01    1.008e-01      1.99s        1         
492  8.432e+00    4.892e+03    1.251e+02      5.000e+00    2.100e+01    1.008e-01      1.76s        1         
493  8.512e+00    6.131e+03    1.539e+02      5.000e+00    2.100e+01    1.008e-01      1.50s        1         
494  8.940e+00    5.275e+03    2.938e+03      5.000e+00    2.100e+01    1.008e-01      1.29s        1         
495  8.915e+00    5.451e+03    2.098e+02      5.000e+00    2.100e+01    1.008e-01      0.99s        1         
496  8.795e+00    4.491e+03    1.851e+02      5.000e+00    2.100e+01    1.008e-01      0.76s        1         
497  8.713e+00    6.256e+03    6.632e+02      5.000e+00    2.100e+01    1.008e-01      0.50s        1         
498  9.000e+00    5.652e+03    1.587e+02      5.000e+00    2.100e+01    1.008e-01      0.25s        1         
499  8.690e+00    3.040e+04    3.650e+04      5.000e+00    2.100e+01    1.008e-01      0.00s        1         





Time: 0h:2m:3s
####   Data for the best program   ####
Best Program: mul(X0, div(0.670, X0))
Best Program Complexity: 5
Raw Fitness: 0.10076660227017477
Penalized Fitness: 0.10076660227017477
Estimator		Train-rmse: 0.10076660227017477	Test-rmse: 0.09679045174236567	Test-R^2: -0.005656784299104656

{'complexity': 'length', 'const_range': (1e-10, 2.0), 'elitism_size': 0, 'function_set': ('add', 'sub', 'div', 'mul'), 'generations': 500, 'init_depth': (3, 6), 'init_method': 'half and half', 'low_memory': True, 'max_samples': 1.0, 'metric': 'rmse', 'n_jobs': 1, 'p_crossover': 0.9, 'p_hoist_mutation': 0.0, 'p_point_mutation': 0.04999999999999999, 'p_point_replace': 0.05, 'p_subtree_mutation': 0.04999999999999999, 'paretogp': True, 'paretogp_lengths': (4, 130), 'parsimony_coefficient': 0.0, 'population_size': 800, 'random_state': 992018677, 'selection': 'tournament', 'stopping_criteria': None, 'tournament_size': 11, 'verbose': 1, 'warm_start': True}
