    |          Population Average          |           Best Individual            |
---- -------------------------------------- -------------------------------------- ----------
Gen  Length       Kommenda     Fitness        Length       Kommenda     Fitness        Time Left    Front Size
0    3.724e+01    1.040e+18    6.194e+10      1.500e+01    2.480e+02    1.956e-01      8.50s        2         
1    1.096e+01    1.931e+04    4.192e+04      7.000e+00    1.200e+01    1.072e-01      10.37s       2         
2    7.140e+00    6.495e+04    2.079e+09      1.900e+01    1.160e+02    9.808e-02      10.33s       4         
3    1.163e+01    3.231e+07    3.781e+04      2.500e+01    2.760e+02    7.320e-02      11.04s       4         
4    1.564e+01    3.097e+04    1.668e+05      2.500e+01    2.760e+02    5.670e-02      11.46s       4         
5    1.420e+01    3.386e+03    3.340e+05      2.500e+01    3.780e+02    5.336e-02      9.94s        6         
6    1.616e+01    1.493e+07    1.407e+02      2.700e+01    3.840e+02    4.485e-02      10.03s       7         
7    1.535e+01    4.749e+03    2.453e+05      2.900e+01    6.900e+02    4.396e-02      9.69s        5         
8    1.796e+01    2.014e+10    2.906e+01      3.100e+01    8.500e+02    3.896e-02      9.10s        6         
9    1.798e+01    3.433e+03    3.128e+03      3.700e+01    1.018e+03    3.565e-02      8.68s        8         
10   2.249e+01    2.225e+09    1.448e+05      4.900e+01    4.672e+03    3.011e-02      8.47s        8         
11   2.099e+01    1.951e+04    7.266e+01      4.300e+01    2.782e+03    2.697e-02      7.79s        9         
12   2.214e+01    6.574e+05    1.425e+02      9.900e+01    1.774e+06    2.548e-02      8.00s        10        
13   3.011e+01    6.955e+05    3.175e+04      7.500e+01    2.427e+05    2.540e-02      7.00s        12        
14   3.166e+01    3.097e+06    1.607e+04      9.100e+01    1.632e+06    2.495e-02      6.47s        13        
15   3.625e+01    2.111e+08    7.206e+03      7.100e+01    2.064e+05    2.475e-02      6.08s        11        
16   3.430e+01    1.404e+08    3.650e+05      7.300e+01    4.208e+05    2.444e-02      5.47s        10        
17   3.326e+01    5.908e+08    1.787e+09      7.300e+01    4.208e+05    2.444e-02      4.75s        9         
18   3.645e+01    1.310e+07    2.990e+05      7.100e+01    2.064e+05    2.434e-02      4.17s        10        
19   3.678e+01    2.203e+07    6.708e+04      7.300e+01    5.521e+05    2.433e-02      3.66s        11        
20   3.975e+01    6.241e+06    7.528e+04      7.500e+01    2.911e+05    2.404e-02      2.75s        12        
21   4.325e+01    2.127e+08    1.192e+04      7.500e+01    2.911e+05    2.404e-02      2.37s        13        
22   4.586e+01    1.459e+11    2.917e+05      7.500e+01    2.911e+05    2.404e-02      1.48s        14        
23   4.335e+01    5.051e+09    2.872e+03      7.500e+01    2.911e+05    2.404e-02      0.74s        16        
24   4.311e+01    1.426e+08    1.705e+04      7.500e+01    2.911e+05    2.404e-02      0.00s        16        
25   4.271e+01    1.554e+12    1.654e+02      7.500e+01    2.911e+05    2.404e-02      17.73s       16        
26   4.134e+01    3.496e+07    7.230e+01      7.500e+01    2.911e+05    2.404e-02      16.95s       16        
27   4.270e+01    1.175e+11    8.299e+06      7.500e+01    2.911e+05    2.399e-02      16.52s       15        
28   4.304e+01    4.048e+11    3.056e+04      7.500e+01    2.911e+05    2.399e-02      15.16s       16        
29   4.344e+01    1.422e+09    4.739e+01      7.500e+01    2.911e+05    2.399e-02      14.68s       17        
30   4.485e+01    7.873e+08    1.438e+06      7.500e+01    2.911e+05    2.399e-02      15.27s       18        
31   4.404e+01    1.665e+07    7.175e+01      7.500e+01    2.911e+05    2.399e-02      13.35s       16        
32   4.231e+01    2.420e+06    1.788e+05      8.100e+01    6.578e+06    2.393e-02      13.00s       18        
33   4.279e+01    1.974e+11    1.912e+02      8.100e+01    6.578e+06    2.393e-02      12.36s       17        
34   4.304e+01    7.435e+08    1.270e+08      8.100e+01    6.578e+06    2.393e-02      11.54s       17        
35   4.066e+01    1.403e+07    6.154e+04      8.100e+01    6.578e+06    2.393e-02      10.54s       17        
36   4.033e+01    1.259e+08    1.391e+05      8.100e+01    6.578e+06    2.393e-02      9.63s        18        
37   4.358e+01    5.969e+10    4.293e+01      9.700e+01    4.341e+06    2.387e-02      10.16s       19        
38   4.493e+01    5.646e+08    2.727e+01      1.090e+02    1.608e+08    2.378e-02      8.26s        19        
39   5.138e+01    9.689e+11    4.956e+03      9.900e+01    7.951e+06    2.364e-02      7.97s        17        
40   5.135e+01    7.769e+08    2.146e+01      9.900e+01    5.388e+06    2.353e-02      7.22s        17        
41   5.126e+01    2.603e+11    8.773e+03      9.100e+01    2.481e+06    2.343e-02      6.39s        17        
42   5.077e+01    5.936e+08    3.194e+05      8.900e+01    1.600e+06    2.324e-02      5.52s        17        
43   4.844e+01    2.512e+09    7.125e+04      8.900e+01    1.600e+06    2.324e-02      4.74s        19        
44   4.980e+01    1.194e+08    2.181e+02      8.900e+01    1.600e+06    2.324e-02      4.33s        19        
45   5.165e+01    1.053e+12    9.809e+04      8.900e+01    1.600e+06    2.324e-02      3.15s        18        
46   4.895e+01    1.401e+08    6.590e+02      8.900e+01    1.600e+06    2.324e-02      2.31s        17        
47   4.749e+01    1.772e+08    1.105e+02      8.900e+01    1.600e+06    2.324e-02      1.56s        19        
48   5.043e+01    6.785e+09    4.435e+02      8.900e+01    1.600e+06    2.324e-02      0.78s        16        
49   4.734e+01    2.828e+08    5.463e+01      8.900e+01    1.600e+06    2.324e-02      0.00s        16        
50   4.509e+01    1.104e+08    7.368e+10      8.900e+01    1.600e+06    2.324e-02      18.42s       13        
51   4.273e+01    2.402e+10    2.227e+04      8.900e+01    6.339e+06    2.296e-02      17.14s       12        
52   3.450e+01    4.793e+10    6.943e+04      8.900e+01    6.339e+06    2.296e-02      16.70s       13        
53   3.883e+01    3.894e+09    6.760e+03      8.900e+01    6.339e+06    2.296e-02      14.95s       12        
54   3.698e+01    6.367e+08    1.838e+04      9.900e+01    4.884e+07    2.287e-02      14.69s       13        
55   4.196e+01    3.876e+17    3.836e+01      9.900e+01    4.884e+07    2.287e-02      13.86s       17        
56   4.987e+01    2.107e+15    6.346e+02      9.700e+01    3.864e+07    2.286e-02      14.57s       18        
57   5.156e+01    1.238e+10    2.336e+02      9.700e+01    3.864e+07    2.286e-02      14.06s       18        
58   5.197e+01    7.712e+13    2.239e+04      9.700e+01    3.864e+07    2.286e-02      12.98s       11        
59   4.220e+01    5.061e+10    2.287e+02      9.900e+01    3.864e+07    2.222e-02      12.21s       12        
60   4.012e+01    8.738e+09    2.054e+04      9.900e+01    3.864e+07    2.222e-02      10.52s       12        
61   3.955e+01    2.190e+08    1.092e+04      1.050e+02    3.714e+08    2.204e-02      9.72s        14        
62   4.435e+01    5.650e+09    7.853e+01      1.010e+02    2.995e+08    2.197e-02      9.10s        18        
63   4.343e+01    3.774e+14    3.721e+02      1.010e+02    3.394e+08    2.191e-02      8.31s        18        
64   4.306e+01    2.560e+20    6.033e+07      1.010e+02    3.394e+08    2.191e-02      7.50s        18        
65   4.301e+01    9.909e+10    3.449e+02      1.010e+02    3.394e+08    2.191e-02      7.00s        19        
66   4.491e+01    9.635e+11    1.215e+04      1.010e+02    3.394e+08    2.191e-02      6.73s        19        
67   4.265e+01    3.554e+11    3.983e+04      1.010e+02    3.394e+08    2.191e-02      5.33s        20        
68   4.510e+01    4.465e+13    8.150e+04      1.010e+02    3.394e+08    2.191e-02      4.58s        20        
69   4.987e+01    4.359e+15    1.296e+02      1.010e+02    3.394e+08    2.191e-02      3.93s        21        
70   4.945e+01    1.066e+12    2.351e+06      1.010e+02    3.394e+08    2.191e-02      3.19s        21        
71   4.891e+01    2.157e+13    1.176e+02      1.010e+02    3.394e+08    2.191e-02      2.42s        21        
72   4.941e+01    2.451e+11    1.703e+05      1.010e+02    3.394e+08    2.191e-02      1.56s        21        
73   4.787e+01    4.490e+10    6.003e+01      9.900e+01    2.596e+08    2.191e-02      0.85s        21        
74   4.926e+01    8.725e+10    5.097e+04      9.900e+01    2.596e+08    2.191e-02      0.00s        19        
75   4.801e+01    1.320e+15    1.220e+04      9.900e+01    2.596e+08    2.191e-02      18.42s       19        
76   4.578e+01    2.353e+12    1.943e+02      9.500e+01    9.671e+07    2.167e-02      17.78s       17        
77   4.231e+01    5.796e+10    5.576e+04      9.500e+01    9.671e+07    2.167e-02      16.38s       18        
78   4.565e+01    9.350e+11    2.258e+02      9.500e+01    9.671e+07    2.167e-02      16.31s       20        
79   4.602e+01    1.162e+12    1.800e+04      9.500e+01    9.671e+07    2.167e-02      16.85s       18        
80   4.384e+01    9.909e+13    5.243e+04      9.500e+01    9.671e+07    2.167e-02      14.41s       18        
81   4.285e+01    6.105e+13    1.778e+04      9.500e+01    9.671e+07    2.167e-02      13.65s       19        
82   4.465e+01    2.920e+10    1.807e+05      9.700e+01    2.390e+08    2.162e-02      13.00s       21        
83   4.956e+01    8.334e+10    4.225e+08      9.700e+01    2.390e+08    2.162e-02      12.55s       21        
84   4.772e+01    4.186e+12    2.124e+13      9.700e+01    2.390e+08    2.162e-02      11.93s       21        
85   4.819e+01    3.572e+11    2.281e+06      9.700e+01    2.390e+08    2.162e-02      10.78s       21        
86   4.918e+01    1.386e+12    7.109e+04      9.700e+01    2.390e+08    2.162e-02      11.23s       21        
87   4.620e+01    2.462e+10    4.195e+03      9.700e+01    2.390e+08    2.162e-02      9.50s        23        
88   5.131e+01    6.443e+11    9.465e+05      9.700e+01    2.390e+08    2.162e-02      8.94s        19        
89   4.548e+01    1.513e+12    7.253e+03      1.210e+02    1.040e+10    2.159e-02      7.72s        20        
90   5.025e+01    2.745e+13    1.108e+05      1.190e+02    9.490e+09    2.159e-02      7.22s        21        
91   4.925e+01    2.497e+12    2.749e+02      1.190e+02    9.490e+09    2.159e-02      6.47s        21        
92   4.974e+01    2.220e+13    4.682e+04      1.010e+02    7.602e+08    2.157e-02      5.88s        21        
93   4.966e+01    7.020e+12    1.072e+05      9.500e+01    1.956e+08    2.157e-02      5.31s        19        
94   4.262e+01    2.182e+13    4.375e+02      9.500e+01    1.956e+08    2.157e-02      3.72s        19        
95   4.243e+01    3.781e+09    3.269e+09      1.010e+02    2.740e+08    2.119e-02      2.98s        21        
96   4.515e+01    2.035e+11    1.898e+04      1.010e+02    2.740e+08    2.119e-02      2.32s        21        
97   4.950e+01    5.937e+12    6.820e+04      1.010e+02    2.740e+08    2.119e-02      1.67s        22        
98   5.076e+01    1.974e+12    1.934e+04      1.010e+02    2.740e+08    2.119e-02      0.82s        20        
99   4.605e+01    3.523e+10    2.185e+05      1.010e+02    2.740e+08    2.119e-02      0.00s        20        
100  4.402e+01    9.740e+10    6.961e+05      7.900e+01    2.713e+06    2.114e-02      19.10s       18        
101  3.757e+01    6.003e+07    1.801e+08      7.900e+01    2.713e+06    2.114e-02      17.30s       17        
102  3.620e+01    1.347e+11    6.603e+03      7.900e+01    2.713e+06    2.114e-02      15.79s       17        
103  3.630e+01    2.708e+08    3.178e+03      7.900e+01    2.713e+06    2.114e-02      14.80s       17        
104  3.845e+01    2.220e+09    4.306e+03      7.900e+01    2.713e+06    2.114e-02      14.98s       18        
105  3.773e+01    7.925e+07    1.210e+04      8.100e+01    3.906e+06    2.109e-02      14.27s       19        
106  4.138e+01    2.288e+07    7.163e+04      8.100e+01    3.906e+06    2.109e-02      13.66s       19        
107  4.235e+01    1.508e+10    3.961e+02      8.100e+01    3.906e+06    2.109e-02      14.32s       19        
108  3.824e+01    1.329e+07    2.165e+04      8.100e+01    3.906e+06    2.109e-02      11.87s       19        
109  4.105e+01    1.458e+08    1.852e+05      8.100e+01    3.906e+06    2.109e-02      11.34s       18        
110  3.824e+01    1.691e+09    6.924e+04      8.100e+01    3.906e+06    2.109e-02      10.14s       18        
111  4.005e+01    2.144e+13    4.428e+04      8.300e+01    3.907e+06    2.096e-02      9.89s        19        
112  4.109e+01    1.505e+08    7.806e+04      8.300e+01    3.907e+06    2.096e-02      8.96s        19        
113  4.009e+01    2.272e+09    2.175e+05      8.300e+01    3.907e+06    2.096e-02      8.46s        19        
114  4.118e+01    7.994e+09    3.828e+04      8.300e+01    3.907e+06    2.096e-02      8.09s        18        
115  3.989e+01    2.638e+10    5.961e+06      8.300e+01    3.907e+06    2.096e-02      6.70s        18        
116  3.906e+01    7.287e+11    1.242e+05      8.100e+01    2.713e+06    2.076e-02      5.93s        17        
117  3.765e+01    3.377e+11    5.774e+03      8.100e+01    2.713e+06    2.076e-02      5.08s        17        
118  3.717e+01    6.828e+09    1.769e+04      8.100e+01    2.713e+06    2.076e-02      4.32s        17        
119  3.591e+01    6.474e+08    4.772e+04      8.100e+01    2.713e+06    2.076e-02      3.59s        17        
120  3.735e+01    1.141e+09    3.547e+05      8.100e+01    2.713e+06    2.076e-02      2.95s        17        
121  3.533e+01    5.796e+08    3.261e+02      8.100e+01    2.713e+06    2.076e-02      2.33s        16        
122  3.963e+01    1.534e+17    3.800e+02      8.100e+01    2.713e+06    2.076e-02      1.50s        17        
123  3.947e+01    2.465e+09    1.940e+06      8.100e+01    2.713e+06    2.068e-02      0.75s        15        
124  4.094e+01    7.931e+08    2.168e+05      8.100e+01    2.713e+06    2.068e-02      0.00s        15        
125  4.156e+01    6.014e+08    6.570e+03      8.100e+01    2.713e+06    2.068e-02      18.10s       15        
126  4.438e+01    4.578e+07    1.510e+03      8.500e+01    2.449e+07    2.046e-02      17.04s       17        
127  4.743e+01    5.047e+10    3.139e+04      8.500e+01    2.449e+07    2.046e-02      17.11s       17        
128  4.967e+01    3.080e+10    8.067e+04      1.070e+02    1.768e+10    1.946e-02      19.18s       19        
129  5.232e+01    3.161e+11    2.898e+11      1.070e+02    1.768e+10    1.946e-02      16.96s       20        
130  5.166e+01    6.602e+11    6.160e+04      1.070e+02    1.768e+10    1.946e-02      15.51s       21        
131  5.491e+01    6.108e+14    3.174e+06      1.210e+02    3.772e+10    1.937e-02      15.60s       21        
132  5.935e+01    2.564e+14    8.351e+05      1.230e+02    4.117e+10    1.927e-02      14.90s       24        
133  6.561e+01    4.034e+15    7.344e+08      1.230e+02    6.488e+10    1.925e-02      14.32s       22        
134  6.051e+01    5.910e+17    2.305e+06      1.230e+02    6.488e+10    1.925e-02      14.18s       22        
135  5.921e+01    8.109e+13    1.073e+05      1.230e+02    6.488e+10    1.925e-02      12.51s       22        
136  6.005e+01    1.436e+15    6.697e+11      1.230e+02    6.488e+10    1.925e-02      11.72s       23        
137  6.287e+01    4.682e+14    2.846e+07      1.230e+02    6.488e+10    1.925e-02      10.70s       23        
138  6.453e+01    2.729e+13    2.305e+09      1.170e+02    2.393e+10    1.923e-02      10.17s       22        
139  5.893e+01    2.926e+17    4.303e+08      1.090e+02    8.407e+09    1.915e-02      9.61s        21        
140  5.895e+01    2.647e+22    1.543e+06      1.090e+02    8.407e+09    1.915e-02      8.06s        21        
141  5.866e+01    5.908e+20    2.944e+06      1.110e+02    2.134e+10    1.880e-02      7.11s        22        
142  6.060e+01    1.217e+21    2.777e+05      1.090e+02    1.789e+10    1.879e-02      6.34s        23        
143  5.940e+01    2.853e+14    4.693e+08      1.090e+02    1.789e+10    1.879e-02      5.23s        22        
144  5.781e+01    1.798e+18    1.927e+09      1.090e+02    1.789e+10    1.879e-02      4.41s        23        
145  5.617e+01    9.267e+14    6.366e+09      1.090e+02    1.789e+10    1.879e-02      3.67s        23        
146  5.813e+01    3.456e+15    4.674e+06      1.090e+02    1.789e+10    1.879e-02      2.63s        22        
147  5.660e+01    7.100e+11    4.373e+06      1.090e+02    1.789e+10    1.879e-02      1.69s        23        
148  5.781e+01    1.780e+13    9.277e+06      1.090e+02    1.789e+10    1.879e-02      0.91s        23        
149  5.948e+01    9.073e+12    1.318e+07      1.090e+02    1.789e+10    1.879e-02      0.00s        22        
150  5.977e+01    6.071e+15    1.099e+07      1.170e+02    1.160e+11    1.877e-02      23.28s       23        
151  5.980e+01    5.404e+15    1.454e+07      1.170e+02    6.747e+10    1.877e-02      20.65s       21        
152  6.046e+01    5.712e+14    1.091e+09      1.130e+02    2.005e+10    1.876e-02      20.23s       21        
153  6.022e+01    9.403e+16    7.978e+09      1.130e+02    2.005e+10    1.876e-02      18.59s       21        
154  5.987e+01    9.925e+16    6.065e+09      1.130e+02    2.005e+10    1.876e-02      17.56s       20        
155  5.986e+01    5.700e+16    1.395e+07      1.130e+02    2.005e+10    1.873e-02      17.45s       20        
156  5.826e+01    1.300e+20    3.555e+08      1.130e+02    2.005e+10    1.873e-02      17.71s       22        
157  6.237e+01    5.137e+15    1.083e+08      1.130e+02    2.005e+10    1.873e-02      15.54s       21        
158  5.953e+01    1.112e+15    5.786e+11      1.090e+02    2.112e+10    1.873e-02      14.64s       20        
159  5.667e+01    7.238e+17    1.024e+14      1.090e+02    2.112e+10    1.873e-02      13.14s       21        
160  5.537e+01    3.084e+14    2.065e+07      1.090e+02    2.112e+10    1.873e-02      11.87s       21        
161  5.695e+01    5.626e+14    5.347e+10      1.090e+02    2.112e+10    1.873e-02      12.85s       22        
162  5.885e+01    9.001e+12    4.946e+07      1.090e+02    2.112e+10    1.873e-02      10.27s       22        
163  6.073e+01    7.709e+13    3.161e+09      1.090e+02    2.112e+10    1.873e-02      10.18s       22        
164  5.744e+01    7.600e+12    1.911e+09      1.090e+02    2.112e+10    1.873e-02      8.75s        21        
165  5.747e+01    1.403e+16    1.050e+10      1.090e+02    2.112e+10    1.873e-02      7.93s        21        
166  5.808e+01    3.061e+15    1.077e+10      1.090e+02    2.112e+10    1.873e-02      7.73s        21        
167  5.817e+01    2.635e+16    1.884e+09      1.090e+02    2.112e+10    1.873e-02      6.30s        21        
168  5.875e+01    7.881e+14    1.191e+11      1.090e+02    2.112e+10    1.873e-02      5.42s        21        
169  5.726e+01    3.330e+14    2.724e+09      1.090e+02    2.112e+10    1.873e-02      4.23s        21        
170  5.918e+01    3.041e+15    6.628e+09      1.090e+02    2.112e+10    1.873e-02      3.61s        20        
171  5.560e+01    4.727e+14    2.453e+07      1.090e+02    2.112e+10    1.873e-02      2.63s        20        
172  5.573e+01    1.776e+15    8.770e+09      9.500e+01    2.857e+09    1.865e-02      1.83s        19        
173  5.185e+01    2.171e+15    7.314e+08      9.500e+01    2.857e+09    1.865e-02      0.83s        19        
174  5.010e+01    4.539e+12    2.130e+09      9.500e+01    2.857e+09    1.865e-02      0.00s        20        
175  5.176e+01    1.179e+15    5.096e+09      9.500e+01    2.857e+09    1.865e-02      19.81s       19        
176  5.144e+01    1.108e+14    7.298e+08      9.500e+01    2.857e+09    1.865e-02      19.48s       19        
177  5.248e+01    1.110e+14    3.063e+10      8.300e+01    7.838e+07    1.820e-02      18.39s       16        
178  4.449e+01    4.108e+14    3.251e+09      8.300e+01    7.838e+07    1.820e-02      17.90s       15        
179  4.202e+01    1.794e+09    2.761e+07      8.300e+01    7.838e+07    1.820e-02      14.96s       14        
180  3.991e+01    1.048e+09    1.875e+09      8.300e+01    7.838e+07    1.820e-02      14.22s       14        
181  4.086e+01    3.082e+07    3.853e+09      8.300e+01    7.838e+07    1.820e-02      13.26s       15        
182  3.845e+01    1.220e+09    8.705e+09      8.300e+01    7.838e+07    1.820e-02      12.16s       16        
183  3.980e+01    4.267e+09    2.938e+03      8.300e+01    7.838e+07    1.820e-02      11.94s       16        
184  4.172e+01    5.172e+08    5.853e+04      8.300e+01    7.839e+07    1.794e-02      11.64s       16        
185  4.134e+01    5.037e+08    8.186e+05      8.300e+01    7.839e+07    1.794e-02      11.45s       17        
186  4.284e+01    3.098e+08    3.133e+09      8.300e+01    7.839e+07    1.794e-02      9.66s        18        
187  4.294e+01    7.876e+10    7.856e+04      8.300e+01    7.839e+07    1.794e-02      9.11s        19        
188  4.410e+01    3.709e+08    1.431e+09      8.300e+01    7.839e+07    1.794e-02      8.49s        19        
189  4.548e+01    1.852e+10    2.002e+05      8.300e+01    7.839e+07    1.794e-02      7.90s        19        
190  4.579e+01    2.212e+11    3.135e+09      8.300e+01    7.839e+07    1.794e-02      7.06s        20        
191  4.585e+01    1.217e+09    6.653e+04      8.300e+01    7.839e+07    1.794e-02      6.65s        22        
192  4.687e+01    1.639e+10    3.099e+07      8.300e+01    7.839e+07    1.794e-02      5.37s        21        
193  4.394e+01    1.131e+09    4.570e+04      8.300e+01    7.839e+07    1.794e-02      4.61s        22        
194  4.590e+01    2.154e+09    3.546e+04      8.300e+01    7.839e+07    1.794e-02      3.92s        23        
195  4.653e+01    7.575e+10    2.447e+05      8.300e+01    7.839e+07    1.794e-02      3.07s        23        
196  4.605e+01    2.370e+10    1.483e+05      8.300e+01    7.839e+07    1.794e-02      2.35s        22        
197  4.600e+01    5.738e+08    3.133e+09      8.300e+01    7.839e+07    1.794e-02      1.63s        21        
198  4.427e+01    2.645e+08    9.386e+09      8.300e+01    7.839e+07    1.794e-02      0.87s        23        
199  4.498e+01    1.278e+08    1.876e+09      8.300e+01    7.839e+07    1.794e-02      0.00s        23        
200  4.618e+01    5.413e+09    1.409e+06      8.300e+01    7.839e+07    1.794e-02      19.44s       23        
201  4.631e+01    1.919e+13    2.751e+05      8.300e+01    7.839e+07    1.794e-02      18.17s       21        
202  4.462e+01    2.214e+09    8.093e+04      8.700e+01    7.845e+07    1.778e-02      17.07s       23        
203  4.610e+01    4.350e+10    3.518e+05      8.700e+01    7.845e+07    1.778e-02      16.45s       23        
204  4.691e+01    1.555e+11    1.730e+10      8.700e+01    7.845e+07    1.778e-02      17.86s       23        
205  4.545e+01    1.795e+09    2.252e+05      8.700e+01    7.845e+07    1.778e-02      14.72s       21        
206  4.851e+01    4.942e+09    1.596e+10      8.700e+01    7.845e+07    1.778e-02      14.58s       21        
207  4.415e+01    2.498e+12    4.748e+04      8.700e+01    7.845e+07    1.778e-02      12.94s       21        
208  4.449e+01    4.670e+09    1.084e+09      8.700e+01    7.845e+07    1.778e-02      12.47s       21        
209  4.516e+01    1.964e+11    1.059e+10      8.700e+01    7.845e+07    1.778e-02      11.42s       21        
210  4.663e+01    1.200e+12    1.336e+05      8.700e+01    7.845e+07    1.778e-02      10.31s       22        
211  4.638e+01    1.009e+13    7.323e+09      8.700e+01    7.845e+07    1.778e-02      11.16s       22        
212  4.441e+01    1.041e+11    5.103e+05      8.700e+01    7.845e+07    1.778e-02      9.11s        21        
213  4.552e+01    1.075e+09    5.242e+09      8.700e+01    7.845e+07    1.778e-02      8.59s        21        
214  4.538e+01    7.181e+10    8.705e+09      8.700e+01    7.845e+07    1.778e-02      7.68s        22        
215  4.563e+01    1.873e+12    3.133e+09      8.700e+01    7.845e+07    1.778e-02      6.80s        23        
216  4.524e+01    4.457e+15    7.257e+08      8.700e+01    7.845e+07    1.778e-02      6.29s        23        
217  4.800e+01    2.298e+10    1.943e+10      8.700e+01    7.845e+07    1.778e-02      6.40s        23        
218  4.770e+01    1.800e+10    2.236e+10      8.700e+01    7.845e+07    1.778e-02      4.81s        23        
219  4.613e+01    3.951e+11    7.693e+04      8.700e+01    7.845e+07    1.778e-02      3.89s        24        
220  4.735e+01    6.332e+12    6.858e+09      8.700e+01    7.845e+07    1.778e-02      3.17s        24        
221  4.721e+01    3.875e+11    5.443e+10      8.700e+01    7.845e+07    1.778e-02      2.40s        24        
222  4.486e+01    5.261e+09    9.620e+09      8.700e+01    7.845e+07    1.778e-02      1.60s        24        
223  4.635e+01    1.474e+11    1.230e+05      8.700e+01    7.845e+07    1.778e-02      0.88s        24        
224  4.616e+01    2.771e+09    2.327e+09      8.700e+01    7.845e+07    1.778e-02      0.00s        23        
225  4.876e+01    1.280e+12    1.099e+10      8.700e+01    7.845e+07    1.778e-02      19.38s       22        
226  4.588e+01    5.551e+10    6.115e+09      8.700e+01    7.845e+07    1.778e-02      18.33s       22        
227  4.551e+01    5.512e+09    1.184e+10      8.700e+01    7.845e+07    1.778e-02      17.33s       22        
228  4.435e+01    1.159e+12    1.497e+10      8.700e+01    7.845e+07    1.778e-02      15.83s       22        
229  4.621e+01    2.974e+11    1.575e+06      8.700e+01    7.845e+07    1.778e-02      15.91s       22        
230  4.663e+01    7.757e+10    1.445e+10      8.500e+01    7.840e+07    1.777e-02      16.71s       22        
231  4.430e+01    5.760e+10    8.626e+09      8.500e+01    7.840e+07    1.777e-02      14.18s       23        
232  4.357e+01    2.301e+12    8.157e+09      8.500e+01    7.840e+07    1.777e-02      12.85s       23        
233  4.528e+01    3.599e+09    1.056e+10      8.500e+01    7.840e+07    1.777e-02      12.78s       24        
234  4.559e+01    1.436e+11    2.104e+09      8.500e+01    7.840e+07    1.777e-02      11.43s       24        
235  4.494e+01    6.656e+08    1.078e+11      8.500e+01    7.840e+07    1.777e-02      10.89s       24        
236  4.823e+01    7.143e+09    1.764e+05      8.500e+01    7.840e+07    1.777e-02      11.78s       24        
237  4.639e+01    1.000e+12    1.406e+05      8.500e+01    7.840e+07    1.777e-02      10.16s       24        
238  4.656e+01    1.879e+09    5.059e+09      8.500e+01    7.840e+07    1.777e-02      9.00s        24        
239  4.663e+01    3.319e+17    3.801e+09      8.500e+01    7.840e+07    1.777e-02      8.33s        24        
240  4.497e+01    4.304e+11    1.255e+09      8.500e+01    7.840e+07    1.777e-02      7.23s        24        
241  4.533e+01    6.116e+11    1.261e+05      8.500e+01    7.840e+07    1.777e-02      6.36s        24        
242  4.473e+01    1.252e+09    1.214e+10      8.500e+01    7.840e+07    1.777e-02      6.18s        24        
243  4.538e+01    5.564e+08    8.706e+09      8.500e+01    7.840e+07    1.777e-02      4.65s        23        
244  4.445e+01    3.418e+10    7.575e+08      8.500e+01    7.840e+07    1.777e-02      3.79s        23        
245  4.655e+01    8.547e+15    6.856e+04      8.500e+01    7.840e+07    1.777e-02      3.23s        23        
246  4.457e+01    1.380e+10    5.441e+04      8.500e+01    7.840e+07    1.777e-02      2.37s        23        
247  4.550e+01    1.752e+10    4.299e+06      8.500e+01    7.840e+07    1.777e-02      1.63s        22        
248  4.475e+01    2.593e+09    2.418e+05      8.500e+01    7.840e+07    1.777e-02      0.85s        22        
249  4.473e+01    3.428e+11    5.238e+09      8.500e+01    7.840e+07    1.777e-02      0.00s        22        
250  4.516e+01    1.456e+11    1.927e+09      8.500e+01    7.840e+07    1.777e-02      18.49s       22        
251  4.639e+01    7.504e+10    2.016e+09      8.500e+01    7.840e+07    1.777e-02      17.85s       23        
252  4.686e+01    5.062e+11    1.120e+11      8.500e+01    7.840e+07    1.777e-02      17.61s       23        
253  4.391e+01    7.163e+13    5.059e+09      8.500e+01    7.840e+07    1.777e-02      16.48s       23        
254  4.377e+01    5.206e+14    2.292e+05      8.500e+01    7.840e+07    1.777e-02      15.25s       23        
255  4.640e+01    4.635e+10    9.792e+04      8.500e+01    7.840e+07    1.777e-02      17.41s       24        
256  4.464e+01    1.574e+09    1.046e+11      8.500e+01    7.840e+07    1.777e-02      14.21s       24        
257  4.552e+01    1.933e+15    7.904e+08      8.500e+01    7.840e+07    1.777e-02      13.28s       24        
258  4.523e+01    3.509e+11    1.509e+10      8.500e+01    7.840e+07    1.777e-02      12.81s       24        
259  4.648e+01    1.852e+12    8.042e+06      8.500e+01    7.840e+07    1.777e-02      12.02s       25        
260  4.570e+01    3.617e+10    5.357e+05      8.500e+01    7.840e+07    1.777e-02      10.98s       24        
261  4.401e+01    1.982e+10    4.294e+09      8.500e+01    7.840e+07    1.777e-02      11.59s       24        
262  4.615e+01    1.554e+13    9.279e+03      8.500e+01    7.840e+07    1.777e-02      9.81s        24        
263  4.570e+01    1.627e+12    1.187e+06      8.500e+01    7.840e+07    1.777e-02      8.51s        24        
264  4.296e+01    1.836e+12    2.161e+11      8.500e+01    7.840e+07    1.777e-02      7.70s        24        
265  4.519e+01    1.858e+11    1.058e+05      8.500e+01    7.840e+07    1.777e-02      7.04s        24        
266  4.530e+01    5.233e+11    1.367e+05      8.500e+01    7.840e+07    1.777e-02      6.40s        23        
267  4.371e+01    5.503e+10    2.780e+05      8.500e+01    7.840e+07    1.777e-02      6.04s        23        
268  4.444e+01    1.571e+11    2.625e+05      8.500e+01    7.840e+07    1.777e-02      4.71s        22        
269  4.619e+01    2.509e+12    4.237e+06      8.500e+01    7.840e+07    1.777e-02      4.04s        23        
270  4.623e+01    6.216e+10    1.184e+10      8.500e+01    7.840e+07    1.777e-02      3.23s        23        
271  4.703e+01    1.106e+10    1.136e+10      8.500e+01    7.840e+07    1.777e-02      2.44s        22        
272  4.372e+01    5.013e+08    1.139e+05      8.500e+01    7.840e+07    1.777e-02      1.53s        22        
273  4.692e+01    2.319e+12    5.243e+06      8.500e+01    7.840e+07    1.777e-02      0.90s        22        
274  4.449e+01    1.565e+11    7.527e+04      8.500e+01    7.840e+07    1.777e-02      0.00s        22        
275  4.470e+01    2.734e+10    6.457e+09      8.500e+01    7.840e+07    1.777e-02      18.81s       22        
276  4.431e+01    1.789e+09    2.155e+05      8.500e+01    7.840e+07    1.777e-02      17.70s       24        
277  4.525e+01    3.276e+09    8.705e+09      8.500e+01    7.840e+07    1.777e-02      17.21s       23        
278  4.512e+01    2.578e+10    6.647e+08      8.500e+01    7.840e+07    1.777e-02      16.85s       23        
279  4.391e+01    1.908e+11    3.833e+09      8.500e+01    7.840e+07    1.777e-02      15.72s       23        
280  4.444e+01    1.360e+11    3.133e+09      8.500e+01    7.840e+07    1.777e-02      17.14s       23        
281  4.162e+01    1.250e+12    4.330e+07      8.500e+01    7.840e+07    1.777e-02      13.44s       23        
282  4.319e+01    3.598e+10    2.116e+09      8.500e+01    7.840e+07    1.777e-02      13.05s       23        
283  4.377e+01    2.433e+12    2.236e+06      8.500e+01    7.840e+07    1.777e-02      12.81s       23        
284  4.207e+01    3.811e+15    6.314e+05      8.500e+01    7.840e+07    1.777e-02      11.48s       24        
285  4.457e+01    8.332e+08    4.215e+05      8.500e+01    7.840e+07    1.777e-02      10.81s       24        
286  4.371e+01    2.291e+09    3.142e+09      8.500e+01    7.840e+07    1.777e-02      10.32s       24        
287  4.433e+01    3.912e+09    6.761e+08      8.500e+01    7.840e+07    1.777e-02      10.83s       23        
288  4.439e+01    2.118e+11    7.879e+04      8.500e+01    7.840e+07    1.777e-02      8.71s        24        
289  4.238e+01    6.226e+10    1.019e+11      8.500e+01    7.840e+07    1.777e-02      8.09s        24        
290  4.369e+01    1.512e+11    1.456e+05      8.500e+01    7.840e+07    1.777e-02      6.96s        24        
291  4.290e+01    1.631e+11    9.476e+04      8.500e+01    7.840e+07    1.777e-02      6.09s        24        
292  4.316e+01    5.281e+09    7.489e+10      8.500e+01    7.840e+07    1.777e-02      5.34s        23        
293  4.142e+01    3.348e+14    6.266e+09      8.500e+01    7.840e+07    1.777e-02      4.60s        23        
294  4.328e+01    7.588e+11    2.985e+05      8.500e+01    7.840e+07    1.777e-02      4.54s        23        
295  4.118e+01    3.665e+11    9.820e+04      8.500e+01    7.840e+07    1.777e-02      2.91s        23        
296  4.301e+01    3.861e+11    1.996e+05      8.500e+01    7.840e+07    1.777e-02      2.32s        24        
297  4.280e+01    6.808e+09    5.276e+09      9.900e+01    7.897e+07    1.763e-02      1.56s        25        
298  4.617e+01    4.870e+08    3.133e+09      9.900e+01    7.897e+07    1.763e-02      0.80s        25        
299  4.405e+01    2.256e+09    1.545e+05      9.900e+01    7.897e+07    1.763e-02      0.00s        25        
300  4.584e+01    8.517e+11    6.634e+04      9.900e+01    7.897e+07    1.763e-02      19.14s       25        
301  4.337e+01    2.142e+10    7.075e+04      9.900e+01    7.897e+07    1.763e-02      18.31s       25        
302  4.698e+01    8.328e+11    1.934e+09      9.900e+01    7.897e+07    1.763e-02      20.26s       25        
303  4.394e+01    1.734e+14    8.706e+09      9.900e+01    7.897e+07    1.763e-02      16.62s       25        
304  4.322e+01    6.049e+09    1.184e+10      9.900e+01    7.897e+07    1.763e-02      15.80s       25        
305  4.371e+01    3.091e+09    1.098e+11      9.900e+01    7.897e+07    1.763e-02      15.15s       26        
306  4.489e+01    9.854e+10    3.947e+03      9.900e+01    7.897e+07    1.763e-02      13.85s       26        
307  4.524e+01    1.723e+11    3.133e+09      9.900e+01    7.897e+07    1.763e-02      13.17s       26        
308  4.246e+01    5.610e+11    1.064e+10      9.900e+01    7.897e+07    1.763e-02      12.80s       26        
309  4.177e+01    8.655e+07    1.038e+11      9.900e+01    7.897e+07    1.763e-02      13.02s       26        
310  4.442e+01    1.831e+11    8.705e+09      9.900e+01    7.897e+07    1.763e-02      10.81s       26        
311  4.370e+01    1.339e+12    2.101e+09      9.900e+01    7.897e+07    1.763e-02      10.12s       26        
312  4.437e+01    3.761e+09    6.833e+08      9.900e+01    7.897e+07    1.763e-02      9.52s        25        
313  4.258e+01    5.378e+09    1.100e+11      9.900e+01    7.897e+07    1.763e-02      8.32s        25        
314  4.303e+01    6.301e+09    4.972e+04      9.900e+01    7.897e+07    1.763e-02      7.71s        25        
315  4.346e+01    1.239e+09    8.201e+09      9.900e+01    7.897e+07    1.763e-02      8.15s        25        
316  4.480e+01    1.283e+09    8.037e+09      1.010e+02    7.990e+07    1.755e-02      6.10s        26        
317  4.456e+01    6.796e+10    1.957e+10      1.170e+02    1.032e+08    1.739e-02      5.66s        27        
318  4.729e+01    2.938e+09    3.133e+09      1.090e+02    8.822e+07    1.739e-02      4.95s        27        
319  5.049e+01    3.314e+09    1.777e+09      1.090e+02    8.822e+07    1.739e-02      4.25s        26        
320  4.625e+01    4.022e+09    2.625e+09      1.090e+02    8.822e+07    1.739e-02      3.18s        26        
321  4.648e+01    7.032e+10    8.742e+09      1.090e+02    8.822e+07    1.739e-02      2.42s        26        
322  4.485e+01    4.628e+11    1.078e+11      1.090e+02    8.822e+07    1.739e-02      1.51s        26        
323  4.683e+01    2.748e+09    8.705e+09      1.010e+02    7.904e+07    1.723e-02      0.88s        26        
324  4.561e+01    3.581e+09    3.922e+13      1.010e+02    7.904e+07    1.723e-02      0.00s        26        
325  4.342e+01    1.010e+12    1.059e+10      1.010e+02    7.904e+07    1.723e-02      18.77s       26        
326  4.488e+01    4.427e+09    1.257e+10      1.010e+02    7.904e+07    1.723e-02      18.00s       26        
327  4.543e+01    2.432e+10    3.137e+09      1.010e+02    7.904e+07    1.723e-02      17.80s       26        
328  4.539e+01    6.222e+12    9.979e+10      1.010e+02    7.904e+07    1.723e-02      15.91s       26        
329  4.707e+01    2.260e+10    2.377e+08      1.010e+02    7.904e+07    1.723e-02      18.27s       27        
330  4.590e+01    1.063e+11    4.917e+05      1.010e+02    7.904e+07    1.723e-02      15.07s       27        
331  4.387e+01    1.141e+12    3.133e+09      1.010e+02    7.904e+07    1.723e-02      13.84s       28        
332  4.611e+01    1.979e+09    1.082e+10      1.010e+02    7.904e+07    1.723e-02      13.39s       28        
333  4.463e+01    2.991e+12    1.453e+05      1.010e+02    7.904e+07    1.723e-02      12.62s       28        
334  4.706e+01    7.581e+11    2.105e+05      1.010e+02    7.904e+07    1.723e-02      11.96s       29        
335  4.872e+01    1.783e+12    1.260e+05      1.010e+02    7.904e+07    1.723e-02      11.92s       29        
336  4.832e+01    8.995e+11    4.319e+12      1.010e+02    7.904e+07    1.723e-02      10.26s       29        
337  4.776e+01    3.010e+10    3.136e+09      1.010e+02    7.904e+07    1.723e-02      11.01s       29        
338  4.962e+01    1.058e+12    2.541e+09      1.010e+02    7.904e+07    1.723e-02      9.19s        29        
339  4.875e+01    2.352e+13    6.122e+06      1.010e+02    7.904e+07    1.723e-02      8.51s        28        
340  4.688e+01    1.192e+09    3.631e+06      1.010e+02    7.934e+07    1.712e-02      7.17s        28        
341  4.723e+01    5.072e+11    1.976e+09      1.010e+02    7.934e+07    1.712e-02      6.74s        28        
342  4.621e+01    1.950e+12    1.206e+05      1.010e+02    7.922e+07    1.701e-02      5.41s        28        
343  4.702e+01    7.392e+11    7.311e+08      1.010e+02    7.922e+07    1.701e-02      5.46s        28        
344  4.800e+01    5.427e+10    5.237e+09      1.010e+02    7.922e+07    1.701e-02      4.03s        28        
345  4.784e+01    1.291e+12    2.726e+07      1.010e+02    7.922e+07    1.701e-02      3.25s        29        
346  4.712e+01    1.888e+10    1.102e+10      1.010e+02    7.922e+07    1.701e-02      2.49s        29        
347  4.985e+01    7.181e+10    9.434e+07      1.010e+02    7.922e+07    1.701e-02      1.65s        28        
348  4.697e+01    8.949e+09    1.019e+11      1.010e+02    7.922e+07    1.701e-02      0.80s        28        
349  4.653e+01    4.306e+16    7.453e+08      1.010e+02    7.922e+07    1.701e-02      0.00s        29        
350  4.944e+01    1.883e+12    5.694e+09      1.010e+02    7.922e+07    1.701e-02      22.72s       29        
351  5.210e+01    4.713e+10    1.430e+10      1.010e+02    7.922e+07    1.701e-02      19.29s       28        
352  4.833e+01    2.249e+10    7.327e+10      1.010e+02    7.922e+07    1.701e-02      17.90s       28        
353  5.001e+01    7.992e+11    1.876e+09      1.010e+02    7.922e+07    1.701e-02      17.68s       28        
354  4.938e+01    1.821e+12    1.443e+09      1.010e+02    7.922e+07    1.701e-02      16.62s       28        
355  4.844e+01    1.342e+17    1.085e+11      1.010e+02    7.922e+07    1.701e-02      15.32s       28        
356  4.885e+01    2.104e+11    1.229e+05      1.010e+02    7.922e+07    1.701e-02      14.39s       28        
357  5.034e+01    3.027e+11    1.079e+11      1.010e+02    7.922e+07    1.701e-02      16.12s       28        
358  5.145e+01    1.207e+12    6.277e+09      1.010e+02    7.922e+07    1.701e-02      13.91s       27        
359  4.779e+01    3.841e+11    1.991e+10      1.010e+02    7.922e+07    1.701e-02      12.33s       27        
360  4.823e+01    5.996e+11    5.509e+06      1.010e+02    7.922e+07    1.701e-02      11.48s       27        
361  4.936e+01    1.990e+12    3.133e+09      1.010e+02    7.922e+07    1.701e-02      10.31s       27        
362  4.606e+01    7.416e+11    3.894e+09      1.010e+02    7.922e+07    1.701e-02      9.70s        27        
363  4.853e+01    1.261e+10    1.271e+10      1.010e+02    7.922e+07    1.701e-02      9.04s        28        
364  4.952e+01    1.451e+12    3.766e+06      1.010e+02    7.922e+07    1.697e-02      9.60s        28        
365  4.944e+01    2.237e+10    8.247e+07      1.010e+02    7.922e+07    1.697e-02      7.46s        29        
366  5.118e+01    9.582e+09    1.900e+09      1.010e+02    7.922e+07    1.697e-02      7.03s        29        
367  5.456e+01    1.969e+12    5.045e+09      1.010e+02    7.922e+07    1.697e-02      6.14s        29        
368  5.190e+01    4.570e+11    1.554e+07      1.010e+02    7.922e+07    1.697e-02      5.08s        29        
369  5.065e+01    7.539e+10    2.838e+07      1.010e+02    7.922e+07    1.697e-02      4.20s        29        
370  5.044e+01    1.535e+15    7.109e+09      1.010e+02    7.922e+07    1.697e-02      3.20s        29        
371  5.066e+01    7.644e+11    6.107e+04      1.010e+02    7.922e+07    1.697e-02      2.53s        28        
372  4.895e+01    2.443e+12    1.789e+06      1.010e+02    7.922e+07    1.697e-02      1.87s        28        
373  4.870e+01    2.562e+14    1.499e+05      9.900e+01    7.866e+07    1.693e-02      0.81s        27        
374  4.998e+01    2.292e+11    2.653e+09      1.190e+02    1.567e+08    1.681e-02      0.00s        28        
375  5.198e+01    5.320e+11    3.133e+09      1.190e+02    1.567e+08    1.681e-02      20.84s       29        
376  5.550e+01    3.888e+11    7.142e+08      1.130e+02    1.023e+08    1.680e-02      19.52s       30        
377  5.323e+01    9.483e+13    2.527e+09      1.130e+02    1.023e+08    1.680e-02      18.85s       30        
378  5.356e+01    2.334e+13    1.184e+10      1.130e+02    1.023e+08    1.680e-02      20.09s       27        
379  5.212e+01    3.575e+12    8.705e+09      1.130e+02    1.023e+08    1.680e-02      16.57s       27        
380  4.950e+01    8.061e+12    2.881e+10      1.130e+02    1.023e+08    1.680e-02      15.92s       27        
381  4.926e+01    8.117e+10    7.062e+08      1.130e+02    1.023e+08    1.680e-02      14.93s       27        
382  4.916e+01    4.838e+11    8.705e+09      1.130e+02    1.023e+08    1.680e-02      13.60s       27        
383  5.103e+01    1.076e+18    1.385e+05      1.150e+02    1.357e+08    1.679e-02      12.95s       28        
384  5.105e+01    3.098e+11    1.184e+10      1.150e+02    1.357e+08    1.664e-02      12.81s       29        
385  5.441e+01    2.840e+12    1.011e+07      1.150e+02    1.357e+08    1.659e-02      11.89s       29        
386  5.309e+01    6.892e+10    1.119e+11      1.150e+02    1.357e+08    1.659e-02      12.73s       28        
387  5.164e+01    2.962e+12    4.910e+09      1.150e+02    1.357e+08    1.659e-02      9.91s        29        
388  5.266e+01    1.778e+11    6.834e+08      1.150e+02    1.357e+08    1.659e-02      9.08s        30        
389  5.449e+01    1.524e+10    1.068e+10      1.150e+02    1.357e+08    1.659e-02      8.66s        30        
390  5.456e+01    3.230e+10    1.872e+10      1.150e+02    1.357e+08    1.659e-02      7.83s        30        
391  5.456e+01    5.835e+12    4.802e+05      1.150e+02    1.357e+08    1.659e-02      6.68s        32        
392  5.909e+01    5.636e+10    3.655e+09      1.150e+02    1.357e+08    1.659e-02      6.24s        32        
393  5.763e+01    1.716e+16    3.685e+05      1.130e+02    9.180e+07    1.655e-02      5.97s        32        
394  5.642e+01    2.774e+12    3.725e+06      1.130e+02    9.180e+07    1.655e-02      4.37s        33        
395  5.759e+01    2.529e+13    1.934e+09      1.130e+02    9.180e+07    1.655e-02      3.53s        31        
396  5.465e+01    2.597e+12    2.515e+09      1.130e+02    9.180e+07    1.655e-02      2.57s        31        
397  5.518e+01    1.451e+11    6.285e+09      1.130e+02    9.180e+07    1.655e-02      1.72s        31        
398  5.558e+01    2.506e+11    1.255e+10      1.130e+02    9.180e+07    1.655e-02      0.86s        31        
399  5.665e+01    5.732e+11    3.133e+09      1.130e+02    9.180e+07    1.655e-02      0.00s        31        
400  5.389e+01    1.110e+12    9.401e+09      1.130e+02    9.180e+07    1.655e-02      20.03s       31        
401  5.772e+01    1.127e+11    3.220e+09      1.130e+02    9.180e+07    1.655e-02      20.27s       31        
402  5.537e+01    6.394e+11    1.934e+09      1.130e+02    9.180e+07    1.655e-02      19.56s       31        
403  5.340e+01    5.424e+11    3.133e+09      1.130e+02    9.180e+07    1.655e-02      17.76s       33        
404  5.970e+01    2.415e+14    2.950e+05      1.130e+02    9.180e+07    1.655e-02      18.55s       33        
405  5.836e+01    2.674e+12    5.270e+09      1.130e+02    9.180e+07    1.655e-02      16.75s       31        
406  5.672e+01    1.053e+12    6.978e+09      1.130e+02    9.180e+07    1.655e-02      15.72s       32        
407  5.613e+01    4.867e+10    1.622e+05      1.130e+02    9.180e+07    1.655e-02      16.57s       32        
408  5.777e+01    3.405e+12    6.765e+08      1.130e+02    9.180e+07    1.655e-02      14.08s       32        
409  5.596e+01    4.182e+15    4.918e+05      1.130e+02    9.180e+07    1.655e-02      13.12s       32        
410  5.562e+01    1.464e+12    1.535e+05      1.130e+02    9.180e+07    1.655e-02      11.97s       32        
411  5.454e+01    1.607e+11    9.517e+09      1.130e+02    9.180e+07    1.655e-02      11.64s       32        
412  5.674e+01    1.668e+12    1.038e+11      1.130e+02    9.180e+07    1.655e-02      10.61s       32        
413  5.419e+01    1.256e+12    7.059e+09      1.130e+02    9.180e+07    1.655e-02      10.72s       33        
414  5.591e+01    2.118e+10    6.439e+09      1.130e+02    9.180e+07    1.655e-02      8.68s        33        
415  6.073e+01    1.004e+12    1.048e+10      1.130e+02    9.180e+07    1.655e-02      8.49s        33        
416  5.747e+01    4.569e+15    9.400e+09      1.130e+02    9.180e+07    1.655e-02      6.94s        33        
417  5.683e+01    1.985e+12    6.713e+18      1.130e+02    9.180e+07    1.655e-02      6.48s        33        
418  5.839e+01    1.496e+17    6.580e+09      1.130e+02    9.180e+07    1.655e-02      5.34s        33        
419  5.967e+01    8.919e+14    6.964e+08      1.110e+02    8.270e+07    1.652e-02      4.41s        32        
420  5.628e+01    4.892e+12    1.915e+06      1.110e+02    8.270e+07    1.652e-02      3.89s        32        
421  5.724e+01    3.524e+12    1.935e+09      1.110e+02    8.270e+07    1.652e-02      2.66s        32        
422  5.822e+01    6.472e+12    9.901e+10      9.900e+01    1.167e+08    1.647e-02      1.82s        28        
423  4.938e+01    7.045e+20    8.321e+04      9.900e+01    1.167e+08    1.647e-02      0.82s        28        
424  5.003e+01    1.545e+14    1.795e+05      9.900e+01    1.167e+08    1.647e-02      0.00s        28        
425  5.154e+01    3.581e+11    1.821e+08      9.900e+01    1.167e+08    1.647e-02      20.01s       28        
426  4.899e+01    3.436e+12    2.095e+07      9.900e+01    1.167e+08    1.647e-02      18.92s       28        
427  4.965e+01    7.186e+09    6.879e+08      9.900e+01    1.167e+08    1.647e-02      18.33s       28        
428  4.985e+01    2.436e+13    5.068e+09      9.900e+01    1.167e+08    1.647e-02      19.59s       28        
429  4.898e+01    5.270e+10    1.320e+10      9.900e+01    1.167e+08    1.647e-02      16.35s       28        
430  5.033e+01    3.122e+11    1.172e+11      9.900e+01    1.167e+08    1.647e-02      15.50s       28        
431  4.927e+01    1.218e+12    2.115e+05      9.900e+01    1.167e+08    1.647e-02      14.39s       28        
432  4.935e+01    2.048e+11    1.984e+09      9.900e+01    1.167e+08    1.647e-02      14.31s       28        
433  5.155e+01    1.711e+12    5.131e+05      9.900e+01    1.167e+08    1.647e-02      12.82s       28        
434  5.115e+01    4.053e+10    1.865e+09      9.900e+01    1.167e+08    1.647e-02      12.34s       28        
435  4.911e+01    5.159e+11    1.035e+08      9.900e+01    1.167e+08    1.647e-02      11.42s       28        
436  4.913e+01    2.899e+11    3.270e+06      9.900e+01    1.167e+08    1.647e-02      12.39s       28        
437  4.867e+01    5.120e+09    2.751e+09      9.900e+01    1.167e+08    1.647e-02      9.96s        28        
438  5.034e+01    3.148e+10    7.269e+08      9.900e+01    1.167e+08    1.647e-02      9.00s        28        
439  4.959e+01    4.667e+09    4.699e+04      9.900e+01    1.167e+08    1.647e-02      8.39s        28        
440  4.839e+01    2.416e+10    3.022e+05      9.900e+01    1.167e+08    1.647e-02      7.47s        28        
441  5.168e+01    4.583e+10    2.893e+07      9.900e+01    1.167e+08    1.647e-02      6.96s        28        
442  5.167e+01    1.559e+13    3.823e+09      9.900e+01    1.167e+08    1.647e-02      5.81s        29        
443  5.053e+01    4.437e+10    3.120e+05      9.900e+01    1.167e+08    1.647e-02      5.71s        29        
444  5.122e+01    8.874e+11    5.078e+09      9.900e+01    1.167e+08    1.647e-02      4.37s        29        
445  5.109e+01    8.650e+10    1.383e+09      9.900e+01    1.167e+08    1.647e-02      3.33s        29        
446  5.198e+01    1.885e+11    1.890e+06      9.900e+01    1.167e+08    1.647e-02      2.50s        29        
447  5.186e+01    8.000e+11    2.082e+12      9.900e+01    1.167e+08    1.647e-02      1.67s        29        
448  5.052e+01    2.706e+11    8.526e+04      9.900e+01    1.167e+08    1.647e-02      0.87s        29        
449  5.109e+01    4.616e+12    3.133e+09      9.900e+01    1.167e+08    1.647e-02      0.00s        29        
450  4.966e+01    5.867e+11    1.058e+09      9.900e+01    1.167e+08    1.647e-02      19.97s       29        
451  4.995e+01    2.994e+10    3.820e+09      9.900e+01    1.167e+08    1.647e-02      21.20s       29        
452  5.148e+01    1.602e+11    5.742e+04      9.900e+01    1.167e+08    1.647e-02      18.70s       29        
453  5.099e+01    2.812e+11    2.598e+09      9.900e+01    1.167e+08    1.647e-02      18.24s       29        
454  5.195e+01    1.383e+11    3.133e+09      9.900e+01    1.167e+08    1.647e-02      16.48s       29        
455  5.073e+01    1.829e+12    5.098e+09      9.900e+01    1.167e+08    1.647e-02      16.19s       29        
456  5.126e+01    1.548e+11    6.501e+08      9.900e+01    1.167e+08    1.647e-02      14.64s       29        
457  5.084e+01    2.195e+12    3.853e+09      9.900e+01    1.167e+08    1.647e-02      14.18s       29        
458  5.177e+01    3.069e+12    1.018e+10      9.900e+01    1.167e+08    1.647e-02      13.60s       29        
459  5.306e+01    2.466e+11    1.278e+06      9.900e+01    1.167e+08    1.647e-02      14.26s       30        
460  5.238e+01    1.297e+12    1.323e+10      9.900e+01    1.167e+08    1.647e-02      11.89s       30        
461  5.409e+01    4.804e+12    1.089e+09      9.900e+01    1.167e+08    1.647e-02      10.87s       30        
462  5.267e+01    7.057e+10    3.133e+09      9.900e+01    1.167e+08    1.647e-02      10.17s       29        
463  5.149e+01    1.822e+10    2.179e+05      9.900e+01    1.167e+08    1.647e-02      8.83s        29        
464  5.023e+01    6.713e+10    3.134e+09      9.900e+01    1.167e+08    1.647e-02      8.12s        29        
465  4.903e+01    5.746e+12    6.584e+08      9.900e+01    1.167e+08    1.647e-02      7.42s        30        
466  4.920e+01    4.361e+10    7.264e+04      9.900e+01    1.167e+08    1.647e-02      6.53s        30        
467  5.105e+01    6.256e+11    6.609e+09      9.900e+01    1.167e+08    1.647e-02      6.77s        30        
468  5.219e+01    4.833e+11    5.680e+09      9.900e+01    1.167e+08    1.647e-02      5.04s        30        
469  5.198e+01    1.106e+16    1.690e+05      9.900e+01    1.167e+08    1.647e-02      4.22s        30        
470  5.176e+01    1.892e+12    2.744e+09      9.900e+01    1.167e+08    1.647e-02      3.36s        30        
471  5.067e+01    1.192e+10    4.917e+09      9.900e+01    1.167e+08    1.647e-02      2.54s        30        
472  5.039e+01    1.086e+11    4.962e+09      9.900e+01    1.167e+08    1.647e-02      1.62s        30        
473  5.273e+01    2.513e+13    2.940e+05      9.900e+01    1.167e+08    1.647e-02      0.86s        30        
474  5.018e+01    1.466e+12    4.677e+09      9.900e+01    1.167e+08    1.647e-02      0.00s        30        
475  4.796e+01    2.137e+10    3.133e+09      9.900e+01    1.167e+08    1.647e-02      22.76s       30        
476  5.052e+01    1.229e+11    3.432e+04      9.900e+01    1.167e+08    1.647e-02      19.09s       30        
477  5.094e+01    4.014e+12    3.133e+09      9.900e+01    1.167e+08    1.647e-02      18.51s       30        
478  5.001e+01    9.438e+10    3.135e+09      9.900e+01    1.167e+08    1.647e-02      16.88s       30        
479  5.078e+01    7.325e+12    3.133e+09      9.900e+01    1.167e+08    1.647e-02      17.03s       30        
480  5.157e+01    9.373e+11    2.512e+05      9.900e+01    1.167e+08    1.647e-02      16.13s       30        
481  5.043e+01    2.939e+10    6.272e+09      9.900e+01    1.167e+08    1.647e-02      14.92s       30        
482  4.832e+01    9.436e+10    3.133e+09      9.900e+01    1.167e+08    1.647e-02      16.17s       31        
483  5.049e+01    9.463e+13    1.623e+10      9.900e+01    1.167e+08    1.647e-02      13.21s       31        
484  4.950e+01    4.267e+12    5.618e+09      9.900e+01    1.167e+08    1.647e-02      11.77s       31        
485  5.132e+01    3.448e+10    5.124e+09      9.900e+01    1.167e+08    1.647e-02      11.80s       29        
486  4.923e+01    1.879e+12    2.335e+09      9.900e+01    1.167e+08    1.647e-02      10.52s       29        
487  4.653e+01    3.187e+10    6.713e+04      9.900e+01    1.167e+08    1.647e-02      9.37s        29        
488  4.763e+01    3.027e+09    1.580e+05      9.900e+01    1.167e+08    1.647e-02      8.47s        29        
489  4.958e+01    5.381e+11    3.465e+05      9.900e+01    1.167e+08    1.647e-02      8.12s        29        
490  4.929e+01    1.742e+12    6.523e+05      9.900e+01    1.167e+08    1.647e-02      7.52s        29        
491  4.922e+01    5.983e+09    3.133e+09      9.900e+01    1.167e+08    1.647e-02      7.47s        29        
492  4.662e+01    1.636e+12    2.626e+09      1.170e+02    1.386e+08    1.633e-02      5.59s        30        
493  4.862e+01    9.406e+11    5.574e+05      1.210e+02    4.932e+08    1.626e-02      5.04s        32        
494  5.373e+01    4.958e+12    2.435e+05      1.190e+02    3.858e+08    1.621e-02      4.26s        31        
495  5.414e+01    2.183e+17    1.135e+10      1.190e+02    3.858e+08    1.621e-02      3.45s        32        
496  5.656e+01    4.531e+14    1.013e+06      1.070e+02    1.177e+08    1.620e-02      2.55s        31        
497  5.082e+01    8.607e+12    8.705e+09      1.070e+02    1.177e+08    1.620e-02      1.66s        31        
498  5.277e+01    3.398e+11    2.342e+05      1.070e+02    1.177e+08    1.620e-02      0.85s        31        
499  4.927e+01    3.066e+11    3.133e+09      1.070e+02    1.177e+08    1.620e-02      0.00s        32        





Time: 0h:6m:46s
####   Data for the best program   ####
Best Program: mul(0.360, add(mul(1.386, 1.461), div(sub(sub(1.907, mul(0.360, add(1.968, sub(sub(X2, X1), X1)))), add(1.132, X2)), add(mul(mul(mul(X0, X0), sub(add(1.968, mul(sub(sub(1.290, X2), add(1.300, X2)), X2)), X1)), sub(X2, mul(X1, mul(X0, add(mul(0.258, X1), sub(X0, X2)))))), add(mul(1.386, 1.461), div(sub(add(X2, X0), add(1.111, X2)), add(add(1.111, X2), div(sub(sub(1.907, mul(0.360, add(add(add(0.704, 1.331), div(div(add(X0, sub(1.290, X2)), div(X2, X1)), mul(mul(div(1.581, X1), div(X2, X1)), div(X2, X1)))), 0.360))), 1.907), add(1.132, X2)))))))))
Best Program Complexity: 107
Raw Fitness: 0.01620082157644192
Penalized Fitness: 0.01620082157644192
Estimator		Train-rmse: 0.01620082157644192	Test-rmse: 2.6090744354390725	Test-R^2: -729.7312710985675

{'complexity': 'length', 'const_range': (1e-10, 2.0), 'elitism_size': 0, 'function_set': ('add', 'sub', 'div', 'mul'), 'generations': 500, 'init_depth': (3, 6), 'init_method': 'half and half', 'low_memory': True, 'max_samples': 1.0, 'metric': 'rmse', 'n_jobs': 1, 'p_crossover': 0.4, 'p_hoist_mutation': 0.0, 'p_point_mutation': 0.3, 'p_point_replace': 0.05, 'p_subtree_mutation': 0.3, 'paretogp': True, 'paretogp_lengths': (4, 130), 'parsimony_coefficient': 0.0, 'population_size': 800, 'random_state': 1645320014, 'selection': 'tournament', 'stopping_criteria': None, 'tournament_size': 11, 'verbose': 1, 'warm_start': True}
