    |          Population Average          |           Best Individual            |
---- -------------------------------------- -------------------------------------- ----------
Gen  Length       Kommenda     Fitness        Length       Kommenda     Fitness        Time Left    Front Size
0    3.769e+01    1.626e+12    2.515e+11      9.000e+00    6.000e+01    2.133e-01      15.50s       7         
1    7.628e+00    4.796e+02    3.391e+04      5.000e+00    5.000e+00    1.112e-01      10.03s       2         
2    6.572e+00    7.508e+09    1.504e+06      5.000e+00    5.000e+00    1.112e-01      9.33s        3         
3    6.062e+00    3.544e+04    2.124e+02      5.000e+00    5.000e+00    1.112e-01      9.23s        3         
4    5.758e+00    2.086e+13    2.186e+04      5.000e+00    7.000e+00    1.029e-01      9.08s        2         
5    5.690e+00    4.925e+05    1.823e+05      7.000e+00    9.000e+00    6.307e-02      8.79s        2         
6    6.355e+00    2.046e+03    1.339e+05      7.000e+00    1.100e+01    5.826e-02      10.59s       4         
7    6.843e+00    1.739e+02    1.889e+01      1.300e+01    1.900e+01    4.000e-02      8.50s        5         
8    7.808e+00    1.557e+03    9.957e+01      1.300e+01    1.900e+01    3.999e-02      8.33s        6         
9    8.580e+00    8.513e+04    3.893e+05      1.300e+01    1.900e+01    3.999e-02      8.38s        6         
10   9.193e+00    1.189e+11    3.261e+03      1.100e+01    1.500e+01    3.847e-02      7.72s        5         
11   7.982e+00    1.818e+05    1.174e+05      1.100e+01    1.500e+01    3.847e-02      6.93s        5         
12   8.085e+00    8.933e+06    5.509e+04      1.100e+01    1.500e+01    3.826e-02      6.34s        5         
13   7.830e+00    1.191e+04    4.751e+04      1.100e+01    1.500e+01    3.826e-02      5.83s        5         
14   8.072e+00    1.527e+04    4.340e+01      1.100e+01    1.500e+01    3.826e-02      5.36s        5         
15   7.857e+00    1.260e+03    3.397e+05      1.100e+01    1.500e+01    3.826e-02      4.95s        6         
16   8.210e+00    1.366e+03    4.279e+04      1.100e+01    1.500e+01    3.826e-02      4.50s        6         
17   8.217e+00    1.720e+03    7.972e+04      1.100e+01    1.500e+01    3.826e-02      3.78s        6         
18   8.605e+00    7.193e+02    1.488e+04      1.100e+01    1.500e+01    3.826e-02      3.36s        6         
19   8.602e+00    2.031e+04    1.555e+02      1.100e+01    1.500e+01    3.826e-02      2.63s        6         
20   8.540e+00    5.729e+06    8.995e+04      1.100e+01    1.500e+01    3.826e-02      2.19s        6         
21   8.460e+00    1.598e+03    3.711e+01      1.100e+01    1.500e+01    3.826e-02      1.66s        6         
22   8.068e+00    4.636e+01    2.121e+02      1.100e+01    1.500e+01    3.826e-02      1.24s        6         
23   8.140e+00    2.991e+02    4.193e+05      1.100e+01    1.500e+01    3.826e-02      0.55s        6         
24   8.492e+00    3.634e+07    9.930e+09      1.100e+01    1.500e+01    3.826e-02      0.00s        6         
25   8.418e+00    3.667e+03    5.586e+04      1.100e+01    1.500e+01    3.826e-02      12.61s       6         
26   8.857e+00    7.111e+06    7.192e+10      1.100e+01    1.500e+01    3.826e-02      12.55s       6         
27   8.460e+00    1.786e+03    9.233e+02      1.100e+01    1.500e+01    3.808e-02      12.02s       6         
28   8.745e+00    2.446e+05    3.243e+05      1.100e+01    1.500e+01    3.808e-02      11.20s       6         
29   8.060e+00    8.863e+04    3.055e+01      1.100e+01    1.500e+01    3.808e-02      10.75s       6         
30   8.340e+00    2.700e+04    3.070e+04      1.100e+01    1.500e+01    3.808e-02      9.97s        6         
31   8.505e+00    1.423e+02    1.957e+01      1.100e+01    1.500e+01    3.808e-02      10.03s       6         
32   8.680e+00    1.058e+08    1.370e+11      1.100e+01    1.500e+01    3.808e-02      9.15s        6         
33   8.210e+00    8.206e+04    1.916e+02      1.100e+01    1.500e+01    3.808e-02      8.70s        6         
34   8.512e+00    4.549e+06    1.167e+03      1.100e+01    1.500e+01    3.808e-02      7.98s        6         
35   8.197e+00    6.627e+05    3.492e+05      1.100e+01    1.500e+01    3.808e-02      7.45s        6         
36   8.790e+00    1.898e+03    8.392e+04      1.100e+01    1.500e+01    3.808e-02      7.57s        6         
37   8.633e+00    2.224e+06    1.479e+02      1.100e+01    1.500e+01    3.808e-02      6.56s        6         
38   8.620e+00    7.760e+09    4.997e+04      1.100e+01    1.500e+01    3.808e-02      5.94s        7         
39   8.200e+00    1.427e+03    3.343e+05      1.100e+01    1.500e+01    3.808e-02      6.10s        7         
40   8.117e+00    1.036e+04    1.596e+04      1.100e+01    1.500e+01    3.808e-02      4.72s        7         
41   8.178e+00    5.703e+03    1.594e+02      1.100e+01    1.500e+01    3.808e-02      4.28s        7         
42   8.188e+00    2.091e+02    5.017e+02      1.100e+01    1.500e+01    3.808e-02      3.61s        7         
43   8.535e+00    8.902e+06    6.220e+02      1.100e+01    1.500e+01    3.808e-02      3.19s        7         
44   8.570e+00    3.297e+05    3.856e+04      1.100e+01    1.500e+01    3.808e-02      2.57s        7         
45   8.590e+00    6.465e+02    3.639e+05      1.100e+01    1.500e+01    3.808e-02      2.08s        7         
46   8.440e+00    1.371e+05    5.666e+05      1.100e+01    1.500e+01    3.808e-02      1.66s        7         
47   8.190e+00    4.199e+02    4.081e+01      1.100e+01    1.500e+01    3.808e-02      1.08s        7         
48   7.942e+00    9.306e+02    4.134e+01      1.100e+01    1.500e+01    3.808e-02      0.54s        7         
49   8.178e+00    1.263e+09    1.439e+04      1.100e+01    1.500e+01    3.808e-02      0.00s        7         
50   8.078e+00    2.948e+02    7.985e+01      1.100e+01    1.500e+01    3.808e-02      12.61s       7         
51   8.315e+00    3.656e+06    5.428e+04      1.100e+01    1.500e+01    3.808e-02      11.81s       7         
52   8.595e+00    1.757e+05    1.607e+02      1.100e+01    1.500e+01    3.808e-02      11.44s       7         
53   8.065e+00    4.947e+05    1.222e+05      1.100e+01    1.500e+01    3.808e-02      11.43s       7         
54   8.325e+00    2.034e+06    1.323e+02      1.100e+01    1.500e+01    3.808e-02      10.89s       7         
55   8.120e+00    3.881e+04    1.608e+05      1.100e+01    1.500e+01    3.808e-02      10.09s       7         
56   7.955e+00    9.681e+03    1.202e+05      1.100e+01    1.500e+01    3.808e-02      11.01s       7         
57   8.030e+00    8.954e+01    3.234e+02      1.100e+01    1.500e+01    3.808e-02      8.89s        7         
58   8.242e+00    4.808e+04    4.485e+04      1.100e+01    1.500e+01    3.808e-02      8.59s        7         
59   8.023e+00    7.695e+01    1.114e+04      1.100e+01    1.500e+01    3.808e-02      7.93s        7         
60   8.300e+00    5.414e+03    5.452e+04      1.100e+01    1.500e+01    3.808e-02      7.45s        7         
61   8.235e+00    1.140e+06    2.147e+04      1.100e+01    1.500e+01    3.808e-02      6.83s        7         
62   8.305e+00    5.315e+06    2.753e+18      1.100e+01    1.500e+01    3.808e-02      6.32s        7         
63   8.370e+00    5.956e+02    1.704e+03      1.100e+01    1.500e+01    3.808e-02      5.96s        7         
64   7.870e+00    9.992e+01    9.053e+01      1.100e+01    1.500e+01    3.808e-02      5.31s        7         
65   8.223e+00    3.389e+04    4.280e+04      1.100e+01    1.500e+01    3.808e-02      4.48s        7         
66   7.942e+00    2.491e+01    3.451e+05      1.100e+01    1.500e+01    3.808e-02      4.14s        7         
67   8.325e+00    6.881e+05    3.954e+01      1.100e+01    1.500e+01    3.808e-02      3.74s        7         
68   8.155e+00    1.435e+09    1.341e+05      1.100e+01    1.500e+01    3.808e-02      3.14s        7         
69   7.997e+00    8.480e+11    1.298e+02      1.100e+01    1.500e+01    3.808e-02      2.68s        7         
70   8.773e+00    4.409e+06    3.981e+03      1.100e+01    1.500e+01    3.808e-02      2.13s        7         
71   8.005e+00    4.819e+01    5.407e+05      1.100e+01    1.500e+01    3.808e-02      1.53s        7         
72   8.415e+00    8.134e+02    1.167e+02      1.100e+01    1.500e+01    3.808e-02      1.25s        7         
73   8.080e+00    1.303e+04    5.428e+04      1.100e+01    1.500e+01    3.808e-02      0.56s        7         
74   7.763e+00    6.153e+03    1.447e+02      1.100e+01    1.500e+01    3.808e-02      0.00s        7         
75   8.055e+00    5.184e+02    3.459e+01      1.100e+01    1.500e+01    3.808e-02      12.82s       7         
76   7.938e+00    2.086e+02    3.021e+01      1.100e+01    1.500e+01    3.808e-02      11.63s       7         
77   8.535e+00    1.652e+06    1.110e+06      1.100e+01    1.500e+01    3.808e-02      11.28s       7         
78   8.245e+00    1.210e+07    1.657e+03      1.100e+01    1.500e+01    3.808e-02      10.96s       7         
79   8.232e+00    1.655e+07    2.651e+06      1.100e+01    1.500e+01    3.808e-02      10.75s       7         
80   8.227e+00    1.564e+07    1.581e+06      1.100e+01    1.500e+01    3.808e-02      9.78s        7         
81   8.425e+00    1.277e+13    9.896e+04      1.100e+01    1.500e+01    3.808e-02      9.55s        7         
82   8.080e+00    1.088e+04    1.586e+02      1.100e+01    1.500e+01    3.808e-02      8.64s        7         
83   7.925e+00    1.067e+11    1.146e+05      1.100e+01    1.500e+01    3.808e-02      8.57s        7         
84   8.393e+00    4.878e+05    3.762e+02      1.100e+01    1.500e+01    3.808e-02      7.66s        7         
85   8.255e+00    3.829e+04    3.615e+05      1.100e+01    1.500e+01    3.808e-02      7.16s        7         
86   8.095e+00    2.023e+03    2.462e+04      1.100e+01    1.500e+01    3.808e-02      6.62s        7         
87   8.110e+00    2.862e+03    3.188e+02      1.100e+01    1.500e+01    3.808e-02      6.38s        7         
88   8.470e+00    4.410e+03    1.828e+03      1.100e+01    1.500e+01    3.808e-02      5.76s        7         
89   8.105e+00    1.795e+02    5.950e+04      1.100e+01    1.500e+01    3.808e-02      6.00s        7         
90   8.008e+00    2.309e+04    4.032e+01      1.100e+01    1.500e+01    3.808e-02      4.57s        7         
91   8.055e+00    2.095e+02    2.530e+05      1.100e+01    1.500e+01    3.808e-02      4.20s        7         
92   8.405e+00    1.659e+13    3.399e+09      1.100e+01    1.500e+01    3.808e-02      3.68s        7         
93   8.277e+00    8.289e+03    1.584e+05      1.100e+01    1.500e+01    3.808e-02      3.18s        7         
94   8.172e+00    2.810e+03    1.110e+03      1.100e+01    1.500e+01    3.808e-02      2.52s        7         
95   7.935e+00    3.918e+02    2.492e+01      1.100e+01    1.500e+01    3.808e-02      2.08s        7         
96   8.135e+00    8.631e+03    6.798e+05      1.100e+01    1.500e+01    3.808e-02      1.54s        7         
97   8.255e+00    4.483e+14    1.650e+09      1.100e+01    1.500e+01    3.808e-02      1.02s        7         
98   8.290e+00    6.245e+04    3.809e+03      1.100e+01    1.500e+01    3.808e-02      0.54s        7         
99   7.965e+00    1.926e+02    5.647e+03      1.100e+01    1.500e+01    3.808e-02      0.00s        7         
100  7.822e+00    1.222e+02    1.058e+05      1.100e+01    1.500e+01    3.808e-02      13.03s       7         
101  8.250e+00    5.193e+05    1.586e+05      1.100e+01    1.500e+01    3.808e-02      12.22s       7         
102  8.255e+00    2.857e+05    2.116e+09      1.100e+01    1.500e+01    3.808e-02      11.26s       7         
103  8.040e+00    7.700e+02    1.529e+05      1.100e+01    1.500e+01    3.808e-02      11.05s       7         
104  8.235e+00    3.249e+07    2.099e+06      1.100e+01    1.500e+01    3.808e-02      10.17s       7         
105  7.957e+00    1.213e+08    3.215e+15      1.100e+01    1.500e+01    3.808e-02      11.69s       7         
106  8.078e+00    4.358e+02    1.635e+03      1.100e+01    1.500e+01    3.808e-02      9.49s        7         
107  8.185e+00    1.168e+04    1.700e+02      1.100e+01    1.300e+01    3.808e-02      8.92s        6         
108  7.827e+00    6.512e+06    5.085e+05      1.100e+01    1.300e+01    3.808e-02      8.31s        6         
109  8.130e+00    1.772e+13    8.298e+03      1.100e+01    1.300e+01    3.808e-02      7.82s        6         
110  7.655e+00    3.637e+02    9.316e+01      1.100e+01    1.300e+01    3.808e-02      6.99s        6         
111  7.930e+00    3.560e+04    1.405e+05      1.100e+01    1.300e+01    3.808e-02      6.68s        7         
112  7.378e+00    9.458e+02    1.703e+06      1.100e+01    1.300e+01    3.808e-02      5.98s        7         
113  7.428e+00    1.176e+04    9.073e+07      1.100e+01    1.300e+01    3.808e-02      5.38s        7         
114  7.308e+00    1.224e+02    3.384e+05      1.100e+01    1.300e+01    3.808e-02      5.00s        7         
115  7.425e+00    9.719e+03    1.845e+02      1.100e+01    1.300e+01    3.808e-02      4.48s        7         
116  7.770e+00    3.970e+04    6.179e+01      1.100e+01    1.300e+01    3.808e-02      4.00s        7         
117  7.808e+00    4.570e+04    2.094e+05      1.100e+01    1.300e+01    3.808e-02      3.60s        7         
118  7.575e+00    3.050e+10    2.587e+04      1.100e+01    1.300e+01    3.808e-02      3.03s        7         
119  7.418e+00    6.582e+08    9.399e+08      1.100e+01    1.300e+01    3.808e-02      2.63s        7         
120  7.595e+00    2.010e+12    1.847e+05      1.100e+01    1.300e+01    3.808e-02      2.01s        7         
121  7.645e+00    2.044e+05    5.222e+05      1.100e+01    1.300e+01    3.808e-02      1.54s        7         
122  7.435e+00    3.397e+02    7.841e+06      1.100e+01    1.300e+01    3.808e-02      1.00s        7         
123  7.730e+00    3.206e+03    1.394e+02      1.100e+01    1.300e+01    3.808e-02      0.59s        7         
124  7.620e+00    6.676e+03    7.446e+05      1.100e+01    1.300e+01    3.808e-02      0.00s        7         
125  7.438e+00    4.807e+02    5.567e+01      1.100e+01    1.300e+01    3.808e-02      12.47s       7         
126  7.312e+00    2.210e+04    1.340e+05      1.100e+01    1.300e+01    3.808e-02      11.50s       7         
127  7.848e+00    8.813e+05    1.297e+08      1.100e+01    1.300e+01    3.808e-02      11.85s       7         
128  7.585e+00    1.358e+03    5.280e+05      1.100e+01    1.300e+01    3.808e-02      10.90s       7         
129  7.720e+00    3.188e+02    8.881e+01      1.100e+01    1.300e+01    3.808e-02      10.25s       7         
130  7.680e+00    1.853e+07    1.450e+04      1.100e+01    1.300e+01    3.808e-02      9.87s        7         
131  7.853e+00    1.054e+06    1.983e+05      1.100e+01    1.300e+01    3.808e-02      9.28s        7         
132  7.335e+00    2.927e+04    4.297e+04      1.100e+01    1.300e+01    3.808e-02      8.48s        7         
133  7.510e+00    4.946e+01    9.955e+01      1.100e+01    1.300e+01    3.808e-02      8.15s        7         
134  7.535e+00    8.509e+03    2.880e+01      1.100e+01    1.300e+01    3.808e-02      7.42s        7         
135  7.665e+00    8.981e+06    8.319e+04      1.100e+01    1.300e+01    3.808e-02      6.94s        7         
136  7.612e+00    5.626e+10    7.640e+02      1.100e+01    1.300e+01    3.808e-02      6.54s        7         
137  7.468e+00    2.493e+02    1.704e+04      1.100e+01    1.300e+01    3.808e-02      6.39s        7         
138  7.695e+00    5.411e+10    3.631e+03      1.100e+01    1.300e+01    3.808e-02      5.65s        7         
139  7.532e+00    5.648e+01    8.700e+04      1.100e+01    1.300e+01    3.808e-02      4.82s        7         
140  7.747e+00    9.852e+05    1.098e+12      1.100e+01    1.300e+01    3.808e-02      5.46s        7         
141  7.268e+00    3.867e+07    2.034e+14      1.100e+01    1.300e+01    3.808e-02      4.02s        7         
142  7.650e+00    9.507e+01    1.878e+04      1.100e+01    1.300e+01    3.808e-02      3.54s        7         
143  7.338e+00    3.243e+02    3.128e+05      1.100e+01    1.300e+01    3.808e-02      2.89s        7         
144  7.740e+00    2.778e+05    1.486e+06      1.100e+01    1.300e+01    3.808e-02      2.49s        7         
145  7.897e+00    1.368e+05    1.804e+05      1.100e+01    1.300e+01    3.808e-02      1.94s        7         
146  7.853e+00    6.152e+03    3.871e+05      1.100e+01    1.300e+01    3.808e-02      1.51s        7         
147  7.862e+00    5.426e+03    4.786e+05      1.100e+01    1.300e+01    3.808e-02      1.02s        7         
148  7.207e+00    1.389e+03    3.863e+01      1.100e+01    1.300e+01    3.808e-02      0.50s        7         
149  7.678e+00    4.841e+10    2.137e+08      1.100e+01    1.300e+01    3.808e-02      0.00s        7         
150  7.582e+00    4.028e+03    4.903e+05      1.100e+01    1.300e+01    3.808e-02      12.51s       7         
151  7.803e+00    7.698e+04    1.949e+06      1.100e+01    1.300e+01    3.808e-02      12.39s       7         
152  7.418e+00    1.954e+05    1.849e+01      1.100e+01    1.300e+01    3.808e-02      10.82s       7         
153  7.230e+00    1.013e+02    6.749e+04      1.100e+01    1.300e+01    3.808e-02      10.94s       7         
154  7.558e+00    3.336e+03    2.682e+05      1.100e+01    1.300e+01    3.808e-02      10.26s       7         
155  7.750e+00    4.863e+02    6.389e+01      1.100e+01    1.300e+01    3.808e-02      9.59s        7         
156  7.660e+00    9.611e+06    2.023e+03      1.100e+01    1.300e+01    3.808e-02      8.77s        7         
157  7.673e+00    7.132e+03    2.313e+04      1.100e+01    1.300e+01    3.808e-02      10.42s       7         
158  7.980e+00    1.531e+06    3.780e+02      1.100e+01    1.300e+01    3.808e-02      7.98s        7         
159  7.915e+00    1.236e+03    3.569e+01      1.100e+01    1.300e+01    3.808e-02      7.38s        7         
160  7.673e+00    1.534e+05    5.843e+04      1.100e+01    1.300e+01    3.808e-02      7.01s        7         
161  7.478e+00    2.735e+04    3.914e+04      1.100e+01    1.300e+01    3.808e-02      6.58s        7         
162  7.480e+00    1.427e+04    1.152e+05      1.100e+01    1.300e+01    3.808e-02      6.35s        7         
163  7.660e+00    7.669e+03    8.626e+05      1.100e+01    1.300e+01    3.808e-02      5.80s        7         
164  7.555e+00    2.449e+03    7.003e+04      1.100e+01    1.300e+01    3.808e-02      5.04s        7         
165  7.575e+00    4.336e+08    3.833e+03      1.100e+01    1.300e+01    3.808e-02      4.35s        7         
166  7.473e+00    6.752e+01    3.576e+01      1.100e+01    1.300e+01    3.808e-02      4.03s        7         
167  7.435e+00    7.584e+04    4.287e+04      1.100e+01    1.300e+01    3.808e-02      3.47s        7         
168  7.805e+00    5.278e+04    4.932e+04      1.100e+01    1.300e+01    3.808e-02      2.94s        7         
169  7.475e+00    2.164e+02    1.549e+02      1.100e+01    1.300e+01    3.808e-02      2.50s        7         
170  7.357e+00    2.546e+01    4.003e+05      1.100e+01    1.300e+01    3.808e-02      1.97s        7         
171  7.497e+00    3.517e+03    1.279e+06      1.100e+01    1.300e+01    3.808e-02      1.53s        7         
172  8.047e+00    1.279e+03    3.617e+01      1.100e+01    1.300e+01    3.808e-02      0.98s        7         
173  7.565e+00    3.044e+04    1.121e+02      1.100e+01    1.300e+01    3.808e-02      0.49s        7         
174  7.830e+00    1.172e+06    1.833e+03      1.100e+01    1.300e+01    3.808e-02      0.00s        7         
175  7.607e+00    5.147e+02    2.056e+04      1.100e+01    1.300e+01    3.808e-02      14.23s       7         
176  7.340e+00    6.310e+02    7.853e+01      1.100e+01    1.300e+01    3.808e-02      11.51s       7         
177  7.820e+00    5.093e+03    5.425e+04      1.100e+01    1.300e+01    3.808e-02      11.28s       7         
178  7.442e+00    1.026e+03    4.662e+05      1.100e+01    1.300e+01    3.808e-02      10.54s       7         
179  7.433e+00    3.227e+02    4.545e+01      1.100e+01    1.300e+01    3.808e-02      10.01s       7         
180  7.415e+00    1.459e+03    1.140e+03      1.100e+01    1.300e+01    3.808e-02      9.14s        7         
181  7.857e+00    1.968e+08    2.899e+04      1.100e+01    1.300e+01    3.808e-02      9.00s        7         
182  7.452e+00    1.053e+07    9.017e+05      1.100e+01    1.300e+01    3.808e-02      9.09s        7         
183  7.555e+00    4.393e+05    3.626e+01      1.100e+01    1.300e+01    3.808e-02      7.94s        7         
184  7.683e+00    1.267e+04    1.616e+03      1.100e+01    1.300e+01    3.808e-02      7.67s        7         
185  7.415e+00    6.594e+03    5.502e+05      1.100e+01    1.300e+01    3.808e-02      6.92s        7         
186  7.465e+00    7.164e+03    5.760e+01      1.100e+01    1.300e+01    3.808e-02      6.72s        7         
187  8.023e+00    1.550e+05    4.008e+08      1.100e+01    1.300e+01    3.808e-02      6.39s        7         
188  7.978e+00    3.233e+06    1.484e+02      1.100e+01    1.300e+01    3.808e-02      5.52s        7         
189  7.620e+00    4.791e+03    4.272e+04      1.100e+01    1.300e+01    3.808e-02      5.01s        7         
190  7.378e+00    4.557e+03    3.044e+02      1.100e+01    1.300e+01    3.808e-02      4.65s        7         
191  7.357e+00    1.430e+02    4.193e+05      1.100e+01    1.300e+01    3.808e-02      3.89s        7         
192  7.848e+00    3.152e+05    2.363e+05      1.100e+01    1.300e+01    3.808e-02      4.18s        7         
193  7.685e+00    5.319e+02    3.705e+05      1.100e+01    1.300e+01    3.808e-02      2.97s        7         
194  7.645e+00    3.583e+04    4.902e+04      1.100e+01    1.300e+01    3.808e-02      2.51s        7         
195  7.510e+00    3.460e+06    1.357e+03      1.100e+01    1.300e+01    3.808e-02      2.17s        7         
196  7.665e+00    9.146e+04    1.070e+05      1.100e+01    1.300e+01    3.808e-02      1.57s        7         
197  7.393e+00    4.050e+04    1.121e+02      1.100e+01    1.300e+01    3.808e-02      1.03s        7         
198  7.923e+00    1.350e+06    1.591e+11      1.100e+01    1.300e+01    3.808e-02      0.54s        7         
199  7.787e+00    3.444e+08    5.808e+02      1.100e+01    1.300e+01    3.808e-02      0.00s        7         
200  7.425e+00    2.670e+05    1.562e+04      1.100e+01    1.300e+01    3.808e-02      12.10s       7         
201  8.322e+00    3.227e+13    5.220e+06      1.100e+01    1.300e+01    3.808e-02      12.07s       7         
202  7.803e+00    1.141e+11    5.146e+05      1.100e+01    1.300e+01    3.808e-02      11.20s       7         
203  7.442e+00    1.169e+04    9.939e+03      1.100e+01    1.300e+01    3.808e-02      10.79s       7         
204  7.982e+00    8.665e+09    3.506e+03      1.100e+01    1.300e+01    3.808e-02      9.94s        7         
205  7.490e+00    1.967e+08    7.004e+01      1.100e+01    1.300e+01    3.808e-02      9.30s        7         
206  7.635e+00    2.126e+04    1.657e+02      1.100e+01    1.300e+01    3.808e-02      9.11s        7         
207  7.130e+00    3.502e+04    2.459e+02      1.100e+01    1.300e+01    3.808e-02      8.42s        7         
208  7.545e+00    3.714e+01    4.674e+03      1.100e+01    1.300e+01    3.808e-02      7.92s        7         
209  7.765e+00    9.212e+08    1.532e+03      1.100e+01    1.300e+01    3.808e-02      7.55s        7         
210  7.585e+00    1.442e+07    7.538e+04      1.100e+01    1.300e+01    3.808e-02      8.36s        7         
211  7.548e+00    1.733e+12    2.085e+05      1.100e+01    1.300e+01    3.808e-02      6.60s        7         
212  7.473e+00    1.744e+04    1.178e+05      1.100e+01    1.300e+01    3.808e-02      6.07s        7         
213  7.405e+00    6.273e+02    3.764e+01      1.100e+01    1.300e+01    3.808e-02      5.62s        7         
214  7.522e+00    1.207e+05    5.614e+03      1.100e+01    1.300e+01    3.808e-02      4.97s        7         
215  7.418e+00    1.916e+06    1.385e+06      1.100e+01    1.300e+01    3.808e-02      4.66s        7         
216  7.888e+00    1.003e+06    1.565e+04      1.100e+01    1.300e+01    3.808e-02      4.01s        7         
217  7.638e+00    7.899e+02    4.886e+04      1.100e+01    1.300e+01    3.808e-02      3.46s        7         
218  7.162e+00    4.899e+02    9.763e+01      1.100e+01    1.300e+01    3.808e-02      2.92s        7         
219  7.768e+00    2.396e+14    9.603e+02      1.100e+01    1.300e+01    3.808e-02      2.55s        7         
220  7.665e+00    4.491e+08    2.564e+12      1.100e+01    1.300e+01    3.808e-02      2.01s        7         
221  7.920e+00    1.584e+08    1.988e+02      1.100e+01    1.300e+01    3.808e-02      1.52s        7         
222  7.820e+00    3.081e+04    4.556e+09      1.100e+01    1.300e+01    3.808e-02      1.03s        7         
223  8.030e+00    1.172e+04    2.759e+05      1.100e+01    1.300e+01    3.808e-02      0.53s        7         
224  7.452e+00    1.736e+02    7.551e+05      1.100e+01    1.300e+01    3.808e-02      0.00s        7         
225  7.515e+00    9.026e+07    1.189e+02      1.100e+01    1.300e+01    3.808e-02      11.75s       6         
226  7.832e+00    1.358e+07    1.776e+04      1.100e+01    1.300e+01    3.808e-02      11.97s       6         
227  7.768e+00    5.895e+05    1.014e+02      1.100e+01    1.300e+01    3.808e-02      13.24s       6         
228  8.035e+00    2.907e+02    6.906e+01      1.100e+01    1.300e+01    3.808e-02      10.74s       6         
229  8.065e+00    1.241e+06    9.276e+05      1.100e+01    1.300e+01    3.808e-02      10.15s       6         
230  7.907e+00    2.280e+04    5.208e+01      1.100e+01    1.300e+01    3.808e-02      9.76s        6         
231  7.895e+00    6.901e+02    1.242e+02      1.100e+01    1.300e+01    3.808e-02      9.04s        6         
232  7.628e+00    3.450e+03    1.790e+05      1.100e+01    1.300e+01    3.808e-02      8.65s        6         
233  8.127e+00    5.553e+05    4.708e+08      1.100e+01    1.300e+01    3.808e-02      8.40s        6         
234  7.888e+00    8.368e+02    2.112e+05      1.100e+01    1.300e+01    3.808e-02      7.46s        6         
235  8.072e+00    1.004e+03    7.956e+09      1.100e+01    1.300e+01    3.808e-02      7.30s        6         
236  7.890e+00    8.249e+05    5.393e+01      1.100e+01    1.300e+01    3.808e-02      6.66s        6         
237  7.650e+00    1.161e+03    7.190e+01      1.100e+01    1.300e+01    3.808e-02      6.36s        6         
238  8.060e+00    5.584e+02    7.518e+04      1.100e+01    1.300e+01    3.808e-02      5.69s        6         
239  7.685e+00    1.019e+02    7.994e+13      1.100e+01    1.300e+01    3.808e-02      4.84s        6         
240  8.037e+00    6.192e+02    5.790e+01      1.100e+01    1.300e+01    3.808e-02      4.66s        6         
241  7.925e+00    7.753e+03    9.190e+02      1.100e+01    1.300e+01    3.808e-02      4.23s        6         
242  7.875e+00    5.342e+03    3.722e+01      1.100e+01    1.300e+01    3.808e-02      3.45s        6         
243  7.713e+00    3.236e+02    1.032e+02      1.100e+01    1.300e+01    3.808e-02      3.09s        6         
244  7.520e+00    1.492e+03    1.379e+05      1.100e+01    1.300e+01    3.808e-02      2.52s        6         
245  7.615e+00    2.949e+03    2.748e+05      1.100e+01    1.300e+01    3.808e-02      2.05s        6         
246  7.770e+00    5.066e+02    1.983e+06      1.100e+01    1.300e+01    3.808e-02      1.79s        6         
247  7.942e+00    1.086e+03    1.237e+05      1.100e+01    1.300e+01    3.808e-02      1.00s        6         
248  8.350e+00    7.357e+06    2.999e+04      1.100e+01    1.300e+01    3.808e-02      0.51s        6         
249  7.585e+00    1.208e+03    5.582e+05      1.100e+01    1.300e+01    3.808e-02      0.00s        6         
250  8.137e+00    1.080e+06    4.660e+01      1.100e+01    1.300e+01    3.808e-02      12.49s       6         
251  7.920e+00    4.743e+05    1.173e+06      1.100e+01    1.300e+01    3.808e-02      11.68s       6         
252  7.820e+00    1.703e+04    6.186e+05      1.100e+01    1.300e+01    3.808e-02      11.41s       6         
253  8.145e+00    9.511e+06    1.097e+03      1.100e+01    1.300e+01    3.808e-02      11.53s       6         
254  7.685e+00    4.532e+03    7.944e+04      1.100e+01    1.300e+01    3.808e-02      10.12s       6         
255  7.805e+00    4.581e+03    4.672e+01      1.100e+01    1.300e+01    3.808e-02      9.71s        6         
256  7.808e+00    4.707e+02    7.768e+01      1.100e+01    1.300e+01    3.808e-02      9.39s        6         
257  7.662e+00    3.949e+05    2.197e+05      1.100e+01    1.300e+01    3.808e-02      8.52s        6         
258  8.027e+00    4.790e+05    9.001e+04      1.100e+01    1.300e+01    3.808e-02      8.28s        6         
259  7.885e+00    8.961e+04    1.027e+02      1.100e+01    1.300e+01    3.808e-02      8.07s        6         
260  8.062e+00    1.364e+04    4.890e+04      1.100e+01    1.300e+01    3.808e-02      7.02s        6         
261  8.195e+00    1.011e+03    1.215e+02      1.100e+01    1.300e+01    3.808e-02      6.62s        6         
262  8.193e+00    1.437e+05    2.834e+03      1.100e+01    1.300e+01    3.808e-02      6.16s        6         
263  8.610e+00    5.856e+06    4.138e+07      1.100e+01    1.300e+01    3.808e-02      6.57s        6         
264  7.895e+00    2.084e+05    3.582e+04      1.100e+01    1.300e+01    3.808e-02      5.25s        6         
265  7.840e+00    6.525e+02    3.569e+04      1.100e+01    1.300e+01    3.808e-02      4.74s        6         
266  7.685e+00    2.645e+04    4.704e+04      1.100e+01    1.300e+01    3.808e-02      4.05s        6         
267  7.800e+00    2.501e+05    8.579e+01      1.100e+01    1.300e+01    3.808e-02      3.48s        6         
268  8.160e+00    3.136e+05    1.929e+05      1.100e+01    1.700e+01    3.370e-02      3.13s        7         
269  7.918e+00    5.841e+01    2.716e+04      1.100e+01    1.700e+01    3.370e-02      2.59s        7         
270  8.740e+00    4.639e+06    3.588e+05      1.100e+01    1.700e+01    3.370e-02      2.04s        7         
271  8.160e+00    5.480e+02    3.874e+04      1.100e+01    1.700e+01    3.370e-02      1.50s        7         
272  8.273e+00    1.831e+02    7.378e+03      1.100e+01    1.700e+01    3.370e-02      1.02s        7         
273  8.297e+00    7.918e+02    5.201e+01      1.100e+01    1.700e+01    3.370e-02      0.55s        7         
274  8.440e+00    2.580e+06    5.031e+04      1.100e+01    1.700e+01    3.370e-02      0.00s        7         
275  8.100e+00    4.382e+02    3.934e+04      1.100e+01    1.700e+01    3.370e-02      12.42s       7         
276  8.578e+00    8.915e+07    1.267e+03      1.100e+01    1.700e+01    3.370e-02      12.09s       7         
277  8.227e+00    1.090e+04    1.104e+05      1.100e+01    1.700e+01    3.370e-02      11.87s       7         
278  8.400e+00    2.647e+03    9.042e+02      1.100e+01    1.700e+01    3.370e-02      10.82s       7         
279  8.533e+00    3.173e+05    9.059e+08      1.100e+01    1.700e+01    3.370e-02      12.78s       7         
280  8.405e+00    3.576e+05    8.582e+03      1.100e+01    1.700e+01    3.370e-02      9.50s        7         
281  8.943e+00    1.096e+07    6.111e+07      1.100e+01    1.700e+01    3.370e-02      9.38s        7         
282  8.793e+00    8.179e+09    2.663e+06      1.100e+01    1.700e+01    3.370e-02      8.93s        7         
283  8.400e+00    7.196e+07    3.436e+04      1.100e+01    1.700e+01    3.370e-02      8.55s        7         
284  8.470e+00    4.498e+02    1.186e+04      1.100e+01    1.700e+01    3.370e-02      8.05s        7         
285  8.690e+00    1.770e+03    8.032e+01      1.100e+01    1.700e+01    3.370e-02      7.46s        7         
286  8.457e+00    1.340e+03    2.642e+05      1.100e+01    1.700e+01    3.370e-02      6.66s        7         
287  8.215e+00    2.903e+03    4.650e+04      1.100e+01    1.700e+01    3.370e-02      6.23s        7         
288  8.480e+00    8.178e+04    1.556e+05      1.100e+01    1.700e+01    3.370e-02      5.72s        7         
289  8.015e+00    1.240e+04    9.240e+01      1.100e+01    1.700e+01    3.370e-02      5.51s        7         
290  8.650e+00    1.065e+07    8.023e+03      1.100e+01    1.700e+01    3.370e-02      5.01s        7         
291  8.415e+00    1.204e+06    3.954e+02      1.100e+01    1.700e+01    3.370e-02      4.24s        7         
292  8.425e+00    2.953e+03    4.660e+01      1.100e+01    1.700e+01    3.370e-02      3.59s        7         
293  8.565e+00    5.034e+04    9.017e+03      1.100e+01    1.700e+01    3.370e-02      3.18s        7         
294  8.420e+00    6.943e+02    5.318e+06      1.100e+01    1.700e+01    3.370e-02      2.64s        7         
295  8.658e+00    7.371e+03    3.142e+02      1.100e+01    1.700e+01    3.370e-02      2.11s        7         
296  8.662e+00    2.352e+03    2.309e+04      1.100e+01    1.700e+01    3.370e-02      1.66s        7         
297  8.485e+00    2.035e+05    1.144e+02      1.100e+01    1.700e+01    3.370e-02      1.27s        7         
298  8.367e+00    1.374e+02    1.322e+02      1.100e+01    1.700e+01    3.370e-02      0.52s        7         
299  8.342e+00    2.996e+02    2.514e+02      1.100e+01    1.700e+01    3.370e-02      0.00s        7         
300  8.505e+00    1.319e+05    5.570e+04      1.100e+01    1.700e+01    3.239e-02      12.98s       7         
301  8.912e+00    3.388e+03    8.816e+03      1.100e+01    1.700e+01    3.239e-02      11.72s       7         
302  8.482e+00    2.518e+02    6.202e+01      1.100e+01    1.700e+01    3.239e-02      11.56s       7         
303  8.600e+00    5.030e+04    2.280e+04      1.100e+01    1.700e+01    3.239e-02      11.00s       7         
304  7.883e+00    5.953e+02    3.370e+05      1.100e+01    1.700e+01    3.239e-02      10.56s       7         
305  8.418e+00    1.803e+03    1.352e+05      1.100e+01    1.700e+01    3.239e-02      10.14s       7         
306  8.242e+00    1.041e+07    1.189e+05      1.100e+01    1.700e+01    3.239e-02      9.26s        7         
307  8.357e+00    2.782e+06    3.360e+05      1.100e+01    1.700e+01    3.239e-02      8.92s        7         
308  8.557e+00    6.561e+05    1.006e+02      1.100e+01    1.700e+01    3.239e-02      8.27s        7         
309  8.870e+00    1.666e+07    2.844e+06      1.100e+01    1.700e+01    3.239e-02      7.97s        7         
310  8.568e+00    1.222e+02    6.448e+05      1.100e+01    1.700e+01    3.239e-02      7.64s        7         
311  8.643e+00    5.571e+15    1.399e+05      1.100e+01    1.700e+01    3.239e-02      7.08s        7         
312  8.840e+00    6.013e+06    1.960e+01      1.100e+01    1.700e+01    3.239e-02      6.68s        7         
313  8.185e+00    3.940e+02    4.670e+05      1.100e+01    1.700e+01    3.239e-02      5.77s        7         
314  8.120e+00    3.518e+01    6.035e+02      1.100e+01    1.700e+01    3.239e-02      6.25s        7         
315  8.307e+00    1.378e+08    1.036e+15      1.100e+01    1.700e+01    3.239e-02      4.43s        7         
316  8.648e+00    1.540e+03    1.528e+05      1.100e+01    1.700e+01    3.239e-02      4.20s        7         
317  8.488e+00    1.231e+03    4.181e+04      1.100e+01    1.700e+01    3.239e-02      3.73s        7         
318  8.825e+00    1.580e+07    1.656e+05      1.100e+01    1.700e+01    3.239e-02      3.18s        7         
319  8.170e+00    5.621e+02    2.337e+02      1.100e+01    1.700e+01    3.239e-02      2.62s        7         
320  8.533e+00    1.064e+04    4.638e+04      1.100e+01    1.700e+01    3.239e-02      2.09s        7         
321  8.080e+00    4.982e+03    4.832e+01      1.100e+01    1.700e+01    3.239e-02      1.60s        7         
322  8.405e+00    5.853e+06    5.918e+04      1.100e+01    1.700e+01    3.239e-02      1.03s        7         
323  8.438e+00    4.838e+07    3.265e+02      1.100e+01    1.700e+01    3.239e-02      0.51s        7         
324  8.440e+00    3.325e+03    2.678e+05      1.100e+01    1.700e+01    3.239e-02      0.00s        7         
325  8.365e+00    3.273e+02    5.272e+03      1.100e+01    1.700e+01    3.239e-02      12.87s       7         
326  8.252e+00    1.256e+03    8.208e+04      1.100e+01    1.700e+01    3.239e-02      12.19s       7         
327  8.805e+00    1.126e+04    1.240e+06      1.100e+01    1.700e+01    3.239e-02      11.91s       7         
328  8.617e+00    3.313e+04    2.700e+07      1.100e+01    1.700e+01    3.239e-02      10.81s       7         
329  8.370e+00    1.604e+13    1.830e+05      1.100e+01    1.700e+01    3.239e-02      10.79s       7         
330  8.557e+00    4.986e+06    7.750e+01      1.100e+01    1.700e+01    3.239e-02      12.29s       7         
331  8.342e+00    5.197e+01    8.705e+04      1.100e+01    1.700e+01    3.239e-02      9.68s        7         
332  8.518e+00    8.112e+08    6.222e+03      1.100e+01    1.700e+01    3.239e-02      8.70s        7         
333  8.525e+00    1.073e+04    7.461e+04      1.100e+01    1.700e+01    3.190e-02      8.76s        7         
334  8.730e+00    3.784e+12    1.540e+04      1.100e+01    1.700e+01    3.190e-02      8.09s        7         
335  8.262e+00    1.266e+03    4.878e+01      1.100e+01    1.700e+01    3.190e-02      7.36s        7         
336  8.485e+00    7.451e+03    1.156e+02      1.100e+01    1.700e+01    3.190e-02      7.21s        7         
337  8.227e+00    5.797e+01    1.209e+05      1.100e+01    1.700e+01    3.190e-02      6.30s        7         
338  8.398e+00    9.688e+12    4.457e+10      1.100e+01    1.700e+01    3.190e-02      6.01s        7         
339  8.650e+00    3.805e+03    1.098e+03      1.100e+01    1.700e+01    3.190e-02      5.29s        7         
340  8.418e+00    8.415e+03    1.194e+09      1.100e+01    1.700e+01    3.190e-02      4.96s        7         
341  8.863e+00    1.979e+08    1.045e+06      1.100e+01    1.700e+01    3.190e-02      4.48s        7         
342  8.418e+00    1.161e+02    3.272e+04      1.100e+01    1.700e+01    3.190e-02      3.75s        7         
343  8.460e+00    1.627e+10    4.142e+05      1.100e+01    1.700e+01    3.190e-02      3.34s        7         
344  8.655e+00    1.826e+02    3.248e+04      1.100e+01    1.700e+01    3.190e-02      2.80s        7         
345  8.470e+00    8.410e+05    1.729e+05      1.100e+01    1.700e+01    3.190e-02      2.18s        7         
346  8.085e+00    3.587e+01    2.091e+01      1.100e+01    1.700e+01    3.190e-02      1.92s        7         
347  8.325e+00    3.486e+03    7.256e+08      1.100e+01    1.700e+01    3.190e-02      1.06s        7         
348  8.357e+00    1.058e+04    1.600e+05      1.100e+01    1.700e+01    3.190e-02      0.54s        7         
349  8.283e+00    1.347e+04    1.709e+05      1.100e+01    1.700e+01    3.190e-02      0.00s        8         
350  8.615e+00    4.488e+03    3.520e+05      1.100e+01    1.700e+01    3.190e-02      12.74s       8         
351  8.840e+00    1.204e+10    3.524e+02      1.100e+01    1.700e+01    3.190e-02      12.48s       8         
352  8.655e+00    7.785e+10    2.117e+04      1.100e+01    1.700e+01    3.190e-02      12.02s       8         
353  8.420e+00    7.485e+08    3.199e+04      1.100e+01    1.700e+01    3.190e-02      11.50s       8         
354  8.338e+00    6.861e+03    5.746e+04      1.100e+01    1.700e+01    3.190e-02      10.87s       8         
355  8.748e+00    4.674e+03    1.890e+05      1.100e+01    1.700e+01    3.190e-02      10.66s       8         
356  8.680e+00    8.655e+12    1.227e+04      1.100e+01    1.700e+01    3.190e-02      10.01s       8         
357  9.135e+00    8.160e+11    1.778e+04      1.100e+01    1.700e+01    3.190e-02      9.42s        8         
358  8.857e+00    3.477e+02    1.749e+05      1.100e+01    1.700e+01    3.190e-02      8.99s        8         
359  8.580e+00    2.942e+04    4.229e+04      1.100e+01    1.700e+01    3.190e-02      8.02s        8         
360  8.627e+00    7.093e+04    3.661e+02      1.100e+01    1.700e+01    3.190e-02      7.65s        8         
361  8.652e+00    4.274e+02    6.907e+04      1.100e+01    1.700e+01    3.190e-02      7.35s        8         
362  9.045e+00    5.009e+09    5.409e+04      1.100e+01    1.700e+01    3.190e-02      6.46s        8         
363  8.883e+00    2.274e+07    1.530e+07      1.100e+01    1.700e+01    3.190e-02      6.84s        8         
364  8.330e+00    4.660e+03    2.005e+03      1.100e+01    1.700e+01    3.190e-02      5.40s        8         
365  8.505e+00    1.180e+04    8.910e+04      1.100e+01    1.700e+01    3.190e-02      4.80s        8         
366  8.492e+00    3.374e+03    3.749e+05      1.100e+01    1.700e+01    3.190e-02      4.27s        8         
367  8.925e+00    2.422e+05    6.869e+04      1.100e+01    1.700e+01    3.190e-02      3.82s        8         
368  8.783e+00    1.935e+04    5.951e+04      1.100e+01    1.700e+01    3.190e-02      3.28s        8         
369  8.367e+00    1.426e+03    6.683e+04      1.100e+01    1.700e+01    3.190e-02      2.65s        8         
370  8.508e+00    3.295e+05    5.140e+03      1.100e+01    1.700e+01    3.190e-02      2.19s        8         
371  9.002e+00    2.596e+06    1.775e+04      1.100e+01    1.700e+01    3.190e-02      1.72s        8         
372  8.830e+00    1.015e+06    6.302e+04      1.100e+01    1.700e+01    3.190e-02      1.10s        8         
373  8.547e+00    6.057e+01    1.143e+02      1.100e+01    1.700e+01    3.190e-02      0.56s        8         
374  8.928e+00    1.431e+06    3.550e+06      1.100e+01    1.700e+01    3.190e-02      0.00s        8         
375  8.370e+00    3.604e+01    2.016e+03      1.100e+01    1.700e+01    3.190e-02      13.03s       8         
376  8.463e+00    3.314e+02    8.145e+01      1.100e+01    1.700e+01    3.190e-02      12.46s       8         
377  8.242e+00    6.307e+04    3.087e+05      1.100e+01    1.700e+01    3.190e-02      12.11s       8         
378  8.585e+00    7.577e+02    6.267e+04      1.100e+01    1.700e+01    3.190e-02      11.53s       8         
379  8.557e+00    1.727e+08    9.491e+10      1.100e+01    1.700e+01    3.190e-02      12.57s       8         
380  8.453e+00    6.248e+06    6.785e+03      1.100e+01    1.700e+01    3.190e-02      10.29s       8         
381  8.582e+00    2.448e+05    1.439e+04      1.100e+01    1.700e+01    3.190e-02      9.76s        8         
382  8.857e+00    2.052e+03    2.562e+05      1.100e+01    1.700e+01    3.190e-02      9.36s        8         
383  9.070e+00    2.772e+05    3.206e+04      1.100e+01    1.700e+01    3.190e-02      9.46s        8         
384  8.625e+00    1.773e+06    2.663e+08      1.100e+01    1.700e+01    3.190e-02      8.23s        8         
385  8.605e+00    8.997e+05    7.195e+02      1.100e+01    1.700e+01    3.190e-02      7.88s        8         
386  8.395e+00    2.189e+02    6.881e+01      1.100e+01    1.700e+01    3.190e-02      7.20s        8         
387  8.488e+00    5.692e+01    3.223e+03      1.100e+01    1.700e+01    3.190e-02      6.67s        8         
388  8.648e+00    5.986e+02    1.818e+06      1.100e+01    1.700e+01    3.190e-02      6.09s        8         
389  8.460e+00    2.421e+03    1.307e+05      1.100e+01    1.700e+01    3.190e-02      5.68s        8         
390  8.947e+00    2.167e+04    3.709e+03      1.100e+01    1.700e+01    3.190e-02      4.89s        8         
391  8.385e+00    9.609e+01    4.007e+01      1.100e+01    1.700e+01    3.190e-02      4.44s        8         
392  8.775e+00    3.804e+03    6.276e+02      1.100e+01    1.700e+01    3.190e-02      3.84s        8         
393  8.695e+00    9.365e+04    1.279e+07      1.100e+01    1.700e+01    3.190e-02      3.21s        8         
394  8.438e+00    4.206e+03    4.016e+05      1.100e+01    1.700e+01    3.190e-02      2.79s        8         
395  8.732e+00    4.412e+03    1.116e+02      1.100e+01    1.700e+01    3.190e-02      2.60s        8         
396  8.467e+00    3.186e+02    1.240e+05      1.100e+01    1.700e+01    3.190e-02      1.66s        8         
397  8.325e+00    1.464e+04    4.458e+01      1.100e+01    1.700e+01    3.190e-02      1.09s        8         
398  8.655e+00    6.633e+06    1.342e+05      1.700e+01    2.000e+01    3.184e-02      0.52s        9         
399  9.562e+00    2.182e+03    1.806e+09      1.700e+01    2.000e+01    3.184e-02      0.00s        9         
400  9.710e+00    1.301e+03    2.571e+04      1.700e+01    2.000e+01    3.184e-02      13.59s       9         
401  9.428e+00    9.222e+01    7.063e+04      2.300e+01    2.300e+01    3.181e-02      12.86s       10        
402  1.053e+01    2.559e+07    4.904e+09      2.300e+01    2.300e+01    3.181e-02      12.57s       10        
403  1.094e+01    8.036e+04    3.068e+06      2.300e+01    2.300e+01    3.181e-02      12.27s       10        
404  1.082e+01    3.014e+02    2.824e+09      2.300e+01    2.300e+01    3.181e-02      11.34s       10        
405  1.044e+01    2.659e+03    1.322e+02      2.900e+01    2.600e+01    3.179e-02      11.46s       11        
406  1.235e+01    1.712e+07    5.502e+05      2.500e+01    2.800e+01    2.987e-02      10.76s       12        
407  1.386e+01    1.149e+08    8.392e+05      2.500e+01    2.800e+01    2.987e-02      10.40s       12        
408  1.320e+01    1.070e+04    3.497e+03      2.500e+01    2.800e+01    2.987e-02      9.31s        12        
409  1.287e+01    4.323e+02    7.389e+01      2.500e+01    2.800e+01    2.987e-02      9.24s        12        
410  1.378e+01    2.151e+02    7.163e+01      2.500e+01    2.800e+01    2.987e-02      9.65s        12        
411  1.420e+01    1.327e+07    5.238e+04      3.100e+01    3.100e+01    2.976e-02      7.75s        13        
412  1.504e+01    4.320e+03    1.564e+04      3.100e+01    3.100e+01    2.976e-02      7.46s        13        
413  1.438e+01    8.502e+09    1.096e+05      1.900e+01    2.500e+01    2.921e-02      6.84s        11        
414  1.271e+01    5.964e+02    2.139e+04      1.900e+01    2.500e+01    2.921e-02      5.99s        11        
415  1.212e+01    1.200e+02    4.718e+10      1.900e+01    2.500e+01    2.921e-02      5.42s        11        
416  1.188e+01    1.698e+10    1.589e+02      3.100e+01    3.100e+01    2.895e-02      4.64s        12        
417  1.334e+01    6.497e+06    1.701e+13      3.300e+01    4.600e+01    2.845e-02      4.25s        13        
418  1.480e+01    3.124e+04    1.619e+03      3.300e+01    4.600e+01    2.845e-02      3.81s        13        
419  1.484e+01    6.411e+09    9.784e+03      2.100e+01    4.000e+01    2.824e-02      3.28s        14        
420  1.525e+01    1.707e+04    1.217e+05      2.100e+01    4.000e+01    2.824e-02      2.49s        14        
421  1.500e+01    5.707e+09    8.253e+05      2.100e+01    4.000e+01    2.824e-02      1.85s        15        
422  1.598e+01    4.271e+05    2.409e+05      2.100e+01    4.000e+01    2.824e-02      1.31s        15        
423  1.679e+01    1.412e+05    2.363e+02      2.100e+01    4.000e+01    2.824e-02      0.65s        15        
424  1.563e+01    3.064e+06    5.193e+01      2.100e+01    4.000e+01    2.824e-02      0.00s        15        
425  1.607e+01    1.903e+03    3.962e+02      2.100e+01    4.000e+01    2.824e-02      18.01s       15        
426  1.682e+01    1.374e+05    1.120e+04      2.100e+01    4.000e+01    2.824e-02      15.16s       15        
427  1.583e+01    1.264e+05    2.205e+05      2.100e+01    4.000e+01    2.824e-02      14.23s       15        
428  1.582e+01    1.022e+05    1.131e+02      2.100e+01    4.000e+01    2.824e-02      13.79s       15        
429  1.637e+01    1.676e+02    2.433e+02      2.100e+01    4.000e+01    2.824e-02      12.80s       15        
430  1.590e+01    1.584e+08    2.977e+02      2.100e+01    4.000e+01    2.824e-02      12.31s       15        
431  1.640e+01    3.908e+06    7.193e+05      2.100e+01    4.000e+01    2.824e-02      11.42s       15        
432  1.668e+01    3.731e+05    1.416e+03      2.100e+01    4.000e+01    2.824e-02      11.76s       12        
433  1.345e+01    2.311e+10    9.944e+03      2.100e+01    4.000e+01    2.824e-02      9.61s        12        
434  1.290e+01    7.133e+11    5.322e+05      2.100e+01    4.000e+01    2.824e-02      9.15s        12        
435  1.257e+01    3.070e+07    8.946e+02      2.100e+01    4.000e+01    2.824e-02      8.41s        12        
436  1.264e+01    2.993e+04    9.445e+10      2.100e+01    4.000e+01    2.824e-02      7.83s        12        
437  1.292e+01    4.327e+03    4.722e+01      2.100e+01    4.000e+01    2.824e-02      7.33s        12        
438  1.237e+01    2.099e+07    2.389e+05      2.100e+01    4.000e+01    2.824e-02      6.59s        12        
439  1.310e+01    1.577e+04    1.561e+02      2.100e+01    4.000e+01    2.824e-02      6.02s        12        
440  1.243e+01    2.572e+04    7.241e+13      2.100e+01    4.000e+01    2.824e-02      6.38s        12        
441  1.298e+01    2.865e+06    1.495e+10      2.100e+01    4.000e+01    2.824e-02      4.76s        12        
442  1.287e+01    9.898e+02    1.211e+02      2.100e+01    4.000e+01    2.824e-02      4.32s        12        
443  1.246e+01    1.719e+03    1.401e+04      2.100e+01    4.000e+01    2.824e-02      3.60s        12        
444  1.272e+01    3.507e+06    1.856e+04      2.100e+01    4.000e+01    2.824e-02      2.97s        12        
445  1.334e+01    3.749e+03    1.844e+05      2.100e+01    4.000e+01    2.824e-02      2.46s        12        
446  1.270e+01    1.671e+06    4.643e+01      2.100e+01    4.000e+01    2.824e-02      1.87s        12        
447  1.281e+01    5.386e+04    9.022e+02      2.100e+01    4.000e+01    2.824e-02      1.22s        12        
448  1.247e+01    2.051e+04    3.480e+04      2.100e+01    4.000e+01    2.824e-02      0.62s        12        
449  1.261e+01    7.849e+06    6.190e+04      2.100e+01    4.000e+01    2.824e-02      0.00s        12        
450  1.294e+01    1.287e+06    4.546e+05      2.100e+01    4.000e+01    2.824e-02      14.76s       12        
451  1.279e+01    1.841e+03    4.452e+03      2.100e+01    4.000e+01    2.824e-02      12.97s       12        
452  1.260e+01    4.635e+02    2.401e+05      2.100e+01    4.000e+01    2.824e-02      13.62s       12        
453  1.201e+01    4.133e+01    5.466e+03      2.100e+01    4.000e+01    2.824e-02      12.59s       12        
454  1.278e+01    8.596e+03    5.627e+03      2.100e+01    4.000e+01    2.824e-02      13.92s       12        
455  1.237e+01    1.147e+12    2.464e+05      2.100e+01    4.000e+01    2.824e-02      11.45s       12        
456  1.248e+01    7.689e+03    6.885e+01      2.100e+01    4.000e+01    2.824e-02      10.30s       12        
457  1.303e+01    8.817e+02    2.635e+07      2.100e+01    4.000e+01    2.824e-02      9.85s        12        
458  1.308e+01    6.394e+03    1.428e+05      2.100e+01    4.000e+01    2.824e-02      9.66s        12        
459  1.251e+01    3.343e+02    2.492e+01      2.100e+01    4.000e+01    2.824e-02      9.16s        12        
460  1.243e+01    8.935e+03    1.510e+05      2.100e+01    4.000e+01    2.824e-02      8.52s        12        
461  1.241e+01    1.851e+07    4.153e+05      2.100e+01    4.000e+01    2.824e-02      7.66s        12        
462  1.319e+01    1.525e+08    3.223e+04      2.100e+01    4.000e+01    2.824e-02      7.22s        12        
463  1.194e+01    1.577e+06    3.066e+03      2.100e+01    4.000e+01    2.824e-02      6.69s        12        
464  1.302e+01    1.094e+05    2.118e+06      2.100e+01    4.000e+01    2.824e-02      6.08s        12        
465  1.181e+01    6.112e+02    1.954e+06      2.100e+01    4.000e+01    2.824e-02      5.47s        12        
466  1.236e+01    1.656e+05    1.241e+05      2.100e+01    4.000e+01    2.824e-02      4.79s        12        
467  1.246e+01    4.986e+03    9.391e+02      2.100e+01    4.000e+01    2.824e-02      4.29s        12        
468  1.255e+01    4.621e+03    2.776e+05      2.100e+01    4.000e+01    2.824e-02      3.60s        12        
469  1.245e+01    1.090e+07    2.967e+04      2.100e+01    4.000e+01    2.824e-02      3.44s        12        
470  1.290e+01    1.066e+05    3.263e+05      2.100e+01    4.000e+01    2.824e-02      2.37s        12        
471  1.276e+01    1.689e+09    1.397e+03      2.100e+01    4.000e+01    2.824e-02      1.82s        12        
472  1.230e+01    1.191e+04    7.094e+01      2.100e+01    4.000e+01    2.824e-02      1.26s        12        
473  1.266e+01    1.944e+03    4.488e+01      1.900e+01    3.900e+01    2.809e-02      0.61s        12        
474  1.249e+01    1.665e+08    1.520e+03      1.900e+01    3.900e+01    2.809e-02      0.00s        13        
475  1.310e+01    9.991e+07    4.306e+02      1.900e+01    3.900e+01    2.809e-02      13.91s       12        
476  1.220e+01    1.481e+04    1.356e+05      1.900e+01    3.900e+01    2.809e-02      13.66s       12        
477  1.207e+01    3.492e+07    1.125e+04      1.900e+01    3.900e+01    2.809e-02      13.07s       12        
478  1.149e+01    4.406e+10    4.420e+04      2.100e+01    8.400e+01    2.807e-02      11.99s       13        
479  1.267e+01    5.578e+02    2.814e+02      2.100e+01    8.400e+01    2.807e-02      11.75s       13        
480  1.287e+01    1.130e+04    7.900e+01      2.100e+01    8.400e+01    2.807e-02      11.29s       14        
481  1.308e+01    1.044e+04    4.480e+02      2.100e+01    8.400e+01    2.807e-02      10.95s       14        
482  1.336e+01    8.456e+01    7.877e+07      2.100e+01    8.400e+01    2.807e-02      10.58s       14        
483  1.325e+01    1.170e+04    3.570e+06      2.300e+01    1.560e+02    2.758e-02      9.74s        15        
484  1.426e+01    6.621e+01    2.127e+04      4.100e+01    4.584e+03    2.694e-02      9.21s        16        
485  1.678e+01    1.867e+04    5.943e+14      4.100e+01    1.992e+03    2.694e-02      10.95s       16        
486  1.627e+01    1.579e+03    4.333e+01      4.100e+01    1.992e+03    2.686e-02      9.05s        18        
487  1.856e+01    6.318e+03    3.936e+04      4.100e+01    1.992e+03    2.686e-02      8.37s        20        
488  1.984e+01    1.162e+05    6.172e+05      4.300e+01    4.454e+04    2.669e-02      7.69s        23        
489  2.209e+01    5.449e+05    1.487e+05      4.900e+01    6.182e+04    2.648e-02      7.28s        25        
490  2.380e+01    6.812e+04    8.154e+05      4.900e+01    6.182e+04    2.648e-02      6.83s        26        
491  2.318e+01    4.214e+04    2.323e+02      4.300e+01    1.430e+04    2.648e-02      6.25s        25        
492  2.246e+01    5.718e+04    6.113e+03      4.300e+01    1.430e+04    2.648e-02      5.24s        25        
493  2.257e+01    4.746e+05    1.145e+04      3.900e+01    1.398e+04    2.638e-02      4.52s        25        
494  2.273e+01    1.462e+04    1.277e+05      4.300e+01    2.100e+03    2.564e-02      3.62s        25        
495  2.345e+01    1.673e+04    1.257e+02      4.300e+01    2.100e+03    2.564e-02      3.03s        19        
496  1.872e+01    4.093e+05    1.874e+02      4.300e+01    2.100e+03    2.564e-02      2.03s        20        
497  1.896e+01    4.710e+04    1.745e+05      4.300e+01    2.154e+03    2.559e-02      1.38s        22        
498  2.059e+01    8.506e+04    3.870e+07      4.300e+01    2.154e+03    2.559e-02      0.71s        22        
499  2.064e+01    7.249e+02    8.825e+04      4.300e+01    2.154e+03    2.559e-02      0.00s        23        





Time: 0h:4m:34s
####   Data for the best program   ####
Best Program: add(sub(sub(add(0.690, mul(sub(X1, X2), 0.191)), mul(mul(mul(0.056, div(X1, sub(add(add(X2, mul(sub(sub(X1, X2), 1.265), 0.183)), mul(add(sub(0.682, X2), X2), X0)), mul(0.055, X2)))), X2), X2)), mul(0.055, X2)), 0.019)
Best Program Complexity: 2154
Raw Fitness: 0.02558927124790603
Penalized Fitness: 0.02558927124790603
Estimator		Train-rmse: 0.02558927124790603	Test-rmse: 0.027589891713770943	Test-R^2: 0.9182882059270058

{'complexity': 'kommenda', 'const_range': (1e-10, 2.0), 'elitism_size': 0, 'function_set': ('add', 'sub', 'div', 'mul'), 'generations': 500, 'init_depth': (3, 6), 'init_method': 'half and half', 'low_memory': True, 'max_samples': 1.0, 'metric': 'rmse', 'n_jobs': 1, 'p_crossover': 0.5, 'p_hoist_mutation': 0.0, 'p_point_mutation': 0.25, 'p_point_replace': 0.05, 'p_subtree_mutation': 0.25, 'paretogp': True, 'paretogp_lengths': (4, 130), 'parsimony_coefficient': 0.0, 'population_size': 800, 'random_state': 1299415273, 'selection': 'tournament', 'stopping_criteria': None, 'tournament_size': 11, 'verbose': 1, 'warm_start': True}
