    |          Population Average          |           Best Individual            |
---- -------------------------------------- -------------------------------------- ----------
Gen  Length       Kommenda     Fitness        Length       Kommenda     Fitness        Time Left    Front Size
0    3.668e+01    9.645e+14    4.029e+14      7.000e+00    1.000e+01    1.523e-01      7.85s        0         
1    1.423e+01    4.985e+12    6.088e+05      3.000e+00    4.000e+00    1.023e-01      18.64s       0         
2    9.447e+00    9.394e+03    2.025e+11      3.000e+00    4.000e+00    1.023e-01      17.68s       0         
3    8.760e+00    9.809e+05    2.859e+04      3.000e+00    4.000e+00    1.023e-01      16.61s       0         
4    7.380e+00    2.534e+05    4.502e+03      1.100e+01    2.200e+01    8.908e-02      14.96s       0         
5    5.122e+00    1.625e+03    1.096e+09      1.100e+01    2.200e+01    8.908e-02      13.24s       0         
6    5.195e+00    4.880e+05    1.611e+02      1.100e+01    2.200e+01    8.908e-02      16.36s       0         
7    5.487e+00    8.379e+04    1.902e+02      1.100e+01    2.200e+01    6.905e-02      11.19s       0         
8    6.357e+00    1.985e+03    3.205e+02      1.100e+01    2.200e+01    6.327e-02      11.02s       0         
9    9.863e+00    2.474e+07    8.111e+05      1.100e+01    1.600e+01    6.211e-02      11.55s       0         
10   1.174e+01    2.062e+07    3.380e+06      1.100e+01    1.600e+01    6.211e-02      11.84s       0         
11   1.188e+01    1.687e+09    4.884e+03      1.100e+01    1.600e+01    4.175e-02      11.36s       0         
12   1.192e+01    3.407e+06    1.581e+04      1.100e+01    1.600e+01    4.175e-02      10.61s       0         
13   1.182e+01    3.620e+04    1.617e+02      1.100e+01    1.600e+01    4.175e-02      9.87s        0         
14   1.150e+01    4.013e+04    2.047e+05      1.100e+01    1.600e+01    4.175e-02      11.58s       0         
15   1.198e+01    8.626e+11    2.861e+03      1.100e+01    1.600e+01    4.175e-02      8.38s        0         
16   1.144e+01    1.522e+07    1.308e+06      1.100e+01    1.600e+01    4.175e-02      7.33s        0         
17   1.140e+01    6.129e+05    3.900e+05      1.100e+01    1.600e+01    4.175e-02      6.53s        0         
18   1.114e+01    1.953e+05    4.078e+02      1.100e+01    1.600e+01    4.175e-02      5.63s        0         
19   1.185e+01    7.549e+02    1.449e+06      1.100e+01    1.600e+01    4.175e-02      4.87s        0         
20   1.147e+01    2.442e+09    1.942e+02      1.100e+01    1.600e+01    4.175e-02      3.85s        0         
21   1.164e+01    7.177e+05    1.421e+06      1.300e+01    2.400e+01    4.102e-02      3.61s        0         
22   1.160e+01    1.027e+05    1.039e+09      1.300e+01    2.400e+01    4.102e-02      1.94s        0         
23   1.165e+01    9.768e+06    3.019e+05      1.300e+01    2.400e+01    4.102e-02      0.97s        0         
24   1.215e+01    5.321e+07    9.648e+04      1.300e+01    2.400e+01    4.102e-02      0.00s        0         
25   1.230e+01    9.376e+03    4.742e+03      1.300e+01    2.400e+01    4.102e-02      23.53s       0         
26   1.281e+01    2.676e+09    5.466e+02      1.300e+01    2.400e+01    4.102e-02      22.28s       0         
27   1.379e+01    6.930e+06    1.732e+02      1.500e+01    4.000e+01    4.055e-02      22.18s       0         
28   1.293e+01    7.137e+03    3.020e+05      1.500e+01    4.000e+01    4.055e-02      26.85s       0         
29   1.324e+01    2.215e+06    1.669e+03      1.500e+01    4.000e+01    4.055e-02      19.85s       0         
30   1.301e+01    6.133e+04    3.083e+05      1.500e+01    4.000e+01    4.055e-02      19.14s       0         
31   1.372e+01    7.952e+05    2.900e+02      1.300e+01    2.400e+01    4.017e-02      18.70s       0         
32   1.454e+01    7.903e+03    5.751e+02      1.300e+01    2.400e+01    4.017e-02      17.22s       0         
33   1.434e+01    1.299e+06    8.657e+09      1.300e+01    2.400e+01    4.017e-02      20.44s       0         
34   1.496e+01    3.437e+06    4.741e+02      1.300e+01    2.400e+01    4.017e-02      15.89s       0         
35   1.509e+01    4.912e+05    3.673e+02      1.100e+01    2.200e+01    4.015e-02      14.82s       0         
36   1.466e+01    1.339e+09    6.521e+04      1.300e+01    2.400e+01    3.700e-02      13.71s       0         
37   1.353e+01    2.867e+03    3.020e+05      1.300e+01    2.400e+01    3.700e-02      12.31s       0         
38   1.330e+01    3.509e+09    2.487e+02      1.300e+01    2.400e+01    3.436e-02      11.10s       0         
39   1.286e+01    2.803e+06    9.676e+04      1.300e+01    2.400e+01    3.436e-02      12.81s       0         
40   1.255e+01    1.124e+04    1.049e+06      1.300e+01    2.400e+01    3.391e-02      9.02s        0         
41   1.292e+01    1.740e+08    7.916e+05      1.300e+01    2.400e+01    3.391e-02      8.28s        0         
42   1.334e+01    4.342e+11    1.022e+06      1.300e+01    2.400e+01    3.391e-02      7.31s        0         
43   1.275e+01    2.762e+02    3.020e+05      1.300e+01    2.400e+01    3.391e-02      6.04s        0         
44   1.311e+01    1.111e+09    5.546e+04      1.300e+01    2.400e+01    3.391e-02      4.88s        0         
45   1.369e+01    1.490e+06    3.718e+02      1.300e+01    2.400e+01    3.389e-02      5.15s        0         
46   1.314e+01    9.736e+05    5.844e+03      1.300e+01    2.400e+01    3.389e-02      3.05s        0         
47   1.344e+01    2.633e+06    4.716e+05      1.300e+01    2.400e+01    3.389e-02      1.99s        0         
48   1.306e+01    2.228e+03    3.826e+05      1.300e+01    2.400e+01    3.389e-02      1.01s        0         
49   1.326e+01    4.664e+04    1.675e+02      1.300e+01    2.400e+01    3.389e-02      0.00s        0         
50   1.320e+01    7.726e+03    4.901e+04      1.300e+01    2.400e+01    3.389e-02      23.85s       0         
51   1.299e+01    2.793e+03    1.172e+02      1.300e+01    2.400e+01    3.389e-02      29.00s       0         
52   1.307e+01    3.768e+02    3.021e+05      1.300e+01    2.400e+01    3.389e-02      21.61s       0         
53   1.307e+01    3.132e+02    3.955e+02      1.300e+01    2.400e+01    3.389e-02      21.18s       0         
54   1.259e+01    2.616e+05    1.359e+03      1.300e+01    2.400e+01    3.389e-02      20.05s       0         
55   1.341e+01    7.367e+08    4.144e+02      1.300e+01    2.400e+01    3.389e-02      19.18s       0         
56   1.323e+01    1.114e+06    1.646e+05      1.300e+01    2.400e+01    3.389e-02      18.48s       0         
57   1.368e+01    1.612e+05    1.886e+02      1.300e+01    2.400e+01    3.389e-02      22.07s       0         
58   1.370e+01    5.183e+07    1.317e+02      1.300e+01    2.400e+01    3.389e-02      16.69s       0         
59   1.315e+01    2.383e+09    7.122e+12      1.300e+01    2.400e+01    3.389e-02      15.14s       0         
60   1.297e+01    4.945e+05    7.068e+02      1.300e+01    2.400e+01    3.389e-02      13.98s       0         
61   1.313e+01    4.380e+04    2.328e+02      1.300e+01    2.400e+01    3.380e-02      12.89s       0         
62   1.332e+01    1.017e+06    1.422e+03      1.300e+01    2.400e+01    3.380e-02      12.18s       0         
63   1.288e+01    1.879e+10    1.591e+02      1.300e+01    2.400e+01    3.380e-02      13.88s       0         
64   1.329e+01    3.815e+09    1.002e+03      1.300e+01    2.400e+01    3.380e-02      10.22s       0         
65   1.307e+01    4.541e+04    4.587e+05      1.300e+01    2.400e+01    3.380e-02      9.06s        0         
66   1.295e+01    4.225e+05    3.718e+05      1.300e+01    2.400e+01    3.380e-02      8.06s        0         
67   1.332e+01    1.153e+04    3.899e+05      1.300e+01    2.400e+01    3.380e-02      6.94s        0         
68   1.305e+01    3.530e+05    2.567e+02      1.300e+01    2.400e+01    3.380e-02      5.82s        0         
69   1.330e+01    1.207e+05    3.689e+02      1.300e+01    2.400e+01    3.380e-02      6.11s        0         
70   1.284e+01    2.307e+04    7.796e+02      1.300e+01    2.400e+01    3.380e-02      4.06s        0         
71   1.303e+01    1.174e+03    8.710e+04      1.300e+01    2.400e+01    3.380e-02      3.07s        0         
72   1.335e+01    1.421e+09    2.325e+02      1.300e+01    2.400e+01    3.380e-02      1.98s        0         
73   1.274e+01    5.066e+02    3.020e+05      1.300e+01    2.400e+01    3.380e-02      1.00s        0         
74   1.282e+01    3.147e+04    1.050e+06      1.300e+01    2.400e+01    3.380e-02      0.00s        0         
75   1.339e+01    2.375e+08    9.176e+02      1.300e+01    2.400e+01    3.380e-02      24.43s       0         
76   1.278e+01    6.053e+05    6.163e+05      1.300e+01    2.400e+01    3.380e-02      22.94s       0         
77   1.328e+01    1.150e+11    2.221e+06      1.300e+01    2.400e+01    3.349e-02      22.18s       0         
78   1.279e+01    3.161e+04    2.992e+02      1.300e+01    2.400e+01    3.349e-02      20.92s       0         
79   1.305e+01    1.406e+03    2.945e+04      1.300e+01    2.400e+01    3.349e-02      19.72s       0         
80   1.320e+01    3.717e+07    8.340e+03      1.300e+01    2.400e+01    3.349e-02      23.88s       0         
81   1.289e+01    1.706e+04    3.019e+05      1.300e+01    2.400e+01    3.349e-02      17.49s       0         
82   1.327e+01    1.633e+07    9.374e+02      1.300e+01    2.400e+01    3.349e-02      16.86s       0         
83   1.327e+01    5.900e+02    4.497e+05      1.300e+01    2.400e+01    3.349e-02      15.82s       0         
84   1.304e+01    4.915e+02    4.555e+02      1.300e+01    2.400e+01    3.349e-02      14.61s       0         
85   1.304e+01    2.245e+03    6.773e+05      1.300e+01    2.400e+01    3.349e-02      13.98s       0         
86   1.278e+01    2.313e+03    2.468e+02      1.300e+01    2.400e+01    3.349e-02      15.85s       0         
87   1.287e+01    4.310e+04    3.019e+02      1.300e+01    2.400e+01    3.349e-02      11.59s       0         
88   1.322e+01    2.684e+05    1.025e+02      1.300e+01    2.400e+01    3.349e-02      11.15s       0         
89   1.336e+01    3.956e+06    5.762e+05      1.300e+01    2.400e+01    3.336e-02      9.99s        0         
90   1.335e+01    9.562e+07    3.020e+05      1.300e+01    2.400e+01    3.336e-02      8.90s        0         
91   1.313e+01    4.868e+02    1.517e+06      1.300e+01    2.400e+01    3.336e-02      8.06s        0         
92   1.251e+01    4.795e+05    5.405e+12      1.300e+01    2.400e+01    3.336e-02      7.03s        0         
93   1.253e+01    2.620e+10    7.286e+02      1.300e+01    2.400e+01    3.336e-02      7.07s        0         
94   1.272e+01    1.463e+05    8.913e+01      1.300e+01    2.400e+01    3.336e-02      4.91s        0         
95   1.297e+01    1.389e+07    4.514e+05      1.300e+01    2.400e+01    3.336e-02      3.94s        0         
96   1.359e+01    1.904e+09    5.489e+06      1.300e+01    2.400e+01    3.336e-02      2.86s        0         
97   1.279e+01    9.102e+02    1.358e+05      1.300e+01    2.400e+01    3.336e-02      2.02s        0         
98   1.310e+01    2.264e+06    2.125e+06      1.300e+01    2.400e+01    3.336e-02      1.00s        0         
99   1.332e+01    3.295e+03    4.580e+02      1.300e+01    2.400e+01    3.336e-02      0.00s        0         
100  1.365e+01    4.960e+08    3.147e+05      1.300e+01    2.400e+01    3.336e-02      24.43s       0         
101  1.342e+01    1.677e+07    5.646e+03      1.300e+01    2.400e+01    3.336e-02      23.07s       0         
102  1.374e+01    1.529e+06    4.459e+02      1.300e+01    2.400e+01    3.335e-02      22.26s       0         
103  1.296e+01    1.643e+04    3.019e+05      1.300e+01    2.400e+01    3.335e-02      21.30s       0         
104  1.329e+01    7.491e+03    7.136e+02      1.300e+01    2.400e+01    3.335e-02      20.10s       0         
105  1.306e+01    1.636e+05    1.688e+10      1.300e+01    2.400e+01    3.333e-02      24.12s       0         
106  1.319e+01    2.289e+03    4.432e+11      1.300e+01    2.400e+01    3.333e-02      17.71s       0         
107  1.315e+01    6.245e+03    3.020e+05      1.300e+01    2.400e+01    3.333e-02      17.05s       0         
108  1.332e+01    4.775e+08    5.922e+02      1.300e+01    2.400e+01    3.333e-02      16.25s       0         
109  1.351e+01    3.264e+13    1.646e+05      1.300e+01    2.400e+01    3.333e-02      14.74s       0         
110  1.254e+01    7.691e+06    1.151e+02      1.100e+01    2.200e+01    3.306e-02      13.81s       0         
111  1.200e+01    9.977e+05    8.704e+04      1.100e+01    2.200e+01    3.306e-02      16.17s       0         
112  1.118e+01    1.461e+06    1.589e+03      1.100e+01    2.200e+01    3.306e-02      11.40s       0         
113  1.102e+01    3.465e+03    2.725e+02      1.100e+01    2.200e+01    3.306e-02      10.39s       0         
114  1.151e+01    5.218e+08    2.777e+02      1.100e+01    2.200e+01    3.306e-02      9.60s        0         
115  1.134e+01    1.247e+05    1.312e+06      1.100e+01    2.200e+01    3.306e-02      8.70s        0         
116  1.125e+01    1.851e+06    3.023e+05      1.100e+01    2.200e+01    3.306e-02      7.45s        0         
117  1.104e+01    2.561e+04    5.415e+02      1.100e+01    2.200e+01    3.306e-02      8.22s        0         
118  1.121e+01    5.399e+06    6.057e+05      1.100e+01    2.200e+01    3.306e-02      5.72s        0         
119  1.117e+01    1.863e+03    1.274e+02      1.100e+01    2.200e+01    3.306e-02      4.77s        0         
120  1.122e+01    4.097e+03    2.056e+02      1.100e+01    2.200e+01    3.285e-02      3.77s        0         
121  1.072e+01    5.182e+04    7.832e+04      1.100e+01    2.200e+01    3.285e-02      2.88s        0         
122  1.146e+01    2.515e+10    1.331e+05      1.100e+01    2.200e+01    3.285e-02      1.89s        0         
123  1.148e+01    4.131e+05    4.734e+08      1.100e+01    2.200e+01    3.285e-02      0.95s        0         
124  1.126e+01    1.809e+07    1.050e+06      1.100e+01    2.200e+01    3.285e-02      0.00s        0         
125  1.121e+01    3.515e+03    1.644e+05      1.100e+01    2.200e+01    3.285e-02      23.00s       0         
126  1.112e+01    1.077e+05    1.474e+02      1.100e+01    2.200e+01    3.281e-02      20.75s       0         
127  1.092e+01    8.943e+02    3.616e+12      1.100e+01    2.200e+01    3.273e-02      20.42s       0         
128  1.133e+01    3.502e+04    6.966e+05      1.100e+01    2.200e+01    3.273e-02      19.68s       0         
129  1.116e+01    5.233e+03    3.021e+05      1.100e+01    2.200e+01    3.257e-02      18.94s       0         
130  1.107e+01    1.614e+03    3.032e+05      1.100e+01    2.200e+01    3.257e-02      17.71s       0         
131  1.094e+01    2.103e+04    5.324e+06      1.100e+01    2.200e+01    3.257e-02      21.35s       0         
132  1.117e+01    8.638e+02    3.019e+05      1.100e+01    2.200e+01    3.257e-02      16.00s       0         
133  1.117e+01    1.436e+04    4.856e+03      1.100e+01    2.200e+01    3.257e-02      14.46s       0         
134  1.125e+01    4.762e+03    1.625e+03      1.100e+01    2.200e+01    3.257e-02      14.19s       0         
135  1.107e+01    1.254e+04    1.479e+02      1.100e+01    2.200e+01    3.257e-02      13.30s       0         
136  1.123e+01    4.180e+05    7.933e+01      1.100e+01    2.200e+01    3.257e-02      12.01s       0         
137  1.098e+01    3.729e+05    3.035e+05      1.100e+01    2.200e+01    3.257e-02      11.50s       0         
138  1.134e+01    3.447e+06    3.861e+05      1.100e+01    2.200e+01    3.257e-02      13.29s       0         
139  1.100e+01    3.739e+05    2.053e+02      1.100e+01    2.200e+01    3.257e-02      9.62s        0         
140  1.107e+01    5.868e+02    3.869e+04      1.100e+01    2.200e+01    3.257e-02      8.54s        0         
141  1.094e+01    7.507e+03    3.036e+05      1.100e+01    2.200e+01    3.257e-02      7.64s        0         
142  1.095e+01    3.244e+11    2.594e+03      1.100e+01    2.200e+01    3.257e-02      6.62s        0         
143  1.118e+01    1.060e+06    3.037e+05      1.100e+01    2.200e+01    3.257e-02      5.70s        0         
144  1.131e+01    2.549e+05    5.201e+02      1.100e+01    2.200e+01    3.257e-02      4.80s        0         
145  1.073e+01    1.187e+03    1.486e+04      1.100e+01    2.200e+01    3.257e-02      3.82s        0         
146  1.095e+01    5.151e+03    1.259e+02      1.100e+01    2.200e+01    3.257e-02      2.85s        0         
147  1.113e+01    1.244e+03    4.102e+02      1.100e+01    2.200e+01    3.257e-02      1.91s        0         
148  1.122e+01    1.222e+03    5.030e+11      1.100e+01    2.200e+01    3.257e-02      0.96s        0         
149  1.088e+01    2.453e+04    1.665e+02      1.100e+01    2.200e+01    3.257e-02      0.00s        0         
150  1.147e+01    2.952e+06    1.524e+06      1.100e+01    2.200e+01    3.257e-02      23.01s       0         
151  1.069e+01    1.774e+05    6.276e+02      1.100e+01    2.200e+01    3.257e-02      27.51s       0         
152  1.117e+01    6.769e+06    1.555e+03      1.100e+01    2.200e+01    3.257e-02      21.68s       0         
153  1.118e+01    1.174e+10    1.142e+03      1.100e+01    2.200e+01    3.257e-02      20.94s       0         
154  1.101e+01    8.523e+03    5.899e+03      1.100e+01    2.200e+01    3.257e-02      19.35s       0         
155  1.116e+01    3.079e+11    4.171e+05      1.100e+01    2.200e+01    3.257e-02      18.80s       0         
156  1.148e+01    1.456e+05    1.207e+03      1.100e+01    2.200e+01    3.257e-02      17.86s       0         
157  1.119e+01    3.492e+04    1.292e+04      1.300e+01    2.600e+01    3.253e-02      16.37s       0         
158  1.131e+01    5.735e+04    5.171e+05      1.100e+01    2.200e+01    3.257e-02      19.86s       0         
159  1.141e+01    2.072e+09    1.953e+02      1.100e+01    2.200e+01    3.257e-02      14.49s       0         
160  1.077e+01    2.801e+04    7.558e+02      1.100e+01    2.200e+01    3.257e-02      13.23s       0         
161  1.128e+01    8.030e+03    6.490e+04      1.100e+01    2.200e+01    3.257e-02      12.11s       0         
162  1.095e+01    3.908e+05    6.877e+05      1.100e+01    2.200e+01    3.257e-02      11.56s       0         
163  1.116e+01    2.238e+04    3.036e+05      1.100e+01    2.200e+01    3.257e-02      10.27s       0         
164  1.102e+01    9.167e+04    7.244e+05      1.100e+01    2.200e+01    3.257e-02      12.10s       0         
165  1.085e+01    1.170e+03    2.594e+02      1.100e+01    2.200e+01    3.257e-02      8.73s        0         
166  1.127e+01    1.295e+07    4.808e+04      1.100e+01    2.200e+01    3.257e-02      7.65s        0         
167  1.169e+01    3.372e+08    3.572e+02      1.100e+01    2.200e+01    3.257e-02      6.70s        0         
168  1.129e+01    1.559e+07    4.282e+05      1.100e+01    2.200e+01    3.257e-02      5.83s        0         
169  1.100e+01    8.637e+05    6.068e+05      1.100e+01    2.200e+01    3.257e-02      4.84s        0         
170  1.163e+01    1.699e+09    3.042e+05      1.100e+01    2.200e+01    3.257e-02      3.84s        0         
171  1.131e+01    3.542e+08    7.431e+06      1.100e+01    2.200e+01    3.257e-02      3.65s        0         
172  1.152e+01    2.240e+05    1.143e+06      1.100e+01    2.200e+01    3.257e-02      1.95s        0         
173  1.086e+01    3.722e+04    3.415e+05      1.100e+01    2.200e+01    3.257e-02      0.96s        0         
174  1.145e+01    4.423e+05    4.788e+02      1.100e+01    2.200e+01    3.257e-02      0.00s        0         
175  1.105e+01    1.428e+03    1.650e+05      1.100e+01    2.200e+01    3.257e-02      23.31s       0         
176  1.105e+01    2.289e+07    7.499e+05      1.100e+01    2.200e+01    3.257e-02      21.69s       0         
177  1.148e+01    2.712e+04    4.476e+02      1.100e+01    2.200e+01    3.257e-02      26.44s       0         
178  1.097e+01    1.421e+05    2.391e+06      1.100e+01    2.200e+01    3.257e-02      20.24s       0         
179  1.093e+01    6.640e+02    1.200e+06      1.100e+01    2.200e+01    3.257e-02      18.97s       0         
180  1.095e+01    7.696e+02    8.327e+02      1.100e+01    2.200e+01    3.257e-02      18.24s       0         
181  1.109e+01    4.125e+03    1.574e+02      1.100e+01    2.200e+01    3.257e-02      17.26s       0         
182  1.125e+01    2.296e+08    3.509e+11      1.100e+01    2.200e+01    3.257e-02      16.18s       0         
183  1.138e+01    6.231e+03    3.144e+05      1.100e+01    2.200e+01    3.257e-02      15.35s       0         
184  1.094e+01    8.486e+02    3.035e+05      1.100e+01    2.200e+01    3.257e-02      18.15s       0         
185  1.125e+01    2.665e+05    6.150e+02      1.100e+01    2.200e+01    3.257e-02      13.39s       0         
186  1.125e+01    4.155e+05    3.960e+12      1.100e+01    2.200e+01    3.257e-02      12.30s       0         
187  1.155e+01    3.720e+05    6.224e+09      1.100e+01    2.200e+01    3.257e-02      11.30s       0         
188  1.119e+01    1.087e+04    3.036e+05      1.100e+01    2.200e+01    3.257e-02      10.78s       0         
189  1.130e+01    2.869e+08    6.183e+05      1.100e+01    2.200e+01    3.257e-02      9.55s        0         
190  1.119e+01    5.777e+08    1.452e+02      1.100e+01    2.200e+01    3.254e-02      10.65s       0         
191  1.120e+01    2.378e+06    3.136e+02      1.100e+01    2.200e+01    3.254e-02      7.76s        0         
192  1.148e+01    4.376e+08    1.218e+10      1.100e+01    2.200e+01    3.254e-02      6.67s        0         
193  1.124e+01    3.862e+06    2.461e+02      1.100e+01    2.200e+01    3.254e-02      5.67s        0         
194  1.098e+01    3.506e+10    4.911e+04      1.100e+01    2.200e+01    3.254e-02      4.78s        0         
195  1.110e+01    3.438e+04    2.220e+04      1.100e+01    2.200e+01    3.254e-02      3.85s        0         
196  1.093e+01    8.644e+04    1.532e+10      1.100e+01    2.200e+01    3.253e-02      2.80s        0         
197  1.163e+01    3.964e+03    2.757e+06      1.100e+01    2.200e+01    3.253e-02      2.44s        0         
198  1.117e+01    5.822e+02    1.801e+05      1.100e+01    2.200e+01    3.253e-02      0.96s        0         
199  1.112e+01    9.170e+05    3.269e+02      1.100e+01    2.200e+01    3.253e-02      0.00s        0         
200  1.130e+01    3.504e+05    5.502e+02      1.100e+01    2.200e+01    3.253e-02      23.04s       0         
201  1.119e+01    1.568e+03    1.465e+02      1.100e+01    2.200e+01    3.253e-02      22.28s       0         
202  1.128e+01    6.167e+04    1.176e+03      1.100e+01    2.200e+01    3.253e-02      20.83s       0         
203  1.129e+01    8.501e+03    6.068e+05      1.100e+01    2.200e+01    3.253e-02      19.63s       0         
204  1.119e+01    2.678e+11    1.743e+06      1.100e+01    2.200e+01    3.253e-02      24.15s       0         
205  1.126e+01    4.639e+06    1.924e+02      1.100e+01    2.200e+01    3.253e-02      18.16s       0         
206  1.123e+01    8.046e+06    6.799e+02      1.100e+01    2.200e+01    3.253e-02      17.48s       0         
207  1.115e+01    1.408e+04    2.450e+02      1.100e+01    2.200e+01    3.253e-02      16.34s       0         
208  1.123e+01    9.135e+04    1.004e+12      1.100e+01    2.200e+01    3.253e-02      15.34s       0         
209  1.103e+01    1.608e+03    1.362e+03      1.100e+01    2.200e+01    3.253e-02      14.21s       0         
210  1.143e+01    9.611e+05    3.038e+05      1.100e+01    2.200e+01    3.253e-02      13.58s       0         
211  1.104e+01    1.802e+05    9.042e+05      1.100e+01    2.200e+01    3.253e-02      15.67s       0         
212  1.138e+01    2.695e+04    2.514e+04      1.100e+01    2.200e+01    3.253e-02      11.46s       0         
213  1.116e+01    1.260e+05    2.532e+04      1.100e+01    2.200e+01    3.253e-02      10.54s       0         
214  1.101e+01    2.438e+09    3.040e+05      1.100e+01    2.200e+01    3.253e-02      9.52s        0         
215  1.122e+01    6.522e+12    3.035e+05      1.100e+01    2.200e+01    3.253e-02      8.51s        0         
216  1.127e+01    2.117e+04    9.877e+08      1.100e+01    2.200e+01    3.253e-02      7.59s        0         
217  1.115e+01    7.903e+06    1.827e+03      1.100e+01    2.200e+01    3.253e-02      8.50s        0         
218  1.123e+01    1.316e+03    3.037e+05      1.100e+01    2.200e+01    3.253e-02      5.64s        0         
219  1.136e+01    1.123e+08    1.745e+12      1.100e+01    2.200e+01    3.253e-02      4.75s        0         
220  1.122e+01    3.522e+06    1.688e+05      1.100e+01    2.200e+01    3.253e-02      3.82s        0         
221  1.124e+01    2.360e+04    3.940e+02      1.100e+01    2.200e+01    3.253e-02      2.84s        0         
222  1.098e+01    1.120e+08    5.837e+05      1.100e+01    2.200e+01    3.253e-02      1.89s        0         
223  1.123e+01    1.340e+05    4.016e+06      1.100e+01    2.200e+01    3.253e-02      0.96s        0         
224  1.164e+01    4.210e+09    2.828e+03      1.100e+01    2.200e+01    3.253e-02      0.00s        0         
225  1.114e+01    4.497e+09    5.518e+05      1.100e+01    2.200e+01    3.253e-02      22.96s       0         
226  1.120e+01    1.928e+05    3.036e+05      1.100e+01    2.200e+01    3.253e-02      22.20s       0         
227  1.167e+01    5.496e+08    4.089e+02      1.100e+01    2.200e+01    3.253e-02      21.10s       0         
228  1.106e+01    1.363e+07    3.036e+05      1.100e+01    2.200e+01    3.253e-02      19.76s       0         
229  1.130e+01    1.843e+05    3.106e+02      1.100e+01    2.200e+01    3.253e-02      18.90s       0         
230  1.098e+01    1.482e+02    1.231e+09      1.100e+01    2.200e+01    3.253e-02      22.54s       0         
231  1.122e+01    1.084e+07    8.606e+05      1.100e+01    2.200e+01    3.253e-02      17.09s       0         
232  1.145e+01    2.727e+06    1.167e+06      1.100e+01    2.200e+01    3.253e-02      16.19s       0         
233  1.114e+01    1.152e+04    1.700e+05      1.100e+01    2.200e+01    3.253e-02      15.28s       0         
234  1.124e+01    1.557e+05    3.514e+02      1.100e+01    2.200e+01    3.253e-02      13.94s       0         
235  1.058e+01    6.788e+02    4.679e+02      1.100e+01    2.200e+01    3.253e-02      13.26s       0         
236  1.134e+01    1.915e+05    3.634e+12      1.100e+01    2.200e+01    3.253e-02      12.45s       0         
237  1.106e+01    3.319e+06    1.981e+02      1.100e+01    2.200e+01    3.253e-02      14.38s       0         
238  1.095e+01    2.227e+03    4.038e+05      1.100e+01    2.200e+01    3.253e-02      10.69s       0         
239  1.128e+01    2.099e+04    1.380e+02      1.100e+01    2.200e+01    3.249e-02      9.45s        0         
240  1.121e+01    3.042e+03    5.523e+11      1.100e+01    2.200e+01    3.249e-02      8.48s        0         
241  1.119e+01    2.566e+04    3.035e+05      1.100e+01    2.200e+01    3.249e-02      7.51s        0         
242  1.083e+01    5.661e+03    3.061e+02      1.100e+01    2.200e+01    3.249e-02      6.58s        0         
243  1.191e+01    8.158e+06    1.767e+04      1.100e+01    2.200e+01    3.249e-02      5.69s        0         
244  1.139e+01    1.156e+06    1.392e+10      1.100e+01    2.200e+01    3.249e-02      5.86s        0         
245  1.121e+01    1.146e+07    1.687e+02      1.100e+01    2.200e+01    3.249e-02      3.67s        0         
246  1.112e+01    1.769e+05    3.920e+04      1.100e+01    2.200e+01    3.249e-02      2.84s        0         
247  1.163e+01    4.625e+07    1.743e+02      1.100e+01    2.200e+01    3.249e-02      1.88s        0         
248  1.151e+01    1.386e+09    4.375e+06      1.100e+01    2.200e+01    3.249e-02      0.95s        0         
249  1.119e+01    1.513e+07    1.406e+03      1.100e+01    2.200e+01    3.249e-02      0.00s        0         
250  1.104e+01    1.092e+03    4.840e+04      1.100e+01    2.200e+01    3.249e-02      22.82s       0         
251  1.126e+01    2.190e+05    4.874e+08      1.500e+01    1.340e+02    3.249e-02      27.42s       0         
252  1.124e+01    4.537e+06    1.532e+10      1.100e+01    2.200e+01    3.249e-02      20.92s       0         
253  1.119e+01    2.475e+12    3.104e+05      1.100e+01    2.200e+01    3.247e-02      20.08s       0         
254  1.158e+01    2.511e+05    3.355e+05      1.100e+01    2.200e+01    3.247e-02      18.76s       0         
255  1.180e+01    1.377e+07    4.585e+02      1.100e+01    2.200e+01    3.247e-02      18.21s       0         
256  1.067e+01    3.891e+08    6.068e+05      1.100e+01    2.200e+01    3.247e-02      16.98s       0         
257  1.109e+01    2.280e+06    2.387e+05      1.100e+01    2.200e+01    3.247e-02      20.44s       0         
258  1.082e+01    1.720e+03    4.469e+05      1.100e+01    2.200e+01    3.247e-02      14.81s       0         
259  1.111e+01    4.210e+06    5.619e+06      1.100e+01    2.200e+01    3.247e-02      14.01s       0         
260  1.152e+01    2.267e+04    8.943e+10      1.100e+01    2.200e+01    3.247e-02      13.36s       0         
261  1.145e+01    1.178e+10    2.244e+02      1.100e+01    2.200e+01    3.240e-02      12.45s       0         
262  1.132e+01    8.879e+09    1.804e+03      1.100e+01    2.200e+01    3.240e-02      11.25s       0         
263  1.161e+01    3.902e+08    3.910e+04      1.100e+01    2.200e+01    3.240e-02      10.51s       0         
264  1.161e+01    1.211e+12    1.069e+10      1.100e+01    2.200e+01    3.240e-02      12.28s       0         
265  1.108e+01    9.648e+05    1.234e+06      1.100e+01    2.200e+01    3.240e-02      8.45s        0         
266  1.127e+01    8.232e+08    7.813e+02      1.100e+01    2.200e+01    3.240e-02      7.54s        0         
267  1.106e+01    3.942e+04    3.836e+02      1.100e+01    2.200e+01    3.240e-02      6.73s        0         
268  1.110e+01    1.867e+06    3.043e+05      1.100e+01    2.200e+01    3.240e-02      5.66s        0         
269  1.118e+01    8.111e+03    2.079e+06      1.100e+01    2.200e+01    3.240e-02      4.72s        0         
270  1.105e+01    5.389e+06    3.037e+05      1.100e+01    2.200e+01    3.240e-02      4.86s        0         
271  1.124e+01    4.279e+06    3.159e+02      1.100e+01    2.200e+01    3.240e-02      2.89s        0         
272  1.147e+01    4.885e+05    5.812e+02      1.100e+01    2.200e+01    3.240e-02      1.89s        0         
273  1.097e+01    5.562e+06    4.657e+04      1.100e+01    2.200e+01    3.240e-02      0.95s        0         
274  1.102e+01    8.488e+03    5.185e+03      1.100e+01    2.200e+01    3.240e-02      0.00s        0         
275  1.111e+01    2.392e+03    3.048e+05      1.100e+01    2.200e+01    3.240e-02      22.71s       0         
276  1.086e+01    8.635e+02    1.330e+05      1.100e+01    2.200e+01    3.240e-02      21.52s       0         
277  1.129e+01    1.513e+05    4.582e+02      1.100e+01    2.200e+01    3.240e-02      21.51s       0         
278  1.168e+01    4.358e+08    5.118e+05      1.100e+01    2.200e+01    3.240e-02      20.08s       0         
279  1.132e+01    9.028e+14    5.206e+02      1.100e+01    2.200e+01    3.240e-02      19.30s       0         
280  1.113e+01    2.948e+03    2.978e+06      1.100e+01    2.200e+01    3.240e-02      18.11s       0         
281  1.145e+01    3.873e+06    9.114e+05      1.100e+01    2.200e+01    3.240e-02      16.90s       0         
282  1.120e+01    4.861e+06    1.273e+03      1.100e+01    2.200e+01    3.240e-02      16.05s       0         
283  1.122e+01    1.805e+03    3.953e+05      1.100e+01    2.200e+01    3.240e-02      15.06s       0         
284  1.168e+01    2.274e+07    3.705e+05      1.100e+01    2.200e+01    3.240e-02      18.01s       0         
285  1.131e+01    9.726e+08    1.257e+02      1.100e+01    2.200e+01    3.240e-02      13.16s       0         
286  1.112e+01    5.233e+10    4.014e+05      1.100e+01    2.200e+01    3.240e-02      12.54s       0         
287  1.139e+01    2.824e+07    3.343e+04      1.100e+01    2.200e+01    3.240e-02      11.22s       0         
288  1.130e+01    7.492e+06    3.249e+05      1.100e+01    2.200e+01    3.240e-02      10.59s       0         
289  1.120e+01    1.395e+07    2.521e+02      1.100e+01    2.200e+01    3.240e-02      9.73s        0         
290  1.132e+01    3.784e+05    3.034e+05      1.100e+01    2.200e+01    3.240e-02      8.68s        0         
291  1.121e+01    1.806e+10    8.432e+17      1.100e+01    2.200e+01    3.240e-02      9.61s        0         
292  1.133e+01    5.732e+08    2.755e+05      1.100e+01    2.200e+01    3.240e-02      6.69s        0         
293  1.125e+01    3.767e+04    4.826e+03      1.100e+01    2.200e+01    3.240e-02      5.62s        0         
294  1.133e+01    8.577e+09    1.532e+10      1.100e+01    2.200e+01    3.240e-02      4.63s        0         
295  1.124e+01    6.915e+09    5.986e+02      1.100e+01    2.200e+01    3.240e-02      3.79s        0         
296  1.105e+01    1.074e+04    1.662e+06      1.100e+01    2.200e+01    3.240e-02      2.89s        0         
297  1.148e+01    4.096e+08    5.031e+02      1.100e+01    2.200e+01    3.240e-02      2.40s        0         
298  1.126e+01    7.879e+04    6.401e+03      1.100e+01    2.200e+01    3.240e-02      0.96s        0         
299  1.095e+01    8.717e+04    3.035e+05      1.100e+01    2.200e+01    3.240e-02      0.00s        0         
300  1.128e+01    8.925e+12    2.790e+03      1.100e+01    2.200e+01    3.240e-02      22.48s       0         
301  1.126e+01    1.749e+04    3.372e+05      1.100e+01    2.200e+01    3.240e-02      21.15s       0         
302  1.127e+01    6.247e+10    1.412e+04      1.100e+01    2.200e+01    3.240e-02      20.68s       0         
303  1.090e+01    2.641e+03    3.036e+05      1.100e+01    2.200e+01    3.240e-02      19.88s       0         
304  1.110e+01    1.273e+05    9.795e+03      1.100e+01    2.200e+01    3.240e-02      24.25s       0         
305  1.077e+01    2.337e+03    6.077e+02      1.100e+01    2.200e+01    3.240e-02      18.20s       0         
306  1.120e+01    2.734e+08    7.312e+05      1.100e+01    2.200e+01    3.240e-02      16.90s       0         
307  1.159e+01    2.887e+07    1.392e+03      1.100e+01    2.200e+01    3.238e-02      16.02s       0         
308  1.119e+01    1.088e+11    1.947e+02      1.100e+01    2.200e+01    3.238e-02      15.23s       0         
309  1.129e+01    4.000e+10    4.755e+02      1.100e+01    2.200e+01    3.238e-02      14.06s       0         
310  1.112e+01    7.443e+02    1.374e+12      1.100e+01    2.200e+01    3.238e-02      13.19s       0         
311  1.095e+01    1.009e+11    9.145e+02      1.100e+01    2.200e+01    3.238e-02      15.62s       0         
312  1.122e+01    1.482e+05    5.545e+02      1.100e+01    2.200e+01    3.238e-02      11.54s       0         
313  1.098e+01    5.710e+03    4.003e+05      1.100e+01    2.200e+01    3.238e-02      10.34s       0         
314  1.091e+01    1.322e+03    9.921e+04      1.100e+01    2.200e+01    3.238e-02      9.52s        0         
315  1.141e+01    2.448e+03    2.153e+02      1.100e+01    2.200e+01    3.238e-02      8.41s        0         
316  1.091e+01    4.487e+03    2.859e+12      1.100e+01    2.200e+01    3.230e-02      7.53s        0         
317  1.103e+01    6.526e+03    3.037e+05      1.100e+01    2.200e+01    3.230e-02      6.68s        0         
318  1.155e+01    2.104e+05    1.296e+06      1.100e+01    2.200e+01    3.230e-02      7.43s        0         
319  1.094e+01    4.228e+02    3.496e+03      1.100e+01    2.200e+01    3.230e-02      4.70s        0         
320  1.105e+01    2.655e+03    3.034e+05      1.100e+01    2.200e+01    3.230e-02      3.91s        0         
321  1.098e+01    7.184e+04    5.374e+02      1.100e+01    2.200e+01    3.230e-02      3.01s        0         
322  1.095e+01    3.573e+08    6.683e+04      1.100e+01    2.200e+01    3.230e-02      1.94s        0         
323  1.111e+01    1.265e+04    3.046e+05      1.100e+01    2.200e+01    3.230e-02      1.00s        0         
324  1.146e+01    4.078e+10    3.034e+05      1.100e+01    2.200e+01    3.230e-02      0.00s        0         
325  1.074e+01    1.153e+04    4.577e+05      1.100e+01    2.200e+01    3.230e-02      30.19s       0         
326  1.105e+01    1.569e+04    7.785e+05      1.100e+01    2.200e+01    3.230e-02      22.83s       0         
327  1.113e+01    1.455e+07    2.234e+02      1.100e+01    2.200e+01    3.230e-02      22.52s       0         
328  1.115e+01    6.032e+04    1.772e+06      1.100e+01    2.200e+01    3.230e-02      21.36s       0         
329  1.095e+01    6.520e+12    3.035e+05      1.100e+01    2.200e+01    3.230e-02      19.69s       0         
330  1.105e+01    5.366e+04    1.523e+06      1.100e+01    2.200e+01    3.230e-02      18.55s       0         
331  1.075e+01    1.756e+03    8.328e+05      1.100e+01    2.200e+01    3.230e-02      18.25s       0         
332  1.101e+01    7.065e+03    1.425e+05      1.100e+01    2.200e+01    3.230e-02      16.75s       0         
333  1.108e+01    3.092e+11    3.037e+05      1.100e+01    2.200e+01    3.230e-02      15.79s       0         
334  1.120e+01    1.250e+07    2.256e+02      1.100e+01    2.200e+01    3.229e-02      15.21s       0         
335  1.122e+01    1.549e+04    3.035e+05      2.700e+01    2.582e+03    3.159e-02      13.95s       0         
336  1.176e+01    1.624e+04    1.635e+03      2.700e+01    2.582e+03    3.159e-02      12.76s       0         
337  1.211e+01    8.524e+05    3.326e+04      2.700e+01    2.582e+03    3.159e-02      12.23s       0         
338  1.321e+01    6.110e+05    3.035e+05      2.700e+01    2.582e+03    3.110e-02      13.88s       0         
339  1.465e+01    6.884e+07    9.595e+05      2.700e+01    2.582e+03    2.993e-02      10.11s       0         
340  1.633e+01    2.720e+07    1.447e+06      2.700e+01    2.582e+03    2.868e-02      9.53s        0         
341  1.910e+01    4.654e+06    3.065e+05      2.700e+01    2.582e+03    2.868e-02      8.87s        0         
342  2.245e+01    2.470e+10    6.626e+05      2.700e+01    2.582e+03    2.868e-02      8.25s        0         
343  2.349e+01    2.934e+10    1.233e+02      2.700e+01    2.582e+03    2.859e-02      7.23s        0         
344  2.441e+01    2.458e+05    4.765e+02      2.700e+01    1.622e+03    2.841e-02      7.45s        0         
345  2.547e+01    3.355e+05    3.036e+05      2.700e+01    1.622e+03    2.778e-02      5.07s        0         
346  2.442e+01    5.295e+05    1.199e+02      2.700e+01    2.102e+03    2.682e-02      3.88s        0         
347  2.534e+01    2.248e+06    1.059e+06      2.700e+01    2.102e+03    2.682e-02      2.67s        0         
348  2.494e+01    1.148e+07    1.035e+03      2.500e+01    3.182e+03    2.677e-02      1.57s        0         
349  2.509e+01    9.529e+05    1.303e+02      2.500e+01    3.182e+03    2.592e-02      0.00s        0         
350  2.511e+01    1.411e+06    2.029e+04      2.500e+01    3.182e+03    2.592e-02      31.09s       0         
351  2.502e+01    1.087e+06    1.455e+04      2.300e+01    9.700e+02    2.589e-02      30.32s       0         
352  2.477e+01    8.977e+05    2.636e+02      2.300e+01    9.700e+02    2.589e-02      34.26s       0         
353  2.447e+01    1.035e+15    3.894e+04      2.700e+01    4.820e+02    2.279e-02      27.60s       0         
354  2.355e+01    1.130e+07    1.939e+02      2.700e+01    4.820e+02    2.279e-02      25.75s       0         
355  2.361e+01    4.772e+05    4.843e+01      2.700e+01    4.820e+02    2.232e-02      24.95s       0         
356  2.309e+01    1.683e+09    3.034e+05      2.700e+01    4.820e+02    2.232e-02      27.29s       0         
357  2.307e+01    2.044e+07    7.114e+06      2.700e+01    4.820e+02    2.232e-02      21.70s       0         
358  2.351e+01    1.862e+05    1.636e+02      2.700e+01    4.820e+02    2.232e-02      20.71s       0         
359  2.268e+01    3.296e+16    1.064e+04      2.700e+01    4.820e+02    2.232e-02      19.61s       0         
360  2.307e+01    7.363e+05    1.143e+05      2.700e+01    8.820e+02    2.229e-02      20.94s       0         
361  2.373e+01    1.395e+07    3.033e+05      2.700e+01    8.820e+02    2.229e-02      16.63s       0         
362  2.363e+01    2.072e+07    6.791e+02      2.700e+01    8.820e+02    2.229e-02      15.19s       0         
363  2.393e+01    6.373e+04    2.569e+06      4.900e+01    1.994e+04    2.133e-02      13.86s       0         
364  2.546e+01    2.535e+11    1.439e+03      4.500e+01    8.422e+03    2.113e-02      15.41s       0         
365  2.677e+01    1.065e+09    1.662e+01      3.900e+01    1.142e+03    2.072e-02      12.06s       0         
366  2.879e+01    3.379e+09    8.130e+03      5.900e+01    1.506e+05    1.963e-02      11.04s       0         
367  3.204e+01    3.567e+05    1.190e+01      4.900e+01    1.638e+04    1.786e-02      11.69s       0         
368  3.429e+01    5.065e+06    9.395e+05      4.900e+01    1.638e+04    1.786e-02      8.82s        0         
369  3.532e+01    3.139e+07    1.632e+01      4.900e+01    7.038e+04    1.763e-02      7.58s        0         
370  3.620e+01    3.563e+05    1.143e+01      4.900e+01    1.998e+04    1.753e-02      7.25s        0         
371  3.750e+01    1.736e+07    1.105e+02      4.500e+01    8.462e+03    1.748e-02      4.91s        0         
372  3.762e+01    1.691e+11    3.842e+05      5.300e+01    6.222e+03    1.644e-02      3.22s        0         
373  3.572e+01    4.396e+06    2.559e+01      5.300e+01    6.222e+03    1.644e-02      1.80s        0         
374  3.656e+01    2.560e+11    1.373e+02      5.300e+01    6.222e+03    1.644e-02      0.00s        0         
375  3.721e+01    9.483e+11    8.205e+01      5.500e+01    5.822e+03    1.619e-02      36.64s       0         
376  3.861e+01    7.293e+06    3.397e+01      5.500e+01    5.822e+03    1.619e-02      42.27s       0         
377  4.004e+01    4.606e+06    4.611e+01      5.500e+01    5.822e+03    1.619e-02      35.64s       0         
378  4.045e+01    3.439e+08    9.467e+01      5.300e+01    4.862e+03    1.595e-02      40.11s       0         
379  3.980e+01    8.925e+06    2.860e+01      4.700e+01    3.182e+03    1.585e-02      32.65s       0         
380  3.873e+01    3.592e+06    3.293e+05      4.700e+01    3.182e+03    1.585e-02      31.92s       0         
381  4.027e+01    1.130e+07    1.477e+01      5.500e+01    5.962e+03    1.502e-02      33.64s       0         
382  4.049e+01    4.371e+05    5.162e+02      5.500e+01    5.962e+03    1.502e-02      29.58s       0         
383  4.079e+01    4.249e+10    4.978e+05      5.300e+01    5.162e+03    1.530e-02      31.18s       0         
384  4.100e+01    2.123e+10    4.864e+01      5.300e+01    5.162e+03    1.530e-02      26.07s       0         
385  3.890e+01    3.179e+05    2.046e+02      5.300e+01    5.162e+03    1.530e-02      22.69s       0         
386  3.883e+01    8.293e+05    4.004e+01      5.300e+01    5.642e+03    1.541e-02      24.85s       0         
387  3.992e+01    1.475e+08    2.037e+01      3.500e+01    1.002e+03    1.545e-02      20.13s       0         
388  3.776e+01    2.264e+08    2.237e+01      3.500e+01    1.002e+03    1.545e-02      20.92s       0         
389  3.834e+01    1.180e+07    5.017e+01      3.500e+01    1.002e+03    1.545e-02      16.37s       0         
390  3.841e+01    2.723e+10    5.811e+06      3.500e+01    1.002e+03    1.545e-02      14.44s       0         
391  3.867e+01    1.319e+11    1.498e+01      3.500e+01    1.002e+03    1.545e-02      15.19s       0         
392  3.998e+01    1.041e+11    1.632e+02      3.500e+01    1.002e+03    1.545e-02      11.52s       0         
393  3.919e+01    2.657e+10    4.486e+02      3.500e+01    1.002e+03    1.545e-02      10.23s       0         
394  3.692e+01    5.950e+05    4.443e+01      3.500e+01    1.102e+03    1.530e-02      9.48s        0         
395  3.756e+01    3.762e+05    4.619e+01      3.500e+01    1.102e+03    1.530e-02      6.65s        0         
396  3.688e+01    2.696e+14    2.719e+01      3.900e+01    3.502e+03    1.530e-02      5.61s        0         
397  3.440e+01    7.438e+10    5.118e+01      3.500e+01    1.102e+03    1.530e-02      3.27s        0         
398  3.447e+01    8.253e+10    5.214e+01      3.500e+01    1.102e+03    1.530e-02      1.53s        0         
399  3.504e+01    9.723e+06    7.823e+01      3.300e+01    8.220e+02    1.522e-02      0.00s        0         
400  3.423e+01    3.689e+06    3.610e+01      3.300e+01    8.220e+02    1.522e-02      38.08s       0         
401  3.382e+01    1.171e+06    3.415e+01      3.300e+01    8.220e+02    1.522e-02      35.45s       0         
402  3.391e+01    1.008e+08    3.610e+01      3.300e+01    8.220e+02    1.522e-02      39.74s       0         
403  3.285e+01    3.443e+08    2.096e+01      3.300e+01    8.220e+02    1.522e-02      32.65s       0         
404  3.192e+01    8.948e+06    2.480e+01      3.500e+01    1.602e+03    1.514e-02      30.26s       0         
405  3.313e+01    2.778e+05    2.250e+01      3.500e+01    1.602e+03    1.514e-02      32.14s       0         
406  3.248e+01    1.269e+12    3.062e+01      3.500e+01    1.602e+03    1.514e-02      27.70s       0         
407  3.283e+01    3.974e+06    4.009e+01      3.500e+01    9.020e+02    1.515e-02      25.43s       0         
408  3.157e+01    1.452e+05    2.229e+02      3.500e+01    9.020e+02    1.515e-02      28.34s       0         
409  3.240e+01    8.880e+10    3.033e+05      3.300e+01    8.220e+02    1.522e-02      23.05s       0         
410  3.099e+01    3.448e+07    1.989e+02      3.300e+01    8.220e+02    1.522e-02      21.32s       0         
411  3.182e+01    3.147e+06    5.951e+03      3.300e+01    8.220e+02    1.522e-02      22.72s       0         
412  3.217e+01    5.003e+05    2.518e+05      3.300e+01    8.220e+02    1.522e-02      18.13s       0         
413  3.303e+01    4.570e+05    6.099e+01      3.300e+01    8.220e+02    1.522e-02      16.58s       0         
414  3.251e+01    5.327e+13    3.033e+05      3.300e+01    8.220e+02    1.522e-02      17.29s       0         
415  3.084e+01    6.625e+13    4.308e+03      5.100e+01    2.322e+04    1.519e-02      13.59s       0         
416  3.206e+01    1.324e+14    5.583e+02      3.300e+01    8.220e+02    1.521e-02      13.68s       0         
417  3.191e+01    1.291e+14    9.645e+00      3.300e+01    8.220e+02    1.521e-02      10.45s       0         
418  3.232e+01    8.270e+13    1.855e+02      3.300e+01    8.220e+02    1.521e-02      9.06s        0         
419  3.169e+01    5.543e+08    7.367e+01      3.300e+01    8.220e+02    1.521e-02      8.54s        0         
420  3.161e+01    4.021e+13    7.098e+01      3.300e+01    8.220e+02    1.521e-02      6.03s        0         
421  3.164e+01    1.031e+05    4.189e+01      3.300e+01    8.220e+02    1.520e-02      4.55s        0         
422  3.231e+01    7.744e+09    3.033e+05      3.300e+01    8.220e+02    1.520e-02      3.46s        0         
423  3.178e+01    1.198e+07    2.841e+01      3.300e+01    8.220e+02    1.520e-02      1.54s        0         
424  3.131e+01    8.258e+07    3.441e+01      3.300e+01    8.220e+02    1.520e-02      0.00s        0         
425  3.123e+01    4.479e+08    4.181e+01      3.300e+01    8.220e+02    1.520e-02      41.64s       0         
426  3.084e+01    5.987e+05    1.386e+02      3.300e+01    8.220e+02    1.520e-02      34.27s       0         
427  3.118e+01    1.722e+06    2.280e+02      3.300e+01    8.220e+02    1.520e-02      33.30s       0         
428  3.212e+01    2.050e+08    5.590e+03      3.300e+01    8.220e+02    1.520e-02      36.88s       0         
429  3.158e+01    4.484e+12    3.033e+05      3.300e+01    8.220e+02    1.520e-02      29.06s       0         
430  3.200e+01    2.950e+17    5.642e+01      5.700e+01    2.462e+04    1.519e-02      28.88s       0         
431  3.292e+01    1.569e+08    4.997e+01      3.300e+01    8.220e+02    1.520e-02      31.08s       0         
432  3.201e+01    5.303e+08    1.935e+02      3.300e+01    8.220e+02    1.520e-02      25.88s       0         
433  3.224e+01    1.024e+10    7.869e+01      3.700e+01    1.062e+03    1.519e-02      23.72s       0         
434  3.302e+01    1.451e+10    4.239e+05      3.700e+01    1.182e+03    1.520e-02      25.80s       0         
435  3.497e+01    1.735e+11    2.096e+01      3.300e+01    8.220e+02    1.520e-02      21.48s       0         
436  3.606e+01    2.914e+12    1.341e+05      3.300e+01    8.220e+02    1.520e-02      19.11s       0         
437  3.627e+01    4.601e+11    4.301e+02      3.300e+01    8.220e+02    1.520e-02      21.75s       0         
438  3.760e+01    5.123e+13    2.314e+03      3.300e+01    8.220e+02    1.520e-02      16.80s       0         
439  3.793e+01    1.986e+13    3.152e+01      3.300e+01    8.220e+02    1.520e-02      15.86s       0         
440  3.638e+01    4.326e+13    3.063e+05      8.300e+01    3.752e+08    1.517e-02      16.06s       0         
441  3.661e+01    3.991e+14    1.215e+05      7.300e+01    6.992e+05    1.507e-02      12.49s       0         
442  3.704e+01    3.867e+13    2.312e+01      7.100e+01    5.412e+05    1.498e-02      12.49s       0         
443  3.556e+01    2.299e+13    1.637e+02      9.300e+01    9.323e+06    1.506e-02      9.34s        0         
444  3.502e+01    2.144e+13    1.790e+02      9.300e+01    7.231e+06    1.499e-02      7.72s        0         
445  3.423e+01    2.657e+13    4.759e+01      3.300e+01    8.220e+02    1.520e-02      7.09s        0         
446  3.171e+01    8.757e+07    3.625e+02      3.100e+01    6.420e+02    1.519e-02      4.54s        0         
447  3.138e+01    8.836e+07    9.756e+01      3.100e+01    6.420e+02    1.519e-02      2.84s        0         
448  3.065e+01    1.434e+08    1.386e+05      3.100e+01    6.420e+02    1.519e-02      1.44s        0         
449  3.040e+01    6.510e+08    1.058e+04      3.100e+01    6.420e+02    1.519e-02      0.00s        0         
450  3.057e+01    2.743e+09    2.577e+01      3.100e+01    6.420e+02    1.519e-02      33.77s       0         
451  3.023e+01    3.373e+10    8.271e+01      4.100e+01    5.342e+03    1.518e-02      39.78s       0         
452  3.100e+01    1.068e+13    1.112e+05      4.100e+01    5.342e+03    1.518e-02      30.63s       0         
453  3.078e+01    2.163e+09    2.314e+04      3.300e+01    9.220e+02    1.516e-02      30.86s       0         
454  2.968e+01    3.310e+06    1.669e+01      4.100e+01    5.342e+03    1.518e-02      28.54s       0         
455  2.920e+01    3.122e+04    3.033e+05      4.100e+01    5.342e+03    1.518e-02      26.40s       0         
456  2.949e+01    2.599e+04    5.774e+01      4.100e+01    5.342e+03    1.518e-02      25.90s       0         
457  3.001e+01    3.632e+04    3.084e+02      4.100e+01    5.342e+03    1.518e-02      29.41s       0         
458  2.955e+01    9.846e+04    4.591e+01      3.100e+01    6.420e+02    1.519e-02      23.16s       0         
459  3.035e+01    7.507e+11    4.616e+01      3.100e+01    6.420e+02    1.519e-02      21.02s       0         
460  3.041e+01    6.031e+06    9.737e+04      3.100e+01    6.420e+02    1.519e-02      19.64s       0         
461  3.000e+01    2.830e+06    1.361e+03      3.100e+01    6.420e+02    1.519e-02      21.71s       0         
462  3.111e+01    2.638e+06    2.352e+07      3.100e+01    6.420e+02    1.519e-02      16.63s       0         
463  3.016e+01    4.046e+06    1.886e+01      3.100e+01    6.420e+02    1.519e-02      15.99s       0         
464  3.128e+01    3.482e+11    4.558e+01      3.100e+01    6.420e+02    1.519e-02      16.15s       0         
465  3.016e+01    3.626e+06    2.908e+02      3.100e+01    6.420e+02    1.519e-02      12.71s       0         
466  3.004e+01    2.733e+07    1.396e+06      3.100e+01    6.420e+02    1.519e-02      11.42s       0         
467  3.120e+01    2.187e+06    1.402e+02      3.100e+01    6.420e+02    1.519e-02      11.33s       0         
468  3.007e+01    2.346e+09    1.333e+05      3.100e+01    6.420e+02    1.519e-02      8.94s        0         
469  2.904e+01    1.182e+05    1.169e+02      3.100e+01    6.420e+02    1.519e-02      6.85s        0         
470  2.961e+01    5.887e+06    3.033e+05      3.100e+01    6.420e+02    1.519e-02      6.53s        0         
471  3.143e+01    2.471e+07    2.381e+01      3.100e+01    6.420e+02    1.519e-02      4.25s        0         
472  3.249e+01    1.130e+07    4.034e+01      3.100e+01    6.420e+02    1.519e-02      2.82s        0         
473  3.226e+01    7.910e+06    3.333e+01      3.100e+01    6.420e+02    1.519e-02      1.75s        0         
474  3.391e+01    2.743e+08    8.103e+01      3.100e+01    6.420e+02    1.519e-02      0.00s        0         
475  3.334e+01    3.208e+07    2.425e+02      3.100e+01    6.420e+02    1.519e-02      35.32s       0         
476  3.320e+01    2.748e+07    1.666e+04      3.100e+01    6.420e+02    1.519e-02      40.27s       0         
477  3.174e+01    9.595e+06    2.603e+01      3.100e+01    6.420e+02    1.519e-02      33.98s       0         
478  3.143e+01    1.656e+06    2.336e+06      3.100e+01    6.420e+02    1.519e-02      31.25s       0         
479  3.068e+01    9.126e+06    4.744e+01      3.300e+01    7.620e+02    1.516e-02      33.88s       0         
480  3.060e+01    1.215e+07    2.728e+01      3.100e+01    6.420e+02    1.519e-02      28.73s       0         
481  2.991e+01    4.975e+07    7.396e+01      3.100e+01    6.420e+02    1.519e-02      25.86s       0         
482  3.031e+01    5.269e+07    4.454e+01      3.100e+01    6.420e+02    1.519e-02      29.59s       0         
483  2.966e+01    2.056e+05    5.508e+05      3.100e+01    6.420e+02    1.519e-02      22.77s       0         
484  2.875e+01    5.347e+04    3.033e+05      3.100e+01    6.420e+02    1.519e-02      21.14s       0         
485  2.959e+01    3.391e+06    1.139e+01      3.100e+01    6.420e+02    1.519e-02      24.22s       0         
486  2.897e+01    8.613e+07    2.022e+02      3.100e+01    6.420e+02    1.519e-02      18.27s       0         
487  3.032e+01    9.812e+09    2.428e+01      3.100e+01    6.420e+02    1.519e-02      17.80s       0         
488  2.964e+01    9.995e+09    5.097e+01      3.100e+01    6.420e+02    1.519e-02      18.59s       0         
489  3.036e+01    5.278e+11    3.032e+05      3.100e+01    6.420e+02    1.519e-02      14.54s       0         
490  2.998e+01    3.543e+09    3.033e+05      3.100e+01    3.462e+03    1.503e-02      13.24s       0         
491  2.980e+01    9.093e+05    5.368e+01      3.100e+01    3.462e+03    1.503e-02      11.62s       0         
492  2.913e+01    1.517e+07    1.365e+01      3.100e+01    3.462e+03    1.503e-02      10.45s       0         
493  2.943e+01    9.231e+10    6.075e+01      3.100e+01    3.462e+03    1.503e-02      8.59s        0         
494  3.058e+01    7.343e+06    5.073e+01      3.100e+01    3.462e+03    1.503e-02      7.28s        0         
495  2.987e+01    2.046e+05    1.977e+06      3.100e+01    3.462e+03    1.503e-02      5.88s        0         
496  3.043e+01    8.824e+07    3.530e+01      3.100e+01    3.462e+03    1.503e-02      4.27s        0         
497  3.057e+01    2.295e+07    3.033e+05      3.100e+01    3.462e+03    1.503e-02      3.49s        0         
498  3.272e+01    9.165e+07    2.416e+01      3.100e+01    3.462e+03    1.503e-02      1.46s        0         
499  3.219e+01    3.643e+08    4.507e+06      3.100e+01    3.462e+03    1.503e-02      0.00s        0         





Time: 0h:9m:45s
####   Data for the best program   ####
Best Program: div(1.787, add(add(sub(0.775, mul(0.643, sub(X1, div(sub(X0, X2), mul(div(1.361, sub(X1, 1.474)), div(1.866, add(add(sub(X0, X1), X2), X2))))))), X2), 1.774))
Best Program Complexity: 31
Raw Fitness: 0.015026845033438499
Penalized Fitness: 0.0162668450334385
Estimator		Train-rmse: 0.015026845033438499	Test-rmse: 0.017438024249905974	Test-R^2: 0.9673578084716069

{'complexity': 'length', 'const_range': (1e-10, 2.0), 'elitism_size': 1, 'function_set': ('add', 'sub', 'div', 'mul'), 'generations': 500, 'init_depth': (3, 6), 'init_method': 'half and half', 'low_memory': True, 'max_samples': 1.0, 'metric': 'rmse', 'n_jobs': 2, 'p_crossover': 0.1, 'p_hoist_mutation': 0.0, 'p_point_mutation': 0.45, 'p_point_replace': 0.05, 'p_subtree_mutation': 0.45, 'paretogp': False, 'paretogp_lengths': (4, 130), 'parsimony_coefficient': 4e-05, 'population_size': 800, 'random_state': 1111923231, 'selection': 'tournament', 'stopping_criteria': None, 'tournament_size': 11, 'verbose': 1, 'warm_start': True}
