    |          Population Average          |           Best Individual            |
---- -------------------------------------- -------------------------------------- ----------
Gen  Length       Kommenda     Fitness        Length       Kommenda     Fitness        Time Left    Front Size
0    3.545e+01    1.358e+15    9.096e+12      7.000e+00    1.600e+01    1.130e-01      14.02s       4         
1    7.567e+00    9.622e+03    1.270e+02      7.000e+00    1.000e+01    5.768e-02      12.41s       6         
2    7.468e+00    2.320e+06    4.902e+05      7.000e+00    1.000e+01    5.768e-02      13.23s       3         
3    6.963e+00    2.939e+08    1.777e+05      7.000e+00    1.000e+01    5.768e-02      13.48s       3         
4    6.860e+00    1.364e+09    8.366e+03      7.000e+00    1.000e+01    5.768e-02      12.88s       3         
5    7.138e+00    4.012e+03    1.980e+12      7.000e+00    1.000e+01    5.768e-02      12.31s       3         
6    6.582e+00    6.467e+02    1.277e+05      7.000e+00    1.000e+01    5.768e-02      11.60s       3         
7    6.843e+00    6.159e+06    1.572e+05      7.000e+00    1.000e+01    5.287e-02      10.59s       4         
8    6.798e+00    1.525e+03    1.376e+05      7.000e+00    1.000e+01    5.287e-02      10.65s       4         
9    6.688e+00    1.246e+04    1.070e+06      7.000e+00    1.000e+01    5.287e-02      9.74s        4         
10   6.817e+00    6.986e+05    1.494e+10      7.000e+00    1.000e+01    5.287e-02      8.86s        4         
11   6.963e+00    5.407e+04    3.523e+04      7.000e+00    1.000e+01    5.287e-02      8.07s        4         
12   7.157e+00    2.610e+11    7.634e+06      7.000e+00    1.000e+01    5.287e-02      7.61s        4         
13   7.050e+00    1.174e+09    2.099e+09      7.000e+00    1.000e+01    5.287e-02      7.09s        4         
14   6.815e+00    3.001e+07    1.116e+05      7.000e+00    1.000e+01    5.287e-02      6.41s        4         
15   6.780e+00    1.405e+05    5.810e+05      7.000e+00    1.000e+01    5.287e-02      5.69s        4         
16   6.537e+00    1.508e+06    8.419e+05      7.000e+00    1.000e+01    5.287e-02      5.02s        4         
17   6.860e+00    1.461e+11    9.393e+09      7.000e+00    1.000e+01    5.152e-02      4.61s        4         
18   6.777e+00    3.337e+03    1.891e+02      7.000e+00    1.000e+01    5.152e-02      3.80s        4         
19   7.027e+00    1.097e+13    2.284e+04      7.000e+00    1.000e+01    5.152e-02      3.23s        4         
20   6.620e+00    2.370e+03    1.727e+02      7.000e+00    1.000e+01    5.152e-02      2.44s        4         
21   6.947e+00    2.623e+05    1.281e+05      7.000e+00    1.000e+01    5.152e-02      1.92s        4         
22   6.850e+00    1.307e+06    2.131e+05      7.000e+00    1.000e+01    5.152e-02      1.35s        4         
23   6.790e+00    6.680e+04    3.256e+04      7.000e+00    1.000e+01    5.152e-02      0.62s        4         
24   7.060e+00    8.721e+05    1.718e+05      7.000e+00    1.000e+01    5.152e-02      0.00s        4         
25   6.652e+00    4.398e+02    2.021e+05      7.000e+00    1.000e+01    5.152e-02      15.20s       4         
26   7.040e+00    1.302e+06    3.577e+05      7.000e+00    1.000e+01    5.152e-02      14.71s       4         
27   6.450e+00    2.127e+03    1.818e+05      7.000e+00    1.000e+01    5.152e-02      13.94s       4         
28   7.263e+00    8.071e+09    2.686e+05      7.000e+00    1.000e+01    5.152e-02      13.26s       4         
29   7.372e+00    4.700e+04    4.247e+05      7.000e+00    1.000e+01    5.152e-02      13.33s       4         
30   6.520e+00    5.962e+02    1.326e+04      7.000e+00    1.000e+01    5.152e-02      12.33s       4         
31   6.688e+00    5.891e+03    3.439e+02      7.000e+00    1.000e+01    5.152e-02      11.33s       4         
32   6.865e+00    6.694e+07    2.973e+05      7.000e+00    1.000e+01    5.152e-02      10.62s       4         
33   7.223e+00    3.629e+06    1.649e+06      7.000e+00    1.000e+01    5.152e-02      9.78s        4         
34   7.032e+00    1.504e+06    2.470e+04      7.000e+00    1.000e+01    5.152e-02      9.50s        4         
35   6.985e+00    3.505e+06    1.673e+05      7.000e+00    1.000e+01    5.152e-02      8.75s        4         
36   7.048e+00    2.351e+07    1.300e+05      7.000e+00    1.000e+01    5.152e-02      8.08s        4         
37   7.183e+00    3.788e+10    3.249e+06      7.000e+00    1.000e+01    5.152e-02      8.11s        4         
38   7.162e+00    1.056e+07    3.300e+06      7.000e+00    1.000e+01    5.152e-02      6.95s        4         
39   7.612e+00    2.292e+09    7.493e+04      7.000e+00    1.000e+01    5.152e-02      6.15s        4         
40   6.503e+00    2.780e+02    2.009e+02      7.000e+00    1.000e+01    5.152e-02      5.73s        4         
41   7.155e+00    1.051e+14    3.511e+05      7.000e+00    1.000e+01    5.152e-02      5.12s        4         
42   6.810e+00    7.682e+05    4.306e+03      7.000e+00    1.000e+01    5.152e-02      4.57s        4         
43   6.560e+00    4.298e+02    3.585e+04      7.000e+00    1.000e+01    5.152e-02      3.89s        4         
44   6.692e+00    1.860e+06    6.516e+01      7.000e+00    1.000e+01    5.152e-02      3.14s        4         
45   6.780e+00    1.166e+08    4.072e+03      7.000e+00    1.000e+01    5.152e-02      2.47s        4         
46   6.723e+00    3.669e+03    4.165e+05      7.000e+00    1.000e+01    5.152e-02      1.91s        4         
47   6.918e+00    5.116e+02    1.886e+05      7.000e+00    1.000e+01    5.152e-02      1.30s        4         
48   6.955e+00    2.501e+03    1.383e+04      7.000e+00    1.000e+01    5.152e-02      0.65s        4         
49   6.867e+00    1.065e+07    6.886e+02      7.000e+00    1.000e+01    5.152e-02      0.00s        4         
50   6.737e+00    7.716e+04    4.529e+05      7.000e+00    1.000e+01    5.152e-02      15.33s       4         
51   6.755e+00    4.159e+03    1.039e+05      7.000e+00    1.000e+01    5.152e-02      15.62s       4         
52   6.808e+00    7.133e+02    7.979e+02      7.000e+00    1.000e+01    5.152e-02      14.00s       4         
53   6.758e+00    2.133e+06    2.760e+04      7.000e+00    1.000e+01    5.152e-02      13.75s       4         
54   6.645e+00    1.864e+04    7.099e+04      7.000e+00    1.000e+01    5.152e-02      12.72s       4         
55   6.423e+00    2.185e+02    5.073e+03      7.000e+00    1.000e+01    5.152e-02      12.16s       4         
56   7.128e+00    4.532e+13    4.285e+07      7.000e+00    1.000e+01    5.152e-02      11.97s       4         
57   7.125e+00    4.312e+07    4.611e+02      7.000e+00    1.000e+01    5.152e-02      11.23s       4         
58   6.675e+00    2.322e+04    1.882e+05      7.000e+00    1.000e+01    5.152e-02      10.37s       4         
59   7.133e+00    2.017e+06    7.780e+04      7.000e+00    1.000e+01    5.152e-02      9.84s        4         
60   7.125e+00    3.823e+11    1.751e+05      7.000e+00    1.000e+01    5.152e-02      8.86s        4         
61   7.025e+00    7.235e+03    1.264e+05      7.000e+00    1.000e+01    5.152e-02      8.26s        4         
62   6.817e+00    1.551e+05    7.163e+05      7.000e+00    1.000e+01    5.152e-02      7.38s        4         
63   6.830e+00    2.760e+06    1.452e+05      7.000e+00    1.000e+01    5.152e-02      6.99s        4         
64   6.500e+00    1.536e+04    1.797e+05      7.000e+00    1.000e+01    5.152e-02      6.35s        4         
65   6.607e+00    1.235e+04    3.816e+06      7.000e+00    1.000e+01    5.152e-02      5.87s        4         
66   6.678e+00    1.887e+05    1.867e+04      7.000e+00    1.000e+01    5.152e-02      4.96s        4         
67   6.660e+00    3.049e+07    3.694e+05      7.000e+00    1.000e+01    5.152e-02      4.37s        4         
68   6.457e+00    6.214e+03    1.366e+05      7.000e+00    1.000e+01    5.152e-02      3.77s        4         
69   6.525e+00    1.576e+04    1.344e+05      7.000e+00    1.000e+01    5.152e-02      3.22s        4         
70   6.647e+00    7.536e+03    7.519e+05      7.000e+00    1.000e+01    5.152e-02      2.51s        4         
71   6.763e+00    7.076e+03    4.738e+05      7.000e+00    1.000e+01    5.152e-02      1.93s        4         
72   7.275e+00    1.316e+07    2.732e+07      7.000e+00    1.000e+01    5.152e-02      1.24s        4         
73   6.853e+00    1.045e+05    5.095e+02      7.000e+00    1.000e+01    5.152e-02      0.66s        4         
74   6.795e+00    1.691e+06    1.865e+04      7.000e+00    1.000e+01    5.152e-02      0.00s        4         
75   6.942e+00    1.200e+06    8.691e+08      7.000e+00    1.000e+01    5.152e-02      15.45s       4         
76   6.460e+00    2.595e+05    5.957e+04      7.000e+00    1.000e+01    5.152e-02      14.76s       4         
77   6.720e+00    1.747e+04    1.341e+03      7.000e+00    1.000e+01    5.152e-02      13.83s       4         
78   7.055e+00    1.584e+05    3.761e+05      7.000e+00    1.000e+01    5.152e-02      13.13s       4         
79   6.912e+00    1.318e+04    8.337e+05      7.000e+00    1.000e+01    5.152e-02      12.93s       4         
80   6.867e+00    5.406e+04    2.918e+04      7.000e+00    1.000e+01    5.152e-02      12.78s       5         
81   6.772e+00    4.012e+02    1.573e+04      7.000e+00    1.000e+01    5.152e-02      12.11s       5         
82   6.870e+00    1.993e+04    4.057e+04      7.000e+00    1.000e+01    5.152e-02      11.49s       5         
83   6.985e+00    1.351e+09    9.022e+04      7.000e+00    1.000e+01    5.152e-02      10.17s       5         
84   7.610e+00    2.374e+04    1.889e+05      7.000e+00    1.000e+01    5.152e-02      9.93s        5         
85   7.175e+00    6.901e+04    3.112e+04      7.000e+00    1.000e+01    5.152e-02      9.35s        5         
86   7.015e+00    6.099e+06    2.279e+03      7.000e+00    1.000e+01    5.152e-02      8.63s        5         
87   7.412e+00    1.313e+09    4.828e+03      7.000e+00    1.000e+01    5.152e-02      8.16s        5         
88   7.138e+00    1.823e+08    2.361e+06      7.000e+00    1.000e+01    5.152e-02      7.16s        5         
89   7.147e+00    6.630e+05    3.634e+05      7.000e+00    1.000e+01    5.152e-02      6.55s        5         
90   7.287e+00    3.359e+10    5.456e+04      7.000e+00    1.000e+01    5.152e-02      5.91s        5         
91   7.420e+00    6.757e+12    4.751e+04      7.000e+00    1.000e+01    5.152e-02      5.42s        5         
92   7.170e+00    8.013e+04    4.075e+05      7.000e+00    1.000e+01    5.152e-02      4.47s        5         
93   7.647e+00    8.493e+07    2.592e+05      7.000e+00    1.000e+01    5.152e-02      3.88s        5         
94   6.790e+00    9.566e+02    6.818e+04      7.000e+00    1.000e+01    5.152e-02      3.53s        5         
95   7.065e+00    6.750e+08    6.915e+09      7.000e+00    1.000e+01    5.152e-02      2.64s        5         
96   7.378e+00    1.903e+09    3.163e+05      7.000e+00    1.000e+01    5.152e-02      1.95s        5         
97   7.397e+00    1.066e+11    1.939e+04      7.000e+00    1.000e+01    5.152e-02      1.31s        5         
98   6.995e+00    3.172e+04    2.458e+02      7.000e+00    1.000e+01    5.152e-02      0.65s        5         
99   7.207e+00    5.564e+08    2.734e+05      7.000e+00    1.000e+01    5.152e-02      0.00s        5         
100  7.223e+00    2.013e+07    4.844e+05      7.000e+00    1.000e+01    5.152e-02      16.29s       5         
101  7.293e+00    7.756e+06    1.341e+06      7.000e+00    1.000e+01    5.152e-02      14.94s       5         
102  6.850e+00    4.383e+02    8.884e+01      7.000e+00    1.000e+01    5.152e-02      14.80s       5         
103  6.855e+00    6.021e+03    1.947e+05      7.000e+00    1.000e+01    5.152e-02      13.90s       5         
104  7.570e+00    6.724e+06    5.776e+04      7.000e+00    1.000e+01    5.152e-02      13.37s       5         
105  7.245e+00    2.915e+04    3.221e+05      7.000e+00    1.000e+01    5.152e-02      12.39s       5         
106  6.745e+00    4.878e+02    3.151e+02      7.000e+00    1.000e+01    5.152e-02      11.86s       5         
107  7.025e+00    6.555e+02    1.229e+05      7.000e+00    1.000e+01    5.152e-02      11.03s       5         
108  7.053e+00    5.050e+06    4.174e+04      7.000e+00    1.000e+01    5.152e-02      10.64s       5         
109  7.460e+00    4.791e+08    6.752e+10      7.000e+00    1.000e+01    5.152e-02      10.64s       4         
110  7.223e+00    3.013e+07    6.892e+04      7.000e+00    1.000e+01    5.152e-02      9.29s        4         
111  7.312e+00    7.298e+07    2.631e+07      7.000e+00    1.000e+01    5.152e-02      8.45s        4         
112  7.263e+00    3.518e+14    1.132e+04      7.000e+00    1.000e+01    5.152e-02      8.09s        4         
113  7.700e+00    5.611e+05    3.799e+04      7.000e+00    1.000e+01    5.152e-02      7.50s        4         
114  7.393e+00    3.266e+07    3.815e+05      7.000e+00    1.000e+01    5.152e-02      6.68s        4         
115  7.080e+00    1.786e+03    3.404e+03      7.000e+00    1.000e+01    5.152e-02      6.13s        4         
116  6.987e+00    6.977e+06    4.906e+10      7.000e+00    1.000e+01    5.152e-02      5.22s        4         
117  6.950e+00    2.147e+06    7.753e+01      7.000e+00    1.000e+01    5.152e-02      4.78s        4         
118  7.088e+00    6.477e+03    3.318e+05      9.000e+00    1.500e+01    5.044e-02      4.11s        5         
119  8.025e+00    4.310e+10    1.545e+06      9.000e+00    1.500e+01    5.044e-02      3.37s        5         
120  8.120e+00    4.194e+05    9.543e+03      1.100e+01    1.700e+01    4.463e-02      2.81s        6         
121  8.623e+00    7.983e+12    2.911e+05      1.100e+01    1.700e+01    4.463e-02      2.07s        6         
122  8.428e+00    2.125e+05    2.499e+05      1.100e+01    1.700e+01    4.435e-02      1.41s        6         
123  8.287e+00    2.315e+05    1.516e+03      9.000e+00    1.500e+01    4.262e-02      0.73s        5         
124  7.643e+00    3.988e+06    5.590e+04      9.000e+00    1.500e+01    4.262e-02      0.00s        6         
125  8.033e+00    8.029e+10    4.660e+05      9.000e+00    1.500e+01    4.262e-02      17.21s       6         
126  8.195e+00    1.765e+05    1.618e+06      9.000e+00    1.500e+01    4.262e-02      16.23s       6         
127  7.997e+00    4.525e+06    8.547e+04      9.000e+00    1.300e+01    4.033e-02      16.12s       5         
128  7.723e+00    8.096e+02    1.641e+05      9.000e+00    1.300e+01    4.033e-02      14.48s       5         
129  7.157e+00    1.387e+02    2.875e+05      9.000e+00    1.300e+01    4.033e-02      13.57s       5         
130  7.668e+00    1.357e+06    7.709e+10      9.000e+00    1.300e+01    4.033e-02      12.81s       5         
131  7.652e+00    2.158e+05    3.876e+05      9.000e+00    1.300e+01    4.033e-02      12.63s       5         
132  7.673e+00    2.420e+16    8.243e+04      9.000e+00    1.300e+01    4.033e-02      11.66s       5         
133  7.607e+00    1.007e+03    1.543e+02      9.000e+00    1.300e+01    4.033e-02      10.93s       5         
134  7.410e+00    6.987e+02    9.030e+02      9.000e+00    1.300e+01    4.033e-02      10.56s       5         
135  7.473e+00    6.448e+03    2.391e+05      9.000e+00    1.300e+01    4.033e-02      9.28s        5         
136  7.555e+00    4.623e+03    7.586e+09      9.000e+00    1.300e+01    4.033e-02      8.71s        5         
137  8.182e+00    5.244e+06    2.519e+05      9.000e+00    1.300e+01    4.033e-02      9.08s        5         
138  7.420e+00    2.839e+03    2.767e+02      9.000e+00    1.300e+01    4.033e-02      7.51s        5         
139  7.723e+00    6.451e+03    7.217e+11      9.000e+00    1.300e+01    4.033e-02      7.04s        5         
140  7.728e+00    2.066e+04    6.636e+05      9.000e+00    1.300e+01    4.033e-02      6.23s        5         
141  7.930e+00    6.461e+07    2.312e+02      9.000e+00    1.300e+01    4.033e-02      5.61s        5         
142  7.940e+00    1.209e+06    2.624e+05      9.000e+00    1.300e+01    4.033e-02      4.76s        5         
143  7.605e+00    5.185e+04    4.937e+03      9.000e+00    1.300e+01    4.033e-02      4.25s        5         
144  7.768e+00    1.209e+04    1.047e+09      9.000e+00    1.300e+01    4.033e-02      3.56s        5         
145  8.265e+00    3.347e+05    2.873e+07      9.000e+00    1.300e+01    4.033e-02      2.87s        5         
146  8.330e+00    9.613e+12    8.333e+12      9.000e+00    1.300e+01    4.033e-02      2.12s        5         
147  7.745e+00    8.768e+06    6.891e+04      9.000e+00    1.300e+01    4.033e-02      1.43s        5         
148  8.010e+00    1.244e+06    3.653e+04      9.000e+00    1.300e+01    4.033e-02      0.67s        5         
149  7.945e+00    2.497e+09    4.070e+05      9.000e+00    1.300e+01    4.033e-02      0.00s        5         
150  7.812e+00    2.341e+06    8.093e+02      9.000e+00    1.300e+01    4.033e-02      17.98s       5         
151  7.843e+00    4.739e+04    2.087e+05      9.000e+00    1.300e+01    4.033e-02      15.84s       5         
152  7.803e+00    3.077e+06    1.204e+05      9.000e+00    1.300e+01    4.033e-02      15.09s       5         
153  7.755e+00    6.731e+04    1.019e+05      9.000e+00    1.300e+01    4.033e-02      14.20s       5         
154  7.673e+00    2.112e+05    2.059e+10      9.000e+00    1.300e+01    4.033e-02      14.80s       5         
155  7.975e+00    7.545e+05    9.837e+05      9.000e+00    1.300e+01    4.033e-02      13.57s       5         
156  8.190e+00    4.204e+06    1.461e+03      9.000e+00    1.300e+01    4.033e-02      12.63s       5         
157  8.053e+00    1.442e+13    1.764e+05      9.000e+00    1.300e+01    4.033e-02      11.96s       5         
158  7.430e+00    5.458e+07    5.701e+07      9.000e+00    1.300e+01    4.033e-02      10.70s       5         
159  7.420e+00    8.160e+02    1.534e+07      9.000e+00    1.300e+01    4.033e-02      10.76s       5         
160  7.485e+00    1.946e+05    2.866e+02      9.000e+00    1.300e+01    4.033e-02      9.59s        5         
161  7.720e+00    3.504e+03    8.329e+04      9.000e+00    1.300e+01    4.033e-02      8.86s        5         
162  7.675e+00    6.838e+05    4.223e+04      9.000e+00    1.300e+01    4.033e-02      8.34s        5         
163  7.655e+00    1.345e+05    3.042e+05      9.000e+00    1.300e+01    4.033e-02      7.67s        5         
164  7.725e+00    1.206e+05    2.363e+06      9.000e+00    1.300e+01    4.033e-02      7.27s        5         
165  7.440e+00    3.612e+02    3.102e+03      9.000e+00    1.300e+01    4.033e-02      6.12s        5         
166  7.525e+00    1.312e+06    1.659e+06      9.000e+00    1.300e+01    4.033e-02      5.68s        5         
167  7.668e+00    1.902e+08    4.793e+05      9.000e+00    1.300e+01    4.033e-02      5.03s        5         
168  7.940e+00    1.280e+09    1.591e+05      1.100e+01    2.100e+01    3.804e-02      4.14s        6         
169  8.130e+00    2.678e+05    1.707e+03      1.100e+01    2.100e+01    3.804e-02      3.48s        6         
170  8.033e+00    1.159e+03    1.031e+02      1.100e+01    2.100e+01    3.804e-02      2.82s        6         
171  8.367e+00    1.221e+03    3.974e+05      1.100e+01    2.100e+01    3.804e-02      2.15s        6         
172  8.182e+00    8.881e+03    5.497e+03      1.100e+01    2.100e+01    3.804e-02      1.40s        6         
173  8.650e+00    3.079e+08    5.394e+04      1.100e+01    2.100e+01    3.804e-02      0.70s        6         
174  8.102e+00    8.488e+02    9.853e+03      1.100e+01    2.100e+01    3.804e-02      0.00s        6         
175  8.280e+00    8.240e+03    3.787e+03      1.100e+01    2.100e+01    3.804e-02      17.74s       6         
176  8.580e+00    2.082e+14    2.375e+05      1.100e+01    2.100e+01    3.804e-02      16.42s       6         
177  8.100e+00    3.957e+02    5.200e+04      1.100e+01    2.100e+01    3.804e-02      16.92s       6         
178  8.283e+00    3.666e+03    2.587e+09      1.100e+01    2.100e+01    3.804e-02      15.41s       6         
179  8.510e+00    3.470e+03    2.207e+05      1.100e+01    2.100e+01    3.804e-02      14.36s       6         
180  8.310e+00    3.230e+09    8.740e+04      1.100e+01    2.100e+01    3.804e-02      13.39s       6         
181  8.742e+00    4.110e+07    4.128e+10      1.100e+01    2.100e+01    3.804e-02      12.90s       6         
182  8.672e+00    8.915e+06    6.492e+10      1.100e+01    2.100e+01    3.804e-02      11.95s       6         
183  8.512e+00    1.505e+13    1.045e+05      1.100e+01    2.100e+01    3.804e-02      11.44s       6         
184  8.438e+00    1.710e+05    5.047e+09      1.100e+01    2.100e+01    3.804e-02      11.10s       6         
185  8.443e+00    2.974e+06    4.778e+08      1.100e+01    2.100e+01    3.804e-02      10.32s       6         
186  8.170e+00    2.165e+04    2.733e+06      1.100e+01    2.100e+01    3.804e-02      9.17s        6         
187  8.070e+00    4.937e+02    1.722e+04      1.100e+01    2.100e+01    3.804e-02      8.57s        6         
188  8.170e+00    1.772e+03    6.146e+03      1.100e+01    2.100e+01    3.804e-02      7.69s        6         
189  8.088e+00    3.245e+03    1.137e+04      1.100e+01    2.100e+01    3.804e-02      6.86s        6         
190  8.602e+00    1.162e+13    1.246e+05      1.100e+01    2.100e+01    3.804e-02      6.91s        6         
191  8.355e+00    2.916e+08    2.171e+05      1.100e+01    2.100e+01    3.744e-02      5.69s        6         
192  8.342e+00    1.346e+03    2.409e+05      1.100e+01    2.100e+01    3.744e-02      5.09s        6         
193  8.265e+00    9.663e+03    4.328e+04      1.100e+01    2.100e+01    3.744e-02      4.30s        6         
194  7.763e+00    5.164e+02    5.177e+05      1.100e+01    2.100e+01    3.744e-02      3.58s        6         
195  7.930e+00    1.369e+02    8.751e+04      1.100e+01    2.100e+01    3.744e-02      2.84s        6         
196  8.393e+00    8.564e+06    2.644e+02      1.100e+01    2.100e+01    3.744e-02      2.18s        6         
197  8.195e+00    3.565e+04    6.182e+03      1.100e+01    2.100e+01    3.744e-02      1.44s        6         
198  8.345e+00    3.075e+11    3.316e+05      1.100e+01    2.100e+01    3.744e-02      0.70s        6         
199  8.210e+00    5.469e+03    6.836e+02      1.100e+01    2.100e+01    3.744e-02      0.00s        6         
200  8.738e+00    1.671e+05    2.331e+03      1.100e+01    2.100e+01    3.744e-02      17.76s       6         
201  8.123e+00    1.502e+10    4.550e+01      1.100e+01    2.100e+01    3.744e-02      16.66s       6         
202  8.500e+00    1.992e+05    2.229e+05      1.100e+01    2.100e+01    3.744e-02      15.29s       6         
203  8.615e+00    1.438e+04    2.902e+02      1.100e+01    2.100e+01    3.744e-02      15.88s       6         
204  8.307e+00    1.828e+05    7.283e+01      1.100e+01    2.100e+01    3.744e-02      14.41s       6         
205  8.230e+00    3.333e+02    2.824e+09      1.100e+01    2.100e+01    3.744e-02      13.33s       6         
206  8.710e+00    1.086e+03    3.075e+10      1.100e+01    2.100e+01    3.744e-02      12.98s       6         
207  8.227e+00    5.892e+04    1.577e+05      1.100e+01    2.100e+01    3.744e-02      11.98s       6         
208  8.467e+00    6.945e+07    3.011e+08      1.100e+01    2.100e+01    3.744e-02      11.30s       6         
209  8.415e+00    2.015e+04    9.514e+05      1.100e+01    2.100e+01    3.744e-02      10.83s       6         
210  7.785e+00    4.577e+02    7.034e+04      1.100e+01    2.100e+01    3.744e-02      9.64s        6         
211  8.075e+00    1.040e+05    2.827e+04      1.100e+01    2.100e+01    3.744e-02      9.39s        6         
212  8.365e+00    9.284e+05    1.745e+05      1.100e+01    2.100e+01    3.744e-02      8.01s        6         
213  7.933e+00    3.498e+03    1.826e+02      1.300e+01    2.300e+01    3.732e-02      7.88s        7         
214  9.205e+00    4.562e+10    1.620e+06      1.300e+01    2.300e+01    3.732e-02      7.31s        7         
215  9.242e+00    1.366e+05    6.957e+04      1.300e+01    2.300e+01    3.732e-02      6.48s        7         
216  9.172e+00    4.192e+09    2.654e+06      1.300e+01    2.300e+01    3.732e-02      6.04s        7         
217  8.953e+00    1.348e+03    6.787e+03      1.300e+01    2.300e+01    3.732e-02      5.11s        7         
218  9.168e+00    6.315e+03    1.316e+04      1.100e+01    2.100e+01    3.599e-02      4.42s        6         
219  8.043e+00    1.626e+07    5.633e+02      1.100e+01    2.100e+01    3.599e-02      3.55s        6         
220  8.547e+00    7.098e+04    3.654e+02      1.100e+01    2.100e+01    3.599e-02      2.92s        6         
221  8.123e+00    3.749e+03    4.508e+04      1.100e+01    2.100e+01    3.599e-02      2.11s        6         
222  8.238e+00    4.030e+04    1.347e+04      1.100e+01    2.100e+01    3.599e-02      1.49s        6         
223  8.255e+00    1.196e+05    3.060e+13      1.100e+01    2.100e+01    3.599e-02      0.72s        6         
224  8.438e+00    4.261e+05    7.304e+08      1.100e+01    2.100e+01    3.599e-02      0.00s        6         
225  8.568e+00    7.090e+06    2.722e+10      1.100e+01    2.100e+01    3.599e-02      17.06s       6         
226  8.428e+00    1.543e+04    7.913e+04      1.100e+01    2.100e+01    3.599e-02      15.90s       6         
227  8.330e+00    3.540e+05    3.329e+06      1.100e+01    2.100e+01    3.599e-02      16.05s       6         
228  8.807e+00    4.114e+06    1.956e+05      1.100e+01    2.100e+01    3.599e-02      14.80s       6         
229  8.430e+00    7.303e+05    2.066e+03      1.100e+01    2.100e+01    3.599e-02      15.11s       6         
230  8.180e+00    6.406e+02    1.341e+05      1.100e+01    2.100e+01    3.599e-02      13.58s       6         
231  8.453e+00    2.438e+04    1.414e+03      1.100e+01    2.100e+01    3.599e-02      12.67s       6         
232  8.482e+00    1.716e+06    2.847e+05      1.100e+01    2.100e+01    3.599e-02      12.18s       6         
233  8.090e+00    4.370e+03    2.285e+04      1.100e+01    2.100e+01    3.599e-02      11.28s       6         
234  8.293e+00    9.385e+04    2.212e+05      1.100e+01    2.100e+01    3.599e-02      10.92s       6         
235  8.475e+00    3.298e+05    4.766e+09      1.100e+01    2.100e+01    3.599e-02      9.86s        6         
236  8.330e+00    8.863e+07    1.154e+02      1.100e+01    2.100e+01    3.599e-02      9.26s        6         
237  8.387e+00    2.011e+06    3.310e+10      1.100e+01    2.100e+01    3.599e-02      8.89s        6         
238  8.602e+00    6.120e+05    3.311e+05      1.100e+01    2.100e+01    3.599e-02      7.67s        6         
239  8.200e+00    2.170e+03    1.253e+06      1.100e+01    2.100e+01    3.599e-02      7.30s        6         
240  8.613e+00    4.992e+05    1.700e+05      1.100e+01    2.100e+01    3.599e-02      6.35s        6         
241  8.715e+00    6.276e+09    1.373e+05      1.100e+01    2.100e+01    3.599e-02      5.65s        6         
242  8.027e+00    1.903e+06    6.590e+02      1.100e+01    2.100e+01    3.599e-02      5.24s        6         
243  8.260e+00    3.041e+03    1.495e+05      1.100e+01    2.100e+01    3.599e-02      4.31s        6         
244  8.015e+00    4.959e+03    1.843e+05      1.100e+01    2.100e+01    3.599e-02      3.60s        6         
245  8.435e+00    8.234e+05    1.709e+09      1.100e+01    2.100e+01    3.599e-02      2.91s        6         
246  8.107e+00    1.243e+04    3.944e+12      1.100e+01    2.100e+01    3.599e-02      2.15s        6         
247  8.393e+00    1.197e+08    1.987e+05      1.100e+01    2.100e+01    3.599e-02      1.43s        6         
248  8.072e+00    6.822e+05    1.110e+10      1.100e+01    2.100e+01    3.599e-02      0.71s        6         
249  8.443e+00    2.891e+04    1.582e+04      1.100e+01    2.100e+01    3.599e-02      0.00s        6         
250  8.248e+00    5.248e+12    1.651e+02      1.100e+01    2.100e+01    3.599e-02      17.66s       6         
251  8.562e+00    9.763e+05    8.535e+04      1.100e+01    2.100e+01    3.599e-02      16.79s       6         
252  8.303e+00    6.638e+04    2.063e+04      1.100e+01    2.100e+01    3.599e-02      15.78s       6         
253  8.432e+00    2.290e+03    2.533e+12      1.100e+01    2.100e+01    3.599e-02      14.89s       6         
254  8.190e+00    2.311e+03    7.139e+01      1.100e+01    2.100e+01    3.599e-02      14.39s       6         
255  8.428e+00    1.896e+13    8.661e+02      1.100e+01    2.100e+01    3.599e-02      14.56s       6         
256  8.665e+00    5.155e+05    1.388e+06      1.100e+01    2.100e+01    3.599e-02      12.67s       6         
257  8.578e+00    7.165e+13    3.588e+07      1.100e+01    2.100e+01    3.599e-02      12.47s       6         
258  8.370e+00    4.430e+05    4.574e+05      1.100e+01    2.100e+01    3.599e-02      11.53s       6         
259  8.335e+00    4.822e+10    1.578e+05      1.100e+01    2.100e+01    3.599e-02      10.79s       6         
260  8.387e+00    4.120e+04    8.341e+04      1.100e+01    2.100e+01    3.599e-02      10.11s       6         
261  8.207e+00    1.390e+06    1.106e+03      1.100e+01    2.100e+01    3.599e-02      9.51s        6         
262  8.303e+00    5.803e+06    7.223e+04      1.100e+01    2.100e+01    3.599e-02      8.38s        6         
263  8.250e+00    5.514e+07    1.497e+06      1.100e+01    2.100e+01    3.599e-02      7.86s        6         
264  8.527e+00    1.493e+06    9.201e+05      1.100e+01    2.100e+01    3.599e-02      7.24s        6         
265  8.390e+00    4.424e+05    1.875e+05      1.100e+01    2.100e+01    3.599e-02      6.43s        6         
266  8.325e+00    3.534e+04    5.259e+03      1.100e+01    2.100e+01    3.599e-02      5.58s        6         
267  8.335e+00    1.280e+03    3.158e+05      1.100e+01    2.100e+01    3.599e-02      5.08s        6         
268  8.305e+00    2.028e+08    6.197e+05      1.100e+01    2.100e+01    3.599e-02      4.46s        6         
269  8.360e+00    5.585e+04    2.657e+05      1.100e+01    2.100e+01    3.599e-02      3.57s        6         
270  8.390e+00    7.595e+09    9.549e+03      1.100e+01    2.100e+01    3.481e-02      2.90s        6         
271  8.867e+00    2.720e+10    7.322e+03      1.100e+01    2.100e+01    3.481e-02      2.17s        6         
272  8.400e+00    7.834e+06    1.861e+05      2.100e+01    1.410e+02    3.405e-02      1.41s        7         
273  9.768e+00    1.289e+08    2.434e+02      2.700e+01    1.950e+02    2.971e-02      0.74s        10        
274  1.318e+01    2.605e+09    1.468e+04      2.300e+01    1.650e+02    2.842e-02      0.00s        11        
275  1.255e+01    3.379e+05    2.442e+05      2.300e+01    1.650e+02    2.842e-02      18.57s       9         
276  1.173e+01    1.190e+06    4.343e+04      2.300e+01    3.210e+02    2.117e-02      18.36s       11        
277  1.278e+01    3.802e+05    1.700e+02      2.300e+01    3.210e+02    2.117e-02      17.43s       12        
278  1.310e+01    1.933e+04    1.957e+04      2.300e+01    3.210e+02    2.117e-02      17.04s       12        
279  1.327e+01    8.575e+14    3.790e+04      2.300e+01    3.210e+02    2.117e-02      15.98s       13        
280  1.364e+01    7.412e+05    6.392e+01      2.300e+01    3.210e+02    2.117e-02      15.90s       14        
281  1.416e+01    2.830e+07    1.002e+05      2.700e+01    3.570e+02    1.947e-02      14.73s       15        
282  1.534e+01    7.963e+13    8.467e+07      2.700e+01    3.690e+02    1.743e-02      14.68s       16        
283  1.562e+01    4.154e+15    2.293e+03      2.700e+01    3.690e+02    1.743e-02      13.53s       15        
284  1.529e+01    1.770e+03    3.980e+04      2.700e+01    3.690e+02    1.743e-02      12.63s       15        
285  1.622e+01    3.161e+04    1.535e+04      2.700e+01    3.690e+02    1.743e-02      12.25s       15        
286  1.591e+01    1.172e+05    3.167e+04      2.700e+01    3.690e+02    1.743e-02      11.44s       15        
287  1.499e+01    4.314e+04    4.309e+05      2.700e+01    3.690e+02    1.743e-02      10.27s       16        
288  1.545e+01    4.122e+05    1.656e+04      2.700e+01    3.690e+02    1.743e-02      9.14s        16        
289  1.596e+01    4.448e+03    3.397e+03      2.700e+01    3.690e+02    1.743e-02      8.77s        19        
290  1.775e+01    6.974e+06    1.018e+04      2.700e+01    3.690e+02    1.743e-02      7.92s        20        
291  1.793e+01    6.116e+09    3.245e+03      2.700e+01    3.690e+02    1.743e-02      6.92s        20        
292  1.705e+01    5.840e+05    8.487e+05      2.700e+01    3.690e+02    1.743e-02      6.19s        19        
293  1.664e+01    4.288e+03    6.700e+04      2.700e+01    3.690e+02    1.743e-02      5.09s        19        
294  1.592e+01    1.669e+07    1.299e+02      2.700e+01    3.690e+02    1.743e-02      4.37s        18        
295  1.595e+01    2.239e+04    9.799e+04      2.700e+01    3.690e+02    1.743e-02      3.41s        18        
296  1.640e+01    1.333e+04    8.164e+04      2.700e+01    3.690e+02    1.743e-02      2.61s        19        
297  1.627e+01    1.857e+03    4.246e+02      2.700e+01    3.690e+02    1.743e-02      1.86s        20        
298  1.677e+01    8.260e+05    7.145e+05      2.700e+01    3.690e+02    1.743e-02      0.86s        20        
299  1.711e+01    2.501e+09    2.655e+03      2.700e+01    3.690e+02    1.743e-02      0.00s        20        
300  1.680e+01    1.344e+04    3.647e+05      2.700e+01    3.690e+02    1.743e-02      21.17s       20        
301  1.719e+01    7.187e+10    7.549e+05      2.700e+01    3.690e+02    1.743e-02      20.54s       20        
302  1.661e+01    1.819e+06    9.704e+04      2.700e+01    3.690e+02    1.743e-02      19.16s       20        
303  1.710e+01    4.120e+07    4.388e+03      2.700e+01    3.690e+02    1.743e-02      18.16s       21        
304  1.720e+01    1.038e+06    2.775e+03      2.700e+01    3.690e+02    1.743e-02      17.66s       20        
305  1.589e+01    4.680e+04    2.167e+04      2.700e+01    3.690e+02    1.743e-02      16.06s       20        
306  1.587e+01    3.145e+06    7.596e+05      2.700e+01    3.690e+02    1.743e-02      15.84s       20        
307  1.600e+01    1.738e+08    2.541e+05      2.700e+01    3.690e+02    1.743e-02      14.24s       21        
308  1.604e+01    5.187e+03    2.943e+06      2.700e+01    3.690e+02    1.743e-02      13.60s       20        
309  1.593e+01    3.298e+06    2.961e+04      2.700e+01    3.690e+02    1.743e-02      12.67s       20        
310  1.512e+01    1.470e+07    1.758e+04      2.700e+01    3.690e+02    1.743e-02      11.66s       20        
311  1.564e+01    4.786e+07    1.969e+05      2.700e+01    3.690e+02    1.743e-02      10.78s       20        
312  1.529e+01    2.320e+06    3.035e+01      2.700e+01    3.690e+02    1.743e-02      10.40s       20        
313  1.557e+01    2.870e+05    8.239e+04      2.700e+01    3.690e+02    1.743e-02      9.47s        20        
314  1.560e+01    5.621e+06    2.735e+05      2.700e+01    3.690e+02    1.743e-02      8.45s        20        
315  1.565e+01    1.353e+03    1.160e+04      2.700e+01    3.690e+02    1.743e-02      8.00s        20        
316  1.576e+01    3.167e+07    1.146e+02      2.700e+01    3.690e+02    1.743e-02      6.69s        20        
317  1.535e+01    2.753e+02    1.444e+02      2.700e+01    3.690e+02    1.743e-02      6.01s        20        
318  1.562e+01    4.634e+05    6.104e+04      2.700e+01    3.690e+02    1.743e-02      5.26s        20        
319  1.581e+01    2.621e+05    1.789e+12      2.700e+01    3.690e+02    1.743e-02      4.12s        20        
320  1.570e+01    1.516e+03    5.149e+03      2.700e+01    3.690e+02    1.743e-02      3.52s        20        
321  1.573e+01    7.113e+03    6.505e+04      2.700e+01    3.690e+02    1.743e-02      2.64s        20        
322  1.538e+01    1.399e+04    6.420e+04      2.700e+01    3.690e+02    1.743e-02      1.66s        19        
323  1.543e+01    2.602e+04    4.979e+03      2.700e+01    3.690e+02    1.743e-02      0.84s        18        
324  1.549e+01    4.471e+09    2.271e+04      2.700e+01    3.690e+02    1.743e-02      0.00s        18        
325  1.524e+01    6.863e+03    4.463e+04      2.700e+01    3.690e+02    1.743e-02      20.12s       18        
326  1.477e+01    8.694e+04    7.097e+04      2.700e+01    3.690e+02    1.743e-02      19.77s       18        
327  1.534e+01    3.961e+02    4.430e+01      2.700e+01    3.690e+02    1.743e-02      18.60s       18        
328  1.558e+01    1.024e+05    7.398e+04      2.700e+01    3.690e+02    1.743e-02      17.88s       18        
329  1.534e+01    5.381e+03    3.963e+03      2.700e+01    3.690e+02    1.743e-02      16.93s       18        
330  1.586e+01    3.699e+04    5.992e+05      2.700e+01    3.690e+02    1.743e-02      15.76s       18        
331  1.618e+01    2.039e+08    6.662e+05      2.700e+01    3.690e+02    1.743e-02      15.68s       19        
332  1.599e+01    3.338e+06    3.970e+05      2.700e+01    3.690e+02    1.743e-02      14.51s       19        
333  1.603e+01    6.651e+04    1.709e+05      2.700e+01    3.690e+02    1.743e-02      14.59s       18        
334  1.609e+01    2.752e+07    9.091e+04      2.700e+01    3.690e+02    1.743e-02      13.32s       18        
335  1.562e+01    7.454e+08    1.042e+05      2.700e+01    3.690e+02    1.743e-02      11.56s       17        
336  1.542e+01    2.627e+07    1.193e+02      2.700e+01    3.690e+02    1.743e-02      10.98s       17        
337  1.531e+01    2.138e+07    1.081e+05      2.700e+01    3.690e+02    1.743e-02      10.07s       17        
338  1.557e+01    2.219e+08    2.189e+08      2.700e+01    3.690e+02    1.743e-02      9.37s        17        
339  1.521e+01    2.144e+08    1.058e+02      2.700e+01    3.690e+02    1.743e-02      8.68s        17        
340  1.553e+01    1.349e+07    2.030e+06      2.700e+01    3.690e+02    1.743e-02      7.57s        17        
341  1.551e+01    1.139e+05    1.159e+05      2.700e+01    3.690e+02    1.743e-02      6.68s        17        
342  1.524e+01    1.416e+03    2.465e+05      2.700e+01    3.690e+02    1.743e-02      6.32s        18        
343  1.553e+01    9.684e+07    3.573e+03      2.700e+01    3.690e+02    1.743e-02      5.13s        18        
344  1.586e+01    1.152e+05    3.740e+07      2.700e+01    3.690e+02    1.743e-02      4.34s        18        
345  1.615e+01    6.589e+12    2.341e+05      2.700e+01    3.690e+02    1.743e-02      3.43s        18        
346  1.634e+01    5.399e+04    1.961e+05      2.700e+01    3.690e+02    1.743e-02      2.57s        17        
347  1.566e+01    1.108e+07    6.253e+03      2.700e+01    3.690e+02    1.743e-02      1.66s        17        
348  1.498e+01    9.415e+02    1.579e+05      2.700e+01    3.690e+02    1.743e-02      0.85s        17        
349  1.581e+01    2.038e+05    1.123e+06      2.700e+01    3.690e+02    1.743e-02      0.00s        17        
350  1.542e+01    6.692e+12    2.576e+04      2.700e+01    3.690e+02    1.743e-02      20.10s       16        
351  1.478e+01    4.035e+08    7.650e+04      2.700e+01    3.690e+02    1.743e-02      19.66s       16        
352  1.488e+01    1.098e+07    1.603e+05      2.700e+01    3.690e+02    1.743e-02      18.39s       16        
353  1.464e+01    2.858e+04    8.138e+01      2.700e+01    3.690e+02    1.743e-02      17.80s       16        
354  1.521e+01    4.815e+02    1.428e+05      2.700e+01    3.690e+02    1.743e-02      17.16s       16        
355  1.494e+01    8.770e+03    5.577e+01      2.700e+01    3.690e+02    1.743e-02      15.76s       16        
356  1.488e+01    1.068e+08    2.789e+03      2.700e+01    3.690e+02    1.743e-02      15.69s       16        
357  1.476e+01    2.951e+03    1.100e+02      2.700e+01    3.690e+02    1.743e-02      14.06s       17        
358  1.528e+01    3.277e+04    2.109e+05      2.700e+01    3.690e+02    1.743e-02      13.60s       17        
359  1.538e+01    1.113e+05    1.973e+01      2.700e+01    3.690e+02    1.743e-02      12.87s       17        
360  1.496e+01    2.265e+03    5.716e+09      2.700e+01    3.690e+02    1.743e-02      12.27s       17        
361  1.486e+01    6.891e+02    1.040e+05      2.700e+01    3.690e+02    1.743e-02      10.65s       17        
362  1.607e+01    1.731e+06    1.192e+05      2.700e+01    3.690e+02    1.743e-02      10.27s       17        
363  1.571e+01    3.834e+07    1.107e+05      2.700e+01    3.690e+02    1.743e-02      9.06s        17        
364  1.507e+01    7.081e+04    2.077e+02      2.700e+01    3.690e+02    1.743e-02      8.27s        17        
365  1.488e+01    4.128e+03    2.177e+04      2.700e+01    3.690e+02    1.743e-02      7.38s        16        
366  1.499e+01    8.326e+10    3.459e+04      2.700e+01    3.690e+02    1.743e-02      6.85s        17        
367  1.459e+01    3.623e+04    2.945e+05      2.700e+01    3.690e+02    1.743e-02      5.83s        17        
368  1.497e+01    8.544e+05    1.937e+02      2.700e+01    3.690e+02    1.743e-02      5.03s        17        
369  1.506e+01    8.025e+06    1.377e+05      2.700e+01    3.690e+02    1.743e-02      4.46s        16        
370  1.399e+01    1.365e+04    2.144e+05      2.700e+01    3.690e+02    1.743e-02      3.28s        16        
371  1.424e+01    1.448e+06    1.192e+05      2.700e+01    3.690e+02    1.743e-02      2.47s        16        
372  1.427e+01    1.781e+04    1.052e+06      2.700e+01    3.690e+02    1.743e-02      1.66s        15        
373  1.456e+01    4.291e+05    3.737e+06      2.700e+01    3.690e+02    1.743e-02      0.85s        14        
374  1.373e+01    9.787e+03    1.750e+05      2.700e+01    3.690e+02    1.743e-02      0.00s        14        
375  1.355e+01    7.508e+05    3.349e+03      2.700e+01    3.690e+02    1.743e-02      19.88s       14        
376  1.422e+01    9.509e+14    1.429e+05      2.700e+01    3.690e+02    1.743e-02      19.47s       14        
377  1.352e+01    2.038e+03    1.440e+04      2.700e+01    3.690e+02    1.743e-02      18.38s       14        
378  1.379e+01    1.903e+06    6.085e+05      2.700e+01    3.690e+02    1.743e-02      17.02s       14        
379  1.392e+01    8.872e+04    1.978e+04      2.700e+01    3.690e+02    1.743e-02      17.95s       15        
380  1.378e+01    3.031e+04    2.059e+05      2.700e+01    3.690e+02    1.743e-02      15.52s       15        
381  1.367e+01    4.149e+07    3.622e+08      2.700e+01    3.690e+02    1.743e-02      14.72s       15        
382  1.349e+01    1.801e+04    1.115e+04      2.700e+01    3.690e+02    1.743e-02      13.81s       15        
383  1.447e+01    1.250e+07    2.076e+04      2.700e+01    3.690e+02    1.743e-02      13.31s       15        
384  1.361e+01    1.454e+09    9.743e+04      2.700e+01    3.690e+02    1.743e-02      12.53s       15        
385  1.367e+01    7.982e+02    4.895e+04      2.700e+01    3.690e+02    1.743e-02      11.45s       15        
386  1.350e+01    4.619e+04    3.357e+04      2.700e+01    3.690e+02    1.743e-02      10.45s       15        
387  1.367e+01    1.681e+10    1.343e+04      2.700e+01    3.690e+02    1.743e-02      9.94s        15        
388  1.406e+01    2.678e+06    5.389e+11      2.700e+01    3.690e+02    1.743e-02      8.96s        15        
389  1.352e+01    8.998e+03    2.653e+05      2.700e+01    3.690e+02    1.743e-02      8.61s        15        
390  1.369e+01    3.500e+10    6.153e+08      2.700e+01    3.690e+02    1.743e-02      7.47s        15        
391  1.415e+01    2.083e+09    3.625e+03      2.700e+01    3.690e+02    1.743e-02      6.44s        15        
392  1.379e+01    6.016e+09    7.703e+11      2.700e+01    3.690e+02    1.743e-02      5.86s        15        
393  1.342e+01    1.084e+05    1.058e+02      2.700e+01    3.690e+02    1.743e-02      5.02s        15        
394  1.416e+01    3.919e+12    5.297e+04      2.700e+01    3.690e+02    1.743e-02      4.07s        15        
395  1.324e+01    2.305e+08    5.177e+03      2.700e+01    3.690e+02    1.743e-02      3.29s        15        
396  1.361e+01    3.319e+05    1.811e+06      2.700e+01    3.690e+02    1.743e-02      2.44s        15        
397  1.369e+01    1.602e+07    1.132e+04      2.700e+01    3.690e+02    1.743e-02      1.63s        15        
398  1.360e+01    4.091e+07    3.023e+07      2.700e+01    3.690e+02    1.743e-02      0.80s        15        
399  1.373e+01    4.010e+08    4.336e+02      2.700e+01    3.690e+02    1.743e-02      0.00s        15        
400  1.376e+01    1.311e+03    5.824e+04      2.700e+01    3.690e+02    1.743e-02      20.02s       14        
401  1.333e+01    2.811e+03    1.810e+06      2.700e+01    3.690e+02    1.743e-02      18.49s       14        
402  1.358e+01    1.547e+05    4.331e+05      2.700e+01    3.690e+02    1.743e-02      18.18s       14        
403  1.356e+01    3.203e+10    4.239e+01      2.700e+01    3.690e+02    1.743e-02      16.98s       14        
404  1.357e+01    1.170e+05    9.856e+09      2.700e+01    3.690e+02    1.743e-02      16.58s       14        
405  1.343e+01    7.085e+05    1.952e+05      2.700e+01    3.690e+02    1.743e-02      15.35s       14        
406  1.307e+01    1.110e+05    5.335e+12      2.700e+01    3.690e+02    1.743e-02      15.18s       14        
407  1.302e+01    2.690e+06    1.110e+05      2.700e+01    3.690e+02    1.743e-02      13.85s       14        
408  1.353e+01    1.619e+05    1.419e+05      2.700e+01    3.690e+02    1.743e-02      12.56s       14        
409  1.328e+01    3.384e+12    1.055e+09      2.700e+01    3.690e+02    1.743e-02      12.84s       14        
410  1.374e+01    5.253e+05    1.140e+02      2.700e+01    3.690e+02    1.743e-02      10.71s       14        
411  1.324e+01    1.608e+06    5.626e+04      2.700e+01    3.690e+02    1.743e-02      10.35s       14        
412  1.384e+01    1.149e+04    3.370e+09      2.700e+01    3.690e+02    1.743e-02      9.60s        14        
413  1.311e+01    2.247e+03    3.777e+01      2.700e+01    3.690e+02    1.743e-02      8.76s        14        
414  1.356e+01    1.629e+11    3.264e+03      2.700e+01    3.690e+02    1.743e-02      8.10s        14        
415  1.344e+01    3.024e+06    6.962e+05      2.700e+01    3.690e+02    1.743e-02      7.28s        14        
416  1.352e+01    3.516e+12    5.735e+05      2.700e+01    3.690e+02    1.743e-02      6.37s        14        
417  1.318e+01    4.880e+03    5.873e+03      2.700e+01    3.690e+02    1.743e-02      5.72s        14        
418  1.405e+01    5.840e+03    3.822e+03      2.700e+01    3.690e+02    1.743e-02      5.02s        14        
419  1.389e+01    1.633e+04    8.902e+03      2.700e+01    3.690e+02    1.743e-02      4.18s        14        
420  1.395e+01    1.354e+09    2.390e+02      2.700e+01    3.690e+02    1.743e-02      3.31s        14        
421  1.365e+01    6.000e+07    1.021e+09      2.700e+01    3.690e+02    1.743e-02      2.38s        14        
422  1.339e+01    1.407e+06    6.653e+05      2.700e+01    3.690e+02    1.743e-02      1.59s        14        
423  1.310e+01    2.044e+04    7.075e+04      2.700e+01    3.690e+02    1.743e-02      0.78s        14        
424  1.384e+01    5.576e+06    8.610e+01      2.700e+01    3.690e+02    1.743e-02      0.00s        15        
425  1.394e+01    4.546e+04    1.323e+05      2.700e+01    3.690e+02    1.743e-02      19.75s       15        
426  1.422e+01    1.003e+04    1.402e+03      2.700e+01    3.690e+02    1.743e-02      18.32s       15        
427  1.400e+01    3.590e+04    3.885e+06      2.700e+01    3.690e+02    1.743e-02      17.98s       15        
428  1.346e+01    4.832e+05    4.066e+04      2.700e+01    3.690e+02    1.743e-02      16.90s       15        
429  1.370e+01    2.674e+03    1.102e+10      2.700e+01    3.690e+02    1.743e-02      17.25s       15        
430  1.439e+01    7.677e+06    1.273e+05      2.700e+01    3.690e+02    1.743e-02      15.76s       15        
431  1.345e+01    1.330e+06    5.066e+01      2.700e+01    3.690e+02    1.743e-02      14.33s       15        
432  1.391e+01    2.746e+05    1.732e+09      2.700e+01    3.690e+02    1.743e-02      13.64s       15        
433  1.464e+01    5.186e+13    9.493e+07      2.700e+01    3.690e+02    1.743e-02      13.23s       14        
434  1.393e+01    9.775e+05    1.745e+04      2.700e+01    3.690e+02    1.743e-02      12.36s       14        
435  1.385e+01    1.339e+04    3.028e+04      2.700e+01    3.690e+02    1.743e-02      11.62s       14        
436  1.396e+01    3.140e+06    5.129e+04      2.700e+01    3.690e+02    1.743e-02      10.51s       14        
437  1.426e+01    2.233e+14    3.094e+04      2.700e+01    3.690e+02    1.743e-02      9.77s        12        
438  1.304e+01    4.945e+06    1.682e+05      2.700e+01    3.690e+02    1.743e-02      9.13s        12        
439  1.302e+01    3.625e+06    9.203e+02      2.700e+01    3.690e+02    1.743e-02      8.16s        13        
440  1.351e+01    8.451e+02    1.230e+03      2.700e+01    3.690e+02    1.743e-02      7.62s        13        
441  1.315e+01    1.642e+03    8.419e+03      2.700e+01    3.690e+02    1.743e-02      6.55s        13        
442  1.320e+01    3.396e+06    1.033e+05      2.700e+01    3.690e+02    1.743e-02      5.59s        13        
443  1.314e+01    1.506e+04    5.300e+03      2.700e+01    3.690e+02    1.743e-02      4.81s        13        
444  1.343e+01    5.047e+04    2.910e+05      2.700e+01    3.690e+02    1.743e-02      4.07s        13        
445  1.387e+01    3.084e+04    3.284e+05      2.700e+01    3.690e+02    1.743e-02      3.35s        13        
446  1.373e+01    3.788e+04    3.428e+03      2.700e+01    3.690e+02    1.743e-02      2.43s        13        
447  1.391e+01    4.426e+05    2.600e+09      2.700e+01    3.690e+02    1.743e-02      1.62s        13        
448  1.306e+01    1.622e+03    1.030e+02      2.700e+01    3.690e+02    1.743e-02      0.87s        13        
449  1.317e+01    1.274e+03    6.325e+01      2.700e+01    3.690e+02    1.743e-02      0.00s        13        
450  1.378e+01    5.716e+07    3.081e+04      2.700e+01    3.690e+02    1.743e-02      19.39s       13        
451  1.322e+01    1.728e+03    9.616e+04      2.700e+01    3.690e+02    1.743e-02      18.41s       13        
452  1.336e+01    9.082e+04    3.979e+02      2.700e+01    3.690e+02    1.743e-02      16.91s       13        
453  1.309e+01    2.610e+05    2.602e+08      2.700e+01    3.690e+02    1.743e-02      16.41s       13        
454  1.365e+01    3.201e+03    2.473e+06      2.700e+01    3.690e+02    1.743e-02      16.41s       13        
455  1.366e+01    6.126e+05    4.987e+03      2.700e+01    3.690e+02    1.743e-02      15.56s       13        
456  1.305e+01    9.805e+03    3.769e+03      2.700e+01    3.690e+02    1.743e-02      14.37s       13        
457  1.370e+01    1.713e+06    1.763e+05      2.700e+01    3.690e+02    1.743e-02      13.61s       13        
458  1.363e+01    2.148e+05    5.164e+03      2.700e+01    3.690e+02    1.743e-02      13.86s       13        
459  1.395e+01    2.952e+05    3.261e+04      2.700e+01    3.690e+02    1.743e-02      12.65s       13        
460  1.360e+01    1.274e+07    4.032e+03      2.700e+01    3.690e+02    1.743e-02      11.26s       13        
461  1.391e+01    5.356e+05    2.444e+04      2.700e+01    3.690e+02    1.729e-02      10.40s       13        
462  1.366e+01    4.650e+10    2.692e+03      2.700e+01    3.690e+02    1.729e-02      9.36s        13        
463  1.341e+01    4.797e+09    1.376e+05      2.700e+01    3.690e+02    1.729e-02      8.84s        13        
464  1.344e+01    6.043e+07    1.925e+04      2.700e+01    3.690e+02    1.729e-02      7.97s        13        
465  1.373e+01    1.881e+08    4.286e+04      2.700e+01    3.690e+02    1.729e-02      7.26s        13        
466  1.390e+01    4.937e+08    2.613e+05      2.700e+01    3.690e+02    1.729e-02      6.42s        13        
467  1.353e+01    9.924e+03    5.228e+04      2.700e+01    3.690e+02    1.729e-02      5.59s        13        
468  1.333e+01    5.261e+06    1.660e+05      2.700e+01    3.690e+02    1.729e-02      5.10s        13        
469  1.356e+01    8.662e+02    4.841e+01      2.700e+01    3.690e+02    1.729e-02      4.07s        13        
470  1.382e+01    9.773e+06    2.706e+14      2.700e+01    3.690e+02    1.729e-02      3.16s        13        
471  1.401e+01    2.476e+07    2.982e+05      2.700e+01    3.690e+02    1.729e-02      2.44s        13        
472  1.382e+01    5.768e+06    4.631e+05      2.700e+01    3.690e+02    1.729e-02      1.58s        13        
473  1.325e+01    2.083e+04    1.698e+05      2.700e+01    3.690e+02    1.729e-02      0.80s        13        
474  1.388e+01    1.385e+04    3.086e+04      2.700e+01    3.690e+02    1.729e-02      0.00s        13        
475  1.398e+01    9.253e+10    1.859e+09      2.700e+01    3.690e+02    1.729e-02      19.46s       13        
476  1.329e+01    2.114e+04    7.262e+03      2.700e+01    3.690e+02    1.729e-02      18.72s       13        
477  1.324e+01    3.310e+06    4.043e+01      2.700e+01    3.690e+02    1.729e-02      17.73s       13        
478  1.298e+01    4.225e+03    4.337e+01      2.700e+01    3.690e+02    1.729e-02      17.92s       13        
479  1.363e+01    1.284e+05    2.529e+05      2.700e+01    3.690e+02    1.729e-02      16.03s       13        
480  1.310e+01    4.221e+03    2.756e+05      2.700e+01    3.690e+02    1.729e-02      15.49s       13        
481  1.332e+01    2.244e+03    2.414e+05      2.700e+01    3.690e+02    1.729e-02      14.57s       13        
482  1.353e+01    1.907e+10    1.329e+04      2.700e+01    3.690e+02    1.729e-02      13.70s       13        
483  1.340e+01    1.039e+09    2.343e+05      2.700e+01    3.690e+02    1.729e-02      12.34s       13        
484  1.337e+01    7.682e+07    1.238e+04      2.700e+01    3.690e+02    1.729e-02      12.08s       13        
485  1.308e+01    1.341e+04    8.774e+04      2.700e+01    3.690e+02    1.729e-02      11.48s       13        
486  1.341e+01    1.226e+05    6.939e+01      2.700e+01    3.690e+02    1.729e-02      10.37s       13        
487  1.359e+01    1.776e+07    3.385e+03      2.700e+01    3.690e+02    1.729e-02      9.74s        13        
488  1.334e+01    3.261e+10    3.146e+05      2.700e+01    3.690e+02    1.729e-02      9.65s        13        
489  1.338e+01    7.114e+05    2.689e+01      2.700e+01    3.690e+02    1.729e-02      8.26s        13        
490  1.351e+01    1.465e+10    9.171e+04      2.700e+01    3.690e+02    1.729e-02      7.21s        13        
491  1.355e+01    5.323e+06    3.337e+03      2.700e+01    3.690e+02    1.729e-02      6.36s        13        
492  1.306e+01    5.728e+02    1.292e+05      2.700e+01    3.690e+02    1.729e-02      5.64s        13        
493  1.327e+01    7.188e+06    3.851e+10      2.700e+01    3.690e+02    1.729e-02      4.73s        13        
494  1.313e+01    1.833e+04    1.441e+04      2.700e+01    3.690e+02    1.729e-02      4.09s        13        
495  1.316e+01    6.530e+04    1.279e+02      2.700e+01    3.690e+02    1.729e-02      3.29s        13        
496  1.312e+01    1.605e+04    3.049e+02      2.700e+01    3.690e+02    1.729e-02      2.42s        13        
497  1.288e+01    2.820e+03    4.592e+05      2.700e+01    3.690e+02    1.729e-02      1.56s        13        
498  1.345e+01    8.243e+05    2.861e+05      2.700e+01    3.690e+02    1.729e-02      0.87s        13        
499  1.309e+01    1.057e+03    7.715e+01      2.700e+01    3.690e+02    1.727e-02      0.00s        13        





Time: 0h:6m:15s
####   Data for the best program   ####
Best Program: add(mul(sub(add(0.433, mul(add(mul(sub(add(0.322, sub(add(X1, div(X0, mul(0.850, X1))), X2)), X2), 0.225), 0.592), X1)), X2), 0.225), 0.586)
Best Program Complexity: 369
Raw Fitness: 0.017266769970849277
Penalized Fitness: 0.017266769970849277
Estimator		Train-rmse: 0.017266769970849277	Test-rmse: 0.019134872400064885	Test-R^2: 0.9606960774677491

{'complexity': 'kommenda', 'const_range': (1e-10, 2.0), 'elitism_size': 0, 'function_set': ('add', 'sub', 'div', 'mul'), 'generations': 500, 'init_depth': (3, 6), 'init_method': 'half and half', 'low_memory': True, 'max_samples': 1.0, 'metric': 'rmse', 'n_jobs': 1, 'p_crossover': 0.1, 'p_hoist_mutation': 0.0, 'p_point_mutation': 0.45, 'p_point_replace': 0.05, 'p_subtree_mutation': 0.45, 'paretogp': True, 'paretogp_lengths': (4, 130), 'parsimony_coefficient': 0.0, 'population_size': 800, 'random_state': 1172418326, 'selection': 'tournament', 'stopping_criteria': None, 'tournament_size': 11, 'verbose': 1, 'warm_start': True}
