    |          Population Average          |           Best Individual            |
---- -------------------------------------- -------------------------------------- ----------
Gen  Length       Kommenda     Fitness        Length       Kommenda     Fitness        Time Left    Front Size
0    3.883e+01    3.271e+14    4.353e+15      1.100e+01    4.300e+01    2.238e-01      14.70s       5         
1    8.150e+00    4.281e+05    6.219e+02      9.000e+00    7.100e+01    9.704e-02      7.59s        5         
2    6.600e+00    6.665e+02    2.121e+02      7.000e+00    1.500e+01    6.165e-02      6.72s        5         
3    6.915e+00    3.395e+01    1.148e+01      7.000e+00    1.500e+01    6.165e-02      6.74s        5         
4    6.630e+00    8.678e+01    3.864e+00      7.000e+00    1.500e+01    6.165e-02      6.31s        6         
5    6.433e+00    2.820e+01    4.210e+01      7.000e+00    1.500e+01    6.165e-02      5.99s        6         
6    6.745e+00    7.680e+02    9.458e+03      7.000e+00    1.500e+01    6.165e-02      5.78s        4         
7    6.715e+00    6.077e+01    3.345e+01      7.000e+00    1.500e+01    6.165e-02      5.62s        4         
8    6.772e+00    6.538e+04    1.391e+05      7.000e+00    1.500e+01    6.165e-02      5.20s        4         
9    6.545e+00    1.930e+01    1.480e+01      9.000e+00    5.000e+01    5.513e-02      4.84s        5         
10   6.987e+00    4.638e+01    3.957e+01      9.000e+00    5.000e+01    5.513e-02      4.62s        6         
11   7.157e+00    4.555e+01    2.629e+02      9.000e+00    5.000e+01    5.513e-02      4.47s        6         
12   7.383e+00    4.912e+01    5.456e+00      9.000e+00    5.000e+01    5.513e-02      4.02s        7         
13   7.785e+00    5.922e+01    6.739e+00      1.500e+01    1.110e+02    5.160e-02      3.83s        8         
14   8.485e+00    9.815e+01    8.098e+02      1.700e+01    1.710e+02    5.099e-02      3.55s        9         
15   9.295e+00    1.600e+02    3.948e+03      1.900e+01    2.910e+02    4.754e-02      3.30s        9         
16   1.071e+01    1.301e+03    8.144e+02      1.700e+01    7.500e+01    4.559e-02      3.12s        8         
17   1.146e+01    2.200e+05    1.071e+01      1.300e+01    4.500e+01    4.190e-02      2.72s        8         
18   1.153e+01    5.271e+03    2.811e+01      1.300e+01    4.500e+01    4.190e-02      2.34s        8         
19   1.045e+01    1.866e+02    1.944e+01      1.300e+01    6.300e+01    4.144e-02      1.98s        11        
20   1.122e+01    2.435e+02    2.511e+01      1.300e+01    6.300e+01    4.144e-02      1.54s        12        
21   1.103e+01    8.902e+02    1.143e+01      1.500e+01    9.900e+01    3.955e-02      1.15s        13        
22   1.111e+01    9.471e+01    1.458e+01      1.500e+01    9.900e+01    3.923e-02      0.76s        12        
23   1.070e+01    1.234e+02    7.255e+01      1.700e+01    1.350e+02    3.806e-02      0.37s        12        
24   1.165e+01    1.310e+03    1.851e+01      3.100e+01    1.341e+03    3.759e-02      0.00s        13        
25   1.255e+01    2.882e+02    2.949e+01      3.100e+01    1.359e+03    3.744e-02      9.37s        15        
26   1.487e+01    8.932e+02    1.161e+05      2.500e+01    4.050e+02    3.688e-02      10.08s       16        
27   1.476e+01    7.828e+02    4.295e+01      2.300e+01    3.510e+02    3.667e-02      9.46s        15        
28   1.484e+01    9.666e+02    5.317e+01      2.300e+01    2.970e+02    3.652e-02      8.97s        15        
29   1.490e+01    1.849e+03    4.628e+04      2.300e+01    2.970e+02    3.652e-02      8.67s        16        
30   1.436e+01    6.894e+02    3.274e+01      1.300e+01    8.100e+01    3.508e-02      8.02s        13        
31   1.296e+01    2.971e+02    1.340e+05      1.300e+01    8.100e+01    3.508e-02      7.17s        13        
32   1.155e+01    1.007e+02    1.338e+02      1.300e+01    8.100e+01    3.508e-02      6.30s        13        
33   1.128e+01    8.017e+01    2.360e+01      1.300e+01    8.100e+01    3.508e-02      6.14s        14        
34   1.152e+01    3.499e+02    1.856e+01      1.300e+01    8.100e+01    3.508e-02      5.75s        14        
35   1.181e+01    9.837e+03    3.049e+01      1.300e+01    8.100e+01    3.508e-02      5.34s        11        
36   1.120e+01    2.174e+02    2.480e+09      1.300e+01    8.100e+01    3.508e-02      4.69s        10        
37   1.122e+01    6.568e+01    3.039e+01      1.300e+01    8.100e+01    3.508e-02      4.46s        10        
38   1.081e+01    5.586e+01    1.814e+01      1.300e+01    8.100e+01    3.508e-02      4.00s        10        
39   1.023e+01    7.390e+01    2.856e+01      1.300e+01    8.100e+01    3.508e-02      3.61s        10        
40   1.022e+01    4.847e+01    3.736e+01      1.300e+01    8.100e+01    3.508e-02      3.19s        10        
41   1.077e+01    5.963e+01    2.388e+01      1.300e+01    8.100e+01    3.508e-02      3.15s        10        
42   1.040e+01    6.813e+01    1.115e+02      1.300e+01    8.100e+01    3.508e-02      2.47s        10        
43   1.025e+01    5.613e+01    3.559e+01      1.300e+01    8.100e+01    3.508e-02      2.14s        10        
44   1.055e+01    2.974e+04    2.518e+04      1.300e+01    8.100e+01    3.508e-02      1.79s        10        
45   1.009e+01    1.791e+02    2.635e+04      1.300e+01    8.100e+01    3.508e-02      1.45s        10        
46   1.073e+01    1.873e+04    3.263e+01      1.300e+01    8.100e+01    3.508e-02      1.08s        10        
47   1.043e+01    1.679e+02    4.298e+01      1.300e+01    8.100e+01    3.508e-02      0.72s        10        
48   1.001e+01    4.512e+01    1.729e+02      1.300e+01    8.100e+01    3.508e-02      0.35s        10        
49   1.046e+01    2.942e+06    1.451e+05      1.300e+01    8.100e+01    3.508e-02      0.00s        10        
50   1.068e+01    5.942e+04    1.662e+01      1.300e+01    8.100e+01    3.508e-02      8.67s        10        
51   1.029e+01    5.141e+01    8.379e+01      1.300e+01    8.100e+01    3.508e-02      8.17s        10        
52   1.023e+01    7.746e+01    5.398e+01      1.300e+01    8.100e+01    3.508e-02      7.84s        10        
53   1.046e+01    6.473e+01    1.130e+02      1.300e+01    8.100e+01    3.508e-02      7.72s        10        
54   1.054e+01    7.636e+01    2.518e+01      1.300e+01    8.100e+01    3.508e-02      7.25s        10        
55   1.037e+01    1.152e+04    2.504e+01      1.300e+01    8.100e+01    3.508e-02      6.77s        10        
56   1.084e+01    2.949e+05    1.340e+05      1.300e+01    8.100e+01    3.508e-02      6.54s        10        
57   1.062e+01    4.547e+02    5.612e+01      1.300e+01    8.100e+01    3.508e-02      6.19s        10        
58   1.031e+01    1.023e+02    2.948e+01      1.300e+01    8.100e+01    3.508e-02      5.69s        10        
59   1.043e+01    7.715e+04    4.198e+01      1.300e+01    8.100e+01    3.508e-02      5.42s        10        
60   1.061e+01    4.541e+01    2.106e+01      1.300e+01    8.100e+01    3.508e-02      4.96s        10        
61   1.020e+01    4.345e+01    3.396e+01      1.300e+01    8.100e+01    3.508e-02      4.70s        10        
62   1.038e+01    5.516e+01    1.262e+02      1.300e+01    8.100e+01    3.508e-02      4.40s        10        
63   1.041e+01    5.995e+02    4.109e+01      1.300e+01    8.100e+01    3.508e-02      3.99s        10        
64   1.009e+01    5.365e+01    9.451e+03      1.500e+01    4.600e+01    3.327e-02      3.90s        10        
65   1.030e+01    6.280e+01    7.726e+01      1.500e+01    4.600e+01    3.327e-02      3.27s        10        
66   1.076e+01    6.061e+01    1.791e+02      1.500e+01    4.600e+01    3.327e-02      2.86s        10        
67   1.090e+01    1.387e+02    1.334e+02      1.500e+01    4.600e+01    3.327e-02      2.57s        10        
68   1.090e+01    2.045e+02    3.657e+05      1.500e+01    4.600e+01    3.327e-02      2.12s        10        
69   1.106e+01    7.218e+08    9.176e+01      1.500e+01    4.600e+01    3.327e-02      1.81s        10        
70   1.072e+01    1.551e+02    2.984e+01      1.500e+01    4.600e+01    3.327e-02      1.42s        10        
71   1.082e+01    4.256e+01    5.065e+01      1.500e+01    4.600e+01    3.327e-02      1.09s        10        
72   1.086e+01    2.616e+02    2.137e+02      1.500e+01    4.600e+01    3.327e-02      0.71s        11        
73   1.072e+01    3.391e+02    4.901e+04      1.500e+01    4.600e+01    3.327e-02      0.36s        11        
74   1.081e+01    3.439e+02    3.115e+01      1.500e+01    4.600e+01    3.327e-02      0.00s        11        
75   1.084e+01    3.983e+01    5.720e+01      2.700e+01    3.430e+02    3.213e-02      8.74s        13        
76   1.256e+01    1.317e+04    4.952e+05      2.500e+01    2.620e+02    3.168e-02      9.03s        13        
77   1.284e+01    2.105e+02    4.090e+01      2.100e+01    1.540e+02    3.086e-02      8.37s        13        
78   1.416e+01    1.140e+03    2.275e+05      2.100e+01    1.540e+02    3.086e-02      8.27s        13        
79   1.290e+01    1.943e+02    1.232e+02      2.100e+01    1.540e+02    3.086e-02      7.69s        13        
80   1.279e+01    6.576e+02    1.756e+02      2.100e+01    1.540e+02    3.086e-02      7.33s        13        
81   1.251e+01    1.288e+02    6.556e+01      2.100e+01    1.540e+02    3.086e-02      6.86s        15        
82   1.369e+01    1.069e+02    8.180e+01      3.900e+01    4.231e+03    3.084e-02      6.69s        15        
83   1.456e+01    1.490e+03    7.356e+01      4.100e+01    4.393e+03    3.067e-02      6.52s        16        
84   1.747e+01    9.267e+04    1.344e+05      3.500e+01    1.855e+03    3.049e-02      6.53s        18        
85   1.907e+01    1.236e+05    1.340e+05      5.300e+01    5.450e+04    3.033e-02      6.96s        18        
86   2.312e+01    4.178e+04    7.346e+01      1.900e+01    1.270e+02    2.950e-02      6.53s        13        
87   1.916e+01    3.073e+04    2.166e+02      1.900e+01    1.270e+02    2.950e-02      5.40s        13        
88   1.551e+01    7.818e+04    1.181e+02      1.900e+01    1.270e+02    2.950e-02      4.46s        13        
89   1.404e+01    3.225e+02    2.084e+02      1.900e+01    1.270e+02    2.950e-02      3.94s        13        
90   1.335e+01    7.313e+02    3.742e+01      1.900e+01    1.270e+02    2.950e-02      3.53s        13        
91   1.358e+01    9.661e+01    5.239e+05      1.900e+01    1.270e+02    2.950e-02      3.07s        13        
92   1.345e+01    1.392e+02    4.898e+01      1.900e+01    1.270e+02    2.950e-02      2.78s        13        
93   1.290e+01    1.077e+02    2.395e+02      1.900e+01    1.270e+02    2.950e-02      2.31s        13        
94   1.346e+01    1.128e+02    4.258e+01      1.900e+01    1.270e+02    2.950e-02      1.98s        13        
95   1.341e+01    5.309e+03    3.971e+01      1.900e+01    1.270e+02    2.950e-02      1.60s        13        
96   1.329e+01    4.071e+02    5.204e+05      1.900e+01    1.270e+02    2.950e-02      1.14s        14        
97   1.356e+01    2.049e+02    2.726e+02      1.900e+01    1.270e+02    2.950e-02      0.78s        15        
98   1.399e+01    2.654e+04    5.853e+01      1.900e+01    1.270e+02    2.950e-02      0.40s        15        
99   1.427e+01    1.354e+03    2.147e+03      1.900e+01    1.270e+02    2.950e-02      0.00s        15        
100  1.371e+01    2.139e+02    1.250e+02      1.900e+01    1.270e+02    2.950e-02      9.84s        15        
101  1.409e+01    1.371e+02    4.374e+01      1.900e+01    1.270e+02    2.950e-02      9.50s        15        
102  1.434e+01    1.395e+02    5.109e+01      1.900e+01    1.270e+02    2.950e-02      8.92s        15        
103  1.460e+01    2.511e+02    6.198e+01      1.900e+01    1.270e+02    2.950e-02      8.78s        15        
104  1.456e+01    1.564e+02    8.414e+01      1.900e+01    1.270e+02    2.950e-02      8.18s        15        
105  1.522e+01    1.592e+02    8.341e+01      1.900e+01    1.270e+02    2.950e-02      7.83s        15        
106  1.428e+01    1.153e+02    2.679e+05      1.900e+01    1.270e+02    2.950e-02      7.52s        15        
107  1.406e+01    6.706e+07    2.899e+02      1.900e+01    1.270e+02    2.950e-02      7.25s        15        
108  1.414e+01    2.197e+06    2.027e+02      1.900e+01    1.270e+02    2.950e-02      6.39s        15        
109  1.426e+01    3.543e+02    7.863e+01      1.900e+01    1.270e+02    2.950e-02      6.28s        15        
110  1.439e+01    1.044e+07    7.312e+01      1.900e+01    1.270e+02    2.950e-02      5.70s        15        
111  1.412e+01    1.004e+03    5.719e+01      1.900e+01    1.270e+02    2.950e-02      5.40s        15        
112  1.429e+01    1.158e+02    5.523e+01      1.900e+01    1.270e+02    2.950e-02      4.78s        15        
113  1.421e+01    2.137e+02    4.439e+01      1.900e+01    1.270e+02    2.950e-02      4.36s        15        
114  1.432e+01    4.596e+02    1.485e+02      1.900e+01    1.270e+02    2.950e-02      4.14s        15        
115  1.374e+01    1.292e+02    7.639e+01      1.900e+01    1.270e+02    2.950e-02      3.53s        15        
116  1.413e+01    1.904e+02    5.238e+05      1.900e+01    1.270e+02    2.950e-02      3.14s        15        
117  1.479e+01    1.830e+03    1.729e+02      1.900e+01    1.270e+02    2.950e-02      2.85s        14        
118  1.416e+01    1.969e+02    1.340e+05      1.900e+01    1.270e+02    2.950e-02      2.41s        14        
119  1.474e+01    3.259e+02    1.046e+02      3.700e+01    6.490e+02    2.936e-02      2.06s        15        
120  1.595e+01    3.722e+03    3.810e+01      4.500e+01    8.650e+02    2.893e-02      1.67s        17        
121  1.925e+01    3.964e+02    6.635e+01      4.500e+01    1.000e+03    2.890e-02      1.37s        19        
122  2.257e+01    9.980e+07    1.005e+02      4.300e+01    8.110e+02    2.886e-02      0.99s        20        
123  2.402e+01    2.451e+03    1.392e+02      4.300e+01    8.920e+02    2.882e-02      0.49s        18        
124  2.245e+01    2.597e+03    1.337e+02      4.100e+01    7.570e+02    2.878e-02      0.00s        18        
125  2.075e+01    1.049e+03    1.263e+02      4.100e+01    7.570e+02    2.878e-02      11.11s       20        
126  2.123e+01    1.079e+06    7.254e+01      4.100e+01    7.570e+02    2.878e-02      10.95s       22        
127  2.350e+01    1.576e+03    2.061e+04      4.100e+01    6.220e+02    2.878e-02      10.83s       22        
128  2.327e+01    1.100e+03    1.037e+06      5.300e+01    4.618e+03    2.871e-02      10.97s       22        
129  2.398e+01    1.367e+03    1.499e+02      3.500e+01    3.760e+02    2.823e-02      9.97s        18        
130  2.127e+01    2.021e+03    1.572e+06      5.100e+01    6.136e+03    2.761e-02      8.93s        20        
131  1.957e+01    1.260e+03    3.320e+01      3.500e+01    3.760e+02    2.737e-02      8.14s        19        
132  1.891e+01    2.657e+03    1.340e+05      3.500e+01    3.760e+02    2.737e-02      7.72s        19        
133  1.856e+01    1.456e+03    1.133e+06      5.100e+01    1.618e+03    2.700e-02      7.29s        23        
134  2.049e+01    5.108e+02    7.389e+05      4.300e+01    8.080e+02    2.694e-02      6.97s        23        
135  2.205e+01    7.396e+02    1.006e+05      4.100e+01    9.700e+02    2.680e-02      7.11s        25        
136  2.376e+01    2.942e+03    8.501e+09      4.300e+01    2.050e+03    2.677e-02      6.49s        24        
137  2.459e+01    1.927e+03    4.076e+01      3.900e+01    5.020e+02    2.675e-02      6.07s        22        
138  2.355e+01    2.790e+03    2.838e+02      3.900e+01    5.020e+02    2.675e-02      5.32s        23        
139  2.121e+01    4.022e+03    4.018e+01      4.100e+01    6.280e+02    2.651e-02      4.76s        24        
140  2.200e+01    7.584e+02    4.213e+01      4.100e+01    6.280e+02    2.651e-02      4.40s        27        
141  2.384e+01    7.467e+02    7.786e+01      4.100e+01    6.460e+02    2.625e-02      3.98s        26        
142  2.365e+01    7.086e+03    1.215e+01      4.100e+01    6.460e+02    2.625e-02      3.61s        27        
143  2.191e+01    4.961e+02    9.100e+01      4.100e+01    6.460e+02    2.625e-02      2.90s        29        
144  2.321e+01    3.849e+02    1.243e+02      4.700e+01    4.360e+02    2.613e-02      2.52s        28        
145  2.405e+01    4.229e+03    4.186e+01      6.900e+01    1.525e+03    2.592e-02      2.05s        26        
146  2.359e+01    5.019e+02    3.713e+01      6.300e+01    1.228e+03    2.579e-02      1.46s        28        
147  2.603e+01    6.542e+02    1.910e+01      6.300e+01    1.309e+03    2.575e-02      1.03s        31        
148  2.731e+01    3.931e+08    3.086e+01      6.900e+01    1.399e+03    2.559e-02      0.53s        35        
149  3.174e+01    1.789e+03    1.497e+01      6.900e+01    1.399e+03    2.559e-02      0.00s        34        
150  2.874e+01    6.894e+02    1.911e+01      6.900e+01    1.399e+03    2.559e-02      13.10s       35        
151  2.941e+01    6.208e+02    2.723e+05      6.700e+01    1.237e+03    2.557e-02      12.59s       35        
152  3.073e+01    1.320e+03    8.978e+04      6.700e+01    1.237e+03    2.557e-02      12.49s       33        
153  2.753e+01    5.640e+04    3.910e+01      6.500e+01    9.670e+02    2.553e-02      11.04s       34        
154  3.006e+01    1.821e+03    2.501e+01      6.300e+01    9.400e+02    2.539e-02      11.42s       35        
155  3.343e+01    1.789e+03    1.157e+01      6.300e+01    7.870e+02    2.521e-02      11.03s       29        
156  2.802e+01    1.042e+04    4.094e+01      6.300e+01    7.870e+02    2.521e-02      9.79s        30        
157  2.551e+01    6.277e+02    4.755e+01      6.300e+01    7.870e+02    2.521e-02      8.74s        30        
158  2.394e+01    4.697e+02    1.142e+01      6.300e+01    7.870e+02    2.521e-02      7.96s        30        
159  2.535e+01    5.628e+02    2.817e+01      6.300e+01    7.870e+02    2.507e-02      7.85s        30        
160  2.466e+01    4.618e+02    2.150e+05      6.300e+01    7.870e+02    2.507e-02      7.11s        31        
161  2.526e+01    5.647e+02    1.140e+01      6.300e+01    7.870e+02    2.507e-02      6.82s        33        
162  2.839e+01    1.205e+05    2.053e+01      6.300e+01    7.870e+02    2.507e-02      6.62s        33        
163  2.976e+01    2.726e+04    2.149e+05      6.300e+01    7.870e+02    2.507e-02      6.27s        32        
164  2.777e+01    3.999e+02    3.398e+05      6.300e+01    7.870e+02    2.507e-02      5.36s        32        
165  2.781e+01    4.669e+02    8.559e+00      7.900e+01    1.102e+03    2.505e-02      4.79s        33        
166  2.956e+01    4.851e+02    6.232e+00      7.900e+01    1.093e+03    2.498e-02      4.42s        33        
167  2.973e+01    3.014e+06    2.813e+01      8.500e+01    1.525e+03    2.466e-02      3.95s        35        
168  3.104e+01    7.434e+02    6.073e+01      6.300e+01    9.490e+02    2.431e-02      3.47s        34        
169  2.955e+01    5.823e+04    7.574e+00      6.300e+01    9.490e+02    2.431e-02      2.96s        37        
170  3.080e+01    7.702e+02    2.149e+05      1.290e+02    3.597e+04    2.425e-02      2.26s        40        
171  3.381e+01    2.623e+03    2.748e+01      1.290e+02    3.451e+04    2.425e-02      1.72s        42        
172  3.831e+01    5.699e+03    1.859e+01      6.300e+01    9.040e+02    2.386e-02      1.24s        39        
173  3.534e+01    2.735e+04    2.326e+01      6.300e+01    9.040e+02    2.386e-02      0.61s        39        
174  3.338e+01    1.195e+07    2.645e+01      6.300e+01    9.040e+02    2.386e-02      0.00s        40        
175  3.253e+01    1.209e+03    1.796e+01      6.100e+01    8.500e+02    2.383e-02      14.20s       38        
176  3.162e+01    1.976e+03    1.464e+01      6.500e+01    1.093e+03    2.381e-02      13.41s       38        
177  3.174e+01    6.407e+02    2.885e+01      6.500e+01    1.093e+03    2.381e-02      13.11s       39        
178  3.251e+01    1.153e+03    1.121e+02      6.500e+01    1.093e+03    2.381e-02      12.12s       37        
179  2.872e+01    4.928e+02    1.949e+01      6.300e+01    1.066e+03    2.380e-02      10.96s       38        
180  2.885e+01    5.164e+03    4.061e+01      6.300e+01    1.066e+03    2.380e-02      10.63s       34        
181  2.662e+01    1.252e+03    1.464e+01      6.300e+01    1.066e+03    2.380e-02      9.52s        34        
182  2.764e+01    6.250e+02    3.265e+01      6.300e+01    1.066e+03    2.380e-02      9.00s        36        
183  2.779e+01    7.466e+02    2.576e+01      6.300e+01    1.066e+03    2.380e-02      8.56s        37        
184  2.911e+01    1.411e+03    7.952e+07      5.700e+01    8.140e+02    2.379e-02      8.49s        38        
185  2.891e+01    9.155e+03    1.833e+02      5.700e+01    8.140e+02    2.379e-02      7.62s        39        
186  2.949e+01    8.561e+02    2.350e+01      5.700e+01    8.140e+02    2.379e-02      7.28s        42        
187  2.904e+01    2.760e+03    1.096e+02      6.300e+01    7.090e+02    2.369e-02      6.73s        42        
188  2.914e+01    2.822e+03    1.710e+02      6.100e+01    8.440e+02    2.353e-02      6.59s        43        
189  2.864e+01    4.388e+02    5.047e+01      6.100e+01    8.440e+02    2.353e-02      5.51s        42        
190  2.877e+01    5.644e+02    1.003e+02      6.100e+01    8.440e+02    2.353e-02      4.92s        42        
191  3.001e+01    5.491e+02    9.248e+00      5.300e+01    6.010e+02    2.348e-02      4.45s        42        
192  2.699e+01    4.153e+02    2.695e+01      5.100e+01    7.000e+02    2.347e-02      3.79s        45        
193  2.811e+01    7.123e+02    2.295e+01      5.100e+01    7.000e+02    2.347e-02      3.28s        45        
194  2.868e+01    8.088e+02    2.135e+01      5.100e+01    7.000e+02    2.347e-02      2.75s        45        
195  2.982e+01    8.637e+02    1.486e+01      5.100e+01    7.000e+02    2.347e-02      2.26s        45        
196  2.839e+01    7.497e+02    1.049e+02      5.100e+01    7.000e+02    2.347e-02      1.66s        45        
197  2.874e+01    5.410e+02    4.210e+01      5.100e+01    7.000e+02    2.347e-02      1.09s        45        
198  2.881e+01    3.632e+02    3.553e+05      5.100e+01    7.000e+02    2.347e-02      0.56s        46        
199  2.766e+01    1.046e+04    2.299e+01      5.100e+01    7.000e+02    2.347e-02      0.00s        48        
200  2.949e+01    5.631e+02    1.196e+02      5.100e+01    7.000e+02    2.347e-02      13.21s       49        
201  2.988e+01    1.066e+03    1.093e+02      5.100e+01    7.000e+02    2.347e-02      12.98s       50        
202  3.189e+01    5.760e+02    2.140e+01      5.100e+01    7.000e+02    2.347e-02      12.98s       49        
203  3.092e+01    6.535e+02    1.339e+05      5.100e+01    7.000e+02    2.347e-02      12.17s       49        
204  2.880e+01    6.358e+02    1.448e+01      5.100e+01    7.000e+02    2.347e-02      11.06s       51        
205  2.952e+01    4.671e+03    2.040e+01      5.500e+01    6.040e+02    2.277e-02      10.89s       49        
206  3.158e+01    9.594e+02    3.328e+01      5.500e+01    6.040e+02    2.277e-02      10.60s       49        
207  3.085e+01    9.398e+02    5.099e+04      5.500e+01    6.040e+02    2.277e-02      10.51s       48        
208  2.869e+01    6.143e+03    1.525e+01      5.500e+01    6.040e+02    2.277e-02      8.95s        47        
209  3.023e+01    5.430e+03    2.897e+05      5.500e+01    6.040e+02    2.277e-02      8.47s        47        
210  2.984e+01    6.179e+02    1.669e+01      5.700e+01    6.310e+02    2.274e-02      7.72s        49        
211  2.905e+01    4.911e+02    3.777e+01      5.700e+01    6.310e+02    2.274e-02      7.37s        47        
212  3.075e+01    5.616e+02    6.713e+01      5.700e+01    6.310e+02    2.274e-02      6.78s        46        
213  2.974e+01    3.917e+02    5.406e+01      5.700e+01    6.310e+02    2.274e-02      6.19s        46        
214  2.902e+01    6.261e+02    7.765e+01      5.700e+01    6.310e+02    2.274e-02      5.55s        46        
215  2.875e+01    1.032e+03    3.361e+01      5.700e+01    6.310e+02    2.274e-02      5.04s        45        
216  2.862e+01    7.959e+02    4.881e+04      5.700e+01    6.310e+02    2.274e-02      4.43s        47        
217  2.927e+01    6.391e+02    4.284e+01      5.700e+01    6.310e+02    2.274e-02      3.92s        47        
218  2.913e+01    2.719e+03    2.637e+01      5.700e+01    6.310e+02    2.274e-02      3.28s        49        
219  2.971e+01    2.606e+03    7.782e+00      5.700e+01    6.310e+02    2.274e-02      2.88s        44        
220  2.939e+01    7.467e+03    1.340e+05      5.700e+01    6.310e+02    2.274e-02      2.27s        44        
221  2.821e+01    1.552e+03    2.239e+01      5.700e+01    6.310e+02    2.274e-02      1.71s        44        
222  2.817e+01    8.709e+03    9.666e+00      5.700e+01    6.310e+02    2.274e-02      1.09s        44        
223  2.876e+01    4.852e+02    1.530e+05      5.700e+01    6.310e+02    2.274e-02      0.56s        46        
224  2.968e+01    9.550e+02    2.576e+01      5.700e+01    6.310e+02    2.274e-02      0.00s        46        
225  3.065e+01    6.672e+02    3.278e+01      5.900e+01    6.580e+02    2.272e-02      14.03s       48        
226  3.125e+01    1.691e+03    4.184e+01      5.900e+01    6.580e+02    2.272e-02      14.38s       48        
227  3.070e+01    5.863e+02    7.236e+00      5.900e+01    6.580e+02    2.272e-02      12.55s       46        
228  2.941e+01    1.460e+04    2.938e+01      5.900e+01    6.580e+02    2.272e-02      11.69s       44        
229  2.936e+01    1.036e+03    2.116e+01      5.900e+01    6.580e+02    2.272e-02      11.17s       45        
230  3.034e+01    6.392e+02    2.492e+01      5.900e+01    6.580e+02    2.272e-02      10.83s       47        
231  2.797e+01    1.416e+03    1.424e+01      5.900e+01    6.580e+02    2.272e-02      9.81s        47        
232  2.894e+01    4.980e+02    1.163e+01      5.900e+01    6.580e+02    2.272e-02      9.62s        47        
233  2.895e+01    4.400e+02    3.486e+01      5.900e+01    6.580e+02    2.272e-02      8.90s        49        
234  3.011e+01    4.904e+02    5.312e+05      5.900e+01    6.580e+02    2.272e-02      8.50s        49        
235  2.975e+01    4.559e+02    1.740e+01      5.900e+01    6.580e+02    2.272e-02      7.84s        49        
236  3.068e+01    4.970e+02    9.984e+01      5.900e+01    6.580e+02    2.272e-02      7.52s        49        
237  3.047e+01    3.622e+03    3.328e+01      5.900e+01    6.580e+02    2.272e-02      6.76s        50        
238  2.945e+01    5.618e+02    9.637e+01      5.900e+01    6.580e+02    2.272e-02      6.18s        51        
239  2.990e+01    1.495e+03    4.790e+05      5.900e+01    6.580e+02    2.272e-02      5.57s        51        
240  3.077e+01    6.233e+02    2.611e+01      5.900e+01    6.580e+02    2.272e-02      5.11s        51        
241  3.058e+01    4.551e+02    1.968e+05      5.900e+01    6.580e+02    2.272e-02      4.67s        50        
242  2.975e+01    3.350e+02    1.299e+02      5.900e+01    6.580e+02    2.272e-02      4.00s        51        
243  2.924e+01    4.022e+02    1.822e+01      5.900e+01    6.580e+02    2.272e-02      3.37s        52        
244  3.100e+01    3.660e+02    2.831e+02      6.100e+01    8.110e+02    2.263e-02      3.11s        54        
245  3.117e+01    1.103e+03    1.299e+01      6.100e+01    8.110e+02    2.263e-02      2.33s        54        
246  3.208e+01    2.042e+04    2.273e+02      6.100e+01    8.110e+02    2.263e-02      1.75s        54        
247  3.179e+01    4.768e+02    1.126e+02      6.100e+01    8.110e+02    2.263e-02      1.16s        53        
248  3.085e+01    8.764e+05    1.762e+01      6.100e+01    8.110e+02    2.263e-02      0.57s        53        
249  3.035e+01    4.407e+02    2.379e+02      6.100e+01    8.110e+02    2.263e-02      0.00s        53        
250  3.065e+01    4.399e+02    2.497e+01      6.100e+01    8.110e+02    2.263e-02      13.55s       53        
251  3.194e+01    6.866e+02    5.259e+01      6.100e+01    8.110e+02    2.263e-02      13.40s       53        
252  3.073e+01    3.402e+05    8.654e+03      6.100e+01    8.110e+02    2.263e-02      12.56s       53        
253  3.256e+01    6.812e+03    2.585e+01      6.100e+01    8.110e+02    2.263e-02      12.31s       54        
254  3.176e+01    1.015e+03    4.643e+01      6.100e+01    8.110e+02    2.263e-02      11.82s       55        
255  2.954e+01    3.542e+02    2.899e+01      6.100e+01    8.110e+02    2.263e-02      10.83s       55        
256  3.028e+01    4.262e+02    2.175e+01      6.100e+01    8.110e+02    2.263e-02      10.28s       55        
257  3.109e+01    6.094e+02    1.420e+01      6.100e+01    8.110e+02    2.263e-02      9.70s        54        
258  3.138e+01    5.333e+13    1.186e+02      6.100e+01    8.110e+02    2.263e-02      9.25s        54        
259  3.205e+01    5.715e+04    1.159e+01      6.100e+01    8.110e+02    2.263e-02      8.66s        55        
260  3.181e+01    6.848e+02    1.070e+05      6.100e+01    8.110e+02    2.263e-02      8.13s        55        
261  3.083e+01    5.120e+02    2.726e+01      6.100e+01    8.110e+02    2.263e-02      7.57s        56        
262  3.130e+01    9.246e+02    9.792e+01      6.100e+01    8.110e+02    2.263e-02      7.00s        56        
263  3.223e+01    3.294e+03    2.644e+01      6.100e+01    8.110e+02    2.263e-02      7.00s        56        
264  3.105e+01    6.190e+02    1.736e+01      6.100e+01    8.110e+02    2.263e-02      5.94s        56        
265  3.108e+01    1.293e+03    9.462e+05      6.100e+01    8.110e+02    2.263e-02      5.26s        56        
266  3.248e+01    7.838e+02    1.178e+01      6.100e+01    8.110e+02    2.263e-02      4.77s        57        
267  3.132e+01    6.079e+04    2.111e+02      6.100e+01    8.110e+02    2.263e-02      4.07s        57        
268  3.347e+01    1.004e+03    2.570e+01      6.100e+01    8.110e+02    2.263e-02      3.59s        58        
269  3.166e+01    4.257e+02    9.732e+01      6.100e+01    8.110e+02    2.263e-02      2.85s        58        
270  3.020e+01    5.207e+02    2.573e+01      6.100e+01    8.110e+02    2.263e-02      2.26s        58        
271  3.252e+01    5.145e+02    2.755e+01      6.300e+01    8.380e+02    2.262e-02      1.78s        60        
272  3.208e+01    4.860e+02    2.008e+01      6.300e+01    8.380e+02    2.262e-02      1.20s        60        
273  3.235e+01    5.078e+02    1.232e+06      6.300e+01    8.380e+02    2.262e-02      0.59s        60        
274  3.334e+01    5.580e+02    3.884e+01      6.300e+01    8.380e+02    2.262e-02      0.00s        60        
275  3.342e+01    4.705e+02    1.206e+02      6.300e+01    8.380e+02    2.262e-02      14.48s       60        
276  3.388e+01    1.139e+05    1.124e+02      6.300e+01    8.380e+02    2.262e-02      13.84s       61        
277  3.322e+01    1.013e+03    7.899e+00      6.300e+01    8.380e+02    2.262e-02      13.24s       61        
278  3.288e+01    1.339e+03    1.873e+02      6.300e+01    8.380e+02    2.262e-02      12.28s       61        
279  3.370e+01    1.951e+04    1.384e+01      6.300e+01    8.380e+02    2.262e-02      12.14s       62        
280  3.443e+01    4.559e+04    2.765e+01      6.300e+01    8.380e+02    2.262e-02      11.53s       62        
281  3.378e+01    6.120e+02    3.287e+01      6.100e+01    1.003e+03    2.257e-02      11.87s       63        
282  3.486e+01    6.330e+06    1.737e+08      6.100e+01    1.003e+03    2.257e-02      10.31s       63        
283  3.449e+01    2.001e+03    9.536e+01      6.500e+01    1.057e+03    2.251e-02      10.12s       64        
284  3.410e+01    9.531e+02    2.007e+02      6.300e+01    1.030e+03    2.251e-02      9.04s        63        
285  3.430e+01    5.695e+02    5.856e+00      6.300e+01    1.030e+03    2.251e-02      8.67s        63        
286  3.299e+01    5.005e+02    8.483e+01      6.700e+01    1.102e+03    2.250e-02      7.74s        64        
287  3.560e+01    8.116e+02    2.874e+01      6.700e+01    1.102e+03    2.250e-02      7.56s        64        
288  3.364e+01    7.537e+02    1.203e+02      6.700e+01    1.102e+03    2.250e-02      6.61s        64        
289  3.399e+01    7.607e+03    7.218e+00      6.700e+01    1.102e+03    2.250e-02      6.11s        64        
290  3.433e+01    1.519e+08    3.112e+01      6.100e+01    1.018e+03    2.248e-02      5.52s        63        
291  3.294e+01    4.486e+02    7.873e+00      6.100e+01    1.018e+03    2.248e-02      4.76s        60        
292  3.253e+01    5.638e+02    6.013e+01      6.100e+01    1.018e+03    2.248e-02      4.15s        61        
293  3.567e+01    3.675e+03    9.748e+01      6.100e+01    1.018e+03    2.248e-02      3.64s        61        
294  3.597e+01    1.947e+03    3.579e+01      6.100e+01    1.018e+03    2.248e-02      3.09s        61        
295  3.485e+01    7.466e+02    9.333e+01      6.100e+01    1.018e+03    2.248e-02      2.42s        61        
296  3.531e+01    1.390e+03    5.579e+13      6.100e+01    1.018e+03    2.248e-02      1.85s        61        
297  3.540e+01    1.283e+03    1.054e+02      6.100e+01    1.018e+03    2.248e-02      1.21s        61        
298  3.638e+01    9.164e+02    7.598e+00      6.100e+01    1.018e+03    2.248e-02      0.64s        61        
299  3.508e+01    7.962e+02    5.669e+00      6.100e+01    1.018e+03    2.248e-02      0.00s        61        
300  3.412e+01    4.419e+02    1.892e+02      6.100e+01    1.018e+03    2.248e-02      14.57s       61        
301  3.614e+01    5.864e+02    6.896e+00      6.100e+01    1.018e+03    2.248e-02      14.10s       61        
302  3.423e+01    5.277e+02    1.359e+02      6.100e+01    1.018e+03    2.248e-02      13.68s       61        
303  3.555e+01    6.994e+02    8.877e+00      6.100e+01    1.018e+03    2.248e-02      12.78s       61        
304  3.589e+01    9.070e+02    1.903e+02      6.100e+01    1.018e+03    2.248e-02      12.09s       61        
305  3.560e+01    2.123e+03    5.429e+03      6.100e+01    1.018e+03    2.248e-02      11.81s       61        
306  3.488e+01    8.443e+02    2.801e+05      6.100e+01    1.018e+03    2.248e-02      10.77s       61        
307  3.177e+01    7.531e+02    3.274e+06      6.100e+01    1.018e+03    2.248e-02      9.89s        61        
308  3.421e+01    9.301e+02    1.218e+00      6.100e+01    1.018e+03    2.248e-02      9.76s        61        
309  3.437e+01    1.008e+05    1.070e+04      6.100e+01    1.018e+03    2.248e-02      9.17s        59        
310  3.357e+01    1.037e+03    1.144e+01      6.100e+01    1.018e+03    2.248e-02      8.35s        61        
311  3.386e+01    7.216e+02    1.598e+01      6.100e+01    1.018e+03    2.248e-02      7.90s        62        
312  3.404e+01    1.710e+03    3.292e+01      6.100e+01    1.018e+03    2.248e-02      7.26s        62        
313  3.446e+01    8.684e+02    2.150e+01      6.100e+01    1.018e+03    2.248e-02      6.71s        62        
314  3.473e+01    8.277e+03    3.709e+01      6.100e+01    1.018e+03    2.248e-02      6.10s        62        
315  3.413e+01    5.807e+02    2.041e+01      6.100e+01    1.018e+03    2.248e-02      5.37s        62        
316  3.314e+01    4.992e+02    4.070e+01      6.100e+01    1.018e+03    2.248e-02      4.74s        62        
317  3.248e+01    5.058e+02    2.902e+01      6.100e+01    1.018e+03    2.248e-02      4.13s        62        
318  3.404e+01    4.655e+02    3.755e+01      6.100e+01    1.018e+03    2.248e-02      3.97s        63        
319  3.482e+01    1.631e+03    8.012e+00      6.100e+01    1.018e+03    2.248e-02      3.10s        63        
320  3.435e+01    2.331e+05    1.037e+01      6.100e+01    1.018e+03    2.248e-02      2.41s        63        
321  3.502e+01    7.368e+02    2.744e+01      6.100e+01    1.018e+03    2.248e-02      1.81s        63        
322  3.542e+01    9.286e+02    1.996e+01      6.100e+01    1.018e+03    2.248e-02      1.23s        63        
323  3.535e+01    1.002e+03    1.329e+01      6.100e+01    1.018e+03    2.248e-02      0.62s        64        
324  3.564e+01    8.021e+02    1.706e+01      6.100e+01    1.018e+03    2.248e-02      0.00s        64        
325  3.604e+01    8.980e+02    2.740e+01      6.100e+01    1.018e+03    2.248e-02      14.87s       64        
326  3.624e+01    8.010e+02    1.044e+01      6.100e+01    1.018e+03    2.248e-02      14.13s       64        
327  3.683e+01    1.087e+03    1.076e+02      6.100e+01    1.018e+03    2.248e-02      13.78s       64        
328  3.672e+01    9.721e+02    1.001e+02      6.100e+01    1.018e+03    2.248e-02      13.18s       64        
329  3.526e+01    6.823e+02    2.721e+01      6.100e+01    1.018e+03    2.248e-02      11.97s       65        
330  3.552e+01    4.287e+03    2.701e+01      6.100e+01    1.018e+03    2.248e-02      11.86s       66        
331  3.711e+01    2.355e+03    3.627e+05      6.100e+01    1.018e+03    2.248e-02      11.48s       66        
332  3.535e+01    6.613e+02    9.657e+01      6.100e+01    1.018e+03    2.248e-02      10.54s       66        
333  3.652e+01    7.754e+02    1.087e+01      6.100e+01    1.018e+03    2.248e-02      9.72s        66        
334  3.452e+01    1.826e+03    1.879e+02      6.100e+01    1.018e+03    2.248e-02      9.07s        66        
335  3.606e+01    6.970e+02    2.999e+01      6.100e+01    1.018e+03    2.248e-02      8.53s        64        
336  3.534e+01    1.344e+03    1.782e+01      6.100e+01    1.018e+03    2.248e-02      8.74s        64        
337  3.512e+01    7.376e+02    2.654e+01      6.100e+01    1.018e+03    2.248e-02      7.38s        64        
338  3.462e+01    8.792e+02    9.021e+01      6.100e+01    1.018e+03    2.248e-02      6.80s        65        
339  3.750e+01    2.279e+04    1.735e+01      6.100e+01    1.018e+03    2.248e-02      6.37s        65        
340  3.643e+01    1.913e+03    4.099e+01      6.100e+01    1.018e+03    2.248e-02      5.68s        65        
341  3.654e+01    9.174e+02    7.345e+00      6.100e+01    1.018e+03    2.248e-02      5.01s        65        
342  3.559e+01    1.304e+03    3.305e+00      6.100e+01    1.018e+03    2.248e-02      4.41s        65        
343  3.524e+01    9.310e+02    9.213e+01      6.100e+01    1.018e+03    2.248e-02      3.70s        62        
344  3.485e+01    5.548e+02    1.846e+01      6.100e+01    1.018e+03    2.248e-02      3.11s        62        
345  3.469e+01    8.873e+05    1.339e+05      6.100e+01    1.018e+03    2.248e-02      2.47s        63        
346  3.653e+01    1.010e+03    1.998e+01      6.100e+01    1.018e+03    2.248e-02      1.86s        63        
347  3.634e+01    8.759e+02    6.333e+00      6.100e+01    1.018e+03    2.248e-02      1.27s        63        
348  3.506e+01    3.142e+05    1.064e+01      6.100e+01    1.018e+03    2.248e-02      0.61s        61        
349  3.547e+01    9.581e+02    9.568e+00      6.100e+01    1.018e+03    2.248e-02      0.00s        61        
350  3.466e+01    8.600e+09    1.740e+01      6.100e+01    1.018e+03    2.248e-02      14.47s       61        
351  3.620e+01    5.134e+02    1.655e+01      6.100e+01    1.018e+03    2.248e-02      14.19s       62        
352  3.398e+01    3.629e+08    2.309e+01      6.100e+01    1.018e+03    2.248e-02      13.18s       62        
353  3.545e+01    7.536e+02    8.105e+00      6.100e+01    1.018e+03    2.248e-02      13.18s       62        
354  3.541e+01    7.361e+02    2.333e+01      6.100e+01    1.018e+03    2.248e-02      13.60s       62        
355  3.554e+01    8.722e+02    2.274e+01      6.100e+01    1.018e+03    2.248e-02      11.81s       62        
356  3.545e+01    1.164e+03    2.710e+01      6.100e+01    1.018e+03    2.248e-02      11.17s       62        
357  3.490e+01    6.649e+02    1.976e+01      6.100e+01    1.018e+03    2.248e-02      10.40s       62        
358  3.549e+01    8.676e+03    1.639e+01      6.100e+01    1.018e+03    2.248e-02      9.87s        63        
359  3.601e+01    8.541e+02    2.132e+01      6.100e+01    1.018e+03    2.248e-02      9.35s        64        
360  3.646e+01    6.903e+02    1.994e+00      6.100e+01    1.018e+03    2.248e-02      8.64s        64        
361  3.444e+01    8.317e+05    2.237e+01      6.100e+01    1.018e+03    2.248e-02      7.84s        64        
362  3.556e+01    3.253e+06    5.575e+00      6.100e+01    1.018e+03    2.248e-02      7.25s        64        
363  3.561e+01    1.647e+03    2.085e+01      6.100e+01    1.018e+03    2.248e-02      6.69s        64        
364  3.512e+01    1.097e+03    2.107e+01      6.100e+01    1.018e+03    2.248e-02      6.04s        64        
365  3.482e+01    4.592e+02    1.440e+01      6.100e+01    1.018e+03    2.248e-02      5.62s        64        
366  3.366e+01    6.258e+02    1.069e+02      6.100e+01    1.018e+03    2.248e-02      4.92s        64        
367  3.616e+01    7.719e+03    1.593e+01      6.100e+01    1.018e+03    2.248e-02      4.51s        64        
368  3.592e+01    1.025e+08    6.738e+00      6.100e+01    1.018e+03    2.248e-02      3.67s        64        
369  3.498e+01    9.818e+02    7.952e+04      6.100e+01    1.018e+03    2.248e-02      3.05s        64        
370  3.512e+01    6.647e+02    1.408e+01      6.100e+01    1.018e+03    2.248e-02      2.41s        64        
371  3.613e+01    5.869e+02    6.240e+00      6.100e+01    1.018e+03    2.248e-02      1.90s        64        
372  3.491e+01    7.296e+02    1.135e+02      6.100e+01    1.018e+03    2.248e-02      1.36s        64        
373  3.567e+01    3.620e+03    2.410e+00      6.100e+01    1.018e+03    2.248e-02      0.62s        64        
374  3.529e+01    9.032e+02    1.062e+01      6.100e+01    1.018e+03    2.248e-02      0.00s        64        
375  3.538e+01    2.707e+03    6.034e+00      6.100e+01    1.018e+03    2.248e-02      14.51s       64        
376  3.655e+01    2.210e+03    9.614e+01      6.100e+01    1.018e+03    2.248e-02      14.52s       65        
377  3.503e+01    8.573e+03    3.921e+01      6.100e+01    1.018e+03    2.248e-02      13.42s       66        
378  3.519e+01    6.817e+02    1.233e+01      6.100e+01    1.018e+03    2.248e-02      12.85s       66        
379  3.570e+01    6.379e+02    1.988e+01      6.100e+01    1.018e+03    2.248e-02      12.47s       66        
380  3.626e+01    1.469e+03    6.662e+00      6.100e+01    1.018e+03    2.248e-02      12.00s       65        
381  3.551e+01    6.548e+02    1.985e+01      6.100e+01    1.018e+03    2.248e-02      11.18s       65        
382  3.550e+01    6.546e+02    2.105e+01      6.100e+01    1.018e+03    2.248e-02      10.60s       65        
383  3.533e+01    9.731e+02    9.414e+01      6.100e+01    1.018e+03    2.248e-02      9.94s        65        
384  3.637e+01    5.603e+05    1.693e+01      6.100e+01    1.018e+03    2.248e-02      9.55s        66        
385  3.652e+01    8.770e+02    1.228e+01      6.100e+01    1.018e+03    2.248e-02      8.79s        66        
386  3.354e+01    5.654e+02    9.708e+01      6.100e+01    1.018e+03    2.248e-02      7.91s        66        
387  3.572e+01    7.660e+02    6.358e+05      6.100e+01    1.018e+03    2.248e-02      7.49s        66        
388  3.509e+01    6.245e+02    1.465e+01      6.100e+01    1.018e+03    2.248e-02      6.74s        66        
389  3.499e+01    1.105e+03    1.527e+01      6.100e+01    1.018e+03    2.248e-02      6.17s        67        
390  3.528e+01    1.985e+04    1.196e+01      6.100e+01    1.018e+03    2.248e-02      5.56s        67        
391  3.777e+01    8.385e+05    1.440e+01      6.100e+01    1.018e+03    2.248e-02      5.63s        67        
392  3.412e+01    7.128e+02    2.076e+01      6.100e+01    1.018e+03    2.248e-02      4.19s        68        
393  3.602e+01    6.104e+02    3.517e+01      6.100e+01    1.018e+03    2.248e-02      3.70s        68        
394  3.575e+01    2.258e+03    1.339e+05      6.100e+01    1.018e+03    2.248e-02      3.09s        68        
395  3.504e+01    7.684e+03    2.940e+01      6.100e+01    1.018e+03    2.248e-02      2.46s        69        
396  3.527e+01    8.720e+02    6.553e+00      6.100e+01    1.018e+03    2.248e-02      1.83s        69        
397  3.564e+01    8.961e+02    7.366e+00      6.100e+01    1.018e+03    2.248e-02      1.23s        69        
398  3.516e+01    1.346e+03    1.410e+01      6.100e+01    1.018e+03    2.248e-02      0.61s        69        
399  3.559e+01    7.948e+02    1.023e+02      6.100e+01    1.018e+03    2.248e-02      0.00s        71        
400  3.791e+01    1.056e+03    2.146e+01      6.100e+01    1.018e+03    2.248e-02      15.22s       71        
401  3.626e+01    3.479e+07    1.738e+01      6.100e+01    1.018e+03    2.248e-02      14.27s       71        
402  3.612e+01    6.460e+02    1.692e+01      6.100e+01    1.018e+03    2.248e-02      13.50s       71        
403  3.570e+01    7.014e+02    1.887e+01      6.100e+01    1.018e+03    2.248e-02      12.92s       69        
404  3.616e+01    6.154e+02    8.180e+00      6.100e+01    1.018e+03    2.248e-02      12.52s       67        
405  3.552e+01    3.530e+03    6.358e+05      6.100e+01    1.018e+03    2.248e-02      11.47s       67        
406  3.670e+01    1.732e+03    9.634e+01      6.100e+01    1.018e+03    2.248e-02      11.41s       68        
407  3.720e+01    4.756e+06    1.209e+01      6.100e+01    1.018e+03    2.248e-02      10.87s       69        
408  3.880e+01    1.269e+03    1.536e+01      6.100e+01    1.018e+03    2.248e-02      10.61s       69        
409  3.560e+01    5.267e+02    1.915e+01      6.100e+01    1.018e+03    2.248e-02      10.17s       69        
410  3.799e+01    7.559e+02    2.520e+01      6.100e+01    1.018e+03    2.248e-02      9.05s        69        
411  3.975e+01    1.617e+03    4.294e+01      6.100e+01    1.018e+03    2.248e-02      8.55s        69        
412  3.631e+01    1.183e+06    1.435e+01      6.100e+01    1.018e+03    2.248e-02      7.69s        69        
413  3.682e+01    9.404e+02    1.943e+02      6.100e+01    1.018e+03    2.248e-02      6.92s        69        
414  3.745e+01    6.254e+03    1.954e+02      6.100e+01    1.018e+03    2.248e-02      6.37s        70        
415  3.610e+01    6.275e+02    5.326e+00      6.100e+01    1.018e+03    2.248e-02      5.60s        70        
416  3.703e+01    5.875e+02    3.186e+01      6.100e+01    1.018e+03    2.248e-02      5.02s        69        
417  3.785e+01    6.666e+02    9.958e+00      6.100e+01    1.018e+03    2.248e-02      4.42s        69        
418  3.850e+01    6.595e+02    1.522e+01      6.100e+01    1.018e+03    2.248e-02      3.83s        69        
419  3.803e+01    1.273e+03    2.510e+01      6.100e+01    1.018e+03    2.248e-02      3.22s        69        
420  3.715e+01    2.986e+03    3.496e+04      6.100e+01    1.018e+03    2.248e-02      2.60s        69        
421  3.702e+01    1.016e+03    1.013e+02      6.100e+01    1.018e+03    2.248e-02      1.87s        69        
422  3.884e+01    9.874e+02    9.538e+01      6.100e+01    1.018e+03    2.248e-02      1.30s        69        
423  3.711e+01    2.189e+03    8.962e+00      6.100e+01    1.018e+03    2.248e-02      0.63s        69        
424  3.827e+01    9.473e+02    2.325e+01      6.100e+01    1.018e+03    2.248e-02      0.00s        69        
425  3.726e+01    5.937e+02    1.021e+02      6.100e+01    1.018e+03    2.248e-02      15.19s       69        
426  3.691e+01    2.823e+07    9.293e+01      6.100e+01    1.018e+03    2.248e-02      14.64s       69        
427  3.605e+01    1.773e+03    1.873e+01      6.100e+01    1.018e+03    2.248e-02      15.15s       68        
428  3.555e+01    7.846e+02    2.277e+01      6.100e+01    1.018e+03    2.248e-02      12.76s       69        
429  3.666e+01    5.493e+02    1.378e+03      6.100e+01    1.018e+03    2.248e-02      12.67s       68        
430  3.677e+01    2.839e+03    2.292e+01      6.100e+01    1.018e+03    2.248e-02      11.87s       67        
431  3.770e+01    1.725e+03    3.366e+01      6.100e+01    1.018e+03    2.248e-02      11.46s       67        
432  3.795e+01    2.196e+04    9.878e+01      6.100e+01    1.018e+03    2.248e-02      10.87s       67        
433  3.683e+01    9.901e+02    4.879e+04      6.100e+01    1.018e+03    2.248e-02      10.14s       67        
434  3.731e+01    6.401e+02    1.662e+01      6.100e+01    1.018e+03    2.248e-02      9.54s        68        
435  3.760e+01    1.038e+03    3.214e+01      6.100e+01    1.018e+03    2.248e-02      9.00s        68        
436  3.702e+01    7.059e+02    1.475e+01      6.100e+01    1.018e+03    2.248e-02      8.29s        68        
437  3.900e+01    3.492e+03    1.530e+05      6.100e+01    1.018e+03    2.248e-02      7.80s        68        
438  3.753e+01    2.325e+08    1.818e+02      6.100e+01    1.018e+03    2.248e-02      7.12s        67        
439  3.725e+01    7.692e+05    8.478e+00      6.100e+01    1.018e+03    2.248e-02      6.31s        68        
440  3.913e+01    7.683e+03    1.426e+01      6.100e+01    1.018e+03    2.248e-02      5.91s        68        
441  3.656e+01    8.584e+02    1.011e+02      6.100e+01    1.018e+03    2.248e-02      5.09s        68        
442  3.657e+01    1.131e+03    1.123e+02      6.100e+01    1.018e+03    2.248e-02      4.37s        70        
443  3.677e+01    1.752e+03    1.747e+01      6.100e+01    1.018e+03    2.248e-02      3.74s        70        
444  3.628e+01    3.346e+03    1.027e+06      6.100e+01    1.018e+03    2.248e-02      3.50s        71        
445  3.806e+01    6.808e+02    1.151e+01      6.100e+01    1.018e+03    2.248e-02      2.51s        71        
446  3.785e+01    9.053e+02    2.792e+01      6.100e+01    1.018e+03    2.248e-02      1.92s        71        
447  3.955e+01    1.289e+03    1.305e+02      6.100e+01    1.018e+03    2.248e-02      1.32s        73        
448  3.975e+01    6.886e+02    6.782e+00      6.100e+01    1.018e+03    2.248e-02      0.67s        74        
449  3.814e+01    6.467e+02    5.046e+01      6.100e+01    1.018e+03    2.248e-02      0.00s        71        
450  3.800e+01    1.100e+03    4.816e+00      6.100e+01    1.018e+03    2.248e-02      15.20s       71        
451  3.722e+01    6.995e+02    1.276e+02      6.100e+01    1.018e+03    2.248e-02      14.57s       71        
452  3.799e+01    2.615e+05    2.750e+01      6.100e+01    1.018e+03    2.248e-02      14.14s       70        
453  3.772e+01    1.303e+03    1.339e+05      6.100e+01    1.018e+03    2.248e-02      13.47s       71        
454  3.806e+01    5.439e+06    9.944e+00      6.100e+01    1.018e+03    2.248e-02      12.64s       71        
455  3.620e+01    9.431e+02    9.339e+00      6.100e+01    1.018e+03    2.248e-02      12.11s       71        
456  3.685e+01    9.640e+02    9.325e+00      6.100e+01    1.018e+03    2.248e-02      11.33s       72        
457  3.717e+01    5.838e+02    2.007e+01      6.100e+01    1.018e+03    2.248e-02      10.62s       73        
458  3.868e+01    5.902e+02    1.252e+01      6.100e+01    1.018e+03    2.248e-02      10.32s       72        
459  3.879e+01    6.638e+02    1.089e+01      6.100e+01    1.018e+03    2.248e-02      9.78s        72        
460  3.749e+01    1.062e+03    1.154e+01      6.100e+01    1.018e+03    2.248e-02      9.01s        73        
461  3.884e+01    8.522e+06    1.166e+01      6.100e+01    1.018e+03    2.248e-02      8.34s        73        
462  3.710e+01    8.521e+06    6.269e+00      6.100e+01    1.018e+03    2.248e-02      8.28s        73        
463  3.801e+01    2.157e+03    4.664e+01      6.100e+01    1.018e+03    2.248e-02      7.09s        70        
464  3.779e+01    9.599e+02    3.570e+01      6.100e+01    1.018e+03    2.248e-02      6.52s        70        
465  3.695e+01    8.277e+02    5.426e+00      6.100e+01    1.018e+03    2.248e-02      5.69s        69        
466  3.741e+01    1.115e+03    8.463e+00      6.100e+01    1.018e+03    2.248e-02      5.06s        70        
467  3.685e+01    2.215e+03    9.049e+01      6.100e+01    1.018e+03    2.248e-02      4.51s        71        
468  3.665e+01    6.284e+02    1.314e+02      6.100e+01    1.018e+03    2.248e-02      3.75s        71        
469  3.702e+01    7.285e+02    4.277e+00      6.100e+01    1.018e+03    2.248e-02      3.20s        71        
470  3.817e+01    7.154e+02    3.020e+01      6.100e+01    1.018e+03    2.248e-02      2.56s        70        
471  3.716e+01    9.844e+02    1.412e+01      6.100e+01    1.018e+03    2.248e-02      1.89s        70        
472  3.651e+01    7.114e+02    1.243e+03      6.100e+01    1.018e+03    2.248e-02      1.25s        70        
473  3.651e+01    9.773e+02    6.773e+00      6.100e+01    1.018e+03    2.248e-02      0.63s        72        
474  3.710e+01    1.076e+03    8.784e+00      6.100e+01    1.018e+03    2.248e-02      0.00s        73        
475  3.664e+01    1.114e+03    9.673e+00      6.100e+01    1.018e+03    2.248e-02      15.58s       73        
476  3.635e+01    6.915e+02    1.637e+01      6.100e+01    1.018e+03    2.248e-02      14.67s       72        
477  3.739e+01    9.741e+02    1.954e+01      6.100e+01    1.018e+03    2.248e-02      13.98s       72        
478  3.717e+01    6.218e+04    9.863e+01      6.100e+01    1.018e+03    2.248e-02      13.05s       72        
479  3.696e+01    6.203e+02    9.347e+00      6.100e+01    1.018e+03    2.248e-02      12.69s       73        
480  3.712e+01    1.352e+03    2.670e+01      6.100e+01    1.018e+03    2.248e-02      13.25s       73        
481  3.673e+01    1.282e+03    1.344e+01      6.100e+01    1.018e+03    2.248e-02      11.58s       74        
482  3.640e+01    5.762e+02    6.511e+00      6.100e+01    1.018e+03    2.248e-02      10.52s       74        
483  3.923e+01    1.031e+03    2.141e+02      6.100e+01    1.018e+03    2.248e-02      10.46s       73        
484  3.815e+01    1.257e+03    7.176e+00      6.100e+01    1.018e+03    2.248e-02      9.75s        73        
485  3.758e+01    1.150e+03    1.289e+01      6.100e+01    1.018e+03    2.248e-02      8.66s        72        
486  3.491e+01    4.041e+06    1.351e+01      6.100e+01    1.018e+03    2.248e-02      7.70s        72        
487  3.523e+01    9.655e+02    4.928e+00      6.100e+01    1.018e+03    2.248e-02      7.34s        73        
488  3.692e+01    7.846e+02    9.782e+00      6.100e+01    1.018e+03    2.248e-02      6.98s        72        
489  3.825e+01    7.535e+02    1.100e+02      6.100e+01    1.018e+03    2.248e-02      6.48s        72        
490  3.712e+01    1.390e+04    1.932e+01      6.100e+01    1.018e+03    2.248e-02      5.68s        72        
491  3.666e+01    7.125e+02    1.554e+04      6.100e+01    1.018e+03    2.248e-02      5.05s        72        
492  3.820e+01    3.460e+04    4.727e+00      6.100e+01    1.018e+03    2.248e-02      4.52s        70        
493  3.606e+01    6.659e+02    1.056e+02      6.100e+01    1.018e+03    2.248e-02      3.75s        70        
494  3.688e+01    1.099e+03    8.118e+00      6.100e+01    1.018e+03    2.248e-02      3.23s        69        
495  3.615e+01    1.550e+03    1.661e+01      6.100e+01    1.018e+03    2.248e-02      2.46s        70        
496  3.800e+01    8.164e+02    1.236e+01      6.100e+01    1.018e+03    2.248e-02      1.91s        70        
497  3.601e+01    7.808e+02    1.095e+01      6.100e+01    1.018e+03    2.248e-02      1.24s        70        
498  3.700e+01    1.008e+03    1.031e+01      6.100e+01    1.018e+03    2.248e-02      0.69s        70        
499  3.720e+01    9.645e+02    1.007e+02      6.100e+01    1.018e+03    2.248e-02      0.00s        70        





Time: 0h:4m:32s
####   Data for the best program   ####
Best Program: sub(0.879, div(X2, add(add(mul(sub(X1, mul(add(X0, sub(X2, 0.036)), X2)), X1), add(div(sub(X2, 0.036), add(add(add(mul(X2, X2), add(mul(X2, X2), 0.643)), mul(X2, X2)), sub(0.879, add(sub(X2, mul(mul(X2, X2), X2)), add(X1, X2))))), add(X1, sub(X2, 0.036)))), add(X0, sub(sub(X2, 0.036), 0.036)))))
Best Program Complexity: 1018
Raw Fitness: 0.022481013627472225
Penalized Fitness: 0.022481013627472225
Estimator		Train-rmse: 0.022481013627472225	Test-rmse: 0.02301214857520418	Test-R^2: 0.943154107060338

{'complexity': 'kommenda', 'const_range': (1e-10, 2.0), 'elitism_size': 0, 'function_set': ('add', 'sub', 'div', 'mul'), 'generations': 500, 'init_depth': (3, 6), 'init_method': 'half and half', 'low_memory': True, 'max_samples': 1.0, 'metric': 'rmse', 'n_jobs': 1, 'p_crossover': 0.9, 'p_hoist_mutation': 0.0, 'p_point_mutation': 0.04999999999999999, 'p_point_replace': 0.05, 'p_subtree_mutation': 0.04999999999999999, 'paretogp': True, 'paretogp_lengths': (4, 130), 'parsimony_coefficient': 0.0, 'population_size': 800, 'random_state': 992018677, 'selection': 'tournament', 'stopping_criteria': None, 'tournament_size': 11, 'verbose': 1, 'warm_start': True}
