    |          Population Average          |           Best Individual            |
---- -------------------------------------- -------------------------------------- ----------
Gen  Length       Kommenda     Fitness        Length       Kommenda     Fitness        Time Left    Front Size
0    3.881e+01    8.391e+15    1.973e+19      1.100e+01    3.600e+01    2.293e-01      15.08s       4         
1    7.832e+00    3.261e+04    5.088e+04      7.000e+00    1.200e+01    1.427e-01      8.52s        4         
2    7.395e+00    2.396e+02    2.686e+01      7.000e+00    1.200e+01    1.427e-01      7.94s        4         
3    6.420e+00    2.611e+01    2.444e+03      7.000e+00    1.200e+01    1.427e-01      7.42s        4         
4    6.705e+00    4.411e+02    5.077e+05      7.000e+00    1.200e+01    1.427e-01      7.34s        5         
5    6.485e+00    4.639e+01    1.798e+01      7.000e+00    1.200e+01    1.427e-01      6.78s        3         
6    6.933e+00    2.575e+03    3.283e+05      5.000e+00    3.000e+00    1.009e-01      6.61s        1         
7    5.955e+00    2.287e+03    1.527e+05      5.000e+00    3.000e+00    1.009e-01      5.83s        1         
8    5.558e+00    3.178e+03    9.946e+01      5.000e+00    1.000e+01    1.008e-01      5.39s        2         
9    5.170e+00    3.173e+02    1.022e+06      5.000e+00    1.000e+01    1.008e-01      4.99s        2         
10   4.635e+00    4.227e+03    6.213e+01      5.000e+00    1.000e+01    1.008e-01      4.48s        2         
11   4.890e+00    1.765e+01    1.401e+01      5.000e+00    3.000e+00    1.008e-01      4.90s        1         
12   5.088e+00    1.280e+01    9.843e+00      5.000e+00    3.000e+00    1.008e-01      4.15s        1         
13   5.340e+00    2.415e+03    6.369e+00      5.000e+00    3.000e+00    1.008e-01      3.78s        1         
14   5.463e+00    8.246e+02    1.173e+02      5.000e+00    3.000e+00    1.008e-01      3.52s        1         
15   5.468e+00    3.660e+01    4.690e+04      5.000e+00    3.000e+00    1.008e-01      3.16s        1         
16   5.550e+00    7.290e+01    1.084e+05      5.000e+00    3.000e+00    1.008e-01      2.82s        1         
17   5.548e+00    6.044e+01    3.092e+02      5.000e+00    3.000e+00    1.008e-01      2.50s        1         
18   5.835e+00    1.712e+08    7.092e+02      5.000e+00    3.000e+00    1.008e-01      2.17s        1         
19   5.793e+00    1.304e+05    9.111e+02      5.000e+00    3.000e+00    1.008e-01      1.74s        1         
20   5.482e+00    9.512e+01    9.494e+00      5.000e+00    3.000e+00    1.008e-01      1.44s        1         
21   5.485e+00    2.091e+07    1.220e+01      5.000e+00    3.000e+00    1.008e-01      1.05s        1         
22   5.675e+00    1.968e+03    3.414e+01      5.000e+00    3.000e+00    1.008e-01      0.72s        1         
23   5.785e+00    1.197e+02    7.974e+04      5.000e+00    3.000e+00    1.008e-01      0.36s        1         
24   5.763e+00    3.338e+01    1.405e+01      5.000e+00    3.000e+00    1.008e-01      0.00s        1         
25   5.725e+00    1.144e+01    2.774e+04      5.000e+00    3.000e+00    1.008e-01      8.73s        1         
26   5.763e+00    4.184e+04    2.985e+01      5.000e+00    3.000e+00    1.008e-01      8.44s        1         
27   5.750e+00    6.897e+01    3.841e+02      5.000e+00    3.000e+00    1.008e-01      7.90s        1         
28   5.820e+00    2.072e+02    1.877e+06      5.000e+00    3.000e+00    1.008e-01      7.58s        1         
29   5.603e+00    1.649e+01    5.421e+04      5.000e+00    3.000e+00    1.008e-01      6.91s        1         
30   5.865e+00    6.911e+07    2.835e+02      5.000e+00    3.000e+00    1.008e-01      6.84s        1         
31   5.785e+00    2.772e+01    5.595e+04      5.000e+00    3.000e+00    1.008e-01      6.43s        1         
32   5.902e+00    9.695e+02    5.726e+03      5.000e+00    3.000e+00    1.008e-01      5.88s        1         
33   5.900e+00    2.389e+03    5.488e+01      5.000e+00    3.000e+00    1.008e-01      6.44s        1         
34   5.638e+00    1.233e+03    9.206e+00      5.000e+00    3.000e+00    1.008e-01      5.43s        1         
35   5.457e+00    3.249e+01    1.056e+01      5.000e+00    3.000e+00    1.008e-01      4.94s        1         
36   5.915e+00    1.126e+08    5.746e+05      5.000e+00    3.000e+00    1.008e-01      4.70s        1         
37   5.668e+00    8.919e+01    7.767e+05      5.000e+00    3.000e+00    1.008e-01      4.27s        1         
38   6.010e+00    3.754e+03    7.435e+01      5.000e+00    3.000e+00    1.008e-01      4.06s        1         
39   5.702e+00    4.581e+05    8.264e+04      5.000e+00    3.000e+00    1.008e-01      3.62s        1         
40   5.835e+00    1.330e+01    1.597e+05      5.000e+00    3.000e+00    1.008e-01      3.23s        1         
41   6.290e+00    3.348e+04    3.609e+02      5.000e+00    3.000e+00    1.008e-01      2.84s        1         
42   6.032e+00    3.793e+02    9.872e+00      5.000e+00    3.000e+00    1.008e-01      2.53s        1         
43   5.723e+00    5.826e+02    1.956e+02      5.000e+00    3.000e+00    1.008e-01      2.10s        1         
44   5.808e+00    9.494e+03    9.332e+01      5.000e+00    3.000e+00    1.008e-01      1.73s        1         
45   5.670e+00    1.602e+01    3.651e+01      5.000e+00    3.000e+00    1.008e-01      1.42s        1         
46   5.822e+00    2.414e+01    1.154e+01      5.000e+00    3.000e+00    1.008e-01      1.09s        1         
47   6.077e+00    1.643e+01    1.742e+01      5.000e+00    3.000e+00    1.008e-01      0.71s        1         
48   5.843e+00    4.090e+08    2.330e+09      5.000e+00    3.000e+00    1.008e-01      0.35s        1         
49   5.505e+00    7.874e+01    1.566e+04      5.000e+00    3.000e+00    1.008e-01      0.00s        1         
50   5.938e+00    2.714e+01    1.913e+01      5.000e+00    3.000e+00    1.008e-01      8.79s        1         
51   5.935e+00    2.271e+03    1.561e+01      5.000e+00    3.000e+00    1.008e-01      8.39s        1         
52   5.865e+00    5.665e+08    9.743e+05      5.000e+00    3.000e+00    1.008e-01      7.51s        1         
53   5.843e+00    1.762e+03    3.269e+01      5.000e+00    3.000e+00    1.008e-01      7.48s        1         
54   5.827e+00    1.186e+01    4.784e+01      5.000e+00    3.000e+00    1.008e-01      7.04s        1         
55   6.160e+00    4.566e+02    9.052e+03      5.000e+00    3.000e+00    1.008e-01      7.82s        1         
56   5.890e+00    2.786e+01    5.427e+04      5.000e+00    3.000e+00    1.008e-01      6.56s        1         
57   5.855e+00    3.912e+03    3.539e+01      5.000e+00    3.000e+00    1.008e-01      6.00s        1         
58   5.750e+00    3.356e+02    1.726e+02      5.000e+00    3.000e+00    1.008e-01      5.56s        1         
59   5.553e+00    2.341e+01    5.421e+04      5.000e+00    3.000e+00    1.008e-01      5.31s        1         
60   5.838e+00    3.532e+01    2.048e+01      5.000e+00    3.000e+00    1.008e-01      5.09s        1         
61   5.492e+00    1.182e+01    2.007e+01      5.000e+00    3.000e+00    1.008e-01      4.57s        1         
62   5.725e+00    1.543e+01    1.655e+01      5.000e+00    3.000e+00    1.008e-01      4.25s        1         
63   5.715e+00    4.218e+02    5.725e+06      5.000e+00    3.000e+00    1.008e-01      3.80s        1         
64   5.742e+00    7.650e+01    1.577e+02      5.000e+00    3.000e+00    1.008e-01      3.49s        1         
65   5.782e+00    2.848e+03    3.018e+04      5.000e+00    3.000e+00    1.008e-01      3.19s        1         
66   5.893e+00    8.122e+04    2.315e+06      5.000e+00    3.000e+00    1.008e-01      2.92s        1         
67   5.890e+00    2.044e+02    2.455e+01      5.000e+00    3.000e+00    1.008e-01      2.52s        1         
68   5.817e+00    7.529e+01    3.573e+01      5.000e+00    3.000e+00    1.008e-01      2.17s        1         
69   5.902e+00    1.140e+01    1.364e+01      5.000e+00    3.000e+00    1.008e-01      1.77s        1         
70   5.975e+00    1.584e+02    1.282e+02      5.000e+00    3.000e+00    1.008e-01      1.50s        1         
71   5.957e+00    3.409e+02    1.110e+01      5.000e+00    3.000e+00    1.008e-01      1.07s        1         
72   5.965e+00    1.225e+03    2.386e+01      5.000e+00    3.000e+00    1.008e-01      0.73s        1         
73   6.145e+00    7.887e+01    2.722e+01      5.000e+00    3.000e+00    1.008e-01      0.34s        1         
74   5.718e+00    5.261e+03    3.124e+02      5.000e+00    3.000e+00    1.008e-01      0.00s        1         
75   5.763e+00    3.095e+06    2.835e+10      5.000e+00    3.000e+00    1.008e-01      8.59s        1         
76   5.625e+00    9.411e+00    2.439e+01      5.000e+00    3.000e+00    1.008e-01      8.33s        1         
77   5.772e+00    7.114e+03    6.811e+01      5.000e+00    3.000e+00    1.008e-01      8.84s        1         
78   5.843e+00    2.301e+01    1.782e+01      5.000e+00    3.000e+00    1.008e-01      7.27s        1         
79   5.870e+00    9.986e+00    1.739e+04      5.000e+00    3.000e+00    1.008e-01      6.83s        1         
80   5.930e+00    9.366e+00    2.463e+04      5.000e+00    3.000e+00    1.008e-01      6.85s        1         
81   6.025e+00    6.227e+01    1.717e+01      5.000e+00    3.000e+00    1.008e-01      6.19s        1         
82   6.258e+00    4.903e+04    1.240e+05      5.000e+00    3.000e+00    1.008e-01      6.26s        1         
83   5.968e+00    4.447e+01    5.790e+00      5.000e+00    3.000e+00    1.008e-01      5.65s        1         
84   5.700e+00    9.580e+00    1.339e+05      5.000e+00    3.000e+00    1.008e-01      5.24s        1         
85   5.872e+00    5.655e+04    1.430e+01      5.000e+00    3.000e+00    1.008e-01      5.04s        1         
86   6.018e+00    1.415e+01    7.271e+00      5.000e+00    3.000e+00    1.008e-01      4.76s        1         
87   5.945e+00    2.976e+02    8.592e+01      5.000e+00    3.000e+00    1.008e-01      4.28s        1         
88   6.010e+00    4.512e+04    1.537e+05      5.000e+00    3.000e+00    1.008e-01      3.93s        1         
89   5.893e+00    2.842e+01    5.320e+01      5.000e+00    3.000e+00    1.008e-01      3.58s        1         
90   5.910e+00    2.904e+01    2.122e+02      5.000e+00    3.000e+00    1.008e-01      3.23s        1         
91   5.635e+00    4.300e+01    1.713e+01      5.000e+00    3.000e+00    1.008e-01      2.92s        1         
92   5.673e+00    1.734e+01    1.668e+01      5.000e+00    3.000e+00    1.008e-01      2.54s        1         
93   5.855e+00    4.382e+05    5.988e+06      5.000e+00    3.000e+00    1.008e-01      2.16s        1         
94   5.715e+00    1.037e+01    2.342e+01      5.000e+00    3.000e+00    1.008e-01      1.83s        1         
95   5.820e+00    3.602e+02    1.118e+07      5.000e+00    3.000e+00    1.008e-01      1.45s        1         
96   5.975e+00    1.155e+01    6.980e+00      5.000e+00    3.000e+00    1.008e-01      1.09s        1         
97   5.897e+00    1.773e+02    4.131e+05      5.000e+00    3.000e+00    1.008e-01      0.71s        1         
98   5.662e+00    1.367e+01    4.187e+00      5.000e+00    3.000e+00    1.008e-01      0.41s        1         
99   5.865e+00    4.877e+01    2.828e+01      5.000e+00    3.000e+00    1.008e-01      0.00s        1         
100  5.548e+00    1.151e+02    1.547e+02      5.000e+00    3.000e+00    1.008e-01      8.48s        1         
101  5.897e+00    1.290e+03    8.504e+00      5.000e+00    3.000e+00    1.008e-01      7.98s        1         
102  5.862e+00    1.998e+06    1.292e+06      5.000e+00    3.000e+00    1.008e-01      8.05s        1         
103  5.745e+00    1.386e+01    2.112e+05      5.000e+00    3.000e+00    1.008e-01      7.35s        1         
104  5.853e+00    3.334e+03    1.680e+05      5.000e+00    3.000e+00    1.008e-01      7.35s        1         
105  5.968e+00    9.122e+02    3.354e+04      5.000e+00    3.000e+00    1.008e-01      6.82s        1         
106  5.668e+00    4.049e+01    2.128e+01      5.000e+00    3.000e+00    1.008e-01      6.54s        1         
107  5.817e+00    4.710e+02    6.246e+01      5.000e+00    3.000e+00    1.008e-01      6.15s        1         
108  5.928e+00    8.341e+01    2.186e+02      5.000e+00    3.000e+00    1.008e-01      5.58s        1         
109  5.610e+00    1.789e+02    1.903e+03      5.000e+00    3.000e+00    1.008e-01      5.37s        1         
110  5.815e+00    2.217e+03    3.603e+05      5.000e+00    3.000e+00    1.008e-01      5.08s        1         
111  5.753e+00    4.049e+01    1.579e+09      5.000e+00    3.000e+00    1.008e-01      4.48s        1         
112  5.575e+00    1.976e+01    1.729e+02      5.000e+00    3.000e+00    1.008e-01      4.33s        1         
113  5.548e+00    9.439e+01    8.969e+00      5.000e+00    3.000e+00    1.008e-01      4.01s        1         
114  5.730e+00    3.048e+03    1.809e+02      5.000e+00    3.000e+00    1.008e-01      3.62s        1         
115  5.750e+00    3.366e+01    1.597e+04      5.000e+00    3.000e+00    1.008e-01      3.24s        1         
116  5.862e+00    1.852e+01    1.699e+01      5.000e+00    3.000e+00    1.008e-01      2.88s        1         
117  5.747e+00    1.804e+01    6.431e+00      5.000e+00    3.000e+00    1.008e-01      2.52s        1         
118  5.695e+00    1.515e+02    2.477e+01      5.000e+00    3.000e+00    1.008e-01      2.11s        1         
119  5.782e+00    1.777e+04    2.586e+04      5.000e+00    3.000e+00    1.008e-01      1.81s        1         
120  5.747e+00    2.952e+01    2.025e+06      5.000e+00    3.000e+00    1.008e-01      1.63s        1         
121  5.772e+00    3.575e+03    6.591e+05      5.000e+00    3.000e+00    1.008e-01      1.08s        1         
122  5.995e+00    2.431e+02    1.155e+02      5.000e+00    3.000e+00    1.008e-01      0.69s        1         
123  5.862e+00    4.073e+01    2.123e+04      5.000e+00    3.000e+00    1.008e-01      0.34s        1         
124  5.817e+00    5.115e+03    4.971e+01      5.000e+00    3.000e+00    1.008e-01      0.00s        1         
125  5.718e+00    8.522e+04    7.679e+01      5.000e+00    3.000e+00    1.008e-01      8.58s        1         
126  5.800e+00    6.661e+03    5.859e+02      5.000e+00    3.000e+00    1.008e-01      8.13s        1         
127  5.982e+00    5.301e+03    2.099e+08      5.000e+00    3.000e+00    1.008e-01      8.09s        1         
128  5.647e+00    1.026e+01    7.990e+04      5.000e+00    3.000e+00    1.008e-01      7.73s        1         
129  5.900e+00    1.594e+02    1.722e+05      5.000e+00    3.000e+00    1.008e-01      7.19s        1         
130  5.978e+00    2.464e+02    3.501e+03      5.000e+00    3.000e+00    1.008e-01      6.81s        1         
131  5.978e+00    3.783e+02    6.379e+00      5.000e+00    3.000e+00    1.008e-01      6.29s        1         
132  5.850e+00    2.260e+03    1.766e+02      5.000e+00    3.000e+00    1.008e-01      6.20s        1         
133  6.128e+00    7.303e+10    9.369e+06      5.000e+00    3.000e+00    1.008e-01      5.69s        1         
134  5.830e+00    1.042e+03    7.597e+02      5.000e+00    3.000e+00    1.008e-01      5.41s        1         
135  5.870e+00    3.364e+02    8.093e+04      5.000e+00    3.000e+00    1.008e-01      5.13s        1         
136  5.952e+00    1.811e+05    1.118e+01      5.000e+00    3.000e+00    1.008e-01      4.73s        1         
137  5.650e+00    1.041e+02    1.956e+02      5.000e+00    3.000e+00    1.008e-01      4.17s        1         
138  5.923e+00    2.184e+07    9.010e+03      5.000e+00    3.000e+00    1.008e-01      3.88s        1         
139  5.848e+00    4.319e+01    9.042e+01      5.000e+00    3.000e+00    1.008e-01      3.56s        1         
140  6.027e+00    5.668e+06    2.222e+06      5.000e+00    3.000e+00    1.008e-01      3.27s        1         
141  6.067e+00    2.889e+02    3.492e+03      5.000e+00    3.000e+00    1.008e-01      2.84s        1         
142  5.883e+00    9.519e+02    8.925e+03      5.000e+00    3.000e+00    1.008e-01      2.55s        1         
143  5.923e+00    1.449e+01    5.489e+05      5.000e+00    3.000e+00    1.008e-01      2.37s        1         
144  5.875e+00    4.208e+01    7.115e+00      5.000e+00    3.000e+00    1.008e-01      1.82s        1         
145  5.593e+00    9.409e+00    3.797e+01      5.000e+00    3.000e+00    1.008e-01      1.38s        1         
146  5.835e+00    1.011e+02    7.466e+03      5.000e+00    3.000e+00    1.008e-01      1.08s        1         
147  5.582e+00    1.719e+01    4.519e+00      5.000e+00    3.000e+00    1.008e-01      0.71s        1         
148  5.655e+00    1.543e+01    7.929e+02      5.000e+00    3.000e+00    1.008e-01      0.36s        1         
149  5.293e+00    6.431e+01    1.577e+11      5.000e+00    3.000e+00    1.008e-01      0.00s        1         
150  4.455e+00    1.352e+02    6.718e+01      5.000e+00    3.000e+00    1.008e-01      8.00s        1         
151  3.730e+00    2.036e+01    3.033e+01      5.000e+00    3.000e+00    1.008e-01      7.42s        1         
152  4.263e+00    1.073e+03    6.019e+00      5.000e+00    3.000e+00    1.008e-01      7.26s        1         
153  4.590e+00    1.349e+04    2.252e+01      5.000e+00    3.000e+00    1.008e-01      6.93s        1         
154  4.880e+00    6.442e+06    1.926e+03      5.000e+00    3.000e+00    1.008e-01      6.66s        1         
155  4.790e+00    3.223e+02    4.893e+01      5.000e+00    3.000e+00    1.008e-01      6.29s        1         
156  4.830e+00    8.635e+03    1.541e+02      5.000e+00    3.000e+00    1.008e-01      5.63s        1         
157  4.875e+00    2.098e+02    1.273e+01      5.000e+00    3.000e+00    1.008e-01      5.64s        1         
158  4.777e+00    8.224e+00    2.012e+01      5.000e+00    3.000e+00    1.008e-01      5.38s        1         
159  4.910e+00    1.977e+02    2.200e+01      5.000e+00    3.000e+00    1.008e-01      5.08s        1         
160  5.317e+00    4.580e+04    4.954e+01      7.000e+00    4.000e+01    8.955e-02      4.73s        2         
161  5.955e+00    1.599e+07    1.067e+02      7.000e+00    4.000e+01    8.955e-02      4.33s        2         
162  6.112e+00    8.034e+04    3.938e+01      5.000e+00    8.000e+00    8.590e-02      4.12s        2         
163  5.322e+00    1.389e+02    5.114e+04      7.000e+00    2.400e+01    8.278e-02      3.72s        3         
164  5.790e+00    1.529e+02    5.841e+05      7.000e+00    2.400e+01    8.278e-02      3.41s        3         
165  6.027e+00    2.956e+02    6.638e+01      7.000e+00    2.400e+01    8.278e-02      3.10s        3         
166  6.050e+00    2.224e+01    4.725e+01      7.000e+00    2.400e+01    8.278e-02      3.12s        3         
167  6.515e+00    6.103e+06    8.795e+01      7.000e+00    2.400e+01    8.278e-02      2.45s        3         
168  6.340e+00    1.768e+05    8.288e+03      5.000e+00    8.000e+00    7.762e-02      2.12s        2         
169  5.905e+00    3.363e+02    2.322e+01      5.000e+00    8.000e+00    6.766e-02      1.73s        2         
170  5.683e+00    1.816e+03    4.207e+15      5.000e+00    8.000e+00    6.766e-02      1.38s        2         
171  5.503e+00    8.010e+03    1.752e+05      5.000e+00    8.000e+00    6.766e-02      1.04s        2         
172  5.232e+00    2.290e+04    1.839e+05      5.000e+00    8.000e+00    6.766e-02      0.66s        2         
173  5.518e+00    5.445e+07    1.228e+02      5.000e+00    8.000e+00    6.766e-02      0.33s        2         
174  5.742e+00    1.161e+07    6.195e+05      5.000e+00    8.000e+00    6.766e-02      0.00s        2         
175  5.325e+00    4.442e+02    2.377e+03      5.000e+00    8.000e+00    6.766e-02      7.89s        2         
176  5.263e+00    1.265e+02    1.022e+02      5.000e+00    8.000e+00    6.766e-02      7.52s        2         
177  5.312e+00    3.017e+01    1.409e+02      5.000e+00    8.000e+00    6.766e-02      7.32s        2         
178  5.410e+00    2.260e+04    3.528e+01      5.000e+00    8.000e+00    6.766e-02      7.16s        2         
179  5.277e+00    1.247e+01    1.985e+03      5.000e+00    8.000e+00    6.766e-02      6.54s        2         
180  5.393e+00    5.975e+03    7.012e+02      5.000e+00    8.000e+00    6.766e-02      6.47s        2         
181  5.343e+00    6.549e+02    3.449e+05      5.000e+00    8.000e+00    6.766e-02      6.08s        2         
182  5.570e+00    4.298e+01    3.096e+01      5.000e+00    8.000e+00    6.766e-02      5.72s        2         
183  5.425e+00    1.796e+02    3.384e+03      5.000e+00    8.000e+00    6.766e-02      5.46s        2         
184  5.383e+00    1.030e+03    2.017e+01      5.000e+00    8.000e+00    6.766e-02      5.04s        2         
185  5.412e+00    4.487e+02    1.578e+05      5.000e+00    8.000e+00    6.766e-02      4.68s        2         
186  5.435e+00    6.617e+01    2.089e+05      5.000e+00    8.000e+00    6.766e-02      4.42s        2         
187  5.338e+00    5.726e+01    1.247e+04      5.000e+00    8.000e+00    6.766e-02      4.14s        2         
188  5.308e+00    5.210e+01    1.934e+02      5.000e+00    8.000e+00    6.766e-02      4.47s        2         
189  5.360e+00    1.517e+02    3.251e+01      5.000e+00    8.000e+00    6.766e-02      3.32s        2         
190  5.475e+00    1.064e+03    8.655e+01      5.000e+00    8.000e+00    6.766e-02      3.01s        2         
191  5.312e+00    1.414e+02    4.682e+08      5.000e+00    8.000e+00    6.766e-02      2.73s        2         
192  5.268e+00    1.222e+02    6.780e+01      5.000e+00    8.000e+00    6.766e-02      2.29s        2         
193  5.418e+00    7.140e+04    1.432e+05      5.000e+00    8.000e+00    6.766e-02      1.99s        2         
194  5.157e+00    6.678e+02    4.876e+02      5.000e+00    8.000e+00    6.766e-02      1.64s        2         
195  5.383e+00    8.116e+04    2.154e+02      5.000e+00    8.000e+00    6.766e-02      1.31s        2         
196  5.237e+00    7.858e+01    1.753e+05      5.000e+00    8.000e+00    6.766e-02      1.02s        2         
197  5.293e+00    1.485e+01    3.542e+01      5.000e+00    8.000e+00    6.766e-02      0.69s        2         
198  5.675e+00    4.335e+01    2.156e+06      5.000e+00    8.000e+00    6.766e-02      0.33s        2         
199  5.255e+00    4.855e+02    1.163e+02      5.000e+00    8.000e+00    6.766e-02      0.00s        2         
200  5.370e+00    1.267e+02    8.124e+01      5.000e+00    8.000e+00    6.766e-02      8.27s        2         
201  5.317e+00    1.413e+02    7.112e+01      5.000e+00    8.000e+00    6.766e-02      7.66s        2         
202  5.268e+00    7.576e+03    6.660e+01      5.000e+00    8.000e+00    6.766e-02      7.58s        2         
203  5.245e+00    2.435e+01    3.030e+02      5.000e+00    8.000e+00    6.766e-02      6.86s        2         
204  5.270e+00    1.833e+01    1.751e+05      5.000e+00    8.000e+00    6.766e-02      6.80s        2         
205  5.402e+00    6.880e+02    1.280e+05      5.000e+00    8.000e+00    6.766e-02      6.27s        2         
206  5.402e+00    3.636e+04    9.152e+05      5.000e+00    8.000e+00    6.766e-02      5.99s        2         
207  5.245e+00    4.830e+04    1.839e+01      5.000e+00    8.000e+00    6.766e-02      5.75s        2         
208  5.235e+00    7.647e+01    1.220e+02      5.000e+00    8.000e+00    6.766e-02      5.35s        2         
209  5.340e+00    1.894e+04    1.550e+06      5.000e+00    8.000e+00    6.766e-02      4.93s        2         
210  5.378e+00    1.450e+02    6.634e+06      5.000e+00    8.000e+00    6.766e-02      4.64s        2         
211  5.525e+00    1.436e+01    5.444e+05      5.000e+00    8.000e+00    6.766e-02      5.01s        2         
212  5.375e+00    3.828e+05    2.152e+05      5.000e+00    8.000e+00    6.766e-02      3.91s        2         
213  5.332e+00    2.261e+01    9.990e+01      5.000e+00    8.000e+00    6.766e-02      3.64s        2         
214  5.588e+00    1.065e+03    6.851e+01      5.000e+00    8.000e+00    6.766e-02      3.32s        2         
215  5.277e+00    1.191e+02    1.233e+01      5.000e+00    8.000e+00    6.766e-02      2.96s        2         
216  5.277e+00    4.274e+01    1.911e+05      5.000e+00    8.000e+00    6.766e-02      2.65s        2         
217  5.355e+00    1.451e+01    3.580e+04      5.000e+00    8.000e+00    6.766e-02      2.38s        2         
218  5.415e+00    3.363e+04    5.055e+04      5.000e+00    8.000e+00    6.766e-02      2.01s        2         
219  5.195e+00    1.323e+01    1.407e+02      7.000e+00    1.600e+01    6.220e-02      1.66s        3         
220  5.735e+00    1.307e+02    3.268e+01      7.000e+00    1.600e+01    6.220e-02      1.39s        3         
221  6.147e+00    3.358e+11    8.040e+06      9.000e+00    3.200e+01    5.971e-02      1.07s        4         
222  6.700e+00    2.783e+03    5.004e+01      9.000e+00    3.200e+01    5.971e-02      0.73s        4         
223  7.298e+00    1.145e+03    5.631e+02      9.000e+00    3.200e+01    5.971e-02      0.37s        4         
224  7.255e+00    3.995e+02    1.235e+02      9.000e+00    3.200e+01    5.971e-02      0.00s        4         
225  7.450e+00    5.661e+01    1.501e+02      9.000e+00    3.200e+01    5.971e-02      9.36s        4         
226  7.457e+00    9.494e+02    4.252e+01      9.000e+00    3.200e+01    5.971e-02      8.56s        4         
227  7.463e+00    5.132e+02    5.388e+01      9.000e+00    3.200e+01    5.971e-02      8.38s        4         
228  7.575e+00    1.822e+04    3.169e+01      9.000e+00    3.200e+01    5.971e-02      8.12s        4         
229  7.707e+00    1.559e+07    1.148e+02      9.000e+00    3.200e+01    5.971e-02      7.55s        4         
230  7.485e+00    9.056e+01    4.098e+01      9.000e+00    3.200e+01    5.971e-02      7.27s        4         
231  7.482e+00    1.000e+04    1.185e+02      9.000e+00    3.200e+01    5.971e-02      6.74s        4         
232  7.332e+00    3.062e+01    4.643e+01      9.000e+00    3.200e+01    5.971e-02      6.34s        4         
233  7.732e+00    2.514e+03    4.483e+01      9.000e+00    3.200e+01    5.971e-02      6.92s        4         
234  7.650e+00    1.717e+05    2.933e+02      9.000e+00    3.200e+01    5.971e-02      5.82s        4         
235  7.450e+00    3.945e+01    2.443e+04      9.000e+00    3.200e+01    5.971e-02      5.23s        4         
236  7.407e+00    3.048e+01    1.237e+02      5.000e+00    8.000e+00    5.718e-02      4.89s        2         
237  6.628e+00    2.379e+01    2.702e+05      7.000e+00    1.600e+01    5.667e-02      4.27s        3         
238  6.250e+00    1.226e+03    3.475e+01      7.000e+00    1.600e+01    5.667e-02      3.93s        3         
239  6.037e+00    6.788e+03    8.180e+07      7.000e+00    1.600e+01    5.667e-02      3.63s        3         
240  6.395e+00    3.417e+05    6.456e+01      7.000e+00    1.600e+01    5.667e-02      3.31s        3         
241  6.405e+00    3.635e+01    3.478e+01      7.000e+00    1.600e+01    5.667e-02      2.87s        3         
242  6.240e+00    9.726e+04    5.426e+04      7.000e+00    1.600e+01    5.667e-02      2.48s        3         
243  6.378e+00    1.244e+02    1.495e+02      7.000e+00    1.600e+01    5.667e-02      2.08s        3         
244  6.415e+00    2.026e+01    5.290e+01      7.000e+00    1.600e+01    5.667e-02      1.78s        3         
245  6.362e+00    1.999e+02    1.396e+02      7.000e+00    1.600e+01    5.667e-02      1.46s        3         
246  6.343e+00    3.431e+01    4.131e+02      7.000e+00    1.600e+01    5.667e-02      1.07s        3         
247  6.298e+00    7.909e+02    2.429e+01      7.000e+00    1.600e+01    5.667e-02      0.73s        3         
248  6.713e+00    2.735e+05    1.776e+08      7.000e+00    1.600e+01    5.667e-02      0.37s        3         
249  6.385e+00    1.816e+01    5.433e+04      7.000e+00    1.600e+01    5.667e-02      0.00s        3         
250  6.505e+00    3.793e+03    4.684e+05      7.000e+00    1.600e+01    5.667e-02      8.57s        3         
251  6.487e+00    1.546e+04    2.133e+05      7.000e+00    1.600e+01    5.667e-02      8.44s        3         
252  6.468e+00    1.746e+02    3.302e+01      7.000e+00    1.600e+01    5.667e-02      8.00s        3         
253  6.475e+00    1.930e+02    4.834e+05      7.000e+00    1.600e+01    5.667e-02      7.62s        3         
254  6.470e+00    4.522e+02    2.134e+05      7.000e+00    1.600e+01    5.667e-02      8.11s        3         
255  6.570e+00    1.698e+05    2.134e+05      7.000e+00    1.600e+01    5.667e-02      6.90s        3         
256  6.277e+00    2.996e+01    4.798e+02      7.000e+00    1.600e+01    5.667e-02      6.64s        3         
257  6.577e+00    8.456e+06    2.133e+05      7.000e+00    1.600e+01    5.667e-02      5.92s        3         
258  6.375e+00    2.466e+01    2.134e+05      7.000e+00    1.600e+01    5.667e-02      5.74s        3         
259  6.812e+00    1.642e+05    1.475e+08      7.000e+00    1.600e+01    5.667e-02      5.65s        3         
260  6.522e+00    2.944e+01    6.678e+05      7.000e+00    1.600e+01    5.667e-02      5.03s        3         
261  6.447e+00    4.627e+01    1.412e+02      1.500e+01    2.020e+02    5.664e-02      5.01s        4         
262  8.203e+00    2.427e+03    2.541e+01      1.700e+01    5.620e+02    5.623e-02      4.64s        5         
263  1.013e+01    6.249e+02    1.058e+02      1.900e+01    1.114e+03    5.597e-02      4.58s        6         
264  1.200e+01    6.050e+15    6.081e+02      1.900e+01    2.740e+02    3.889e-02      4.48s        5         
265  1.182e+01    2.272e+03    7.302e+02      2.300e+01    4.180e+02    3.511e-02      4.03s        6         
266  1.369e+01    5.712e+03    9.745e+02      2.300e+01    4.180e+02    3.511e-02      3.76s        7         
267  1.445e+01    4.924e+04    3.386e+01      3.900e+01    1.014e+04    3.410e-02      3.34s        9         
268  1.779e+01    4.429e+04    3.246e+01      3.900e+01    1.014e+04    3.410e-02      3.15s        11        
269  2.039e+01    5.257e+09    1.682e+02      3.900e+01    1.014e+04    3.410e-02      2.76s        11        
270  2.118e+01    5.270e+09    3.796e+01      4.900e+01    3.261e+05    3.406e-02      2.26s        12        
271  2.284e+01    2.183e+05    1.410e+02      4.100e+01    1.532e+04    3.365e-02      1.72s        13        
272  2.291e+01    2.753e+06    8.518e+01      4.100e+01    1.532e+04    3.365e-02      1.20s        13        
273  2.342e+01    1.607e+07    4.995e+01      4.900e+01    4.837e+04    3.347e-02      0.59s        16        
274  2.626e+01    3.692e+07    2.373e+03      4.900e+01    4.837e+04    3.347e-02      0.00s        17        
275  2.866e+01    2.742e+11    2.369e+02      7.300e+01    2.193e+06    3.317e-02      15.40s       21        
276  3.047e+01    5.054e+08    1.003e+02      4.300e+01    1.568e+04    3.249e-02      16.05s       14        
277  2.487e+01    1.400e+06    4.063e+02      4.300e+01    1.568e+04    3.249e-02      13.46s       14        
278  2.293e+01    4.965e+05    2.388e+02      5.700e+01    1.608e+05    3.248e-02      12.40s       14        
279  2.414e+01    6.092e+06    7.735e+02      5.500e+01    1.479e+05    3.230e-02      12.37s       16        
280  2.581e+01    3.262e+06    2.927e+02      5.500e+01    1.479e+05    3.230e-02      11.99s       15        
281  2.788e+01    5.574e+06    3.034e+02      6.100e+01    8.011e+05    3.221e-02      11.73s       17        
282  2.925e+01    2.412e+07    1.214e+05      6.100e+01    8.011e+05    3.221e-02      11.41s       18        
283  2.943e+01    2.590e+07    5.618e+02      6.300e+01    7.077e+05    3.208e-02      10.64s       18        
284  3.064e+01    2.020e+11    4.200e+02      8.300e+01    3.663e+07    3.202e-02      10.30s       21        
285  3.371e+01    4.906e+07    6.391e+02      5.700e+01    5.629e+04    3.176e-02      9.93s        19        
286  3.299e+01    1.662e+12    5.328e+02      7.900e+01    3.610e+06    3.170e-02      9.39s        20        
287  3.342e+01    1.847e+09    2.062e+02      6.300e+01    3.466e+05    3.065e-02      8.51s        14        
288  3.007e+01    1.801e+09    2.127e+05      9.100e+01    1.320e+08    3.011e-02      7.43s        16        
289  3.238e+01    3.221e+10    1.946e+02      8.300e+01    7.823e+07    2.997e-02      6.86s        18        
290  3.546e+01    4.264e+11    9.463e+02      4.900e+01    2.000e+04    2.939e-02      6.56s        17        
291  2.866e+01    5.587e+07    2.594e+02      7.700e+01    3.792e+07    2.871e-02      5.59s        21        
292  2.996e+01    6.643e+09    2.872e+02      7.500e+01    5.074e+06    2.847e-02      4.70s        18        
293  2.898e+01    3.091e+09    1.052e+05      4.300e+01    2.403e+04    2.830e-02      3.88s        18        
294  2.867e+01    2.669e+08    2.978e+02      4.300e+01    2.403e+04    2.830e-02      3.25s        15        
295  2.615e+01    8.088e+07    2.627e+02      4.100e+01    1.885e+04    2.772e-02      2.50s        14        
296  2.425e+01    3.642e+06    8.020e+04      4.100e+01    1.885e+04    2.772e-02      1.81s        15        
297  2.516e+01    8.734e+06    2.526e+02      5.900e+01    1.112e+06    2.741e-02      1.24s        16        
298  2.567e+01    4.254e+06    2.910e+02      5.900e+01    4.357e+05    2.717e-02      0.63s        17        
299  2.809e+01    9.007e+09    6.700e+03      7.500e+01    1.171e+07    2.695e-02      0.00s        21        
300  3.494e+01    3.226e+08    2.293e+02      7.500e+01    1.171e+07    2.695e-02      17.46s       23        
301  3.788e+01    2.514e+10    8.886e+02      7.500e+01    1.171e+07    2.695e-02      17.72s       22        
302  3.815e+01    5.277e+10    3.689e+02      7.500e+01    1.467e+07    2.692e-02      16.88s       23        
303  4.237e+01    9.908e+12    5.814e+02      5.500e+01    1.416e+06    2.651e-02      16.75s       20        
304  3.363e+01    1.344e+12    1.226e+05      6.700e+01    1.142e+06    2.625e-02      14.01s       21        
305  3.242e+01    3.300e+08    5.029e+05      6.700e+01    1.142e+06    2.625e-02      13.49s       20        
306  3.350e+01    5.704e+10    2.488e+05      6.700e+01    1.142e+06    2.625e-02      13.91s       22        
307  3.501e+01    1.323e+14    2.482e+05      6.700e+01    1.142e+06    2.625e-02      12.40s       23        
308  3.653e+01    5.422e+10    1.227e+05      6.900e+01    1.117e+06    2.619e-02      11.85s       22        
309  3.448e+01    2.202e+10    3.751e+05      6.900e+01    1.117e+06    2.619e-02      10.88s       22        
310  3.458e+01    1.149e+09    3.752e+05      6.900e+01    1.117e+06    2.619e-02      10.11s       21        
311  3.366e+01    6.881e+11    2.450e+05      6.900e+01    1.117e+06    2.619e-02      9.39s        22        
312  3.533e+01    3.504e+11    8.201e+02      6.900e+01    1.117e+06    2.619e-02      8.54s        22        
313  3.460e+01    5.462e+08    2.451e+05      7.700e+01    1.273e+06    2.607e-02      8.17s        23        
314  3.703e+01    2.214e+09    9.391e+05      7.700e+01    1.273e+06    2.607e-02      7.50s        25        
315  4.116e+01    4.936e+10    5.844e+07      7.700e+01    1.273e+06    2.607e-02      7.13s        24        
316  4.067e+01    1.698e+10    7.523e+05      7.700e+01    1.273e+06    2.607e-02      6.32s        26        
317  3.769e+01    1.951e+09    4.969e+05      7.700e+01    1.273e+06    2.607e-02      5.22s        26        
318  3.904e+01    4.386e+11    3.711e+05      7.700e+01    1.273e+06    2.607e-02      4.60s        28        
319  4.028e+01    2.751e+09    3.733e+05      7.700e+01    1.273e+06    2.607e-02      4.00s        29        
320  3.955e+01    4.422e+09    3.712e+05      7.700e+01    1.273e+06    2.607e-02      3.12s        30        
321  3.974e+01    3.929e+09    4.970e+05      9.900e+01    3.405e+07    2.602e-02      2.52s        30        
322  3.900e+01    1.525e+13    1.229e+05      9.900e+01    3.405e+07    2.602e-02      1.53s        30        
323  4.050e+01    2.072e+08    1.026e+02      9.900e+01    3.405e+07    2.602e-02      0.78s        27        
324  4.435e+01    9.953e+08    4.955e+05      9.900e+01    3.405e+07    2.602e-02      0.00s        26        
325  4.348e+01    4.933e+12    2.443e+02      1.010e+02    3.826e+07    2.601e-02      19.58s       31        
326  4.835e+01    2.533e+11    1.427e+08      1.010e+02    1.348e+08    2.588e-02      20.24s       32        
327  4.956e+01    1.551e+15    1.175e+02      1.010e+02    1.348e+08    2.588e-02      19.80s       32        
328  4.759e+01    1.330e+13    1.458e+08      1.010e+02    1.348e+08    2.588e-02      17.93s       32        
329  4.942e+01    7.703e+13    4.459e+05      9.500e+01    3.878e+07    2.587e-02      18.00s       32        
330  5.010e+01    9.451e+14    6.149e+05      9.500e+01    3.878e+07    2.587e-02      16.46s       32        
331  5.152e+01    3.594e+12    2.557e+06      9.500e+01    3.878e+07    2.587e-02      16.28s       29        
332  4.730e+01    2.272e+13    1.155e+11      9.500e+01    3.878e+07    2.587e-02      14.57s       27        
333  4.149e+01    4.648e+12    3.286e+05      9.500e+01    3.878e+07    2.587e-02      12.90s       27        
334  4.443e+01    5.274e+16    2.485e+05      8.700e+01    3.023e+06    2.567e-02      12.43s       26        
335  4.031e+01    2.839e+10    1.259e+05      1.070e+02    8.192e+07    2.555e-02      11.82s       27        
336  3.659e+01    5.799e+08    7.022e+01      1.030e+02    5.001e+07    2.554e-02      9.76s        27        
337  3.969e+01    2.401e+09    1.451e+08      1.030e+02    5.001e+07    2.554e-02      9.48s        29        
338  4.341e+01    3.923e+09    1.432e+08      1.030e+02    5.001e+07    2.554e-02      8.89s        31        
339  4.610e+01    1.797e+13    1.429e+08      1.030e+02    5.001e+07    2.554e-02      8.73s        32        
340  4.434e+01    1.229e+14    2.924e+08      1.030e+02    5.001e+07    2.554e-02      7.64s        31        
341  4.363e+01    1.984e+13    2.850e+08      1.030e+02    5.001e+07    2.554e-02      6.58s        32        
342  4.206e+01    4.065e+10    1.427e+08      1.030e+02    5.001e+07    2.554e-02      5.75s        33        
343  4.599e+01    2.341e+13    8.684e+08      9.300e+01    5.683e+06    2.551e-02      4.92s        32        
344  4.249e+01    1.225e+12    2.875e+08      9.300e+01    5.683e+06    2.551e-02      4.14s        31        
345  4.266e+01    1.188e+10    4.320e+08      9.300e+01    5.683e+06    2.551e-02      3.27s        33        
346  4.137e+01    7.660e+08    7.128e+08      9.300e+01    5.683e+06    2.551e-02      2.36s        32        
347  4.029e+01    7.011e+08    2.899e+08      9.900e+01    9.893e+06    2.546e-02      1.59s        33        
348  4.373e+01    4.397e+12    4.345e+08      8.700e+01    5.034e+05    2.546e-02      0.80s        32        
349  4.100e+01    1.626e+08    1.453e+08      8.700e+01    5.034e+05    2.546e-02      0.00s        32        
350  3.919e+01    4.896e+08    1.429e+08      8.700e+01    5.034e+05    2.546e-02      18.75s       31        
351  3.856e+01    2.461e+09    3.588e+08      8.700e+01    5.034e+05    2.546e-02      17.88s       31        
352  3.859e+01    2.280e+08    1.122e+11      8.700e+01    5.034e+05    2.546e-02      16.70s       32        
353  3.926e+01    1.231e+09    5.024e+08      8.500e+01    4.706e+05    2.546e-02      15.99s       32        
354  3.956e+01    5.657e+09    1.456e+08      7.100e+01    3.228e+05    2.546e-02      15.35s       32        
355  4.056e+01    1.927e+09    2.449e+05      8.100e+01    1.710e+05    2.544e-02      15.19s       28        
356  3.616e+01    1.035e+09    1.122e+11      8.100e+01    1.710e+05    2.544e-02      13.84s       28        
357  3.578e+01    8.340e+08    4.407e+08      8.100e+01    1.710e+05    2.544e-02      12.51s       29        
358  3.365e+01    1.790e+07    4.321e+08      8.100e+01    1.710e+05    2.544e-02      11.04s       28        
359  3.352e+01    1.887e+07    4.277e+08      8.100e+01    1.710e+05    2.544e-02      10.63s       28        
360  3.735e+01    1.625e+07    4.304e+08      8.100e+01    1.710e+05    2.544e-02      10.46s       29        
361  3.405e+01    8.865e+07    1.463e+08      8.100e+01    1.710e+05    2.544e-02      9.38s        28        
362  3.526e+01    2.600e+10    2.878e+08      8.100e+01    1.710e+05    2.544e-02      8.92s        28        
363  3.636e+01    2.427e+08    4.278e+08      8.100e+01    1.710e+05    2.544e-02      8.76s        28        
364  3.449e+01    1.015e+08    1.141e+11      8.100e+01    1.710e+05    2.544e-02      7.21s        25        
365  3.366e+01    4.659e+07    4.914e+05      8.100e+01    1.710e+05    2.544e-02      6.46s        26        
366  3.544e+01    1.085e+08    9.499e+05      8.100e+01    1.710e+05    2.544e-02      5.82s        25        
367  3.429e+01    1.605e+08    2.855e+08      8.100e+01    1.710e+05    2.544e-02      5.07s        25        
368  3.204e+01    1.526e+09    1.454e+08      8.100e+01    1.710e+05    2.544e-02      4.20s        26        
369  3.384e+01    1.826e+07    4.321e+08      8.100e+01    1.710e+05    2.544e-02      3.56s        25        
370  3.324e+01    6.714e+07    1.434e+08      8.100e+01    1.710e+05    2.544e-02      2.79s        24        
371  3.343e+01    6.714e+07    1.425e+08      8.100e+01    1.710e+05    2.544e-02      2.09s        24        
372  3.382e+01    4.231e+07    1.224e+05      8.100e+01    1.710e+05    2.544e-02      1.45s        26        
373  3.424e+01    2.888e+06    4.347e+08      8.100e+01    1.710e+05    2.544e-02      0.74s        26        
374  3.468e+01    3.764e+10    5.836e+08      8.100e+01    1.710e+05    2.544e-02      0.00s        25        
375  3.649e+01    2.979e+08    5.726e+08      8.100e+01    1.710e+05    2.544e-02      17.76s       25        
376  3.522e+01    1.926e+08    3.707e+05      8.100e+01    1.710e+05    2.544e-02      16.61s       25        
377  3.591e+01    2.485e+08    2.852e+08      8.500e+01    5.362e+05    2.543e-02      16.07s       26        
378  3.571e+01    2.763e+07    4.375e+08      8.500e+01    5.362e+05    2.543e-02      17.13s       26        
379  3.634e+01    2.204e+09    5.743e+08      8.500e+01    5.362e+05    2.543e-02      15.14s       26        
380  3.726e+01    4.889e+08    5.747e+08      8.500e+01    5.362e+05    2.543e-02      14.14s       26        
381  3.832e+01    2.157e+09    2.852e+08      8.500e+01    5.362e+05    2.543e-02      13.50s       26        
382  3.966e+01    1.216e+09    2.879e+08      1.030e+02    4.858e+06    2.527e-02      13.15s       29        
383  4.177e+01    1.701e+09    4.320e+08      1.030e+02    4.858e+06    2.527e-02      12.97s       30        
384  4.377e+01    3.923e+09    2.447e+05      9.700e+01    1.681e+06    2.527e-02      12.05s       31        
385  4.508e+01    1.276e+09    1.122e+11      1.270e+02    2.494e+06    2.517e-02      11.42s       32        
386  4.817e+01    2.135e+09    2.216e+08      1.270e+02    2.494e+06    2.517e-02      10.85s       33        
387  4.934e+01    3.637e+08    1.246e+05      1.070e+02    1.903e+06    2.513e-02      10.61s       30        
388  4.532e+01    6.055e+07    1.160e+11      1.070e+02    1.903e+06    2.513e-02      9.06s        28        
389  4.416e+01    7.369e+11    1.425e+08      1.070e+02    1.903e+06    2.513e-02      8.34s        29        
390  4.548e+01    6.518e+12    1.426e+08      1.070e+02    1.903e+06    2.513e-02      7.30s        30        
391  4.498e+01    1.622e+09    1.143e+11      1.070e+02    1.903e+06    2.505e-02      7.12s        30        
392  4.664e+01    4.907e+09    3.669e+05      1.070e+02    1.903e+06    2.505e-02      5.91s        31        
393  5.009e+01    9.841e+09    2.485e+05      1.070e+02    1.903e+06    2.505e-02      5.25s        29        
394  4.910e+01    4.345e+08    2.895e+08      1.070e+02    1.903e+06    2.505e-02      4.30s        24        
395  3.985e+01    4.309e+07    2.851e+08      1.070e+02    1.903e+06    2.505e-02      3.13s        24        
396  3.786e+01    5.573e+07    8.639e+08      1.070e+02    1.903e+06    2.505e-02      2.26s        25        
397  3.682e+01    1.345e+08    2.897e+08      1.070e+02    1.903e+06    2.505e-02      1.49s        26        
398  3.809e+01    2.367e+08    1.426e+08      1.070e+02    1.903e+06    2.505e-02      0.75s        27        
399  4.178e+01    1.023e+09    7.126e+08      1.070e+02    1.903e+06    2.505e-02      0.00s        30        
400  4.234e+01    3.915e+07    1.124e+11      1.070e+02    1.903e+06    2.505e-02      19.63s       30        
401  4.171e+01    1.354e+09    2.281e+11      5.300e+01    5.550e+04    2.498e-02      18.12s       28        
402  4.030e+01    3.609e+08    3.519e+11      5.300e+01    5.550e+04    2.498e-02      17.29s       30        
403  3.862e+01    8.175e+07    2.851e+08      5.300e+01    5.499e+04    2.498e-02      16.44s       30        
404  3.755e+01    7.855e+06    2.559e+08      5.300e+01    5.499e+04    2.498e-02      15.19s       28        
405  3.578e+01    1.592e+08    3.184e+08      5.300e+01    5.499e+04    2.498e-02      15.43s       28        
406  3.544e+01    4.020e+07    2.242e+11      9.100e+01    1.826e+07    2.485e-02      13.34s       30        
407  3.841e+01    5.939e+07    1.128e+11      5.500e+01    5.478e+04    2.478e-02      13.02s       28        
408  3.883e+01    9.980e+08    4.977e+11      5.500e+01    5.478e+04    2.478e-02      12.18s       27        
409  3.488e+01    1.246e+10    2.850e+08      5.500e+01    5.478e+04    2.478e-02      10.95s       27        
410  3.550e+01    1.603e+10    1.427e+08      5.500e+01    5.478e+04    2.478e-02      10.27s       27        
411  3.588e+01    3.215e+10    1.429e+08      5.500e+01    5.478e+04    2.478e-02      9.43s        27        
412  3.385e+01    2.637e+08    6.356e+08      5.700e+01    6.947e+04    2.473e-02      8.85s        28        
413  3.529e+01    1.044e+09    5.275e+02      5.700e+01    6.947e+04    2.473e-02      8.04s        29        
414  3.378e+01    8.883e+07    2.246e+11      5.700e+01    6.947e+04    2.473e-02      7.25s        29        
415  3.774e+01    5.021e+06    1.426e+08      5.700e+01    6.947e+04    2.473e-02      6.92s        30        
416  3.744e+01    1.086e+09    1.121e+11      5.700e+01    6.947e+04    2.473e-02      6.15s        30        
417  3.730e+01    2.699e+07    4.275e+08      5.700e+01    6.947e+04    2.473e-02      5.43s        29        
418  3.687e+01    2.565e+08    2.857e+08      5.700e+01    7.940e+04    2.440e-02      4.60s        30        
419  3.580e+01    1.940e+09    1.431e+08      5.700e+01    7.940e+04    2.440e-02      4.19s        31        
420  3.867e+01    2.793e+11    5.365e+05      5.700e+01    7.940e+04    2.440e-02      3.04s        31        
421  3.682e+01    7.214e+07    4.775e+05      5.700e+01    7.940e+04    2.440e-02      2.28s        31        
422  3.641e+01    2.827e+07    1.125e+11      5.700e+01    7.940e+04    2.440e-02      1.53s        31        
423  3.755e+01    8.474e+07    1.121e+11      5.700e+01    7.940e+04    2.440e-02      0.77s        31        
424  3.740e+01    2.996e+08    8.636e+05      5.700e+01    7.940e+04    2.440e-02      0.00s        30        
425  3.758e+01    3.897e+08    1.455e+08      5.700e+01    7.940e+04    2.440e-02      18.80s       30        
426  3.606e+01    1.250e+08    1.839e+05      5.700e+01    7.940e+04    2.440e-02      17.62s       30        
427  3.510e+01    5.254e+08    4.234e+05      5.700e+01    7.940e+04    2.440e-02      16.51s       30        
428  3.687e+01    8.003e+06    4.885e+08      5.700e+01    7.940e+04    2.440e-02      15.66s       30        
429  3.559e+01    2.487e+08    5.419e+05      5.700e+01    7.940e+04    2.440e-02      15.25s       30        
430  3.659e+01    6.685e+07    1.430e+08      5.700e+01    7.940e+04    2.440e-02      14.44s       29        
431  3.612e+01    9.507e+07    2.898e+08      5.700e+01    7.940e+04    2.440e-02      13.43s       30        
432  3.592e+01    5.101e+10    5.816e+05      5.700e+01    7.940e+04    2.440e-02      12.90s       30        
433  3.938e+01    2.724e+20    1.425e+08      5.700e+01    7.940e+04    2.440e-02      12.76s       30        
434  3.601e+01    4.667e+14    5.234e+05      5.700e+01    7.940e+04    2.440e-02      12.40s       30        
435  3.634e+01    1.499e+07    4.585e+11      5.500e+01    6.104e+04    2.437e-02      10.54s       29        
436  3.670e+01    1.570e+09    4.220e+05      5.500e+01    6.104e+04    2.437e-02      9.85s        29        
437  3.534e+01    1.237e+07    2.037e+08      5.500e+01    6.104e+04    2.437e-02      8.87s        29        
438  3.501e+01    1.933e+08    2.037e+08      5.500e+01    6.104e+04    2.437e-02      8.24s        29        
439  3.492e+01    1.485e+07    2.855e+08      5.500e+01    6.104e+04    2.437e-02      7.45s        30        
440  3.522e+01    2.034e+06    4.645e+05      5.500e+01    6.104e+04    2.437e-02      6.73s        30        
441  3.473e+01    3.834e+06    3.211e+08      5.500e+01    6.104e+04    2.437e-02      5.88s        30        
442  3.404e+01    1.409e+07    2.553e+05      5.500e+01    6.104e+04    2.437e-02      5.12s        30        
443  3.484e+01    5.823e+07    1.732e+11      5.500e+01    6.104e+04    2.437e-02      4.42s        30        
444  3.585e+01    1.195e+07    3.298e+05      5.500e+01    6.104e+04    2.437e-02      3.65s        30        
445  3.689e+01    3.471e+07    1.432e+08      5.500e+01    6.104e+04    2.437e-02      3.11s        30        
446  3.571e+01    1.138e+09    2.850e+08      5.500e+01    6.104e+04    2.437e-02      2.26s        30        
447  3.538e+01    2.521e+07    1.121e+11      5.500e+01    6.104e+04    2.437e-02      1.50s        29        
448  3.537e+01    1.710e+12    1.124e+11      5.500e+01    6.104e+04    2.437e-02      0.82s        29        
449  3.465e+01    4.028e+06    1.425e+08      5.500e+01    6.104e+04    2.437e-02      0.00s        29        
450  3.523e+01    1.592e+07    3.097e+05      5.500e+01    6.104e+04    2.437e-02      18.20s       29        
451  3.580e+01    2.699e+07    1.124e+11      5.500e+01    6.104e+04    2.437e-02      17.27s       30        
452  3.469e+01    1.671e+08    1.430e+08      5.500e+01    6.104e+04    2.437e-02      16.13s       30        
453  3.480e+01    1.770e+11    4.071e+05      5.500e+01    6.104e+04    2.437e-02      15.59s       30        
454  3.466e+01    2.145e+07    4.278e+08      5.500e+01    6.104e+04    2.437e-02      14.67s       30        
455  3.432e+01    6.479e+06    4.172e+02      5.500e+01    6.104e+04    2.437e-02      14.39s       30        
456  3.409e+01    5.033e+08    1.652e+05      5.500e+01    5.931e+04    2.437e-02      13.27s       30        
457  3.588e+01    1.278e+07    1.474e+08      5.500e+01    5.931e+04    2.437e-02      12.80s       30        
458  3.477e+01    4.309e+07    2.076e+08      5.300e+01    5.154e+04    2.433e-02      11.80s       28        
459  3.223e+01    8.663e+07    4.254e+05      5.300e+01    5.154e+04    2.433e-02      10.92s       28        
460  3.346e+01    1.554e+08    4.287e+08      5.300e+01    5.154e+04    2.433e-02      9.81s        28        
461  3.478e+01    3.449e+08    5.017e+08      5.300e+01    5.154e+04    2.433e-02      9.50s        28        
462  3.418e+01    1.663e+08    1.121e+11      5.300e+01    5.154e+04    2.433e-02      9.78s        28        
463  3.313e+01    2.173e+08    3.611e+08      5.300e+01    5.154e+04    2.433e-02      7.99s        28        
464  3.311e+01    1.144e+07    4.902e+08      5.300e+01    5.154e+04    2.433e-02      7.20s        27        
465  3.258e+01    2.140e+07    1.428e+08      5.300e+01    5.154e+04    2.433e-02      6.28s        27        
466  3.254e+01    4.693e+06    3.118e+05      5.300e+01    5.154e+04    2.433e-02      5.61s        27        
467  3.315e+01    1.948e+07    1.896e+05      5.300e+01    5.154e+04    2.433e-02      5.04s        28        
468  3.524e+01    2.767e+08    1.474e+08      5.300e+01    5.154e+04    2.433e-02      4.45s        29        
469  3.462e+01    5.229e+07    9.096e+08      5.300e+01    5.154e+04    2.433e-02      3.67s        29        
470  3.395e+01    1.839e+07    1.157e+11      5.300e+01    5.154e+04    2.433e-02      2.92s        28        
471  3.276e+01    1.713e+08    3.564e+08      5.300e+01    5.154e+04    2.433e-02      2.15s        29        
472  3.342e+01    9.262e+09    4.071e+08      5.300e+01    5.154e+04    2.433e-02      1.44s        29        
473  3.353e+01    1.191e+07    1.427e+08      5.300e+01    5.154e+04    2.433e-02      0.73s        30        
474  3.254e+01    4.135e+06    3.569e+08      5.300e+01    5.154e+04    2.433e-02      0.00s        32        
475  3.422e+01    1.550e+07    1.226e+05      5.300e+01    5.154e+04    2.433e-02      17.67s       31        
476  3.353e+01    1.044e+06    1.430e+08      5.300e+01    5.154e+04    2.433e-02      16.77s       31        
477  3.477e+01    2.413e+07    6.468e+04      5.300e+01    5.154e+04    2.433e-02      17.72s       31        
478  3.385e+01    6.090e+06    8.251e+05      5.100e+01    4.787e+04    2.432e-02      15.32s       31        
479  3.468e+01    3.456e+08    5.775e+08      5.100e+01    4.787e+04    2.432e-02      14.80s       31        
480  3.371e+01    1.185e+07    1.891e+08      5.100e+01    4.787e+04    2.432e-02      14.02s       31        
481  3.544e+01    2.337e+08    4.897e+05      5.100e+01    4.787e+04    2.432e-02      13.58s       30        
482  3.469e+01    1.165e+08    4.596e+05      5.100e+01    4.787e+04    2.432e-02      12.40s       31        
483  3.502e+01    4.864e+07    5.176e+08      5.100e+01    4.787e+04    2.432e-02      11.59s       33        
484  3.620e+01    5.395e+07    1.428e+08      5.100e+01    4.787e+04    2.432e-02      11.25s       33        
485  3.581e+01    3.445e+11    3.182e+05      5.100e+01    4.787e+04    2.432e-02      10.58s       33        
486  3.705e+01    2.065e+07    1.842e+05      5.100e+01    4.787e+04    2.432e-02      9.72s        33        
487  3.690e+01    1.191e+07    2.150e+08      5.100e+01    4.787e+04    2.432e-02      9.19s        33        
488  3.519e+01    1.786e+07    2.142e+08      5.100e+01    4.787e+04    2.432e-02      8.22s        33        
489  3.337e+01    2.766e+08    1.859e+08      5.100e+01    4.787e+04    2.432e-02      7.12s        33        
490  3.492e+01    2.145e+06    3.999e+08      5.100e+01    4.787e+04    2.432e-02      6.79s        33        
491  3.401e+01    3.303e+07    4.061e+08      5.100e+01    4.787e+04    2.432e-02      6.58s        34        
492  3.585e+01    1.257e+07    4.721e+02      5.100e+01    4.787e+04    2.432e-02      5.27s        34        
493  3.508e+01    1.425e+07    8.015e+05      5.100e+01    4.787e+04    2.432e-02      4.48s        34        
494  3.614e+01    2.696e+07    1.232e+05      5.100e+01    4.787e+04    2.432e-02      3.78s        36        
495  3.522e+01    3.229e+07    1.842e+05      5.100e+01    4.787e+04    2.432e-02      3.00s        36        
496  3.619e+01    2.013e+08    3.182e+05      5.100e+01    4.787e+04    2.432e-02      2.27s        35        
497  3.532e+01    5.291e+07    1.913e+08      5.100e+01    4.787e+04    2.432e-02      1.52s        35        
498  3.609e+01    1.408e+07    8.088e+05      5.100e+01    4.787e+04    2.432e-02      0.76s        35        
499  3.707e+01    2.032e+07    1.838e+05      5.100e+01    4.787e+04    2.432e-02      0.00s        35        





Time: 0h:4m:30s
####   Data for the best program   ####
Best Program: div(1.214, add(1.435, mul(div(add(1.435, sub(sub(add(1.435, mul(X2, mul(X2, mul(X2, mul(X2, div(1.252, 1.880)))))), X0), mul(add(1.435, mul(div(sub(div(sub(1.880, X0), X2), add(X0, X1)), add(sub(div(1.880, X1), 0.697), X2)), X2)), X1))), add(1.435, X2)), X2)))
Best Program Complexity: 47866
Raw Fitness: 0.024316517764080208
Penalized Fitness: 0.024316517764080208
Estimator		Train-rmse: 0.024316517764080208	Test-rmse: 0.02773262688280829	Test-R^2: 0.9174405537313804

{'complexity': 'kommenda', 'const_range': (1e-10, 2.0), 'elitism_size': 0, 'function_set': ('add', 'sub', 'div', 'mul'), 'generations': 500, 'init_depth': (3, 6), 'init_method': 'half and half', 'low_memory': True, 'max_samples': 1.0, 'metric': 'rmse', 'n_jobs': 1, 'p_crossover': 0.8, 'p_hoist_mutation': 0.0, 'p_point_mutation': 0.09999999999999998, 'p_point_replace': 0.05, 'p_subtree_mutation': 0.09999999999999998, 'paretogp': True, 'paretogp_lengths': (4, 130), 'parsimony_coefficient': 0.0, 'population_size': 800, 'random_state': 738641849, 'selection': 'tournament', 'stopping_criteria': None, 'tournament_size': 11, 'verbose': 1, 'warm_start': True}
