    |          Population Average          |           Best Individual            |
---- -------------------------------------- -------------------------------------- ----------
Gen  Length       Kommenda     Fitness        Length       Kommenda     Fitness        Time Left    Front Size
0    3.734e+01    1.803e+15    1.060e+11      1.500e+01    1.212e+03    1.648e-01      14.52s       6         
1    8.950e+00    1.027e+05    9.641e+03      1.300e+01    1.212e+03    8.698e-02      17.70s       8         
2    9.947e+00    1.921e+07    3.062e+04      9.000e+00    1.200e+02    8.698e-02      29.53s       4         
3    8.562e+00    2.204e+04    7.965e+05      7.000e+00    1.000e+01    6.997e-02      16.45s       4         
4    8.473e+00    4.020e+02    1.487e+03      7.000e+00    1.000e+01    6.997e-02      15.74s       2         
5    7.393e+00    4.313e+02    1.707e+03      7.000e+00    1.000e+01    6.997e-02      14.20s       2         
6    7.157e+00    1.130e+02    1.369e+04      7.000e+00    1.000e+01    6.997e-02      13.22s       3         
7    7.438e+00    8.584e+01    3.195e+01      7.000e+00    1.000e+01    6.161e-02      12.75s       3         
8    7.768e+00    1.042e+12    7.148e+02      7.000e+00    1.000e+01    6.161e-02      12.02s       3         
9    7.473e+00    1.269e+02    7.238e+01      7.000e+00    1.000e+01    6.161e-02      11.28s       3         
10   7.378e+00    2.792e+01    1.628e+03      7.000e+00    1.000e+01    6.161e-02      10.53s       3         
11   7.430e+00    1.143e+02    1.262e+01      7.000e+00    1.000e+01    6.161e-02      9.78s        3         
12   7.715e+00    1.814e+05    1.293e+02      7.000e+00    1.000e+01    6.161e-02      9.17s        3         
13   7.355e+00    1.627e+01    6.595e+01      7.000e+00    1.000e+01    6.027e-02      8.16s        3         
14   7.487e+00    6.398e+01    5.132e+02      7.000e+00    1.000e+01    6.027e-02      7.46s        3         
15   7.480e+00    7.829e+01    1.034e+01      7.000e+00    1.000e+01    6.027e-02      6.73s        3         
16   7.298e+00    8.856e+04    1.879e+01      7.000e+00    1.000e+01    6.027e-02      5.95s        3         
17   7.343e+00    2.533e+01    4.411e+01      7.000e+00    1.000e+01    6.027e-02      5.28s        3         
18   7.518e+00    1.981e+02    4.581e+03      7.000e+00    1.000e+01    6.027e-02      4.50s        3         
19   7.265e+00    7.983e+02    2.463e+01      7.000e+00    1.000e+01    6.027e-02      3.74s        3         
20   7.380e+00    8.823e+02    4.017e+03      7.000e+00    1.000e+01    6.027e-02      3.02s        3         
21   7.280e+00    2.924e+01    1.562e+02      7.000e+00    1.000e+01    6.027e-02      2.24s        3         
22   7.490e+00    1.237e+04    2.233e+01      7.000e+00    1.000e+01    6.027e-02      1.52s        3         
23   7.405e+00    1.189e+03    6.685e+05      7.000e+00    1.000e+01    6.027e-02      0.76s        3         
24   7.428e+00    3.201e+02    4.862e+01      7.000e+00    1.000e+01    6.027e-02      0.00s        3         
25   7.228e+00    2.160e+01    3.741e+03      7.000e+00    1.000e+01    6.010e-02      18.16s       3         
26   7.410e+00    7.175e+05    1.233e+01      7.000e+00    1.000e+01    6.010e-02      17.37s       4         
27   7.888e+00    1.471e+03    3.377e+00      7.000e+00    1.000e+01    6.010e-02      16.61s       4         
28   7.683e+00    2.631e+02    2.133e+03      1.700e+01    1.700e+01    6.003e-02      16.04s       5         
29   9.195e+00    3.174e+01    7.305e+01      1.700e+01    1.700e+01    6.003e-02      15.49s       5         
30   1.001e+01    1.173e+02    5.831e+02      1.700e+01    1.700e+01    6.003e-02      14.93s       5         
31   9.775e+00    6.220e+01    3.829e+01      1.700e+01    1.700e+01    6.003e-02      13.96s       5         
32   9.775e+00    1.221e+02    3.909e+01      1.700e+01    1.700e+01    6.003e-02      13.34s       5         
33   9.572e+00    1.543e+01    3.777e+03      1.700e+01    1.700e+01    6.003e-02      12.71s       5         
34   1.004e+01    2.367e+04    3.995e+01      1.700e+01    1.700e+01    6.003e-02      11.85s       5         
35   1.007e+01    2.233e+06    4.881e+03      1.700e+01    1.700e+01    6.003e-02      11.05s       5         
36   9.830e+00    2.498e+01    5.996e+01      1.700e+01    1.700e+01    6.003e-02      10.36s       5         
37   9.490e+00    1.862e+08    1.257e+01      1.700e+01    1.700e+01    6.003e-02      9.36s        5         
38   1.007e+01    1.253e+02    4.013e+03      1.700e+01    1.700e+01    6.003e-02      8.62s        5         
39   9.807e+00    3.539e+02    5.313e+01      1.700e+01    1.700e+01    6.003e-02      7.97s        5         
40   1.006e+01    3.107e+02    1.917e+02      1.700e+01    1.700e+01    6.003e-02      7.14s        5         
41   1.014e+01    1.317e+02    4.334e+02      2.700e+01    2.400e+01    6.001e-02      6.32s        6         
42   1.230e+01    1.088e+04    6.245e+01      2.700e+01    2.400e+01    6.001e-02      5.70s        6         
43   1.288e+01    7.214e+01    1.595e+03      2.700e+01    2.400e+01    6.001e-02      4.96s        6         
44   1.294e+01    1.393e+04    4.211e+03      2.700e+01    2.400e+01    6.001e-02      4.27s        6         
45   1.298e+01    2.919e+01    4.730e+00      2.700e+01    2.400e+01    6.001e-02      5.43s        6         
46   1.261e+01    9.690e+01    1.334e+04      2.700e+01    2.400e+01    6.001e-02      2.54s        6         
47   1.284e+01    1.131e+07    1.588e+04      2.700e+01    2.400e+01    6.001e-02      1.64s        6         
48   1.287e+01    6.070e+03    5.110e+04      2.700e+01    2.400e+01    6.001e-02      0.84s        6         
49   1.315e+01    3.247e+11    8.031e+03      2.700e+01    2.400e+01    6.001e-02      0.00s        6         
50   1.239e+01    7.777e+01    1.837e+01      1.100e+01    3.200e+01    5.916e-02      20.13s       7         
51   1.283e+01    1.711e+02    2.473e+03      1.100e+01    2.600e+01    4.337e-02      19.44s       7         
52   1.317e+01    3.445e+01    6.374e+01      1.100e+01    2.600e+01    4.337e-02      18.61s       7         
53   1.046e+01    4.473e+06    1.415e+07      1.100e+01    2.600e+01    4.337e-02      17.10s       7         
54   1.005e+01    1.562e+02    3.859e+02      1.100e+01    2.600e+01    4.337e-02      16.30s       7         
55   1.015e+01    2.773e+09    1.999e+01      1.100e+01    2.600e+01    4.337e-02      15.49s       7         
56   1.048e+01    5.685e+06    3.047e+01      1.100e+01    2.600e+01    4.337e-02      14.53s       7         
57   1.010e+01    5.331e+01    2.376e+01      2.900e+01    4.040e+02    3.866e-02      13.53s       8         
58   1.154e+01    7.701e+01    1.624e+01      2.900e+01    4.280e+02    3.515e-02      13.26s       11        
59   1.645e+01    7.940e+02    5.348e+01      2.900e+01    4.040e+02    3.482e-02      13.49s       13        
60   1.878e+01    6.188e+02    6.079e+02      2.900e+01    3.560e+02    3.411e-02      13.07s       12        
61   1.842e+01    8.688e+05    1.935e+03      3.100e+01    4.040e+02    3.307e-02      12.20s       14        
62   1.945e+01    9.241e+06    1.964e+01      3.100e+01    1.940e+02    3.213e-02      11.42s       11        
63   1.816e+01    1.373e+04    1.564e+01      3.100e+01    1.940e+02    3.213e-02      10.17s       11        
64   1.652e+01    6.629e+03    1.813e+01      3.100e+01    1.940e+02    3.213e-02      9.17s        11        
65   1.668e+01    2.844e+05    3.502e+01      3.900e+01    2.900e+02    3.205e-02      12.62s       13        
66   1.851e+01    2.853e+02    1.415e+07      5.900e+01    6.938e+03    3.148e-02      7.85s        15        
67   2.264e+01    2.574e+03    1.913e+01      7.100e+01    3.113e+04    3.139e-02      7.05s        18        
68   2.934e+01    3.752e+04    3.164e+02      4.900e+01    1.250e+03    3.089e-02      6.63s        17        
69   2.973e+01    2.887e+05    8.303e+01      4.900e+01    1.250e+03    3.089e-02      5.72s        18        
70   2.894e+01    5.384e+04    1.120e+01      4.900e+01    1.250e+03    3.089e-02      4.49s        16        
71   2.697e+01    5.007e+04    3.491e+02      4.900e+01    1.250e+03    3.089e-02      3.32s        15        
72   2.515e+01    1.272e+03    1.636e+01      4.900e+01    6.500e+02    3.067e-02      2.16s        15        
73   2.612e+01    2.530e+03    6.475e+01      4.900e+01    6.500e+02    3.067e-02      1.12s        15        
74   2.384e+01    1.395e+04    1.638e+02      4.900e+01    6.500e+02    3.067e-02      0.00s        15        
75   2.354e+01    2.648e+04    1.750e+02      6.500e+01    4.742e+03    3.060e-02      24.45s       16        
76   2.655e+01    2.486e+03    4.080e+03      5.500e+01    1.142e+03    3.048e-02      24.65s       16        
77   2.771e+01    2.799e+03    3.391e+01      5.500e+01    1.142e+03    3.048e-02      24.50s       17        
78   2.659e+01    1.441e+05    8.302e+01      7.900e+01    8.486e+03    3.036e-02      23.06s       18        
79   2.993e+01    3.844e+03    5.289e+01      7.900e+01    8.486e+03    3.036e-02      22.43s       18        
80   3.326e+01    1.056e+04    1.690e+01      5.500e+01    1.142e+03    2.909e-02      22.10s       17        
81   3.227e+01    4.234e+03    5.581e+03      5.300e+01    8.540e+02    2.900e-02      29.77s       16        
82   2.718e+01    6.642e+03    3.040e+03      5.300e+01    8.540e+02    2.900e-02      20.84s       17        
83   2.617e+01    6.785e+02    2.700e+03      5.300e+01    8.540e+02    2.900e-02      17.45s       17        
84   2.841e+01    2.762e+06    2.684e+01      5.100e+01    5.900e+02    2.732e-02      16.76s       17        
85   2.776e+01    1.115e+03    2.801e+03      5.100e+01    5.900e+02    2.732e-02      15.91s       17        
86   2.892e+01    3.903e+04    4.032e+03      5.100e+01    5.900e+02    2.732e-02      14.96s       13        
87   2.293e+01    1.446e+03    3.958e+03      5.100e+01    5.900e+02    2.732e-02      13.19s       14        
88   2.302e+01    1.887e+03    5.086e+02      5.100e+01    5.900e+02    2.732e-02      11.96s       14        
89   2.276e+01    4.934e+03    1.415e+07      5.100e+01    5.900e+02    2.732e-02      10.18s       14        
90   2.095e+01    2.855e+03    1.759e+01      5.700e+01    7.220e+02    2.605e-02      9.20s        16        
91   2.368e+01    8.867e+02    1.961e+01      7.900e+01    2.138e+03    2.592e-02      8.10s        18        
92   2.626e+01    5.286e+03    3.096e+01      8.100e+01    2.186e+03    2.435e-02      7.50s        19        
93   3.108e+01    3.259e+03    1.579e+02      7.900e+01    2.186e+03    2.380e-02      6.62s        17        
94   3.274e+01    1.238e+13    1.531e+01      7.900e+01    1.802e+03    2.377e-02      5.83s        16        
95   3.025e+01    2.347e+11    2.014e+03      7.900e+01    1.802e+03    2.377e-02      6.43s        16        
96   2.914e+01    7.822e+10    4.218e+02      7.700e+01    1.706e+03    2.372e-02      3.33s        16        
97   2.811e+01    1.516e+03    8.246e+01      9.300e+01    6.986e+03    2.349e-02      2.19s        18        
98   3.274e+01    1.315e+04    6.193e+03      8.900e+01    7.562e+03    2.339e-02      1.18s        18        
99   3.755e+01    7.472e+03    5.012e+01      1.130e+02    1.130e+05    2.338e-02      0.00s        20        
100  4.480e+01    2.265e+11    1.986e+03      8.700e+01    1.718e+03    2.283e-02      31.99s       16        
101  3.887e+01    2.212e+04    4.970e+04      9.100e+01    1.862e+03    2.255e-02      30.69s       17        
102  3.794e+01    1.629e+04    6.466e+02      7.500e+01    1.418e+03    2.203e-02      29.04s       16        
103  3.404e+01    5.956e+03    1.513e+04      7.500e+01    1.418e+03    2.203e-02      25.81s       16        
104  3.437e+01    1.078e+04    3.292e+01      7.500e+01    1.418e+03    2.203e-02      24.96s       16        
105  3.284e+01    4.138e+03    1.020e+02      7.500e+01    1.418e+03    2.203e-02      23.02s       17        
106  3.232e+01    1.674e+03    3.742e+01      7.500e+01    1.418e+03    2.203e-02      21.20s       17        
107  3.136e+01    1.775e+03    8.328e+01      7.500e+01    1.418e+03    2.203e-02      20.16s       18        
108  3.352e+01    2.632e+03    4.088e+01      7.500e+01    1.418e+03    2.203e-02      26.65s       17        
109  3.495e+01    3.041e+03    8.567e+01      7.500e+01    1.418e+03    2.203e-02      18.54s       18        
110  3.923e+01    4.913e+03    1.349e+02      7.500e+01    1.418e+03    2.203e-02      17.82s       18        
111  3.863e+01    6.011e+03    3.955e+01      7.500e+01    1.418e+03    2.203e-02      16.65s       18        
112  3.775e+01    1.239e+04    3.536e+01      7.500e+01    1.418e+03    2.203e-02      15.61s       20        
113  4.094e+01    9.212e+07    1.044e+03      7.500e+01    1.418e+03    2.203e-02      14.37s       20        
114  4.005e+01    2.437e+03    4.808e+01      7.500e+01    1.418e+03    2.203e-02      12.65s       20        
115  4.063e+01    6.431e+03    5.486e+01      7.500e+01    1.418e+03    2.203e-02      11.54s       20        
116  3.839e+01    1.624e+03    3.796e+01      7.500e+01    1.418e+03    2.203e-02      10.52s       22        
117  4.185e+01    4.348e+03    8.284e+01      7.500e+01    1.418e+03    2.203e-02      9.35s        22        
118  3.995e+01    5.315e+03    9.066e+03      7.500e+01    1.418e+03    2.203e-02      7.80s        22        
119  4.005e+01    2.153e+03    7.624e+01      7.500e+01    1.418e+03    2.203e-02      6.55s        22        
120  4.066e+01    2.749e+05    2.284e+01      7.500e+01    1.418e+03    2.203e-02      7.20s        23        
121  3.972e+01    3.463e+03    2.674e+04      7.500e+01    1.418e+03    2.203e-02      4.02s        23        
122  4.120e+01    5.487e+03    2.190e+01      7.500e+01    1.418e+03    2.203e-02      2.67s        23        
123  4.164e+01    2.461e+04    5.207e+01      7.500e+01    1.418e+03    2.203e-02      1.34s        24        
124  4.163e+01    2.947e+03    4.369e+02      7.300e+01    1.106e+03    2.201e-02      0.00s        23        
125  4.300e+01    1.329e+06    4.545e+01      7.300e+01    1.106e+03    2.201e-02      32.84s       23        
126  4.143e+01    1.292e+08    2.394e+01      7.300e+01    1.106e+03    2.201e-02      30.78s       23        
127  4.232e+01    1.019e+04    2.400e+01      7.300e+01    1.106e+03    2.201e-02      29.48s       23        
128  4.186e+01    6.441e+03    1.415e+07      7.300e+01    1.106e+03    2.201e-02      28.48s       23        
129  4.230e+01    2.426e+03    6.152e+01      7.300e+01    1.106e+03    2.201e-02      27.87s       21        
130  4.212e+01    5.107e+06    1.288e+01      7.300e+01    1.106e+03    2.201e-02      35.81s       21        
131  3.990e+01    6.208e+04    2.352e+02      7.300e+01    1.106e+03    2.201e-02      24.56s       21        
132  4.005e+01    7.021e+03    2.236e+01      7.300e+01    1.106e+03    2.201e-02      23.22s       21        
133  4.055e+01    3.368e+03    6.371e+01      7.300e+01    1.106e+03    2.201e-02      21.65s       22        
134  4.061e+01    2.360e+03    1.980e+01      7.300e+01    1.106e+03    2.201e-02      20.36s       22        
135  4.277e+01    1.152e+07    1.266e+01      7.300e+01    1.106e+03    2.201e-02      18.57s       21        
136  4.050e+01    8.044e+04    3.741e+05      7.300e+01    1.106e+03    2.201e-02      16.79s       21        
137  3.869e+01    1.963e+03    1.831e+01      7.300e+01    1.106e+03    2.177e-02      15.23s       21        
138  4.031e+01    3.184e+04    6.660e+01      9.300e+01    2.450e+03    2.131e-02      14.23s       22        
139  4.326e+01    4.064e+03    9.193e+03      1.050e+02    6.626e+03    2.114e-02      13.44s       23        
140  4.403e+01    1.017e+05    1.128e+03      1.050e+02    6.626e+03    2.114e-02      12.33s       24        
141  4.534e+01    4.481e+03    1.260e+01      1.430e+02    2.232e+04    2.090e-02      14.83s       26        
142  5.330e+01    2.572e+06    6.088e+01      1.430e+02    2.232e+04    2.090e-02      10.68s       29        
143  5.703e+01    2.938e+06    2.304e+05      1.430e+02    2.520e+04    2.069e-02      9.69s        32        
144  6.334e+01    4.620e+06    4.396e+01      1.370e+02    2.088e+04    2.062e-02      8.52s        31        
145  5.988e+01    1.327e+06    3.889e+03      1.370e+02    2.088e+04    2.062e-02      6.84s        32        
146  6.596e+01    2.771e+11    1.305e+01      1.370e+02    2.088e+04    2.062e-02      5.24s        33        
147  6.956e+01    1.733e+05    1.452e+01      1.410e+02    2.319e+04    2.061e-02      3.62s        36        
148  7.464e+01    1.542e+05    1.236e+01      1.230e+02    1.512e+04    2.057e-02      1.85s        29        
149  6.284e+01    2.557e+08    1.289e+02      1.390e+02    2.031e+04    2.045e-02      0.00s        30        
150  5.997e+01    5.747e+04    6.281e+02      1.390e+02    2.031e+04    2.045e-02      40.76s       30        
151  6.037e+01    1.931e+04    1.479e+01      1.390e+02    1.973e+04    2.043e-02      38.37s       30        
152  6.034e+01    3.843e+06    6.466e+00      1.390e+02    1.973e+04    2.043e-02      36.78s       29        
153  5.507e+01    9.690e+03    5.881e+01      1.390e+02    1.973e+04    2.043e-02      33.93s       31        
154  5.857e+01    6.842e+04    1.307e+01      1.430e+02    2.664e+04    2.041e-02      32.45s       33        
155  6.676e+01    7.730e+04    5.533e+01      1.430e+02    2.664e+04    2.041e-02      33.00s       34        
156  7.096e+01    5.331e+04    3.701e+01      1.430e+02    2.664e+04    2.041e-02      41.33s       32        
157  7.034e+01    2.619e+05    7.526e+01      1.430e+02    2.664e+04    2.041e-02      32.24s       32        
158  6.885e+01    2.589e+05    2.173e+01      1.430e+02    2.664e+04    2.041e-02      29.63s       32        
159  6.698e+01    1.301e+06    3.824e+01      1.410e+02    1.983e+04    2.040e-02      27.24s       32        
160  6.536e+01    2.839e+04    4.608e+01      1.470e+02    2.731e+04    2.014e-02      25.21s       33        
161  6.841e+01    3.160e+04    1.842e+01      1.470e+02    2.731e+04    2.014e-02      23.32s       33        
162  6.675e+01    1.261e+05    9.976e+00      1.470e+02    2.731e+04    2.014e-02      22.75s       32        
163  6.937e+01    1.115e+05    1.072e+01      1.470e+02    2.731e+04    2.014e-02      19.63s       32        
164  7.186e+01    1.645e+06    1.101e+01      1.470e+02    2.731e+04    2.014e-02      18.73s       34        
165  7.505e+01    7.788e+05    1.058e+02      1.490e+02    2.789e+04    2.007e-02      17.07s       36        
166  7.594e+01    9.880e+04    3.091e+01      1.490e+02    2.789e+04    2.007e-02      15.40s       34        
167  7.328e+01    2.095e+05    2.703e+01      1.490e+02    2.789e+04    2.007e-02      13.48s       37        
168  8.201e+01    6.021e+05    1.906e+01      1.490e+02    2.789e+04    2.007e-02      11.80s       36        
169  7.767e+01    6.523e+05    1.723e+01      1.490e+02    2.789e+04    2.007e-02      12.26s       36        
170  7.543e+01    2.880e+05    1.003e+01      1.490e+02    2.789e+04    2.007e-02      7.80s        32        
171  7.172e+01    4.550e+05    1.160e+01      1.490e+02    2.789e+04    2.007e-02      5.65s        31        
172  6.660e+01    4.949e+04    1.523e+01      1.490e+02    2.789e+04    2.007e-02      3.71s        31        
173  6.716e+01    2.273e+04    4.050e+03      1.470e+02    2.559e+04    2.006e-02      1.78s        32        
174  6.299e+01    3.973e+04    6.777e+01      1.470e+02    2.559e+04    2.006e-02      0.00s        32        
175  6.667e+01    9.908e+04    1.179e+04      1.470e+02    2.559e+04    2.006e-02      54.58s       33        
176  6.903e+01    4.538e+04    2.302e+01      1.470e+02    2.559e+04    2.006e-02      43.12s       32        
177  6.812e+01    2.291e+04    2.461e+02      1.470e+02    2.559e+04    2.006e-02      41.89s       32        
178  6.582e+01    5.562e+04    1.463e+01      1.470e+02    2.559e+04    2.006e-02      37.55s       32        
179  6.842e+01    9.379e+04    1.334e+01      1.470e+02    2.559e+04    2.006e-02      36.87s       32        
180  6.387e+01    1.626e+05    1.258e+01      1.470e+02    2.559e+04    2.006e-02      34.27s       32        
181  6.573e+01    1.360e+05    1.911e+01      1.470e+02    2.559e+04    2.006e-02      31.78s       32        
182  6.748e+01    8.581e+04    4.515e+01      1.470e+02    2.559e+04    2.006e-02      39.35s       33        
183  6.477e+01    4.720e+09    2.161e+11      1.470e+02    2.559e+04    2.006e-02      29.71s       33        
184  6.575e+01    1.826e+05    2.530e+01      1.470e+02    2.559e+04    2.006e-02      27.99s       33        
185  6.782e+01    9.730e+04    1.573e+01      1.470e+02    2.559e+04    2.006e-02      25.55s       33        
186  6.983e+01    1.283e+05    1.256e+01      1.430e+02    2.213e+04    2.005e-02      23.49s       33        
187  6.781e+01    8.469e+04    2.623e+01      1.430e+02    2.213e+04    2.005e-02      21.43s       33        
188  6.403e+01    1.856e+08    2.778e+01      1.430e+02    2.213e+04    2.005e-02      25.66s       33        
189  6.546e+01    9.805e+07    1.207e+01      1.430e+02    2.213e+04    2.005e-02      18.83s       33        
190  6.497e+01    3.430e+04    3.841e+01      1.430e+02    2.213e+04    2.005e-02      16.53s       33        
191  6.736e+01    1.527e+04    3.095e+01      1.430e+02    2.213e+04    2.005e-02      14.77s       33        
192  6.506e+01    4.583e+04    2.276e+03      1.430e+02    2.213e+04    2.005e-02      12.73s       34        
193  6.656e+01    2.353e+04    1.065e+01      1.430e+02    2.213e+04    2.005e-02      10.88s       34        
194  6.774e+01    1.842e+05    1.901e+01      1.430e+02    2.213e+04    2.005e-02      9.55s        34        
195  6.333e+01    4.607e+07    8.311e+01      1.430e+02    2.213e+04    2.005e-02      7.36s        34        
196  6.443e+01    1.245e+06    1.649e+01      1.430e+02    2.213e+04    2.005e-02      5.54s        34        
197  6.678e+01    7.612e+06    1.377e+01      1.430e+02    2.213e+04    2.005e-02      3.61s        33        
198  6.486e+01    6.057e+04    1.267e+01      1.430e+02    2.213e+04    2.005e-02      1.79s        31        
199  6.464e+01    1.047e+05    1.426e+07      1.430e+02    2.213e+04    2.005e-02      0.00s        32        
200  6.197e+01    1.169e+05    1.274e+01      1.430e+02    2.213e+04    2.005e-02      42.19s       32        
201  6.942e+01    5.691e+05    1.759e+01      1.430e+02    2.213e+04    2.005e-02      53.48s       32        
202  6.611e+01    8.760e+11    1.969e+01      1.430e+02    2.213e+04    2.005e-02      40.51s       32        
203  6.233e+01    2.214e+04    1.065e+01      1.430e+02    2.213e+04    2.005e-02      37.92s       32        
204  6.679e+01    4.528e+05    3.519e+03      1.430e+02    2.213e+04    2.005e-02      37.07s       32        
205  6.312e+01    1.013e+05    5.277e+01      1.430e+02    2.213e+04    2.005e-02      34.20s       32        
206  6.361e+01    5.895e+04    8.285e+03      1.490e+02    2.271e+04    2.001e-02      31.14s       33        
207  6.724e+01    7.440e+06    5.134e+04      1.490e+02    2.271e+04    2.001e-02      39.53s       34        
208  6.796e+01    2.065e+05    1.670e+01      1.490e+02    2.271e+04    2.001e-02      29.25s       34        
209  7.133e+01    3.802e+05    9.927e+00      1.490e+02    2.271e+04    2.001e-02      28.37s       34        
210  6.436e+01    2.727e+04    2.296e+02      1.490e+02    2.271e+04    2.001e-02      25.46s       34        
211  6.572e+01    7.407e+04    1.576e+01      1.490e+02    2.271e+04    2.001e-02      23.92s       36        
212  6.962e+01    6.471e+04    1.024e+03      1.490e+02    2.271e+04    2.001e-02      22.69s       37        
213  7.119e+01    1.543e+04    8.036e+00      1.490e+02    2.271e+04    2.001e-02      21.07s       36        
214  7.054e+01    2.489e+04    1.705e+01      1.490e+02    2.271e+04    2.001e-02      24.32s       38        
215  7.180e+01    2.110e+05    1.273e+01      1.490e+02    2.271e+04    2.001e-02      17.35s       39        
216  7.508e+01    9.545e+05    2.062e+01      1.490e+02    2.271e+04    2.001e-02      15.74s       39        
217  7.756e+01    9.351e+04    9.648e+00      1.490e+02    2.271e+04    2.001e-02      14.17s       39        
218  7.656e+01    1.691e+05    1.623e+01      1.490e+02    2.271e+04    2.001e-02      12.17s       39        
219  7.484e+01    1.071e+08    1.954e+01      1.490e+02    2.271e+04    2.001e-02      12.94s       39        
220  7.556e+01    5.127e+04    1.890e+01      1.490e+02    2.271e+04    2.001e-02      8.20s        38        
221  7.206e+01    1.396e+05    2.615e+01      1.490e+02    2.271e+04    2.001e-02      5.89s        37        
222  7.681e+01    1.323e+06    3.967e+01      1.490e+02    2.271e+04    2.001e-02      3.96s        37        
223  7.921e+01    3.729e+07    9.827e+00      1.490e+02    2.271e+04    2.001e-02      2.04s        38        
224  7.518e+01    7.558e+04    2.503e+01      1.530e+02    2.443e+04    1.995e-02      0.00s        39        
225  7.880e+01    9.991e+04    7.397e+01      1.530e+02    2.443e+04    1.995e-02      1.03m        39        
226  7.824e+01    2.983e+08    2.028e+01      1.530e+02    2.443e+04    1.995e-02      48.20s       40        
227  7.588e+01    4.246e+05    1.068e+01      1.530e+02    2.443e+04    1.995e-02      43.79s       40        
228  7.447e+01    7.385e+04    3.476e+01      1.530e+02    2.443e+04    1.995e-02      43.29s       40        
229  7.421e+01    3.872e+05    4.048e+03      1.530e+02    2.443e+04    1.995e-02      39.97s       41        
230  7.125e+01    2.146e+05    4.350e+01      1.530e+02    2.443e+04    1.995e-02      48.19s       41        
231  7.298e+01    3.921e+06    2.183e+01      1.530e+02    2.443e+04    1.995e-02      35.89s       42        
232  7.672e+01    3.926e+06    7.529e+03      1.530e+02    2.443e+04    1.995e-02      34.35s       42        
233  7.505e+01    7.788e+04    5.476e+03      1.530e+02    2.443e+04    1.995e-02      32.77s       41        
234  7.716e+01    1.063e+05    7.395e+01      1.530e+02    2.443e+04    1.995e-02      31.54s       41        
235  7.355e+01    7.886e+04    1.428e+01      1.530e+02    2.443e+04    1.995e-02      35.64s       41        
236  7.370e+01    9.411e+04    2.849e+01      1.530e+02    2.443e+04    1.995e-02      26.40s       41        
237  7.370e+01    2.887e+04    6.006e+01      1.530e+02    2.443e+04    1.995e-02      25.05s       41        
238  7.379e+01    2.496e+04    1.288e+02      1.530e+02    2.443e+04    1.995e-02      21.93s       41        
239  7.102e+01    5.386e+04    2.727e+01      1.530e+02    2.443e+04    1.995e-02      19.82s       42        
240  7.283e+01    1.481e+05    1.472e+01      1.530e+02    2.443e+04    1.995e-02      17.84s       40        
241  7.521e+01    6.492e+04    6.676e+04      1.530e+02    2.443e+04    1.995e-02      20.36s       40        
242  7.944e+01    9.252e+09    1.863e+04      1.530e+02    2.443e+04    1.995e-02      14.77s       40        
243  7.761e+01    7.932e+04    1.238e+01      1.530e+02    2.443e+04    1.995e-02      12.40s       40        
244  7.716e+01    1.834e+05    3.699e+02      1.530e+02    2.443e+04    1.995e-02      10.30s       40        
245  7.521e+01    1.274e+06    2.854e+01      1.530e+02    2.443e+04    1.995e-02      8.23s        40        
246  7.622e+01    8.948e+04    1.152e+01      1.530e+02    2.443e+04    1.995e-02      7.64s        40        
247  7.686e+01    1.286e+06    6.330e+02      1.530e+02    2.443e+04    1.995e-02      4.21s        40        
248  7.539e+01    1.111e+06    1.889e+01      1.530e+02    2.443e+04    1.995e-02      2.07s        41        
249  7.083e+01    7.159e+04    2.100e+01      1.530e+02    2.443e+04    1.995e-02      0.00s        41        
250  7.399e+01    8.480e+05    4.489e+01      1.530e+02    2.443e+04    1.995e-02      49.34s       41        
251  7.538e+01    2.097e+05    2.525e+02      1.530e+02    2.443e+04    1.995e-02      59.27s       41        
252  7.831e+01    7.157e+04    1.167e+01      1.530e+02    2.443e+04    1.995e-02      45.66s       41        
253  7.792e+01    3.947e+05    1.289e+01      1.530e+02    2.443e+04    1.995e-02      43.73s       40        
254  7.671e+01    5.281e+05    3.935e+01      1.530e+02    2.443e+04    1.995e-02      40.06s       40        
255  7.845e+01    3.428e+05    1.537e+01      1.530e+02    2.443e+04    1.995e-02      38.82s       40        
256  7.636e+01    1.618e+05    1.471e+01      1.530e+02    2.443e+04    1.995e-02      37.48s       40        
257  7.359e+01    9.208e+04    5.603e+01      1.530e+02    2.443e+04    1.995e-02      44.14s       40        
258  7.139e+01    6.413e+04    3.799e+01      1.530e+02    2.443e+04    1.995e-02      33.21s       40        
259  7.456e+01    2.446e+05    4.799e+01      1.530e+02    2.443e+04    1.995e-02      30.41s       40        
260  7.306e+01    9.230e+05    7.239e+01      1.530e+02    2.443e+04    1.995e-02      28.39s       40        
261  7.436e+01    2.345e+05    1.054e+01      1.530e+02    2.443e+04    1.995e-02      25.75s       40        
262  7.559e+01    1.021e+05    2.874e+01      1.530e+02    2.443e+04    1.995e-02      30.05s       39        
263  7.792e+01    7.669e+04    2.550e+01      1.530e+02    2.443e+04    1.995e-02      22.43s       39        
264  7.959e+01    5.046e+05    1.346e+01      1.530e+02    2.443e+04    1.995e-02      20.58s       38        
265  7.572e+01    7.430e+04    1.035e+01      1.530e+02    2.443e+04    1.995e-02      18.17s       38        
266  7.700e+01    9.961e+04    2.058e+01      1.530e+02    2.443e+04    1.995e-02      16.37s       38        
267  7.597e+01    2.125e+05    1.677e+02      1.530e+02    2.443e+04    1.995e-02      14.07s       38        
268  7.560e+01    2.539e+06    1.702e+01      1.530e+02    2.443e+04    1.995e-02      15.13s       38        
269  7.377e+01    5.842e+06    2.013e+01      1.530e+02    2.443e+04    1.995e-02      9.99s        36        
270  7.653e+01    2.509e+05    2.880e+01      1.530e+02    2.443e+04    1.995e-02      7.93s        36        
271  7.261e+01    8.500e+05    2.250e+01      1.530e+02    2.443e+04    1.995e-02      5.79s        36        
272  7.626e+01    7.432e+04    1.426e+01      1.530e+02    2.443e+04    1.995e-02      4.02s        36        
273  7.376e+01    2.544e+05    1.634e+01      1.530e+02    2.443e+04    1.995e-02      2.44s        36        
274  7.204e+01    1.067e+05    2.971e+01      1.530e+02    2.443e+04    1.995e-02      0.00s        36        
275  7.169e+01    1.541e+05    3.441e+01      1.530e+02    2.443e+04    1.995e-02      45.66s       36        
276  7.733e+01    3.239e+05    2.090e+01      1.530e+02    2.443e+04    1.995e-02      45.11s       36        
277  6.944e+01    7.243e+04    7.434e+00      1.530e+02    2.443e+04    1.995e-02      41.96s       36        
278  7.264e+01    4.496e+05    1.278e+01      1.530e+02    2.443e+04    1.995e-02      40.39s       36        
279  7.436e+01    4.560e+06    1.742e+03      1.530e+02    2.443e+04    1.995e-02      49.84s       36        
280  7.345e+01    3.346e+06    1.730e+01      1.530e+02    2.443e+04    1.995e-02      36.60s       36        
281  7.480e+01    1.269e+05    1.334e+01      1.530e+02    2.443e+04    1.995e-02      34.90s       36        
282  7.223e+01    1.583e+07    1.817e+02      1.530e+02    2.443e+04    1.995e-02      32.61s       36        
283  7.119e+01    5.606e+08    3.797e+02      1.530e+02    2.443e+04    1.995e-02      32.12s       36        
284  7.467e+01    4.043e+06    7.816e+01      1.530e+02    2.443e+04    1.995e-02      30.39s       36        
285  7.405e+01    6.719e+04    7.508e+01      1.530e+02    2.443e+04    1.995e-02      35.97s       36        
286  7.525e+01    2.027e+06    7.724e+03      1.530e+02    2.443e+04    1.995e-02      27.63s       36        
287  6.895e+01    1.468e+05    1.188e+01      1.530e+02    2.443e+04    1.995e-02      23.04s       36        
288  7.424e+01    1.447e+05    1.644e+02      1.530e+02    2.443e+04    1.995e-02      21.39s       36        
289  7.314e+01    4.402e+04    2.244e+01      1.530e+02    2.443e+04    1.995e-02      19.57s       36        
290  7.372e+01    7.935e+04    1.636e+01      1.530e+02    2.443e+04    1.995e-02      17.61s       36        
291  7.414e+01    8.030e+04    1.158e+01      1.530e+02    2.443e+04    1.995e-02      19.77s       36        
292  7.450e+01    6.628e+04    1.230e+01      1.530e+02    2.443e+04    1.995e-02      13.54s       36        
293  7.371e+01    6.286e+04    1.534e+01      1.530e+02    2.443e+04    1.995e-02      11.80s       36        
294  7.671e+01    1.232e+05    1.935e+01      1.530e+02    2.443e+04    1.995e-02      9.88s        36        
295  7.097e+01    1.778e+07    3.950e+01      1.530e+02    2.443e+04    1.995e-02      7.75s        36        
296  7.223e+01    1.580e+08    6.485e+01      1.530e+02    2.443e+04    1.995e-02      5.81s        35        
297  7.274e+01    4.213e+04    1.410e+01      1.530e+02    2.443e+04    1.995e-02      5.01s        35        
298  7.336e+01    9.719e+04    1.647e+01      1.530e+02    2.443e+04    1.995e-02      1.98s        35        
299  7.694e+01    1.440e+05    1.838e+01      1.530e+02    2.443e+04    1.995e-02      0.00s        35        
300  7.747e+01    1.221e+05    6.637e+01      1.530e+02    2.443e+04    1.995e-02      49.72s       34        
301  7.023e+01    3.905e+05    7.316e+01      1.530e+02    2.443e+04    1.995e-02      45.72s       34        
302  7.411e+01    8.185e+05    5.935e+01      1.530e+02    2.443e+04    1.995e-02      44.83s       34        
303  7.449e+01    4.528e+05    2.072e+02      1.530e+02    2.443e+04    1.995e-02      41.48s       34        
304  7.150e+01    4.722e+06    1.158e+01      1.530e+02    2.443e+04    1.995e-02      38.47s       34        
305  7.536e+01    2.088e+05    1.259e+01      1.530e+02    2.443e+04    1.995e-02      36.56s       34        
306  7.294e+01    1.768e+05    1.181e+05      1.530e+02    2.443e+04    1.995e-02      35.73s       34        
307  6.925e+01    2.257e+05    1.560e+01      1.530e+02    2.443e+04    1.995e-02      33.26s       34        
308  6.768e+01    5.323e+07    2.495e+01      1.530e+02    2.443e+04    1.995e-02      29.59s       34        
309  7.095e+01    3.239e+05    1.890e+01      1.530e+02    2.443e+04    1.995e-02      36.94s       35        
310  6.753e+01    2.374e+09    6.441e+01      1.530e+02    2.443e+04    1.995e-02      26.88s       36        
311  6.980e+01    8.613e+05    1.312e+01      1.530e+02    2.443e+04    1.995e-02      24.79s       36        
312  7.033e+01    2.032e+05    2.223e+01      1.530e+02    2.443e+04    1.995e-02      22.46s       36        
313  7.804e+01    1.707e+06    2.781e+01      1.530e+02    2.443e+04    1.995e-02      21.46s       36        
314  7.533e+01    5.809e+04    7.490e+01      1.530e+02    2.443e+04    1.995e-02      19.56s       36        
315  7.441e+01    3.720e+07    1.098e+01      1.530e+02    2.443e+04    1.995e-02      21.75s       36        
316  7.502e+01    3.785e+05    1.011e+01      1.530e+02    2.443e+04    1.995e-02      15.73s       36        
317  7.617e+01    2.589e+05    3.785e+01      1.530e+02    2.443e+04    1.995e-02      14.00s       36        
318  8.167e+01    1.039e+05    1.634e+01      1.530e+02    2.443e+04    1.995e-02      12.39s       36        
319  7.489e+01    3.530e+04    2.340e+01      1.530e+02    2.443e+04    1.995e-02      9.94s        36        
320  6.823e+01    7.610e+11    1.396e+01      1.530e+02    2.443e+04    1.995e-02      7.58s        36        
321  6.966e+01    1.561e+07    2.725e+01      1.530e+02    2.443e+04    1.995e-02      7.31s        36        
322  7.050e+01    2.813e+08    1.616e+01      1.530e+02    2.443e+04    1.995e-02      3.87s        36        
323  7.417e+01    6.653e+05    2.118e+01      1.530e+02    2.443e+04    1.995e-02      1.95s        36        
324  7.080e+01    2.996e+05    1.198e+01      1.530e+02    2.443e+04    1.995e-02      0.00s        36        
325  7.066e+01    1.975e+05    1.340e+01      1.530e+02    2.443e+04    1.995e-02      45.77s       36        
326  7.274e+01    8.471e+04    4.921e+01      1.530e+02    2.443e+04    1.995e-02      44.43s       36        
327  6.970e+01    3.102e+04    4.249e+01      1.530e+02    2.443e+04    1.995e-02      53.28s       37        
328  7.592e+01    6.015e+06    1.043e+01      1.530e+02    2.443e+04    1.995e-02      40.70s       37        
329  7.428e+01    2.716e+05    5.726e+02      1.530e+02    2.443e+04    1.995e-02      40.23s       37        
330  7.247e+01    3.756e+05    4.059e+03      1.530e+02    2.443e+04    1.995e-02      36.96s       37        
331  6.920e+01    2.812e+04    1.438e+01      1.530e+02    2.443e+04    1.995e-02      34.67s       37        
332  7.268e+01    5.789e+04    8.148e+01      1.530e+02    2.443e+04    1.995e-02      42.02s       37        
333  6.905e+01    7.404e+08    1.219e+01      1.530e+02    2.443e+04    1.995e-02      30.49s       37        
334  7.040e+01    5.237e+04    1.424e+01      1.530e+02    2.443e+04    1.995e-02      28.53s       37        
335  6.925e+01    2.942e+07    1.807e+01      1.530e+02    2.443e+04    1.995e-02      26.99s       37        
336  7.333e+01    3.270e+04    1.377e+01      1.530e+02    2.443e+04    1.995e-02      25.76s       37        
337  7.326e+01    4.519e+04    6.896e+01      1.530e+02    2.443e+04    1.995e-02      23.67s       37        
338  7.419e+01    1.093e+05    1.354e+01      1.530e+02    2.443e+04    1.995e-02      27.46s       37        
339  7.114e+01    5.521e+05    3.206e+02      1.530e+02    2.443e+04    1.995e-02      19.54s       37        
340  6.760e+01    1.154e+06    1.444e+01      1.530e+02    2.443e+04    1.995e-02      16.99s       37        
341  7.172e+01    2.313e+05    2.622e+01      1.530e+02    2.443e+04    1.995e-02      15.37s       37        
342  7.508e+01    4.826e+04    1.029e+01      1.530e+02    2.443e+04    1.995e-02      13.68s       37        
343  7.200e+01    7.390e+04    1.345e+01      1.530e+02    2.443e+04    1.995e-02      11.75s       36        
344  7.118e+01    2.519e+04    1.579e+01      1.530e+02    2.443e+04    1.995e-02      9.95s        36        
345  6.776e+01    1.429e+04    1.652e+01      1.530e+02    2.443e+04    1.995e-02      7.57s        36        
346  7.004e+01    3.265e+05    3.475e+03      1.530e+02    2.443e+04    1.995e-02      5.69s        36        
347  6.965e+01    7.086e+04    1.799e+01      1.530e+02    2.443e+04    1.995e-02      3.80s        36        
348  7.080e+01    9.041e+04    1.266e+01      1.530e+02    2.443e+04    1.995e-02      1.91s        34        
349  6.519e+01    5.780e+04    2.051e+01      1.530e+02    2.443e+04    1.995e-02      0.00s        34        
350  6.408e+01    4.590e+04    1.461e+01      1.530e+02    2.443e+04    1.995e-02      42.33s       34        
351  6.434e+01    1.497e+07    1.209e+01      1.530e+02    2.443e+04    1.995e-02      54.04s       34        
352  6.452e+01    4.095e+04    5.497e+01      1.530e+02    2.443e+04    1.995e-02      39.29s       34        
353  6.715e+01    2.497e+06    1.386e+02      1.530e+02    2.443e+04    1.995e-02      38.60s       34        
354  6.536e+01    1.807e+06    6.908e+01      1.530e+02    2.443e+04    1.995e-02      36.55s       36        
355  6.254e+01    2.444e+04    6.596e+01      1.530e+02    2.443e+04    1.995e-02      34.62s       37        
356  6.265e+01    2.757e+04    3.101e+01      1.530e+02    2.443e+04    1.995e-02      32.17s       38        
357  6.525e+01    2.524e+04    1.663e+01      1.530e+02    2.443e+04    1.995e-02      42.26s       37        
358  6.959e+01    2.695e+04    8.390e+00      1.530e+02    2.443e+04    1.995e-02      31.02s       37        
359  6.728e+01    1.414e+05    1.683e+01      1.530e+02    2.443e+04    1.995e-02      28.36s       37        
360  6.598e+01    8.603e+04    4.787e+02      1.530e+02    2.443e+04    1.995e-02      26.52s       37        
361  6.564e+01    2.190e+04    2.372e+01      1.530e+02    2.443e+04    1.995e-02      24.60s       37        
362  6.402e+01    4.184e+04    1.429e+03      1.530e+02    2.443e+04    1.995e-02      22.15s       37        
363  6.305e+01    2.729e+11    2.318e+01      1.530e+02    2.443e+04    1.995e-02      26.24s       36        
364  6.500e+01    8.039e+04    2.952e+01      1.530e+02    2.443e+04    1.995e-02      18.43s       36        
365  6.564e+01    3.308e+04    6.619e+01      1.530e+02    2.443e+04    1.995e-02      16.67s       36        
366  6.636e+01    1.203e+06    1.562e+01      1.530e+02    2.443e+04    1.995e-02      14.71s       36        
367  6.307e+01    1.669e+04    8.272e+03      1.530e+02    2.443e+04    1.995e-02      12.69s       35        
368  6.561e+01    3.984e+04    4.373e+01      1.530e+02    2.443e+04    1.995e-02      10.73s       35        
369  6.622e+01    2.398e+04    1.803e+01      1.530e+02    2.443e+04    1.995e-02      8.90s        35        
370  6.492e+01    2.430e+04    2.104e+01      1.530e+02    2.443e+04    1.995e-02      9.53s        36        
371  6.258e+01    1.344e+04    1.899e+01      1.530e+02    2.443e+04    1.995e-02      5.50s        36        
372  5.904e+01    7.866e+03    1.693e+01      1.530e+02    2.443e+04    1.995e-02      3.47s        36        
373  6.295e+01    1.611e+04    5.771e+01      1.530e+02    2.443e+04    1.995e-02      1.73s        35        
374  6.296e+01    1.421e+06    3.062e+01      1.530e+02    2.443e+04    1.995e-02      0.00s        35        
375  6.146e+01    8.299e+08    1.427e+07      1.530e+02    2.443e+04    1.995e-02      42.02s       35        
376  6.197e+01    1.017e+09    2.016e+01      1.530e+02    2.443e+04    1.995e-02      39.96s       35        
377  6.267e+01    1.067e+05    3.490e+01      1.530e+02    2.443e+04    1.995e-02      49.94s       35        
378  6.176e+01    2.083e+04    2.721e+01      1.530e+02    2.443e+04    1.995e-02      36.21s       36        
379  6.431e+01    1.293e+04    5.510e+01      1.530e+02    2.443e+04    1.995e-02      34.43s       36        
380  6.590e+01    6.745e+06    1.185e+07      1.530e+02    2.443e+04    1.995e-02      33.90s       36        
381  6.305e+01    1.725e+05    3.471e+03      1.530e+02    2.443e+04    1.995e-02      33.26s       36        
382  6.664e+01    1.363e+06    6.799e+03      1.530e+02    2.443e+04    1.995e-02      32.02s       36        
383  6.271e+01    2.171e+04    1.948e+01      1.530e+02    2.443e+04    1.995e-02      29.49s       36        
384  5.949e+01    9.803e+03    1.749e+01      1.530e+02    2.443e+04    1.995e-02      35.16s       36        
385  6.148e+01    4.525e+05    7.540e+04      1.530e+02    2.443e+04    1.995e-02      25.17s       35        
386  6.458e+01    2.036e+04    1.646e+01      1.530e+02    2.443e+04    1.995e-02      23.59s       35        
387  6.542e+01    2.738e+04    1.208e+02      1.530e+02    2.443e+04    1.995e-02      22.04s       35        
388  6.761e+01    1.443e+05    3.768e+02      1.530e+02    2.443e+04    1.995e-02      20.56s       35        
389  6.480e+01    2.543e+05    5.564e+01      1.530e+02    2.443e+04    1.995e-02      18.66s       35        
390  6.341e+01    1.587e+05    3.833e+01      1.530e+02    2.443e+04    1.995e-02      16.57s       35        
391  6.257e+01    5.847e+04    1.647e+03      1.530e+02    2.443e+04    1.995e-02      18.54s       35        
392  6.644e+01    2.144e+07    4.123e+03      1.530e+02    2.443e+04    1.995e-02      12.70s       35        
393  6.451e+01    1.945e+04    5.138e+01      1.530e+02    2.443e+04    1.995e-02      10.91s       34        
394  6.269e+01    1.906e+04    6.261e+03      1.530e+02    2.443e+04    1.995e-02      8.76s        34        
395  6.408e+01    3.249e+04    1.188e+01      1.530e+02    2.443e+04    1.995e-02      7.36s        33        
396  6.544e+01    1.807e+04    1.065e+03      1.530e+02    2.443e+04    1.995e-02      5.47s        33        
397  6.388e+01    3.905e+04    8.116e+01      1.530e+02    2.443e+04    1.995e-02      4.76s        33        
398  6.083e+01    4.051e+06    4.055e+03      1.530e+02    2.443e+04    1.995e-02      1.77s        33        
399  6.486e+01    4.022e+05    2.399e+01      1.530e+02    2.443e+04    1.995e-02      0.00s        32        
400  6.112e+01    8.143e+04    1.443e+01      1.530e+02    2.443e+04    1.995e-02      43.40s       32        
401  6.400e+01    5.201e+09    3.349e+01      1.530e+02    2.443e+04    1.995e-02      41.00s       32        
402  6.531e+01    1.376e+06    7.000e+01      1.510e+02    2.424e+04    1.986e-02      40.95s       32        
403  6.259e+01    4.869e+05    1.580e+01      1.510e+02    2.424e+04    1.983e-02      37.57s       32        
404  6.253e+01    3.896e+04    2.427e+01      1.510e+02    2.424e+04    1.983e-02      46.67s       32        
405  6.373e+01    8.010e+08    1.111e+01      1.510e+02    2.424e+04    1.983e-02      33.58s       32        
406  6.403e+01    3.061e+04    1.211e+01      1.510e+02    2.424e+04    1.983e-02      32.14s       32        
407  6.688e+01    4.758e+05    4.237e+03      1.510e+02    2.424e+04    1.983e-02      30.65s       32        
408  6.767e+01    4.542e+06    2.316e+03      1.510e+02    2.424e+04    1.983e-02      29.80s       32        
409  6.264e+01    1.812e+07    2.437e+01      1.510e+02    2.424e+04    1.983e-02      28.14s       32        
410  6.040e+01    2.436e+04    6.630e+01      1.510e+02    2.424e+04    1.983e-02      25.23s       33        
411  6.373e+01    1.119e+05    6.960e+02      1.550e+02    2.597e+04    1.982e-02      30.52s       34        
412  6.804e+01    6.740e+04    1.426e+07      1.550e+02    2.597e+04    1.982e-02      23.22s       32        
413  6.732e+01    4.645e+04    1.557e+02      1.550e+02    2.597e+04    1.980e-02      20.36s       32        
414  6.753e+01    1.274e+05    3.004e+01      1.550e+02    2.597e+04    1.980e-02      18.47s       32        
415  6.394e+01    8.005e+04    1.318e+01      1.550e+02    2.597e+04    1.980e-02      16.68s       32        
416  6.310e+01    4.194e+06    6.415e+03      1.550e+02    2.597e+04    1.980e-02      14.61s       32        
417  6.522e+01    5.491e+04    9.236e+01      1.550e+02    2.597e+04    1.980e-02      12.48s       32        
418  6.801e+01    1.344e+05    1.398e+01      1.570e+02    2.712e+04    1.978e-02      14.56s       33        
419  6.944e+01    3.745e+04    1.424e+01      1.570e+02    2.712e+04    1.978e-02      9.51s        33        
420  6.606e+01    2.542e+04    1.561e+03      1.570e+02    2.712e+04    1.978e-02      7.56s        34        
421  6.834e+01    3.995e+04    2.042e+03      1.570e+02    2.712e+04    1.978e-02      5.51s        34        
422  7.423e+01    3.753e+05    3.834e+01      1.570e+02    2.712e+04    1.978e-02      3.82s        33        
423  6.872e+01    9.044e+04    1.907e+02      1.570e+02    2.712e+04    1.978e-02      1.89s        34        
424  6.875e+01    4.077e+05    4.411e+01      1.570e+02    2.712e+04    1.978e-02      0.00s        34        
425  6.803e+01    1.588e+05    3.412e+01      1.570e+02    2.712e+04    1.978e-02      59.03s       34        
426  6.680e+01    5.704e+10    1.837e+04      1.530e+02    2.539e+04    1.973e-02      43.55s       33        
427  6.734e+01    4.010e+04    1.121e+01      1.530e+02    2.539e+04    1.973e-02      40.42s       32        
428  7.080e+01    2.098e+06    1.243e+01      1.530e+02    2.539e+04    1.973e-02      39.18s       34        
429  6.868e+01    4.326e+06    3.017e+01      1.530e+02    2.539e+04    1.973e-02      36.67s       34        
430  6.812e+01    2.564e+04    1.480e+01      1.530e+02    2.539e+04    1.973e-02      35.57s       34        
431  6.965e+01    4.591e+04    5.757e+03      1.530e+02    2.539e+04    1.973e-02      32.84s       34        
432  7.374e+01    7.392e+04    2.600e+02      1.530e+02    2.539e+04    1.973e-02      42.15s       34        
433  6.866e+01    5.756e+04    5.218e+03      1.530e+02    2.539e+04    1.973e-02      30.34s       35        
434  7.095e+01    5.728e+05    3.112e+01      1.530e+02    2.539e+04    1.973e-02      27.66s       34        
435  7.059e+01    9.248e+05    3.331e+01      1.590e+02    2.626e+04    1.967e-02      26.67s       35        
436  7.173e+01    5.057e+07    2.007e+01      1.590e+02    2.626e+04    1.967e-02      25.19s       35        
437  7.494e+01    1.223e+09    4.898e+05      1.590e+02    2.626e+04    1.967e-02      23.49s       37        
438  7.833e+01    3.649e+09    1.319e+02      1.590e+02    2.626e+04    1.967e-02      28.66s       37        
439  7.468e+01    2.216e+07    2.096e+01      1.590e+02    2.626e+04    1.967e-02      19.76s       37        
440  7.853e+01    1.569e+05    2.629e+01      1.590e+02    2.626e+04    1.967e-02      18.47s       38        
441  7.508e+01    5.909e+05    6.696e+01      1.590e+02    2.626e+04    1.967e-02      16.23s       38        
442  7.352e+01    8.256e+05    1.777e+01      1.590e+02    2.626e+04    1.967e-02      13.99s       39        
443  7.839e+01    7.356e+05    2.028e+01      1.590e+02    2.626e+04    1.967e-02      11.98s       39        
444  7.546e+01    2.229e+08    3.097e+03      1.590e+02    2.626e+04    1.967e-02      13.17s       38        
445  7.535e+01    1.786e+08    1.659e+01      1.590e+02    2.626e+04    1.967e-02      8.34s        38        
446  7.007e+01    6.656e+04    1.575e+01      1.590e+02    2.626e+04    1.967e-02      6.13s        37        
447  7.500e+01    3.725e+04    2.558e+01      1.590e+02    2.626e+04    1.967e-02      3.99s        37        
448  7.381e+01    5.399e+06    4.309e+03      1.590e+02    2.626e+04    1.967e-02      2.03s        37        
449  7.255e+01    9.958e+04    2.616e+01      1.490e+02    2.309e+04    1.951e-02      0.00s        34        
450  6.947e+01    2.642e+04    5.472e+01      1.490e+02    2.309e+04    1.951e-02      1.00m        35        
451  6.679e+01    5.046e+04    1.333e+01      1.490e+02    2.309e+04    1.951e-02      44.26s       35        
452  6.505e+01    9.487e+04    3.766e+01      1.490e+02    2.309e+04    1.951e-02      40.65s       36        
453  6.738e+01    1.043e+05    1.591e+01      1.490e+02    2.309e+04    1.951e-02      38.09s       38        
454  6.941e+01    2.782e+05    1.065e+02      1.490e+02    2.309e+04    1.951e-02      37.94s       38        
455  7.088e+01    3.158e+05    1.073e+02      1.490e+02    2.309e+04    1.951e-02      36.92s       37        
456  7.186e+01    1.391e+07    2.454e+05      1.490e+02    2.309e+04    1.950e-02      35.16s       37        
457  7.375e+01    7.275e+04    2.067e+01      1.490e+02    2.309e+04    1.950e-02      42.42s       38        
458  7.364e+01    2.816e+04    1.357e+01      1.490e+02    2.309e+04    1.950e-02      31.04s       39        
459  7.711e+01    4.297e+07    1.722e+01      1.490e+02    2.309e+04    1.950e-02      30.14s       40        
460  7.512e+01    7.795e+04    6.912e+01      1.490e+02    2.309e+04    1.950e-02      28.45s       41        
461  7.500e+01    1.972e+04    3.343e+01      1.490e+02    2.309e+04    1.950e-02      26.81s       38        
462  6.855e+01    4.221e+04    9.620e+00      1.490e+02    2.309e+04    1.950e-02      23.66s       38        
463  6.897e+01    1.378e+04    1.694e+01      1.490e+02    2.309e+04    1.950e-02      28.12s       39        
464  6.872e+01    6.502e+04    3.221e+02      1.490e+02    2.309e+04    1.950e-02      19.67s       34        
465  6.710e+01    1.396e+05    4.039e+01      1.490e+02    2.309e+04    1.950e-02      17.28s       32        
466  6.112e+01    1.357e+06    1.410e+02      1.490e+02    2.309e+04    1.950e-02      14.32s       32        
467  6.134e+01    2.864e+04    4.158e+01      1.490e+02    2.309e+04    1.950e-02      12.42s       32        
468  5.870e+01    1.024e+07    1.233e+01      1.490e+02    2.597e+04    1.934e-02      10.26s       33        
469  5.805e+01    3.376e+05    3.036e+03      1.490e+02    2.597e+04    1.934e-02      11.47s       33        
470  6.150e+01    2.833e+04    9.605e+00      1.490e+02    2.597e+04    1.934e-02      6.87s        32        
471  6.086e+01    9.470e+03    1.228e+01      1.490e+02    2.597e+04    1.934e-02      5.16s        33        
472  5.849e+01    8.350e+03    5.027e+01      1.490e+02    2.597e+04    1.934e-02      3.42s        33        
473  5.943e+01    1.022e+04    1.161e+01      1.490e+02    2.597e+04    1.934e-02      1.75s        33        
474  6.098e+01    3.744e+04    1.485e+01      1.490e+02    2.597e+04    1.934e-02      0.00s        33        
475  5.656e+01    8.940e+04    7.295e+04      1.490e+02    2.597e+04    1.934e-02      41.02s       33        
476  5.794e+01    7.317e+03    1.490e+01      1.490e+02    2.597e+04    1.934e-02      38.66s       33        
477  6.100e+01    4.395e+04    1.268e+01      1.490e+02    2.597e+04    1.934e-02      51.55s       33        
478  5.974e+01    9.494e+03    1.074e+07      1.490e+02    2.597e+04    1.934e-02      37.57s       33        
479  6.123e+01    1.740e+06    5.514e+01      1.110e+02    3.506e+03    1.932e-02      33.76s       31        
480  5.328e+01    9.741e+03    6.790e+02      1.110e+02    3.506e+03    1.932e-02      31.04s       31        
481  5.394e+01    6.802e+03    3.296e+01      1.110e+02    3.506e+03    1.932e-02      28.83s       33        
482  5.523e+01    6.746e+03    1.229e+02      1.110e+02    3.506e+03    1.932e-02      27.70s       33        
483  5.640e+01    2.642e+04    1.701e+02      1.090e+02    3.410e+03    1.915e-02      26.11s       33        
484  5.672e+01    7.795e+03    1.920e+01      1.090e+02    3.410e+03    1.915e-02      25.05s       33        
485  5.813e+01    1.128e+04    4.676e+03      1.090e+02    3.410e+03    1.915e-02      32.09s       33        
486  5.429e+01    6.294e+03    1.794e+01      1.090e+02    3.410e+03    1.911e-02      22.34s       32        
487  5.613e+01    6.294e+03    3.279e+01      1.090e+02    3.410e+03    1.911e-02      19.92s       32        
488  5.527e+01    1.675e+04    3.788e+01      1.090e+02    3.410e+03    1.911e-02      18.23s       33        
489  6.030e+01    5.679e+05    1.171e+01      1.090e+02    3.410e+03    1.911e-02      17.14s       33        
490  5.842e+01    1.234e+04    1.339e+01      1.270e+02    4.898e+03    1.909e-02      15.36s       34        
491  6.055e+01    1.485e+04    8.763e+02      1.270e+02    4.898e+03    1.909e-02      13.70s       34        
492  6.395e+01    8.536e+03    3.120e+01      1.270e+02    4.898e+03    1.909e-02      12.11s       34        
493  6.183e+01    8.746e+09    4.926e+03      1.270e+02    4.898e+03    1.909e-02      14.28s       34        
494  6.038e+01    1.596e+04    1.234e+01      1.270e+02    4.898e+03    1.909e-02      9.00s        34        
495  5.878e+01    2.176e+04    2.409e+01      1.310e+02    9.506e+03    1.888e-02      7.03s        35        
496  6.261e+01    4.093e+04    3.801e+02      1.310e+02    9.506e+03    1.888e-02      5.19s        35        
497  6.201e+01    2.246e+06    1.171e+01      1.310e+02    9.506e+03    1.888e-02      3.47s        35        
498  6.139e+01    8.299e+03    2.727e+01      1.310e+02    9.506e+03    1.888e-02      1.72s        35        
499  6.111e+01    6.906e+04    6.784e+01      1.310e+02    9.506e+03    1.888e-02      0.00s        35        





Time: 0h:14m:13s
####   Data for the best program   ####
Best Program: div(1.324, add(X2, sub(1.912, div(X1, sub(1.912, sub(sub(sub(1.912, sub(X1, sub(1.912, div(0.959, sub(1.764, div(X2, sub(1.912, sub(sub(sub(sub(1.912, X0), sub(X0, 1.313)), X1), 1.347)))))))), div(1.313, add(X2, add(X2, add(X2, div(1.313, add(X2, sub(sub(sub(1.912, sub(sub(sub(sub(1.912, sub(X1, sub(1.912, div(0.959, sub(1.764, div(X1, sub(1.912, sub(sub(sub(1.912, sub(X1, 1.764)), div(1.313, 1.912)), 1.313)))))))), div(sub(1.912, div(0.959, 1.659)), add(X2, add(X2, add(X2, sub(1.912, sub(sub(sub(div(1.313, add(X2, add(X2, add(X2, sub(1.912, sub(sub(sub(sub(1.912, X0), sub(X0, 1.313)), X1), 1.347)))))), sub(X0, 1.313)), X1), 1.347))))))), 1.313), sub(1.912, X0))), X2), 1.313)))))))), 1.313))))))
Best Program Complexity: 9506
Raw Fitness: 0.018883286320056782
Penalized Fitness: 0.018883286320056782
Estimator		Train-rmse: 0.018883286320056782	Test-rmse: 0.20099326256294256	Test-R^2: -3.088135696849715

{'complexity': 'kommenda', 'const_range': (1e-10, 2.0), 'elitism_size': 0, 'function_set': ('add', 'sub', 'div', 'mul'), 'generations': 500, 'init_depth': (3, 6), 'init_method': 'half and half', 'low_memory': True, 'max_samples': 1.0, 'metric': 'rmse', 'n_jobs': 2, 'p_crossover': 0.8, 'p_hoist_mutation': 0.0, 'p_point_mutation': 0.09999999999999998, 'p_point_replace': 0.05, 'p_subtree_mutation': 0.09999999999999998, 'paretogp': True, 'paretogp_lengths': (5, 160), 'parsimony_coefficient': 0.0, 'population_size': 800, 'random_state': 85215660, 'selection': 'tournament', 'stopping_criteria': 1e-10, 'tournament_size': 11, 'verbose': 1, 'warm_start': True}
