    |          Population Average          |           Best Individual            |
---- -------------------------------------- -------------------------------------- ----------
Gen  Length       Kommenda     Fitness        Length       Kommenda     Fitness        Time Left    Front Size
0    3.610e+01    1.279e+14    1.257e+10      1.500e+01    3.621e+03    2.655e-01      13.96s       7         
1    9.918e+00    7.190e+03    2.527e+03      1.300e+01    1.560e+02    1.007e-01      17.42s       6         
2    8.090e+00    3.548e+02    2.530e+01      1.700e+01    3.480e+02    7.283e-02      17.20s       5         
3    1.212e+01    1.165e+03    1.615e+01      1.500e+01    2.280e+02    6.456e-02      26.89s       3         
4    1.126e+01    5.870e+02    1.964e+02      2.300e+01    6.480e+02    5.696e-02      16.83s       6         
5    1.105e+01    7.868e+02    9.866e+00      2.500e+01    1.236e+03    4.968e-02      16.01s       8         
6    1.281e+01    5.749e+02    2.422e+01      2.500e+01    9.480e+02    4.261e-02      15.54s       8         
7    1.362e+01    1.695e+03    8.642e+00      4.500e+01    8.580e+03    3.502e-02      14.77s       10        
8    1.662e+01    3.510e+03    4.445e+01      2.300e+01    8.400e+02    3.439e-02      14.48s       8         
9    1.479e+01    4.703e+03    1.345e+01      2.300e+01    8.400e+02    3.439e-02      13.46s       11        
10   1.497e+01    2.850e+03    8.641e+00      2.300e+01    8.400e+02    3.439e-02      12.86s       14        
11   1.549e+01    9.432e+02    1.415e+02      2.300e+01    8.400e+02    3.439e-02      11.71s       15        
12   1.580e+01    9.000e+02    1.970e+02      2.300e+01    8.400e+02    3.439e-02      10.98s       13        
13   1.568e+01    5.544e+02    4.260e+01      2.300e+01    8.400e+02    3.439e-02      9.65s        14        
14   1.623e+01    6.534e+02    5.274e+01      2.300e+01    8.400e+02    3.439e-02      9.14s        14        
15   1.570e+01    7.096e+02    5.605e+01      2.300e+01    8.400e+02    3.439e-02      8.30s        13        
16   1.764e+01    1.248e+03    1.017e+01      2.300e+01    8.400e+02    3.439e-02      7.40s        11        
17   1.556e+01    7.813e+03    5.237e+03      2.300e+01    8.400e+02    3.439e-02      6.42s        12        
18   1.623e+01    1.875e+05    3.579e+01      2.300e+01    8.400e+02    3.439e-02      5.48s        14        
19   1.577e+01    1.133e+03    2.228e+01      2.300e+01    8.400e+02    3.439e-02      4.65s        16        
20   1.673e+01    5.850e+02    2.460e+01      2.300e+01    8.400e+02    3.439e-02      3.76s        15        
21   1.623e+01    8.333e+02    1.475e+01      2.300e+01    8.400e+02    3.439e-02      4.13s        16        
22   1.635e+01    5.392e+02    2.512e+01      2.300e+01    8.400e+02    3.439e-02      1.96s        16        
23   1.612e+01    7.222e+02    1.206e+01      2.300e+01    8.400e+02    3.439e-02      0.95s        16        
24   1.631e+01    6.152e+02    2.814e+01      2.300e+01    8.400e+02    3.439e-02      0.00s        16        
25   1.565e+01    3.955e+02    2.401e+01      2.700e+01    4.560e+02    3.433e-02      22.68s       16        
26   1.573e+01    3.444e+02    2.472e+01      2.700e+01    4.560e+02    3.433e-02      21.80s       16        
27   1.616e+01    3.131e+02    4.512e+01      3.900e+01    3.336e+03    3.392e-02      20.55s       19        
28   1.982e+01    1.295e+03    2.333e+01      3.900e+01    2.184e+03    3.384e-02      21.08s       19        
29   2.310e+01    2.753e+03    2.455e+01      3.900e+01    8.720e+02    3.365e-02      20.21s       19        
30   2.186e+01    2.151e+03    5.121e+01      3.900e+01    8.720e+02    3.365e-02      18.91s       19        
31   2.224e+01    4.168e+03    8.673e+00      4.300e+01    1.384e+03    3.338e-02      17.78s       21        
32   2.330e+01    3.860e+03    8.755e+01      4.300e+01    1.384e+03    3.338e-02      17.34s       20        
33   2.437e+01    8.175e+03    1.103e+01      7.300e+01    6.682e+04    3.310e-02      16.82s       20        
34   2.616e+01    8.121e+04    1.892e+01      6.900e+01    5.454e+04    3.296e-02      15.89s       21        
35   2.790e+01    4.514e+04    2.085e+01      7.700e+01    1.469e+05    3.279e-02      15.08s       25        
36   3.413e+01    6.421e+05    1.996e+01      7.900e+01    1.162e+05    3.261e-02      20.63s       24        
37   3.598e+01    1.129e+06    1.083e+01      1.430e+02    2.272e+08    3.258e-02      14.70s       28        
38   4.304e+01    2.215e+07    1.533e+01      8.100e+01    1.423e+05    3.245e-02      13.91s       26        
39   4.532e+01    2.762e+08    5.253e+01      7.700e+01    1.316e+05    3.242e-02      13.23s       27        
40   4.276e+01    6.411e+07    1.634e+01      8.900e+01    2.918e+05    3.237e-02      11.81s       28        
41   4.387e+01    1.687e+07    9.496e+00      1.030e+02    9.794e+05    3.229e-02      10.48s       31        
42   4.972e+01    1.524e+08    4.983e+01      1.150e+02    3.252e+07    3.228e-02      10.06s       31        
43   5.249e+01    2.447e+08    1.480e+01      1.370e+02    9.826e+08    3.215e-02      8.77s        35        
44   5.707e+01    1.121e+11    3.715e+01      1.370e+02    9.826e+08    3.215e-02      7.51s        35        
45   6.160e+01    9.824e+16    1.513e+01      1.190e+02    9.117e+07    3.208e-02      6.08s        35        
46   6.027e+01    7.299e+11    1.959e+01      1.130e+02    4.935e+07    3.207e-02      5.97s        31        
47   5.365e+01    1.153e+11    1.042e+01      1.130e+02    4.935e+07    3.207e-02      3.07s        32        
48   5.013e+01    8.102e+08    1.493e+01      1.130e+02    4.935e+07    3.207e-02      1.49s        32        
49   5.249e+01    3.406e+08    2.507e+01      1.270e+02    9.952e+08    3.182e-02      0.00s        36        
50   5.569e+01    4.872e+09    1.367e+01      1.270e+02    9.952e+08    3.182e-02      37.36s       36        
51   6.097e+01    4.278e+13    1.442e+01      1.270e+02    9.952e+08    3.182e-02      37.79s       33        
52   5.839e+01    3.424e+14    6.272e+01      1.490e+02    4.973e+09    3.152e-02      35.58s       34        
53   6.144e+01    2.733e+15    8.704e+00      1.470e+02    3.316e+09    3.150e-02      33.86s       35        
54   6.374e+01    8.289e+18    2.394e+01      1.470e+02    3.316e+09    3.150e-02      42.84s       37        
55   6.516e+01    2.446e+15    1.445e+01      1.490e+02    3.359e+09    3.141e-02      32.22s       38        
56   6.889e+01    2.255e+15    5.510e+04      1.490e+02    3.359e+09    3.141e-02      31.82s       40        
57   6.934e+01    2.545e+14    1.179e+01      1.590e+02    1.811e+10    3.140e-02      30.99s       41        
58   7.232e+01    5.655e+16    1.067e+02      1.590e+02    7.632e+09    3.138e-02      29.43s       44        
59   7.890e+01    5.626e+16    1.454e+01      1.590e+02    7.632e+09    3.138e-02      29.35s       44        
60   7.535e+01    2.535e+16    6.993e+00      1.470e+02    3.023e+09    3.136e-02      32.49s       38        
61   6.959e+01    2.629e+19    1.086e+01      1.470e+02    3.023e+09    3.136e-02      24.42s       37        
62   7.084e+01    9.259e+14    5.336e+00      1.470e+02    3.023e+09    3.136e-02      21.40s       35        
63   6.349e+01    1.464e+14    5.291e+04      1.470e+02    3.023e+09    3.136e-02      18.71s       36        
64   6.315e+01    7.684e+13    1.992e+02      1.470e+02    3.023e+09    3.136e-02      16.97s       34        
65   6.466e+01    2.031e+14    1.798e+02      1.470e+02    3.023e+09    3.136e-02      15.16s       37        
66   6.526e+01    6.874e+16    2.080e+01      1.470e+02    3.023e+09    3.136e-02      17.17s       37        
67   6.669e+01    1.001e+14    2.043e+02      1.450e+02    1.849e+09    3.134e-02      12.25s       40        
68   6.880e+01    2.018e+14    4.977e+01      1.450e+02    1.849e+09    3.134e-02      10.69s       38        
69   6.629e+01    1.614e+16    1.334e+01      1.450e+02    1.849e+09    3.134e-02      8.68s        36        
70   6.139e+01    5.472e+13    8.683e+00      1.450e+02    1.849e+09    3.134e-02      6.75s        39        
71   6.401e+01    3.267e+13    2.572e+01      1.450e+02    1.849e+09    3.134e-02      5.16s        43        
72   6.740e+01    3.709e+14    1.366e+01      1.530e+02    4.030e+09    3.124e-02      4.35s        45        
73   7.183e+01    4.738e+14    1.146e+01      1.530e+02    4.030e+09    3.124e-02      1.84s        43        
74   7.240e+01    3.023e+16    2.403e+01      1.530e+02    4.030e+09    3.124e-02      0.00s        44        
75   7.350e+01    4.589e+15    1.064e+01      1.290e+02    5.143e+07    3.118e-02      44.30s       41        
76   7.108e+01    8.943e+12    1.200e+01      1.290e+02    5.143e+07    3.118e-02      41.80s       37        
77   6.481e+01    5.375e+11    1.955e+01      1.290e+02    5.143e+07    3.118e-02      38.44s       38        
78   6.608e+01    1.065e+13    1.913e+01      1.290e+02    5.143e+07    3.118e-02      45.28s       37        
79   6.281e+01    1.821e+14    3.774e+01      1.230e+02    2.587e+07    3.118e-02      34.94s       38        
80   6.406e+01    4.400e+13    8.915e+00      1.470e+02    4.265e+05    3.114e-02      32.05s       36        
81   6.246e+01    2.226e+12    1.029e+01      1.470e+02    4.265e+05    3.114e-02      29.92s       39        
82   6.513e+01    1.993e+11    1.254e+01      1.290e+02    2.450e+05    3.111e-02      28.10s       38        
83   6.719e+01    2.345e+10    2.000e+01      1.290e+02    2.450e+05    3.111e-02      27.11s       37        
84   6.171e+01    3.385e+09    1.436e+01      1.290e+02    2.450e+05    3.111e-02      25.41s       35        
85   5.963e+01    2.309e+06    3.436e+01      1.290e+02    2.450e+05    3.111e-02      29.41s       38        
86   6.018e+01    8.166e+06    1.134e+01      1.290e+02    2.450e+05    3.111e-02      21.55s       37        
87   6.175e+01    6.899e+07    1.233e+01      1.290e+02    2.450e+05    3.111e-02      20.42s       36        
88   6.096e+01    3.111e+07    2.150e+01      1.450e+02    1.381e+06    3.104e-02      18.63s       38        
89   6.029e+01    1.888e+07    9.736e+00      1.450e+02    1.381e+06    3.104e-02      16.77s       41        
90   6.528e+01    1.089e+07    2.490e+01      1.490e+02    3.543e+05    3.102e-02      14.98s       36        
91   6.166e+01    2.269e+07    1.744e+01      1.490e+02    3.543e+05    3.102e-02      13.34s       36        
92   6.012e+01    2.658e+07    2.011e+02      1.490e+02    3.543e+05    3.102e-02      14.37s       38        
93   6.192e+01    7.995e+07    1.444e+01      1.490e+02    3.543e+05    3.102e-02      9.81s        39        
94   6.047e+01    7.492e+06    8.845e+00      1.430e+02    2.713e+05    3.101e-02      8.14s        40        
95   5.880e+01    7.749e+07    1.448e+01      1.430e+02    2.713e+05    3.101e-02      6.49s        41        
96   6.072e+01    1.209e+07    2.323e+01      1.430e+02    2.713e+05    3.101e-02      5.00s        41        
97   5.512e+01    1.165e+07    1.382e+01      1.370e+02    8.049e+04    3.081e-02      3.31s        42        
98   5.716e+01    4.637e+06    1.616e+01      1.370e+02    8.049e+04    3.081e-02      1.65s        40        
99   5.343e+01    2.911e+06    1.328e+01      1.350e+02    7.050e+04    3.072e-02      0.00s        41        
100  5.498e+01    1.850e+07    8.012e+00      1.370e+02    7.665e+04    3.068e-02      39.62s       45        
101  6.043e+01    8.028e+06    2.308e+01      1.290e+02    6.513e+04    3.066e-02      38.51s       46        
102  6.331e+01    1.343e+06    1.196e+01      1.290e+02    6.513e+04    3.066e-02      38.41s       41        
103  6.019e+01    1.387e+07    1.943e+01      1.250e+02    5.514e+04    3.060e-02      36.46s       41        
104  5.499e+01    1.201e+09    1.289e+01      1.450e+02    1.170e+05    3.057e-02      33.05s       42        
105  5.541e+01    9.715e+05    3.098e+01      1.450e+02    1.170e+05    3.057e-02      39.73s       43        
106  5.693e+01    8.744e+06    1.218e+01      1.470e+02    1.273e+05    3.055e-02      30.30s       45        
107  6.192e+01    6.136e+05    1.328e+01      1.470e+02    1.273e+05    3.055e-02      29.14s       45        
108  6.500e+01    9.030e+05    2.328e+01      1.470e+02    1.273e+05    3.048e-02      28.24s       45        
109  6.246e+01    1.240e+06    1.131e+01      1.470e+02    1.273e+05    3.048e-02      25.79s       44        
110  5.991e+01    4.616e+06    1.452e+01      1.470e+02    2.057e+05    3.028e-02      24.16s       44        
111  6.562e+01    1.684e+09    1.570e+01      1.470e+02    2.057e+05    3.028e-02      29.07s       46        
112  6.833e+01    1.687e+07    1.373e+01      1.470e+02    2.057e+05    3.027e-02      22.06s       42        
113  6.976e+01    1.998e+08    2.508e+01      1.470e+02    2.057e+05    3.027e-02      20.46s       38        
114  6.716e+01    5.080e+08    1.845e+01      1.470e+02    2.057e+05    3.027e-02      18.34s       39        
115  6.514e+01    3.536e+07    1.125e+01      1.470e+02    2.057e+05    3.027e-02      15.99s       38        
116  6.322e+01    3.935e+06    1.501e+01      1.470e+02    2.057e+05    3.027e-02      18.17s       39        
117  6.275e+01    1.314e+07    4.960e+01      1.470e+02    2.057e+05    3.027e-02      12.74s       41        
118  6.423e+01    1.712e+07    9.326e+01      1.470e+02    2.057e+05    3.027e-02      10.53s       45        
119  7.311e+01    2.041e+06    1.237e+01      1.470e+02    2.057e+05    3.027e-02      8.99s        42        
120  6.916e+01    2.246e+06    1.879e+01      1.470e+02    2.057e+05    3.027e-02      7.31s        39        
121  6.542e+01    6.951e+07    1.963e+01      1.470e+02    2.057e+05    3.027e-02      5.32s        42        
122  6.668e+01    6.417e+05    8.367e+00      1.470e+02    2.057e+05    3.027e-02      4.43s        42        
123  6.682e+01    9.079e+05    1.225e+01      1.470e+02    2.057e+05    3.027e-02      1.80s        42        
124  6.327e+01    2.927e+05    1.199e+01      1.470e+02    2.057e+05    3.027e-02      0.00s        43        
125  6.748e+01    2.997e+05    1.895e+01      1.470e+02    2.057e+05    3.027e-02      42.30s       43        
126  6.701e+01    8.178e+05    8.514e+00      1.470e+02    2.057e+05    3.027e-02      41.01s       44        
127  6.847e+01    3.100e+05    2.242e+01      1.470e+02    2.057e+05    3.027e-02      40.71s       44        
128  6.961e+01    6.885e+05    2.458e+01      1.470e+02    2.057e+05    3.027e-02      47.42s       45        
129  7.170e+01    2.410e+06    2.511e+01      1.470e+02    2.057e+05    3.027e-02      36.99s       46        
130  7.043e+01    1.674e+06    4.369e+01      1.470e+02    2.057e+05    3.027e-02      35.64s       45        
131  7.228e+01    3.793e+05    1.691e+01      1.470e+02    2.057e+05    3.027e-02      33.84s       46        
132  6.844e+01    7.510e+05    8.418e+00      1.470e+02    2.057e+05    3.027e-02      31.23s       47        
133  7.229e+01    4.286e+05    1.430e+01      1.410e+02    7.524e+04    3.026e-02      36.64s       49        
134  7.183e+01    2.093e+06    1.695e+01      1.410e+02    7.524e+04    3.026e-02      29.26s       49        
135  7.244e+01    8.526e+05    1.678e+01      1.410e+02    7.524e+04    3.026e-02      25.97s       48        
136  7.069e+01    1.985e+06    8.074e+00      1.410e+02    7.524e+04    3.026e-02      25.14s       48        
137  6.961e+01    2.519e+05    1.738e+01      1.410e+02    7.524e+04    3.026e-02      23.07s       47        
138  6.523e+01    1.314e+05    1.654e+02      1.410e+02    7.524e+04    3.026e-02      25.65s       48        
139  6.956e+01    1.728e+06    3.221e+01      1.410e+02    7.524e+04    3.026e-02      18.81s       47        
140  7.052e+01    1.598e+06    2.857e+01      1.410e+02    7.524e+04    3.026e-02      17.41s       45        
141  6.746e+01    2.772e+05    4.967e+01      1.410e+02    7.524e+04    3.026e-02      15.27s       48        
142  6.742e+01    2.439e+05    3.038e+01      1.430e+02    3.761e+04    3.024e-02      13.07s       46        
143  6.484e+01    1.897e+05    1.637e+01      1.430e+02    3.761e+04    3.024e-02      13.60s       47        
144  6.742e+01    2.276e+05    1.156e+01      1.430e+02    3.761e+04    3.024e-02      9.31s        48        
145  6.493e+01    8.803e+05    8.096e+00      1.490e+02    3.790e+05    3.016e-02      7.33s        49        
146  6.272e+01    3.300e+05    1.135e+01      1.490e+02    3.790e+05    3.016e-02      5.42s        50        
147  6.345e+01    4.589e+05    1.018e+01      1.490e+02    3.790e+05    3.016e-02      3.61s        51        
148  6.965e+01    2.463e+06    1.632e+01      1.490e+02    3.790e+05    3.016e-02      2.35s        51        
149  6.591e+01    3.275e+06    1.432e+01      1.490e+02    3.790e+05    3.016e-02      0.00s        49        
150  6.919e+01    4.437e+06    5.833e+01      1.490e+02    3.790e+05    3.016e-02      45.52s       49        
151  6.453e+01    5.995e+06    2.525e+01      1.470e+02    3.782e+05    3.016e-02      44.60s       50        
152  6.622e+01    1.353e+08    1.345e+01      1.470e+02    3.782e+05    3.016e-02      40.85s       51        
153  6.886e+01    4.962e+06    7.801e+00      1.470e+02    3.782e+05    3.016e-02      49.52s       51        
154  7.080e+01    1.437e+07    1.084e+01      1.470e+02    3.782e+05    3.016e-02      38.57s       51        
155  6.800e+01    2.324e+06    2.108e+01      1.470e+02    3.782e+05    3.016e-02      37.29s       51        
156  6.805e+01    1.794e+07    1.342e+01      1.470e+02    3.782e+05    3.016e-02      35.27s       52        
157  7.049e+01    7.206e+06    1.208e+01      1.470e+02    3.782e+05    3.016e-02      33.64s       51        
158  6.759e+01    2.107e+06    9.229e+00      1.470e+02    3.782e+05    3.016e-02      37.32s       51        
159  6.783e+01    1.031e+06    2.026e+01      1.530e+02    6.117e+05    3.008e-02      29.05s       50        
160  6.631e+01    1.136e+06    1.201e+01      1.530e+02    6.117e+05    3.008e-02      26.12s       50        
161  6.609e+01    3.796e+07    9.546e+00      1.530e+02    6.117e+05    3.008e-02      24.28s       48        
162  6.326e+01    7.398e+05    2.149e+01      1.530e+02    6.117e+05    3.008e-02      22.12s       47        
163  6.502e+01    1.020e+08    8.204e+00      1.550e+02    3.805e+05    3.007e-02      25.01s       47        
164  6.310e+01    8.321e+07    2.149e+01      1.550e+02    3.805e+05    3.007e-02      18.17s       44        
165  6.541e+01    4.055e+07    1.323e+01      1.550e+02    3.805e+05    3.007e-02      16.27s       45        
166  6.885e+01    2.137e+09    1.905e+01      1.550e+02    3.805e+05    3.007e-02      14.73s       45        
167  6.951e+01    1.591e+06    1.087e+01      1.550e+02    3.805e+05    3.007e-02      13.26s       45        
168  6.838e+01    1.222e+07    9.049e+00      1.550e+02    3.805e+05    3.007e-02      13.87s       45        
169  6.961e+01    2.542e+07    2.720e+01      1.550e+02    3.805e+05    3.007e-02      9.90s        44        
170  6.831e+01    1.141e+07    1.006e+01      1.550e+02    3.805e+05    3.007e-02      7.79s        45        
171  6.355e+01    9.073e+05    8.300e+00      1.550e+02    3.805e+05    3.007e-02      5.53s        46        
172  6.622e+01    5.419e+06    1.471e+01      1.550e+02    3.805e+05    3.007e-02      3.65s        46        
173  6.958e+01    8.253e+06    1.578e+01      1.550e+02    3.805e+05    3.007e-02      2.34s        43        
174  6.823e+01    1.776e+06    1.425e+01      1.550e+02    3.805e+05    3.007e-02      0.00s        43        
175  6.972e+01    1.203e+07    1.033e+01      1.550e+02    3.805e+05    3.007e-02      45.24s       43        
176  6.371e+01    1.158e+06    2.263e+01      1.550e+02    3.805e+05    3.007e-02      41.55s       43        
177  6.675e+01    3.894e+06    8.695e+00      1.550e+02    3.805e+05    3.007e-02      39.33s       44        
178  6.784e+01    1.495e+06    9.232e+00      1.550e+02    3.805e+05    3.007e-02      50.09s       44        
179  6.589e+01    1.040e+06    1.368e+01      1.130e+02    4.394e+04    2.998e-02      37.57s       44        
180  6.400e+01    1.500e+06    1.143e+01      1.130e+02    4.394e+04    2.998e-02      34.90s       45        
181  6.291e+01    4.134e+05    1.773e+01      1.130e+02    4.394e+04    2.998e-02      33.11s       45        
182  6.345e+01    9.322e+05    1.219e+01      1.130e+02    4.394e+04    2.998e-02      30.66s       45        
183  6.523e+01    2.404e+05    1.248e+01      1.130e+02    4.394e+04    2.998e-02      29.07s       44        
184  6.263e+01    2.553e+06    9.421e+00      1.130e+02    4.394e+04    2.998e-02      33.42s       44        
185  6.365e+01    5.646e+05    1.086e+01      1.130e+02    4.394e+04    2.998e-02      24.43s       45        
186  6.338e+01    1.059e+06    2.606e+01      1.130e+02    4.394e+04    2.998e-02      23.12s       43        
187  6.076e+01    6.082e+05    1.210e+01      1.130e+02    4.394e+04    2.998e-02      20.91s       44        
188  6.084e+01    2.791e+05    1.243e+01      1.130e+02    4.394e+04    2.998e-02      19.52s       45        
189  6.092e+01    1.744e+07    1.316e+01      1.130e+02    4.394e+04    2.998e-02      22.29s       45        
190  6.237e+01    9.646e+05    1.291e+01      1.130e+02    4.394e+04    2.998e-02      16.10s       45        
191  6.083e+01    7.509e+05    2.081e+01      1.130e+02    4.394e+04    2.998e-02      13.89s       44        
192  6.150e+01    3.842e+05    1.138e+01      1.130e+02    4.394e+04    2.998e-02      12.48s       45        
193  6.076e+01    5.568e+05    1.169e+01      1.130e+02    4.394e+04    2.998e-02      10.62s       45        
194  6.141e+01    4.734e+06    1.189e+01      1.130e+02    4.394e+04    2.998e-02      9.06s        45        
195  6.132e+01    3.951e+05    6.961e+00      1.130e+02    4.394e+04    2.998e-02      9.03s        45        
196  5.960e+01    6.284e+05    3.106e+01      1.130e+02    4.394e+04    2.998e-02      5.39s        45        
197  5.673e+01    1.465e+05    1.784e+01      1.130e+02    4.394e+04    2.998e-02      3.49s        45        
198  5.816e+01    4.123e+05    1.018e+01      1.130e+02    4.394e+04    2.998e-02      1.74s        45        
199  5.692e+01    3.981e+05    9.942e+00      1.130e+02    4.394e+04    2.998e-02      0.00s        44        
200  5.863e+01    4.397e+05    1.259e+01      1.130e+02    4.394e+04    2.998e-02      41.96s       45        
201  5.653e+01    2.393e+06    2.052e+01      1.130e+02    4.394e+04    2.998e-02      39.81s       46        
202  6.025e+01    3.094e+05    1.038e+02      1.130e+02    4.394e+04    2.998e-02      39.02s       45        
203  5.793e+01    3.236e+05    4.382e+01      1.130e+02    4.394e+04    2.998e-02      37.22s       42        
204  5.993e+01    5.604e+05    1.606e+01      1.130e+02    4.394e+04    2.998e-02      35.03s       43        
205  6.234e+01    1.353e+06    1.241e+01      1.130e+02    4.394e+04    2.998e-02      32.58s       43        
206  6.264e+01    3.697e+06    1.540e+01      1.130e+02    4.394e+04    2.998e-02      40.33s       43        
207  5.984e+01    3.026e+05    9.731e+00      1.130e+02    4.394e+04    2.998e-02      30.13s       42        
208  5.937e+01    1.074e+06    1.113e+01      1.130e+02    4.394e+04    2.998e-02      27.18s       42        
209  6.098e+01    2.372e+05    1.109e+01      1.130e+02    4.394e+04    2.998e-02      25.66s       42        
210  5.975e+01    5.735e+05    1.425e+01      1.130e+02    4.394e+04    2.998e-02      23.70s       42        
211  5.914e+01    3.233e+05    1.145e+01      1.130e+02    4.394e+04    2.998e-02      21.76s       45        
212  6.655e+01    4.132e+06    8.328e+00      1.130e+02    4.394e+04    2.998e-02      27.34s       45        
213  6.696e+01    6.921e+05    1.184e+01      1.130e+02    4.394e+04    2.998e-02      20.07s       45        
214  6.425e+01    2.782e+06    1.262e+01      1.130e+02    4.394e+04    2.998e-02      17.75s       45        
215  6.574e+01    7.903e+06    1.280e+01      1.130e+02    4.394e+04    2.998e-02      16.54s       45        
216  6.395e+01    2.242e+06    1.077e+01      1.130e+02    4.394e+04    2.998e-02      14.23s       45        
217  6.273e+01    4.567e+05    6.774e+00      1.130e+02    4.394e+04    2.998e-02      12.38s       45        
218  6.652e+01    6.399e+05    1.509e+01      1.130e+02    4.394e+04    2.998e-02      13.83s       44        
219  6.091e+01    1.865e+05    7.493e+00      1.130e+02    4.394e+04    2.998e-02      8.99s        44        
220  6.514e+01    4.405e+05    2.284e+01      1.130e+02    4.394e+04    2.998e-02      7.30s        44        
221  6.191e+01    5.151e+06    4.017e+01      1.130e+02    4.394e+04    2.998e-02      5.32s        45        
222  6.231e+01    3.527e+06    9.126e+00      1.130e+02    4.394e+04    2.998e-02      3.52s        45        
223  6.208e+01    1.062e+06    2.065e+01      1.130e+02    4.394e+04    2.998e-02      1.75s        45        
224  6.237e+01    1.278e+06    1.549e+01      1.130e+02    4.394e+04    2.998e-02      0.00s        45        
225  6.106e+01    6.564e+05    1.933e+01      1.130e+02    4.394e+04    2.998e-02      42.28s       46        
226  6.424e+01    1.094e+07    1.694e+01      1.130e+02    4.394e+04    2.998e-02      41.34s       47        
227  6.305e+01    3.048e+07    1.244e+01      1.130e+02    4.394e+04    2.998e-02      39.54s       47        
228  6.709e+01    4.297e+07    8.744e+00      1.130e+02    4.394e+04    2.998e-02      38.99s       47        
229  6.320e+01    1.263e+06    9.614e+00      1.130e+02    4.394e+04    2.998e-02      47.19s       47        
230  6.808e+01    1.217e+06    3.091e+01      1.130e+02    4.394e+04    2.998e-02      36.02s       47        
231  6.364e+01    4.039e+06    9.370e+00      1.130e+02    4.394e+04    2.998e-02      33.34s       47        
232  6.409e+01    1.395e+06    3.597e+01      1.130e+02    4.394e+04    2.998e-02      30.85s       47        
233  6.220e+01    2.087e+07    7.969e+00      1.130e+02    4.394e+04    2.998e-02      29.21s       47        
234  6.540e+01    2.853e+06    9.483e+00      1.130e+02    4.394e+04    2.998e-02      28.35s       48        
235  6.412e+01    2.672e+06    9.238e+00      1.130e+02    4.394e+04    2.998e-02      26.42s       48        
236  5.952e+01    6.758e+05    1.226e+01      1.130e+02    4.394e+04    2.998e-02      24.10s       48        
237  6.285e+01    1.430e+06    9.037e+00      1.130e+02    4.394e+04    2.998e-02      22.17s       48        
238  6.478e+01    2.173e+07    1.175e+02      1.130e+02    4.394e+04    2.998e-02      20.16s       48        
239  6.228e+01    4.036e+07    1.069e+01      1.130e+02    4.394e+04    2.998e-02      18.13s       48        
240  6.192e+01    2.278e+05    9.725e+00      1.130e+02    4.394e+04    2.998e-02      20.84s       48        
241  6.364e+01    1.963e+05    1.957e+01      1.130e+02    4.394e+04    2.998e-02      14.73s       48        
242  6.170e+01    1.255e+06    1.912e+01      1.130e+02    4.394e+04    2.998e-02      12.55s       48        
243  6.265e+01    2.682e+05    8.862e+00      1.130e+02    4.394e+04    2.998e-02      10.95s       47        
244  6.465e+01    2.862e+08    1.598e+01      1.130e+02    4.394e+04    2.998e-02      9.07s        46        
245  6.458e+01    6.277e+08    1.478e+01      1.130e+02    4.394e+04    2.998e-02      9.35s        46        
246  5.853e+01    1.091e+08    2.904e+01      1.130e+02    4.394e+04    2.998e-02      5.76s        46        
247  6.087e+01    1.123e+06    1.178e+01      1.130e+02    4.394e+04    2.998e-02      3.56s        46        
248  6.259e+01    3.940e+05    1.418e+01      1.130e+02    4.394e+04    2.998e-02      1.79s        48        
249  6.469e+01    4.658e+06    9.872e+00      1.130e+02    4.394e+04    2.998e-02      0.00s        50        
250  6.450e+01    1.530e+06    2.079e+01      1.130e+02    4.394e+04    2.998e-02      56.24s       50        
251  6.589e+01    2.536e+06    1.815e+01      1.130e+02    4.394e+04    2.998e-02      43.60s       51        
252  6.413e+01    1.988e+06    1.726e+01      1.130e+02    4.394e+04    2.998e-02      41.38s       51        
253  6.431e+01    1.030e+07    5.573e+01      1.130e+02    4.394e+04    2.998e-02      37.95s       51        
254  6.736e+01    1.340e+06    8.860e+00      1.130e+02    4.394e+04    2.998e-02      37.65s       51        
255  6.532e+01    3.659e+06    1.050e+01      1.130e+02    4.394e+04    2.998e-02      44.85s       51        
256  6.488e+01    2.602e+06    1.125e+01      1.130e+02    4.394e+04    2.998e-02      34.51s       51        
257  6.427e+01    4.411e+06    8.471e+00      1.130e+02    4.394e+04    2.998e-02      31.77s       52        
258  6.472e+01    4.573e+05    9.253e+00      1.130e+02    4.394e+04    2.998e-02      30.49s       51        
259  6.483e+01    1.346e+07    1.759e+01      1.130e+02    4.394e+04    2.998e-02      28.11s       49        
260  6.113e+01    5.164e+05    1.383e+01      1.130e+02    4.394e+04    2.998e-02      24.84s       49        
261  6.441e+01    7.994e+05    1.321e+01      1.130e+02    4.394e+04    2.998e-02      30.03s       50        
262  6.202e+01    1.125e+06    1.086e+01      1.130e+02    4.394e+04    2.998e-02      21.69s       48        
263  6.362e+01    1.269e+07    1.200e+01      1.130e+02    4.394e+04    2.998e-02      20.05s       48        
264  6.266e+01    9.428e+06    1.132e+01      1.130e+02    4.394e+04    2.998e-02      18.22s       46        
265  6.288e+01    9.194e+05    1.136e+01      1.130e+02    4.394e+04    2.998e-02      16.51s       46        
266  6.170e+01    4.101e+06    1.800e+01      1.130e+02    4.394e+04    2.998e-02      18.19s       47        
267  6.137e+01    2.613e+06    1.295e+01      1.130e+02    4.394e+04    2.998e-02      12.85s       49        
268  6.527e+01    1.124e+07    1.611e+01      1.130e+02    4.394e+04    2.998e-02      10.80s       49        
269  6.312e+01    6.991e+05    1.079e+01      1.130e+02    4.394e+04    2.998e-02      9.19s        48        
270  5.945e+01    5.437e+05    1.565e+01      1.130e+02    4.394e+04    2.998e-02      7.20s        48        
271  5.928e+01    2.833e+05    1.345e+02      1.130e+02    4.394e+04    2.998e-02      6.75s        48        
272  6.032e+01    1.919e+06    2.334e+01      1.130e+02    4.394e+04    2.998e-02      3.52s        48        
273  6.194e+01    8.529e+06    2.219e+01      1.130e+02    4.394e+04    2.998e-02      1.77s        46        
274  6.024e+01    8.510e+05    1.444e+01      1.130e+02    4.394e+04    2.998e-02      0.00s        47        
275  5.825e+01    5.313e+05    2.004e+01      1.130e+02    4.394e+04    2.998e-02      41.52s       47        
276  6.053e+01    2.376e+06    1.869e+01      1.130e+02    4.394e+04    2.998e-02      41.50s       45        
277  5.878e+01    8.614e+06    1.065e+01      1.130e+02    4.394e+04    2.998e-02      50.27s       45        
278  5.991e+01    2.640e+05    1.846e+01      1.130e+02    4.394e+04    2.998e-02      38.98s       46        
279  6.108e+01    2.001e+06    8.306e+00      1.130e+02    4.394e+04    2.998e-02      36.59s       45        
280  5.829e+01    7.523e+07    1.864e+01      1.130e+02    4.394e+04    2.998e-02      34.13s       46        
281  6.115e+01    9.768e+05    4.571e+01      1.130e+02    4.394e+04    2.998e-02      31.80s       47        
282  6.095e+01    2.843e+05    2.921e+01      1.130e+02    4.394e+04    2.998e-02      30.69s       48        
283  6.022e+01    1.403e+06    1.501e+01      1.130e+02    4.394e+04    2.998e-02      36.56s       49        
284  6.130e+01    2.157e+06    1.325e+01      1.130e+02    4.394e+04    2.998e-02      27.54s       49        
285  6.091e+01    6.033e+05    1.575e+01      1.130e+02    4.394e+04    2.998e-02      25.40s       49        
286  5.741e+01    2.489e+05    1.422e+01      1.130e+02    4.394e+04    2.998e-02      22.28s       49        
287  6.051e+01    2.718e+05    1.636e+01      1.130e+02    4.394e+04    2.998e-02      21.03s       49        
288  6.108e+01    8.443e+06    8.911e+00      1.130e+02    4.394e+04    2.998e-02      25.19s       49        
289  5.966e+01    1.894e+07    4.288e+01      1.130e+02    4.394e+04    2.998e-02      18.00s       49        
290  6.034e+01    1.643e+06    6.916e+00      1.130e+02    4.394e+04    2.998e-02      16.16s       49        
291  6.062e+01    1.345e+06    9.309e+00      1.130e+02    4.394e+04    2.998e-02      14.36s       49        
292  6.033e+01    2.363e+06    2.069e+01      1.130e+02    4.394e+04    2.998e-02      12.43s       48        
293  6.382e+01    5.766e+05    1.688e+01      1.130e+02    4.394e+04    2.998e-02      10.73s       48        
294  6.123e+01    2.766e+06    1.528e+01      1.130e+02    4.394e+04    2.998e-02      11.48s       48        
295  6.217e+01    2.819e+06    1.398e+01      1.130e+02    4.394e+04    2.998e-02      7.12s        45        
296  6.129e+01    2.199e+06    1.324e+01      1.130e+02    4.394e+04    2.998e-02      5.53s        45        
297  5.992e+01    5.574e+05    1.754e+01      1.130e+02    4.394e+04    2.998e-02      3.69s        45        
298  5.927e+01    7.800e+05    1.583e+01      1.130e+02    4.394e+04    2.998e-02      1.80s        45        
299  5.837e+01    2.129e+06    9.378e+00      9.500e+01    1.130e+04    2.995e-02      0.00s        40        
300  5.399e+01    4.781e+05    1.531e+01      9.500e+01    1.130e+04    2.995e-02      41.21s       39        
301  5.077e+01    3.440e+05    1.184e+01      9.500e+01    1.130e+04    2.995e-02      37.88s       34        
302  4.802e+01    9.353e+05    8.870e+01      9.500e+01    1.130e+04    2.995e-02      33.44s       33        
303  4.569e+01    2.061e+06    2.854e+01      9.500e+01    1.130e+04    2.995e-02      31.03s       34        
304  4.379e+01    1.639e+05    1.849e+01      9.500e+01    1.130e+04    2.995e-02      29.10s       34        
305  4.380e+01    1.310e+05    2.194e+01      9.500e+01    1.130e+04    2.995e-02      27.65s       34        
306  4.274e+01    5.707e+06    1.514e+02      9.500e+01    1.130e+04    2.995e-02      25.94s       34        
307  4.524e+01    7.052e+08    2.450e+01      9.500e+01    1.130e+04    2.995e-02      33.67s       34        
308  4.415e+01    2.837e+05    1.865e+01      9.500e+01    1.130e+04    2.995e-02      23.04s       34        
309  4.387e+01    2.081e+05    2.027e+01      9.500e+01    1.130e+04    2.995e-02      21.89s       35        
310  4.389e+01    2.403e+04    1.776e+01      9.500e+01    1.130e+04    2.995e-02      20.41s       36        
311  4.728e+01    1.061e+05    2.601e+01      9.500e+01    1.130e+04    2.995e-02      19.04s       36        
312  4.491e+01    7.876e+05    2.123e+01      9.500e+01    1.130e+04    2.995e-02      16.83s       36        
313  4.497e+01    1.403e+06    3.671e+01      9.500e+01    1.130e+04    2.995e-02      15.67s       36        
314  4.686e+01    1.917e+05    2.138e+01      9.500e+01    1.130e+04    2.995e-02      14.82s       36        
315  4.375e+01    6.102e+05    1.806e+01      9.500e+01    1.130e+04    2.995e-02      18.03s       36        
316  4.566e+01    6.241e+06    1.987e+01      9.500e+01    1.130e+04    2.995e-02      12.08s       36        
317  4.613e+01    8.857e+04    2.934e+01      9.500e+01    1.130e+04    2.995e-02      10.29s       36        
318  4.448e+01    2.009e+05    5.325e+01      9.500e+01    1.130e+04    2.995e-02      8.83s        37        
319  4.437e+01    8.242e+04    3.607e+01      9.500e+01    1.130e+04    2.995e-02      7.30s        37        
320  4.609e+01    8.747e+04    1.465e+07      9.500e+01    1.130e+04    2.995e-02      5.96s        38        
321  4.509e+01    6.508e+04    3.495e+01      9.500e+01    1.130e+04    2.995e-02      4.44s        36        
322  4.366e+01    1.065e+05    1.192e+01      9.500e+01    1.130e+04    2.995e-02      2.89s        37        
323  4.259e+01    2.729e+05    2.274e+01      9.500e+01    1.130e+04    2.995e-02      1.91s        35        
324  3.872e+01    3.890e+04    5.304e+02      9.500e+01    1.130e+04    2.995e-02      0.00s        35        
325  3.874e+01    1.450e+04    2.531e+01      9.500e+01    1.130e+04    2.995e-02      32.95s       35        
326  3.957e+01    1.520e+05    1.335e+02      9.500e+01    1.130e+04    2.995e-02      31.25s       35        
327  3.863e+01    5.516e+04    3.578e+01      9.500e+01    1.130e+04    2.995e-02      30.67s       35        
328  3.956e+01    4.844e+04    2.027e+01      9.500e+01    1.130e+04    2.995e-02      29.01s       35        
329  4.027e+01    9.361e+04    1.710e+01      9.500e+01    1.130e+04    2.995e-02      28.07s       35        
330  4.050e+01    2.925e+05    4.201e+01      9.500e+01    1.130e+04    2.995e-02      26.31s       35        
331  4.191e+01    9.709e+04    1.939e+01      9.500e+01    1.130e+04    2.995e-02      25.07s       35        
332  3.882e+01    7.211e+04    6.809e+01      9.500e+01    1.130e+04    2.995e-02      32.67s       35        
333  3.845e+01    2.872e+04    9.430e+01      9.500e+01    1.130e+04    2.995e-02      23.44s       36        
334  3.992e+01    8.566e+04    1.345e+01      9.500e+01    1.130e+04    2.995e-02      20.46s       36        
335  3.965e+01    4.561e+04    1.129e+01      9.500e+01    1.130e+04    2.995e-02      19.49s       36        
336  3.973e+01    8.084e+04    4.845e+01      9.500e+01    1.130e+04    2.995e-02      18.11s       36        
337  4.222e+01    1.911e+05    2.477e+01      9.500e+01    1.130e+04    2.995e-02      16.88s       37        
338  4.166e+01    1.938e+05    3.222e+01      9.500e+01    1.130e+04    2.995e-02      15.82s       37        
339  4.260e+01    1.544e+05    2.774e+01      9.500e+01    1.130e+04    2.995e-02      14.04s       37        
340  4.159e+01    1.009e+05    1.989e+01      9.500e+01    1.130e+04    2.995e-02      12.81s       38        
341  4.173e+01    9.636e+04    2.308e+01      9.500e+01    1.130e+04    2.995e-02      15.49s       39        
342  4.176e+01    7.791e+04    3.572e+01      9.500e+01    1.130e+04    2.995e-02      10.03s       36        
343  4.298e+01    2.866e+04    1.841e+01      9.500e+01    1.130e+04    2.995e-02      8.57s        36        
344  4.327e+01    1.304e+05    1.550e+01      9.500e+01    1.130e+04    2.995e-02      7.32s        36        
345  4.402e+01    3.072e+05    1.247e+01      9.500e+01    1.130e+04    2.995e-02      5.89s        36        
346  4.303e+01    3.627e+05    2.427e+01      9.500e+01    1.130e+04    2.995e-02      4.50s        36        
347  4.440e+01    1.775e+06    2.072e+01      9.500e+01    1.130e+04    2.995e-02      2.92s        36        
348  4.533e+01    1.997e+05    3.800e+01      9.500e+01    1.130e+04    2.995e-02      1.47s        30        
349  4.152e+01    1.421e+05    1.437e+02      9.500e+01    1.130e+04    2.995e-02      0.00s        30        
350  4.144e+01    3.346e+04    1.240e+01      9.500e+01    1.130e+04    2.995e-02      33.22s       29        
351  4.045e+01    3.869e+05    1.397e+01      9.500e+01    1.130e+04    2.995e-02      31.66s       29        
352  3.900e+01    1.533e+04    2.214e+01      9.500e+01    1.130e+04    2.995e-02      29.06s       29        
353  3.844e+01    7.207e+04    2.619e+01      9.500e+01    1.130e+04    2.995e-02      27.17s       29        
354  4.152e+01    9.821e+05    2.224e+01      9.500e+01    1.130e+04    2.995e-02      26.78s       29        
355  4.058e+01    1.554e+05    1.404e+01      9.500e+01    1.130e+04    2.995e-02      26.22s       29        
356  3.976e+01    3.601e+04    1.146e+01      9.500e+01    1.130e+04    2.995e-02      24.54s       29        
357  4.115e+01    1.677e+05    2.758e+01      9.500e+01    1.130e+04    2.995e-02      23.44s       29        
358  4.020e+01    1.997e+05    1.871e+01      9.500e+01    1.130e+04    2.995e-02      21.16s       29        
359  3.941e+01    2.099e+04    2.693e+01      9.500e+01    1.130e+04    2.995e-02      28.05s       28        
360  3.918e+01    2.030e+05    2.653e+01      9.500e+01    1.130e+04    2.995e-02      18.77s       28        
361  3.783e+01    4.943e+04    2.892e+01      9.500e+01    1.130e+04    2.995e-02      17.28s       26        
362  3.887e+01    8.563e+04    3.064e+01      9.500e+01    1.130e+04    2.995e-02      15.50s       26        
363  3.891e+01    2.703e+04    2.213e+01      9.500e+01    1.130e+04    2.995e-02      14.46s       26        
364  3.820e+01    3.171e+04    1.014e+01      9.500e+01    1.130e+04    2.995e-02      13.14s       26        
365  3.727e+01    1.207e+04    3.995e+01      9.500e+01    1.130e+04    2.995e-02      11.64s       26        
366  3.920e+01    4.912e+04    1.791e+01      9.500e+01    1.130e+04    2.995e-02      10.31s       26        
367  4.033e+01    3.951e+04    1.671e+01      9.500e+01    1.130e+04    2.995e-02      9.32s        26        
368  4.120e+01    3.614e+04    2.247e+02      9.500e+01    1.130e+04    2.995e-02      8.14s        26        
369  4.061e+01    7.713e+04    1.244e+01      9.700e+01    1.207e+04    2.994e-02      6.67s        27        
370  4.312e+01    6.435e+05    4.384e+01      9.700e+01    1.207e+04    2.994e-02      7.49s        27        
371  4.217e+01    1.923e+05    1.621e+01      9.700e+01    1.207e+04    2.994e-02      4.08s        27        
372  4.290e+01    9.456e+04    1.084e+01      9.700e+01    1.207e+04    2.994e-02      2.81s        27        
373  4.380e+01    1.411e+05    3.856e+01      9.700e+01    1.207e+04    2.994e-02      1.40s        27        
374  4.174e+01    7.978e+04    1.403e+01      9.700e+01    1.207e+04    2.994e-02      0.00s        27        
375  4.220e+01    4.769e+04    1.663e+01      9.700e+01    1.207e+04    2.994e-02      33.10s       27        
376  4.239e+01    4.255e+04    1.892e+01      9.700e+01    1.207e+04    2.994e-02      31.34s       27        
377  4.145e+01    5.983e+04    1.176e+01      9.700e+01    1.207e+04    2.994e-02      29.75s       27        
378  4.211e+01    9.130e+04    1.401e+01      9.700e+01    1.207e+04    2.994e-02      29.02s       27        
379  4.505e+01    7.885e+04    2.778e+01      9.700e+01    1.207e+04    2.994e-02      28.21s       27        
380  4.291e+01    2.024e+05    1.465e+01      9.700e+01    1.207e+04    2.994e-02      36.21s       27        
381  4.217e+01    1.081e+05    2.360e+01      9.700e+01    1.207e+04    2.994e-02      25.07s       27        
382  4.152e+01    2.442e+04    1.957e+01      9.700e+01    1.207e+04    2.994e-02      23.38s       27        
383  4.126e+01    6.949e+04    1.519e+01      9.700e+01    1.207e+04    2.994e-02      21.79s       27        
384  4.207e+01    3.967e+04    2.770e+01      9.700e+01    1.207e+04    2.994e-02      20.72s       27        
385  4.202e+01    4.472e+04    1.889e+01      9.700e+01    1.207e+04    2.994e-02      19.49s       27        
386  4.191e+01    6.388e+04    2.770e+01      9.700e+01    1.207e+04    2.994e-02      18.13s       27        
387  4.088e+01    4.739e+04    1.139e+01      1.070e+02    3.268e+04    2.992e-02      16.87s       28        
388  4.490e+01    4.009e+04    2.049e+01      1.070e+02    3.268e+04    2.992e-02      15.31s       28        
389  4.598e+01    8.899e+04    1.041e+01      1.070e+02    3.268e+04    2.992e-02      14.19s       28        
390  4.343e+01    1.905e+06    1.007e+01      1.070e+02    3.268e+04    2.992e-02      17.26s       28        
391  4.543e+01    5.157e+05    3.299e+01      1.070e+02    3.268e+04    2.992e-02      11.41s       28        
392  4.962e+01    4.094e+05    1.553e+01      1.070e+02    3.268e+04    2.992e-02      9.78s        28        
393  4.603e+01    2.131e+05    1.318e+01      1.070e+02    3.268e+04    2.992e-02      8.62s        28        
394  4.427e+01    5.335e+05    8.029e+01      1.070e+02    3.268e+04    2.992e-02      7.02s        28        
395  4.548e+01    2.813e+05    1.886e+01      1.070e+02    3.268e+04    2.992e-02      5.68s        29        
396  4.680e+01    1.262e+05    1.821e+01      1.070e+02    3.268e+04    2.992e-02      4.29s        29        
397  4.413e+01    3.902e+05    4.037e+01      1.070e+02    3.268e+04    2.992e-02      2.79s        29        
398  4.644e+01    2.204e+06    1.668e+01      1.070e+02    3.268e+04    2.992e-02      1.40s        29        
399  4.660e+01    3.310e+05    1.590e+01      1.070e+02    3.268e+04    2.992e-02      0.00s        29        
400  4.839e+01    1.331e+05    2.011e+01      1.070e+02    3.268e+04    2.992e-02      47.71s       29        
401  4.457e+01    9.822e+04    2.289e+01      1.070e+02    3.268e+04    2.992e-02      34.29s       29        
402  4.576e+01    5.640e+05    5.810e+02      1.070e+02    3.268e+04    2.992e-02      30.77s       29        
403  4.719e+01    1.225e+05    1.598e+02      1.070e+02    3.268e+04    2.992e-02      29.63s       29        
404  4.410e+01    2.968e+05    1.026e+01      1.070e+02    3.268e+04    2.992e-02      28.81s       29        
405  4.621e+01    1.390e+05    1.682e+01      1.070e+02    3.268e+04    2.992e-02      27.97s       29        
406  4.747e+01    3.209e+05    1.335e+01      1.070e+02    3.268e+04    2.992e-02      26.74s       30        
407  5.041e+01    1.856e+07    1.905e+01      1.070e+02    3.268e+04    2.992e-02      24.74s       30        
408  4.662e+01    5.552e+04    1.917e+01      1.070e+02    3.268e+04    2.992e-02      23.01s       30        
409  4.680e+01    9.199e+04    2.514e+01      1.070e+02    3.268e+04    2.992e-02      29.81s       30        
410  4.738e+01    7.644e+04    3.592e+01      1.070e+02    3.268e+04    2.992e-02      20.26s       30        
411  4.782e+01    7.923e+05    2.840e+01      1.430e+02    7.159e+05    2.991e-02      19.02s       31        
412  5.157e+01    4.538e+05    1.689e+01      1.430e+02    7.159e+05    2.991e-02      18.40s       30        
413  5.558e+01    2.300e+06    2.506e+01      1.430e+02    7.159e+05    2.991e-02      16.72s       30        
414  5.422e+01    4.312e+05    1.543e+01      1.430e+02    7.159e+05    2.991e-02      15.09s       30        
415  5.493e+01    1.091e+07    2.500e+01      1.290e+02    2.736e+05    2.990e-02      13.84s       31        
416  5.471e+01    1.539e+07    1.819e+01      1.290e+02    2.736e+05    2.990e-02      12.09s       31        
417  5.501e+01    1.762e+08    1.543e+01      1.290e+02    2.736e+05    2.990e-02      10.70s       31        
418  5.756e+01    9.079e+08    2.552e+01      1.290e+02    1.998e+05    2.989e-02      12.40s       31        
419  5.459e+01    4.211e+09    3.060e+02      1.290e+02    1.998e+05    2.989e-02      8.11s        32        
420  5.694e+01    1.340e+07    2.770e+01      1.290e+02    1.998e+05    2.989e-02      6.24s        32        
421  5.929e+01    7.854e+06    1.336e+02      1.090e+02    4.446e+04    2.984e-02      4.74s        30        
422  5.828e+01    2.818e+07    1.474e+01      1.090e+02    4.446e+04    2.984e-02      3.15s        30        
423  5.194e+01    1.340e+05    2.345e+01      1.090e+02    4.446e+04    2.984e-02      1.51s        30        
424  5.090e+01    7.417e+05    1.566e+01      1.090e+02    4.446e+04    2.984e-02      0.00s        30        
425  5.070e+01    7.621e+04    1.664e+01      1.090e+02    4.446e+04    2.984e-02      35.87s       30        
426  5.105e+01    1.458e+05    1.470e+07      1.090e+02    4.446e+04    2.984e-02      34.34s       30        
427  4.966e+01    3.609e+05    1.145e+01      1.090e+02    4.446e+04    2.984e-02      44.63s       30        
428  5.030e+01    4.842e+05    9.912e+00      1.090e+02    4.446e+04    2.984e-02      30.62s       30        
429  4.976e+01    1.516e+05    1.906e+01      1.090e+02    4.446e+04    2.984e-02      28.91s       31        
430  5.403e+01    2.292e+05    1.338e+01      1.090e+02    4.446e+04    2.984e-02      30.15s       31        
431  5.391e+01    7.036e+05    1.687e+01      1.090e+02    4.446e+04    2.984e-02      27.73s       31        
432  5.506e+01    6.505e+05    4.188e+01      1.090e+02    4.446e+04    2.984e-02      26.60s       31        
433  5.105e+01    6.464e+05    2.230e+01      9.900e+01    2.455e+04    2.977e-02      24.61s       29        
434  4.816e+01    7.341e+04    1.364e+01      9.900e+01    2.455e+04    2.977e-02      22.21s       30        
435  5.031e+01    1.115e+05    1.171e+01      9.900e+01    2.455e+04    2.977e-02      28.73s       30        
436  5.125e+01    9.091e+04    1.180e+01      9.900e+01    2.455e+04    2.977e-02      20.24s       31        
437  5.141e+01    5.342e+04    3.439e+01      9.900e+01    2.455e+04    2.977e-02      18.01s       31        
438  5.280e+01    1.397e+05    1.697e+01      9.900e+01    2.455e+04    2.977e-02      16.64s       32        
439  5.583e+01    2.130e+05    1.795e+01      9.900e+01    2.455e+04    2.977e-02      15.96s       32        
440  5.155e+01    6.141e+05    3.115e+02      9.900e+01    2.455e+04    2.977e-02      13.73s       32        
441  5.005e+01    1.034e+05    1.195e+01      9.900e+01    2.455e+04    2.977e-02      12.18s       32        
442  5.234e+01    7.138e+04    1.702e+01      9.900e+01    2.455e+04    2.977e-02      10.70s       32        
443  5.265e+01    6.969e+05    2.072e+01      9.900e+01    2.455e+04    2.977e-02      9.04s        32        
444  5.306e+01    9.018e+04    2.181e+01      9.900e+01    2.455e+04    2.977e-02      10.39s       32        
445  5.192e+01    4.135e+05    3.553e+01      9.900e+01    2.455e+04    2.977e-02      6.13s        32        
446  4.850e+01    2.247e+05    1.073e+01      9.900e+01    2.455e+04    2.977e-02      4.48s        32        
447  5.281e+01    6.099e+05    1.256e+01      9.900e+01    2.455e+04    2.977e-02      3.07s        32        
448  5.128e+01    2.798e+05    1.217e+01      9.900e+01    2.455e+04    2.977e-02      1.53s        32        
449  5.175e+01    3.527e+06    1.363e+02      9.900e+01    2.455e+04    2.977e-02      0.00s        32        
450  5.279e+01    2.177e+05    1.519e+01      9.900e+01    2.455e+04    2.977e-02      37.94s       32        
451  4.978e+01    1.198e+05    3.821e+02      9.900e+01    2.455e+04    2.977e-02      34.82s       32        
452  5.167e+01    3.121e+05    1.029e+01      9.900e+01    2.455e+04    2.977e-02      37.85s       32        
453  5.370e+01    1.663e+05    2.138e+01      9.900e+01    2.455e+04    2.977e-02      32.22s       33        
454  5.264e+01    1.838e+05    1.685e+01      9.900e+01    2.455e+04    2.977e-02      30.58s       33        
455  5.405e+01    1.511e+06    1.575e+01      9.900e+01    2.455e+04    2.977e-02      29.37s       34        
456  5.385e+01    2.412e+05    1.819e+01      9.900e+01    2.455e+04    2.977e-02      28.67s       34        
457  5.084e+01    2.778e+05    1.427e+01      9.900e+01    2.455e+04    2.977e-02      26.09s       31        
458  4.668e+01    3.124e+05    1.679e+01      9.900e+01    2.455e+04    2.977e-02      24.59s       30        
459  4.375e+01    5.816e+06    6.568e+01      9.900e+01    2.455e+04    2.977e-02      21.50s       30        
460  4.342e+01    2.895e+05    2.003e+01      9.900e+01    2.455e+04    2.977e-02      19.66s       30        
461  4.404e+01    1.804e+05    1.366e+01      9.900e+01    2.455e+04    2.977e-02      25.21s       30        
462  4.010e+01    1.367e+05    3.799e+01      9.900e+01    2.455e+04    2.977e-02      16.47s       30        
463  4.191e+01    1.402e+05    2.219e+01      9.900e+01    2.455e+04    2.977e-02      15.18s       31        
464  4.415e+01    8.165e+04    1.252e+01      9.900e+01    2.455e+04    2.977e-02      13.92s       31        
465  4.415e+01    4.415e+04    3.264e+02      9.900e+01    2.455e+04    2.977e-02      12.39s       33        
466  4.565e+01    1.354e+05    1.960e+01      9.900e+01    2.455e+04    2.977e-02      11.29s       34        
467  4.501e+01    7.964e+04    2.143e+01      9.900e+01    2.455e+04    2.977e-02      9.88s        34        
468  4.699e+01    7.122e+04    1.436e+01      9.900e+01    2.455e+04    2.977e-02      8.67s        34        
469  4.635e+01    1.004e+05    4.795e+01      9.900e+01    2.455e+04    2.977e-02      7.25s        36        
470  4.622e+01    7.384e+04    1.721e+01      9.900e+01    2.455e+04    2.977e-02      6.62s        36        
471  4.833e+01    5.523e+04    1.193e+01      9.900e+01    2.455e+04    2.977e-02      4.45s        36        
472  4.996e+01    1.107e+05    8.026e+00      9.900e+01    2.455e+04    2.977e-02      3.06s        36        
473  5.003e+01    1.052e+05    4.124e+01      9.900e+01    2.455e+04    2.977e-02      1.51s        36        
474  4.703e+01    1.020e+05    3.165e+02      9.900e+01    2.455e+04    2.977e-02      0.00s        36        
475  4.918e+01    1.301e+05    1.343e+01      9.900e+01    2.455e+04    2.977e-02      35.25s       36        
476  4.731e+01    9.042e+05    3.228e+02      9.900e+01    2.455e+04    2.977e-02      33.48s       36        
477  4.685e+01    6.595e+04    6.873e+02      9.900e+01    2.455e+04    2.977e-02      31.88s       36        
478  4.731e+01    4.838e+04    1.067e+01      9.900e+01    2.455e+04    2.977e-02      30.45s       36        
479  4.926e+01    1.990e+05    2.262e+01      1.010e+02    3.428e+04    2.974e-02      40.41s       37        
480  5.027e+01    1.325e+05    2.828e+01      1.010e+02    3.428e+04    2.974e-02      28.16s       37        
481  4.997e+01    5.198e+04    1.682e+01      1.010e+02    3.428e+04    2.974e-02      27.21s       37        
482  5.122e+01    2.070e+05    3.226e+02      1.010e+02    3.428e+04    2.974e-02      25.26s       37        
483  5.212e+01    2.531e+05    2.778e+01      1.010e+02    3.428e+04    2.974e-02      23.99s       37        
484  5.288e+01    2.867e+05    2.263e+01      1.010e+02    3.428e+04    2.974e-02      23.25s       38        
485  5.169e+01    8.436e+04    2.817e+01      1.010e+02    3.428e+04    2.974e-02      21.87s       38        
486  5.189e+01    7.380e+04    2.161e+01      1.010e+02    3.428e+04    2.974e-02      20.53s       38        
487  5.089e+01    1.651e+05    9.669e+00      1.010e+02    3.428e+04    2.974e-02      25.75s       39        
488  5.341e+01    6.020e+05    3.509e+01      1.010e+02    3.428e+04    2.974e-02      17.50s       39        
489  5.167e+01    2.816e+05    3.626e+02      1.010e+02    3.428e+04    2.974e-02      15.61s       39        
490  5.194e+01    8.934e+05    6.753e+02      1.010e+02    3.428e+04    2.974e-02      14.17s       39        
491  5.404e+01    4.913e+05    6.563e+02      1.010e+02    3.428e+04    2.974e-02      12.81s       38        
492  5.108e+01    2.084e+05    1.867e+01      1.010e+02    3.428e+04    2.974e-02      11.06s       38        
493  5.428e+01    5.915e+05    1.100e+01      1.010e+02    3.428e+04    2.974e-02      9.67s        39        
494  5.475e+01    1.466e+05    3.906e+01      1.010e+02    3.428e+04    2.974e-02      7.74s        39        
495  5.342e+01    1.216e+05    3.163e+02      1.010e+02    3.428e+04    2.974e-02      8.48s        39        
496  5.309e+01    3.498e+05    1.328e+01      1.010e+02    3.428e+04    2.974e-02      4.87s        39        
497  5.164e+01    1.601e+06    3.541e+01      1.010e+02    3.428e+04    2.974e-02      3.18s        38        
498  5.229e+01    5.834e+05    1.002e+01      1.010e+02    3.428e+04    2.974e-02      1.59s        38        
499  5.466e+01    6.729e+04    6.261e+02      1.010e+02    3.428e+04    2.974e-02      0.00s        38        





Time: 0h:13m:46s
####   Data for the best program   ####
Best Program: div(add(0.911, X1), add(mul(0.406, X1), add(mul(0.406, sub(X1, sub(1.860, div(add(0.911, X1), add(mul(sub(X1, sub(sub(1.860, add(sub(1.860, sub(add(X2, add(X2, 1.709)), add(sub(1.860, add(X2, add(0.911, X1))), X1))), X1)), 0.406)), X1), add(mul(0.406, sub(X1, sub(1.709, sub(1.860, add(div(sub(1.860, sub(add(X2, add(X2, 1.709)), add(sub(1.709, add(X2, add(X2, add(X2, add(X2, 0.406))))), X1))), add(mul(0.406, sub(mul(0.406, X1), sub(1.860, sub(X2, 0.406)))), add(X2, 1.709))), X1))))), add(X2, 1.709))))))), add(X2, 1.709))))
Best Program Complexity: 34280
Raw Fitness: 0.02974266008103822
Penalized Fitness: 0.02974266008103822
Estimator		Train-rmse: 0.02974266008103822	Test-rmse: 0.03075787261240695	Test-R^2: 0.9042640853018326

{'complexity': 'kommenda', 'const_range': (1e-10, 2.0), 'elitism_size': 0, 'function_set': ('add', 'sub', 'div', 'mul'), 'generations': 500, 'init_depth': (3, 6), 'init_method': 'half and half', 'low_memory': True, 'max_samples': 1.0, 'metric': 'rmse', 'n_jobs': 2, 'p_crossover': 1.0, 'p_hoist_mutation': 0.0, 'p_point_mutation': 0.0, 'p_point_replace': 0.05, 'p_subtree_mutation': 0.0, 'paretogp': True, 'paretogp_lengths': (5, 160), 'parsimony_coefficient': 0.0, 'population_size': 800, 'random_state': 618304129, 'selection': 'tournament', 'stopping_criteria': 1e-10, 'tournament_size': 11, 'verbose': 1, 'warm_start': True}
