    |          Population Average          |           Best Individual            |
---- -------------------------------------- -------------------------------------- ----------
Gen  Length       Kommenda     Fitness        Length       Kommenda     Fitness        Time Left    Front Size
0    3.559e+01    5.007e+14    1.273e+09      7.000e+00    2.200e+01    1.324e-01      7.97s        0         
1    8.160e+00    7.238e+05    2.376e+03      3.000e+00    4.000e+00    1.063e-01      1.22m        0         
2    4.732e+00    1.252e+05    1.205e+07      1.000e+00    1.000e+00    9.715e-02      33.91s       0         
3    5.240e+00    2.545e+03    1.330e+05      1.000e+00    1.000e+00    9.715e-02      50.08s       0         
4    4.400e+00    1.259e+05    1.096e+04      1.000e+00    1.000e+00    9.715e-02      1.34m        0         
5    6.045e+00    8.186e+03    2.972e+05      7.000e+00    1.000e+01    6.845e-02      50.07s       0         
6    7.835e+00    1.233e+06    1.105e+04      7.000e+00    1.600e+01    6.154e-02      47.30s       0         
7    6.995e+00    2.904e+02    2.714e+04      1.500e+01    1.660e+02    5.914e-02      53.56s       0         
8    9.318e+00    1.274e+03    5.284e+02      1.300e+01    1.060e+02    5.077e-02      41.32s       0         
9    1.015e+01    2.679e+11    1.085e+05      1.500e+01    1.660e+02    4.817e-02      46.91s       0         
10   1.267e+01    4.904e+03    2.588e+03      1.500e+01    1.660e+02    4.817e-02      35.15s       0         
11   1.524e+01    3.568e+04    1.739e+03      2.300e+01    5.560e+02    4.553e-02      33.34s       0         
12   1.724e+01    2.314e+08    1.462e+03      1.900e+01    2.176e+03    4.496e-02      26.85s       0         
13   1.851e+01    7.882e+08    4.537e+03      1.500e+01    4.360e+02    4.331e-02      24.25s       0         
14   1.972e+01    6.869e+05    3.244e+03      1.500e+01    4.360e+02    4.331e-02      22.29s       0         
15   2.061e+01    6.854e+06    1.386e+02      1.300e+01    1.420e+02    4.230e-02      23.88s       0         
16   2.192e+01    1.050e+07    2.025e+04      2.700e+01    2.648e+04    4.071e-02      18.34s       0         
17   2.329e+01    2.585e+09    5.619e+02      2.500e+01    1.106e+03    3.226e-02      16.87s       0         
18   2.605e+01    4.002e+07    1.905e+03      2.500e+01    1.106e+03    3.226e-02      12.93s       0         
19   2.624e+01    2.062e+09    4.395e+02      3.100e+01    6.106e+03    3.226e-02      12.40s       0         
20   2.770e+01    3.504e+06    1.532e+04      2.500e+01    7.060e+02    2.540e-02      8.75s        0         
21   2.629e+01    1.128e+08    2.944e+02      2.500e+01    7.210e+02    2.523e-02      6.27s        0         
22   2.582e+01    1.405e+08    2.078e+04      2.500e+01    7.210e+02    2.523e-02      4.84s        0         
23   2.543e+01    4.624e+04    5.898e+01      2.500e+01    7.210e+02    2.523e-02      2.78s        0         
24   2.607e+01    2.493e+04    1.589e+02      3.900e+01    8.010e+02    2.125e-02      0.00s        0         
25   3.424e+01    8.262e+07    5.867e+02      2.900e+01    4.010e+02    1.865e-02      59.30s       0         
26   3.567e+01    4.707e+06    1.829e+03      3.900e+01    1.541e+03    1.751e-02      1.12m        0         
27   3.415e+01    2.497e+06    9.221e+02      3.700e+01    4.260e+02    1.751e-02      1.21m        0         
28   3.420e+01    1.075e+16    1.331e+02      3.700e+01    4.260e+02    1.751e-02      1.12m        0         
29   3.137e+01    1.041e+07    5.118e+03      3.700e+01    4.260e+02    1.751e-02      1.10m        0         
30   2.843e+01    5.411e+03    2.681e+05      3.700e+01    4.260e+02    1.751e-02      1.15m        0         
31   2.807e+01    7.706e+06    2.146e+03      3.700e+01    4.260e+02    1.751e-02      1.09m        0         
32   2.881e+01    4.833e+06    4.881e+02      3.700e+01    4.260e+02    1.751e-02      1.10m        0         
33   2.832e+01    4.500e+05    6.003e+03      5.100e+01    2.481e+03    1.699e-02      1.01m        0         
34   2.839e+01    6.037e+06    1.681e+03      3.700e+01    4.260e+02    1.751e-02      1.12m        0         
35   2.909e+01    5.285e+09    6.436e+01      3.700e+01    4.260e+02    1.751e-02      58.93s       0         
36   2.858e+01    2.671e+05    2.925e+05      4.700e+01    2.381e+03    1.688e-02      47.17s       0         
37   2.953e+01    6.476e+06    1.842e+02      4.700e+01    2.731e+03    1.654e-02      53.80s       0         
38   2.923e+01    2.264e+04    4.268e+05      3.100e+01    8.760e+02    1.548e-02      44.06s       0         
39   3.162e+01    2.149e+05    2.133e+03      3.100e+01    8.760e+02    1.548e-02      38.05s       0         
40   3.050e+01    1.400e+07    2.209e+03      3.100e+01    8.760e+02    1.548e-02      35.25s       0         
41   3.002e+01    4.980e+07    4.776e+02      2.700e+01    4.210e+02    1.548e-02      34.01s       0         
42   3.062e+01    5.406e+03    6.429e+03      2.700e+01    4.210e+02    1.548e-02      30.06s       0         
43   3.088e+01    2.742e+05    2.813e+02      3.500e+01    6.460e+02    1.491e-02      26.94s       0         
44   3.106e+01    4.221e+04    7.436e+02      3.500e+01    6.460e+02    1.491e-02      22.54s       0         
45   3.299e+01    1.663e+05    5.212e+01      3.500e+01    6.460e+02    1.491e-02      16.56s       0         
46   3.310e+01    4.216e+07    4.283e+02      3.500e+01    6.210e+02    1.346e-02      13.15s       0         
47   3.370e+01    1.016e+14    1.096e+03      3.500e+01    6.210e+02    1.346e-02      8.42s        0         
48   3.643e+01    9.683e+15    5.945e+02      3.500e+01    6.210e+02    1.346e-02      4.20s        0         
49   3.694e+01    7.403e+05    1.202e+04      5.900e+01    1.255e+04    1.334e-02      0.00s        0         
50   3.663e+01    3.344e+08    1.031e+02      5.900e+01    1.255e+04    1.334e-02      1.76m        0         
51   3.771e+01    1.496e+09    1.761e+03      5.900e+01    1.255e+04    1.334e-02      1.67m        0         
52   4.197e+01    3.235e+05    1.263e+02      7.100e+01    1.473e+05    1.311e-02      1.66m        0         
53   4.065e+01    1.115e+05    1.898e+02      3.700e+01    6.710e+02    1.323e-02      1.30m        0         
54   4.324e+01    3.503e+10    1.964e+01      3.700e+01    6.710e+02    1.323e-02      1.36m        0         
55   4.037e+01    6.197e+06    1.303e+03      3.700e+01    6.710e+02    1.323e-02      1.22m        0         
56   4.287e+01    1.559e+06    2.999e+03      3.700e+01    6.710e+02    1.323e-02      1.14m        0         
57   3.922e+01    6.602e+11    4.239e+01      3.700e+01    6.710e+02    1.323e-02      1.15m        0         
58   3.899e+01    4.908e+05    2.566e+04      6.900e+01    3.105e+04    1.169e-02      1.10m        0         
59   3.923e+01    4.371e+07    2.958e+03      3.700e+01    6.710e+02    1.323e-02      1.03m        0         
60   4.160e+01    6.849e+06    2.917e+02      6.900e+01    3.963e+04    1.272e-02      56.43s       0         
61   3.940e+01    4.860e+05    7.405e+03      3.700e+01    6.710e+02    1.323e-02      52.11s       0         
62   3.924e+01    6.381e+06    4.284e+03      3.700e+01    6.710e+02    1.323e-02      50.31s       0         
63   3.544e+01    5.187e+09    3.012e+03      3.700e+01    6.710e+02    1.323e-02      41.42s       0         
64   3.614e+01    8.634e+06    2.775e+02      3.700e+01    6.710e+02    1.323e-02      40.10s       0         
65   3.808e+01    1.684e+06    5.078e+04      3.700e+01    6.710e+02    1.323e-02      33.94s       0         
66   3.756e+01    4.453e+05    1.017e+08      3.700e+01    6.710e+02    1.323e-02      31.57s       0         
67   3.883e+01    3.589e+05    1.938e+02      3.700e+01    6.710e+02    1.323e-02      26.18s       0         
68   3.679e+01    1.237e+11    8.441e+01      3.700e+01    6.710e+02    1.301e-02      26.19s       0         
69   3.794e+01    4.079e+05    1.416e+02      3.700e+01    6.710e+02    1.301e-02      19.45s       0         
70   3.723e+01    3.358e+12    3.153e+01      3.700e+01    6.710e+02    1.301e-02      16.02s       0         
71   3.733e+01    2.742e+05    1.848e+05      3.700e+01    6.710e+02    1.301e-02      11.60s       0         
72   3.715e+01    1.328e+13    5.591e+04      3.700e+01    6.710e+02    1.301e-02      8.04s        0         
73   3.709e+01    6.966e+05    1.858e+04      3.700e+01    6.710e+02    1.301e-02      4.11s        0         
74   3.668e+01    1.185e+07    1.375e+02      3.700e+01    6.710e+02    1.301e-02      0.00s        0         
75   3.691e+01    1.873e+09    2.312e+05      3.700e+01    6.710e+02    1.301e-02      1.80m        0         
76   3.744e+01    1.217e+10    1.531e+04      3.700e+01    6.710e+02    1.301e-02      1.56m        0         
77   3.798e+01    2.971e+10    1.182e+03      3.700e+01    6.710e+02    1.301e-02      1.49m        0         
78   3.605e+01    1.397e+06    4.323e+02      3.700e+01    6.710e+02    1.301e-02      1.35m        0         
79   3.610e+01    1.982e+05    1.367e+10      3.700e+01    6.710e+02    1.301e-02      1.41m        0         
80   3.592e+01    6.156e+07    1.282e+04      3.700e+01    6.710e+02    1.301e-02      1.23m        0         
81   3.627e+01    1.003e+05    2.249e+02      3.700e+01    6.710e+02    1.301e-02      1.27m        0         
82   3.961e+01    3.289e+11    4.506e+04      3.700e+01    6.710e+02    1.301e-02      1.11m        0         
83   3.750e+01    1.580e+07    1.087e+03      3.700e+01    6.710e+02    1.301e-02      59.78s       0         
84   3.903e+01    5.059e+05    5.248e+01      3.700e+01    6.710e+02    1.301e-02      59.53s       0         
85   4.138e+01    3.382e+08    2.069e+01      3.700e+01    6.710e+02    1.301e-02      57.48s       0         
86   3.808e+01    1.109e+07    9.402e+03      3.700e+01    6.710e+02    1.301e-02      53.06s       0         
87   3.770e+01    3.998e+07    1.164e+02      3.700e+01    6.710e+02    1.301e-02      46.48s       0         
88   3.878e+01    3.687e+06    4.891e+04      3.700e+01    6.710e+02    1.301e-02      45.44s       0         
89   4.126e+01    4.864e+08    2.857e+02      3.700e+01    6.710e+02    1.301e-02      42.12s       0         
90   4.308e+01    1.913e+08    5.818e+03      3.700e+01    6.710e+02    1.301e-02      37.96s       0         
91   3.999e+01    1.412e+07    7.006e+03      3.700e+01    6.710e+02    1.301e-02      30.46s       0         
92   3.984e+01    1.269e+06    8.217e+01      3.700e+01    6.710e+02    1.301e-02      27.52s       0         
93   4.144e+01    3.001e+09    3.601e+04      3.700e+01    6.710e+02    1.301e-02      25.42s       0         
94   3.952e+01    3.198e+06    2.991e+02      3.700e+01    6.710e+02    1.301e-02      20.12s       0         
95   3.917e+01    2.485e+07    1.985e+02      3.700e+01    6.710e+02    1.301e-02      16.36s       0         
96   4.017e+01    4.857e+04    1.382e+03      3.700e+01    6.710e+02    1.301e-02      10.95s       0         
97   4.163e+01    8.691e+09    9.487e+01      3.700e+01    6.710e+02    1.301e-02      8.06s        0         
98   4.046e+01    1.323e+07    1.333e+04      3.700e+01    6.710e+02    1.301e-02      3.86s        0         
99   4.015e+01    1.907e+06    2.997e+04      3.700e+01    6.710e+02    1.301e-02      0.00s        0         
100  3.797e+01    2.692e+05    3.857e+02      3.700e+01    6.710e+02    1.301e-02      1.54m        0         
101  3.771e+01    1.860e+06    8.902e+03      3.700e+01    6.710e+02    1.301e-02      1.59m        0         
102  3.945e+01    1.413e+06    1.882e+04      3.700e+01    6.710e+02    1.301e-02      1.49m        0         
103  4.102e+01    3.804e+08    1.051e+02      3.700e+01    6.710e+02    1.301e-02      1.38m        0         
104  3.859e+01    2.366e+07    5.938e+02      3.300e+01    5.960e+02    1.328e-02      1.34m        0         
105  3.894e+01    6.681e+05    2.477e+02      3.700e+01    6.960e+02    1.318e-02      1.25m        0         
106  4.056e+01    5.991e+05    1.126e+02      3.100e+01    5.410e+02    1.337e-02      1.23m        0         
107  3.774e+01    7.163e+10    5.138e+01      3.100e+01    5.410e+02    1.337e-02      1.02m        0         
108  4.193e+01    2.311e+13    2.438e+04      3.100e+01    5.410e+02    1.337e-02      1.15m        0         
109  3.581e+01    7.566e+06    1.022e+09      3.100e+01    5.410e+02    1.337e-02      54.64s       0         
110  3.678e+01    2.345e+09    1.264e+04      3.100e+01    5.410e+02    1.337e-02      1.11m        0         
111  3.655e+01    1.128e+09    7.694e+01      3.100e+01    5.410e+02    1.337e-02      59.70s       0         
112  3.763e+01    2.208e+06    9.867e+01      3.100e+01    5.410e+02    1.337e-02      49.31s       0         
113  3.677e+01    2.454e+04    4.169e+01      3.100e+01    5.410e+02    1.337e-02      46.87s       0         
114  3.709e+01    5.177e+12    9.414e+01      3.100e+01    5.410e+02    1.337e-02      39.71s       0         
115  3.888e+01    9.505e+06    3.265e+04      3.100e+01    5.410e+02    1.337e-02      39.13s       0         
116  3.708e+01    1.875e+08    1.003e+05      3.100e+01    5.410e+02    1.337e-02      30.52s       0         
117  3.478e+01    9.107e+10    3.506e+01      3.100e+01    5.410e+02    1.337e-02      27.48s       0         
118  3.591e+01    5.502e+04    1.264e+02      3.100e+01    5.410e+02    1.337e-02      24.15s       0         
119  3.560e+01    3.101e+07    1.081e+08      3.100e+01    5.410e+02    1.337e-02      19.65s       0         
120  3.412e+01    2.027e+10    1.702e+02      3.100e+01    5.410e+02    1.337e-02      16.13s       0         
121  3.741e+01    1.806e+06    2.059e+02      3.100e+01    5.410e+02    1.337e-02      12.50s       0         
122  3.614e+01    2.969e+04    1.449e+04      3.100e+01    5.410e+02    1.337e-02      7.58s        0         
123  3.791e+01    1.654e+06    3.562e+03      3.100e+01    5.410e+02    1.337e-02      4.10s        0         
124  3.663e+01    3.501e+05    1.119e+03      3.100e+01    5.410e+02    1.337e-02      0.00s        0         
125  3.487e+01    1.174e+11    1.026e+04      3.100e+01    5.410e+02    1.337e-02      1.53m        0         
126  3.547e+01    5.512e+04    5.303e+03      3.100e+01    5.410e+02    1.337e-02      1.54m        0         
127  3.516e+01    1.190e+07    2.021e+01      3.900e+01    1.506e+03    1.332e-02      1.44m        0         
128  3.556e+01    2.679e+11    1.876e+03      3.900e+01    1.506e+03    1.332e-02      1.34m        0         
129  3.539e+01    1.972e+05    2.904e+02      3.100e+01    5.410e+02    1.337e-02      1.33m        0         
130  3.622e+01    7.758e+05    6.182e+01      3.100e+01    5.410e+02    1.337e-02      1.23m        0         
131  3.492e+01    6.695e+10    8.655e+04      3.100e+01    5.410e+02    1.337e-02      1.18m        0         
132  3.514e+01    3.370e+10    1.166e+03      3.100e+01    5.410e+02    1.337e-02      1.16m        0         
133  3.347e+01    2.375e+07    2.263e+04      3.100e+01    5.410e+02    1.337e-02      59.82s       0         
134  3.372e+01    6.007e+06    2.829e+01      3.100e+01    5.410e+02    1.337e-02      59.51s       0         
135  3.490e+01    8.351e+04    4.413e+01      3.100e+01    5.410e+02    1.337e-02      55.08s       0         
136  3.235e+01    9.918e+14    9.259e+01      3.100e+01    5.410e+02    1.337e-02      50.05s       0         
137  3.353e+01    7.529e+03    3.924e+03      3.100e+01    5.410e+02    1.337e-02      46.70s       0         
138  3.545e+01    2.000e+05    8.759e+05      3.100e+01    5.410e+02    1.337e-02      43.72s       0         
139  3.668e+01    2.263e+04    8.840e+01      8.900e+01    2.335e+04    1.329e-02      38.11s       0         
140  3.767e+01    6.136e+05    6.464e+05      3.100e+01    5.410e+02    1.337e-02      39.80s       0         
141  3.555e+01    2.671e+08    4.254e+01      3.100e+01    5.410e+02    1.337e-02      31.26s       0         
142  3.625e+01    5.607e+08    2.061e+05      2.700e+01    5.210e+02    1.315e-02      27.56s       0         
143  3.466e+01    1.805e+05    4.140e+03      2.700e+01    5.210e+02    1.315e-02      23.83s       0         
144  3.520e+01    3.676e+05    2.497e+02      2.700e+01    5.210e+02    1.315e-02      19.74s       0         
145  3.670e+01    3.422e+06    7.566e+04      2.700e+01    5.210e+02    1.315e-02      16.03s       0         
146  3.907e+01    5.887e+06    1.333e+01      2.700e+01    5.210e+02    1.315e-02      12.13s       0         
147  3.493e+01    6.305e+04    2.169e+02      2.700e+01    5.210e+02    1.315e-02      7.45s        0         
148  3.619e+01    2.299e+14    6.053e+05      2.700e+01    5.210e+02    1.315e-02      3.78s        0         
149  3.443e+01    5.824e+05    8.938e+06      2.700e+01    5.210e+02    1.315e-02      0.00s        0         
150  3.598e+01    3.354e+04    6.158e+01      2.700e+01    5.210e+02    1.315e-02      1.62m        0         
151  3.545e+01    1.649e+09    8.964e+02      2.700e+01    5.210e+02    1.315e-02      1.37m        0         
152  3.555e+01    3.215e+09    1.184e+02      2.700e+01    5.210e+02    1.315e-02      1.49m        0         
153  3.476e+01    2.070e+06    2.581e+03      2.700e+01    5.210e+02    1.315e-02      1.52m        0         
154  3.581e+01    1.871e+05    6.664e+03      2.700e+01    5.210e+02    1.315e-02      1.51m        0         
155  3.731e+01    2.687e+06    8.528e+07      2.700e+01    5.210e+02    1.315e-02      1.20m        0         
156  3.648e+01    1.067e+08    1.167e+03      2.700e+01    5.210e+02    1.315e-02      1.19m        0         
157  3.524e+01    1.452e+05    2.211e+03      2.700e+01    5.210e+02    1.315e-02      1.02m        0         
158  3.718e+01    4.728e+06    2.458e+03      2.700e+01    5.210e+02    1.315e-02      1.01m        0         
159  3.603e+01    9.910e+06    5.921e+03      2.700e+01    5.210e+02    1.315e-02      59.61s       0         
160  3.827e+01    3.395e+06    9.407e+04      2.700e+01    5.210e+02    1.315e-02      1.03m        0         
161  3.940e+01    1.919e+06    1.201e+03      2.700e+01    5.210e+02    1.315e-02      58.80s       0         
162  3.448e+01    1.572e+06    2.863e+01      2.700e+01    5.210e+02    1.315e-02      49.21s       0         
163  3.741e+01    7.083e+06    5.740e+07      2.700e+01    5.210e+02    1.315e-02      43.53s       0         
164  3.776e+01    3.201e+09    1.582e+03      2.700e+01    5.210e+02    1.315e-02      36.64s       0         
165  3.945e+01    3.732e+08    3.263e+02      2.700e+01    5.210e+02    1.315e-02      36.86s       0         
166  3.841e+01    3.692e+07    3.599e+02      2.700e+01    5.210e+02    1.315e-02      31.60s       0         
167  4.036e+01    6.978e+06    2.806e+02      4.300e+01    9.116e+03    1.301e-02      29.15s       0         
168  4.238e+01    7.809e+11    3.100e+03      4.300e+01    9.116e+03    1.301e-02      28.20s       0         
169  3.659e+01    1.962e+09    1.707e+04      3.900e+01    1.321e+03    1.294e-02      18.21s       0         
170  3.932e+01    9.276e+05    7.680e+03      3.900e+01    1.321e+03    1.294e-02      16.14s       0         
171  3.649e+01    2.061e+04    6.029e+03      3.900e+01    1.321e+03    1.294e-02      11.48s       0         
172  3.925e+01    1.070e+10    2.703e+04      3.900e+01    1.321e+03    1.294e-02      8.93s        0         
173  3.649e+01    1.162e+05    8.674e+02      3.900e+01    1.321e+03    1.294e-02      3.43s        0         
174  3.818e+01    9.587e+07    1.679e+04      3.900e+01    1.321e+03    1.294e-02      0.00s        0         
175  3.684e+01    4.366e+12    2.230e+08      3.900e+01    1.321e+03    1.294e-02      1.50m        0         
176  3.891e+01    4.444e+05    3.450e+01      2.700e+01    5.210e+02    1.315e-02      1.53m        0         
177  3.669e+01    2.606e+08    7.981e+03      2.700e+01    5.210e+02    1.315e-02      1.26m        0         
178  3.932e+01    1.115e+04    1.548e+05      2.700e+01    5.210e+02    1.315e-02      1.43m        0         
179  3.795e+01    3.205e+04    1.577e+02      2.700e+01    5.210e+02    1.315e-02      1.25m        0         
180  3.997e+01    1.192e+06    8.240e+02      2.700e+01    5.210e+02    1.315e-02      1.27m        0         
181  3.688e+01    1.480e+04    6.753e+02      4.300e+01    3.801e+03    1.310e-02      59.39s       0         
182  3.843e+01    1.872e+07    2.107e+02      4.900e+01    1.801e+03    1.300e-02      1.04m        0         
183  3.800e+01    2.045e+17    1.470e+17      2.700e+01    5.210e+02    1.315e-02      59.36s       0         
184  3.939e+01    9.036e+07    9.852e+02      2.700e+01    5.210e+02    1.315e-02      1.06m        0         
185  3.716e+01    9.416e+09    3.627e+08      2.700e+01    5.210e+02    1.315e-02      1.02m        0         
186  3.978e+01    8.380e+12    6.978e+03      2.700e+01    5.210e+02    1.315e-02      53.50s       0         
187  3.717e+01    5.145e+11    2.806e+04      3.700e+01    7.810e+02    1.270e-02      50.95s       0         
188  3.930e+01    2.172e+08    8.424e+01      2.700e+01    5.210e+02    1.315e-02      43.87s       0         
189  3.689e+01    1.015e+06    4.619e+04      2.700e+01    5.210e+02    1.315e-02      38.62s       0         
190  3.977e+01    1.726e+05    4.222e+02      2.700e+01    5.210e+02    1.315e-02      34.84s       0         
191  3.774e+01    6.057e+05    9.980e+02      2.700e+01    5.210e+02    1.315e-02      34.08s       0         
192  3.844e+01    5.441e+04    5.213e+02      2.700e+01    5.210e+02    1.315e-02      33.11s       0         
193  3.769e+01    1.057e+10    1.189e+04      2.700e+01    5.210e+02    1.315e-02      25.66s       0         
194  3.571e+01    1.898e+13    4.812e+03      2.700e+01    5.210e+02    1.315e-02      20.80s       0         
195  3.951e+01    3.462e+06    1.840e+03      2.700e+01    5.210e+02    1.315e-02      15.69s       0         
196  3.972e+01    1.322e+06    4.253e+01      2.700e+01    5.210e+02    1.315e-02      12.19s       0         
197  3.804e+01    2.511e+06    9.690e+02      2.700e+01    5.210e+02    1.315e-02      7.61s        0         
198  3.733e+01    9.568e+10    4.293e+03      2.700e+01    5.210e+02    1.315e-02      3.82s        0         
199  3.638e+01    4.190e+07    1.579e+01      2.700e+01    5.210e+02    1.315e-02      0.00s        0         
200  3.807e+01    2.013e+06    4.836e+05      2.700e+01    5.210e+02    1.315e-02      1.56m        0         
201  3.814e+01    1.975e+05    1.343e+03      2.700e+01    5.210e+02    1.315e-02      1.53m        0         
202  3.648e+01    2.711e+06    2.336e+09      2.700e+01    5.210e+02    1.315e-02      1.32m        0         
203  3.638e+01    1.539e+05    7.092e+02      2.700e+01    5.210e+02    1.315e-02      1.45m        0         
204  3.401e+01    4.018e+08    1.413e+06      2.700e+01    5.210e+02    1.315e-02      1.20m        0         
205  3.526e+01    5.760e+05    6.944e+03      2.700e+01    5.210e+02    1.315e-02      1.34m        0         
206  3.579e+01    2.731e+08    3.443e+04      2.700e+01    5.210e+02    1.315e-02      1.19m        0         
207  3.598e+01    3.153e+05    7.866e+01      2.700e+01    5.210e+02    1.315e-02      1.12m        0         
208  3.684e+01    2.236e+05    6.685e+04      2.700e+01    5.210e+02    1.315e-02      1.01m        0         
209  3.611e+01    5.868e+05    2.899e+02      2.700e+01    5.210e+02    1.315e-02      1.04m        0         
210  3.446e+01    4.826e+05    8.973e+04      2.700e+01    5.210e+02    1.315e-02      53.76s       0         
211  3.559e+01    5.669e+05    3.412e+03      2.700e+01    5.210e+02    1.315e-02      51.87s       0         
212  3.517e+01    5.445e+07    1.504e+02      2.700e+01    5.210e+02    1.315e-02      44.49s       0         
213  3.450e+01    8.714e+07    1.830e+03      3.500e+01    6.660e+02    1.290e-02      44.38s       0         
214  3.628e+01    2.807e+10    4.538e+02      2.700e+01    5.210e+02    1.315e-02      39.46s       0         
215  3.603e+01    3.365e+05    3.414e+02      3.700e+01    7.560e+02    1.288e-02      41.14s       0         
216  3.533e+01    9.750e+05    2.273e+02      3.900e+01    8.510e+02    1.302e-02      35.09s       0         
217  3.824e+01    2.438e+09    2.077e+02      3.900e+01    8.510e+02    1.302e-02      30.16s       0         
218  3.650e+01    2.160e+16    4.157e+03      3.900e+01    8.510e+02    1.302e-02      22.70s       0         
219  3.595e+01    4.310e+05    1.046e+03      3.900e+01    8.510e+02    1.302e-02      20.95s       0         
220  3.473e+01    6.064e+05    1.526e+02      3.900e+01    8.510e+02    1.302e-02      15.88s       0         
221  3.482e+01    2.861e+06    5.177e+02      2.700e+01    5.210e+02    1.315e-02      12.36s       0         
222  3.359e+01    3.918e+06    2.237e+01      2.700e+01    5.210e+02    1.315e-02      7.99s        0         
223  3.420e+01    1.255e+09    7.252e+04      2.700e+01    5.210e+02    1.315e-02      4.11s        0         
224  3.676e+01    1.484e+08    4.090e+04      2.700e+01    5.210e+02    1.315e-02      0.00s        0         
225  3.749e+01    4.287e+05    4.531e+02      2.700e+01    5.210e+02    1.315e-02      1.42m        0         
226  3.580e+01    4.770e+06    2.502e+02      4.100e+01    1.001e+03    1.310e-02      1.50m        0         
227  3.595e+01    3.283e+05    4.058e+02      3.900e+01    9.810e+02    1.235e-02      1.41m        0         
228  3.731e+01    4.526e+13    8.330e+06      4.900e+01    8.366e+03    1.304e-02      1.35m        0         
229  3.527e+01    3.023e+04    3.433e+02      4.900e+01    6.616e+03    1.283e-02      1.18m        0         
230  3.669e+01    1.783e+09    1.125e+03      2.700e+01    5.210e+02    1.315e-02      1.25m        0         
231  3.860e+01    1.582e+04    7.451e+02      2.700e+01    5.210e+02    1.315e-02      1.08m        0         
232  4.151e+01    1.927e+06    6.458e+02      2.700e+01    5.210e+02    1.315e-02      1.12m        0         
233  3.389e+01    3.809e+05    3.012e+03      2.700e+01    5.210e+02    1.315e-02      55.61s       0         
234  3.369e+01    7.542e+06    9.023e+01      2.700e+01    5.210e+02    1.315e-02      57.87s       0         
235  3.389e+01    2.450e+06    6.282e+07      2.700e+01    5.210e+02    1.315e-02      52.90s       0         
236  3.458e+01    4.433e+07    7.838e+02      2.700e+01    5.210e+02    1.315e-02      51.66s       0         
237  3.272e+01    1.620e+08    2.356e+02      2.700e+01    5.210e+02    1.315e-02      47.06s       0         
238  3.398e+01    3.167e+06    9.688e+05      2.700e+01    5.210e+02    1.315e-02      45.29s       0         
239  3.424e+01    4.778e+04    5.570e+02      2.700e+01    5.210e+02    1.315e-02      38.49s       0         
240  3.511e+01    4.282e+07    6.313e+06      2.700e+01    5.210e+02    1.315e-02      37.10s       0         
241  3.539e+01    1.054e+09    5.875e+01      2.700e+01    5.210e+02    1.315e-02      31.74s       0         
242  3.535e+01    8.441e+07    7.240e+02      3.100e+01    6.610e+02    1.315e-02      27.88s       0         
243  3.426e+01    1.463e+04    2.061e+02      2.700e+01    5.210e+02    1.315e-02      23.65s       0         
244  3.472e+01    1.723e+05    1.512e+02      2.700e+01    5.210e+02    1.315e-02      20.70s       0         
245  3.645e+01    2.638e+06    5.421e+08      2.700e+01    5.210e+02    1.315e-02      15.83s       0         
246  3.608e+01    4.836e+08    7.089e+07      2.700e+01    5.210e+02    1.315e-02      12.46s       0         
247  3.448e+01    1.704e+06    2.012e+05      2.700e+01    5.210e+02    1.315e-02      7.96s        0         
248  3.445e+01    7.654e+06    6.376e+03      2.700e+01    5.210e+02    1.315e-02      4.12s        0         
249  3.316e+01    2.951e+07    3.555e+05      3.500e+01    6.010e+02    1.282e-02      0.00s        0         
250  3.097e+01    7.130e+05    1.849e+02      3.500e+01    6.010e+02    1.282e-02      1.64m        0         
251  3.277e+01    1.360e+06    1.972e+04      3.500e+01    6.010e+02    1.282e-02      1.50m        0         
252  3.316e+01    3.805e+05    3.088e+01      3.500e+01    6.010e+02    1.282e-02      1.54m        0         
253  3.478e+01    4.942e+07    4.557e+04      5.300e+01    1.375e+05    1.295e-02      1.43m        0         
254  3.390e+01    4.009e+05    3.486e+02      2.700e+01    5.210e+02    1.315e-02      1.24m        0         
255  3.335e+01    8.868e+04    6.173e+01      2.700e+01    5.210e+02    1.315e-02      1.39m        0         
256  3.315e+01    4.361e+07    1.045e+02      5.300e+01    3.742e+04    1.264e-02      1.34m        0         
257  3.415e+01    1.179e+06    2.427e+08      5.300e+01    4.477e+04    1.277e-02      1.07m        0         
258  3.448e+01    1.264e+05    7.301e+02      2.700e+01    5.210e+02    1.315e-02      1.08m        0         
259  3.541e+01    3.213e+05    6.290e+02      2.700e+01    5.210e+02    1.315e-02      1.01m        0         
260  3.506e+01    1.826e+04    1.524e+04      2.700e+01    5.210e+02    1.315e-02      57.56s       0         
261  3.530e+01    5.408e+07    1.321e+03      2.700e+01    5.210e+02    1.315e-02      51.85s       0         
262  3.674e+01    1.763e+13    8.421e+02      3.900e+01    1.421e+03    1.292e-02      46.91s       0         
263  3.651e+01    2.782e+05    1.629e+03      3.700e+01    6.410e+02    1.134e-02      43.45s       0         
264  3.751e+01    5.754e+05    5.689e+03      3.700e+01    6.410e+02    1.134e-02      39.51s       0         
265  3.574e+01    3.496e+10    9.769e+03      3.700e+01    6.410e+02    1.134e-02      34.91s       0         
266  3.689e+01    3.293e+10    2.047e+03      3.700e+01    6.410e+02    1.134e-02      32.47s       0         
267  3.567e+01    7.008e+06    1.083e+03      3.700e+01    6.410e+02    1.134e-02      27.06s       0         
268  3.530e+01    3.464e+06    4.160e+02      3.700e+01    6.410e+02    1.134e-02      24.59s       0         
269  3.500e+01    6.070e+06    6.454e+01      3.700e+01    6.410e+02    1.134e-02      20.18s       0         
270  3.535e+01    1.945e+04    8.674e+03      3.700e+01    6.410e+02    1.134e-02      16.34s       0         
271  3.546e+01    3.246e+04    7.849e+02      3.700e+01    6.410e+02    1.134e-02      11.84s       0         
272  3.610e+01    4.113e+12    2.849e+05      3.700e+01    6.410e+02    1.134e-02      8.11s        0         
273  3.499e+01    5.410e+04    8.534e+04      3.700e+01    6.410e+02    1.134e-02      3.89s        0         
274  3.394e+01    1.106e+04    1.280e+04      3.700e+01    6.410e+02    1.134e-02      0.00s        0         
275  3.511e+01    6.915e+07    3.097e+01      3.700e+01    6.410e+02    1.134e-02      1.64m        0         
276  3.354e+01    1.439e+04    5.590e+04      3.700e+01    6.410e+02    1.134e-02      1.77m        0         
277  3.511e+01    1.110e+08    1.425e+02      3.700e+01    6.410e+02    1.091e-02      1.68m        0         
278  3.570e+01    4.337e+04    3.701e+01      3.700e+01    6.410e+02    1.091e-02      1.63m        0         
279  3.499e+01    1.548e+05    6.507e+02      3.700e+01    6.410e+02    1.091e-02      1.52m        0         
280  3.501e+01    2.366e+09    1.770e+02      3.700e+01    6.410e+02    1.091e-02      1.47m        0         
281  3.472e+01    1.110e+08    1.584e+06      3.700e+01    6.410e+02    1.091e-02      1.19m        0         
282  3.443e+01    4.198e+08    1.431e+03      3.700e+01    6.410e+02    1.091e-02      1.15m        0         
283  3.415e+01    5.825e+04    2.856e+02      3.700e+01    6.410e+02    1.091e-02      1.20m        0         
284  3.435e+01    4.533e+04    1.234e+06      3.700e+01    6.410e+02    1.091e-02      1.14m        0         
285  3.483e+01    1.503e+09    1.148e+09      3.700e+01    6.410e+02    1.091e-02      1.07m        0         
286  3.477e+01    1.818e+08    3.263e+05      3.700e+01    6.410e+02    1.091e-02      56.32s       0         
287  3.419e+01    5.614e+06    6.812e+03      3.700e+01    6.410e+02    1.091e-02      46.92s       0         
288  3.469e+01    1.560e+08    2.203e+03      3.700e+01    6.410e+02    1.091e-02      45.67s       0         
289  3.346e+01    3.728e+08    9.685e+05      3.700e+01    6.410e+02    1.091e-02      40.30s       0         
290  3.358e+01    4.002e+10    2.664e+03      3.700e+01    6.410e+02    1.091e-02      41.48s       0         
291  3.402e+01    1.219e+07    2.540e+01      3.700e+01    6.410e+02    1.091e-02      31.81s       0         
292  3.397e+01    2.285e+05    4.785e+06      3.700e+01    6.410e+02    1.091e-02      28.31s       0         
293  3.452e+01    8.808e+06    1.352e+02      3.700e+01    6.410e+02    1.091e-02      22.77s       0         
294  3.432e+01    2.575e+07    1.717e+05      3.700e+01    6.410e+02    1.091e-02      20.59s       0         
295  3.459e+01    6.223e+06    2.604e+02      3.700e+01    6.410e+02    1.091e-02      15.48s       0         
296  3.492e+01    4.386e+08    3.230e+03      3.700e+01    6.410e+02    1.091e-02      12.31s       0         
297  3.548e+01    4.221e+04    4.863e+03      3.700e+01    6.410e+02    1.091e-02      7.88s        0         
298  3.526e+01    2.451e+05    1.390e+02      3.700e+01    6.410e+02    1.091e-02      3.95s        0         
299  3.381e+01    1.340e+04    3.655e+01      3.700e+01    6.410e+02    1.091e-02      0.00s        0         
300  3.403e+01    4.350e+04    4.525e+02      3.700e+01    6.410e+02    1.091e-02      1.58m        0         
301  3.510e+01    8.216e+04    2.496e+02      3.700e+01    6.410e+02    1.091e-02      1.59m        0         
302  3.505e+01    2.441e+10    7.542e+06      3.700e+01    6.410e+02    1.091e-02      1.50m        0         
303  3.458e+01    4.614e+04    1.390e+03      3.700e+01    6.410e+02    1.091e-02      1.36m        0         
304  3.569e+01    1.886e+08    6.177e+02      3.700e+01    6.410e+02    1.091e-02      1.35m        0         
305  3.566e+01    7.256e+12    7.756e+03      3.700e+01    6.410e+02    1.091e-02      1.37m        0         
306  3.564e+01    3.834e+10    2.432e+03      3.700e+01    6.410e+02    1.091e-02      1.36m        0         
307  3.527e+01    2.273e+07    1.052e+03      3.700e+01    6.410e+02    1.091e-02      1.10m        0         
308  3.577e+01    4.799e+08    1.060e+03      3.700e+01    6.410e+02    1.091e-02      1.11m        0         
309  3.466e+01    1.231e+08    3.940e+01      3.700e+01    6.410e+02    1.083e-02      58.73s       0         
310  3.472e+01    1.491e+07    8.704e+03      3.700e+01    6.410e+02    1.083e-02      57.91s       0         
311  3.398e+01    4.675e+04    2.093e+02      3.700e+01    6.410e+02    1.083e-02      59.20s       0         
312  3.454e+01    1.957e+04    5.296e+02      3.700e+01    6.410e+02    1.083e-02      48.66s       0         
313  3.426e+01    2.488e+05    2.239e+05      3.700e+01    6.410e+02    1.083e-02      42.98s       0         
314  3.416e+01    5.996e+05    2.213e+02      4.100e+01    1.041e+03    1.082e-02      45.74s       0         
315  3.437e+01    6.004e+06    9.414e+03      3.700e+01    6.410e+02    1.083e-02      36.30s       0         
316  3.498e+01    3.491e+04    4.209e+02      3.700e+01    6.410e+02    1.083e-02      31.44s       0         
317  3.463e+01    5.054e+03    1.263e+03      3.700e+01    6.410e+02    1.083e-02      31.03s       0         
318  3.529e+01    5.346e+06    1.584e+03      3.700e+01    6.410e+02    1.083e-02      28.86s       0         
319  3.467e+01    7.797e+06    2.141e+03      3.700e+01    6.410e+02    1.083e-02      19.61s       0         
320  3.458e+01    1.177e+05    7.234e+01      3.700e+01    6.410e+02    1.083e-02      18.85s       0         
321  3.573e+01    3.812e+08    7.945e+02      3.700e+01    6.410e+02    1.083e-02      13.01s       0         
322  3.547e+01    3.435e+05    2.181e+02      3.700e+01    6.410e+02    1.083e-02      8.20s        0         
323  3.572e+01    1.252e+11    1.404e+03      3.700e+01    6.410e+02    1.083e-02      3.99s        0         
324  3.590e+01    1.595e+05    3.145e+02      3.700e+01    6.410e+02    1.083e-02      0.00s        0         
325  3.813e+01    1.541e+07    5.182e+02      3.700e+01    6.410e+02    1.083e-02      1.64m        0         
326  3.835e+01    4.883e+06    6.622e+03      3.700e+01    6.410e+02    1.083e-02      1.64m        0         
327  3.751e+01    6.803e+05    5.256e+04      3.700e+01    6.410e+02    1.083e-02      1.51m        0         
328  3.923e+01    2.389e+07    2.361e+01      3.700e+01    6.160e+02    1.078e-02      1.38m        0         
329  4.202e+01    3.925e+09    2.313e+01      3.700e+01    6.160e+02    1.078e-02      1.48m        0         
330  4.065e+01    1.068e+12    1.362e+02      3.700e+01    6.160e+02    1.078e-02      1.47m        0         
331  4.489e+01    1.045e+09    6.120e+03      3.700e+01    6.160e+02    1.078e-02      1.42m        0         
332  3.828e+01    5.494e+11    5.180e+03      3.700e+01    6.160e+02    1.078e-02      1.26m        0         
333  4.062e+01    2.662e+09    2.127e+02      3.700e+01    6.160e+02    1.078e-02      1.26m        0         
334  4.255e+01    4.434e+15    3.395e+05      3.700e+01    6.160e+02    1.078e-02      1.15m        0         
335  4.155e+01    1.084e+14    1.798e+04      3.700e+01    6.160e+02    1.078e-02      56.77s       0         
336  4.275e+01    4.504e+08    2.582e+03      3.700e+01    6.160e+02    1.078e-02      52.48s       0         
337  4.682e+01    9.769e+13    1.313e+02      3.700e+01    6.160e+02    1.078e-02      50.56s       0         
338  3.917e+01    1.247e+08    1.108e+04      3.700e+01    6.160e+02    1.078e-02      44.38s       0         
339  4.081e+01    1.997e+06    4.970e+02      3.700e+01    6.160e+02    1.078e-02      40.47s       0         
340  4.217e+01    2.471e+09    1.474e+07      3.700e+01    6.160e+02    1.078e-02      35.90s       0         
341  4.475e+01    1.173e+11    7.369e+04      3.700e+01    6.160e+02    1.078e-02      32.78s       0         
342  4.062e+01    5.329e+06    3.917e+02      3.700e+01    6.160e+02    1.078e-02      27.15s       0         
343  3.890e+01    3.084e+06    1.798e+02      3.700e+01    6.160e+02    1.078e-02      24.02s       0         
344  4.085e+01    5.554e+06    5.600e+02      3.700e+01    6.160e+02    1.078e-02      21.00s       0         
345  3.966e+01    3.283e+05    6.024e+01      3.700e+01    6.160e+02    1.078e-02      16.54s       0         
346  3.898e+01    9.194e+05    7.194e+07      3.700e+01    6.160e+02    1.078e-02      12.74s       0         
347  4.111e+01    2.481e+06    4.948e+03      3.700e+01    6.160e+02    1.078e-02      8.15s        0         
348  3.797e+01    6.671e+10    2.797e+05      3.700e+01    6.160e+02    1.078e-02      4.25s        0         
349  4.188e+01    3.596e+09    3.730e+03      3.700e+01    6.160e+02    1.078e-02      0.00s        0         
350  4.191e+01    1.822e+09    1.774e+03      3.700e+01    6.160e+02    1.078e-02      1.68m        0         
351  3.876e+01    2.337e+11    4.376e+03      3.700e+01    6.160e+02    1.078e-02      1.59m        0         
352  4.070e+01    1.833e+07    1.103e+04      3.700e+01    6.160e+02    1.078e-02      1.55m        0         
353  4.180e+01    1.884e+11    7.264e+01      3.700e+01    6.160e+02    1.078e-02      1.49m        0         
354  4.104e+01    3.617e+09    4.843e+02      3.700e+01    6.160e+02    1.078e-02      1.39m        0         
355  4.468e+01    3.137e+07    1.116e+03      3.700e+01    6.160e+02    1.078e-02      1.41m        0         
356  3.903e+01    2.582e+07    6.307e+03      3.700e+01    6.160e+02    1.078e-02      1.18m        0         
357  3.972e+01    1.677e+05    4.294e+04      3.700e+01    6.160e+02    1.078e-02      1.16m        0         
358  3.981e+01    2.755e+06    1.230e+04      3.700e+01    6.160e+02    1.078e-02      1.13m        0         
359  4.401e+01    2.847e+08    1.218e+03      3.700e+01    6.160e+02    1.078e-02      1.01m        0         
360  3.675e+01    1.650e+05    1.642e+02      3.700e+01    6.160e+02    1.078e-02      50.33s       0         
361  3.730e+01    3.002e+04    7.320e+02      3.700e+01    6.160e+02    1.078e-02      51.53s       0         
362  3.819e+01    2.094e+07    3.175e+01      3.700e+01    6.160e+02    1.078e-02      49.42s       0         
363  3.837e+01    1.021e+18    5.786e+03      3.700e+01    6.160e+02    1.078e-02      44.43s       0         
364  3.941e+01    2.116e+08    2.384e+01      3.700e+01    6.160e+02    1.078e-02      42.72s       0         
365  4.384e+01    5.935e+07    7.239e+04      3.700e+01    6.160e+02    1.078e-02      37.21s       0         
366  4.436e+01    1.319e+07    7.364e+05      3.700e+01    6.160e+02    1.078e-02      33.61s       0         
367  4.170e+01    2.670e+08    3.703e+02      3.700e+01    6.160e+02    1.078e-02      28.37s       0         
368  4.206e+01    1.431e+07    2.587e+03      3.700e+01    6.160e+02    1.078e-02      26.97s       0         
369  4.038e+01    3.235e+06    2.705e+02      3.700e+01    6.160e+02    1.078e-02      24.02s       0         
370  4.240e+01    3.656e+08    2.581e+04      3.700e+01    6.160e+02    1.078e-02      17.67s       0         
371  4.187e+01    1.369e+09    2.291e+02      3.700e+01    6.160e+02    1.078e-02      12.30s       0         
372  4.070e+01    1.354e+05    4.497e+03      3.700e+01    6.160e+02    1.078e-02      8.98s        0         
373  4.198e+01    1.806e+05    4.575e+05      3.700e+01    6.160e+02    1.078e-02      4.70s        0         
374  4.533e+01    2.394e+06    7.747e+03      3.700e+01    6.160e+02    1.078e-02      0.00s        0         
375  3.991e+01    1.234e+06    2.751e+04      3.700e+01    6.160e+02    1.078e-02      1.50m        0         
376  4.170e+01    6.075e+06    2.113e+04      3.700e+01    6.160e+02    1.078e-02      1.56m        0         
377  4.242e+01    3.624e+05    1.113e+03      3.700e+01    6.160e+02    1.078e-02      1.47m        0         
378  4.418e+01    1.349e+06    8.775e+02      3.700e+01    6.160e+02    1.078e-02      1.48m        0         
379  4.061e+01    1.455e+10    2.173e+03      3.700e+01    6.160e+02    1.078e-02      1.33m        0         
380  4.376e+01    1.534e+08    1.287e+04      3.700e+01    6.160e+02    1.078e-02      1.29m        0         
381  4.423e+01    1.220e+05    8.547e+00      3.700e+01    6.160e+02    1.078e-02      1.27m        0         
382  4.002e+01    2.377e+06    2.631e+01      3.700e+01    6.160e+02    1.078e-02      1.19m        0         
383  4.255e+01    1.522e+06    3.390e+01      3.700e+01    6.160e+02    1.078e-02      1.04m        0         
384  4.218e+01    3.214e+11    1.465e+04      3.700e+01    6.160e+02    1.078e-02      1.05m        0         
385  4.294e+01    6.079e+05    2.387e+03      3.700e+01    6.160e+02    1.078e-02      55.62s       0         
386  4.357e+01    9.861e+11    1.541e+02      3.700e+01    6.160e+02    1.078e-02      1.01m        0         
387  4.301e+01    1.809e+10    1.033e+04      3.700e+01    6.160e+02    1.078e-02      52.16s       0         
388  4.534e+01    1.346e+09    4.325e+03      3.700e+01    6.160e+02    1.078e-02      45.50s       0         
389  3.935e+01    2.636e+08    3.137e+03      3.700e+01    6.160e+02    1.078e-02      38.87s       0         
390  4.216e+01    1.092e+08    8.183e+04      3.700e+01    6.160e+02    1.078e-02      34.20s       0         
391  4.229e+01    5.052e+09    9.953e+09      3.700e+01    6.160e+02    1.078e-02      33.18s       0         
392  4.070e+01    3.433e+06    6.736e+02      3.700e+01    6.160e+02    1.078e-02      27.29s       0         
393  4.220e+01    4.774e+07    3.122e+04      3.700e+01    6.160e+02    1.078e-02      25.11s       0         
394  4.139e+01    2.371e+07    1.849e+02      3.700e+01    6.160e+02    1.078e-02      20.07s       0         
395  3.911e+01    6.835e+05    5.067e+02      3.700e+01    6.160e+02    1.078e-02      17.63s       0         
396  4.049e+01    2.675e+05    1.225e+02      3.700e+01    6.160e+02    1.078e-02      12.24s       0         
397  3.859e+01    2.079e+05    3.123e+01      3.700e+01    6.160e+02    1.078e-02      7.63s        0         
398  3.822e+01    2.901e+07    2.343e+03      3.700e+01    6.160e+02    1.078e-02      3.77s        0         
399  3.759e+01    3.341e+09    7.686e+02      3.700e+01    6.160e+02    1.078e-02      0.00s        0         
400  3.759e+01    3.185e+05    7.116e+04      3.700e+01    6.160e+02    1.078e-02      1.53m        0         
401  3.910e+01    5.142e+07    3.499e+02      3.700e+01    6.160e+02    1.078e-02      1.60m        0         
402  3.930e+01    2.736e+06    2.930e+05      3.700e+01    6.160e+02    1.078e-02      1.43m        0         
403  4.076e+01    2.408e+12    2.081e+03      3.700e+01    6.160e+02    1.078e-02      1.42m        0         
404  4.140e+01    1.018e+07    7.112e+02      3.700e+01    6.160e+02    1.078e-02      1.42m        0         
405  4.384e+01    6.842e+08    8.134e+02      3.700e+01    6.160e+02    1.078e-02      1.43m        0         
406  4.487e+01    2.317e+12    9.201e+01      3.700e+01    6.160e+02    1.078e-02      1.35m        0         
407  4.450e+01    1.772e+06    1.838e+02      3.700e+01    6.160e+02    1.078e-02      1.25m        0         
408  4.629e+01    3.729e+06    2.459e+03      3.700e+01    6.160e+02    1.078e-02      1.13m        0         
409  4.546e+01    1.216e+07    5.787e+01      3.700e+01    6.160e+02    1.078e-02      1.04m        0         
410  4.628e+01    3.146e+07    4.060e+03      3.700e+01    6.160e+02    1.078e-02      1.01m        0         
411  4.224e+01    1.386e+06    1.123e+02      3.700e+01    6.160e+02    1.078e-02      49.99s       0         
412  4.197e+01    2.140e+05    1.837e+04      3.700e+01    6.160e+02    1.078e-02      49.12s       0         
413  4.488e+01    6.367e+05    7.022e+03      3.700e+01    6.160e+02    1.078e-02      47.11s       0         
414  4.619e+01    2.835e+09    6.211e+02      3.700e+01    6.160e+02    1.078e-02      40.70s       0         
415  4.567e+01    2.376e+06    9.428e+01      3.700e+01    6.160e+02    1.078e-02      38.28s       0         
416  4.387e+01    9.277e+06    1.625e+02      3.700e+01    6.160e+02    1.078e-02      31.34s       0         
417  4.198e+01    2.807e+05    2.278e+02      3.700e+01    6.160e+02    1.078e-02      27.38s       0         
418  4.191e+01    4.537e+06    1.040e+03      3.700e+01    6.160e+02    1.078e-02      25.80s       0         
419  4.231e+01    2.636e+07    2.318e+02      3.700e+01    6.160e+02    1.078e-02      20.15s       0         
420  4.403e+01    1.717e+09    6.723e+03      3.700e+01    6.160e+02    1.078e-02      18.14s       0         
421  4.345e+01    4.033e+06    7.106e+01      3.700e+01    6.160e+02    1.078e-02      14.35s       0         
422  4.179e+01    2.741e+11    1.417e+05      3.700e+01    6.160e+02    1.078e-02      8.41s        0         
423  4.235e+01    6.115e+12    8.746e+02      3.700e+01    6.160e+02    1.078e-02      4.42s        0         
424  4.167e+01    2.175e+08    5.883e+06      3.700e+01    6.160e+02    1.078e-02      0.00s        0         
425  4.168e+01    7.300e+05    5.398e+03      3.700e+01    6.160e+02    1.078e-02      1.64m        0         
426  4.054e+01    3.968e+12    2.901e+04      3.700e+01    6.160e+02    1.078e-02      1.63m        0         
427  4.031e+01    2.078e+05    3.226e+01      3.700e+01    6.160e+02    1.078e-02      1.54m        0         
428  4.041e+01    4.894e+05    1.895e+02      3.700e+01    6.160e+02    1.078e-02      1.43m        0         
429  4.129e+01    1.068e+06    2.629e+02      3.700e+01    6.160e+02    1.078e-02      1.54m        0         
430  4.191e+01    1.556e+09    1.610e+03      3.700e+01    6.160e+02    1.078e-02      1.24m        0         
431  4.234e+01    2.716e+10    2.858e+01      3.700e+01    6.160e+02    1.078e-02      1.27m        0         
432  3.904e+01    2.713e+09    3.870e+04      3.700e+01    6.160e+02    1.078e-02      1.07m        0         
433  3.991e+01    6.812e+06    1.231e+02      3.700e+01    6.160e+02    1.078e-02      1.09m        0         
434  4.226e+01    4.524e+06    2.473e+02      3.700e+01    6.160e+02    1.078e-02      1.13m        0         
435  4.130e+01    4.451e+09    9.682e+03      3.700e+01    6.160e+02    1.078e-02      1.00m        0         
436  4.187e+01    3.007e+09    1.829e+07      3.700e+01    6.160e+02    1.078e-02      54.66s       0         
437  4.145e+01    3.345e+05    1.019e+03      3.700e+01    6.160e+02    1.078e-02      51.56s       0         
438  4.303e+01    1.010e+10    1.395e+04      3.700e+01    6.160e+02    1.078e-02      44.50s       0         
439  4.267e+01    8.496e+06    4.165e+01      3.700e+01    6.160e+02    1.078e-02      40.88s       0         
440  4.306e+01    9.874e+09    1.105e+04      3.700e+01    6.160e+02    1.078e-02      38.15s       0         
441  4.265e+01    9.426e+12    2.240e+02      3.700e+01    6.160e+02    1.078e-02      32.41s       0         
442  4.207e+01    1.212e+04    9.032e+01      3.700e+01    6.160e+02    1.078e-02      28.36s       0         
443  4.235e+01    5.298e+06    9.325e+03      3.700e+01    6.160e+02    1.078e-02      23.03s       0         
444  4.344e+01    2.335e+05    1.894e+02      3.700e+01    6.160e+02    1.078e-02      21.08s       0         
445  4.423e+01    2.930e+08    4.757e+01      3.700e+01    6.160e+02    1.078e-02      15.83s       0         
446  4.221e+01    5.124e+04    7.198e+01      3.700e+01    6.160e+02    1.078e-02      11.68s       0         
447  4.381e+01    5.673e+05    3.399e+02      3.700e+01    6.160e+02    1.078e-02      8.37s        0         
448  4.370e+01    9.613e+06    1.278e+05      3.700e+01    6.160e+02    1.078e-02      4.20s        0         
449  4.616e+01    7.450e+05    9.494e+02      3.700e+01    6.160e+02    1.078e-02      0.00s        0         
450  4.348e+01    1.816e+08    1.902e+02      3.700e+01    6.160e+02    1.078e-02      1.64m        0         
451  4.369e+01    5.895e+15    1.461e+15      3.700e+01    6.160e+02    1.078e-02      1.60m        0         
452  4.521e+01    4.920e+06    7.260e+01      3.700e+01    6.160e+02    1.078e-02      1.65m        0         
453  4.708e+01    2.948e+11    2.150e+01      3.700e+01    6.160e+02    1.078e-02      1.55m        0         
454  4.272e+01    1.705e+07    1.170e+04      3.700e+01    6.160e+02    1.078e-02      1.23m        0         
455  4.301e+01    4.426e+08    2.843e+05      3.700e+01    6.160e+02    1.078e-02      1.46m        0         
456  4.293e+01    7.953e+06    5.969e+02      3.700e+01    6.160e+02    1.078e-02      1.21m        0         
457  4.500e+01    2.244e+05    4.547e+01      3.700e+01    6.160e+02    1.078e-02      1.18m        0         
458  4.667e+01    1.327e+09    1.804e+03      3.700e+01    6.160e+02    1.078e-02      1.18m        0         
459  4.472e+01    6.320e+06    1.310e+07      3.700e+01    6.160e+02    1.078e-02      58.93s       0         
460  4.673e+01    4.427e+06    3.021e+01      3.700e+01    6.160e+02    1.078e-02      1.03m        0         
461  4.669e+01    1.401e+09    1.130e+03      3.700e+01    6.160e+02    1.078e-02      52.38s       0         
462  4.293e+01    7.725e+05    9.415e+03      3.700e+01    6.160e+02    1.078e-02      46.65s       0         
463  4.286e+01    5.242e+08    1.380e+05      3.700e+01    6.160e+02    1.078e-02      46.77s       0         
464  4.299e+01    2.869e+05    1.690e+02      3.700e+01    6.160e+02    1.078e-02      42.76s       0         
465  4.504e+01    1.909e+10    3.640e+04      3.700e+01    6.160e+02    1.078e-02      38.60s       0         
466  4.534e+01    4.088e+07    6.925e+01      3.700e+01    6.160e+02    1.078e-02      35.59s       0         
467  4.238e+01    9.618e+14    2.659e+04      3.700e+01    6.160e+02    1.078e-02      29.12s       0         
468  4.415e+01    6.909e+05    1.512e+01      3.700e+01    6.160e+02    1.078e-02      25.56s       0         
469  4.324e+01    5.540e+07    2.462e+01      3.700e+01    6.160e+02    1.078e-02      21.20s       0         
470  4.545e+01    3.453e+07    5.500e+01      3.700e+01    6.160e+02    1.078e-02      17.01s       0         
471  4.195e+01    4.498e+07    8.984e+03      3.700e+01    6.160e+02    1.078e-02      11.46s       0         
472  4.205e+01    7.488e+04    1.751e+01      3.700e+01    6.160e+02    1.078e-02      8.38s        0         
473  4.185e+01    5.141e+04    6.144e+02      3.700e+01    6.160e+02    1.078e-02      3.99s        0         
474  4.291e+01    4.000e+06    1.063e+03      3.700e+01    6.160e+02    1.078e-02      0.00s        0         
475  4.325e+01    1.537e+06    1.649e+02      3.700e+01    6.160e+02    1.078e-02      1.74m        0         
476  4.314e+01    1.102e+06    7.435e+04      3.700e+01    6.160e+02    1.078e-02      1.53m        0         
477  4.332e+01    3.307e+06    1.788e+01      3.700e+01    6.160e+02    1.078e-02      1.59m        0         
478  4.242e+01    4.922e+09    3.143e+02      3.700e+01    6.160e+02    1.078e-02      1.37m        0         
479  4.255e+01    3.455e+09    5.444e+06      3.700e+01    6.160e+02    1.078e-02      1.41m        0         
480  4.105e+01    1.365e+07    5.056e+03      3.700e+01    6.160e+02    1.078e-02      1.29m        0         
481  4.114e+01    3.155e+05    7.252e+02      3.700e+01    6.160e+02    1.078e-02      1.27m        0         
482  4.353e+01    4.643e+07    4.428e+03      3.700e+01    6.160e+02    1.078e-02      1.23m        0         
483  4.380e+01    2.653e+09    1.869e+02      3.700e+01    6.160e+02    1.078e-02      1.19m        0         
484  4.488e+01    3.113e+08    1.632e+03      3.700e+01    6.160e+02    1.078e-02      1.10m        0         
485  4.180e+01    4.698e+06    1.678e+03      3.700e+01    6.160e+02    1.078e-02      55.78s       0         
486  4.331e+01    1.701e+11    5.312e+03      3.700e+01    6.160e+02    1.078e-02      57.11s       0         
487  4.284e+01    1.002e+09    1.257e+02      3.700e+01    6.160e+02    1.078e-02      52.57s       0         
488  4.417e+01    3.959e+07    6.961e+02      3.700e+01    6.160e+02    1.078e-02      52.76s       0         
489  4.309e+01    5.998e+07    1.447e+03      3.700e+01    6.160e+02    1.078e-02      45.42s       0         
490  4.519e+01    5.724e+06    5.441e+04      3.700e+01    6.160e+02    1.078e-02      39.31s       0         
491  4.205e+01    5.347e+05    1.393e+03      3.700e+01    6.160e+02    1.078e-02      34.34s       0         
492  4.255e+01    2.469e+06    3.305e+06      3.700e+01    6.160e+02    1.078e-02      30.19s       0         
493  4.559e+01    6.250e+06    1.990e+04      3.700e+01    6.160e+02    1.078e-02      25.18s       0         
494  4.090e+01    7.638e+09    1.135e+03      3.700e+01    6.160e+02    1.078e-02      19.87s       0         
495  4.622e+01    3.867e+06    3.509e+02      3.700e+01    6.160e+02    1.078e-02      16.78s       0         
496  4.128e+01    5.161e+05    3.169e+05      3.700e+01    6.160e+02    1.078e-02      12.04s       0         
497  4.145e+01    6.074e+05    3.706e+03      3.700e+01    6.160e+02    1.078e-02      8.27s        0         
498  4.314e+01    2.828e+12    1.747e+05      3.700e+01    6.160e+02    1.078e-02      4.17s        0         
499  4.256e+01    7.792e+04    1.548e+01      3.700e+01    6.160e+02    1.078e-02      0.00s        0         





Time: 0h:33m:23s
####   Data for the best program   ####
Best Program: sub(0.706, mul(add(mul(sub(mul(X0, X2), sub(X1, X2)), add(1.911, sub(add(0.447, X1), X0))), sub(add(mul(sub(X3, 0.446), sub(X3, 0.569)), div(1.785, 1.802)), add(X0, X0))), div(0.089, 1.114)))
Best Program Complexity: 37
Raw Fitness: 0.010775797033736958
Penalized Fitness: 0.013365797033736958
Estimator		Train-rmse: 0.010775797033736958	Test-rmse: 0.011553536827691053	Test-R^2: 0.986060044131361

{'complexity': 'length', 'const_range': (1e-10, 2.0), 'elitism_size': 1, 'function_set': ('add', 'sub', 'div', 'mul'), 'generations': 500, 'init_depth': (3, 6), 'init_method': 'half and half', 'low_memory': True, 'max_samples': 1.0, 'metric': 'rmse', 'n_jobs': 3, 'p_crossover': 0.1, 'p_hoist_mutation': 0.0, 'p_point_mutation': 0.45, 'p_point_replace': 0.05, 'p_subtree_mutation': 0.45, 'paretogp': False, 'paretogp_lengths': (5, 160), 'parsimony_coefficient': 7e-05, 'population_size': 800, 'random_state': 402330076, 'selection': 'eplex', 'stopping_criteria': 1e-10, 'tournament_size': 11, 'verbose': 1, 'warm_start': True}
