    |          Population Average          |           Best Individual            |
---- -------------------------------------- -------------------------------------- ----------
Gen  Length       Kommenda     Fitness        Length       Kommenda     Fitness        Time Left    Front Size
0    3.559e+01    5.007e+14    1.193e+09      7.000e+00    2.200e+01    1.290e-01      13.75s       4         
1    9.543e+00    3.483e+04    1.745e+08      7.000e+00    2.200e+01    9.482e-02      17.16s       4         
2    8.385e+00    1.413e+10    1.382e+07      7.000e+00    2.200e+01    8.938e-02      16.57s       5         
3    8.000e+00    1.568e+03    3.482e+04      7.000e+00    2.200e+01    8.634e-02      14.83s       7         
4    7.910e+00    1.359e+05    2.141e+04      7.000e+00    2.200e+01    8.634e-02      13.80s       6         
5    7.883e+00    1.722e+08    1.794e+05      7.000e+00    2.200e+01    8.634e-02      12.43s       7         
6    8.140e+00    2.433e+12    2.522e+05      1.100e+01    8.500e+01    8.132e-02      12.31s       8         
7    8.320e+00    1.315e+05    1.692e+03      1.100e+01    6.100e+01    7.156e-02      11.65s       5         
8    9.470e+00    2.723e+04    4.830e+02      1.100e+01    6.100e+01    4.920e-02      10.94s       5         
9    9.235e+00    3.940e+07    7.464e+03      1.100e+01    6.100e+01    3.941e-02      10.27s       6         
10   9.277e+00    3.449e+09    1.101e+02      1.700e+01    1.081e+03    3.749e-02      9.60s        9         
11   1.094e+01    5.197e+08    2.474e+08      1.700e+01    7.100e+01    2.272e-02      9.24s        8         
12   1.096e+01    6.839e+11    1.297e+03      1.700e+01    7.100e+01    2.272e-02      8.50s        8         
13   1.057e+01    6.225e+03    8.835e+02      1.700e+01    7.100e+01    2.272e-02      16.02s       8         
14   1.021e+01    2.881e+04    2.856e+02      1.700e+01    7.100e+01    2.272e-02      6.94s        8         
15   1.082e+01    2.643e+07    3.816e+04      1.700e+01    7.100e+01    2.272e-02      6.51s        9         
16   1.131e+01    5.113e+04    6.594e+02      1.700e+01    7.100e+01    2.272e-02      5.80s        9         
17   1.091e+01    2.059e+06    2.899e+03      1.700e+01    7.100e+01    2.272e-02      5.03s        10        
18   1.055e+01    7.009e+07    1.589e+06      1.700e+01    7.100e+01    2.272e-02      4.28s        10        
19   1.111e+01    3.489e+06    1.343e+05      1.700e+01    7.100e+01    2.272e-02      3.58s        8         
20   1.154e+01    1.456e+03    7.667e+02      1.700e+01    7.100e+01    2.272e-02      2.82s        8         
21   1.223e+01    4.081e+06    5.204e+03      1.700e+01    7.100e+01    2.272e-02      2.19s        10        
22   1.274e+01    1.299e+05    4.804e+04      1.700e+01    7.100e+01    2.272e-02      1.47s        12        
23   1.406e+01    3.358e+11    6.779e+03      1.700e+01    7.100e+01    2.272e-02      0.75s        13        
24   1.478e+01    1.461e+07    4.286e+04      1.700e+01    7.100e+01    2.272e-02      0.00s        13        
25   1.496e+01    1.039e+05    5.192e+04      1.700e+01    7.100e+01    2.272e-02      18.11s       14        
26   1.556e+01    2.716e+06    3.228e+02      1.700e+01    7.100e+01    2.272e-02      17.59s       13        
27   1.488e+01    1.861e+05    9.626e+04      1.700e+01    7.100e+01    2.272e-02      17.01s       13        
28   1.507e+01    3.440e+06    2.707e+03      1.700e+01    7.100e+01    2.272e-02      15.96s       12        
29   1.445e+01    1.751e+05    4.985e+05      1.700e+01    7.100e+01    2.272e-02      15.11s       12        
30   1.429e+01    3.918e+07    1.911e+04      1.700e+01    7.100e+01    2.272e-02      14.31s       12        
31   1.379e+01    2.309e+03    9.438e+01      1.900e+01    1.430e+02    2.215e-02      13.22s       13        
32   1.466e+01    2.861e+04    1.141e+02      1.900e+01    1.430e+02    2.215e-02      13.08s       14        
33   1.504e+01    4.192e+04    4.764e+02      1.900e+01    1.430e+02    2.215e-02      12.13s       14        
34   1.478e+01    2.656e+03    8.689e+04      1.900e+01    1.430e+02    2.215e-02      11.30s       14        
35   1.497e+01    6.479e+03    1.973e+03      1.900e+01    1.430e+02    2.215e-02      10.69s       14        
36   1.486e+01    1.272e+03    5.037e+02      1.900e+01    1.430e+02    2.215e-02      10.02s       14        
37   1.485e+01    2.057e+06    1.848e+03      1.900e+01    1.430e+02    2.215e-02      9.18s        14        
38   1.517e+01    5.566e+08    3.020e+08      1.900e+01    1.430e+02    2.215e-02      8.35s        14        
39   1.583e+01    4.156e+08    1.975e+04      1.900e+01    1.430e+02    2.215e-02      7.78s        14        
40   1.504e+01    3.160e+02    1.357e+03      1.900e+01    1.430e+02    2.215e-02      6.87s        14        
41   1.577e+01    4.582e+04    4.747e+04      1.900e+01    1.430e+02    2.215e-02      6.14s        14        
42   1.579e+01    1.261e+08    8.613e+02      1.900e+01    1.430e+02    2.215e-02      5.52s        13        
43   1.538e+01    3.372e+06    1.308e+04      1.900e+01    1.430e+02    2.215e-02      4.64s        13        
44   1.424e+01    1.252e+03    2.558e+04      1.900e+01    1.430e+02    2.215e-02      7.35s        13        
45   1.512e+01    2.050e+06    1.375e+05      1.900e+01    1.430e+02    2.215e-02      3.00s        13        
46   1.464e+01    9.143e+08    2.405e+05      1.900e+01    1.430e+02    2.215e-02      2.26s        13        
47   1.478e+01    2.815e+05    9.541e+03      1.900e+01    1.430e+02    2.215e-02      1.53s        13        
48   1.469e+01    2.699e+08    2.275e+05      1.900e+01    1.430e+02    2.215e-02      0.76s        12        
49   1.472e+01    4.106e+03    1.084e+03      1.900e+01    1.430e+02    2.215e-02      0.00s        12        
50   1.481e+01    1.594e+10    4.799e+03      2.900e+01    4.300e+01    2.190e-02      18.25s       11        
51   1.515e+01    1.440e+05    1.602e+04      2.900e+01    4.300e+01    2.190e-02      17.63s       11        
52   1.585e+01    5.911e+05    1.626e+03      2.900e+01    4.300e+01    2.190e-02      16.95s       11        
53   1.543e+01    7.549e+06    2.389e+03      3.100e+01    4.900e+01    1.981e-02      15.82s       12        
54   1.637e+01    5.554e+03    3.073e+03      3.100e+01    4.900e+01    1.981e-02      15.46s       12        
55   1.735e+01    3.581e+06    6.785e+03      3.100e+01    4.900e+01    1.907e-02      15.11s       12        
56   1.651e+01    8.193e+02    3.358e+03      3.100e+01    4.900e+01    1.907e-02      13.67s       12        
57   1.624e+01    2.175e+03    2.759e+07      3.300e+01    5.100e+01    1.890e-02      13.11s       13        
58   1.866e+01    5.651e+06    6.910e+03      3.300e+01    5.100e+01    1.890e-02      12.83s       13        
59   1.755e+01    2.915e+02    2.857e+05      3.300e+01    5.100e+01    1.890e-02      11.62s       14        
60   1.773e+01    9.437e+06    1.808e+02      3.300e+01    5.100e+01    1.890e-02      11.16s       14        
61   1.741e+01    2.567e+03    1.077e+07      3.300e+01    5.100e+01    1.890e-02      10.36s       14        
62   1.830e+01    2.207e+05    9.253e+04      3.300e+01    5.100e+01    1.890e-02      9.40s        13        
63   1.798e+01    1.525e+07    2.547e+04      3.300e+01    5.100e+01    1.890e-02      8.85s        13        
64   1.768e+01    3.003e+03    8.873e+04      3.300e+01    5.100e+01    1.890e-02      8.01s        14        
65   1.916e+01    1.749e+05    1.710e+03      3.300e+01    5.100e+01    1.890e-02      7.33s        14        
66   1.896e+01    3.935e+03    6.720e+04      3.300e+01    5.100e+01    1.890e-02      6.47s        14        
67   1.843e+01    2.222e+06    2.227e+07      3.300e+01    5.100e+01    1.890e-02      5.73s        15        
68   1.900e+01    3.416e+05    7.632e+02      3.300e+01    5.100e+01    1.890e-02      4.86s        15        
69   1.879e+01    2.807e+07    4.494e+05      3.300e+01    5.100e+01    1.890e-02      4.23s        15        
70   1.886e+01    6.763e+05    4.384e+02      3.300e+01    5.100e+01    1.890e-02      3.36s        15        
71   1.887e+01    8.538e+12    1.044e+03      3.300e+01    5.100e+01    1.890e-02      2.56s        15        
72   1.930e+01    2.275e+05    5.020e+02      3.300e+01    5.100e+01    1.890e-02      1.70s        16        
73   1.904e+01    2.635e+04    4.968e+03      3.300e+01    5.100e+01    1.890e-02      1.57s        16        
74   1.928e+01    9.431e+05    2.087e+04      3.300e+01    5.100e+01    1.890e-02      0.00s        15        
75   1.903e+01    1.974e+08    1.057e+07      3.900e+01    7.300e+01    1.865e-02      19.16s       17        
76   2.052e+01    6.430e+08    2.362e+04      4.900e+01    4.130e+02    1.859e-02      18.83s       20        
77   2.273e+01    8.048e+02    1.086e+03      3.900e+01    1.330e+02    1.840e-02      18.64s       19        
78   2.199e+01    5.202e+07    1.709e+06      3.900e+01    1.330e+02    1.840e-02      17.87s       21        
79   2.220e+01    7.900e+04    4.541e+03      3.900e+01    1.330e+02    1.840e-02      17.20s       22        
80   2.397e+01    4.453e+05    1.110e+03      3.900e+01    1.330e+02    1.840e-02      16.51s       22        
81   2.295e+01    6.505e+07    3.165e+08      3.900e+01    1.330e+02    1.840e-02      15.32s       22        
82   2.360e+01    8.026e+03    1.861e+04      3.900e+01    1.330e+02    1.840e-02      14.85s       19        
83   2.301e+01    6.931e+06    1.078e+04      3.900e+01    1.330e+02    1.840e-02      13.74s       19        
84   2.279e+01    6.288e+09    1.475e+03      4.100e+01    2.050e+02    1.796e-02      12.82s       17        
85   2.082e+01    4.207e+02    9.739e+04      4.100e+01    2.050e+02    1.796e-02      11.85s       17        
86   2.121e+01    2.978e+05    2.240e+07      4.100e+01    2.050e+02    1.768e-02      10.92s       18        
87   2.127e+01    4.445e+06    2.641e+05      4.100e+01    2.050e+02    1.768e-02      10.07s       19        
88   2.316e+01    2.260e+07    8.995e+03      4.100e+01    2.050e+02    1.768e-02      9.22s        19        
89   2.214e+01    6.263e+02    5.186e+03      4.100e+01    2.050e+02    1.768e-02      8.54s        19        
90   2.311e+01    9.195e+05    9.287e+03      4.100e+01    2.050e+02    1.768e-02      7.82s        18        
91   2.155e+01    2.517e+05    2.079e+06      4.100e+01    2.050e+02    1.768e-02      6.80s        17        
92   2.025e+01    9.815e+02    3.172e+02      4.100e+01    2.050e+02    1.768e-02      5.83s        17        
93   2.058e+01    6.463e+06    8.684e+04      4.100e+01    2.050e+02    1.768e-02      4.85s        17        
94   2.059e+01    1.282e+04    2.468e+02      4.100e+01    2.050e+02    1.768e-02      4.16s        17        
95   2.048e+01    3.686e+04    4.928e+05      4.100e+01    2.050e+02    1.760e-02      3.34s        17        
96   2.141e+01    1.079e+09    5.877e+02      4.100e+01    2.050e+02    1.760e-02      2.48s        17        
97   2.084e+01    6.452e+03    3.117e+01      4.100e+01    2.050e+02    1.760e-02      1.65s        17        
98   2.145e+01    1.338e+05    1.108e+03      3.900e+01    2.030e+02    1.705e-02      0.83s        17        
99   2.078e+01    7.859e+04    4.751e+03      3.900e+01    2.030e+02    1.705e-02      0.00s        19        
100  2.180e+01    2.666e+11    2.019e+10      3.900e+01    2.030e+02    1.705e-02      20.15s       19        
101  2.104e+01    6.579e+02    5.317e+04      3.900e+01    3.470e+02    1.680e-02      35.93s       21        
102  2.248e+01    1.128e+03    1.982e+02      3.700e+01    1.790e+02    1.679e-02      18.92s       19        
103  2.118e+01    8.372e+04    1.720e+03      3.700e+01    1.790e+02    1.679e-02      17.55s       19        
104  2.087e+01    6.482e+05    5.724e+03      3.700e+01    1.790e+02    1.679e-02      16.54s       19        
105  2.142e+01    3.508e+06    2.955e+04      3.700e+01    1.790e+02    1.679e-02      15.82s       19        
106  2.110e+01    7.567e+05    6.723e+01      3.700e+01    1.790e+02    1.679e-02      14.89s       21        
107  2.209e+01    1.153e+08    6.023e+07      3.700e+01    1.790e+02    1.679e-02      14.29s       20        
108  2.269e+01    1.740e+05    8.082e+01      3.700e+01    1.790e+02    1.679e-02      13.85s       19        
109  2.115e+01    3.953e+02    1.357e+02      3.700e+01    1.790e+02    1.666e-02      12.77s       19        
110  2.123e+01    3.753e+05    7.558e+01      3.700e+01    1.790e+02    1.666e-02      11.87s       19        
111  2.200e+01    1.361e+05    7.391e+03      3.700e+01    1.790e+02    1.666e-02      11.04s       19        
112  2.238e+01    1.417e+04    1.146e+05      3.700e+01    1.790e+02    1.666e-02      10.35s       19        
113  2.154e+01    3.170e+06    7.511e+01      3.700e+01    1.790e+02    1.666e-02      9.45s        19        
114  2.211e+01    6.748e+07    1.935e+04      4.300e+01    8.090e+02    1.638e-02      8.49s        20        
115  2.223e+01    3.648e+08    6.431e+02      4.300e+01    8.090e+02    1.638e-02      7.81s        20        
116  2.264e+01    3.528e+03    5.460e+02      4.300e+01    8.090e+02    1.638e-02      6.98s        21        
117  2.341e+01    1.911e+07    5.741e+03      4.300e+01    8.090e+02    1.638e-02      5.99s        21        
118  2.321e+01    3.898e+04    2.130e+03      4.300e+01    8.090e+02    1.638e-02      5.29s        21        
119  2.294e+01    3.378e+03    4.646e+03      4.300e+01    8.090e+02    1.638e-02      4.30s        21        
120  2.280e+01    5.470e+03    5.741e+01      4.300e+01    8.090e+02    1.638e-02      3.45s        21        
121  2.277e+01    1.419e+03    1.744e+04      4.300e+01    8.090e+02    1.638e-02      2.56s        22        
122  2.388e+01    4.305e+08    4.510e+07      4.300e+01    7.190e+02    1.581e-02      1.77s        22        
123  2.329e+01    5.281e+08    6.020e+02      4.300e+01    7.190e+02    1.581e-02      0.88s        23        
124  2.257e+01    1.188e+05    1.592e+02      4.300e+01    7.190e+02    1.581e-02      0.00s        23        
125  2.263e+01    6.046e+02    2.829e+02      4.300e+01    7.190e+02    1.581e-02      21.08s       23        
126  2.366e+01    6.909e+04    3.499e+05      4.300e+01    7.190e+02    1.581e-02      20.05s       23        
127  2.388e+01    3.818e+11    1.202e+05      4.300e+01    7.190e+02    1.581e-02      19.22s       23        
128  2.334e+01    3.183e+03    1.655e+03      4.300e+01    7.190e+02    1.581e-02      33.65s       23        
129  2.395e+01    4.106e+04    1.844e+03      4.300e+01    7.190e+02    1.581e-02      17.53s       23        
130  2.359e+01    5.102e+04    1.662e+04      4.300e+01    7.190e+02    1.581e-02      17.09s       23        
131  2.296e+01    1.969e+04    5.450e+04      4.300e+01    7.190e+02    1.581e-02      15.33s       23        
132  2.296e+01    8.293e+10    9.981e+04      4.300e+01    7.190e+02    1.581e-02      14.86s       23        
133  2.349e+01    3.457e+03    2.638e+06      4.300e+01    7.190e+02    1.581e-02      14.21s       23        
134  2.285e+01    1.824e+03    4.454e+02      4.300e+01    7.190e+02    1.581e-02      13.47s       23        
135  2.282e+01    3.351e+03    2.110e+05      4.300e+01    7.190e+02    1.581e-02      12.69s       23        
136  2.276e+01    2.374e+05    8.675e+01      4.300e+01    7.190e+02    1.581e-02      11.69s       23        
137  2.377e+01    8.199e+07    2.222e+06      4.300e+01    7.190e+02    1.581e-02      10.87s       24        
138  2.446e+01    2.870e+05    2.898e+03      4.300e+01    7.190e+02    1.581e-02      10.11s       24        
139  2.411e+01    5.472e+06    1.297e+03      4.300e+01    7.190e+02    1.581e-02      9.04s        24        
140  2.386e+01    1.586e+07    1.602e+06      4.300e+01    7.190e+02    1.581e-02      8.06s        24        
141  2.427e+01    2.585e+06    5.536e+03      4.300e+01    7.190e+02    1.581e-02      7.38s        24        
142  2.470e+01    4.930e+02    4.128e+04      4.300e+01    7.190e+02    1.581e-02      6.15s        24        
143  2.469e+01    3.454e+04    3.121e+03      4.300e+01    7.190e+02    1.581e-02      5.38s        24        
144  2.479e+01    5.197e+03    5.497e+03      4.300e+01    7.190e+02    1.581e-02      4.40s        24        
145  2.395e+01    1.252e+03    2.612e+04      4.300e+01    7.190e+02    1.581e-02      3.51s        24        
146  2.471e+01    1.532e+04    1.060e+06      4.300e+01    7.190e+02    1.581e-02      2.69s        24        
147  2.451e+01    4.641e+03    6.106e+05      4.300e+01    7.190e+02    1.581e-02      1.77s        24        
148  2.406e+01    1.211e+05    9.855e+02      4.300e+01    7.190e+02    1.581e-02      0.88s        24        
149  2.407e+01    3.403e+04    3.753e+05      4.300e+01    7.190e+02    1.581e-02      0.00s        24        
150  2.416e+01    2.918e+12    1.843e+02      4.500e+01    1.643e+03    1.577e-02      21.99s       25        
151  2.480e+01    1.963e+06    2.418e+04      4.300e+01    7.190e+02    1.568e-02      21.42s       24        
152  2.382e+01    2.907e+07    4.742e+04      4.100e+01    6.290e+02    1.560e-02      20.17s       24        
153  2.541e+01    4.941e+06    9.113e+05      4.100e+01    6.290e+02    1.560e-02      19.79s       24        
154  2.459e+01    4.460e+08    4.505e+02      4.100e+01    6.290e+02    1.560e-02      32.38s       24        
155  2.425e+01    8.426e+07    3.866e+03      4.100e+01    6.290e+02    1.560e-02      17.14s       24        
156  2.417e+01    3.204e+04    3.334e+03      4.100e+01    6.290e+02    1.560e-02      16.47s       23        
157  2.427e+01    2.309e+07    9.626e+03      4.100e+01    6.290e+02    1.560e-02      15.77s       24        
158  2.416e+01    1.585e+04    4.298e+03      4.100e+01    6.290e+02    1.560e-02      14.65s       24        
159  2.420e+01    6.110e+05    1.851e+03      4.100e+01    6.290e+02    1.560e-02      13.45s       24        
160  2.448e+01    6.872e+04    1.878e+03      4.100e+01    6.290e+02    1.560e-02      12.92s       24        
161  2.503e+01    3.484e+12    8.510e+02      4.100e+01    6.290e+02    1.560e-02      11.83s       24        
162  2.474e+01    1.066e+04    5.186e+03      4.100e+01    6.290e+02    1.560e-02      11.32s       24        
163  2.461e+01    1.339e+11    2.257e+03      4.100e+01    6.290e+02    1.560e-02      10.10s       24        
164  2.527e+01    5.179e+06    2.915e+03      4.100e+01    6.290e+02    1.560e-02      9.30s        23        
165  2.421e+01    5.371e+07    7.117e+03      4.100e+01    6.290e+02    1.560e-02      8.19s        23        
166  2.409e+01    1.011e+05    1.482e+02      4.100e+01    6.290e+02    1.560e-02      7.36s        23        
167  2.387e+01    3.634e+05    5.946e+03      4.100e+01    4.490e+02    1.532e-02      6.45s        22        
168  2.323e+01    1.425e+03    5.664e+01      4.100e+01    4.490e+02    1.532e-02      5.44s        22        
169  2.318e+01    4.170e+05    2.447e+04      4.100e+01    4.490e+02    1.532e-02      4.49s        22        
170  2.311e+01    1.554e+04    3.874e+03      4.100e+01    4.490e+02    1.532e-02      3.61s        22        
171  2.325e+01    1.508e+05    1.893e+03      4.100e+01    4.490e+02    1.532e-02      2.67s        22        
172  2.255e+01    1.508e+03    3.700e+04      4.100e+01    4.490e+02    1.532e-02      1.76s        22        
173  2.312e+01    1.829e+11    4.760e+05      4.100e+01    4.490e+02    1.532e-02      0.89s        22        
174  2.334e+01    1.462e+11    9.458e+03      4.100e+01    4.490e+02    1.532e-02      0.00s        21        
175  2.259e+01    5.819e+06    1.949e+04      4.100e+01    4.490e+02    1.532e-02      21.57s       21        
176  2.327e+01    1.627e+08    7.895e+02      4.100e+01    4.490e+02    1.532e-02      20.48s       21        
177  2.382e+01    1.711e+05    7.859e+02      4.100e+01    4.490e+02    1.532e-02      19.55s       21        
178  2.241e+01    5.618e+05    2.698e+02      4.100e+01    4.490e+02    1.532e-02      18.79s       22        
179  2.314e+01    4.660e+09    6.784e+11      4.100e+01    4.490e+02    1.532e-02      17.52s       23        
180  2.423e+01    3.925e+07    2.208e+03      4.100e+01    4.490e+02    1.532e-02      31.12s       23        
181  2.425e+01    2.605e+02    3.167e+03      4.100e+01    4.490e+02    1.532e-02      15.92s       23        
182  2.420e+01    4.406e+04    2.107e+02      4.100e+01    4.490e+02    1.532e-02      15.63s       23        
183  2.390e+01    1.714e+08    3.004e+03      4.100e+01    4.490e+02    1.532e-02      14.60s       23        
184  2.336e+01    3.353e+05    1.887e+03      4.100e+01    4.490e+02    1.532e-02      13.64s       23        
185  2.548e+01    5.126e+03    8.222e+05      4.100e+01    4.490e+02    1.532e-02      12.90s       23        
186  2.367e+01    2.907e+03    1.089e+02      4.100e+01    4.490e+02    1.532e-02      12.00s       23        
187  2.398e+01    2.918e+07    5.860e+03      4.100e+01    4.490e+02    1.532e-02      10.80s       23        
188  2.412e+01    1.125e+07    4.640e+04      4.100e+01    4.490e+02    1.532e-02      9.99s        23        
189  2.443e+01    1.473e+12    2.447e+06      4.100e+01    4.490e+02    1.532e-02      9.27s        23        
190  2.451e+01    1.111e+05    6.314e+03      4.100e+01    4.490e+02    1.532e-02      8.22s        23        
191  2.423e+01    6.552e+07    4.479e+04      4.100e+01    4.490e+02    1.532e-02      7.39s        22        
192  2.251e+01    1.984e+03    1.249e+04      4.100e+01    4.490e+02    1.532e-02      6.35s        22        
193  2.347e+01    2.241e+03    1.800e+03      4.100e+01    4.490e+02    1.532e-02      5.44s        22        
194  2.258e+01    3.183e+06    1.012e+02      4.100e+01    4.490e+02    1.532e-02      4.50s        23        
195  2.344e+01    4.701e+04    2.258e+04      4.100e+01    6.270e+02    1.445e-02      3.52s        24        
196  2.434e+01    7.906e+05    2.056e+11      4.100e+01    6.270e+02    1.445e-02      2.80s        24        
197  2.467e+01    9.126e+05    1.229e+03      4.100e+01    6.270e+02    1.445e-02      1.88s        20        
198  2.093e+01    4.463e+03    3.101e+02      4.100e+01    6.270e+02    1.445e-02      0.88s        20        
199  2.194e+01    4.960e+11    1.744e+04      4.100e+01    6.270e+02    1.445e-02      0.00s        20        
200  2.235e+01    1.358e+04    4.959e+02      4.700e+01    1.215e+03    1.437e-02      20.35s       21        
201  2.400e+01    1.117e+03    5.343e+03      4.500e+01    7.350e+02    1.398e-02      20.37s       21        
202  2.368e+01    9.850e+03    1.280e+04      5.500e+01    2.445e+04    1.329e-02      19.59s       22        
203  2.437e+01    1.413e+08    2.636e+08      5.500e+01    2.445e+04    1.329e-02      18.75s       22        
204  2.462e+01    1.124e+06    8.390e+04      5.500e+01    2.445e+04    1.329e-02      18.11s       22        
205  2.536e+01    1.725e+05    2.360e+05      5.500e+01    2.445e+04    1.329e-02      17.54s       22        
206  2.349e+01    8.644e+04    1.362e+04      5.500e+01    2.445e+04    1.329e-02      30.28s       23        
207  2.538e+01    6.483e+11    1.218e+03      5.500e+01    2.445e+04    1.329e-02      15.86s       23        
208  2.629e+01    1.983e+04    6.335e+03      6.100e+01    4.725e+04    1.264e-02      14.51s       25        
209  2.629e+01    3.598e+06    1.169e+03      5.900e+01    9.855e+03    1.193e-02      14.17s       23        
210  2.533e+01    2.055e+09    6.332e+05      5.900e+01    9.855e+03    1.193e-02      13.31s       25        
211  2.621e+01    5.419e+06    2.510e+02      6.500e+01    1.403e+05    1.175e-02      12.15s       26        
212  2.820e+01    1.791e+05    1.074e+07      6.500e+01    1.403e+05    1.175e-02      11.42s       27        
213  2.960e+01    2.276e+04    1.320e+03      6.500e+01    1.403e+05    1.172e-02      10.88s       26        
214  2.927e+01    4.527e+05    2.595e+05      6.500e+01    1.403e+05    1.172e-02      9.89s        27        
215  2.987e+01    3.126e+05    1.056e+02      6.500e+01    8.190e+04    1.141e-02      8.97s        28        
216  3.084e+01    2.944e+07    2.022e+03      6.500e+01    8.190e+04    1.141e-02      7.87s        26        
217  2.748e+01    1.854e+09    1.492e+02      6.500e+01    8.190e+04    1.141e-02      6.84s        26        
218  2.807e+01    9.725e+07    7.962e+05      6.500e+01    8.190e+04    1.141e-02      5.78s        26        
219  2.761e+01    5.731e+08    3.981e+01      6.500e+01    8.190e+04    1.141e-02      4.76s        27        
220  2.983e+01    4.219e+05    1.759e+02      6.500e+01    8.190e+04    1.141e-02      3.97s        29        
221  3.070e+01    1.089e+06    1.197e+09      6.700e+01    9.832e+04    1.135e-02      3.02s        27        
222  3.003e+01    2.292e+06    9.703e+03      6.700e+01    9.832e+04    1.135e-02      1.99s        27        
223  2.840e+01    1.048e+04    2.046e+02      6.700e+01    9.832e+04    1.135e-02      0.97s        27        
224  2.966e+01    8.081e+05    1.328e+04      6.100e+01    3.266e+04    1.134e-02      0.00s        27        
225  2.957e+01    7.935e+06    2.685e+02      6.100e+01    3.266e+04    1.134e-02      23.52s       27        
226  2.923e+01    9.175e+09    7.977e+04      6.100e+01    3.266e+04    1.134e-02      22.44s       27        
227  2.882e+01    1.038e+08    2.324e+02      6.100e+01    3.266e+04    1.134e-02      21.28s       28        
228  3.044e+01    1.110e+06    1.798e+07      6.500e+01    3.083e+04    1.131e-02      20.73s       28        
229  2.892e+01    4.158e+13    2.588e+10      6.500e+01    3.083e+04    1.131e-02      19.31s       29        
230  3.014e+01    3.485e+05    9.391e+01      6.500e+01    3.083e+04    1.131e-02      33.55s       30        
231  3.052e+01    1.009e+04    1.358e+04      6.100e+01    9.855e+03    1.123e-02      18.25s       29        
232  3.017e+01    2.207e+05    1.310e+04      6.100e+01    9.855e+03    1.123e-02      16.42s       29        
233  2.991e+01    4.814e+05    1.580e+03      6.100e+01    9.855e+03    1.123e-02      15.98s       30        
234  3.077e+01    4.630e+04    2.695e+01      6.100e+01    9.855e+03    1.123e-02      15.06s       30        
235  3.049e+01    2.714e+10    1.183e+06      6.100e+01    9.855e+03    1.123e-02      14.30s       30        
236  3.240e+01    7.187e+04    1.437e+02      6.100e+01    9.855e+03    1.123e-02      13.38s       30        
237  3.018e+01    1.523e+09    9.684e+04      5.700e+01    5.253e+03    1.117e-02      12.12s       30        
238  3.038e+01    1.064e+04    4.380e+02      5.700e+01    5.253e+03    1.117e-02      11.19s       30        
239  3.014e+01    2.541e+11    3.965e+02      5.700e+01    5.253e+03    1.117e-02      10.40s       30        
240  3.003e+01    4.371e+04    1.230e+03      5.700e+01    5.253e+03    1.117e-02      9.11s        30        
241  3.096e+01    1.691e+06    2.427e+02      5.700e+01    5.253e+03    1.117e-02      8.17s        31        
242  3.083e+01    4.748e+07    9.578e+01      5.700e+01    5.253e+03    1.117e-02      7.07s        31        
243  2.970e+01    7.678e+05    1.698e+02      5.700e+01    5.253e+03    1.117e-02      5.98s        31        
244  3.107e+01    3.356e+05    1.202e+02      5.700e+01    5.253e+03    1.117e-02      5.12s        31        
245  3.074e+01    2.327e+05    2.093e+05      5.700e+01    5.253e+03    1.117e-02      4.04s        31        
246  3.126e+01    2.204e+07    1.590e+02      5.700e+01    5.253e+03    1.117e-02      3.08s        31        
247  3.073e+01    1.258e+04    6.069e+03      5.100e+01    4.287e+03    1.088e-02      2.00s        30        
248  3.091e+01    1.837e+04    3.036e+02      5.100e+01    4.287e+03    1.088e-02      1.00s        28        
249  2.751e+01    3.829e+03    6.111e+02      5.100e+01    4.287e+03    1.088e-02      0.00s        28        
250  2.978e+01    7.500e+10    2.187e+03      5.100e+01    4.287e+03    1.088e-02      23.91s       28        
251  2.847e+01    1.145e+08    2.475e+09      5.100e+01    4.287e+03    1.088e-02      22.83s       28        
252  2.907e+01    5.659e+06    6.349e+03      5.100e+01    4.287e+03    1.088e-02      21.33s       28        
253  2.906e+01    7.067e+03    3.313e+06      5.100e+01    4.287e+03    1.088e-02      36.91s       28        
254  2.905e+01    3.026e+05    3.207e+02      5.100e+01    4.287e+03    1.088e-02      19.68s       29        
255  3.041e+01    6.792e+06    5.351e+04      5.100e+01    4.287e+03    1.088e-02      18.79s       29        
256  2.870e+01    3.349e+04    3.304e+03      5.100e+01    4.287e+03    1.058e-02      17.70s       29        
257  2.916e+01    2.872e+09    3.113e+02      5.100e+01    4.287e+03    1.058e-02      16.65s       29        
258  2.854e+01    3.323e+10    1.729e+05      5.100e+01    4.287e+03    1.058e-02      15.98s       29        
259  2.794e+01    3.869e+03    2.464e+02      5.100e+01    4.287e+03    1.058e-02      14.66s       29        
260  2.900e+01    2.133e+05    1.029e+04      5.100e+01    4.287e+03    1.058e-02      13.80s       29        
261  2.936e+01    1.502e+05    4.635e+07      5.100e+01    4.287e+03    1.058e-02      12.75s       30        
262  2.882e+01    2.128e+04    2.864e+02      5.100e+01    4.287e+03    1.058e-02      11.66s       30        
263  2.996e+01    4.590e+06    5.092e+05      5.100e+01    4.287e+03    1.058e-02      10.99s       30        
264  2.959e+01    1.081e+10    2.015e+02      5.100e+01    4.287e+03    1.058e-02      10.11s       30        
265  2.944e+01    3.679e+07    5.875e+03      5.100e+01    4.287e+03    1.058e-02      9.17s        30        
266  3.009e+01    8.814e+11    7.711e+02      5.100e+01    4.287e+03    1.058e-02      8.26s        30        
267  2.928e+01    8.206e+04    2.729e+05      5.100e+01    4.287e+03    1.058e-02      7.24s        31        
268  3.034e+01    1.121e+10    1.560e+05      5.100e+01    4.287e+03    1.058e-02      6.36s        31        
269  2.994e+01    5.018e+08    1.249e+04      5.100e+01    4.287e+03    1.019e-02      5.13s        29        
270  2.911e+01    7.866e+04    3.206e+05      5.100e+01    4.287e+03    1.019e-02      4.03s        28        
271  2.866e+01    1.212e+10    4.167e+05      5.100e+01    4.287e+03    1.019e-02      3.02s        28        
272  2.869e+01    4.936e+05    4.541e+02      5.100e+01    4.287e+03    1.019e-02      2.02s        28        
273  2.921e+01    5.071e+05    6.410e+05      5.100e+01    4.287e+03    1.019e-02      1.01s        28        
274  2.914e+01    2.644e+10    3.883e+04      5.100e+01    4.287e+03    1.019e-02      0.00s        29        
275  2.854e+01    1.971e+08    6.998e+05      5.100e+01    4.287e+03    1.019e-02      23.59s       29        
276  2.918e+01    9.842e+06    3.667e+02      5.100e+01    4.287e+03    1.019e-02      40.43s       29        
277  3.005e+01    3.722e+08    3.299e+06      5.100e+01    4.287e+03    1.019e-02      22.84s       29        
278  2.897e+01    4.189e+06    1.451e+03      5.100e+01    4.287e+03    1.019e-02      20.41s       29        
279  2.886e+01    1.791e+04    2.940e+02      5.100e+01    4.287e+03    1.019e-02      19.98s       29        
280  2.911e+01    2.454e+07    7.882e+01      5.100e+01    4.287e+03    1.019e-02      19.29s       30        
281  2.907e+01    5.519e+06    5.437e+02      5.100e+01    4.287e+03    1.019e-02      18.24s       30        
282  2.907e+01    9.046e+07    1.981e+09      5.100e+01    4.287e+03    1.019e-02      17.39s       30        
283  2.970e+01    4.730e+03    1.279e+02      5.100e+01    4.287e+03    1.019e-02      16.28s       30        
284  2.952e+01    5.270e+07    4.011e+02      5.100e+01    4.287e+03    1.019e-02      15.02s       30        
285  2.845e+01    8.700e+04    1.434e+03      5.100e+01    4.287e+03    1.019e-02      14.05s       30        
286  2.910e+01    2.742e+04    2.280e+03      5.100e+01    4.287e+03    1.019e-02      13.04s       31        
287  2.970e+01    4.488e+09    1.372e+03      5.100e+01    4.287e+03    1.019e-02      12.23s       31        
288  2.977e+01    2.377e+08    1.737e+03      5.100e+01    4.287e+03    1.019e-02      11.16s       32        
289  3.016e+01    2.768e+05    3.037e+03      5.100e+01    4.287e+03    1.019e-02      10.02s       32        
290  3.020e+01    4.295e+05    3.762e+03      5.100e+01    4.287e+03    1.019e-02      9.17s        32        
291  3.051e+01    3.119e+05    1.474e+06      5.100e+01    4.287e+03    1.019e-02      8.15s        32        
292  2.982e+01    5.924e+04    3.348e+01      5.100e+01    4.287e+03    1.019e-02      7.12s        32        
293  2.989e+01    3.645e+04    4.839e+03      5.100e+01    4.287e+03    1.019e-02      6.09s        30        
294  2.906e+01    4.780e+11    1.698e+07      5.100e+01    4.287e+03    1.019e-02      5.04s        30        
295  2.925e+01    5.501e+10    3.839e+03      5.100e+01    4.287e+03    1.019e-02      4.07s        30        
296  3.007e+01    3.318e+03    9.815e+01      5.100e+01    4.287e+03    1.019e-02      3.00s        30        
297  2.834e+01    1.528e+03    4.099e+02      5.100e+01    4.287e+03    1.019e-02      1.97s        30        
298  3.013e+01    1.633e+10    8.631e+02      5.100e+01    4.287e+03    1.019e-02      1.00s        30        
299  2.974e+01    3.324e+05    6.640e+07      5.100e+01    4.287e+03    1.019e-02      0.00s        30        
300  2.985e+01    5.291e+05    2.148e+02      5.100e+01    4.287e+03    1.019e-02      41.90s       30        
301  2.911e+01    8.458e+05    9.655e+01      5.100e+01    4.287e+03    1.019e-02      22.62s       30        
302  3.098e+01    1.481e+06    6.678e+01      5.100e+01    4.287e+03    1.019e-02      22.23s       30        
303  3.014e+01    7.441e+04    8.864e+03      5.100e+01    4.287e+03    1.019e-02      21.24s       27        
304  2.873e+01    1.674e+05    7.441e+01      5.100e+01    4.287e+03    1.019e-02      19.52s       27        
305  2.724e+01    2.041e+04    1.346e+06      5.100e+01    4.287e+03    1.019e-02      18.34s       27        
306  2.768e+01    6.676e+04    2.864e+07      5.100e+01    3.375e+03    9.306e-03      17.99s       26        
307  2.786e+01    1.290e+07    8.958e+05      5.100e+01    3.375e+03    9.306e-03      16.68s       27        
308  2.742e+01    3.967e+05    2.082e+05      5.100e+01    3.375e+03    9.306e-03      15.46s       27        
309  2.859e+01    5.703e+05    2.940e+02      5.100e+01    3.375e+03    9.306e-03      14.53s       27        
310  2.819e+01    5.247e+06    9.762e+02      5.100e+01    3.375e+03    9.306e-03      13.69s       27        
311  2.771e+01    2.104e+06    2.983e+02      5.100e+01    3.375e+03    9.306e-03      12.77s       27        
312  2.812e+01    1.786e+04    8.658e+01      5.100e+01    3.375e+03    9.306e-03      11.71s       28        
313  2.920e+01    2.809e+06    1.383e+07      5.100e+01    3.375e+03    9.306e-03      10.85s       28        
314  2.801e+01    5.402e+08    8.629e+05      5.100e+01    3.375e+03    9.306e-03      9.75s        28        
315  2.865e+01    7.787e+08    3.466e+03      5.100e+01    3.375e+03    9.306e-03      8.89s        28        
316  2.847e+01    2.092e+07    9.098e+04      5.100e+01    3.375e+03    9.173e-03      7.99s        28        
317  2.830e+01    3.027e+06    2.781e+03      5.100e+01    3.375e+03    9.173e-03      6.79s        28        
318  2.896e+01    8.219e+03    7.000e+02      5.100e+01    3.375e+03    9.173e-03      5.83s        28        
319  2.795e+01    1.744e+03    2.162e+02      5.100e+01    3.375e+03    9.173e-03      4.94s        28        
320  2.789e+01    3.387e+07    9.464e+06      5.100e+01    3.375e+03    9.173e-03      3.92s        28        
321  2.792e+01    3.049e+04    2.160e+04      5.100e+01    3.375e+03    9.173e-03      2.92s        29        
322  2.960e+01    8.305e+05    1.840e+06      5.100e+01    3.375e+03    9.173e-03      1.95s        30        
323  2.991e+01    3.129e+14    3.419e+04      5.100e+01    3.375e+03    9.173e-03      0.98s        30        
324  2.988e+01    8.718e+03    4.550e+03      5.100e+01    3.375e+03    9.173e-03      0.00s        30        
325  2.964e+01    2.676e+07    3.414e+03      5.100e+01    3.375e+03    9.173e-03      42.32s       31        
326  3.073e+01    2.585e+03    4.412e+02      5.100e+01    3.375e+03    9.173e-03      23.66s       32        
327  3.077e+01    7.579e+03    1.591e+04      5.100e+01    3.375e+03    9.173e-03      22.61s       32        
328  3.252e+01    2.450e+09    3.710e+03      5.100e+01    3.375e+03    9.173e-03      21.70s       31        
329  3.085e+01    3.916e+03    4.006e+04      5.100e+01    3.375e+03    9.173e-03      20.60s       31        
330  3.096e+01    4.105e+04    1.178e+03      5.100e+01    3.375e+03    9.173e-03      19.90s       32        
331  3.311e+01    5.790e+04    5.641e+04      5.100e+01    3.375e+03    9.173e-03      19.41s       33        
332  3.247e+01    2.481e+04    2.095e+02      5.100e+01    3.375e+03    9.173e-03      17.93s       35        
333  3.195e+01    2.565e+03    9.463e+06      5.100e+01    3.375e+03    9.173e-03      16.84s       35        
334  3.246e+01    4.657e+03    7.183e+04      5.100e+01    3.375e+03    9.173e-03      15.57s       34        
335  3.237e+01    1.337e+08    1.876e+06      5.100e+01    3.375e+03    9.173e-03      14.88s       33        
336  3.361e+01    2.907e+11    2.520e+03      5.100e+01    3.375e+03    9.173e-03      13.82s       33        
337  3.219e+01    3.194e+04    4.324e+02      5.100e+01    3.375e+03    9.173e-03      12.54s       34        
338  3.224e+01    3.712e+06    9.722e+03      5.100e+01    3.375e+03    9.173e-03      11.62s       33        
339  3.155e+01    8.746e+10    4.989e+01      5.100e+01    3.375e+03    9.173e-03      10.34s       33        
340  3.150e+01    8.680e+03    4.376e+03      5.100e+01    3.375e+03    9.173e-03      9.54s        33        
341  3.107e+01    2.626e+03    6.393e+02      5.100e+01    3.375e+03    9.173e-03      8.38s        33        
342  3.243e+01    5.203e+10    8.017e+03      5.100e+01    3.375e+03    9.173e-03      7.18s        33        
343  3.171e+01    3.244e+06    6.230e+04      5.100e+01    3.375e+03    9.173e-03      6.20s        33        
344  3.213e+01    1.292e+07    5.131e+02      5.100e+01    3.375e+03    9.173e-03      5.27s        34        
345  3.230e+01    4.915e+05    3.614e+04      5.100e+01    3.375e+03    9.173e-03      4.11s        34        
346  3.206e+01    4.812e+05    3.701e+04      5.100e+01    3.375e+03    9.173e-03      3.09s        33        
347  3.066e+01    2.413e+08    1.150e+03      5.100e+01    3.375e+03    9.173e-03      3.59s        33        
348  3.176e+01    4.216e+04    9.292e+01      5.100e+01    3.375e+03    9.173e-03      1.06s        34        
349  3.092e+01    2.092e+14    8.744e+01      5.100e+01    3.375e+03    8.869e-03      0.00s        35        
350  3.218e+01    8.027e+12    7.036e+04      5.100e+01    3.375e+03    8.869e-03      26.12s       35        
351  3.153e+01    4.445e+10    2.518e+03      5.100e+01    3.375e+03    8.869e-03      24.80s       35        
352  3.287e+01    2.218e+10    1.078e+03      5.100e+01    3.375e+03    8.869e-03      24.15s       35        
353  3.267e+01    9.016e+03    3.892e+04      5.100e+01    3.375e+03    8.869e-03      22.67s       35        
354  3.187e+01    2.555e+04    1.210e+05      5.100e+01    3.375e+03    8.869e-03      21.21s       34        
355  3.254e+01    8.963e+05    5.428e+03      5.100e+01    3.375e+03    8.869e-03      20.00s       34        
356  3.208e+01    9.258e+09    5.900e+06      5.100e+01    3.375e+03    8.869e-03      19.29s       34        
357  3.159e+01    5.888e+12    2.181e+02      5.100e+01    3.375e+03    8.869e-03      18.39s       36        
358  3.280e+01    1.102e+04    4.291e+05      5.100e+01    3.375e+03    8.869e-03      17.32s       36        
359  3.242e+01    8.448e+04    3.971e+01      5.100e+01    3.375e+03    8.869e-03      16.43s       36        
360  3.271e+01    1.491e+07    1.341e+02      5.100e+01    3.375e+03    8.869e-03      15.57s       36        
361  3.189e+01    2.152e+07    6.257e+05      5.100e+01    3.375e+03    8.869e-03      14.11s       36        
362  3.202e+01    3.529e+06    1.475e+07      5.100e+01    3.375e+03    8.869e-03      12.75s       37        
363  3.291e+01    3.475e+04    9.699e+02      5.100e+01    3.375e+03    8.869e-03      11.52s       37        
364  3.300e+01    4.438e+04    1.524e+04      5.100e+01    3.375e+03    8.869e-03      10.78s       31        
365  3.052e+01    7.528e+03    7.652e+03      5.100e+01    3.375e+03    8.869e-03      9.45s        30        
366  2.948e+01    1.098e+05    3.012e+03      5.100e+01    3.375e+03    8.869e-03      8.29s        30        
367  2.935e+01    3.075e+06    6.290e+01      5.100e+01    3.375e+03    8.869e-03      7.13s        30        
368  2.941e+01    3.040e+05    6.041e+04      5.100e+01    3.375e+03    8.869e-03      6.04s        31        
369  2.925e+01    3.060e+03    9.326e+03      5.100e+01    3.375e+03    8.869e-03      8.90s        32        
370  3.120e+01    5.302e+03    8.006e+03      5.100e+01    3.375e+03    8.869e-03      4.18s        32        
371  3.143e+01    7.193e+08    1.798e+02      5.100e+01    3.375e+03    8.869e-03      3.09s        33        
372  3.150e+01    1.500e+06    5.416e+03      5.100e+01    3.375e+03    8.869e-03      2.02s        34        
373  3.164e+01    3.501e+05    4.606e+02      5.100e+01    3.375e+03    8.869e-03      1.02s        30        
374  3.142e+01    4.314e+13    1.147e+06      5.100e+01    3.375e+03    8.869e-03      0.00s        30        
375  3.088e+01    7.689e+10    6.760e+03      5.100e+01    3.375e+03    8.869e-03      24.42s       32        
376  3.260e+01    1.758e+12    5.128e+03      5.100e+01    3.375e+03    8.869e-03      23.32s       32        
377  3.235e+01    3.646e+07    5.468e+02      5.100e+01    3.375e+03    8.869e-03      22.66s       33        
378  3.180e+01    1.603e+10    5.440e+08      5.100e+01    3.375e+03    8.869e-03      21.79s       33        
379  3.350e+01    4.309e+04    6.268e+02      5.100e+01    3.375e+03    8.869e-03      20.97s       32        
380  3.173e+01    5.642e+04    1.572e+02      5.100e+01    3.375e+03    8.869e-03      19.54s       31        
381  3.127e+01    2.684e+04    1.096e+04      5.100e+01    3.375e+03    8.869e-03      18.03s       33        
382  3.202e+01    6.334e+05    1.274e+06      5.100e+01    3.375e+03    8.869e-03      17.15s       33        
383  3.164e+01    4.625e+07    3.260e+02      5.100e+01    3.375e+03    8.869e-03      16.23s       33        
384  3.246e+01    3.777e+03    3.919e+02      5.100e+01    3.375e+03    8.869e-03      15.56s       32        
385  3.291e+01    5.895e+05    7.558e+06      5.100e+01    3.375e+03    8.869e-03      14.10s       31        
386  3.209e+01    8.083e+06    4.531e+02      5.100e+01    3.375e+03    8.869e-03      13.27s       33        
387  3.319e+01    4.415e+03    9.715e+02      5.100e+01    3.375e+03    8.869e-03      12.30s       33        
388  3.343e+01    3.010e+06    1.130e+03      5.100e+01    3.375e+03    8.869e-03      11.43s       34        
389  3.391e+01    1.149e+03    3.699e+03      5.100e+01    3.375e+03    8.869e-03      10.30s       34        
390  3.326e+01    2.263e+03    8.281e+01      5.100e+01    3.375e+03    8.869e-03      9.29s        34        
391  3.271e+01    4.115e+03    1.898e+04      5.100e+01    3.375e+03    8.869e-03      14.53s       32        
392  3.143e+01    4.989e+04    2.516e+04      5.100e+01    3.375e+03    8.869e-03      7.15s        33        
393  3.259e+01    2.961e+08    1.943e+04      5.100e+01    3.375e+03    8.869e-03      6.24s        33        
394  3.244e+01    1.966e+05    1.540e+02      5.100e+01    3.375e+03    8.869e-03      5.11s        33        
395  3.216e+01    4.518e+03    3.770e+03      5.100e+01    3.375e+03    8.869e-03      4.08s        33        
396  3.149e+01    1.241e+03    1.836e+02      5.100e+01    3.375e+03    8.869e-03      3.05s        33        
397  3.253e+01    8.728e+04    2.904e+01      5.100e+01    3.375e+03    8.869e-03      2.10s        33        
398  3.266e+01    1.077e+06    7.509e+04      5.100e+01    3.375e+03    8.869e-03      1.04s        34        
399  3.270e+01    5.424e+06    2.323e+04      5.100e+01    3.375e+03    8.869e-03      0.00s        35        
400  3.209e+01    2.669e+03    5.098e+03      5.100e+01    3.375e+03    8.869e-03      25.22s       33        
401  3.195e+01    2.902e+06    2.960e+02      5.100e+01    3.375e+03    8.869e-03      23.29s       33        
402  3.281e+01    6.179e+07    7.655e+02      5.100e+01    3.375e+03    8.869e-03      22.63s       33        
403  3.209e+01    1.523e+05    1.142e+07      5.100e+01    3.375e+03    8.869e-03      21.11s       33        
404  3.230e+01    2.932e+04    6.333e+05      5.100e+01    3.375e+03    8.869e-03      20.30s       33        
405  3.156e+01    6.938e+08    1.713e+02      5.100e+01    3.375e+03    8.869e-03      19.13s       33        
406  3.181e+01    7.279e+10    3.128e+03      5.100e+01    3.375e+03    8.869e-03      18.12s       33        
407  3.136e+01    2.896e+04    5.736e+05      5.100e+01    3.375e+03    8.869e-03      17.08s       33        
408  3.191e+01    3.406e+07    1.144e+03      5.100e+01    3.375e+03    8.869e-03      16.43s       33        
409  3.137e+01    5.916e+08    1.021e+03      5.100e+01    3.375e+03    8.869e-03      15.32s       33        
410  3.158e+01    7.540e+11    5.541e+04      5.100e+01    3.375e+03    8.869e-03      14.12s       33        
411  3.248e+01    4.837e+14    1.222e+08      5.100e+01    3.375e+03    8.869e-03      13.46s       33        
412  3.049e+01    2.576e+06    2.283e+04      5.100e+01    3.375e+03    8.869e-03      11.87s       34        
413  3.104e+01    3.668e+05    1.378e+03      5.100e+01    3.375e+03    8.869e-03      11.03s       34        
414  3.127e+01    6.676e+07    2.918e+07      5.100e+01    3.375e+03    8.869e-03      18.24s       34        
415  3.127e+01    1.047e+04    6.538e+01      5.100e+01    3.375e+03    8.869e-03      9.10s        34        
416  3.174e+01    3.392e+03    9.559e+02      5.100e+01    3.375e+03    8.869e-03      8.17s        34        
417  3.218e+01    3.003e+06    3.034e+03      5.100e+01    3.375e+03    8.869e-03      7.24s        34        
418  3.207e+01    6.025e+10    9.311e+03      5.100e+01    3.375e+03    8.869e-03      6.14s        35        
419  3.273e+01    2.841e+04    8.934e+02      5.100e+01    3.375e+03    8.869e-03      5.18s        35        
420  3.115e+01    7.628e+06    7.807e+02      5.100e+01    3.375e+03    8.869e-03      4.11s        35        
421  3.242e+01    1.471e+05    3.291e+04      5.100e+01    3.375e+03    8.869e-03      3.14s        35        
422  3.269e+01    9.383e+03    1.503e+03      5.100e+01    3.375e+03    8.869e-03      2.08s        35        
423  3.169e+01    1.233e+05    1.037e+03      5.100e+01    3.375e+03    8.869e-03      1.02s        35        
424  3.154e+01    4.768e+04    2.891e+03      5.100e+01    3.375e+03    8.869e-03      0.00s        35        
425  3.201e+01    3.922e+05    2.859e+02      5.100e+01    3.375e+03    8.869e-03      24.60s       37        
426  3.365e+01    1.318e+05    7.980e+04      5.100e+01    3.375e+03    8.869e-03      23.88s       37        
427  3.273e+01    1.862e+09    1.144e+05      5.100e+01    3.375e+03    8.869e-03      22.90s       37        
428  3.278e+01    4.168e+04    1.620e+02      5.100e+01    3.375e+03    8.869e-03      21.22s       38        
429  3.462e+01    1.935e+05    7.055e+04      5.100e+01    3.375e+03    8.869e-03      20.74s       38        
430  3.539e+01    3.887e+15    4.408e+06      5.100e+01    3.375e+03    8.869e-03      20.10s       37        
431  3.275e+01    9.898e+10    2.785e+04      5.100e+01    3.375e+03    8.869e-03      18.80s       38        
432  3.281e+01    2.452e+03    3.138e+02      5.100e+01    3.375e+03    8.869e-03      17.52s       39        
433  3.442e+01    8.385e+07    1.054e+07      5.100e+01    3.375e+03    8.869e-03      16.61s       39        
434  3.452e+01    2.743e+07    6.547e+04      5.100e+01    3.375e+03    8.869e-03      15.76s       39        
435  3.394e+01    7.665e+12    4.608e+04      5.100e+01    3.375e+03    8.869e-03      14.58s       39        
436  3.363e+01    8.390e+05    3.873e+06      5.100e+01    3.375e+03    8.869e-03      24.37s       39        
437  3.371e+01    1.085e+11    8.008e+05      5.100e+01    3.375e+03    8.869e-03      13.34s       40        
438  3.415e+01    1.420e+09    4.428e+04      5.100e+01    3.375e+03    8.869e-03      11.76s       41        
439  3.374e+01    2.072e+04    2.954e+03      5.100e+01    3.375e+03    8.869e-03      10.60s       41        
440  3.535e+01    3.899e+15    9.088e+05      5.100e+01    3.375e+03    8.869e-03      9.76s        41        
441  3.435e+01    5.632e+07    2.611e+05      5.100e+01    3.375e+03    8.869e-03      8.77s        41        
442  3.473e+01    2.281e+05    1.592e+03      5.100e+01    3.375e+03    8.869e-03      7.72s        41        
443  3.533e+01    3.908e+08    2.903e+05      5.100e+01    3.375e+03    8.869e-03      6.75s        41        
444  3.420e+01    1.268e+08    1.183e+03      5.100e+01    3.375e+03    8.869e-03      5.60s        41        
445  3.456e+01    1.099e+04    1.311e+02      5.100e+01    3.375e+03    8.869e-03      4.58s        42        
446  3.593e+01    2.031e+07    2.038e+07      5.100e+01    3.375e+03    8.869e-03      3.43s        42        
447  3.581e+01    9.458e+07    1.261e+04      5.100e+01    3.375e+03    8.869e-03      2.30s        40        
448  3.617e+01    2.497e+06    1.149e+02      5.100e+01    3.375e+03    8.869e-03      1.14s        40        
449  3.696e+01    3.745e+03    1.445e+02      5.100e+01    3.375e+03    8.869e-03      0.00s        40        
450  3.554e+01    1.414e+11    9.662e+10      5.100e+01    3.375e+03    8.869e-03      26.25s       40        
451  3.551e+01    6.817e+09    1.552e+02      5.100e+01    3.375e+03    8.869e-03      25.97s       40        
452  3.663e+01    5.435e+03    1.912e+03      5.100e+01    3.375e+03    8.869e-03      25.22s       39        
453  3.615e+01    2.374e+03    1.080e+03      5.100e+01    3.375e+03    8.869e-03      24.12s       38        
454  3.606e+01    2.919e+09    5.332e+02      5.100e+01    3.375e+03    8.869e-03      22.57s       39        
455  3.481e+01    7.598e+05    1.222e+04      5.100e+01    3.375e+03    8.869e-03      21.30s       40        
456  3.635e+01    2.135e+05    4.242e+02      5.100e+01    3.375e+03    8.869e-03      20.02s       41        
457  3.543e+01    6.639e+05    4.643e+03      5.100e+01    3.375e+03    8.869e-03      33.26s       41        
458  3.527e+01    3.596e+03    1.720e+05      5.100e+01    3.375e+03    8.869e-03      18.00s       41        
459  3.463e+01    1.078e+10    1.342e+05      5.100e+01    3.375e+03    8.869e-03      16.66s       41        
460  3.457e+01    3.591e+04    6.510e+03      5.100e+01    3.375e+03    8.869e-03      15.52s       41        
461  3.655e+01    3.432e+06    9.125e+04      5.100e+01    3.375e+03    8.869e-03      14.95s       41        
462  3.588e+01    2.274e+04    6.632e+03      5.100e+01    3.375e+03    8.869e-03      13.47s       40        
463  3.691e+01    8.101e+08    1.186e+03      5.100e+01    3.375e+03    8.869e-03      12.47s       40        
464  3.605e+01    2.328e+06    1.888e+02      5.100e+01    3.375e+03    8.869e-03      11.36s       40        
465  3.527e+01    7.648e+04    6.714e+02      5.100e+01    3.375e+03    8.869e-03      10.44s       39        
466  3.509e+01    1.246e+06    2.277e+02      5.100e+01    3.375e+03    8.869e-03      9.05s        39        
467  3.522e+01    1.740e+04    1.480e+02      5.100e+01    3.375e+03    8.869e-03      7.70s        40        
468  3.631e+01    3.931e+04    5.005e+04      5.100e+01    3.375e+03    8.869e-03      6.69s        41        
469  3.694e+01    2.237e+08    8.941e+01      5.100e+01    3.375e+03    8.869e-03      5.62s        41        
470  3.530e+01    2.992e+04    7.324e+03      5.100e+01    3.375e+03    8.869e-03      4.46s        41        
471  3.464e+01    7.200e+06    2.126e+03      5.100e+01    3.375e+03    8.869e-03      3.33s        40        
472  3.504e+01    4.073e+05    7.741e+07      5.100e+01    3.375e+03    8.869e-03      2.22s        40        
473  3.735e+01    5.060e+03    1.472e+03      5.100e+01    3.375e+03    8.869e-03      1.15s        40        
474  3.577e+01    1.274e+04    9.580e+02      5.100e+01    3.375e+03    8.869e-03      0.00s        40        
475  3.643e+01    5.133e+06    2.235e+07      5.100e+01    3.375e+03    8.869e-03      26.56s       41        
476  3.666e+01    1.643e+03    6.044e+02      5.100e+01    3.375e+03    8.869e-03      25.67s       41        
477  3.683e+01    3.970e+05    2.046e+03      5.100e+01    3.375e+03    8.869e-03      43.27s       41        
478  3.547e+01    1.065e+04    1.540e+04      5.100e+01    3.375e+03    8.869e-03      23.26s       41        
479  3.635e+01    7.737e+06    1.425e+03      5.100e+01    3.375e+03    8.869e-03      22.37s       42        
480  3.679e+01    6.045e+10    2.358e+03      5.100e+01    3.375e+03    8.869e-03      21.46s       42        
481  3.736e+01    3.587e+03    2.591e+04      5.100e+01    3.375e+03    8.869e-03      20.90s       38        
482  3.621e+01    2.144e+05    4.640e+02      5.100e+01    3.375e+03    8.869e-03      19.55s       39        
483  3.546e+01    3.173e+13    1.498e+03      5.100e+01    3.375e+03    8.869e-03      17.96s       40        
484  3.604e+01    4.297e+05    7.349e+02      5.100e+01    3.375e+03    8.869e-03      17.08s       39        
485  3.750e+01    3.285e+05    5.866e+02      5.100e+01    3.375e+03    8.869e-03      16.12s       38        
486  3.710e+01    1.182e+06    1.119e+03      5.100e+01    3.375e+03    8.869e-03      14.63s       38        
487  3.659e+01    4.814e+03    4.031e+02      5.100e+01    3.375e+03    8.869e-03      13.67s       38        
488  3.650e+01    1.397e+05    1.675e+02      5.100e+01    3.375e+03    8.869e-03      12.39s       39        
489  3.649e+01    1.757e+04    6.462e+02      5.100e+01    3.375e+03    8.869e-03      11.50s       39        
490  3.667e+01    7.604e+06    5.928e+05      5.100e+01    3.375e+03    8.869e-03      10.16s       38        
491  3.641e+01    6.432e+06    8.517e+02      5.100e+01    3.375e+03    8.869e-03      9.00s        39        
492  3.608e+01    1.188e+04    6.908e+01      5.100e+01    3.375e+03    8.869e-03      7.85s        39        
493  3.605e+01    2.848e+07    1.326e+04      5.100e+01    3.375e+03    8.869e-03      6.77s        40        
494  3.458e+01    7.071e+03    5.344e+03      5.100e+01    3.375e+03    8.869e-03      5.57s        40        
495  3.579e+01    5.051e+05    8.952e+04      5.100e+01    3.375e+03    8.869e-03      4.43s        42        
496  3.735e+01    2.023e+09    2.435e+05      5.100e+01    3.375e+03    8.869e-03      3.34s        42        
497  3.734e+01    4.882e+04    6.841e+02      5.100e+01    3.375e+03    8.869e-03      2.31s        43        
498  3.767e+01    7.995e+03    1.586e+03      5.100e+01    3.375e+03    8.869e-03      1.99s        43        
499  3.744e+01    1.304e+13    1.541e+02      5.100e+01    3.375e+03    8.869e-03      0.00s        44        





Time: 0h:8m:13s
####   Data for the best program   ####
Best Program: add(add(add(0.637, mul(0.107, sub(X1, sub(X2, 0.370)))), mul(0.025, sub(sub(X1, sub(X2, sub(X1, mul(X2, add(sub(X2, X1), mul(div(sub(X2, sub(0.926, X0)), X2), sub(X2, mul(1.955, mul(sub(0.396, X1), add(0.934, 1.759)))))))))), 0.660))), mul(0.107, sub(X0, X2)))
Best Program Complexity: 3375
Raw Fitness: 0.008869345712887862
Penalized Fitness: 0.008869345712887862
Estimator		Train-rmse: 0.008869345712887862	Test-rmse: 0.009235029285033787	Test-R^2: 0.9913694423645522

{'complexity': 'kommenda', 'const_range': (1e-10, 2.0), 'elitism_size': 0, 'function_set': ('add', 'sub', 'div', 'mul'), 'generations': 500, 'init_depth': (3, 6), 'init_method': 'half and half', 'low_memory': True, 'max_samples': 1.0, 'metric': 'rmse', 'n_jobs': 2, 'p_crossover': 0.1, 'p_hoist_mutation': 0.0, 'p_point_mutation': 0.45, 'p_point_replace': 0.05, 'p_subtree_mutation': 0.45, 'paretogp': True, 'paretogp_lengths': (5, 160), 'parsimony_coefficient': 0.0, 'population_size': 800, 'random_state': 402330076, 'selection': 'tournament', 'stopping_criteria': 1e-10, 'tournament_size': 11, 'verbose': 1, 'warm_start': True}
