    |          Population Average          |           Best Individual            |
---- -------------------------------------- -------------------------------------- ----------
Gen  Length       Kommenda     Fitness        Length       Kommenda     Fitness        Time Left    Front Size
0    3.704e+01    1.395e+15    2.964e+08      2.700e+01    7.639e+03    9.993e-02      14.78s       6         
1    1.286e+01    3.522e+07    1.998e+04      1.500e+01    6.040e+02    9.993e-02      18.05s       5         
2    1.087e+01    2.928e+05    7.384e+03      1.900e+01    4.804e+03    9.417e-02      17.23s       7         
3    1.102e+01    9.118e+07    5.809e+07      2.100e+01    6.405e+03    8.358e-02      16.40s       8         
4    1.187e+01    5.042e+04    2.918e+06      1.100e+01    6.100e+01    7.740e-02      15.86s       7         
5    9.925e+00    3.201e+06    1.037e+07      7.000e+00    9.000e+00    6.517e-02      15.18s       4         
6    7.765e+00    3.941e+03    5.706e+05      9.000e+00    1.100e+01    5.944e-02      13.91s       4         
7    8.185e+00    2.478e+04    2.672e+06      1.500e+01    4.600e+01    5.817e-02      12.91s       5         
8    9.092e+00    1.087e+08    6.337e+01      1.500e+01    4.600e+01    5.817e-02      12.45s       5         
9    9.040e+00    6.220e+01    6.596e+03      1.500e+01    4.600e+01    5.817e-02      11.59s       5         
10   9.395e+00    5.781e+01    1.129e+07      1.500e+01    4.600e+01    5.747e-02      10.96s       6         
11   9.523e+00    8.780e+07    1.337e+01      9.000e+00    4.100e+01    5.732e-02      10.30s       5         
12   8.775e+00    1.741e+06    7.933e+01      9.000e+00    4.100e+01    5.732e-02      9.49s        5         
13   8.525e+00    3.540e+09    9.205e+03      9.000e+00    4.100e+01    5.732e-02      8.53s        5         
14   8.205e+00    1.044e+09    3.118e+03      9.000e+00    4.100e+01    5.732e-02      7.71s        5         
15   8.315e+00    2.194e+03    3.537e+04      9.000e+00    4.100e+01    5.732e-02      6.95s        6         
16   8.280e+00    1.488e+04    1.836e+03      9.000e+00    4.100e+01    5.732e-02      6.29s        6         
17   8.410e+00    9.024e+02    2.193e+04      9.000e+00    4.100e+01    5.732e-02      5.45s        6         
18   8.143e+00    1.254e+02    2.272e+04      9.000e+00    4.100e+01    5.732e-02      4.68s        5         
19   8.665e+00    4.214e+02    2.029e+04      9.000e+00    4.100e+01    5.732e-02      3.90s        5         
20   8.500e+00    1.127e+03    3.478e+04      9.000e+00    2.300e+01    5.594e-02      3.12s        5         
21   8.443e+00    3.042e+02    1.425e+04      9.000e+00    2.300e+01    5.594e-02      2.34s        5         
22   8.232e+00    6.124e+01    1.148e+04      9.000e+00    2.300e+01    5.594e-02      1.58s        5         
23   8.090e+00    3.580e+05    5.709e+04      9.000e+00    2.300e+01    5.594e-02      0.77s        5         
24   8.350e+00    5.012e+04    7.094e+04      9.000e+00    2.300e+01    5.594e-02      0.00s        5         
25   8.480e+00    2.343e+10    4.999e+05      9.000e+00    2.300e+01    5.594e-02      18.50s       5         
26   8.690e+00    9.382e+06    1.174e+07      9.000e+00    2.300e+01    5.594e-02      17.71s       5         
27   8.617e+00    2.364e+03    4.831e+04      9.000e+00    2.300e+01    5.594e-02      28.82s       5         
28   8.553e+00    8.169e+06    4.824e+04      9.000e+00    2.300e+01    5.594e-02      16.16s       5         
29   8.480e+00    1.030e+04    3.298e+05      9.000e+00    2.300e+01    5.594e-02      15.69s       5         
30   8.570e+00    1.675e+02    3.585e+04      9.000e+00    2.300e+01    5.594e-02      14.45s       5         
31   8.600e+00    5.618e+10    4.997e+04      9.000e+00    2.300e+01    5.594e-02      14.09s       5         
32   8.355e+00    1.258e+03    4.258e+04      9.000e+00    2.300e+01    5.594e-02      12.98s       5         
33   8.428e+00    2.013e+03    2.848e+04      7.000e+00    1.600e+01    5.589e-02      12.46s       6         
34   8.527e+00    2.546e+01    2.865e+04      7.000e+00    1.600e+01    5.589e-02      11.58s       6         
35   8.453e+00    2.831e+01    2.815e+04      1.100e+01    2.900e+01    5.493e-02      10.73s       8         
36   9.100e+00    1.202e+02    2.867e+03      1.100e+01    2.900e+01    5.493e-02      9.84s        8         
37   9.393e+00    2.227e+05    2.470e+01      1.100e+01    2.900e+01    5.493e-02      9.27s        8         
38   9.197e+00    4.744e+02    6.159e+01      1.300e+01    2.700e+01    5.476e-02      8.75s        7         
39   9.617e+00    2.003e+05    8.954e+03      1.300e+01    2.700e+01    5.476e-02      7.90s        7         
40   9.250e+00    3.721e+06    3.219e+04      1.300e+01    2.700e+01    5.476e-02      7.05s        7         
41   9.085e+00    1.037e+03    1.930e+02      1.300e+01    2.700e+01    5.476e-02      6.31s        7         
42   9.363e+00    8.418e+02    1.819e+02      1.300e+01    2.700e+01    5.476e-02      5.50s        7         
43   9.357e+00    1.026e+03    4.450e+01      1.300e+01    2.700e+01    5.476e-02      4.80s        7         
44   8.902e+00    3.613e+05    8.724e+01      1.300e+01    2.700e+01    5.476e-02      3.88s        9         
45   9.758e+00    1.268e+02    3.156e+01      1.300e+01    2.700e+01    5.476e-02      3.17s        9         
46   9.992e+00    8.141e+01    2.103e+01      1.300e+01    2.700e+01    5.476e-02      2.40s        10        
47   9.908e+00    2.119e+02    1.590e+04      1.300e+01    2.700e+01    5.476e-02      1.58s        10        
48   1.001e+01    1.846e+05    5.979e+03      1.100e+01    2.000e+01    5.475e-02      1.33s        8         
49   9.682e+00    3.445e+04    7.062e+01      1.100e+01    2.000e+01    5.475e-02      0.00s        8         
50   9.438e+00    1.886e+06    1.493e+02      1.100e+01    2.000e+01    5.475e-02      18.91s       8         
51   9.490e+00    3.445e+02    4.830e+01      1.100e+01    2.000e+01    5.475e-02      18.09s       8         
52   9.575e+00    4.754e+06    1.008e+02      1.100e+01    2.000e+01    5.475e-02      17.13s       8         
53   9.387e+00    2.152e+02    1.221e+02      1.100e+01    2.000e+01    5.475e-02      16.80s       8         
54   9.262e+00    2.574e+02    3.822e+01      1.100e+01    2.000e+01    5.475e-02      15.96s       8         
55   9.322e+00    5.482e+02    1.320e+08      1.100e+01    2.000e+01    5.475e-02      14.98s       8         
56   9.830e+00    2.002e+03    1.071e+02      1.100e+01    2.000e+01    5.475e-02      13.95s       8         
57   9.652e+00    1.202e+13    4.849e+03      1.100e+01    2.000e+01    5.475e-02      13.24s       4         
58   8.830e+00    1.225e+04    1.500e+04      1.100e+01    2.000e+01    5.475e-02      12.25s       4         
59   8.530e+00    1.350e+02    1.051e+03      1.300e+01    2.400e+01    4.807e-02      11.39s       5         
60   9.390e+00    2.129e+02    6.193e+02      1.300e+01    3.200e+01    4.033e-02      10.51s       6         
61   1.029e+01    4.984e+04    3.824e+01      1.300e+01    1.600e+01    3.871e-02      9.97s        4         
62   1.004e+01    7.742e+01    5.132e+01      1.300e+01    1.600e+01    3.871e-02      9.22s        6         
63   1.075e+01    1.036e+04    2.013e+02      1.300e+01    1.600e+01    3.759e-02      8.44s        6         
64   1.085e+01    2.019e+02    9.706e+02      1.300e+01    1.600e+01    3.759e-02      7.92s        6         
65   1.079e+01    4.014e+02    8.816e+05      1.300e+01    1.600e+01    3.759e-02      7.16s        6         
66   1.128e+01    3.775e+02    6.614e+01      1.300e+01    1.600e+01    3.759e-02      6.33s        6         
67   1.030e+01    2.152e+01    3.204e+03      1.300e+01    1.600e+01    3.759e-02      5.45s        6         
68   1.057e+01    2.248e+06    1.164e+02      1.300e+01    1.600e+01    3.759e-02      4.69s        6         
69   1.064e+01    6.099e+02    2.331e+03      1.300e+01    1.600e+01    3.759e-02      3.98s        6         
70   1.069e+01    1.970e+01    7.549e+01      1.300e+01    1.600e+01    3.759e-02      5.23s        6         
71   1.091e+01    7.143e+07    5.352e+04      1.300e+01    1.600e+01    3.759e-02      2.38s        6         
72   1.122e+01    8.802e+03    4.258e+01      1.300e+01    1.600e+01    3.759e-02      1.66s        6         
73   1.020e+01    2.199e+01    1.701e+01      1.300e+01    1.600e+01    3.759e-02      0.81s        6         
74   1.051e+01    5.355e+03    4.842e+02      1.300e+01    1.600e+01    3.759e-02      0.00s        6         
75   1.049e+01    6.528e+02    1.727e+01      1.300e+01    1.600e+01    3.759e-02      18.72s       6         
76   1.063e+01    5.820e+06    4.492e+01      1.300e+01    1.600e+01    3.759e-02      17.84s       6         
77   1.055e+01    7.970e+03    3.588e+01      1.300e+01    1.600e+01    3.759e-02      17.17s       6         
78   1.044e+01    2.568e+02    2.219e+02      1.300e+01    1.600e+01    3.759e-02      16.16s       6         
79   1.048e+01    2.517e+04    8.419e+05      1.300e+01    1.600e+01    3.759e-02      15.34s       6         
80   1.048e+01    6.324e+02    3.898e+01      1.300e+01    1.600e+01    3.759e-02      15.06s       6         
81   1.062e+01    2.101e+02    4.713e+03      1.300e+01    1.600e+01    3.759e-02      14.17s       6         
82   1.017e+01    4.277e+01    1.003e+02      1.300e+01    1.600e+01    3.759e-02      13.38s       6         
83   1.063e+01    2.061e+02    1.203e+06      1.300e+01    1.600e+01    3.759e-02      12.32s       6         
84   1.112e+01    3.378e+08    4.632e+02      1.300e+01    1.600e+01    3.759e-02      11.67s       6         
85   1.061e+01    8.710e+02    1.188e+01      1.300e+01    1.600e+01    3.759e-02      10.90s       6         
86   1.097e+01    5.935e+06    8.104e+02      1.300e+01    1.600e+01    3.759e-02      10.19s       6         
87   1.091e+01    8.185e+02    5.340e+03      1.300e+01    1.600e+01    3.759e-02      9.44s        6         
88   1.068e+01    2.855e+04    1.032e+03      1.300e+01    1.600e+01    3.759e-02      8.61s        6         
89   1.057e+01    2.037e+01    1.836e+04      1.300e+01    1.600e+01    3.759e-02      7.73s        6         
90   1.097e+01    4.567e+02    1.135e+03      1.300e+01    1.600e+01    3.759e-02      7.14s        6         
91   1.076e+01    2.233e+02    2.341e+01      1.300e+01    1.600e+01    3.759e-02      6.28s        6         
92   1.088e+01    6.195e+01    3.265e+02      1.300e+01    1.600e+01    3.759e-02      9.09s        6         
93   1.076e+01    2.007e+01    9.274e+01      1.300e+01    1.600e+01    3.759e-02      4.66s        6         
94   1.081e+01    3.333e+01    9.549e+00      1.300e+01    1.600e+01    3.759e-02      4.07s        6         
95   1.093e+01    1.297e+06    2.490e+01      1.300e+01    1.600e+01    3.759e-02      3.22s        6         
96   1.098e+01    2.509e+05    8.622e+07      1.300e+01    1.600e+01    3.759e-02      2.40s        6         
97   1.067e+01    7.855e+04    3.469e+01      1.300e+01    1.600e+01    3.759e-02      1.60s        6         
98   1.087e+01    1.940e+03    3.477e+03      1.300e+01    1.600e+01    3.759e-02      0.79s        6         
99   1.075e+01    8.982e+06    1.099e+02      1.300e+01    1.600e+01    3.759e-02      0.00s        6         
100  1.074e+01    9.512e+06    2.874e+02      1.300e+01    1.600e+01    3.759e-02      18.92s       6         
101  1.054e+01    2.031e+02    3.872e+06      1.300e+01    1.600e+01    3.759e-02      18.10s       6         
102  1.080e+01    3.915e+03    1.419e+05      1.300e+01    1.600e+01    3.759e-02      18.07s       6         
103  1.056e+01    2.602e+04    1.032e+05      1.300e+01    1.600e+01    3.759e-02      16.93s       6         
104  1.097e+01    4.837e+07    1.230e+05      1.300e+01    1.600e+01    3.759e-02      15.84s       6         
105  1.055e+01    1.887e+05    6.669e+00      1.300e+01    1.600e+01    3.759e-02      14.92s       6         
106  1.078e+01    6.070e+02    4.431e+03      1.300e+01    1.600e+01    3.759e-02      14.30s       6         
107  1.059e+01    3.168e+05    2.392e+00      1.300e+01    1.600e+01    3.759e-02      13.30s       6         
108  1.042e+01    2.773e+02    5.211e+00      1.300e+01    1.600e+01    3.759e-02      12.39s       6         
109  1.081e+01    2.250e+03    1.586e+03      1.300e+01    1.600e+01    3.759e-02      11.57s       6         
110  1.065e+01    1.649e+05    8.885e+01      1.300e+01    1.600e+01    3.759e-02      10.76s       6         
111  1.048e+01    4.844e+01    8.231e+02      1.300e+01    1.600e+01    3.759e-02      10.30s       6         
112  1.066e+01    2.432e+02    1.234e+02      1.300e+01    1.600e+01    3.759e-02      9.55s        6         
113  1.062e+01    2.583e+03    2.631e+04      1.300e+01    1.600e+01    3.759e-02      14.41s       6         
114  1.066e+01    3.820e+01    7.292e+00      1.300e+01    1.600e+01    3.759e-02      7.97s        6         
115  1.083e+01    1.984e+01    2.225e+04      1.300e+01    1.600e+01    3.759e-02      7.07s        6         
116  1.043e+01    3.966e+02    7.140e+00      1.300e+01    1.600e+01    3.759e-02      6.28s        6         
117  1.053e+01    5.267e+03    1.198e+01      1.300e+01    1.600e+01    3.759e-02      5.42s        6         
118  1.047e+01    1.502e+07    6.417e+00      1.300e+01    1.600e+01    3.759e-02      4.66s        6         
119  1.063e+01    2.883e+03    1.141e+05      1.300e+01    1.600e+01    3.759e-02      3.92s        6         
120  1.075e+01    2.589e+03    4.224e+01      1.300e+01    1.600e+01    3.759e-02      3.16s        6         
121  1.030e+01    1.154e+02    8.279e+01      1.300e+01    1.600e+01    3.759e-02      2.39s        6         
122  1.018e+01    7.096e+10    2.997e+02      1.300e+01    1.600e+01    3.759e-02      1.60s        6         
123  1.055e+01    1.072e+02    1.568e+04      1.300e+01    1.600e+01    3.759e-02      0.79s        6         
124  1.068e+01    3.867e+05    6.403e+02      1.300e+01    1.600e+01    3.759e-02      0.00s        6         
125  1.088e+01    2.642e+03    1.397e+04      1.300e+01    1.600e+01    3.759e-02      18.78s       6         
126  1.073e+01    3.408e+01    2.124e+01      1.300e+01    1.600e+01    3.759e-02      18.37s       6         
127  1.091e+01    1.140e+09    4.327e+03      1.300e+01    1.600e+01    3.759e-02      17.65s       6         
128  1.082e+01    3.249e+06    2.154e+02      1.300e+01    1.600e+01    3.759e-02      16.24s       6         
129  1.077e+01    8.211e+06    1.308e+01      1.300e+01    1.600e+01    3.759e-02      15.72s       6         
130  1.076e+01    1.938e+05    1.028e+02      1.300e+01    1.600e+01    3.759e-02      15.01s       6         
131  1.069e+01    5.501e+03    4.730e+01      1.300e+01    1.600e+01    3.759e-02      14.22s       6         
132  1.107e+01    7.597e+06    2.661e+02      1.300e+01    1.600e+01    3.759e-02      13.57s       6         
133  1.094e+01    6.270e+01    1.196e+03      1.300e+01    1.600e+01    3.759e-02      12.81s       6         
134  1.096e+01    3.594e+04    6.491e+01      1.300e+01    1.600e+01    3.759e-02      11.52s       6         
135  1.112e+01    5.816e+03    1.929e+03      1.300e+01    1.600e+01    3.759e-02      18.11s       6         
136  1.085e+01    6.352e+02    3.152e+02      1.300e+01    1.600e+01    3.759e-02      10.11s       6         
137  1.063e+01    1.093e+02    4.952e+04      1.300e+01    1.600e+01    3.759e-02      9.63s        6         
138  1.054e+01    6.889e+01    2.935e+01      1.300e+01    1.600e+01    3.759e-02      8.66s        6         
139  1.064e+01    3.251e+02    2.655e+01      1.300e+01    1.600e+01    3.759e-02      7.88s        6         
140  1.060e+01    1.158e+02    9.812e+01      1.300e+01    1.600e+01    3.759e-02      7.09s        6         
141  1.052e+01    3.579e+02    6.818e+02      1.300e+01    1.600e+01    3.759e-02      6.19s        6         
142  1.020e+01    1.270e+03    2.389e+01      1.300e+01    1.600e+01    3.759e-02      5.45s        6         
143  1.090e+01    3.508e+05    1.927e+03      1.300e+01    1.600e+01    3.759e-02      4.70s        6         
144  1.072e+01    1.902e+03    2.440e+01      1.100e+01    1.400e+01    3.756e-02      3.94s        5         
145  1.038e+01    1.222e+09    1.341e+02      1.100e+01    1.400e+01    3.756e-02      3.15s        5         
146  1.021e+01    3.581e+04    3.159e+00      1.100e+01    1.400e+01    3.756e-02      2.32s        5         
147  9.953e+00    1.376e+09    7.265e+00      1.100e+01    1.400e+01    3.756e-02      1.56s        5         
148  9.928e+00    3.290e+08    2.502e+03      1.100e+01    1.400e+01    3.756e-02      0.77s        5         
149  1.015e+01    1.328e+03    6.372e+01      1.100e+01    1.400e+01    3.756e-02      0.00s        5         
150  1.010e+01    1.485e+03    1.945e+02      1.100e+01    1.400e+01    3.756e-02      18.23s       5         
151  1.013e+01    1.096e+04    3.599e+02      1.100e+01    1.400e+01    3.756e-02      17.67s       5         
152  9.887e+00    3.988e+02    9.349e+04      1.100e+01    1.400e+01    3.756e-02      16.88s       5         
153  1.005e+01    5.311e+03    1.231e+05      1.100e+01    1.400e+01    3.756e-02      16.21s       5         
154  9.738e+00    3.572e+02    1.290e+01      1.100e+01    1.400e+01    3.756e-02      15.12s       5         
155  1.014e+01    2.538e+09    3.803e+04      1.100e+01    1.400e+01    3.756e-02      14.33s       5         
156  9.920e+00    1.362e+03    6.977e+01      1.100e+01    1.400e+01    3.756e-02      22.78s       5         
157  9.960e+00    2.073e+05    1.424e+03      1.100e+01    1.400e+01    3.756e-02      12.95s       5         
158  1.014e+01    2.464e+11    1.608e+05      1.100e+01    1.400e+01    3.756e-02      12.84s       5         
159  9.980e+00    1.806e+03    1.601e+03      1.100e+01    1.400e+01    3.756e-02      11.57s       5         
160  1.004e+01    5.193e+04    9.152e+00      1.100e+01    1.400e+01    3.756e-02      10.93s       5         
161  1.002e+01    4.472e+04    5.546e+01      1.100e+01    1.400e+01    3.756e-02      9.98s        5         
162  9.990e+00    2.471e+01    2.312e+01      1.100e+01    1.400e+01    3.756e-02      9.23s        5         
163  9.820e+00    7.535e+02    7.427e+01      1.100e+01    1.400e+01    3.756e-02      8.57s        5         
164  9.810e+00    1.536e+02    7.842e+04      1.100e+01    1.400e+01    3.756e-02      7.71s        5         
165  9.705e+00    2.416e+02    4.882e+05      1.100e+01    1.400e+01    3.756e-02      6.83s        5         
166  1.009e+01    9.825e+04    3.508e+04      1.100e+01    1.400e+01    3.756e-02      6.18s        5         
167  9.885e+00    1.547e+08    7.005e+05      1.100e+01    1.400e+01    3.756e-02      5.36s        5         
168  9.595e+00    7.777e+02    3.545e+01      1.100e+01    1.400e+01    3.756e-02      4.71s        5         
169  9.890e+00    2.009e+04    1.795e+12      1.100e+01    1.400e+01    3.756e-02      3.82s        5         
170  9.883e+00    2.352e+02    5.088e+01      1.100e+01    1.400e+01    3.756e-02      3.09s        5         
171  9.803e+00    1.071e+04    1.164e+03      1.100e+01    1.400e+01    3.756e-02      2.26s        5         
172  9.838e+00    9.782e+03    1.540e+07      1.100e+01    1.400e+01    3.756e-02      1.54s        5         
173  1.001e+01    6.665e+01    3.316e+01      1.100e+01    1.400e+01    3.756e-02      0.79s        5         
174  9.680e+00    9.116e+01    2.133e+01      1.100e+01    1.400e+01    3.756e-02      0.00s        5         
175  9.495e+00    8.615e+01    7.151e+01      1.100e+01    1.400e+01    3.756e-02      18.03s       5         
176  9.870e+00    3.187e+03    2.438e+01      1.100e+01    1.400e+01    3.756e-02      17.54s       5         
177  9.982e+00    8.154e+04    3.686e+03      1.100e+01    1.400e+01    3.756e-02      16.67s       5         
178  9.777e+00    2.129e+01    1.262e+02      1.100e+01    1.400e+01    3.756e-02      27.42s       5         
179  9.870e+00    2.676e+03    5.285e+05      1.100e+01    1.400e+01    3.756e-02      15.62s       5         
180  9.985e+00    6.368e+01    6.364e+01      1.100e+01    1.400e+01    3.756e-02      14.78s       5         
181  1.003e+01    8.562e+05    1.249e+03      1.100e+01    1.400e+01    3.756e-02      13.88s       5         
182  1.020e+01    1.484e+05    3.084e+03      1.100e+01    1.400e+01    3.756e-02      13.08s       5         
183  9.912e+00    7.391e+03    7.988e+00      1.100e+01    1.400e+01    3.756e-02      12.32s       5         
184  9.735e+00    8.196e+05    7.883e+01      1.100e+01    1.400e+01    3.756e-02      11.80s       5         
185  9.848e+00    1.181e+04    1.297e+02      1.100e+01    1.400e+01    3.756e-02      10.84s       5         
186  9.637e+00    4.604e+01    1.734e+01      1.100e+01    1.400e+01    3.756e-02      9.97s        5         
187  9.717e+00    3.418e+01    3.664e+00      1.100e+01    1.400e+01    3.756e-02      9.81s        5         
188  1.003e+01    3.587e+05    3.515e+00      1.100e+01    1.400e+01    3.756e-02      8.83s        5         
189  9.865e+00    2.279e+04    2.353e+06      1.100e+01    1.400e+01    3.756e-02      8.16s        5         
190  1.016e+01    3.768e+02    7.335e+01      1.100e+01    1.400e+01    3.756e-02      7.28s        5         
191  9.865e+00    3.101e+09    1.922e+01      1.100e+01    1.400e+01    3.756e-02      6.47s        5         
192  9.812e+00    1.008e+03    2.192e+01      1.100e+01    1.400e+01    3.756e-02      5.60s        5         
193  9.893e+00    2.116e+05    6.628e+10      1.100e+01    1.400e+01    3.756e-02      4.81s        5         
194  9.875e+00    1.091e+03    3.640e+03      1.100e+01    1.400e+01    3.756e-02      3.98s        5         
195  9.830e+00    3.812e+02    2.668e+02      1.100e+01    1.400e+01    3.756e-02      3.17s        5         
196  9.768e+00    8.519e+01    9.980e+01      1.100e+01    1.400e+01    3.756e-02      2.34s        5         
197  1.002e+01    2.695e+02    2.875e+04      1.100e+01    1.400e+01    3.756e-02      1.62s        5         
198  1.003e+01    3.182e+01    3.193e+03      1.100e+01    1.400e+01    3.756e-02      0.78s        5         
199  9.990e+00    2.122e+04    1.196e+03      1.100e+01    1.400e+01    3.756e-02      0.00s        5         
200  9.828e+00    1.639e+03    4.390e+02      1.100e+01    1.400e+01    3.756e-02      31.20s       5         
201  9.490e+00    4.006e+01    1.252e+03      1.100e+01    1.400e+01    3.756e-02      17.94s       5         
202  9.908e+00    4.677e+01    5.392e+03      1.100e+01    1.400e+01    3.756e-02      17.29s       5         
203  1.016e+01    2.824e+03    1.315e+05      1.100e+01    1.400e+01    3.756e-02      15.92s       5         
204  1.018e+01    1.477e+03    1.206e+03      1.100e+01    1.400e+01    3.756e-02      15.59s       5         
205  1.018e+01    4.760e+03    8.855e+01      1.100e+01    1.400e+01    3.756e-02      14.88s       5         
206  9.920e+00    9.604e+02    2.007e+02      1.100e+01    1.400e+01    3.756e-02      14.31s       5         
207  1.005e+01    7.162e+01    2.587e+04      1.100e+01    1.400e+01    3.756e-02      13.21s       5         
208  9.880e+00    9.060e+02    1.035e+04      1.100e+01    1.400e+01    3.756e-02      12.66s       5         
209  1.017e+01    6.966e+07    7.523e+01      1.100e+01    1.400e+01    3.756e-02      11.86s       5         
210  9.527e+00    3.668e+02    1.782e+05      1.100e+01    1.400e+01    3.756e-02      11.18s       5         
211  1.030e+01    1.111e+05    4.771e+03      1.100e+01    1.400e+01    3.756e-02      10.08s       5         
212  9.975e+00    8.058e+01    3.489e+02      1.100e+01    1.400e+01    3.756e-02      9.40s        5         
213  9.955e+00    5.523e+01    1.231e+03      1.100e+01    1.400e+01    3.756e-02      8.32s        5         
214  9.938e+00    1.285e+02    9.729e+02      1.100e+01    1.400e+01    3.756e-02      7.81s        5         
215  1.007e+01    8.617e+02    1.211e+03      1.100e+01    1.400e+01    3.756e-02      7.03s        5         
216  1.015e+01    1.811e+03    6.450e+01      1.100e+01    1.400e+01    3.756e-02      6.34s        5         
217  1.007e+01    2.741e+05    9.512e+05      1.100e+01    1.400e+01    3.756e-02      5.43s        5         
218  9.848e+00    3.242e+01    6.039e+01      1.100e+01    1.400e+01    3.756e-02      4.68s        5         
219  9.623e+00    6.059e+04    3.857e+03      1.100e+01    1.400e+01    3.756e-02      3.90s        5         
220  1.015e+01    5.835e+02    2.292e+01      1.100e+01    1.400e+01    3.756e-02      3.17s        5         
221  9.883e+00    5.494e+02    5.959e+00      1.100e+01    1.400e+01    3.756e-02      2.31s        5         
222  1.025e+01    1.575e+04    3.872e+06      1.100e+01    1.400e+01    3.756e-02      2.64s        5         
223  1.010e+01    7.885e+03    6.846e+03      1.100e+01    1.400e+01    3.756e-02      0.80s        5         
224  1.011e+01    6.521e+03    3.132e+04      1.100e+01    1.400e+01    3.756e-02      0.00s        5         
225  9.748e+00    2.368e+01    2.821e+00      1.100e+01    1.400e+01    3.756e-02      19.02s       5         
226  9.880e+00    3.442e+01    4.541e+00      1.100e+01    1.400e+01    3.756e-02      17.75s       5         
227  9.723e+00    1.144e+02    7.369e+06      1.100e+01    1.400e+01    3.756e-02      17.00s       5         
228  1.001e+01    3.855e+02    8.288e+04      1.100e+01    1.400e+01    3.756e-02      16.03s       5         
229  9.648e+00    4.624e+02    3.803e+04      1.100e+01    1.400e+01    3.756e-02      15.33s       5         
230  9.877e+00    1.353e+02    3.937e+01      1.100e+01    1.400e+01    3.756e-02      14.55s       5         
231  1.001e+01    1.604e+03    4.571e+02      1.100e+01    1.400e+01    3.756e-02      14.14s       5         
232  9.982e+00    3.891e+04    6.533e+00      1.100e+01    1.400e+01    3.756e-02      13.31s       5         
233  9.988e+00    4.754e+06    1.231e+04      1.100e+01    1.400e+01    3.756e-02      12.40s       5         
234  1.018e+01    5.266e+03    2.199e+03      1.100e+01    1.400e+01    3.756e-02      11.83s       5         
235  1.000e+01    3.193e+02    1.384e+02      1.100e+01    1.400e+01    3.756e-02      10.89s       5         
236  9.825e+00    2.222e+02    2.438e+03      1.100e+01    1.400e+01    3.756e-02      10.29s       5         
237  1.038e+01    3.578e+02    1.179e+02      1.100e+01    1.400e+01    3.756e-02      9.24s        5         
238  9.873e+00    8.552e+02    1.478e+01      1.100e+01    1.400e+01    3.756e-02      8.44s        5         
239  9.540e+00    7.980e+02    6.536e+04      1.100e+01    1.400e+01    3.756e-02      7.68s        5         
240  1.012e+01    1.138e+04    1.976e+02      1.100e+01    1.400e+01    3.756e-02      7.01s        5         
241  1.004e+01    4.218e+04    1.298e+04      1.100e+01    1.400e+01    3.756e-02      6.31s        5         
242  9.822e+00    2.729e+01    1.193e+03      1.100e+01    1.400e+01    3.756e-02      5.42s        5         
243  1.006e+01    4.591e+06    9.368e+05      1.100e+01    1.400e+01    3.756e-02      4.70s        5         
244  9.848e+00    1.736e+02    5.968e+02      1.100e+01    1.400e+01    3.756e-02      6.54s        5         
245  9.625e+00    3.606e+03    1.769e+04      1.100e+01    1.400e+01    3.756e-02      3.12s        5         
246  9.582e+00    1.914e+01    7.454e+01      1.100e+01    1.400e+01    3.756e-02      2.40s        5         
247  1.006e+01    6.918e+01    4.698e+01      1.100e+01    1.400e+01    3.756e-02      1.60s        5         
248  9.658e+00    4.643e+04    1.818e+03      1.100e+01    1.400e+01    3.756e-02      0.80s        5         
249  9.755e+00    2.879e+03    3.342e+01      1.100e+01    1.400e+01    3.756e-02      0.00s        5         
250  9.955e+00    1.806e+05    3.849e+01      1.100e+01    1.400e+01    3.756e-02      19.19s       5         
251  9.705e+00    2.091e+01    5.357e+02      1.100e+01    1.400e+01    3.756e-02      18.31s       5         
252  1.028e+01    3.373e+09    3.915e+02      1.100e+01    1.400e+01    3.756e-02      18.12s       5         
253  1.015e+01    1.694e+13    5.505e+00      1.100e+01    1.400e+01    3.756e-02      16.79s       5         
254  9.982e+00    2.913e+02    2.344e+01      1.100e+01    1.400e+01    3.756e-02      16.03s       5         
255  9.995e+00    6.976e+03    3.215e+04      1.100e+01    1.400e+01    3.756e-02      15.12s       5         
256  9.775e+00    3.312e+02    3.774e+03      1.100e+01    1.400e+01    3.756e-02      14.37s       5         
257  9.800e+00    3.063e+13    1.627e+01      1.100e+01    1.400e+01    3.756e-02      13.50s       5         
258  9.835e+00    2.398e+07    9.958e+00      1.100e+01    1.400e+01    3.756e-02      12.27s       5         
259  9.740e+00    8.410e+01    3.676e+03      1.100e+01    1.400e+01    3.756e-02      11.52s       5         
260  9.920e+00    3.292e+01    9.165e+01      1.100e+01    1.400e+01    3.756e-02      10.89s       5         
261  1.019e+01    1.831e+04    2.355e+01      1.100e+01    1.400e+01    3.756e-02      10.03s       5         
262  9.908e+00    1.170e+05    9.157e+06      1.100e+01    1.400e+01    3.756e-02      9.30s        5         
263  9.665e+00    1.022e+02    5.850e+00      1.100e+01    1.400e+01    3.756e-02      8.30s        5         
264  1.004e+01    3.269e+06    1.020e+03      1.100e+01    1.400e+01    3.756e-02      7.68s        5         
265  9.995e+00    4.999e+01    1.028e+03      1.100e+01    1.400e+01    3.756e-02      6.98s        5         
266  1.022e+01    1.320e+03    3.791e+03      1.100e+01    1.400e+01    3.756e-02      10.57s       5         
267  1.038e+01    2.139e+15    1.687e+05      1.100e+01    1.400e+01    3.756e-02      5.45s        5         
268  9.935e+00    6.112e+01    5.180e+01      1.100e+01    1.400e+01    3.756e-02      4.64s        5         
269  1.003e+01    1.950e+02    1.193e+02      1.100e+01    1.400e+01    3.756e-02      3.88s        5         
270  1.004e+01    4.819e+05    4.509e+01      1.100e+01    1.400e+01    3.756e-02      3.06s        5         
271  9.648e+00    3.953e+04    3.436e+01      1.100e+01    1.400e+01    3.756e-02      2.29s        5         
272  9.863e+00    9.042e+01    2.232e+02      1.100e+01    1.400e+01    3.756e-02      1.52s        5         
273  1.038e+01    1.151e+03    2.566e+01      1.100e+01    1.400e+01    3.756e-02      0.78s        5         
274  9.995e+00    4.363e+04    9.839e+00      1.100e+01    1.400e+01    3.756e-02      0.00s        5         
275  9.723e+00    2.687e+05    2.250e+03      1.100e+01    1.400e+01    3.756e-02      18.59s       5         
276  1.003e+01    1.849e+03    3.468e+01      1.100e+01    1.400e+01    3.756e-02      17.83s       5         
277  9.790e+00    3.070e+03    4.969e+07      1.100e+01    1.400e+01    3.756e-02      16.85s       5         
278  1.009e+01    1.624e+02    1.593e+03      1.100e+01    1.400e+01    3.756e-02      16.44s       5         
279  9.745e+00    7.642e+01    4.777e+01      1.100e+01    1.400e+01    3.756e-02      15.31s       5         
280  9.645e+00    1.142e+03    3.728e+00      1.100e+01    1.400e+01    3.756e-02      14.56s       5         
281  9.863e+00    2.563e+02    5.818e+02      1.100e+01    1.400e+01    3.756e-02      13.72s       5         
282  9.982e+00    1.105e+02    3.942e+01      1.100e+01    1.400e+01    3.756e-02      13.04s       5         
283  9.995e+00    2.447e+09    4.196e+04      1.100e+01    1.400e+01    3.756e-02      12.60s       5         
284  1.021e+01    2.131e+04    9.967e+03      1.100e+01    1.400e+01    3.756e-02      11.38s       5         
285  1.018e+01    3.473e+02    2.372e+05      1.100e+01    1.400e+01    3.756e-02      10.71s       5         
286  9.988e+00    3.183e+04    3.166e+02      1.100e+01    1.400e+01    3.756e-02      10.03s       5         
287  1.001e+01    4.773e+02    1.816e+01      1.100e+01    1.400e+01    3.756e-02      9.35s        5         
288  9.928e+00    4.794e+06    2.794e+03      1.100e+01    1.400e+01    3.756e-02      14.45s       5         
289  9.985e+00    6.560e+06    2.541e+01      1.100e+01    1.400e+01    3.756e-02      7.55s        5         
290  9.988e+00    7.589e+06    7.674e+05      1.100e+01    1.400e+01    3.756e-02      7.09s        5         
291  9.873e+00    7.881e+06    3.494e+03      1.100e+01    1.400e+01    3.756e-02      6.06s        5         
292  1.030e+01    2.638e+07    1.234e+02      1.100e+01    1.400e+01    3.756e-02      5.57s        5         
293  9.790e+00    7.876e+05    2.544e+01      1.100e+01    1.400e+01    3.756e-02      4.58s        5         
294  9.895e+00    2.696e+03    1.788e+02      1.100e+01    1.400e+01    3.756e-02      3.86s        5         
295  9.883e+00    3.259e+02    2.833e+02      1.100e+01    1.400e+01    3.756e-02      3.07s        5         
296  9.660e+00    9.073e+03    3.708e+01      1.100e+01    1.400e+01    3.756e-02      2.32s        5         
297  1.014e+01    5.336e+04    1.055e+02      1.100e+01    1.400e+01    3.756e-02      1.53s        5         
298  1.012e+01    1.181e+04    1.084e+02      1.100e+01    1.400e+01    3.756e-02      0.79s        5         
299  9.985e+00    4.944e+03    6.169e+01      1.100e+01    1.400e+01    3.756e-02      0.00s        5         
300  9.777e+00    2.523e+06    5.346e+08      1.100e+01    1.400e+01    3.756e-02      18.37s       5         
301  1.027e+01    3.031e+10    5.709e+04      1.100e+01    1.400e+01    3.756e-02      17.77s       5         
302  1.013e+01    1.774e+06    2.869e+00      1.100e+01    1.400e+01    3.756e-02      17.16s       5         
303  1.010e+01    1.623e+02    5.785e+03      1.100e+01    1.400e+01    3.756e-02      16.36s       5         
304  1.002e+01    2.459e+04    7.366e+04      1.100e+01    1.400e+01    3.756e-02      15.94s       5         
305  9.765e+00    4.525e+02    8.250e+00      1.100e+01    1.400e+01    3.756e-02      14.62s       5         
306  1.004e+01    2.927e+03    8.835e+03      1.100e+01    1.400e+01    3.756e-02      13.83s       5         
307  9.645e+00    6.329e+01    2.407e+02      1.100e+01    1.400e+01    3.756e-02      13.51s       5         
308  9.848e+00    1.798e+04    6.837e+01      1.100e+01    1.400e+01    3.756e-02      12.42s       5         
309  9.943e+00    3.298e+04    1.167e+02      1.100e+01    1.400e+01    3.756e-02      11.93s       5         
310  9.703e+00    8.486e+01    3.764e+01      1.100e+01    1.400e+01    3.756e-02      18.21s       5         
311  9.977e+00    1.405e+02    4.508e+05      1.100e+01    1.400e+01    3.756e-02      10.19s       5         
312  1.004e+01    2.745e+05    1.508e+03      1.100e+01    1.400e+01    3.756e-02      9.40s        5         
313  1.001e+01    7.802e+03    4.958e+02      1.100e+01    1.400e+01    3.756e-02      8.77s        5         
314  1.017e+01    1.324e+02    6.288e+01      1.100e+01    1.400e+01    3.756e-02      7.91s        5         
315  1.023e+01    5.297e+02    1.941e+02      1.100e+01    1.400e+01    3.756e-02      7.22s        5         
316  1.020e+01    9.197e+11    4.017e+05      1.100e+01    1.400e+01    3.756e-02      6.29s        5         
317  1.010e+01    1.397e+05    1.867e+03      1.100e+01    1.400e+01    3.756e-02      5.50s        5         
318  9.848e+00    4.432e+12    8.158e+07      1.100e+01    1.400e+01    3.756e-02      4.65s        5         
319  9.725e+00    6.448e+03    3.917e+02      1.100e+01    1.400e+01    3.756e-02      3.80s        5         
320  9.945e+00    1.927e+01    2.145e+01      1.100e+01    1.400e+01    3.756e-02      3.22s        5         
321  9.820e+00    9.983e+01    2.251e+02      1.100e+01    1.400e+01    3.756e-02      2.33s        5         
322  9.932e+00    4.351e+01    2.148e+04      1.100e+01    1.400e+01    3.756e-02      1.60s        5         
323  9.685e+00    2.437e+01    7.950e+01      1.100e+01    1.400e+01    3.756e-02      0.76s        5         
324  1.014e+01    1.637e+04    3.485e+02      1.100e+01    1.400e+01    3.756e-02      0.00s        5         
325  9.870e+00    3.010e+03    6.600e+02      1.100e+01    1.400e+01    3.756e-02      18.59s       5         
326  9.580e+00    1.130e+02    1.366e+05      1.100e+01    1.400e+01    3.756e-02      17.63s       5         
327  9.738e+00    4.397e+03    4.773e+06      1.100e+01    1.400e+01    3.756e-02      16.73s       4         
328  9.537e+00    4.160e+04    1.848e+07      1.100e+01    1.400e+01    3.756e-02      16.15s       4         
329  8.893e+00    1.397e+03    4.096e+05      1.100e+01    1.400e+01    3.756e-02      14.98s       4         
330  9.148e+00    1.277e+03    2.941e+01      1.100e+01    1.400e+01    3.756e-02      14.53s       4         
331  8.953e+00    1.029e+03    4.306e+01      1.100e+01    1.400e+01    3.756e-02      12.83s       4         
332  8.738e+00    1.882e+05    3.793e+00      1.100e+01    1.400e+01    3.756e-02      21.97s       4         
333  8.793e+00    1.742e+01    1.549e+01      1.100e+01    1.400e+01    3.756e-02      12.28s       4         
334  9.090e+00    3.748e+01    3.230e+01      1.100e+01    1.400e+01    3.756e-02      11.43s       4         
335  8.965e+00    3.611e+03    1.968e+03      1.100e+01    1.400e+01    3.756e-02      10.50s       4         
336  9.133e+00    2.760e+02    1.892e+01      1.100e+01    1.400e+01    3.756e-02      10.00s       4         
337  9.090e+00    1.522e+04    1.179e+02      1.100e+01    1.400e+01    3.756e-02      9.14s        4         
338  8.970e+00    2.361e+01    9.065e+04      1.100e+01    1.400e+01    3.756e-02      8.16s        4         
339  9.100e+00    5.976e+01    2.408e+02      1.100e+01    1.400e+01    3.756e-02      7.71s        4         
340  8.665e+00    2.123e+01    3.355e+02      1.100e+01    1.400e+01    3.756e-02      6.69s        4         
341  9.360e+00    1.248e+05    4.126e+02      1.100e+01    1.400e+01    3.756e-02      6.19s        4         
342  9.363e+00    7.250e+01    1.134e+03      1.100e+01    1.400e+01    3.756e-02      5.35s        4         
343  9.250e+00    8.387e+04    2.448e+02      1.100e+01    1.400e+01    3.756e-02      4.59s        4         
344  9.213e+00    1.566e+02    1.122e+01      1.100e+01    1.400e+01    3.756e-02      3.85s        4         
345  9.210e+00    4.859e+09    2.570e+07      1.100e+01    1.400e+01    3.756e-02      3.04s        4         
346  8.955e+00    4.553e+01    1.184e+03      1.100e+01    1.400e+01    3.756e-02      2.47s        4         
347  8.840e+00    6.632e+03    7.045e+02      1.100e+01    1.400e+01    3.756e-02      1.60s        4         
348  8.947e+00    1.922e+02    1.755e+06      1.100e+01    1.400e+01    3.756e-02      0.80s        4         
349  9.133e+00    5.025e+01    1.198e+02      1.100e+01    1.400e+01    3.756e-02      0.00s        4         
350  9.115e+00    1.085e+02    7.883e+01      1.100e+01    1.400e+01    3.756e-02      18.99s       4         
351  9.055e+00    2.241e+07    5.561e+02      1.100e+01    1.400e+01    3.756e-02      18.37s       4         
352  9.015e+00    2.036e+01    6.365e+00      1.100e+01    1.400e+01    3.756e-02      17.56s       4         
353  8.887e+00    6.350e+03    1.473e+01      1.100e+01    1.400e+01    3.756e-02      16.38s       4         
354  8.810e+00    2.027e+03    4.367e+01      1.100e+01    1.400e+01    3.756e-02      26.72s       4         
355  9.035e+00    1.819e+04    9.270e+03      1.100e+01    1.400e+01    3.756e-02      14.98s       4         
356  8.925e+00    6.043e+01    1.631e+02      1.100e+01    1.400e+01    3.756e-02      14.20s       4         
357  9.210e+00    6.692e+02    1.099e+06      1.100e+01    1.400e+01    3.756e-02      13.40s       4         
358  9.220e+00    2.428e+02    1.689e+03      1.100e+01    1.400e+01    3.756e-02      12.50s       4         
359  9.383e+00    4.147e+02    5.582e+03      1.100e+01    1.400e+01    3.756e-02      11.60s       4         
360  9.568e+00    1.843e+05    2.756e+03      1.100e+01    1.400e+01    3.756e-02      10.83s       4         
361  8.845e+00    1.856e+01    1.957e+07      1.100e+01    1.400e+01    3.756e-02      9.99s        4         
362  9.105e+00    1.777e+02    2.322e+01      1.100e+01    1.400e+01    3.756e-02      9.46s        4         
363  9.015e+00    7.496e+02    1.256e+03      1.100e+01    1.400e+01    3.756e-02      8.32s        4         
364  9.098e+00    4.297e+02    8.202e+01      1.100e+01    1.400e+01    3.756e-02      7.78s        4         
365  8.998e+00    9.040e+06    3.255e+07      1.100e+01    1.400e+01    3.756e-02      6.83s        4         
366  8.998e+00    2.329e+02    1.984e+01      1.100e+01    1.400e+01    3.756e-02      6.09s        4         
367  9.285e+00    1.036e+02    4.432e+03      1.100e+01    1.400e+01    3.756e-02      5.37s        4         
368  9.002e+00    2.466e+01    3.256e+01      1.100e+01    1.400e+01    3.756e-02      4.59s        4         
369  8.982e+00    5.532e+03    9.227e+03      1.100e+01    1.400e+01    3.756e-02      3.81s        4         
370  8.832e+00    6.723e+02    1.071e+03      1.100e+01    1.400e+01    3.756e-02      3.07s        4         
371  8.918e+00    7.207e+01    1.540e+01      1.100e+01    1.400e+01    3.756e-02      2.29s        4         
372  8.883e+00    3.309e+01    5.065e+01      1.100e+01    1.400e+01    3.756e-02      1.55s        4         
373  9.027e+00    4.598e+02    9.651e+01      1.100e+01    1.400e+01    3.756e-02      0.76s        4         
374  9.143e+00    1.359e+10    8.036e+03      2.300e+01    2.000e+02    3.685e-02      0.00s        5         
375  1.137e+01    1.777e+04    1.268e+03      2.100e+01    1.760e+02    3.447e-02      18.05s       5         
376  1.221e+01    1.739e+02    5.533e+00      4.100e+01    5.024e+03    3.077e-02      17.89s       6         
377  1.571e+01    2.290e+03    8.036e+02      3.900e+01    4.448e+03    3.036e-02      29.96s       10        
378  2.313e+01    1.801e+05    2.957e+03      2.700e+01    8.480e+02    2.380e-02      19.04s       7         
379  1.998e+01    9.118e+05    3.980e+02      2.700e+01    8.480e+02    2.380e-02      18.07s       7         
380  1.839e+01    1.028e+17    4.152e+01      2.700e+01    8.480e+02    2.380e-02      16.81s       8         
381  1.959e+01    7.157e+03    3.674e+04      7.300e+01    1.214e+05    2.334e-02      16.08s       10        
382  2.761e+01    1.387e+05    8.488e-01      5.900e+01    1.258e+04    1.840e-02      16.39s       11        
383  3.076e+01    4.587e+07    5.762e+02      4.900e+01    2.504e+03    1.780e-02      16.60s       12        
384  3.011e+01    7.261e+06    6.700e+03      4.900e+01    2.504e+03    1.780e-02      15.21s       12        
385  2.738e+01    3.066e+08    4.965e+01      5.300e+01    8.984e+03    1.740e-02      13.99s       13        
386  2.852e+01    8.938e+04    1.630e+01      5.300e+01    8.984e+03    1.740e-02      13.06s       14        
387  3.096e+01    2.732e+05    3.389e+03      5.700e+01    2.338e+04    1.696e-02      12.24s       16        
388  3.243e+01    8.634e+05    5.067e+01      5.500e+01    1.618e+04    1.675e-02      11.68s       16        
389  3.342e+01    6.848e+05    2.670e+01      5.700e+01    7.522e+04    1.618e-02      10.91s       17        
390  3.379e+01    1.137e+07    9.265e+00      5.700e+01    3.922e+04    1.616e-02      10.12s       17        
391  3.436e+01    1.285e+06    2.484e+01      6.700e+01    1.472e+05    1.605e-02      8.90s        21        
392  3.843e+01    2.141e+06    1.198e+02      6.700e+01    1.760e+05    1.603e-02      8.03s        23        
393  3.958e+01    1.867e+07    9.961e+00      5.300e+01    5.936e+03    1.575e-02      7.07s        20        
394  3.575e+01    4.235e+07    8.404e+03      5.300e+01    5.936e+03    1.575e-02      5.87s        22        
395  3.567e+01    1.342e+10    2.087e+02      5.300e+01    5.936e+03    1.575e-02      6.72s        22        
396  3.516e+01    1.176e+06    5.433e+01      5.300e+01    5.936e+03    1.575e-02      3.57s        21        
397  3.468e+01    5.310e+05    1.127e+02      5.300e+01    5.936e+03    1.575e-02      2.30s        21        
398  3.233e+01    5.117e+04    6.969e+02      5.300e+01    5.936e+03    1.575e-02      1.12s        15        
399  3.037e+01    2.226e+05    2.186e+00      5.300e+01    5.936e+03    1.575e-02      0.00s        17        
400  3.145e+01    3.671e+05    6.936e+00      5.300e+01    6.944e+03    1.476e-02      26.27s       17        
401  3.217e+01    2.735e+04    5.429e+01      5.300e+01    6.944e+03    1.476e-02      24.50s       19        
402  3.452e+01    1.165e+11    2.578e+03      5.300e+01    6.944e+03    1.476e-02      23.78s       19        
403  3.566e+01    3.285e+05    1.042e+03      5.300e+01    6.944e+03    1.476e-02      23.08s       20        
404  3.487e+01    2.667e+06    6.243e+01      5.500e+01    1.476e+04    1.453e-02      23.03s       21        
405  3.525e+01    3.141e+07    1.707e+03      5.500e+01    1.476e+04    1.453e-02      22.00s       22        
406  3.419e+01    3.588e+15    1.482e+13      5.500e+01    1.476e+04    1.453e-02      20.68s       22        
407  3.441e+01    3.950e+05    7.183e+02      5.500e+01    1.476e+04    1.453e-02      18.95s       20        
408  3.536e+01    4.886e+05    2.329e+00      5.500e+01    1.476e+04    1.453e-02      18.06s       22        
409  3.589e+01    2.708e+05    8.897e+01      5.500e+01    1.476e+04    1.453e-02      25.08s       22        
410  3.652e+01    5.765e+07    4.048e+03      5.500e+01    1.476e+04    1.453e-02      16.77s       21        
411  3.621e+01    2.244e+08    1.043e+03      5.500e+01    1.476e+04    1.453e-02      15.02s       21        
412  3.594e+01    7.001e+05    1.161e+02      5.500e+01    1.476e+04    1.453e-02      13.99s       21        
413  3.636e+01    1.122e+06    1.835e+02      5.500e+01    1.476e+04    1.453e-02      12.40s       21        
414  3.587e+01    4.874e+05    1.369e+01      5.500e+01    1.476e+04    1.453e-02      11.30s       22        
415  3.726e+01    6.811e+06    2.439e+02      5.500e+01    1.476e+04    1.453e-02      10.44s       18        
416  3.435e+01    9.757e+05    1.283e+04      5.500e+01    1.476e+04    1.453e-02      9.16s        18        
417  3.424e+01    1.799e+06    2.297e+00      5.500e+01    1.476e+04    1.453e-02      7.86s        18        
418  3.401e+01    4.569e+06    4.077e+01      5.500e+01    1.476e+04    1.453e-02      6.61s        18        
419  3.304e+01    2.438e+06    1.433e+01      5.500e+01    1.476e+04    1.453e-02      5.48s        18        
420  3.302e+01    3.971e+06    5.831e+00      5.700e+01    1.912e+04    1.414e-02      4.28s        19        
421  3.610e+01    3.622e+06    8.494e+00      5.700e+01    1.912e+04    1.414e-02      3.37s        19        
422  3.512e+01    1.371e+07    2.079e+05      5.700e+01    1.912e+04    1.414e-02      2.27s        19        
423  3.527e+01    3.026e+06    4.260e+01      5.700e+01    1.912e+04    1.414e-02      1.67s        19        
424  3.537e+01    2.377e+08    4.068e+02      5.700e+01    1.912e+04    1.414e-02      0.00s        19        
425  3.670e+01    1.325e+06    1.905e+07      5.700e+01    1.912e+04    1.414e-02      27.32s       19        
426  3.709e+01    2.573e+07    2.618e+03      5.700e+01    1.912e+04    1.414e-02      26.90s       19        
427  3.540e+01    3.364e+06    4.631e+00      5.700e+01    1.912e+04    1.324e-02      25.52s       19        
428  3.597e+01    2.062e+07    3.586e+03      5.700e+01    1.912e+04    1.324e-02      23.91s       19        
429  3.501e+01    5.384e+07    1.770e+01      5.700e+01    1.912e+04    1.324e-02      22.78s       19        
430  3.655e+01    1.444e+08    1.543e+02      5.700e+01    1.912e+04    1.324e-02      21.96s       19        
431  3.480e+01    1.213e+06    1.152e+04      5.700e+01    1.912e+04    1.324e-02      20.40s       19        
432  3.386e+01    4.199e+06    6.612e+02      5.700e+01    1.912e+04    1.324e-02      19.36s       18        
433  3.226e+01    1.988e+05    1.953e+02      5.700e+01    1.912e+04    1.324e-02      17.54s       18        
434  3.467e+01    3.241e+06    6.772e+01      5.700e+01    1.912e+04    1.324e-02      17.01s       17        
435  3.502e+01    3.597e+06    9.829e+00      5.700e+01    1.912e+04    1.324e-02      15.89s       16        
436  3.372e+01    5.647e+06    1.073e+02      5.700e+01    1.912e+04    1.324e-02      14.54s       16        
437  3.236e+01    1.195e+07    2.324e+02      5.700e+01    1.912e+04    1.324e-02      20.24s       17        
438  3.268e+01    7.169e+05    2.631e+02      5.700e+01    1.912e+04    1.324e-02      12.20s       17        
439  3.291e+01    1.335e+06    6.926e+02      5.700e+01    1.912e+04    1.324e-02      11.05s       17        
440  3.359e+01    9.805e+06    1.037e+02      5.700e+01    1.912e+04    1.324e-02      10.04s       17        
441  3.535e+01    3.190e+06    1.226e+02      5.700e+01    1.912e+04    1.324e-02      9.03s        17        
442  3.372e+01    7.477e+06    5.096e+03      5.700e+01    1.912e+04    1.324e-02      8.39s        18        
443  3.312e+01    6.917e+05    4.022e+01      5.700e+01    1.912e+04    1.324e-02      6.78s        19        
444  3.334e+01    9.872e+07    1.309e+01      5.700e+01    1.912e+04    1.324e-02      5.67s        20        
445  3.513e+01    5.359e+05    7.476e+02      5.700e+01    1.912e+04    1.324e-02      4.60s        19        
446  3.570e+01    6.242e+09    9.431e+00      5.700e+01    1.912e+04    1.324e-02      3.53s        19        
447  3.431e+01    1.996e+07    3.759e+05      5.700e+01    1.912e+04    1.324e-02      2.25s        20        
448  3.467e+01    4.307e+13    2.844e+01      5.700e+01    1.912e+04    1.324e-02      1.11s        20        
449  3.652e+01    4.767e+06    5.707e+00      5.700e+01    1.912e+04    1.324e-02      0.00s        20        
450  3.585e+01    3.184e+06    4.810e+02      5.700e+01    1.912e+04    1.324e-02      27.46s       20        
451  3.617e+01    1.388e+07    4.816e+01      5.700e+01    1.912e+04    1.324e-02      39.59s       21        
452  3.560e+01    5.353e+08    4.642e+04      5.700e+01    1.912e+04    1.324e-02      25.41s       21        
453  3.759e+01    3.365e+12    3.091e+00      5.700e+01    1.912e+04    1.324e-02      24.76s       21        
454  3.676e+01    1.008e+07    3.849e+03      5.700e+01    1.912e+04    1.324e-02      23.75s       22        
455  3.708e+01    3.520e+07    2.770e+00      5.700e+01    1.912e+04    1.324e-02      22.50s       22        
456  3.573e+01    7.780e+05    2.061e+03      5.700e+01    1.912e+04    1.324e-02      21.46s       22        
457  3.547e+01    6.792e+04    7.048e+01      5.700e+01    1.912e+04    1.324e-02      20.15s       22        
458  3.542e+01    3.875e+05    3.016e+00      5.700e+01    1.912e+04    1.324e-02      18.49s       22        
459  3.693e+01    6.539e+12    2.070e+02      5.700e+01    1.912e+04    1.324e-02      17.55s       23        
460  3.689e+01    2.162e+08    1.200e+05      5.700e+01    1.912e+04    1.324e-02      16.78s       24        
461  3.682e+01    7.164e+06    3.795e+01      5.700e+01    1.912e+04    1.324e-02      15.82s       25        
462  3.773e+01    3.887e+06    6.622e+01      5.700e+01    1.912e+04    1.324e-02      14.29s       25        
463  3.667e+01    6.835e+05    1.395e+00      5.700e+01    1.912e+04    1.324e-02      12.86s       25        
464  3.687e+01    8.102e+12    4.763e+09      5.700e+01    1.912e+04    1.324e-02      17.22s       25        
465  3.730e+01    1.063e+09    4.437e+05      5.700e+01    1.912e+04    1.324e-02      10.82s       25        
466  3.704e+01    1.147e+07    1.313e+01      5.700e+01    1.912e+04    1.324e-02      9.65s        25        
467  3.701e+01    8.005e+06    6.044e+02      6.300e+01    5.157e+04    1.315e-02      8.48s        26        
468  3.881e+01    2.683e+06    4.265e+02      6.300e+01    5.157e+04    1.315e-02      7.28s        26        
469  3.738e+01    6.637e+05    1.544e+01      6.300e+01    5.157e+04    1.303e-02      6.04s        26        
470  3.718e+01    1.511e+07    5.728e+02      6.300e+01    5.157e+04    1.303e-02      4.82s        26        
471  3.755e+01    4.331e+08    6.224e+01      6.300e+01    5.157e+04    1.303e-02      3.58s        26        
472  3.807e+01    1.982e+07    2.368e+00      6.300e+01    5.157e+04    1.303e-02      2.38s        26        
473  3.891e+01    2.401e+07    7.254e+01      6.300e+01    5.157e+04    1.303e-02      1.22s        26        
474  3.753e+01    5.417e+06    4.083e+01      6.300e+01    5.157e+04    1.303e-02      0.00s        26        
475  3.815e+01    6.539e+06    1.036e+01      8.300e+01    1.809e+06    1.287e-02      28.91s       27        
476  3.891e+01    5.319e+06    6.427e+01      8.300e+01    1.160e+06    1.281e-02      40.32s       30        
477  4.160e+01    7.764e+07    3.398e+01      8.300e+01    1.160e+06    1.281e-02      26.44s       30        
478  3.973e+01    2.286e+08    1.346e+05      8.300e+01    1.160e+06    1.281e-02      26.11s       31        
479  4.122e+01    4.417e+08    2.678e+01      7.900e+01    5.807e+05    1.274e-02      24.96s       29        
480  3.977e+01    2.375e+14    3.350e+00      7.900e+01    5.807e+05    1.274e-02      23.76s       30        
481  4.127e+01    6.316e+07    3.072e+00      8.100e+01    7.205e+05    1.266e-02      22.75s       31        
482  4.445e+01    8.332e+07    4.379e+02      8.100e+01    7.205e+05    1.266e-02      22.13s       30        
483  4.574e+01    1.016e+10    2.393e+01      8.100e+01    7.205e+05    1.266e-02      20.80s       31        
484  4.709e+01    1.064e+10    1.718e+01      7.700e+01    1.714e+05    1.266e-02      20.93s       28        
485  4.180e+01    5.901e+09    1.624e+01      1.210e+02    2.635e+07    1.265e-02      18.21s       29        
486  4.408e+01    1.236e+10    8.790e+02      8.100e+01    1.913e+05    1.259e-02      16.77s       31        
487  4.647e+01    1.496e+11    4.288e+00      8.100e+01    1.913e+05    1.259e-02      22.01s       31        
488  4.460e+01    6.139e+08    1.391e+01      8.100e+01    1.913e+05    1.259e-02      14.35s       31        
489  4.609e+01    3.460e+09    2.809e+02      8.100e+01    1.913e+05    1.259e-02      13.47s       32        
490  4.630e+01    6.928e+10    5.507e+08      8.100e+01    3.611e+05    1.245e-02      12.39s       28        
491  4.264e+01    3.903e+08    1.633e+01      6.700e+01    6.717e+04    1.228e-02      10.60s       27        
492  4.166e+01    6.162e+09    5.320e+03      6.700e+01    6.717e+04    1.228e-02      9.03s        28        
493  4.104e+01    8.776e+06    1.543e+02      6.700e+01    8.028e+04    1.225e-02      7.71s        29        
494  3.877e+01    5.627e+05    9.637e+01      9.900e+01    2.688e+06    1.222e-02      6.51s        31        
495  4.216e+01    5.060e+07    1.131e+01      8.500e+01    1.115e+06    1.217e-02      5.09s        31        
496  4.395e+01    7.238e+06    6.221e+00      1.210e+02    3.157e+07    1.215e-02      3.93s        33        
497  4.597e+01    1.553e+08    4.123e+02      8.300e+01    9.990e+04    1.172e-02      2.65s        32        
498  4.784e+01    2.317e+08    5.970e+01      7.500e+01    5.756e+04    1.154e-02      1.93s        26        
499  4.230e+01    1.081e+08    2.562e+01      9.500e+01    4.829e+05    1.114e-02      0.00s        25        





Time: 0h:7m:30s
####   Data for the best program   ####
Best Program: add(sub(0.612, mul(add(sub(0.764, X1), X2), mul(add(sub(add(add(sub(0.618, mul(add(add(sub(X2, X1), sub(0.612, mul(add(sub(X2, 1.506), add(0.612, X1)), add(X0, add(sub(mul(add(add(add(sub(X2, 1.506), add(mul(add(sub(0.764, X1), X2), mul(add(sub(0.695, mul(add(sub(X2, 1.506), X2), add(X0, add(mul(add(add(X0, X0), X2), 0.219), X2)))), X2), 0.219)), X1)), X1), X2), 0.245), 1.506), add(X0, X1)))))), X2), 0.219)), 0.219), 0.182), mul(add(add(X0, X0), X2), 0.219)), X2), 0.219))), 0.219)
Best Program Complexity: 482936
Raw Fitness: 0.011137826762005852
Penalized Fitness: 0.011137826762005852
Estimator		Train-rmse: 0.011137826762005852	Test-rmse: 0.01147700296491019	Test-R^2: 0.9866703332813623

{'complexity': 'kommenda', 'const_range': (1e-10, 2.0), 'elitism_size': 0, 'function_set': ('add', 'sub', 'div', 'mul'), 'generations': 500, 'init_depth': (3, 6), 'init_method': 'half and half', 'low_memory': True, 'max_samples': 1.0, 'metric': 'rmse', 'n_jobs': 2, 'p_crossover': 0.7, 'p_hoist_mutation': 0.0, 'p_point_mutation': 0.15000000000000002, 'p_point_replace': 0.05, 'p_subtree_mutation': 0.15000000000000002, 'paretogp': True, 'paretogp_lengths': (5, 160), 'parsimony_coefficient': 0.0, 'population_size': 800, 'random_state': 1503812344, 'selection': 'tournament', 'stopping_criteria': 1e-10, 'tournament_size': 11, 'verbose': 1, 'warm_start': True}
