    |          Population Average          |           Best Individual            |
---- -------------------------------------- -------------------------------------- ----------
Gen  Length       Kommenda     Fitness        Length       Kommenda     Fitness        Time Left    Front Size
0    3.825e+01    9.303e+14    2.341e+11      7.000e+00    1.200e+01    2.467e-01      14.79s       4         
1    8.285e+00    4.185e+07    3.301e+03      7.000e+00    1.200e+01    1.142e-01      17.74s       4         
2    7.008e+00    8.909e+03    7.108e+01      7.000e+00    1.200e+01    1.142e-01      16.33s       4         
3    8.068e+00    5.673e+01    2.430e+01      1.300e+01    9.000e+00    9.843e-02      16.06s       3         
4    9.498e+00    1.911e+02    5.942e+02      1.300e+01    1.500e+01    9.736e-02      15.67s       3         
5    9.575e+00    2.484e+02    9.790e+00      1.300e+01    1.500e+01    9.736e-02      24.00s       3         
6    1.048e+01    2.364e+04    1.647e+05      9.000e+00    7.000e+00    9.736e-02      13.47s       3         
7    9.695e+00    2.002e+05    2.575e+01      9.000e+00    7.000e+00    9.736e-02      12.66s       3         
8    9.240e+00    1.034e+06    4.067e+01      9.000e+00    7.000e+00    9.736e-02      12.36s       3         
9    8.815e+00    1.418e+03    1.246e+03      9.000e+00    7.000e+00    9.736e-02      11.41s       3         
10   8.938e+00    2.574e+02    5.064e+00      7.000e+00    6.000e+00    9.625e-02      10.45s       2         
11   7.987e+00    3.296e+02    1.066e+04      7.000e+00    6.000e+00    9.625e-02      9.88s        2         
12   7.635e+00    1.153e+11    2.086e+10      7.000e+00    6.000e+00    9.625e-02      8.83s        2         
13   7.303e+00    8.165e+02    1.791e+05      7.000e+00    6.000e+00    9.625e-02      8.12s        2         
14   7.185e+00    2.321e+01    6.423e+01      7.000e+00    6.000e+00    9.625e-02      7.38s        2         
15   7.383e+00    1.562e+03    1.299e+01      7.000e+00    6.000e+00    9.625e-02      6.65s        2         
16   7.290e+00    8.672e+02    8.388e+01      7.000e+00    6.000e+00    9.625e-02      5.85s        2         
17   7.433e+00    3.169e+01    3.232e+02      7.000e+00    6.000e+00    9.625e-02      5.23s        2         
18   7.000e+00    2.338e+01    5.039e+02      7.000e+00    6.000e+00    9.625e-02      4.40s        2         
19   7.098e+00    8.103e+01    1.165e+01      7.000e+00    6.000e+00    9.625e-02      3.83s        2         
20   7.247e+00    3.788e+02    8.117e+02      7.000e+00    6.000e+00    9.625e-02      2.96s        2         
21   7.390e+00    5.500e+02    3.417e+01      7.000e+00    6.000e+00    9.625e-02      2.23s        2         
22   7.492e+00    3.528e+02    2.610e+04      7.000e+00    6.000e+00    9.625e-02      1.49s        2         
23   7.250e+00    1.233e+02    1.784e+01      7.000e+00    6.000e+00    9.625e-02      0.75s        2         
24   6.760e+00    4.086e+01    3.342e+03      7.000e+00    6.000e+00    9.625e-02      0.00s        2         
25   6.710e+00    3.962e+11    3.551e+01      7.000e+00    6.000e+00    9.625e-02      17.67s       2         
26   6.850e+00    4.387e+09    7.235e+02      7.000e+00    6.000e+00    9.625e-02      16.72s       2         
27   6.207e+00    1.121e+04    7.742e+01      7.000e+00    6.000e+00    9.625e-02      16.14s       2         
28   5.800e+00    1.678e+03    1.393e+03      7.000e+00    6.000e+00    9.625e-02      26.31s       2         
29   5.218e+00    1.326e+01    5.624e+02      7.000e+00    6.000e+00    9.625e-02      14.71s       2         
30   5.210e+00    3.136e+04    6.576e+01      7.000e+00    6.000e+00    9.625e-02      14.07s       2         
31   5.128e+00    8.586e+01    8.991e+01      7.000e+00    6.000e+00    9.625e-02      13.11s       2         
32   5.425e+00    4.576e+03    2.849e+02      7.000e+00    6.000e+00    9.548e-02      12.20s       2         
33   5.393e+00    1.479e+07    5.369e+01      7.000e+00    6.000e+00    9.548e-02      11.03s       2         
34   6.335e+00    1.432e+01    1.249e+03      7.000e+00    6.000e+00    9.548e-02      10.80s       2         
35   6.893e+00    2.699e+02    9.496e+00      7.000e+00    6.000e+00    9.548e-02      9.99s        2         
36   7.125e+00    1.689e+02    8.741e+01      7.000e+00    6.000e+00    9.548e-02      9.61s        2         
37   7.253e+00    2.259e+05    5.751e+01      7.000e+00    6.000e+00    9.548e-02      8.75s        2         
38   7.282e+00    3.991e+05    2.640e+03      7.000e+00    6.000e+00    9.548e-02      8.29s        2         
39   7.383e+00    2.993e+02    1.248e+03      7.000e+00    6.000e+00    9.548e-02      7.39s        2         
40   7.527e+00    2.602e+02    2.717e+03      7.000e+00    6.000e+00    9.548e-02      6.81s        2         
41   7.510e+00    6.924e+02    1.165e+02      7.000e+00    6.000e+00    9.548e-02      6.16s        2         
42   6.940e+00    1.597e+01    1.726e+01      7.000e+00    6.000e+00    9.548e-02      5.25s        2         
43   7.282e+00    8.093e+06    1.006e+01      7.000e+00    6.000e+00    9.548e-02      4.50s        2         
44   7.355e+00    1.324e+02    3.087e+03      7.000e+00    6.000e+00    9.548e-02      3.76s        2         
45   7.223e+00    9.298e+01    1.549e+02      7.000e+00    6.000e+00    9.548e-02      2.96s        2         
46   7.367e+00    1.414e+02    7.113e+00      7.000e+00    6.000e+00    9.548e-02      2.25s        2         
47   7.270e+00    7.054e+03    4.185e+03      7.000e+00    6.000e+00    9.548e-02      1.51s        2         
48   7.500e+00    4.608e+02    2.942e+07      7.000e+00    6.000e+00    9.548e-02      0.75s        2         
49   7.460e+00    2.995e+03    3.974e+01      7.000e+00    6.000e+00    9.548e-02      0.00s        2         
50   7.285e+00    4.088e+03    4.462e+00      7.000e+00    6.000e+00    9.548e-02      17.94s       2         
51   7.213e+00    1.493e+01    2.846e+01      7.000e+00    6.000e+00    9.548e-02      28.76s       2         
52   7.285e+00    3.951e+02    8.299e+03      7.000e+00    6.000e+00    9.548e-02      16.82s       2         
53   7.388e+00    7.544e+06    1.956e+01      7.000e+00    6.000e+00    9.548e-02      16.16s       2         
54   7.242e+00    1.344e+02    7.625e+00      7.000e+00    6.000e+00    9.548e-02      15.23s       2         
55   7.210e+00    4.091e+02    8.304e+05      7.000e+00    4.000e+00    9.546e-02      13.90s       1         
56   7.275e+00    3.116e+07    5.488e+04      7.000e+00    4.000e+00    9.546e-02      13.44s       1         
57   7.145e+00    1.221e+02    9.380e+07      7.000e+00    4.000e+00    9.546e-02      12.57s       1         
58   7.580e+00    1.631e+08    1.381e+02      7.000e+00    4.000e+00    9.546e-02      12.06s       1         
59   7.268e+00    1.678e+02    1.247e+03      7.000e+00    4.000e+00    9.546e-02      10.92s       1         
60   7.560e+00    6.327e+07    5.559e+03      7.000e+00    4.000e+00    9.546e-02      10.37s       1         
61   7.420e+00    1.020e+06    2.895e+01      7.000e+00    4.000e+00    9.546e-02      9.44s        1         
62   7.075e+00    1.150e+01    7.302e+00      7.000e+00    4.000e+00    9.546e-02      8.60s        1         
63   7.463e+00    2.193e+02    9.546e+01      7.000e+00    4.000e+00    9.546e-02      8.28s        1         
64   7.245e+00    4.502e+01    1.799e+01      7.000e+00    4.000e+00    9.546e-02      7.23s        1         
65   7.338e+00    5.054e+07    5.219e+01      7.000e+00    4.000e+00    9.546e-02      6.44s        1         
66   7.107e+00    2.345e+01    1.671e+04      7.000e+00    4.000e+00    9.546e-02      5.81s        1         
67   7.272e+00    9.870e+02    3.117e+01      7.000e+00    4.000e+00    9.546e-02      5.04s        1         
68   7.610e+00    7.446e+09    2.878e+04      7.000e+00    4.000e+00    9.546e-02      4.59s        1         
69   7.735e+00    2.102e+09    1.937e+06      7.000e+00    4.000e+00    9.546e-02      3.75s        1         
70   7.287e+00    1.140e+02    4.444e+01      7.000e+00    4.000e+00    9.546e-02      2.94s        1         
71   7.173e+00    1.457e+01    8.392e+02      7.000e+00    4.000e+00    9.546e-02      2.18s        1         
72   7.157e+00    4.355e+10    1.176e+04      7.000e+00    4.000e+00    9.546e-02      1.46s        1         
73   7.218e+00    4.420e+08    2.754e+10      7.000e+00    4.000e+00    9.546e-02      0.73s        1         
74   7.077e+00    8.497e+03    3.017e+00      7.000e+00    4.000e+00    9.546e-02      0.00s        1         
75   7.285e+00    1.022e+03    4.091e+01      7.000e+00    4.000e+00    9.546e-02      30.86s       1         
76   7.522e+00    3.256e+04    6.075e+03      7.000e+00    4.000e+00    9.546e-02      17.34s       1         
77   7.425e+00    1.416e+12    4.371e+06      7.000e+00    4.000e+00    9.546e-02      16.29s       1         
78   7.705e+00    9.207e+06    3.665e+03      7.000e+00    4.000e+00    9.546e-02      15.54s       1         
79   7.322e+00    1.175e+06    6.652e+04      7.000e+00    4.000e+00    9.546e-02      14.83s       1         
80   7.138e+00    7.165e+02    6.650e+00      7.000e+00    4.000e+00    9.546e-02      13.99s       1         
81   7.475e+00    5.662e+02    3.395e+02      7.000e+00    4.000e+00    9.546e-02      13.23s       1         
82   7.445e+00    2.124e+06    6.256e+03      7.000e+00    4.000e+00    9.546e-02      12.47s       1         
83   7.665e+00    1.109e+11    2.439e+01      7.000e+00    4.000e+00    9.546e-02      11.94s       1         
84   7.330e+00    1.713e+05    4.144e+04      7.000e+00    4.000e+00    9.546e-02      10.88s       1         
85   7.075e+00    7.439e+02    1.249e+02      7.000e+00    4.000e+00    9.546e-02      10.40s       1         
86   7.247e+00    2.519e+02    2.166e+01      7.000e+00    4.000e+00    9.546e-02      9.43s        1         
87   7.213e+00    1.112e+01    1.945e+02      7.000e+00    4.000e+00    9.546e-02      8.68s        1         
88   7.162e+00    1.025e+01    2.597e+00      7.000e+00    4.000e+00    9.546e-02      8.11s        1         
89   7.362e+00    4.692e+01    7.113e+00      7.000e+00    4.000e+00    9.546e-02      7.32s        1         
90   7.317e+00    2.161e+01    4.946e+01      7.000e+00    4.000e+00    9.546e-02      6.60s        1         
91   6.955e+00    6.508e+00    4.957e+00      7.000e+00    4.000e+00    9.546e-02      5.94s        1         
92   7.655e+00    7.059e+04    2.598e+03      7.000e+00    4.000e+00    9.546e-02      5.14s        1         
93   7.640e+00    7.301e+07    2.339e+01      7.000e+00    4.000e+00    9.546e-02      4.45s        1         
94   7.082e+00    1.106e+01    5.625e+02      7.000e+00    4.000e+00    9.546e-02      3.63s        1         
95   7.415e+00    1.081e+02    1.011e+02      7.000e+00    4.000e+00    9.546e-02      2.92s        1         
96   7.505e+00    5.114e+03    3.641e+05      7.000e+00    4.000e+00    9.546e-02      2.26s        1         
97   7.343e+00    2.124e+03    2.916e+03      7.000e+00    4.000e+00    9.546e-02      1.47s        1         
98   7.343e+00    3.227e+01    5.882e+01      7.000e+00    4.000e+00    9.546e-02      1.23s        1         
99   7.565e+00    1.537e+05    9.725e+04      7.000e+00    4.000e+00    9.546e-02      0.00s        1         
100  7.178e+00    8.053e+01    1.585e+07      7.000e+00    4.000e+00    9.546e-02      17.28s       1         
101  7.162e+00    5.562e+01    5.556e+01      7.000e+00    4.000e+00    9.546e-02      16.60s       1         
102  7.242e+00    5.526e+03    1.271e+02      7.000e+00    4.000e+00    9.546e-02      15.84s       1         
103  7.225e+00    1.365e+03    5.593e+01      7.000e+00    4.000e+00    9.546e-02      14.99s       1         
104  7.850e+00    8.345e+05    1.766e+04      7.000e+00    4.000e+00    9.546e-02      14.57s       1         
105  7.175e+00    1.827e+01    1.517e+03      7.000e+00    4.000e+00    9.546e-02      13.67s       1         
106  7.420e+00    4.957e+05    2.357e+03      7.000e+00    4.000e+00    9.546e-02      13.14s       1         
107  7.295e+00    9.330e+01    5.068e+02      7.000e+00    4.000e+00    9.546e-02      12.40s       1         
108  7.332e+00    1.048e+03    6.212e+00      7.000e+00    4.000e+00    9.546e-02      11.38s       1         
109  7.503e+00    3.057e+06    5.561e+01      7.000e+00    4.000e+00    9.546e-02      11.07s       1         
110  7.378e+00    1.113e+03    6.199e+02      7.000e+00    4.000e+00    9.546e-02      10.09s       1         
111  7.310e+00    5.922e+02    1.005e+02      7.000e+00    4.000e+00    9.546e-02      9.40s        1         
112  7.300e+00    9.337e+01    4.793e+07      7.000e+00    4.000e+00    9.546e-02      8.71s        1         
113  7.447e+00    2.373e+08    2.785e+01      7.000e+00    4.000e+00    9.546e-02      8.07s        1         
114  7.213e+00    2.221e+02    5.708e+04      7.000e+00    4.000e+00    9.546e-02      7.07s        1         
115  7.480e+00    1.871e+03    1.599e+05      7.000e+00    4.000e+00    9.546e-02      6.46s        1         
116  7.463e+00    6.897e+02    1.839e+04      7.000e+00    4.000e+00    9.546e-02      5.78s        1         
117  7.250e+00    1.023e+05    8.473e+03      7.000e+00    4.000e+00    9.546e-02      5.07s        1         
118  7.468e+00    1.040e+06    3.179e+03      7.000e+00    4.000e+00    9.546e-02      4.30s        1         
119  7.285e+00    4.072e+02    4.319e+03      7.000e+00    4.000e+00    9.546e-02      3.61s        1         
120  7.405e+00    3.098e+06    4.271e+03      7.000e+00    4.000e+00    9.546e-02      2.84s        1         
121  7.237e+00    1.852e+01    2.567e+03      7.000e+00    4.000e+00    9.546e-02      2.16s        1         
122  7.420e+00    2.299e+02    1.931e+02      7.000e+00    4.000e+00    9.546e-02      2.44s        1         
123  7.655e+00    2.022e+10    3.432e+05      7.000e+00    4.000e+00    9.546e-02      0.72s        1         
124  7.402e+00    5.204e+02    2.652e+00      7.000e+00    4.000e+00    9.546e-02      0.00s        1         
125  7.100e+00    3.968e+03    5.416e+03      7.000e+00    4.000e+00    9.546e-02      17.12s       1         
126  7.378e+00    5.113e+05    2.116e+03      7.000e+00    4.000e+00    9.546e-02      16.76s       1         
127  7.173e+00    1.766e+01    1.809e+00      7.000e+00    4.000e+00    9.546e-02      15.74s       1         
128  7.610e+00    9.938e+05    1.447e+05      7.000e+00    4.000e+00    9.546e-02      15.23s       1         
129  7.420e+00    2.007e+10    1.453e+01      7.000e+00    4.000e+00    9.546e-02      14.90s       1         
130  7.418e+00    2.229e+03    7.506e+02      7.000e+00    4.000e+00    9.546e-02      13.71s       1         
131  7.482e+00    1.460e+02    1.002e+01      7.000e+00    4.000e+00    9.546e-02      13.14s       1         
132  7.572e+00    5.131e+09    7.137e+02      7.000e+00    4.000e+00    9.546e-02      12.44s       1         
133  7.372e+00    1.121e+07    1.029e+02      7.000e+00    4.000e+00    9.546e-02      11.53s       1         
134  7.378e+00    1.451e+08    1.427e+05      7.000e+00    4.000e+00    9.546e-02      10.78s       1         
135  7.275e+00    4.513e+01    2.019e+01      7.000e+00    4.000e+00    9.546e-02      10.20s       1         
136  7.242e+00    3.735e+01    3.061e+02      7.000e+00    4.000e+00    9.546e-02      9.40s        1         
137  7.525e+00    7.035e+05    2.846e+02      7.000e+00    4.000e+00    9.546e-02      8.63s        1         
138  7.162e+00    1.640e+01    6.747e+01      7.000e+00    4.000e+00    9.546e-02      7.97s        1         
139  7.335e+00    2.874e+02    3.467e+01      7.000e+00    4.000e+00    9.546e-02      7.15s        1         
140  7.253e+00    2.036e+04    8.785e+01      7.000e+00    4.000e+00    9.546e-02      6.37s        1         
141  7.360e+00    8.772e+01    2.467e+01      7.000e+00    4.000e+00    9.546e-02      5.86s        1         
142  7.438e+00    4.180e+05    6.177e+03      7.000e+00    4.000e+00    9.546e-02      5.10s        1         
143  7.713e+00    3.050e+07    1.735e+02      7.000e+00    4.000e+00    9.546e-02      4.32s        1         
144  7.138e+00    4.556e+02    1.631e+03      7.000e+00    4.000e+00    9.546e-02      3.57s        1         
145  7.400e+00    9.809e+01    1.606e+04      7.000e+00    4.000e+00    9.546e-02      5.00s        1         
146  7.107e+00    1.176e+01    3.467e+00      7.000e+00    4.000e+00    9.546e-02      2.24s        1         
147  7.468e+00    5.707e+02    1.302e+02      7.000e+00    4.000e+00    9.546e-02      1.44s        1         
148  7.263e+00    1.039e+01    6.620e+01      7.000e+00    4.000e+00    9.546e-02      0.73s        1         
149  7.120e+00    1.042e+02    3.271e+00      7.000e+00    3.600e+01    8.698e-02      0.00s        2         
150  7.258e+00    4.616e+02    6.370e+01      7.000e+00    3.600e+01    8.698e-02      17.49s       2         
151  7.560e+00    7.919e+05    5.644e+01      9.000e+00    4.500e+01    7.849e-02      16.92s       3         
152  7.668e+00    2.905e+02    1.246e+05      9.000e+00    4.500e+01    7.849e-02      16.66s       3         
153  7.832e+00    1.670e+02    3.438e+01      9.000e+00    4.500e+01    7.784e-02      15.58s       3         
154  8.460e+00    2.760e+05    4.032e+05      9.000e+00    4.500e+01    7.784e-02      14.90s       3         
155  8.598e+00    4.722e+04    5.531e+04      1.100e+01    5.400e+01    7.436e-02      14.87s       4         
156  8.630e+00    4.439e+02    5.935e+01      1.100e+01    5.400e+01    7.426e-02      13.66s       4         
157  8.915e+00    1.341e+03    1.234e+01      1.100e+01    5.400e+01    7.426e-02      13.48s       4         
158  9.398e+00    8.058e+02    2.846e+03      1.100e+01    5.400e+01    7.426e-02      12.51s       4         
159  9.258e+00    3.742e+06    2.749e+04      1.100e+01    5.400e+01    7.426e-02      11.68s       4         
160  9.498e+00    2.243e+11    8.051e+07      1.100e+01    5.400e+01    7.426e-02      11.06s       4         
161  8.990e+00    1.388e+07    2.851e+03      1.100e+01    5.400e+01    7.426e-02      10.04s       4         
162  9.402e+00    2.417e+09    1.253e+02      1.100e+01    5.400e+01    7.426e-02      9.30s        4         
163  9.043e+00    5.623e+03    2.400e+01      1.100e+01    5.400e+01    7.426e-02      8.55s        4         
164  9.572e+00    9.022e+04    2.932e+01      1.100e+01    5.400e+01    7.426e-02      7.71s        4         
165  9.275e+00    2.684e+04    3.152e+03      1.100e+01    5.400e+01    7.426e-02      6.84s        4         
166  9.285e+00    5.256e+02    1.295e+03      1.100e+01    5.400e+01    7.426e-02      6.19s        4         
167  9.307e+00    1.612e+02    1.324e+03      1.100e+01    5.400e+01    7.426e-02      5.39s        4         
168  9.428e+00    2.033e+06    4.234e+01      1.100e+01    5.400e+01    7.426e-02      4.65s        4         
169  9.273e+00    1.152e+02    2.994e+03      1.100e+01    5.400e+01    7.426e-02      6.46s        4         
170  9.400e+00    3.957e+02    2.555e+01      1.300e+01    1.350e+02    6.937e-02      3.11s        5         
171  1.023e+01    1.125e+03    1.142e+05      1.900e+01    2.160e+02    6.855e-02      2.37s        6         
172  1.095e+01    7.865e+03    1.233e+02      1.300e+01    1.620e+02    5.709e-02      1.62s        6         
173  1.140e+01    5.398e+02    9.942e+08      1.300e+01    1.620e+02    5.709e-02      0.82s        7         
174  1.127e+01    6.056e+08    1.737e+01      1.700e+01    4.320e+02    4.820e-02      0.00s        9         
175  1.194e+01    2.410e+03    4.544e+01      1.700e+01    4.320e+02    4.820e-02      19.63s       10        
176  1.235e+01    7.990e+02    4.394e+01      1.700e+01    4.320e+02    4.820e-02      19.00s       10        
177  1.273e+01    1.164e+05    2.113e+01      1.900e+01    4.410e+02    4.686e-02      18.00s       12        
178  1.331e+01    5.942e+03    1.758e+03      1.900e+01    4.410e+02    4.686e-02      17.68s       12        
179  1.395e+01    9.488e+06    2.811e+01      1.900e+01    4.410e+02    4.686e-02      17.25s       12        
180  1.371e+01    1.131e+06    1.016e+02      1.900e+01    4.410e+02    4.686e-02      16.34s       13        
181  1.418e+01    1.928e+03    8.909e+00      2.100e+01    4.680e+02    4.385e-02      15.49s       14        
182  1.506e+01    4.514e+03    1.171e+01      1.900e+01    4.410e+02    4.214e-02      14.90s       13        
183  1.427e+01    1.191e+03    2.639e+01      1.900e+01    4.410e+02    4.214e-02      13.97s       13        
184  1.446e+01    1.507e+04    3.977e+01      1.900e+01    4.410e+02    4.214e-02      13.23s       11        
185  1.466e+01    2.258e+03    2.973e+03      2.100e+01    4.500e+02    3.945e-02      12.16s       12        
186  1.447e+01    1.043e+03    5.740e+01      2.100e+01    4.500e+02    3.945e-02      11.21s       12        
187  1.515e+01    7.381e+04    2.211e+05      2.100e+01    4.500e+02    3.945e-02      10.61s       12        
188  1.517e+01    2.550e+08    8.180e+01      2.300e+01    6.300e+02    3.936e-02      9.60s        13        
189  1.590e+01    2.828e+04    6.902e+02      2.300e+01    6.300e+02    3.936e-02      14.33s       13        
190  1.545e+01    3.540e+03    2.241e+01      2.300e+01    6.300e+02    3.936e-02      8.35s        13        
191  1.614e+01    2.414e+08    5.289e+11      2.300e+01    6.300e+02    3.785e-02      7.28s        12        
192  1.602e+01    3.533e+03    3.051e+01      2.300e+01    6.300e+02    3.785e-02      6.38s        12        
193  1.627e+01    3.035e+07    3.875e+01      2.300e+01    6.300e+02    3.785e-02      5.77s        12        
194  1.544e+01    1.040e+04    4.160e+01      2.300e+01    6.300e+02    3.785e-02      4.54s        12        
195  1.612e+01    5.875e+11    8.637e+01      2.500e+01    6.390e+02    3.762e-02      3.73s        12        
196  1.578e+01    9.666e+03    1.718e+03      2.300e+01    6.300e+02    3.229e-02      2.69s        12        
197  1.503e+01    6.336e+03    2.848e+03      2.300e+01    6.300e+02    3.229e-02      1.80s        12        
198  1.562e+01    2.405e+04    1.823e+01      2.300e+01    6.300e+02    3.229e-02      0.92s        12        
199  1.598e+01    1.271e+03    5.776e+01      2.300e+01    6.300e+02    3.229e-02      0.00s        13        
200  1.555e+01    8.284e+05    6.252e+01      2.300e+01    6.300e+02    3.229e-02      21.88s       13        
201  1.659e+01    1.544e+05    6.760e+02      2.300e+01    6.300e+02    3.229e-02      21.10s       15        
202  1.650e+01    4.469e+03    7.430e+00      2.300e+01    6.300e+02    3.229e-02      20.07s       16        
203  1.602e+01    9.305e+03    2.674e+03      2.300e+01    6.300e+02    3.229e-02      19.31s       17        
204  1.555e+01    5.373e+04    1.148e+01      2.300e+01    6.300e+02    3.229e-02      18.43s       16        
205  1.562e+01    7.771e+03    7.995e+00      2.300e+01    6.300e+02    3.229e-02      17.36s       16        
206  1.637e+01    6.868e+04    1.572e+04      2.300e+01    6.300e+02    3.229e-02      16.70s       17        
207  1.630e+01    5.052e+03    2.845e+03      2.300e+01    6.300e+02    3.229e-02      15.45s       17        
208  1.597e+01    1.637e+08    1.587e+01      2.300e+01    6.300e+02    3.229e-02      23.18s       16        
209  1.606e+01    2.536e+12    4.638e+01      2.300e+01    6.300e+02    3.229e-02      13.73s       15        
210  1.575e+01    2.421e+07    3.732e+05      2.300e+01    6.300e+02    3.229e-02      12.80s       15        
211  1.566e+01    3.219e+03    1.007e+01      2.300e+01    6.300e+02    3.229e-02      11.82s       17        
212  1.576e+01    5.404e+07    1.742e+04      2.300e+01    6.300e+02    3.229e-02      10.93s       17        
213  1.596e+01    2.110e+03    5.116e+02      2.300e+01    6.300e+02    3.229e-02      10.11s       17        
214  1.571e+01    3.914e+05    1.633e+01      2.300e+01    6.300e+02    3.229e-02      9.13s        18        
215  1.679e+01    3.713e+06    3.151e+01      3.100e+01    1.638e+03    3.121e-02      8.22s        19        
216  1.748e+01    1.568e+03    2.878e+01      3.100e+01    1.638e+03    3.121e-02      7.51s        19        
217  1.736e+01    3.806e+08    3.116e+01      3.100e+01    1.638e+03    3.121e-02      6.60s        20        
218  1.750e+01    3.415e+03    6.994e+00      3.100e+01    1.638e+03    3.121e-02      5.60s        19        
219  1.657e+01    1.266e+03    8.596e+02      2.700e+01    1.431e+03    3.071e-02      4.65s        19        
220  1.717e+01    9.702e+07    3.486e+01      2.700e+01    1.431e+03    3.071e-02      3.71s        19        
221  1.677e+01    3.479e+03    2.146e+01      2.700e+01    1.431e+03    3.071e-02      2.85s        20        
222  1.655e+01    1.461e+03    1.346e+01      2.700e+01    1.431e+03    3.071e-02      1.94s        20        
223  1.667e+01    1.627e+03    4.641e+01      2.700e+01    1.431e+03    3.071e-02      0.93s        20        
224  1.651e+01    6.145e+03    1.876e+01      2.700e+01    1.431e+03    3.071e-02      0.00s        20        
225  1.652e+01    1.061e+04    8.363e+01      2.700e+01    1.431e+03    3.071e-02      22.34s       19        
226  1.625e+01    3.475e+03    2.876e+03      2.700e+01    1.431e+03    3.071e-02      33.24s       20        
227  1.655e+01    4.468e+03    3.682e+01      2.700e+01    1.431e+03    3.071e-02      19.95s       20        
228  1.596e+01    6.647e+05    1.098e+01      2.700e+01    1.431e+03    3.071e-02      19.76s       18        
229  1.627e+01    2.254e+03    3.560e+02      2.700e+01    1.431e+03    3.071e-02      18.82s       18        
230  1.596e+01    1.672e+03    2.866e+03      2.700e+01    1.431e+03    3.071e-02      18.07s       20        
231  1.573e+01    7.509e+03    4.820e+03      2.700e+01    1.431e+03    3.071e-02      17.13s       17        
232  1.573e+01    1.807e+06    1.052e+01      2.700e+01    1.431e+03    3.071e-02      16.22s       17        
233  1.498e+01    7.256e+02    2.146e+01      2.700e+01    1.431e+03    3.071e-02      14.88s       17        
234  1.539e+01    5.719e+03    2.980e+01      2.700e+01    1.431e+03    3.071e-02      13.84s       17        
235  1.541e+01    1.401e+07    1.020e+02      2.700e+01    1.431e+03    3.071e-02      12.77s       17        
236  1.551e+01    3.705e+03    1.424e+03      2.700e+01    1.431e+03    3.071e-02      12.13s       16        
237  1.531e+01    1.877e+03    2.793e+05      2.700e+01    1.431e+03    3.071e-02      11.15s       16        
238  1.593e+01    1.971e+05    4.627e+04      2.700e+01    1.431e+03    3.071e-02      10.35s       16        
239  1.587e+01    1.277e+04    4.581e+01      2.700e+01    1.431e+03    3.071e-02      9.37s        17        
240  1.675e+01    1.091e+07    7.190e+01      2.700e+01    1.431e+03    3.071e-02      8.52s        18        
241  1.652e+01    1.228e+05    5.873e+01      2.300e+01    8.190e+02    2.762e-02      7.77s        16        
242  1.526e+01    5.633e+03    2.888e+03      2.300e+01    8.190e+02    2.762e-02      6.41s        16        
243  1.508e+01    4.787e+05    2.847e+03      2.300e+01    8.190e+02    2.762e-02      5.35s        16        
244  1.411e+01    3.669e+04    2.463e+01      2.300e+01    8.190e+02    2.762e-02      7.07s        16        
245  1.442e+01    9.591e+02    1.864e+01      2.300e+01    8.190e+02    2.762e-02      3.60s        16        
246  1.547e+01    9.912e+03    2.975e+01      2.300e+01    8.190e+02    2.762e-02      2.70s        16        
247  1.481e+01    1.313e+03    7.086e+01      2.300e+01    8.190e+02    2.762e-02      1.79s        16        
248  1.492e+01    5.790e+03    3.781e+01      2.300e+01    8.190e+02    2.762e-02      0.90s        16        
249  1.465e+01    3.421e+04    6.150e+01      2.300e+01    8.190e+02    2.762e-02      0.00s        16        
250  1.513e+01    2.137e+03    9.201e+00      2.300e+01    8.190e+02    2.762e-02      22.05s       16        
251  1.484e+01    1.165e+03    1.525e+01      2.300e+01    8.190e+02    2.762e-02      20.75s       16        
252  1.528e+01    3.462e+04    8.048e+00      2.300e+01    8.190e+02    2.762e-02      20.05s       16        
253  1.518e+01    2.521e+10    2.316e+01      2.300e+01    8.190e+02    2.762e-02      18.84s       16        
254  1.514e+01    3.990e+05    1.258e+01      2.300e+01    8.190e+02    2.762e-02      18.15s       16        
255  1.486e+01    2.661e+06    8.275e+01      2.300e+01    8.190e+02    2.762e-02      17.16s       16        
256  1.529e+01    3.498e+03    5.075e+01      2.300e+01    8.190e+02    2.762e-02      16.18s       16        
257  1.430e+01    1.087e+03    3.052e+03      2.300e+01    8.190e+02    2.762e-02      15.01s       16        
258  1.478e+01    2.890e+08    1.978e+01      2.300e+01    8.190e+02    2.762e-02      14.19s       16        
259  1.512e+01    6.836e+04    2.439e+02      2.300e+01    8.190e+02    2.762e-02      13.43s       16        
260  1.451e+01    2.551e+03    2.013e+01      2.300e+01    8.190e+02    2.762e-02      12.40s       16        
261  1.399e+01    7.504e+02    6.489e+05      2.300e+01    8.190e+02    2.762e-02      11.32s       16        
262  1.470e+01    1.436e+03    2.120e+01      2.300e+01    8.190e+02    2.762e-02      16.88s       16        
263  1.537e+01    1.582e+04    4.532e+03      2.300e+01    8.190e+02    2.762e-02      9.83s        16        
264  1.454e+01    1.155e+03    5.177e+01      2.300e+01    8.190e+02    2.762e-02      8.94s        15        
265  1.529e+01    4.353e+03    1.729e+01      2.300e+01    8.190e+02    2.762e-02      8.01s        15        
266  1.490e+01    8.357e+03    1.294e+01      2.300e+01    8.190e+02    2.762e-02      7.10s        15        
267  1.488e+01    4.021e+03    8.779e+01      2.300e+01    8.190e+02    2.762e-02      6.25s        15        
268  1.510e+01    6.547e+03    1.358e+01      2.300e+01    8.190e+02    2.762e-02      5.32s        15        
269  1.460e+01    2.743e+03    2.492e+01      2.300e+01    8.190e+02    2.762e-02      4.50s        15        
270  1.479e+01    1.520e+04    8.126e+01      2.300e+01    8.190e+02    2.762e-02      3.61s        15        
271  1.452e+01    1.149e+05    2.199e+01      2.300e+01    8.190e+02    2.762e-02      2.66s        15        
272  1.453e+01    1.219e+08    4.390e+03      2.300e+01    8.190e+02    2.762e-02      1.77s        15        
273  1.524e+01    6.004e+08    1.756e+01      2.300e+01    8.190e+02    2.762e-02      0.86s        15        
274  1.467e+01    1.638e+03    5.901e+01      2.300e+01    8.190e+02    2.762e-02      0.00s        15        
275  1.453e+01    7.757e+03    3.411e+01      2.300e+01    8.190e+02    2.762e-02      21.20s       15        
276  1.532e+01    2.081e+04    1.410e+02      2.300e+01    8.190e+02    2.762e-02      20.38s       16        
277  1.572e+01    9.758e+05    3.416e+01      2.300e+01    8.190e+02    2.762e-02      19.54s       16        
278  1.489e+01    9.227e+02    3.078e+01      2.300e+01    8.190e+02    2.762e-02      18.33s       17        
279  1.624e+01    1.778e+15    4.089e+01      2.300e+01    8.190e+02    2.762e-02      18.39s       17        
280  1.539e+01    8.046e+02    1.110e+03      2.300e+01    8.190e+02    2.762e-02      16.80s       17        
281  1.627e+01    1.380e+04    6.879e+01      2.300e+01    8.190e+02    2.762e-02      16.17s       17        
282  1.569e+01    1.860e+03    1.682e+01      2.300e+01    8.190e+02    2.762e-02      24.42s       16        
283  1.536e+01    7.348e+05    4.299e+01      2.300e+01    8.190e+02    2.762e-02      14.49s       16        
284  1.568e+01    2.315e+04    1.446e+01      2.300e+01    8.190e+02    2.762e-02      13.76s       16        
285  1.607e+01    2.652e+06    2.042e+02      2.300e+01    8.190e+02    2.762e-02      12.72s       16        
286  1.611e+01    5.770e+03    4.370e+01      2.300e+01    8.190e+02    2.762e-02      11.85s       16        
287  1.608e+01    1.843e+05    3.777e+03      2.300e+01    8.190e+02    2.762e-02      10.86s       16        
288  1.602e+01    1.273e+07    7.108e+03      2.300e+01    8.190e+02    2.762e-02      9.94s        16        
289  1.494e+01    5.091e+03    1.564e+01      2.300e+01    8.190e+02    2.762e-02      9.07s        16        
290  1.567e+01    2.335e+03    2.852e+01      2.300e+01    8.190e+02    2.762e-02      8.20s        16        
291  1.567e+01    5.573e+03    1.018e+01      2.300e+01    8.190e+02    2.762e-02      7.28s        16        
292  1.576e+01    1.580e+04    2.893e+03      2.300e+01    8.190e+02    2.762e-02      6.24s        16        
293  1.536e+01    2.402e+04    9.094e+00      2.300e+01    8.190e+02    2.762e-02      5.39s        16        
294  1.542e+01    1.182e+03    1.655e+01      2.300e+01    8.190e+02    2.762e-02      4.55s        16        
295  1.532e+01    1.543e+03    2.556e+02      2.300e+01    8.190e+02    2.762e-02      3.56s        16        
296  1.561e+01    4.758e+03    1.021e+01      2.300e+01    8.190e+02    2.762e-02      2.68s        16        
297  1.538e+01    3.941e+12    8.141e+01      2.300e+01    8.190e+02    2.762e-02      1.79s        16        
298  1.568e+01    2.627e+05    8.838e+00      2.300e+01    8.190e+02    2.762e-02      0.90s        16        
299  1.569e+01    1.455e+03    1.960e+01      2.300e+01    8.190e+02    2.762e-02      0.00s        16        
300  1.535e+01    1.616e+03    4.790e+01      2.300e+01    8.190e+02    2.762e-02      28.26s       16        
301  1.540e+01    1.337e+04    7.266e+01      2.300e+01    8.190e+02    2.762e-02      20.49s       16        
302  1.547e+01    3.428e+05    2.291e+03      2.300e+01    8.190e+02    2.762e-02      19.89s       16        
303  1.567e+01    1.260e+03    2.843e+03      2.300e+01    8.190e+02    2.762e-02      18.84s       16        
304  1.548e+01    8.310e+03    1.289e+01      2.300e+01    8.190e+02    2.762e-02      18.28s       16        
305  1.598e+01    8.977e+06    8.383e+00      2.300e+01    8.190e+02    2.762e-02      17.34s       16        
306  1.521e+01    2.626e+08    2.062e+01      2.300e+01    8.190e+02    2.762e-02      16.25s       16        
307  1.529e+01    2.269e+03    1.085e+01      2.300e+01    8.190e+02    2.762e-02      15.37s       16        
308  1.517e+01    1.344e+08    6.134e+01      2.300e+01    8.190e+02    2.762e-02      14.49s       16        
309  1.565e+01    8.054e+06    4.691e+06      2.300e+01    8.190e+02    2.762e-02      13.62s       16        
310  1.535e+01    1.548e+03    2.646e+01      2.300e+01    8.190e+02    2.762e-02      12.51s       16        
311  1.523e+01    1.219e+04    7.170e+01      2.300e+01    8.190e+02    2.762e-02      11.61s       16        
312  1.576e+01    9.091e+03    3.943e+05      2.300e+01    8.190e+02    2.762e-02      10.88s       16        
313  1.530e+01    3.743e+03    8.251e+01      2.300e+01    8.190e+02    2.762e-02      9.93s        16        
314  1.546e+01    1.304e+07    1.109e+03      2.300e+01    8.190e+02    2.762e-02      8.91s        16        
315  1.539e+01    4.214e+07    9.382e+00      2.300e+01    8.190e+02    2.762e-02      8.10s        16        
316  1.564e+01    1.395e+03    1.223e+01      2.300e+01    8.190e+02    2.762e-02      7.14s        16        
317  1.546e+01    1.523e+03    2.843e+03      2.300e+01    8.190e+02    2.762e-02      6.25s        16        
318  1.528e+01    2.082e+03    6.309e+03      2.300e+01    8.190e+02    2.762e-02      5.38s        16        
319  1.506e+01    1.117e+04    2.884e+03      2.300e+01    8.190e+02    2.762e-02      7.16s        16        
320  1.534e+01    1.118e+03    5.716e+03      2.300e+01    8.190e+02    2.762e-02      3.68s        16        
321  1.507e+01    4.428e+04    4.645e+04      2.300e+01    8.190e+02    2.762e-02      2.67s        16        
322  1.567e+01    5.565e+04    2.864e+03      2.300e+01    8.190e+02    2.762e-02      1.85s        16        
323  1.540e+01    1.984e+03    5.536e+04      2.300e+01    8.190e+02    2.762e-02      0.92s        16        
324  1.508e+01    1.394e+04    3.437e+04      2.300e+01    8.190e+02    2.762e-02      0.00s        16        
325  1.532e+01    1.105e+03    8.540e+03      2.300e+01    8.190e+02    2.762e-02      21.51s       16        
326  1.555e+01    2.368e+03    3.358e+03      2.300e+01    8.190e+02    2.762e-02      20.79s       16        
327  1.550e+01    1.024e+03    1.744e+01      2.300e+01    8.190e+02    2.762e-02      20.01s       16        
328  1.512e+01    5.224e+03    1.028e+01      2.300e+01    8.190e+02    2.762e-02      18.89s       16        
329  1.536e+01    5.660e+04    5.659e+05      2.300e+01    8.190e+02    2.762e-02      17.90s       16        
330  1.606e+01    1.237e+04    4.481e+02      2.300e+01    8.190e+02    2.762e-02      17.14s       16        
331  1.602e+01    7.670e+03    1.539e+03      2.300e+01    8.190e+02    2.762e-02      16.08s       16        
332  1.591e+01    6.726e+03    3.878e+05      2.300e+01    8.190e+02    2.762e-02      15.54s       16        
333  1.566e+01    1.279e+03    6.149e+02      2.300e+01    8.190e+02    2.762e-02      14.25s       16        
334  1.568e+01    2.974e+06    3.909e+05      2.300e+01    8.190e+02    2.762e-02      13.47s       16        
335  1.522e+01    1.224e+03    3.343e+01      2.300e+01    8.190e+02    2.762e-02      12.51s       16        
336  1.623e+01    4.379e+09    1.091e+01      2.300e+01    8.190e+02    2.762e-02      11.71s       16        
337  1.554e+01    2.720e+03    2.859e+03      2.300e+01    8.190e+02    2.762e-02      10.98s       16        
338  1.545e+01    4.673e+03    5.891e+03      2.300e+01    8.190e+02    2.762e-02      15.86s       16        
339  1.588e+01    3.112e+08    1.366e+04      2.300e+01    8.190e+02    2.762e-02      9.04s        16        
340  1.550e+01    2.892e+03    3.514e+01      2.300e+01    8.190e+02    2.762e-02      8.25s        16        
341  1.573e+01    2.539e+06    2.469e+01      2.300e+01    8.190e+02    2.762e-02      7.21s        16        
342  1.527e+01    8.924e+03    2.843e+03      2.300e+01    8.190e+02    2.762e-02      6.36s        16        
343  1.600e+01    2.180e+03    6.595e+02      2.300e+01    8.190e+02    2.762e-02      5.49s        16        
344  1.587e+01    2.784e+03    4.524e+01      2.300e+01    8.190e+02    2.762e-02      4.59s        16        
345  1.561e+01    1.216e+03    2.865e+03      2.300e+01    8.190e+02    2.762e-02      3.63s        16        
346  1.573e+01    2.101e+06    9.872e+00      2.300e+01    8.190e+02    2.762e-02      2.74s        16        
347  1.513e+01    1.755e+07    1.709e+03      2.300e+01    8.190e+02    2.762e-02      1.81s        16        
348  1.584e+01    2.103e+07    3.656e+03      2.300e+01    8.190e+02    2.762e-02      0.90s        13        
349  1.424e+01    1.326e+03    3.499e+01      2.300e+01    8.190e+02    2.762e-02      0.00s        13        
350  1.387e+01    1.188e+03    9.730e+00      2.300e+01    8.190e+02    2.762e-02      21.25s       13        
351  1.352e+01    4.526e+03    6.947e+01      2.300e+01    8.190e+02    2.762e-02      20.00s       11        
352  1.371e+01    9.519e+03    1.213e+05      2.300e+01    8.190e+02    2.762e-02      19.55s       11        
353  1.416e+01    7.918e+03    4.207e+01      2.300e+01    8.190e+02    2.762e-02      18.44s       11        
354  1.428e+01    3.018e+03    1.789e+01      2.300e+01    8.190e+02    2.762e-02      17.32s       11        
355  1.407e+01    9.247e+04    9.887e+00      2.300e+01    8.190e+02    2.762e-02      16.27s       11        
356  1.383e+01    1.474e+03    2.845e+03      2.300e+01    8.190e+02    2.762e-02      15.61s       11        
357  1.382e+01    8.816e+04    7.701e+03      2.300e+01    8.190e+02    2.762e-02      24.01s       11        
358  1.347e+01    1.441e+04    5.359e+01      2.300e+01    8.190e+02    2.762e-02      14.65s       11        
359  1.346e+01    8.668e+04    9.425e+00      2.300e+01    8.190e+02    2.762e-02      12.86s       11        
360  1.399e+01    1.267e+07    2.406e+01      2.300e+01    8.190e+02    2.762e-02      11.98s       11        
361  1.360e+01    2.015e+07    1.593e+02      2.300e+01    8.190e+02    2.762e-02      11.48s       11        
362  1.361e+01    9.699e+05    7.083e+00      2.300e+01    8.190e+02    2.762e-02      10.46s       11        
363  1.329e+01    1.282e+03    7.790e+01      2.300e+01    8.190e+02    2.762e-02      9.35s        11        
364  1.365e+01    4.669e+04    3.489e+01      2.300e+01    8.190e+02    2.762e-02      8.81s        11        
365  1.311e+01    1.970e+03    3.099e+01      2.300e+01    8.190e+02    2.762e-02      7.65s        11        
366  1.340e+01    1.293e+03    2.854e+03      2.300e+01    8.190e+02    2.762e-02      7.01s        12        
367  1.356e+01    5.376e+04    2.842e+03      2.300e+01    8.190e+02    2.762e-02      6.09s        12        
368  1.357e+01    6.027e+04    2.606e+05      2.300e+01    8.190e+02    2.762e-02      5.20s        12        
369  1.336e+01    1.054e+03    8.638e+01      2.300e+01    8.190e+02    2.762e-02      4.20s        12        
370  1.476e+01    6.958e+03    1.591e+02      2.300e+01    8.190e+02    2.762e-02      3.50s        12        
371  1.373e+01    1.824e+03    2.003e+02      2.300e+01    8.190e+02    2.762e-02      2.60s        12        
372  1.374e+01    9.995e+02    1.153e+01      2.300e+01    8.190e+02    2.762e-02      1.75s        12        
373  1.388e+01    8.750e+04    2.844e+03      2.300e+01    8.190e+02    2.762e-02      0.88s        12        
374  1.386e+01    1.003e+06    4.372e+05      2.300e+01    8.190e+02    2.762e-02      0.00s        12        
375  1.383e+01    5.845e+06    3.329e+01      2.300e+01    8.190e+02    2.762e-02      20.64s       12        
376  1.359e+01    7.565e+03    9.712e+00      2.300e+01    8.190e+02    2.762e-02      19.98s       12        
377  1.420e+01    1.986e+03    6.204e+01      2.300e+01    8.190e+02    2.762e-02      19.23s       12        
378  1.364e+01    4.864e+03    5.351e+05      2.300e+01    8.190e+02    2.762e-02      29.85s       12        
379  1.378e+01    4.247e+03    2.529e+01      2.300e+01    8.190e+02    2.762e-02      17.22s       12        
380  1.407e+01    4.283e+03    5.646e+03      2.300e+01    8.190e+02    2.762e-02      16.38s       12        
381  1.329e+01    1.115e+06    1.761e+02      2.300e+01    8.190e+02    2.762e-02      15.84s       12        
382  1.340e+01    8.565e+06    9.885e+00      2.300e+01    8.190e+02    2.762e-02      15.00s       12        
383  1.373e+01    1.785e+03    2.951e+03      2.300e+01    8.190e+02    2.762e-02      13.79s       12        
384  1.368e+01    8.704e+03    8.731e+00      2.300e+01    8.190e+02    2.762e-02      12.97s       12        
385  1.345e+01    2.620e+09    1.304e+02      2.300e+01    8.190e+02    2.762e-02      12.20s       12        
386  1.395e+01    2.286e+05    2.964e+03      2.300e+01    8.190e+02    2.762e-02      11.34s       12        
387  1.386e+01    4.462e+03    1.205e+01      2.300e+01    8.190e+02    2.762e-02      10.15s       12        
388  1.329e+01    1.878e+07    8.825e+01      2.300e+01    8.190e+02    2.762e-02      9.45s        12        
389  1.383e+01    9.613e+04    2.943e+01      2.300e+01    8.190e+02    2.762e-02      8.65s        12        
390  1.377e+01    9.207e+09    6.026e+00      2.300e+01    8.190e+02    2.762e-02      7.77s        12        
391  1.381e+01    3.940e+04    1.537e+03      2.300e+01    8.190e+02    2.762e-02      6.91s        12        
392  1.413e+01    2.490e+03    2.856e+03      2.300e+01    8.190e+02    2.762e-02      6.11s        12        
393  1.334e+01    1.452e+03    3.314e+01      2.300e+01    8.190e+02    2.762e-02      5.16s        12        
394  1.376e+01    3.424e+05    4.883e+01      2.300e+01    8.190e+02    2.762e-02      4.27s        12        
395  1.379e+01    2.062e+03    5.150e+04      2.300e+01    8.190e+02    2.762e-02      3.46s        12        
396  1.419e+01    9.503e+03    1.846e+03      2.300e+01    8.190e+02    2.762e-02      2.61s        12        
397  1.343e+01    2.020e+06    5.964e+01      2.300e+01    8.190e+02    2.762e-02      1.71s        12        
398  1.410e+01    3.836e+03    2.019e+01      2.300e+01    8.190e+02    2.762e-02      1.44s        12        
399  1.321e+01    3.267e+04    1.055e+01      2.300e+01    8.190e+02    2.762e-02      0.00s        12        
400  1.358e+01    3.688e+03    1.607e+02      2.300e+01    8.190e+02    2.762e-02      20.63s       12        
401  1.421e+01    8.623e+03    1.939e+02      2.300e+01    8.190e+02    2.762e-02      20.52s       12        
402  1.342e+01    9.273e+02    4.538e+06      2.300e+01    8.190e+02    2.762e-02      18.93s       12        
403  1.404e+01    4.168e+03    1.039e+02      2.300e+01    8.190e+02    2.762e-02      18.21s       12        
404  1.410e+01    4.886e+09    1.102e+01      2.300e+01    8.190e+02    2.762e-02      17.36s       12        
405  1.395e+01    9.416e+06    2.958e+01      2.300e+01    8.190e+02    2.762e-02      16.41s       12        
406  1.403e+01    4.116e+03    2.946e+03      2.300e+01    8.190e+02    2.762e-02      15.97s       12        
407  1.389e+01    1.000e+03    1.135e+03      2.300e+01    8.190e+02    2.762e-02      14.85s       12        
408  1.321e+01    2.414e+04    2.015e+01      2.300e+01    8.190e+02    2.762e-02      13.74s       12        
409  1.337e+01    8.382e+02    1.787e+01      2.300e+01    8.190e+02    2.762e-02      12.88s       12        
410  1.375e+01    8.929e+02    8.020e+01      2.300e+01    8.190e+02    2.762e-02      11.92s       12        
411  1.331e+01    1.049e+03    1.038e+01      2.300e+01    8.190e+02    2.762e-02      11.28s       12        
412  1.396e+01    1.410e+03    3.188e+02      2.300e+01    8.190e+02    2.762e-02      10.47s       12        
413  1.332e+01    1.070e+04    8.185e+00      2.300e+01    8.190e+02    2.762e-02      9.42s        12        
414  1.426e+01    1.431e+03    1.775e+03      2.300e+01    8.190e+02    2.762e-02      8.66s        12        
415  1.360e+01    2.334e+03    1.936e+03      2.300e+01    8.190e+02    2.762e-02      7.84s        12        
416  1.384e+01    2.081e+03    1.352e+02      2.300e+01    8.190e+02    2.762e-02      6.94s        12        
417  1.347e+01    1.387e+04    1.828e+01      2.300e+01    8.190e+02    2.762e-02      6.18s        12        
418  1.368e+01    1.073e+12    5.447e+06      2.300e+01    8.190e+02    2.762e-02      5.32s        12        
419  1.403e+01    2.424e+19    1.078e+02      2.300e+01    8.190e+02    2.762e-02      7.26s        12        
420  1.325e+01    6.703e+02    6.643e+01      2.300e+01    8.190e+02    2.762e-02      3.47s        12        
421  1.357e+01    6.193e+03    1.111e+01      2.300e+01    8.190e+02    2.762e-02      2.66s        12        
422  1.393e+01    5.455e+04    4.967e+01      2.300e+01    8.190e+02    2.762e-02      1.76s        12        
423  1.423e+01    2.107e+06    6.755e+03      2.300e+01    8.190e+02    2.762e-02      0.88s        12        
424  1.379e+01    4.106e+03    6.791e+01      2.300e+01    8.190e+02    2.762e-02      0.00s        12        
425  1.335e+01    8.482e+04    2.015e+01      2.300e+01    8.190e+02    2.762e-02      21.07s       12        
426  1.347e+01    2.324e+04    2.859e+03      2.300e+01    8.190e+02    2.762e-02      20.52s       12        
427  1.326e+01    4.741e+06    2.063e+01      2.300e+01    8.190e+02    2.762e-02      19.30s       12        
428  1.388e+01    3.440e+03    3.129e+01      2.300e+01    8.190e+02    2.762e-02      18.53s       12        
429  1.394e+01    8.025e+03    6.599e+01      2.300e+01    8.190e+02    2.762e-02      17.59s       12        
430  1.376e+01    1.158e+03    2.867e+01      2.300e+01    8.190e+02    2.762e-02      16.50s       12        
431  1.375e+01    1.101e+03    3.287e+05      2.300e+01    8.190e+02    2.762e-02      16.04s       12        
432  1.388e+01    3.174e+04    1.604e+01      2.300e+01    8.190e+02    2.762e-02      14.96s       12        
433  1.399e+01    9.883e+06    2.748e+04      2.300e+01    8.190e+02    2.762e-02      14.31s       12        
434  1.393e+01    3.575e+03    2.802e+05      2.300e+01    8.190e+02    2.762e-02      13.24s       12        
435  1.359e+01    1.151e+04    1.170e+02      2.300e+01    8.190e+02    2.762e-02      12.27s       12        
436  1.390e+01    3.610e+03    4.420e+01      2.300e+01    8.190e+02    2.762e-02      11.57s       12        
437  1.367e+01    2.303e+07    3.711e+01      2.300e+01    8.190e+02    2.762e-02      10.50s       12        
438  1.409e+01    7.511e+05    5.719e+03      2.300e+01    8.190e+02    2.762e-02      9.58s        12        
439  1.330e+01    8.784e+02    1.651e+01      2.300e+01    8.190e+02    2.762e-02      14.46s       12        
440  1.322e+01    1.113e+03    1.850e+02      2.300e+01    8.190e+02    2.762e-02      8.43s        12        
441  1.385e+01    2.697e+03    2.496e+01      2.300e+01    8.190e+02    2.762e-02      7.01s        12        
442  1.365e+01    2.940e+05    3.836e+05      2.300e+01    8.190e+02    2.762e-02      6.15s        12        
443  1.303e+01    1.188e+03    6.729e+02      2.300e+01    8.190e+02    2.762e-02      5.19s        12        
444  1.404e+01    1.254e+05    2.332e+05      2.300e+01    8.190e+02    2.762e-02      4.38s        12        
445  1.350e+01    5.534e+03    1.860e+03      2.300e+01    8.190e+02    2.762e-02      3.42s        12        
446  1.326e+01    5.171e+04    3.231e+03      2.300e+01    8.190e+02    2.762e-02      2.62s        12        
447  1.404e+01    2.110e+05    7.591e+00      2.300e+01    8.190e+02    2.762e-02      1.72s        12        
448  1.351e+01    1.807e+03    2.158e+01      2.300e+01    8.190e+02    2.762e-02      0.86s        12        
449  1.364e+01    1.176e+03    2.004e+01      2.300e+01    8.190e+02    2.762e-02      0.00s        12        
450  1.375e+01    4.244e+03    2.091e+01      2.300e+01    8.190e+02    2.762e-02      20.81s       12        
451  1.401e+01    1.517e+03    2.861e+03      2.300e+01    8.190e+02    2.762e-02      20.56s       12        
452  1.362e+01    4.913e+09    4.492e+01      2.300e+01    8.190e+02    2.762e-02      19.04s       12        
453  1.359e+01    1.446e+03    4.107e+01      2.300e+01    8.190e+02    2.762e-02      18.23s       12        
454  1.348e+01    1.038e+03    1.189e+01      2.300e+01    8.190e+02    2.762e-02      17.26s       12        
455  1.337e+01    1.021e+06    2.028e+01      2.300e+01    8.190e+02    2.762e-02      16.40s       12        
456  1.380e+01    2.685e+03    9.360e+00      2.300e+01    8.190e+02    2.762e-02      15.92s       12        
457  1.362e+01    6.812e+03    5.830e+01      2.300e+01    8.190e+02    2.762e-02      14.75s       12        
458  1.404e+01    1.780e+03    5.577e+02      2.300e+01    8.190e+02    2.762e-02      13.90s       12        
459  1.375e+01    7.400e+07    5.690e+04      2.300e+01    8.190e+02    2.762e-02      21.59s       12        
460  1.370e+01    4.291e+06    1.005e+01      2.300e+01    8.190e+02    2.762e-02      12.58s       12        
461  1.403e+01    1.513e+05    6.983e+00      2.300e+01    8.190e+02    2.762e-02      11.48s       12        
462  1.379e+01    2.794e+06    7.266e+00      2.300e+01    8.190e+02    2.762e-02      10.58s       12        
463  1.380e+01    8.981e+02    1.989e+05      2.300e+01    8.190e+02    2.762e-02      9.54s        12        
464  1.385e+01    1.375e+09    1.467e+03      2.300e+01    8.190e+02    2.762e-02      8.92s        12        
465  1.363e+01    1.845e+03    2.096e+04      2.300e+01    8.190e+02    2.762e-02      7.93s        12        
466  1.379e+01    4.891e+03    1.667e+01      2.300e+01    8.190e+02    2.762e-02      7.20s        12        
467  1.419e+01    1.273e+03    9.112e+00      2.300e+01    8.190e+02    2.762e-02      6.33s        12        
468  1.383e+01    2.783e+03    2.886e+03      2.300e+01    8.190e+02    2.762e-02      5.33s        12        
469  1.336e+01    3.931e+03    2.989e+03      2.300e+01    8.190e+02    2.762e-02      4.44s        12        
470  1.356e+01    5.903e+08    2.412e+01      2.300e+01    8.190e+02    2.762e-02      3.52s        12        
471  1.368e+01    5.136e+03    5.088e+01      2.300e+01    8.190e+02    2.762e-02      2.70s        12        
472  1.326e+01    8.756e+02    1.798e+01      2.300e+01    8.190e+02    2.762e-02      1.73s        12        
473  1.339e+01    1.332e+05    5.885e+01      2.300e+01    8.190e+02    2.762e-02      0.87s        12        
474  1.387e+01    3.913e+06    1.721e+04      2.300e+01    8.190e+02    2.762e-02      0.00s        12        
475  1.389e+01    1.225e+03    1.108e+01      2.300e+01    8.190e+02    2.762e-02      20.82s       12        
476  1.376e+01    2.457e+04    1.016e+02      2.300e+01    8.190e+02    2.762e-02      20.08s       12        
477  1.345e+01    2.074e+09    1.565e+05      2.300e+01    8.190e+02    2.762e-02      19.19s       12        
478  1.349e+01    1.775e+03    3.642e+01      2.300e+01    8.190e+02    2.762e-02      18.33s       12        
479  1.336e+01    2.323e+11    2.993e+03      2.300e+01    8.190e+02    2.762e-02      17.59s       12        
480  1.328e+01    2.142e+04    3.629e+01      2.300e+01    8.190e+02    2.762e-02      28.16s       12        
481  1.379e+01    1.755e+05    1.195e+01      2.300e+01    8.190e+02    2.762e-02      16.63s       12        
482  1.329e+01    1.577e+03    7.326e+01      2.300e+01    8.190e+02    2.762e-02      14.78s       12        
483  1.330e+01    7.644e+03    9.739e+00      2.300e+01    8.190e+02    2.762e-02      13.76s       12        
484  1.365e+01    4.721e+04    4.254e+01      2.300e+01    8.190e+02    2.762e-02      13.21s       12        
485  1.435e+01    6.715e+04    4.550e+01      2.300e+01    8.190e+02    2.762e-02      12.19s       12        
486  1.358e+01    1.103e+08    1.894e+04      2.300e+01    8.190e+02    2.762e-02      11.64s       12        
487  1.356e+01    1.865e+03    1.166e+01      2.300e+01    8.190e+02    2.762e-02      10.55s       12        
488  1.313e+01    1.028e+03    5.087e+01      2.300e+01    8.190e+02    2.762e-02      9.60s        12        
489  1.354e+01    1.432e+03    2.851e+03      2.300e+01    8.190e+02    2.762e-02      8.79s        12        
490  1.333e+01    3.755e+03    1.713e+02      2.300e+01    8.190e+02    2.762e-02      7.72s        12        
491  1.379e+01    1.702e+03    1.249e+02      2.300e+01    8.190e+02    2.762e-02      6.94s        12        
492  1.339e+01    5.812e+03    4.027e+01      2.300e+01    8.190e+02    2.762e-02      6.12s        12        
493  1.361e+01    8.106e+02    2.632e+01      2.300e+01    8.190e+02    2.762e-02      5.19s        12        
494  1.448e+01    3.935e+03    1.039e+01      2.300e+01    8.190e+02    2.762e-02      4.40s        12        
495  1.436e+01    2.952e+06    1.664e+01      2.300e+01    8.190e+02    2.762e-02      3.51s        12        
496  1.362e+01    1.541e+04    3.030e+02      2.300e+01    8.190e+02    2.762e-02      2.68s        12        
497  1.430e+01    2.818e+03    2.792e+01      2.300e+01    8.190e+02    2.762e-02      1.76s        12        
498  1.449e+01    1.112e+06    2.911e+02      2.300e+01    8.190e+02    2.762e-02      0.88s        12        
499  1.386e+01    1.762e+03    5.982e+01      2.300e+01    8.190e+02    2.762e-02      0.00s        12        





Time: 0h:7m:11s
####   Data for the best program   ####
Best Program: div(X3, add(X3, mul(X3, add(div(add(X2, 0.042), add(add(0.196, div(X2, sub(X2, sub(X0, 1.010)))), X1)), 0.083))))
Best Program Complexity: 819
Raw Fitness: 0.0276158721598621
Penalized Fitness: 0.0276158721598621
Estimator		Train-rmse: 0.0276158721598621	Test-rmse: 0.027995425531651852	Test-R^2: 0.9206884477865547

{'complexity': 'kommenda', 'const_range': (1e-10, 2.0), 'elitism_size': 0, 'function_set': ('add', 'sub', 'div', 'mul'), 'generations': 500, 'init_depth': (3, 6), 'init_method': 'half and half', 'low_memory': True, 'max_samples': 1.0, 'metric': 'rmse', 'n_jobs': 2, 'p_crossover': 0.7, 'p_hoist_mutation': 0.0, 'p_point_mutation': 0.15000000000000002, 'p_point_replace': 0.05, 'p_subtree_mutation': 0.15000000000000002, 'paretogp': True, 'paretogp_lengths': (5, 160), 'parsimony_coefficient': 0.0, 'population_size': 800, 'random_state': 1058176341, 'selection': 'tournament', 'stopping_criteria': 1e-10, 'tournament_size': 11, 'verbose': 1, 'warm_start': True}
