    |          Population Average          |           Best Individual            |
---- -------------------------------------- -------------------------------------- ----------
Gen  Length       Kommenda     Fitness        Length       Kommenda     Fitness        Time Left    Front Size
0    2.260e+01    5.342e+10    1.556e+05      1.400e+01    3.351e+01    4.473e-01      8.24s        0         
1    1.952e+01    7.278e+05    8.581e+01      2.300e+01    1.357e+02    2.859e-01      45.80s       0         
2    2.345e+01    5.166e+05    5.409e+00      3.100e+01    2.130e+03    1.546e-01      1.04m        0         
3    3.022e+01    2.725e+05    8.139e-01      3.500e+01    2.906e+03    1.494e-01      32.28s       0         
4    3.181e+01    1.367e+08    6.142e+01      3.400e+01    2.130e+03    1.481e-01      1.69m        0         
5    3.184e+01    8.916e+06    8.134e-01      2.600e+01    2.858e+02    1.452e-01      1.24m        0         
6    2.975e+01    5.119e+06    6.936e-01      3.100e+01    2.522e+02    1.217e-01      54.71s       0         
7    2.644e+01    2.466e+05    1.598e+00      3.100e+01    2.522e+02    1.217e-01      1.05m        0         
8    3.191e+01    3.228e+07    7.841e-01      3.900e+01    1.429e+04    1.156e-01      1.22m        0         
9    2.566e+01    2.273e+04    7.463e-01      2.200e+01    2.685e+02    1.035e-01      1.33m        0         
10   2.403e+01    4.962e+03    2.599e+00      2.200e+01    2.685e+02    1.001e-01      1.32m        0         
11   2.524e+01    8.856e+03    6.689e-01      2.900e+01    1.898e+02    9.855e-02      1.36m        0         
12   2.655e+01    4.333e+04    1.684e+01      3.000e+01    1.432e+03    7.892e-02      1.24m        0         
13   2.373e+01    4.303e+04    7.802e-01      3.000e+01    1.432e+03    7.892e-02      1.26m        0         
14   2.382e+01    5.882e+03    7.475e-01      3.000e+01    7.569e+02    7.447e-02      1.08m        0         
15   2.818e+01    3.452e+06    5.979e-01      3.200e+01    2.284e+03    5.864e-02      59.35s       0         
16   2.842e+01    2.536e+09    6.643e-01      3.200e+01    2.284e+03    5.864e-02      1.04m        0         
17   2.839e+01    4.245e+09    6.027e-01      3.200e+01    2.284e+03    5.864e-02      51.23s       0         
18   2.818e+01    7.469e+27    1.770e+00      3.200e+01    2.284e+03    5.864e-02      41.81s       0         
19   2.718e+01    5.631e+12    7.082e-01      3.200e+01    2.284e+03    5.864e-02      34.57s       0         
20   2.695e+01    1.589e+07    5.419e-01      3.200e+01    2.284e+03    5.864e-02      25.97s       0         
21   2.586e+01    1.396e+06    5.198e-01      3.200e+01    2.284e+03    5.864e-02      19.99s       0         
22   2.616e+01    6.371e+07    6.233e-01      3.200e+01    2.284e+03    5.864e-02      13.43s       0         
23   2.587e+01    3.139e+11    5.869e-01      5.800e+01    1.902e+09    5.334e-02      7.25s        0         
24   2.741e+01    7.993e+12    5.907e+01      3.400e+01    1.006e+04    5.719e-02      0.00s        0         
25   2.587e+01    2.944e+14    6.213e-01      3.400e+01    1.006e+04    5.719e-02      3.24m        0         
26   2.465e+01    1.626e+14    5.681e-01      3.400e+01    7.559e+05    6.042e-02      3.24m        0         
27   2.516e+01    1.365e+32    5.352e+00      3.600e+01    1.675e+04    5.884e-02      3.22m        0         
28   2.523e+01    1.087e+15    4.756e-01      5.200e+01    2.503e+06    5.470e-02      2.71m        0         
29   2.470e+01    2.866e+06    5.489e-01      2.600e+01    3.371e+02    6.024e-02      2.53m        0         
30   2.522e+01    1.093e+09    6.138e+01      3.800e+01    1.883e+04    5.739e-02      2.34m        0         
31   2.632e+01    2.233e+20    4.670e-01      4.800e+01    6.379e+04    5.920e-02      2.40m        0         
32   2.526e+01    5.450e+12    5.353e-01      2.700e+01    1.341e+02    6.091e-02      2.11m        0         
33   2.634e+01    1.660e+14    5.924e-01      2.700e+01    8.357e+01    5.826e-02      2.04m        0         
34   2.573e+01    4.630e+15    7.315e-01      4.400e+01    7.919e+03    5.602e-02      1.71m        0         
35   2.564e+01    1.514e+15    4.566e-01      3.900e+01    4.057e+07    5.779e-02      1.36m        0         
36   2.580e+01    3.074e+13    1.293e+00      4.300e+01    1.068e+05    5.861e-02      1.37m        0         
37   2.233e+01    5.430e+10    5.271e-01      2.100e+01    2.389e+01    3.862e-02      54.90s       0         
38   2.422e+01    3.059e+08    5.690e-01      2.100e+01    2.389e+01    3.862e-02      1.29m        0         
39   2.477e+01    5.101e+14    4.761e-01      3.500e+01    6.123e+03    3.821e-02      1.20m        0         
40   2.435e+01    1.841e+13    6.016e-01      2.200e+01    2.827e+01    3.661e-02      1.09m        0         
41   2.492e+01    4.406e+06    5.612e-01      2.300e+01    3.534e+01    2.980e-02      57.88s       0         
42   2.709e+01    4.632e+14    6.549e-01      2.300e+01    3.534e+01    2.980e-02      1.11m        0         
43   2.556e+01    3.892e+20    4.938e-01      2.300e+01    3.534e+01    2.980e-02      51.22s       0         
44   2.185e+01    1.021e+02    5.623e-01      2.300e+01    3.534e+01    2.980e-02      34.21s       0         
45   2.287e+01    1.193e+05    6.424e-01      2.300e+01    3.534e+01    2.980e-02      31.04s       0         
46   2.408e+01    3.923e+06    6.730e-01      2.300e+01    3.534e+01    2.980e-02      23.00s       0         
47   2.771e+01    2.660e+35    5.592e-01      2.300e+01    3.534e+01    2.980e-02      16.36s       0         
48   2.230e+01    2.856e+06    7.049e-01      2.300e+01    3.534e+01    2.980e-02      6.73s        0         
49   2.338e+01    2.352e+15    5.632e-01      2.300e+01    3.534e+01    2.980e-02      0.00s        0         
50   2.571e+01    2.075e+16    8.006e-01      2.300e+01    3.534e+01    2.980e-02      3.07m        0         
51   3.047e+01    3.607e+58    6.297e-01      2.300e+01    3.534e+01    2.980e-02      3.20m        0         
52   2.855e+01    1.178e+20    9.308e-01      3.600e+01    1.559e+04    2.765e-02      2.57m        0         
53   3.080e+01    1.871e+17    4.816e-01      5.700e+01    4.505e+06    2.967e-02      3.20m        0         
54   2.636e+01    2.238e+09    4.933e-01      3.800e+01    4.591e+03    2.917e-02      2.31m        0         
55   2.872e+01    1.256e+19    4.984e-01      3.800e+01    1.349e+03    2.970e-02      2.68m        0         
56   3.002e+01    7.225e+12    6.876e-01      3.400e+01    6.887e+02    2.267e-02      2.76m        0         
57   2.795e+01    1.691e+24    4.591e-01      3.400e+01    6.887e+02    2.267e-02      2.10m        0         
58   3.036e+01    3.106e+39    5.059e-01      3.400e+01    6.887e+02    2.267e-02      2.47m        0         
59   2.830e+01    3.162e+14    4.776e-01      3.300e+01    5.551e+02    2.327e-02      1.82m        0         
60   2.848e+01    1.000e+27    4.653e-01      4.200e+01    7.737e+04    2.270e-02      1.78m        0         
61   2.844e+01    1.068e+16    4.331e-01      4.800e+01    7.585e+07    2.289e-02      1.62m        0         
62   2.946e+01    6.902e+30    4.243e-01      6.600e+01    5.522e+33    2.281e-02      1.57m        0         
63   3.147e+01    3.065e+63    3.622e-01      3.400e+01    5.388e+02    2.385e-02      1.40m        0         
64   2.873e+01    5.303e+16    5.503e-01      3.000e+01    1.488e+02    2.446e-02      1.17m        0         
65   2.792e+01    2.904e+11    5.709e-01      5.200e+01    1.413e+07    2.302e-02      1.08m        0         
66   2.899e+01    5.735e+23    4.963e-01      5.000e+01    5.561e+04    2.113e-02      59.38s       0         
67   2.814e+01    3.507e+13    6.480e-01      3.000e+01    1.488e+02    2.446e-02      54.27s       0         
68   3.087e+01    9.510e+65    4.781e-01      5.900e+01    8.428e+13    2.308e-02      48.78s       0         
69   2.903e+01    7.815e+20    1.184e+00      5.400e+01    4.063e+15    2.213e-02      37.60s       0         
70   2.895e+01    3.690e+43    6.238e-01      3.600e+01    9.684e+02    2.250e-02      30.36s       0         
71   2.819e+01    3.684e+14    4.042e-01      4.400e+01    1.636e+05    2.195e-02      22.94s       0         
72   2.995e+01    1.017e+29    3.993e-01      4.400e+01    1.636e+05    2.195e-02      16.36s       0         
73   3.125e+01    1.171e+32    3.660e-01      5.500e+01    2.770e+07    2.201e-02      8.08s        0         
74   2.914e+01    1.326e+17    4.816e-01      3.100e+01    3.306e+03    2.047e-02      0.00s        0         
75   3.036e+01    1.143e+18    4.360e-01      2.900e+01    1.516e+03    2.048e-02      3.10m        0         
76   3.071e+01    2.169e+20    3.930e-01      2.900e+01    1.516e+03    2.048e-02      2.98m        0         
77   2.975e+01    8.213e+44    4.708e-01      3.200e+01    2.129e+02    2.386e-02      2.76m        0         
78   2.910e+01    1.129e+17    4.319e-01      3.200e+01    6.134e+03    2.307e-02      2.61m        0         
79   2.916e+01    7.379e+20    8.691e-01      3.200e+01    6.134e+03    2.307e-02      2.39m        0         
80   2.978e+01    2.144e+32    5.353e-01      2.900e+01    1.516e+03    2.048e-02      2.42m        0         
81   3.067e+01    2.507e+53    5.812e-01      3.100e+01    3.194e+03    2.167e-02      2.40m        0         
82   2.914e+01    4.157e+97    3.955e-01      2.900e+01    1.516e+03    2.048e-02      2.06m        0         
83   2.889e+01    6.256e+47    1.997e+02      2.900e+01    1.516e+03    2.048e-02      2.34m        0         
84   2.985e+01    5.232e+120   4.484e-01      2.900e+01    1.516e+03    2.048e-02      2.38m        0         
85   3.050e+01    5.330e+97    2.390e+01      3.100e+01    2.219e+04    2.033e-02      2.10m        0         
86   2.759e+01    7.114e+21    4.922e-01      3.100e+01    2.219e+04    2.033e-02      1.48m        0         
87   3.031e+01    2.304e+81    5.116e-01      3.100e+01    2.219e+04    2.033e-02      1.64m        0         
88   3.198e+01    6.727e+118   3.793e-01      3.200e+01    6.456e+03    2.007e-02      1.32m        0         
89   2.954e+01    4.088e+42    3.100e+01      3.200e+01    6.456e+03    2.007e-02      1.17m        0         
90   3.163e+01    4.845e+85    4.756e-01      3.200e+01    6.456e+03    2.007e-02      1.18m        0         
91   3.258e+01    1.122e+73    3.556e-01      3.200e+01    6.456e+03    2.007e-02      1.02m        0         
92   2.941e+01    1.201e+37    1.746e+01      2.900e+01    1.516e+03    2.048e-02      50.24s       0         
93   3.123e+01    5.367e+87    3.738e-01      2.900e+01    1.516e+03    2.048e-02      46.56s       0         
94   2.984e+01    2.791e+105   5.695e-01      4.100e+01    9.376e+04    2.024e-02      37.13s       0         
95   3.048e+01    1.670e+72    4.028e-01      4.000e+01    5.224e+04    1.979e-02      30.98s       0         
96   3.019e+01    2.588e+46    4.912e-01      4.300e+01    1.767e+08    2.017e-02      23.00s       0         
97   2.925e+01    6.281e+54    9.532e-01      3.400e+01    2.713e+04    2.035e-02      14.63s       0         
98   3.068e+01    9.682e+52    6.255e-01      3.800e+01    5.913e+05    2.031e-02      8.54s        0         
99   2.987e+01    4.878e+115   4.136e-01      3.200e+01    6.456e+03    2.007e-02      0.00s        0         
100  2.914e+01    4.208e+118   4.415e-01      2.900e+01    1.516e+03    2.048e-02      3.09m        0         
101  3.016e+01    3.912e+68    3.490e-01      2.800e+01    1.132e+02    2.283e-02      2.93m        0         
102  2.916e+01    5.269e+66    4.892e-01      3.000e+01    2.053e+03    2.075e-02      2.78m        0         
103  3.016e+01    5.645e+196   4.973e-01      3.000e+01    2.053e+03    2.075e-02      2.68m        0         
104  3.042e+01    6.374e+76    3.505e-01      3.000e+01    2.053e+03    2.007e-02      2.65m        0         
105  2.849e+01    4.506e+31    6.665e+01      5.500e+01    8.151e+09    2.140e-02      2.21m        0         
106  2.954e+01    5.009e+74    4.007e-01      2.800e+01    1.132e+02    2.283e-02      2.39m        0         
107  3.110e+01    4.610e+49    3.572e-01      2.800e+01    1.132e+02    2.283e-02      2.23m        0         
108  3.083e+01    4.562e+50    3.981e-01      2.800e+01    1.132e+02    2.283e-02      2.05m        0         
109  2.882e+01    1.797e+37    7.163e-01      2.800e+01    1.132e+02    2.283e-02      1.77m        0         
110  2.924e+01    5.120e+26    3.613e-01      3.500e+01    2.814e+03    2.225e-02      1.82m        0         
111  2.998e+01    1.195e+56    3.806e-01      2.800e+01    1.132e+02    2.283e-02      1.64m        0         
112  3.054e+01    1.755e+25    7.144e-01      4.100e+01    5.160e+09    2.121e-02      1.69m        0         
113  3.017e+01    4.306e+51    4.560e-01      3.600e+01    2.743e+04    2.228e-02      1.37m        0         
114  3.071e+01    8.677e+84    3.559e-01      2.800e+01    1.132e+02    2.283e-02      1.35m        0         
115  2.864e+01    3.810e+26    5.734e-01      4.400e+01    2.275e+04    2.064e-02      1.07m        0         
116  2.996e+01    1.457e+71    9.160e-01      4.400e+01    2.275e+04    2.064e-02      1.02m        0         
117  3.159e+01    3.549e+34    4.984e-01      2.800e+01    1.132e+02    2.283e-02      56.36s       0         
118  2.970e+01    7.732e+31    1.084e+00      2.800e+01    1.132e+02    2.283e-02      43.54s       0         
119  2.982e+01    3.960e+45    5.600e-01      2.800e+01    1.132e+02    2.283e-02      39.71s       0         
120  3.087e+01    5.075e+101   2.579e+01      2.800e+01    1.132e+02    2.283e-02      31.31s       0         
121  2.970e+01    7.950e+35    4.989e-01      2.800e+01    1.132e+02    2.283e-02      22.85s       0         
122  2.809e+01    4.800e+31    5.143e+02      2.800e+01    1.132e+02    2.283e-02      14.72s       0         
123  3.009e+01    6.369e+44    4.202e-01      2.800e+01    1.132e+02    2.283e-02      8.13s        0         
124  3.102e+01    4.432e+171   3.776e-01      3.200e+01    2.702e+03    2.267e-02      0.00s        0         
125  3.071e+01    1.495e+149   4.317e-01      2.800e+01    1.132e+02    2.283e-02      3.16m        0         
126  3.123e+01    2.030e+81    6.631e-01      2.800e+01    1.132e+02    2.283e-02      3.29m        0         
127  3.091e+01    1.336e+86    4.310e-01      2.800e+01    1.132e+02    2.283e-02      2.75m        0         
128  2.956e+01    1.300e+145   5.979e+01      2.800e+01    1.132e+02    2.283e-02      2.53m        0         
129  3.089e+01    4.447e+206   4.961e-01      2.800e+01    1.132e+02    2.283e-02      2.69m        0         
130  3.030e+01    4.916e+129   4.340e-01      2.800e+01    1.132e+02    2.283e-02      2.64m        0         
131  3.059e+01    1.150e+66    6.901e-01      4.700e+01    3.054e+10    2.275e-02      2.34m        0         
132  2.888e+01    5.210e+66    4.424e-01      2.800e+01    1.132e+02    2.283e-02      2.05m        0         
133  2.951e+01    9.773e+64    3.536e-01      3.900e+01    4.663e+06    2.274e-02      2.05m        0         
134  3.144e+01    1.213e+81    3.381e-01      5.100e+01    6.680e+22    2.234e-02      1.97m        0         
135  2.795e+01    8.202e+38    3.724e-01      2.800e+01    1.132e+02    2.283e-02      1.66m        0         
136  3.023e+01    6.884e+86    4.075e-01      2.800e+01    1.132e+02    2.283e-02      1.75m        0         
137  2.858e+01    7.476e+30    4.290e-01      2.800e+01    1.132e+02    2.283e-02      1.62m        0         
138  3.055e+01    1.137e+67    5.757e-01      2.800e+01    1.132e+02    2.283e-02      1.56m        0         
139  2.973e+01    1.958e+68    3.501e-01      2.800e+01    1.132e+02    2.283e-02      1.25m        0         
140  2.886e+01    3.612e+159   3.830e-01      2.800e+01    1.132e+02    2.262e-02      1.09m        0         
141  2.933e+01    5.838e+50    3.829e-01      3.500e+01    4.248e+03    2.103e-02      1.08m        0         
142  2.922e+01    3.129e+56    4.201e-01      2.800e+01    1.132e+02    2.262e-02      56.92s       0         
143  2.864e+01    1.293e+17    5.334e-01      3.600e+01    8.581e+05    2.243e-02      45.30s       0         
144  2.910e+01    9.968e+30    5.422e-01      2.900e+01    1.290e+03    2.247e-02      38.52s       0         
145  2.869e+01    8.948e+38    4.467e-01      4.400e+01    1.218e+14    2.207e-02      32.26s       0         
146  3.099e+01    2.905e+69    5.107e-01      2.800e+01    1.225e+03    1.995e-02      24.27s       0         
147  3.069e+01    7.964e+48    3.537e-01      2.800e+01    1.132e+02    2.262e-02      16.55s       0         
148  3.017e+01    3.472e+91    1.128e+00      2.800e+01    1.132e+02    2.262e-02      8.10s        0         
149  2.913e+01    8.394e+37    4.758e-01      4.100e+01    8.306e+03    2.217e-02      0.00s        0         
150  2.924e+01    3.176e+30    7.063e-01      3.000e+01    2.403e+02    2.255e-02      3.47m        0         
151  2.981e+01    1.193e+33    4.561e-01      3.000e+01    2.403e+02    2.255e-02      3.00m        0         
152  3.016e+01    3.669e+53    3.638e-01      4.100e+01    2.739e+08    2.259e-02      2.88m        0         
153  2.810e+01    8.012e+16    4.357e-01      3.400e+01    6.002e+03    2.255e-02      2.72m        0         
154  3.025e+01    1.578e+36    3.655e-01      3.600e+01    4.725e+04    2.186e-02      2.62m        0         
155  3.069e+01    7.360e+55    3.298e+01      3.600e+01    4.725e+04    2.186e-02      2.51m        0         
156  3.031e+01    1.315e+37    1.539e+00      2.800e+01    1.132e+02    2.262e-02      2.40m        0         
157  2.903e+01    3.163e+53    6.039e-01      2.800e+01    1.132e+02    2.262e-02      2.17m        0         
158  3.044e+01    2.212e+169   9.267e+04      2.800e+01    1.132e+02    2.262e-02      2.16m        0         
159  2.743e+01    1.621e+23    4.925e-01      2.800e+01    1.132e+02    2.262e-02      1.88m        0         
160  2.942e+01    3.857e+82    4.381e-01      2.800e+01    1.132e+02    2.262e-02      2.14m        0         
161  2.905e+01    5.022e+37    4.931e-01      2.800e+01    1.132e+02    2.262e-02      1.70m        0         
162  3.017e+01    1.299e+51    6.269e-01      2.800e+01    1.132e+02    2.262e-02      1.67m        0         
163  3.125e+01    1.972e+87    3.664e-01      4.500e+01    7.731e+09    2.218e-02      1.72m        0         
164  3.023e+01    6.511e+69    3.890e-01      3.800e+01    6.976e+06    2.166e-02      1.32m        0         
165  3.080e+01    1.892e+85    4.775e-01      5.000e+01    7.257e+31    2.169e-02      1.16m        0         
166  2.915e+01    4.312e+38    4.713e-01      2.800e+01    1.132e+02    2.262e-02      1.01m        0         
167  2.848e+01    4.764e+35    1.046e+00      4.700e+01    9.032e+06    2.222e-02      53.20s       0         
168  2.830e+01    8.561e+48    5.372e-01      2.800e+01    1.132e+02    2.262e-02      49.26s       0         
169  2.925e+01    4.642e+46    6.594e-01      2.800e+01    1.132e+02    2.262e-02      39.47s       0         
170  2.970e+01    2.865e+40    4.381e-01      2.800e+01    1.132e+02    2.262e-02      31.08s       0         
171  3.081e+01    5.758e+71    1.236e+01      2.800e+01    1.132e+02    2.262e-02      23.70s       0         
172  3.085e+01    5.420e+67    3.831e-01      2.800e+01    1.132e+02    2.249e-02      14.59s       0         
173  2.988e+01    2.584e+50    2.234e+00      2.800e+01    1.132e+02    2.262e-02      8.04s        0         
174  2.879e+01    8.180e+33    5.409e-01      2.800e+01    1.132e+02    2.262e-02      0.00s        0         
175  2.922e+01    3.196e+49    5.439e-01      2.800e+01    1.132e+02    2.262e-02      3.03m        0         
176  2.936e+01    5.136e+101   1.111e+00      2.800e+01    1.132e+02    2.262e-02      2.99m        0         
177  2.986e+01    5.944e+22    5.075e-01      4.100e+01    1.512e+07    2.259e-02      2.76m        0         
178  2.979e+01    5.798e+61    3.520e-01      4.200e+01    5.937e+07    2.203e-02      2.83m        0         
179  2.988e+01    3.126e+24    5.636e-01      3.200e+01    4.868e+03    1.934e-02      2.45m        0         
180  2.959e+01    8.328e+53    3.957e-01      2.800e+01    1.132e+02    2.262e-02      2.45m        0         
181  2.952e+01    2.950e+102   4.195e-01      2.800e+01    1.132e+02    2.262e-02      2.37m        0         
182  2.982e+01    6.900e+59    4.529e-01      2.800e+01    1.132e+02    2.262e-02      2.22m        0         
183  2.802e+01    1.033e+26    4.766e-01      2.800e+01    1.132e+02    2.262e-02      1.93m        0         
184  2.980e+01    6.994e+39    3.662e-01      2.800e+01    1.132e+02    2.262e-02      2.10m        0         
185  3.118e+01    2.031e+84    3.745e-01      2.800e+01    1.132e+02    2.262e-02      1.86m        0         
186  3.055e+01    1.409e+70    3.935e-01      3.100e+01    6.603e+04    2.238e-02      1.84m        0         
187  3.057e+01    2.894e+50    5.150e-01      3.100e+01    6.603e+04    2.238e-02      1.65m        0         
188  3.030e+01    7.568e+105   5.606e-01      3.100e+01    6.603e+04    2.238e-02      1.55m        0         
189  2.879e+01    4.507e+41    4.386e-01      3.100e+01    6.603e+04    2.238e-02      1.37m        0         
190  3.130e+01    2.135e+56    1.013e+00      2.800e+01    1.132e+02    2.262e-02      1.24m        0         
191  2.950e+01    4.584e+72    1.244e+03      2.800e+01    1.132e+02    2.262e-02      1.05m        0         
192  3.008e+01    1.850e+42    3.599e-01      2.800e+01    1.132e+02    2.262e-02      55.73s       0         
193  2.942e+01    3.071e+23    3.443e-01      5.100e+01    6.277e+09    2.214e-02      46.37s       0         
194  2.971e+01    5.648e+166   1.096e+00      5.800e+01    8.292e+27    2.197e-02      42.79s       0         
195  3.051e+01    3.626e+133   4.010e-01      5.500e+01    6.792e+18    2.256e-02      32.07s       0         
196  2.850e+01    1.782e+35    1.877e+00      4.000e+01    5.137e+07    2.237e-02      21.86s       0         
197  3.018e+01    2.987e+45    4.562e-01      4.000e+01    5.137e+07    2.237e-02      17.54s       0         
198  2.857e+01    1.509e+59    6.317e-01      2.800e+01    1.132e+02    2.262e-02      8.67s        0         
199  2.987e+01    4.756e+72    3.215e+00      5.000e+01    7.728e+06    2.215e-02      0.00s        0         
200  3.017e+01    1.129e+48    3.795e-01      4.600e+01    1.333e+27    2.172e-02      3.39m        0         
201  3.044e+01    4.583e+72    7.125e+00      2.800e+01    1.132e+02    2.262e-02      3.11m        0         
202  3.010e+01    2.938e+81    5.410e-01      5.600e+01    1.665e+17    2.210e-02      3.04m        0         
203  3.068e+01    3.322e+115   1.560e+00      2.800e+01    1.132e+02    2.262e-02      3.19m        0         
204  2.785e+01    5.017e+19    4.272e+00      3.000e+01    4.564e+01    2.209e-02      2.45m        0         
205  3.072e+01    3.787e+49    3.159e+02      2.800e+01    1.132e+02    2.262e-02      2.74m        0         
206  2.973e+01    6.012e+50    1.610e+00      2.800e+01    1.132e+02    2.262e-02      2.26m        0         
207  3.024e+01    6.694e+86    1.049e+01      3.700e+01    1.901e+07    2.247e-02      2.39m        0         
208  2.960e+01    5.971e+73    8.137e-01      3.700e+01    1.901e+07    2.247e-02      2.22m        0         
209  3.114e+01    7.707e+64    1.369e+00      3.700e+01    1.901e+07    2.247e-02      2.03m        0         
210  2.901e+01    1.215e+36    7.004e-01      2.800e+01    1.132e+02    2.262e-02      1.83m        0         
211  3.105e+01    5.557e+74    6.535e-01      2.800e+01    1.132e+02    2.262e-02      1.81m        0         
212  3.226e+01    1.623e+73    1.010e+00      4.000e+01    3.173e+05    2.257e-02      1.64m        0         
213  3.088e+01    3.699e+53    3.832e-01      5.100e+01    7.075e+18    2.257e-02      1.44m        0         
214  3.272e+01    3.207e+77    3.442e-01      3.600e+01    1.711e+04    2.140e-02      1.36m        0         
215  3.015e+01    3.659e+60    4.571e-01      5.700e+01    5.677e+10    2.210e-02      1.14m        0         
216  3.057e+01    1.130e+40    4.627e-01      4.500e+01    1.366e+09    2.205e-02      1.08m        0         
217  2.981e+01    2.112e+58    3.467e-01      2.800e+01    1.132e+02    2.262e-02      54.64s       0         
218  3.017e+01    1.265e+32    1.125e+01      2.800e+01    1.132e+02    2.262e-02      53.36s       0         
219  2.934e+01    2.901e+37    4.102e-01      2.800e+01    1.132e+02    2.262e-02      40.69s       0         
220  3.034e+01    8.345e+63    3.432e-01      2.800e+01    1.132e+02    2.262e-02      31.56s       0         
221  2.929e+01    2.432e+51    3.998e-01      3.600e+01    1.586e+04    2.190e-02      23.15s       0         
222  2.987e+01    2.444e+51    1.125e+00      2.800e+01    1.132e+02    2.262e-02      16.15s       0         
223  3.046e+01    7.007e+133   6.715e-01      5.000e+01    1.977e+11    2.192e-02      8.15s        0         
224  3.091e+01    4.014e+53    3.419e-01      2.800e+01    1.132e+02    2.262e-02      0.00s        0         
225  3.036e+01    3.742e+48    4.925e-01      3.600e+01    2.265e+05    2.238e-02      3.44m        0         
226  3.047e+01    4.575e+146   1.540e+00      2.800e+01    1.132e+02    2.262e-02      3.03m        0         
227  3.025e+01    2.247e+305   4.141e-01      2.800e+01    1.132e+02    2.262e-02      2.88m        0         
228  3.045e+01    1.328e+103   3.896e-01      2.800e+01    1.132e+02    2.262e-02      3.08m        0         
229  3.035e+01    9.735e+37    3.254e-01      2.800e+01    1.132e+02    2.262e-02      2.70m        0         
230  3.049e+01    4.483e+64    3.490e-01      2.800e+01    1.132e+02    2.262e-02      2.51m        0         
231  2.893e+01    1.731e+46    1.108e+02      5.200e+01    2.927e+11    2.137e-02      2.28m        0         
232  3.089e+01    8.615e+118   3.477e-01      5.400e+01    1.806e+14    2.135e-02      2.26m        0         
233  3.031e+01    2.906e+87    6.606e-01      2.800e+01    1.132e+02    2.249e-02      2.12m        0         
234  3.144e+01    2.066e+209   4.200e-01      5.900e+01    2.989e+84    2.254e-02      1.98m        0         
235  3.047e+01    8.658e+67    5.841e-01      2.800e+01    1.132e+02    2.262e-02      1.94m        0         
236  2.999e+01    1.317e+58    3.647e-01      3.700e+01    3.339e+08    2.239e-02      1.86m        0         
237  3.012e+01    2.149e+154   3.419e-01      3.600e+01    6.764e+05    2.262e-02      1.57m        0         
238  2.937e+01    1.260e+46    4.427e-01      5.000e+01    7.201e+07    2.136e-02      1.40m        0         
239  2.912e+01    5.299e+52    4.016e-01      3.100e+01    1.785e+02    2.215e-02      1.49m        0         
240  2.910e+01    1.020e+59    1.054e+00      2.800e+01    1.132e+02    2.262e-02      1.44m        0         
241  3.068e+01    2.726e+96    2.405e+01      5.900e+01    2.542e+71    2.184e-02      1.29m        0         
242  2.932e+01    5.087e+93    4.772e-01      3.600e+01    6.764e+05    2.262e-02      1.05m        0         
243  3.072e+01    3.191e+204   9.013e+00      2.800e+01    1.132e+02    2.262e-02      52.94s       0         
244  3.057e+01    1.607e+48    4.103e-01      3.600e+01    6.764e+05    2.262e-02      44.00s       0         
245  2.895e+01    6.103e+38    5.323e-01      5.700e+01    1.624e+25    2.231e-02      35.37s       0         
246  2.834e+01    1.138e+36    3.914e-01      2.800e+01    1.132e+02    2.262e-02      22.22s       0         
247  2.926e+01    3.512e+40    3.542e-01      2.800e+01    1.132e+02    2.262e-02      17.98s       0         
248  3.021e+01    7.296e+38    3.677e-01      2.800e+01    1.132e+02    2.262e-02      8.22s        0         
249  2.958e+01    4.181e+46    1.218e+00      2.800e+01    1.132e+02    2.262e-02      0.00s        0         
250  3.018e+01    5.503e+101   5.442e-01      2.800e+01    1.132e+02    2.262e-02      3.03m        0         
251  3.043e+01    1.180e+81    5.837e+03      6.500e+01    8.988e+53    2.245e-02      3.03m        0         
252  3.114e+01    2.295e+144   6.528e+00      2.800e+01    1.132e+02    2.262e-02      2.96m        0         
253  3.182e+01    2.818e+80    2.020e+02      2.800e+01    1.132e+02    2.262e-02      2.80m        0         
254  2.966e+01    5.827e+57    5.181e-01      2.800e+01    1.132e+02    2.262e-02      2.58m        0         
255  2.995e+01    9.429e+50    4.242e+00      5.200e+01    2.927e+11    2.135e-02      2.52m        0         
256  3.083e+01    1.802e+290   4.182e-01      3.200e+01    3.749e+04    2.157e-02      2.42m        0         
257  3.155e+01    3.300e+74    4.077e-01      3.200e+01    3.749e+04    2.157e-02      2.33m        0         
258  3.115e+01    9.337e+118   1.089e+00      3.200e+01    3.749e+04    2.157e-02      2.31m        0         
259  3.062e+01    7.215e+127   5.107e-01      3.800e+01    2.873e+05    2.256e-02      1.91m        0         
260  2.874e+01    1.612e+52    3.682e-01      2.800e+01    1.132e+02    2.249e-02      1.96m        0         
261  2.788e+01    6.437e+35    2.113e+01      2.800e+01    1.132e+02    2.262e-02      1.82m        0         
262  2.897e+01    6.222e+40    5.032e-01      2.800e+01    1.132e+02    2.262e-02      1.61m        0         
263  3.035e+01    3.838e+186   4.536e-01      2.800e+01    1.132e+02    2.262e-02      1.69m        0         
264  3.062e+01    7.845e+79    5.120e-01      2.800e+01    1.132e+02    2.262e-02      1.38m        0         
265  2.912e+01    4.457e+31    1.189e+00      2.800e+01    1.132e+02    2.262e-02      1.27m        0         
266  3.073e+01    3.048e+57    6.907e-01      2.800e+01    1.132e+02    2.262e-02      1.08m        0         
267  3.068e+01    2.439e+26    4.577e-01      2.800e+01    1.132e+02    2.262e-02      51.62s       0         
268  3.042e+01    5.726e+95    3.379e-01      2.800e+01    1.132e+02    2.262e-02      47.66s       0         
269  3.059e+01    5.451e+58    6.431e-01      2.800e+01    1.132e+02    2.262e-02      38.82s       0         
270  2.971e+01    1.787e+48    2.104e+01      4.800e+01    3.422e+09    2.178e-02      30.85s       0         
271  3.005e+01    4.580e+63    4.123e-01      2.800e+01    1.132e+02    2.262e-02      23.48s       0         
272  2.972e+01    3.778e+24    4.629e-01      2.800e+01    1.132e+02    2.262e-02      16.84s       0         
273  2.995e+01    1.715e+33    3.694e-01      2.800e+01    1.132e+02    2.262e-02      7.88s        0         
274  3.119e+01    7.502e+74    4.255e-01      2.800e+01    1.132e+02    2.262e-02      0.00s        0         
275  3.084e+01    6.393e+63    3.483e-01      2.800e+01    1.132e+02    2.262e-02      3.19m        0         
276  2.891e+01    1.655e+35    2.591e+00      2.800e+01    1.132e+02    2.262e-02      2.56m        0         
277  3.179e+01    4.301e+230   5.947e-01      5.700e+01    1.221e+29    2.216e-02      3.12m        0         
278  2.672e+01    4.162e+17    4.230e-01      2.800e+01    1.132e+02    2.262e-02      2.09m        0         
279  2.718e+01    3.964e+23    5.246e-01      5.500e+01    1.006e+08    2.190e-02      2.52m        0         
280  2.718e+01    6.274e+22    8.664e-01      2.300e+01    4.116e+01    2.299e-02      2.42m        0         
281  2.863e+01    1.657e+41    2.054e+00      2.800e+01    1.132e+02    2.262e-02      2.29m        0         
282  3.029e+01    5.389e+83    8.393e+01      2.800e+01    1.132e+02    2.262e-02      2.29m        0         
283  2.585e+01    6.488e+11    4.938e-01      2.800e+01    1.132e+02    2.262e-02      2.03m        0         
284  2.893e+01    2.774e+50    3.804e-01      2.800e+01    1.132e+02    2.262e-02      2.09m        0         
285  2.441e+01    5.252e+05    4.334e-01      2.800e+01    1.132e+02    2.262e-02      1.63m        0         
286  2.613e+01    1.132e+24    4.508e-01      2.800e+01    1.132e+02    2.262e-02      1.80m        0         
287  2.538e+01    2.075e+27    5.097e-01      2.800e+01    1.132e+02    2.262e-02      1.54m        0         
288  2.763e+01    8.177e+81    4.104e-01      2.800e+01    1.132e+02    2.262e-02      1.36m        0         
289  2.511e+01    4.095e+14    4.842e-01      2.300e+01    4.116e+01    2.299e-02      1.16m        0         
290  2.537e+01    1.621e+23    5.976e-01      2.800e+01    1.132e+02    2.262e-02      1.19m        0         
291  2.677e+01    3.458e+157   4.071e-01      2.300e+01    4.116e+01    2.299e-02      1.10m        0         
292  2.438e+01    1.650e+19    7.221e-01      2.300e+01    4.116e+01    2.299e-02      50.56s       0         
293  2.460e+01    3.428e+19    7.390e-01      2.700e+01    8.549e+01    2.289e-02      46.98s       0         
294  2.672e+01    1.790e+19    5.800e-01      2.800e+01    1.132e+02    2.262e-02      41.39s       0         
295  2.824e+01    3.278e+29    5.120e-01      2.800e+01    1.132e+02    2.262e-02      30.83s       0         
296  2.638e+01    1.714e+48    7.596e+00      3.600e+01    1.546e+05    1.966e-02      23.26s       0         
297  2.798e+01    3.825e+68    5.937e-01      3.600e+01    1.546e+05    1.966e-02      16.25s       0         
298  2.791e+01    5.318e+152   6.649e-01      4.800e+01    9.112e+10    2.167e-02      8.71s        0         
299  2.705e+01    4.902e+38    1.678e+00      2.800e+01    1.132e+02    2.262e-02      0.00s        0         
300  2.770e+01    1.965e+101   4.093e-01      2.800e+01    1.132e+02    2.262e-02      3.15m        0         
301  2.574e+01    5.462e+29    1.404e+00      3.300e+01    2.702e+03    2.199e-02      2.92m        0         
302  2.789e+01    2.167e+127   5.893e-01      3.300e+01    7.890e+03    2.164e-02      3.12m        0         
303  2.154e+01    1.769e+09    5.599e-01      2.800e+01    1.132e+02    2.262e-02      2.23m        0         
304  2.403e+01    1.370e+26    7.645e-01      2.300e+01    4.116e+01    2.299e-02      2.77m        0         
305  2.681e+01    2.708e+30    5.194e-01      2.300e+01    4.116e+01    2.299e-02      2.61m        0         
306  2.779e+01    3.906e+89    8.735e+01      2.300e+01    4.116e+01    2.299e-02      2.30m        0         
307  2.923e+01    4.552e+166   8.049e-01      2.900e+01    2.209e+03    2.141e-02      2.29m        0         
308  2.781e+01    3.216e+115   2.990e+03      3.800e+01    2.407e+13    1.950e-02      2.04m        0         
309  2.560e+01    1.611e+23    4.044e-01      2.900e+01    2.209e+03    2.141e-02      1.87m        0         
310  2.675e+01    4.130e+51    4.303e-01      2.800e+01    1.132e+02    2.262e-02      1.99m        0         
311  2.692e+01    7.575e+72    4.454e-01      2.800e+01    1.132e+02    2.262e-02      2.00m        0         
312  2.452e+01    3.826e+23    1.134e+01      3.800e+01    6.712e+05    2.093e-02      1.53m        0         
313  2.538e+01    1.849e+240   9.176e+01      2.300e+01    4.116e+01    2.299e-02      1.51m        0         
314  2.493e+01    1.396e+57    4.177e-01      4.400e+01    7.886e+05    1.932e-02      1.44m        0         
315  2.571e+01    8.456e+77    4.346e-01      4.200e+01    3.648e+11    2.215e-02      1.41m        0         
316  2.556e+01    3.169e+51    4.669e-01      2.300e+01    4.116e+01    2.299e-02      1.20m        0         
317  2.203e+01    2.013e+04    1.820e+00      3.800e+01    4.330e+04    2.199e-02      48.83s       0         
318  2.224e+01    6.336e+18    6.898e-01      2.300e+01    4.116e+01    2.299e-02      52.42s       0         
319  2.391e+01    3.085e+39    7.089e-01      2.300e+01    4.116e+01    2.299e-02      42.33s       0         
320  2.615e+01    2.162e+63    6.244e-01      3.600e+01    3.494e+04    1.799e-02      39.29s       0         
321  2.518e+01    3.131e+15    4.370e-01      4.700e+01    1.363e+12    1.767e-02      26.46s       0         
322  2.712e+01    1.854e+40    4.579e-01      3.300e+01    2.225e+05    1.627e-02      18.82s       0         
323  2.562e+01    6.652e+49    1.484e+00      3.400e+01    4.587e+05    2.006e-02      7.36s        0         
324  2.791e+01    2.754e+202   4.438e-01      3.600e+01    5.944e+06    1.630e-02      0.00s        0         
325  1.989e+01    2.539e+39    3.854e+00      2.300e+01    4.116e+01    2.299e-02      2.56m        0         
326  2.083e+01    1.533e+60    6.294e-01      2.300e+01    4.116e+01    2.299e-02      2.99m        0         
327  2.330e+01    3.101e+80    6.940e-01      2.400e+01    4.091e+01    2.081e-02      2.95m        0         
328  2.645e+01    2.247e+305   5.501e-01      2.400e+01    4.091e+01    2.081e-02      3.17m        0         
329  3.046e+01    2.247e+305   6.125e-01      2.400e+01    4.091e+01    2.081e-02      2.87m        0         
330  2.525e+01    7.622e+72    4.418e-01      3.300e+01    3.596e+08    2.080e-02      2.24m        0         
331  2.797e+01    3.599e+100   6.447e-01      2.200e+01    2.516e+01    2.053e-02      2.57m        0         
332  2.612e+01    6.056e+161   6.933e-01      2.200e+01    2.516e+01    2.053e-02      2.29m        0         
333  2.969e+01    inf          7.106e-01      3.200e+01    2.780e+05    2.045e-02      2.33m        0         
334  2.332e+01    8.792e+38    3.650e+00      3.100e+01    3.879e+01    1.883e-02      1.70m        0         
335  2.614e+01    1.730e+104   9.528e-01      2.200e+01    2.516e+01    2.053e-02      2.00m        0         
336  2.875e+01    3.208e+164   6.054e-01      3.900e+01    2.724e+07    1.732e-02      1.83m        0         
337  2.504e+01    3.474e+57    4.679e+00      2.200e+01    2.516e+01    2.053e-02      1.48m        0         
338  2.852e+01    2.630e+225   3.765e-01      2.200e+01    2.516e+01    2.053e-02      1.66m        0         
339  2.287e+01    3.933e+08    6.090e-01      2.200e+01    2.516e+01    2.053e-02      1.25m        0         
340  2.455e+01    4.561e+30    7.138e-01      2.200e+01    2.516e+01    2.053e-02      1.39m        0         
341  2.678e+01    3.502e+113   8.301e-01      2.200e+01    2.516e+01    2.053e-02      1.13m        0         
342  2.768e+01    1.691e+251   5.691e-01      4.200e+01    1.064e+05    1.899e-02      58.34s       0         
343  2.911e+01    1.437e+274   6.748e-01      3.200e+01    1.558e+05    1.976e-02      46.67s       0         
344  2.592e+01    1.240e+48    1.529e+01      4.500e+01    5.503e+11    1.911e-02      34.96s       0         
345  2.845e+01    5.318e+152   4.178e-01      5.800e+01    1.690e+28    1.875e-02      32.59s       0         
346  2.606e+01    6.180e+52    3.004e+00      4.000e+01    3.453e+24    1.974e-02      22.55s       0         
347  2.959e+01    1.171e+133   6.064e-01      3.300e+01    7.472e+02    1.964e-02      16.28s       0         
348  2.898e+01    inf          3.831e-01      5.600e+01    3.185e+124   1.961e-02      7.73s        0         
349  2.869e+01    5.283e+57    5.055e-01      3.600e+01    1.867e+10    1.917e-02      0.00s        0         
350  2.987e+01    4.623e+117   2.031e+01      2.000e+01    2.516e+01    2.050e-02      2.86m        0         
351  2.886e+01    6.079e+80    4.046e-01      5.300e+01    1.123e+22    1.915e-02      2.83m        0         
352  2.859e+01    1.488e+175   3.914e-01      4.400e+01    4.111e+11    1.919e-02      2.73m        0         
353  2.932e+01    inf          4.155e-01      3.700e+01    3.872e+13    1.999e-02      2.71m        0         
354  2.990e+01    2.982e+99    9.155e-01      3.600e+01    7.246e+06    2.028e-02      2.98m        0         
355  2.859e+01    3.484e+40    4.134e-01      3.700e+01    2.080e+12    1.976e-02      2.36m        0         
356  3.028e+01    1.499e+95    4.578e-01      4.200e+01    1.168e+10    1.900e-02      2.35m        0         
357  2.839e+01    5.280e+88    7.251e-01      3.000e+01    2.516e+01    2.047e-02      2.18m        0         
358  2.946e+01    4.300e+191   3.445e-01      3.800e+01    2.726e+07    1.936e-02      2.17m        0         
359  2.753e+01    3.056e+126   9.819e+00      4.500e+01    3.027e+23    1.968e-02      2.02m        0         
360  2.895e+01    2.331e+228   4.230e-01      3.800e+01    2.726e+07    1.936e-02      2.09m        0         
361  2.796e+01    7.491e+120   3.804e-01      5.400e+01    4.161e+96    1.893e-02      1.72m        0         
362  2.781e+01    2.045e+63    4.289e-01      4.700e+01    1.230e+21    1.988e-02      1.57m        0         
363  3.050e+01    4.295e+191   6.549e-01      5.000e+01    3.562e+22    1.681e-02      1.54m        0         
364  2.810e+01    2.247e+305   3.795e-01      4.700e+01    8.558e+20    1.979e-02      1.23m        0         
365  2.797e+01    2.247e+305   6.261e-01      4.200e+01    1.637e+09    1.919e-02      1.20m        0         
366  3.054e+01    inf          3.744e-01      5.700e+01    5.630e+63    1.763e-02      1.09m        0         
367  2.885e+01    1.849e+240   3.702e-01      3.800e+01    2.726e+07    1.936e-02      52.70s       0         
368  2.959e+01    2.247e+305   8.842e-01      4.400e+01    4.004e+99    2.047e-02      47.42s       0         
369  2.840e+01    2.247e+305   3.773e-01      6.100e+01    5.524e+155   1.921e-02      37.82s       0         
370  2.990e+01    inf          3.440e-01      4.900e+01    3.121e+22    1.935e-02      33.32s       0         
371  2.879e+01    2.247e+305   3.696e-01      4.000e+01    6.269e+40    2.046e-02      24.14s       0         
372  2.957e+01    2.326e+228   8.154e-01      3.000e+01    2.411e+04    2.048e-02      17.93s       0         
373  3.022e+01    inf          1.968e+02      4.800e+01    1.003e+47    1.956e-02      8.20s        0         
374  2.888e+01    inf          4.380e-01      2.000e+01    2.516e+01    2.036e-02      0.00s        0         
375  2.886e+01    2.247e+305   4.920e-01      3.500e+01    2.010e+05    1.975e-02      3.02m        0         
376  2.972e+01    2.247e+305   4.026e-01      3.600e+01    1.411e+06    2.003e-02      3.09m        0         
377  2.944e+01    2.247e+305   4.832e+01      4.000e+01    4.150e+11    1.972e-02      2.70m        0         
378  3.015e+01    1.528e+286   4.341e-01      4.000e+01    4.150e+11    1.972e-02      2.93m        0         
379  2.951e+01    1.147e+301   4.127e-01      2.800e+01    6.837e+02    2.031e-02      2.58m        0         
380  3.121e+01    3.462e+301   3.987e-01      2.900e+01    3.257e+03    2.032e-02      2.66m        0         
381  3.081e+01    inf          4.303e+01      2.800e+01    6.837e+02    2.031e-02      2.36m        0         
382  2.929e+01    4.324e+271   4.373e-01      3.300e+01    1.098e+08    2.017e-02      2.19m        0         
383  2.826e+01    2.997e+227   4.568e-01      2.000e+01    2.516e+01    2.036e-02      2.13m        0         
384  3.009e+01    1.528e+286   4.871e-01      2.000e+01    2.516e+01    2.036e-02      2.14m        0         
385  2.947e+01    inf          3.434e-01      2.000e+01    2.516e+01    2.036e-02      1.92m        0         
386  2.867e+01    5.391e+152   4.709e-01      2.800e+01    6.837e+02    2.031e-02      1.70m        0         
387  2.982e+01    2.247e+305   3.460e-01      2.800e+01    6.837e+02    2.031e-02      1.61m        0         
388  2.958e+01    1.147e+301   2.044e+02      2.600e+01    9.569e+01    1.962e-02      1.48m        0         
389  2.945e+01    3.873e+124   5.016e-01      2.600e+01    9.569e+01    1.962e-02      1.36m        0         
390  3.003e+01    inf          4.708e-01      2.800e+01    6.837e+02    2.031e-02      1.26m        0         
391  2.830e+01    inf          6.119e-01      2.900e+01    3.257e+03    2.032e-02      1.01m        0         
392  2.777e+01    4.748e+240   4.131e-01      2.800e+01    2.276e+02    1.872e-02      54.13s       0         
393  2.832e+01    inf          5.098e+00      2.000e+01    2.516e+01    2.036e-02      48.53s       0         
394  3.071e+01    8.590e+191   3.834e-01      3.300e+01    1.396e+07    1.820e-02      42.28s       0         
395  2.905e+01    1.528e+286   4.422e-01      3.300e+01    1.396e+07    1.820e-02      33.64s       0         
396  2.998e+01    1.148e+301   4.521e-01      2.600e+01    9.569e+01    1.962e-02      26.18s       0         
397  2.910e+01    1.849e+240   8.061e-01      2.900e+01    3.652e+03    1.666e-02      16.72s       0         
398  2.902e+01    1.005e+97    1.403e+00      2.800e+01    7.463e+02    1.829e-02      7.18s        0         
399  2.672e+01    1.241e+48    4.430e-01      2.800e+01    7.463e+02    1.829e-02      0.00s        0         
400  2.902e+01    2.247e+305   1.260e+01      2.600e+01    9.569e+01    1.962e-02      3.22m        0         
401  2.838e+01    2.247e+305   4.140e-01      2.600e+01    9.569e+01    1.860e-02      3.00m        0         
402  2.801e+01    5.005e+96    1.289e+00      2.600e+01    9.569e+01    1.860e-02      2.59m        0         
403  2.801e+01    1.230e+99    3.837e-01      2.700e+01    2.137e+02    1.792e-02      2.87m        0         
404  2.945e+01    1.147e+301   5.449e-01      5.900e+01    3.289e+11    1.832e-02      2.75m        0         
405  2.743e+01    3.903e+64    5.323e-01      2.600e+01    9.569e+01    1.962e-02      2.37m        0         
406  2.903e+01    inf          5.609e-01      2.800e+01    6.846e+02    1.810e-02      2.53m        0         
407  2.842e+01    1.849e+240   3.761e-01      2.600e+01    9.569e+01    1.860e-02      2.23m        0         
408  2.812e+01    2.247e+305   2.501e+04      2.700e+01    2.137e+02    1.921e-02      2.26m        0         
409  3.077e+01    inf          4.507e+00      2.700e+01    2.137e+02    1.921e-02      2.14m        0         
410  3.014e+01    1.296e+182   4.266e-01      5.200e+01    3.554e+80    1.817e-02      1.92m        0         
411  2.908e+01    1.849e+240   3.421e-01      2.800e+01    6.846e+02    1.842e-02      1.74m        0         
412  2.836e+01    4.295e+191   3.980e-01      3.100e+01    2.416e+05    1.896e-02      1.78m        0         
413  2.916e+01    2.890e+156   4.011e-01      3.500e+01    2.286e+09    1.707e-02      1.59m        0         
414  3.007e+01    4.817e+249   4.435e-01      4.300e+01    1.684e+36    1.709e-02      1.51m        0         
415  2.910e+01    1.353e+98    4.003e-01      2.800e+01    6.846e+02    1.846e-02      1.12m        0         
416  2.976e+01    2.247e+305   3.582e-01      2.800e+01    6.846e+02    1.846e-02      1.09m        0         
417  2.890e+01    6.010e+76    3.728e-01      2.900e+01    3.259e+03    1.905e-02      54.23s       0         
418  2.885e+01    5.318e+152   1.125e+00      2.900e+01    1.471e+03    1.758e-02      53.87s       0         
419  2.995e+01    2.694e+194   4.336e-01      2.700e+01    2.137e+02    1.921e-02      41.03s       0         
420  3.003e+01    inf          5.359e+00      4.600e+01    3.168e+48    1.859e-02      34.21s       0         
421  3.183e+01    inf          2.690e+00      4.300e+01    1.284e+51    1.901e-02      25.70s       0         
422  2.936e+01    1.147e+301   3.642e-01      2.900e+01    3.259e+03    1.843e-02      15.11s       0         
423  2.955e+01    inf          4.089e-01      4.600e+01    5.365e+51    1.864e-02      8.06s        0         
424  2.999e+01    1.528e+286   4.530e-01      2.700e+01    2.137e+02    1.921e-02      0.00s        0         
425  2.890e+01    1.287e+145   1.241e+00      2.700e+01    2.137e+02    1.921e-02      3.61m        0         
426  2.873e+01    3.873e+124   3.673e-01      4.600e+01    5.366e+51    1.881e-02      3.14m        0         
427  2.921e+01    2.247e+305   4.375e-01      2.700e+01    2.137e+02    1.921e-02      3.41m        0         
428  2.927e+01    2.689e+194   3.475e-01      2.700e+01    2.137e+02    1.921e-02      3.31m        0         
429  2.841e+01    5.318e+152   4.181e-01      3.800e+01    1.492e+05    1.941e-02      2.85m        0         
430  3.052e+01    inf          3.494e-01      3.000e+01    7.710e+08    1.873e-02      2.76m        0         
431  2.907e+01    1.955e+176   8.654e-01      5.000e+01    2.571e+118   1.897e-02      2.55m        0         
432  2.945e+01    1.849e+240   4.728e-01      4.300e+01    5.449e+16    1.911e-02      2.30m        0         
433  2.929e+01    3.678e+254   7.104e-01      2.700e+01    2.137e+02    1.921e-02      2.18m        0         
434  2.995e+01    1.464e+199   4.367e-01      2.900e+01    3.652e+03    1.933e-02      2.04m        0         
435  2.854e+01    2.247e+305   4.377e-01      3.700e+01    2.669e+07    1.826e-02      1.85m        0         
436  2.977e+01    1.169e+244   4.024e-01      2.700e+01    2.137e+02    1.792e-02      1.89m        0         
437  2.887e+01    4.295e+191   1.195e+00      4.400e+01    1.079e+21    1.925e-02      1.53m        0         
438  2.885e+01    4.295e+191   8.039e-01      4.500e+01    1.571e+43    1.769e-02      1.45m        0         
439  2.918e+01    2.247e+305   4.565e-01      2.900e+01    3.652e+03    1.735e-02      1.41m        0         
440  2.975e+01    inf          4.077e-01      2.700e+01    2.137e+02    1.921e-02      1.27m        0         
441  2.859e+01    1.287e+145   1.536e+00      4.000e+01    2.930e+06    1.771e-02      1.04m        0         
442  2.968e+01    inf          1.437e+00      4.900e+01    2.905e+78    1.769e-02      1.03m        0         
443  2.984e+01    1.849e+240   1.086e+00      2.700e+01    2.137e+02    1.921e-02      49.96s       0         
444  2.926e+01    1.287e+145   5.343e-01      4.500e+01    1.308e+26    1.769e-02      38.65s       0         
445  2.961e+01    inf          4.761e-01      4.300e+01    2.930e+06    1.772e-02      31.36s       0         
446  3.033e+01    2.247e+305   5.535e-01      4.300e+01    2.930e+06    1.772e-02      25.67s       0         
447  2.806e+01    6.011e+76    4.179e+00      2.700e+01    2.137e+02    1.921e-02      14.80s       0         
448  2.940e+01    2.326e+228   5.167e-01      3.000e+01    8.835e+04    1.752e-02      8.28s        0         
449  3.004e+01    2.247e+305   4.822e-01      2.600e+01    9.569e+01    1.860e-02      0.00s        0         
450  2.995e+01    4.323e+271   4.799e-01      2.600e+01    9.569e+01    1.860e-02      3.23m        0         
451  2.907e+01    inf          4.163e-01      2.700e+01    2.137e+02    1.921e-02      3.07m        0         
452  2.900e+01    2.247e+305   4.781e-01      2.700e+01    2.137e+02    1.921e-02      3.03m        0         
453  3.065e+01    inf          3.763e-01      6.300e+01    1.014e+143   1.856e-02      3.12m        0         
454  2.841e+01    6.684e+91    5.026e-01      2.600e+01    9.569e+01    1.860e-02      2.75m        0         
455  2.928e+01    2.247e+305   3.882e-01      2.700e+01    2.137e+02    1.792e-02      2.55m        0         
456  2.903e+01    7.962e+121   4.980e-01      2.700e+01    2.137e+02    1.792e-02      2.44m        0         
457  2.987e+01    inf          1.358e+01      2.700e+01    2.137e+02    1.792e-02      2.66m        0         
458  2.950e+01    1.187e+205   3.628e-01      2.700e+01    2.137e+02    1.921e-02      2.48m        0         
459  3.000e+01    inf          8.178e+00      2.000e+01    2.516e+01    1.950e-02      2.26m        0         
460  2.891e+01    2.247e+305   3.991e-01      2.600e+01    9.569e+01    1.860e-02      1.77m        0         
461  2.820e+01    2.088e+77    3.703e-01      4.200e+01    9.731e+20    1.876e-02      1.94m        0         
462  2.921e+01    2.247e+305   4.164e-01      2.000e+01    2.516e+01    1.950e-02      1.62m        0         
463  2.921e+01    4.542e+188   6.698e-01      4.000e+01    5.864e+13    1.900e-02      1.52m        0         
464  2.986e+01    1.147e+301   3.594e-01      4.300e+01    9.425e+16    1.915e-02      1.42m        0         
465  2.918e+01    1.147e+301   3.764e-01      2.000e+01    2.516e+01    1.950e-02      1.24m        0         
466  2.931e+01    1.278e+99    5.017e-01      4.200e+01    1.617e+21    1.826e-02      1.09m        0         
467  2.911e+01    inf          4.007e-01      2.600e+01    9.569e+01    1.919e-02      58.94s       0         
468  2.707e+01    2.789e+61    3.864e-01      2.600e+01    9.569e+01    1.860e-02      44.37s       0         
469  2.779e+01    4.365e+191   5.691e-01      2.700e+01    2.137e+02    1.792e-02      42.43s       0         
470  2.914e+01    5.640e+272   5.797e-01      2.700e+01    2.137e+02    1.792e-02      33.83s       0         
471  2.876e+01    1.147e+301   4.077e-01      2.700e+01    2.137e+02    1.792e-02      24.97s       0         
472  3.080e+01    4.817e+249   3.621e-01      2.900e+01    6.278e+05    1.863e-02      18.73s       0         
473  2.939e+01    2.247e+305   3.269e+00      4.400e+01    2.930e+06    1.782e-02      8.62s        0         
474  3.081e+01    inf          4.545e-01      2.700e+01    2.137e+02    1.792e-02      0.00s        0         
475  2.925e+01    1.849e+240   4.679e-01      2.600e+01    9.569e+01    1.860e-02      3.42m        0         
476  3.068e+01    2.247e+305   4.079e-01      4.500e+01    6.269e+40    1.839e-02      3.20m        0         
477  2.861e+01    3.512e+302   6.534e-01      4.800e+01    3.705e+09    1.765e-02      2.66m        0         
478  3.006e+01    1.528e+286   5.049e-01      2.600e+01    9.569e+01    1.860e-02      2.74m        0         
479  3.025e+01    2.247e+305   4.131e+00      5.500e+01    1.479e+243   1.722e-02      2.74m        0         
480  2.962e+01    1.849e+240   4.068e-01      2.700e+01    2.137e+02    1.792e-02      2.63m        0         
481  2.851e+01    9.185e+154   6.656e-01      2.900e+01    3.652e+03    1.707e-02      2.26m        0         
482  2.857e+01    9.292e+154   3.586e-01      2.900e+01    3.652e+03    1.707e-02      2.22m        0         
483  2.861e+01    2.247e+305   2.662e+01      2.700e+01    2.137e+02    1.792e-02      2.11m        0         
484  2.995e+01    2.247e+305   3.632e-01      2.700e+01    2.137e+02    1.921e-02      2.19m        0         
485  3.013e+01    inf          3.370e-01      2.700e+01    2.137e+02    1.921e-02      1.89m        0         
486  2.917e+01    2.247e+305   4.618e-01      2.700e+01    2.137e+02    1.921e-02      1.93m        0         
487  3.086e+01    inf          3.191e-01      2.700e+01    2.137e+02    1.921e-02      2.01m        0         
488  2.938e+01    1.838e+155   4.681e+00      2.700e+01    2.137e+02    1.921e-02      1.61m        0         
489  2.963e+01    2.454e+123   1.650e+00      2.700e+01    2.137e+02    1.921e-02      1.39m        0         
490  2.867e+01    9.239e+154   3.784e-01      2.700e+01    2.137e+02    1.921e-02      1.25m        0         
491  2.925e+01    2.247e+305   3.826e-01      3.700e+01    3.755e+08    1.870e-02      1.08m        0         
492  3.043e+01    inf          3.641e-01      3.700e+01    3.755e+08    1.870e-02      56.38s       0         
493  3.091e+01    inf          1.178e+00      3.200e+01    3.998e+04    1.819e-02      49.45s       0         
494  2.861e+01    inf          4.503e-01      2.700e+01    2.137e+02    1.921e-02      38.10s       0         
495  2.874e+01    inf          3.994e-01      2.700e+01    2.137e+02    1.921e-02      31.34s       0         
496  3.045e+01    1.849e+240   6.617e+00      2.700e+01    2.137e+02    1.921e-02      26.24s       0         
497  3.022e+01    1.180e+203   3.558e-01      2.700e+01    2.137e+02    1.921e-02      15.47s       0         
498  2.933e+01    2.247e+305   5.144e-01      4.800e+01    9.919e+50    1.782e-02      7.90s        0         
499  2.952e+01    inf          4.067e-01      2.700e+01    2.137e+02    1.921e-02      0.00s        0         





Time: 1h:5m:40s
####   Data for the best program   ####
Best Program: add(sin(add(X0, add(X0, 1.545))), cos(add(sin(X1), sub(X1, add(sub(sin(sin(sin(cos(cos(cos(cos(cos(X1)))))))), X1), cos(X1))))))
Best Program Complexity: 27
Raw Fitness: 0.019206394702129787
Penalized Fitness: 0.04620639470212978
Estimator		Train-rmse: 0.019206394702129787	Test-rmse: 0.020372046452132735	Test-R^2: 0.9986143584298768

{'complexity': 'length', 'const_range': (1e-10, 2.0), 'elitism_size': 1, 'function_set': ('add', 'sub', 'div', 'mul', 'sin', 'cos'), 'generations': 500, 'init_depth': (3, 6), 'init_method': 'half and half', 'low_memory': True, 'max_samples': 1.0, 'metric': 'rmse', 'n_jobs': 2, 'p_crossover': 0.8, 'p_hoist_mutation': 0.0, 'p_point_mutation': 0.09999999999999998, 'p_point_replace': 0.05, 'p_subtree_mutation': 0.09999999999999998, 'paretogp': False, 'paretogp_lengths': (5, 160), 'parsimony_coefficient': 0.001, 'population_size': 800, 'random_state': 423841028, 'selection': 'eplex', 'stopping_criteria': 1e-10, 'tournament_size': 11, 'verbose': 1, 'warm_start': True}
