    |          Population Average          |           Best Individual            |
---- -------------------------------------- -------------------------------------- ----------
Gen  Length       Kommenda     Fitness        Length       Kommenda     Fitness        Time Left    Front Size
0    2.328e+01    9.408e+07    3.948e+05      8.000e+00    8.611e+00    5.082e-01      12.15s       5         
1    8.394e+00    4.702e+06    1.685e+00      8.000e+00    4.948e+00    4.131e-01      17.20s       5         
2    8.230e+00    4.349e+07    1.428e+01      9.000e+00    8.035e+00    3.572e-01      19.06s       8         
3    8.085e+00    1.765e+12    3.478e+01      7.000e+00    6.657e+00    3.571e-01      22.60s       8         
4    7.906e+00    2.884e+03    5.467e+00      7.000e+00    6.657e+00    3.571e-01      14.79s       9         
5    7.510e+00    1.237e+07    1.214e+02      7.000e+00    6.657e+00    3.571e-01      14.09s       8         
6    7.732e+00    2.100e+11    6.250e+02      7.000e+00    6.657e+00    3.571e-01      13.10s       8         
7    7.790e+00    2.336e+05    3.088e+07      7.000e+00    6.657e+00    3.571e-01      12.29s       7         
8    7.904e+00    7.225e+06    2.267e+01      7.000e+00    6.657e+00    3.571e-01      11.64s       7         
9    7.809e+00    9.807e+08    3.051e+00      8.000e+00    8.611e+00    3.530e-01      10.98s       8         
10   7.716e+00    8.317e+04    5.648e+00      8.000e+00    8.611e+00    3.530e-01      10.19s       8         
11   7.657e+00    8.614e+03    2.218e+05      1.200e+01    1.257e+01    2.861e-01      9.39s        8         
12   8.614e+00    2.281e+05    2.049e+01      1.200e+01    1.257e+01    2.861e-01      8.72s        8         
13   8.727e+00    2.153e+02    1.019e+01      1.200e+01    1.257e+01    2.861e-01      7.80s        8         
14   8.803e+00    3.440e+02    1.051e+03      1.200e+01    1.451e+01    1.503e-01      7.51s        10        
15   9.352e+00    1.076e+04    1.433e+01      1.200e+01    1.451e+01    1.503e-01      6.74s        11        
16   9.885e+00    1.594e+05    3.551e+00      1.100e+01    1.377e+01    1.190e-01      5.93s        12        
17   9.730e+00    3.574e+05    1.473e+02      1.100e+01    1.377e+01    1.190e-01      7.53s        12        
18   9.616e+00    2.471e+08    8.910e+00      1.100e+01    1.377e+01    1.190e-01      4.64s        13        
19   1.002e+01    2.934e+02    8.982e+01      1.100e+01    1.377e+01    1.190e-01      3.68s        11        
20   9.748e+00    4.503e+03    3.480e+01      1.100e+01    1.377e+01    1.190e-01      2.99s        11        
21   9.634e+00    1.989e+08    3.393e+00      1.100e+01    1.377e+01    1.190e-01      2.25s        11        
22   9.571e+00    2.414e+02    1.066e+02      1.100e+01    1.505e+01    1.162e-01      1.46s        12        
23   9.644e+00    5.665e+02    5.397e+02      1.100e+01    1.505e+01    1.162e-01      0.72s        12        
24   9.336e+00    7.743e+03    5.829e+00      1.100e+01    1.505e+01    1.162e-01      0.00s        12        
25   9.918e+00    4.805e+04    2.162e+01      1.100e+01    1.505e+01    1.162e-01      18.02s       12        
26   9.694e+00    2.389e+02    9.301e+00      1.100e+01    1.505e+01    1.162e-01      16.83s       12        
27   9.775e+00    9.022e+02    5.913e+00      1.400e+01    1.477e+01    1.082e-01      16.17s       12        
28   9.909e+00    3.109e+05    2.051e+00      1.400e+01    1.477e+01    1.082e-01      15.28s       12        
29   9.819e+00    7.637e+02    5.470e+01      1.400e+01    1.477e+01    1.082e-01      14.83s       12        
30   9.588e+00    8.852e+03    2.928e+00      1.400e+01    1.477e+01    1.082e-01      19.90s       12        
31   1.009e+01    4.931e+03    8.111e+00      1.400e+01    1.477e+01    1.082e-01      14.02s       12        
32   9.961e+00    1.422e+05    4.205e+00      1.400e+01    1.477e+01    1.082e-01      12.68s       12        
33   1.042e+01    1.131e+10    8.152e+00      1.400e+01    1.477e+01    1.082e-01      11.97s       12        
34   9.790e+00    9.804e+03    7.380e+01      1.400e+01    1.477e+01    1.082e-01      10.98s       12        
35   1.010e+01    7.529e+06    5.454e+01      1.400e+01    1.477e+01    1.082e-01      10.50s       12        
36   9.926e+00    1.375e+03    4.484e+00      1.500e+01    1.477e+01    1.076e-01      9.73s        12        
37   1.046e+01    4.076e+03    9.055e+04      1.500e+01    1.477e+01    1.076e-01      9.55s        12        
38   9.979e+00    4.298e+04    4.010e+01      1.500e+01    1.477e+01    1.076e-01      8.11s        12        
39   9.850e+00    3.473e+03    1.043e+01      1.500e+01    1.477e+01    1.076e-01      7.55s        12        
40   9.867e+00    3.028e+10    6.034e+00      1.500e+01    1.477e+01    1.076e-01      6.81s        12        
41   1.015e+01    4.802e+15    3.971e+03      1.500e+01    1.477e+01    1.076e-01      6.12s        12        
42   9.891e+00    9.751e+04    1.438e+01      1.500e+01    1.477e+01    1.076e-01      5.31s        12        
43   9.793e+00    3.875e+04    1.868e+01      1.500e+01    1.477e+01    1.076e-01      6.52s        12        
44   9.877e+00    8.647e+04    9.680e+00      1.500e+01    1.477e+01    1.076e-01      3.87s        12        
45   1.046e+01    2.244e+07    3.777e+00      1.500e+01    1.477e+01    1.076e-01      3.17s        12        
46   1.018e+01    1.918e+07    7.449e+01      1.500e+01    1.477e+01    1.076e-01      2.38s        12        
47   1.027e+01    4.657e+11    3.672e+05      1.500e+01    1.477e+01    1.076e-01      1.54s        12        
48   9.951e+00    1.659e+03    2.243e+01      1.500e+01    1.477e+01    1.076e-01      0.76s        12        
49   1.002e+01    4.263e+05    3.922e+01      1.500e+01    1.477e+01    1.076e-01      0.00s        12        
50   1.019e+01    1.007e+06    4.296e+01      1.500e+01    1.477e+01    1.076e-01      18.70s       12        
51   9.856e+00    1.538e+06    3.031e+05      1.500e+01    1.477e+01    1.076e-01      17.62s       12        
52   9.886e+00    3.004e+06    1.946e+02      1.500e+01    1.477e+01    1.076e-01      16.75s       12        
53   9.980e+00    1.667e+06    4.032e+05      1.300e+01    2.069e+02    1.016e-01      15.95s       13        
54   1.045e+01    4.317e+17    1.093e+02      1.300e+01    2.069e+02    1.016e-01      15.38s       13        
55   1.051e+01    1.299e+04    6.515e+01      1.300e+01    2.069e+02    1.016e-01      14.53s       13        
56   1.043e+01    2.199e+05    2.720e+02      1.300e+01    2.069e+02    1.016e-01      14.00s       13        
57   1.021e+01    1.235e+04    4.568e+01      1.300e+01    2.069e+02    1.016e-01      18.55s       13        
58   1.019e+01    5.795e+03    3.499e+01      1.300e+01    2.069e+02    1.016e-01      12.11s       13        
59   1.017e+01    4.675e+04    9.743e+01      9.000e+00    1.377e+01    1.016e-01      11.64s       11        
60   9.525e+00    4.692e+04    9.358e+00      9.000e+00    1.377e+01    1.016e-01      11.06s       11        
61   9.232e+00    2.189e+06    1.245e+00      9.000e+00    1.505e+01    6.345e-02      10.10s       12        
62   9.179e+00    6.373e+02    1.426e+01      9.000e+00    1.505e+01    6.345e-02      9.25s        12        
63   9.418e+00    3.087e+12    3.955e+07      9.000e+00    1.505e+01    6.345e-02      8.81s        13        
64   9.464e+00    1.021e+03    1.123e+01      9.000e+00    1.505e+01    6.345e-02      7.65s        13        
65   9.367e+00    2.521e+04    2.536e+05      9.000e+00    1.505e+01    6.345e-02      6.84s        13        
66   9.566e+00    1.308e+03    1.076e+01      9.000e+00    1.505e+01    6.345e-02      6.35s        13        
67   9.465e+00    4.137e+04    5.030e+00      9.000e+00    1.505e+01    6.345e-02      5.54s        13        
68   9.307e+00    1.877e+04    1.745e+00      9.000e+00    1.505e+01    6.345e-02      4.66s        13        
69   9.581e+00    3.568e+07    6.815e+01      9.000e+00    1.505e+01    6.345e-02      3.99s        13        
70   9.455e+00    4.656e+05    2.507e+00      9.000e+00    1.505e+01    6.345e-02      4.34s        13        
71   9.498e+00    1.329e+04    2.458e+00      9.000e+00    1.505e+01    6.345e-02      2.34s        13        
72   9.504e+00    6.167e+05    4.090e+00      9.000e+00    1.505e+01    6.345e-02      1.56s        13        
73   9.072e+00    1.685e+08    5.352e+00      9.000e+00    1.505e+01    6.345e-02      0.77s        13        
74   9.547e+00    1.141e+07    1.057e+02      9.000e+00    1.505e+01    6.345e-02      0.00s        13        
75   9.015e+00    3.215e+03    2.686e+00      9.000e+00    1.505e+01    6.345e-02      18.60s       13        
76   9.395e+00    4.530e+06    3.348e+00      9.000e+00    1.505e+01    6.345e-02      18.20s       13        
77   9.574e+00    3.469e+13    6.814e+01      9.000e+00    1.505e+01    6.345e-02      17.20s       13        
78   9.291e+00    2.011e+03    1.409e+03      9.000e+00    1.505e+01    6.345e-02      16.31s       13        
79   9.379e+00    7.103e+04    1.909e+02      9.000e+00    1.505e+01    6.345e-02      15.54s       13        
80   9.436e+00    3.251e+03    1.595e+02      9.000e+00    1.505e+01    6.345e-02      14.80s       14        
81   9.554e+00    1.164e+03    2.485e+00      9.000e+00    1.505e+01    4.853e-02      13.92s       14        
82   9.396e+00    3.678e+03    6.870e+01      9.000e+00    1.505e+01    4.853e-02      13.56s       14        
83   9.700e+00    6.217e+02    1.058e+01      9.000e+00    1.505e+01    4.853e-02      17.63s       14        
84   9.480e+00    6.593e+04    5.269e+02      9.000e+00    1.505e+01    4.853e-02      11.35s       14        
85   9.731e+00    7.295e+08    8.683e+01      9.000e+00    1.505e+01    4.853e-02      10.88s       14        
86   9.428e+00    1.950e+04    1.894e+00      9.000e+00    1.505e+01    4.853e-02      9.99s        14        
87   9.704e+00    9.633e+02    1.321e+02      9.000e+00    1.505e+01    4.853e-02      9.17s        14        
88   9.690e+00    9.254e+03    2.894e+00      9.000e+00    1.505e+01    4.853e-02      8.50s        14        
89   9.498e+00    1.174e+03    1.726e+02      9.000e+00    1.505e+01    4.853e-02      7.56s        14        
90   9.309e+00    5.764e+03    7.920e+00      9.000e+00    1.505e+01    4.853e-02      6.76s        14        
91   9.588e+00    3.825e+03    2.648e+00      9.000e+00    1.505e+01    4.853e-02      6.02s        14        
92   9.771e+00    1.968e+04    4.032e+05      9.000e+00    1.505e+01    4.853e-02      5.23s        14        
93   9.338e+00    4.968e+05    8.031e+01      9.000e+00    1.505e+01    4.853e-02      4.48s        14        
94   9.488e+00    3.230e+06    1.719e+00      9.000e+00    1.505e+01    4.853e-02      3.83s        14        
95   9.269e+00    8.211e+02    4.866e+00      9.000e+00    1.505e+01    4.853e-02      3.02s        14        
96   9.291e+00    1.255e+04    2.980e+00      9.000e+00    1.505e+01    4.853e-02      2.24s        14        
97   9.500e+00    1.062e+05    4.324e+01      9.000e+00    1.505e+01    4.853e-02      2.13s        14        
98   9.761e+00    7.657e+03    6.930e+01      9.000e+00    1.505e+01    4.853e-02      0.80s        14        
99   9.852e+00    1.222e+05    1.523e+01      9.000e+00    1.505e+01    4.853e-02      0.00s        14        
100  9.561e+00    1.439e+09    2.236e+01      9.000e+00    1.505e+01    4.853e-02      19.35s       14        
101  9.459e+00    2.380e+06    3.319e+00      9.000e+00    1.505e+01    4.853e-02      17.49s       14        
102  9.672e+00    6.033e+02    2.997e+00      9.000e+00    1.505e+01    4.853e-02      17.20s       14        
103  9.394e+00    1.759e+03    1.985e+02      9.000e+00    1.505e+01    4.853e-02      16.05s       14        
104  9.806e+00    1.299e+04    6.412e+01      9.000e+00    1.505e+01    4.853e-02      15.41s       14        
105  9.230e+00    1.838e+03    9.011e+00      9.000e+00    1.505e+01    4.853e-02      14.49s       14        
106  9.182e+00    8.677e+03    3.843e+00      9.000e+00    1.505e+01    4.853e-02      14.02s       14        
107  9.581e+00    1.160e+06    8.717e+01      9.000e+00    1.505e+01    4.853e-02      13.20s       14        
108  9.688e+00    7.894e+07    4.648e+01      9.000e+00    1.505e+01    4.853e-02      12.45s       14        
109  9.604e+00    5.342e+08    2.913e+00      9.000e+00    1.505e+01    4.853e-02      11.85s       14        
110  9.556e+00    1.422e+04    6.431e+01      9.000e+00    1.505e+01    4.853e-02      15.40s       14        
111  9.408e+00    1.767e+04    2.445e+05      9.000e+00    1.505e+01    4.853e-02      10.14s       14        
112  9.250e+00    6.728e+08    4.695e+01      9.000e+00    1.505e+01    4.853e-02      9.27s        14        
113  9.531e+00    3.743e+02    3.154e+00      9.000e+00    1.505e+01    4.853e-02      8.51s        14        
114  9.261e+00    1.665e+04    4.429e+00      9.000e+00    1.505e+01    4.853e-02      7.70s        14        
115  9.523e+00    6.891e+07    2.621e+00      9.000e+00    1.505e+01    4.853e-02      6.87s        14        
116  9.566e+00    1.506e+06    5.316e+00      9.000e+00    1.505e+01    4.853e-02      6.19s        14        
117  9.049e+00    1.982e+02    1.881e+03      9.000e+00    1.505e+01    4.853e-02      5.33s        14        
118  9.744e+00    2.858e+03    4.646e+01      9.000e+00    1.505e+01    4.853e-02      4.51s        14        
119  9.666e+00    1.251e+11    3.042e+00      9.000e+00    1.505e+01    4.853e-02      3.80s        14        
120  9.171e+00    2.347e+06    1.414e+00      9.000e+00    1.505e+01    4.853e-02      3.00s        14        
121  9.560e+00    4.067e+04    6.190e+01      9.000e+00    1.505e+01    4.853e-02      2.30s        14        
122  9.428e+00    1.473e+03    8.091e+01      9.000e+00    1.505e+01    4.853e-02      1.53s        14        
123  9.425e+00    5.961e+03    1.320e+01      9.000e+00    1.505e+01    4.853e-02      1.13s        14        
124  9.410e+00    2.642e+04    8.825e+00      9.000e+00    1.505e+01    4.853e-02      0.00s        14        
125  9.467e+00    8.519e+05    1.137e+02      9.000e+00    1.505e+01    4.853e-02      18.52s       14        
126  9.401e+00    4.247e+03    7.863e+01      9.000e+00    1.505e+01    4.853e-02      17.59s       14        
127  9.695e+00    2.769e+05    8.316e+00      9.000e+00    1.505e+01    4.853e-02      16.76s       14        
128  9.686e+00    5.053e+09    4.040e+05      9.000e+00    1.505e+01    4.853e-02      15.99s       14        
129  9.949e+00    1.740e+04    3.505e+05      9.000e+00    1.505e+01    4.853e-02      15.73s       14        
130  9.422e+00    4.464e+03    3.025e+01      9.000e+00    1.505e+01    4.853e-02      14.54s       14        
131  9.460e+00    5.843e+03    4.816e+00      9.000e+00    1.505e+01    4.853e-02      13.95s       14        
132  9.401e+00    2.260e+02    3.253e+01      9.000e+00    1.505e+01    4.853e-02      13.14s       14        
133  9.398e+00    1.031e+05    5.660e+00      9.000e+00    1.505e+01    4.853e-02      12.05s       14        
134  9.536e+00    1.529e+06    5.135e+06      9.000e+00    1.505e+01    4.853e-02      11.38s       14        
135  9.636e+00    5.659e+06    4.039e+05      9.000e+00    1.505e+01    4.853e-02      10.27s       14        
136  9.398e+00    5.521e+04    1.084e+02      9.000e+00    1.505e+01    4.853e-02      9.57s        14        
137  9.349e+00    6.295e+03    4.685e+02      9.000e+00    1.505e+01    4.853e-02      13.50s       14        
138  9.393e+00    9.764e+03    1.470e+00      9.000e+00    1.505e+01    4.853e-02      8.27s        14        
139  9.875e+00    1.322e+10    5.162e+01      9.000e+00    1.505e+01    4.853e-02      7.58s        14        
140  9.735e+00    4.399e+03    4.144e+01      9.000e+00    1.505e+01    4.853e-02      6.93s        14        
141  9.619e+00    5.375e+02    3.690e+01      9.000e+00    1.505e+01    4.853e-02      5.98s        14        
142  9.520e+00    3.798e+15    1.106e+01      9.000e+00    1.505e+01    4.853e-02      5.25s        14        
143  9.375e+00    2.044e+03    3.144e+04      9.000e+00    1.505e+01    4.853e-02      4.49s        14        
144  9.230e+00    7.873e+02    2.313e+01      9.000e+00    1.505e+01    4.853e-02      3.87s        14        
145  9.706e+00    9.077e+04    6.775e+01      9.000e+00    1.505e+01    4.853e-02      3.10s        14        
146  9.305e+00    2.764e+03    2.894e+02      9.000e+00    1.505e+01    4.853e-02      2.23s        14        
147  9.467e+00    8.753e+05    1.210e+01      9.000e+00    1.505e+01    4.853e-02      1.49s        14        
148  9.531e+00    2.542e+03    1.497e+01      9.000e+00    1.505e+01    4.853e-02      0.73s        14        
149  9.255e+00    5.057e+04    3.162e+00      9.000e+00    1.505e+01    4.853e-02      0.00s        14        
150  9.398e+00    9.714e+03    4.229e+01      9.000e+00    1.505e+01    4.853e-02      27.03s       14        
151  9.509e+00    9.727e+02    5.806e+00      9.000e+00    1.505e+01    4.853e-02      17.79s       14        
152  9.496e+00    5.902e+03    8.288e+00      9.000e+00    1.505e+01    4.853e-02      16.76s       14        
153  9.055e+00    1.541e+04    1.743e+00      9.000e+00    1.505e+01    4.853e-02      15.72s       14        
154  9.610e+00    4.483e+05    7.430e+00      9.000e+00    1.505e+01    4.853e-02      15.14s       14        
155  9.649e+00    1.372e+03    3.066e+02      9.000e+00    1.505e+01    4.853e-02      14.55s       14        
156  9.315e+00    4.215e+03    1.687e+02      9.000e+00    1.505e+01    4.853e-02      14.32s       14        
157  9.406e+00    8.794e+04    1.876e+02      9.000e+00    1.505e+01    4.853e-02      13.35s       14        
158  9.678e+00    2.871e+04    8.283e+01      9.000e+00    1.505e+01    4.853e-02      11.99s       14        
159  9.429e+00    4.495e+03    5.470e+01      9.000e+00    1.505e+01    4.853e-02      11.84s       14        
160  9.570e+00    1.335e+06    2.660e+00      9.000e+00    1.505e+01    4.853e-02      10.61s       14        
161  9.370e+00    3.069e+05    5.611e+04      9.000e+00    1.505e+01    4.853e-02      9.97s        14        
162  9.894e+00    2.515e+03    6.678e+01      9.000e+00    1.505e+01    4.853e-02      9.23s        14        
163  9.916e+00    2.917e+05    1.242e+01      9.000e+00    1.505e+01    4.853e-02      8.71s        14        
164  9.516e+00    2.718e+03    7.903e+00      9.000e+00    1.505e+01    4.853e-02      11.00s       14        
165  9.655e+00    4.622e+03    4.379e+01      9.000e+00    1.505e+01    4.853e-02      6.98s        14        
166  9.575e+00    2.353e+04    3.266e+00      9.000e+00    1.505e+01    4.853e-02      6.12s        14        
167  9.508e+00    3.076e+03    2.873e+01      9.000e+00    1.505e+01    4.853e-02      5.35s        14        
168  9.342e+00    1.139e+04    1.894e+00      9.000e+00    1.505e+01    4.853e-02      4.62s        14        
169  9.885e+00    1.780e+11    1.496e+01      9.000e+00    1.505e+01    4.853e-02      4.02s        14        
170  9.666e+00    5.930e+03    6.940e+01      9.000e+00    1.505e+01    4.853e-02      3.07s        14        
171  9.404e+00    5.892e+05    4.766e+01      9.000e+00    1.505e+01    4.853e-02      2.31s        14        
172  9.361e+00    5.053e+05    1.001e+03      9.000e+00    1.505e+01    4.853e-02      1.53s        14        
173  9.491e+00    1.544e+09    2.902e+02      9.000e+00    1.505e+01    4.853e-02      0.77s        14        
174  9.394e+00    4.492e+06    2.914e+01      9.000e+00    1.505e+01    4.853e-02      0.00s        14        
175  9.748e+00    1.191e+04    1.998e+02      9.000e+00    1.505e+01    4.853e-02      17.93s       14        
176  9.639e+00    5.085e+04    3.681e+00      9.000e+00    1.505e+01    4.853e-02      18.01s       14        
177  9.475e+00    2.788e+13    2.304e+02      9.000e+00    1.505e+01    4.853e-02      24.24s       14        
178  9.289e+00    9.549e+04    4.012e+00      9.000e+00    1.505e+01    4.853e-02      16.05s       14        
179  9.797e+00    1.517e+03    6.110e+04      9.000e+00    1.505e+01    4.853e-02      15.41s       14        
180  9.325e+00    1.630e+04    4.319e+00      9.000e+00    1.505e+01    4.853e-02      14.39s       14        
181  9.547e+00    8.506e+08    3.064e+05      9.000e+00    1.505e+01    4.853e-02      13.67s       14        
182  9.363e+00    8.924e+02    1.747e+02      9.000e+00    1.505e+01    4.853e-02      13.22s       14        
183  9.780e+00    1.402e+08    9.146e+00      9.000e+00    1.505e+01    4.853e-02      12.20s       14        
184  9.643e+00    3.103e+07    6.389e+01      9.000e+00    1.505e+01    4.853e-02      11.49s       14        
185  9.240e+00    8.095e+02    3.665e+05      9.000e+00    1.505e+01    4.853e-02      10.58s       14        
186  9.685e+00    1.338e+03    8.995e+00      9.000e+00    1.505e+01    4.853e-02      9.88s        14        
187  9.426e+00    4.140e+04    4.232e+01      9.000e+00    1.505e+01    4.853e-02      9.19s        14        
188  9.506e+00    2.828e+02    1.384e+03      9.000e+00    1.505e+01    4.853e-02      8.55s        14        
189  9.373e+00    4.778e+07    5.789e+00      9.000e+00    1.505e+01    4.853e-02      7.59s        14        
190  9.625e+00    3.871e+05    2.644e+02      9.000e+00    1.505e+01    4.853e-02      6.84s        14        
191  9.035e+00    1.732e+03    1.313e+02      9.000e+00    1.505e+01    4.853e-02      9.00s        14        
192  9.664e+00    7.215e+04    1.692e+02      9.000e+00    1.505e+01    4.853e-02      5.39s        14        
193  9.277e+00    6.111e+03    6.462e+00      9.000e+00    1.505e+01    4.853e-02      4.76s        14        
194  9.598e+00    2.781e+06    3.774e+00      9.000e+00    1.505e+01    4.853e-02      3.98s        14        
195  9.159e+00    3.848e+03    6.549e+00      9.000e+00    1.505e+01    4.853e-02      3.02s        14        
196  9.740e+00    9.042e+08    8.939e+02      9.000e+00    1.505e+01    4.853e-02      2.25s        14        
197  9.509e+00    4.665e+04    1.536e+02      9.000e+00    1.505e+01    4.853e-02      1.51s        14        
198  9.340e+00    1.449e+04    5.493e+02      9.000e+00    1.505e+01    4.853e-02      0.75s        14        
199  9.607e+00    3.892e+04    6.233e+00      9.000e+00    1.505e+01    4.853e-02      0.00s        14        
200  9.564e+00    9.678e+02    9.050e+00      9.000e+00    1.505e+01    4.853e-02      18.29s       14        
201  9.631e+00    1.523e+03    2.528e+00      9.000e+00    1.505e+01    4.853e-02      17.66s       14        
202  9.544e+00    2.992e+05    1.700e+01      9.000e+00    1.505e+01    4.853e-02      16.76s       14        
203  9.309e+00    6.446e+02    3.222e+00      9.000e+00    1.505e+01    4.853e-02      15.85s       14        
204  9.518e+00    9.170e+04    1.143e+00      9.000e+00    1.505e+01    4.853e-02      22.42s       14        
205  9.543e+00    9.743e+06    2.380e+00      9.000e+00    1.505e+01    4.853e-02      14.47s       14        
206  9.645e+00    1.801e+05    1.234e+02      9.000e+00    1.505e+01    4.853e-02      14.14s       14        
207  9.509e+00    1.346e+03    1.095e+01      9.000e+00    1.505e+01    4.853e-02      12.86s       14        
208  9.214e+00    6.182e+02    1.812e+01      9.000e+00    1.505e+01    4.853e-02      12.52s       14        
209  9.332e+00    7.707e+05    2.299e+00      9.000e+00    1.505e+01    4.853e-02      11.36s       14        
210  9.729e+00    1.523e+04    8.482e+00      9.000e+00    1.505e+01    4.853e-02      10.61s       14        
211  9.633e+00    8.085e+04    4.461e+00      9.000e+00    1.505e+01    4.853e-02      9.95s        14        
212  9.626e+00    8.630e+06    4.126e+01      9.000e+00    1.505e+01    4.853e-02      9.00s        14        
213  9.530e+00    1.912e+07    1.521e+02      9.000e+00    1.505e+01    4.853e-02      8.35s        14        
214  9.529e+00    2.421e+04    1.064e+02      9.000e+00    1.505e+01    4.853e-02      7.63s        14        
215  9.814e+00    1.281e+07    1.345e+01      9.000e+00    1.505e+01    4.853e-02      6.85s        14        
216  9.840e+00    1.313e+05    7.172e+01      9.000e+00    1.505e+01    4.853e-02      6.20s        14        
217  9.690e+00    3.838e+06    9.640e+01      9.000e+00    1.505e+01    4.853e-02      5.35s        14        
218  9.738e+00    1.722e+05    4.815e+00      9.000e+00    1.505e+01    4.853e-02      6.63s        14        
219  9.289e+00    3.037e+05    6.957e+01      9.000e+00    1.505e+01    4.853e-02      3.86s        14        
220  9.875e+00    3.059e+06    1.403e+01      9.000e+00    1.505e+01    4.853e-02      3.08s        14        
221  9.530e+00    3.060e+05    4.602e+01      9.000e+00    1.505e+01    4.853e-02      2.29s        14        
222  9.720e+00    5.715e+03    5.689e+00      9.000e+00    1.505e+01    4.853e-02      1.54s        14        
223  9.342e+00    1.221e+05    1.946e+02      9.000e+00    1.505e+01    4.853e-02      0.77s        14        
224  9.432e+00    1.568e+09    4.916e+00      9.000e+00    1.505e+01    4.853e-02      0.00s        14        
225  9.749e+00    1.332e+05    3.493e+02      9.000e+00    1.505e+01    4.853e-02      18.68s       14        
226  9.379e+00    8.708e+03    3.830e+01      9.000e+00    1.505e+01    4.853e-02      17.72s       14        
227  9.584e+00    6.462e+05    7.127e+03      9.000e+00    1.505e+01    4.853e-02      16.56s       14        
228  9.637e+00    1.696e+03    4.352e+01      9.000e+00    1.505e+01    4.853e-02      16.01s       14        
229  9.414e+00    1.294e+02    1.010e+01      9.000e+00    1.505e+01    4.853e-02      15.34s       14        
230  9.189e+00    1.366e+02    4.987e+02      9.000e+00    1.505e+01    4.853e-02      14.27s       14        
231  9.226e+00    9.977e+02    1.940e+04      9.000e+00    1.505e+01    4.853e-02      20.29s       14        
232  9.726e+00    6.433e+05    3.963e+00      9.000e+00    1.505e+01    4.853e-02      13.03s       14        
233  9.719e+00    3.526e+04    2.329e+00      9.000e+00    1.505e+01    4.853e-02      12.44s       14        
234  9.366e+00    1.587e+04    3.233e+01      9.000e+00    1.505e+01    4.853e-02      11.47s       14        
235  9.920e+00    5.653e+06    1.976e+01      9.000e+00    1.505e+01    4.853e-02      10.92s       14        
236  9.518e+00    4.042e+02    6.061e+00      9.000e+00    1.505e+01    4.853e-02      10.00s       14        
237  9.660e+00    1.495e+05    2.742e+01      9.000e+00    1.505e+01    4.853e-02      9.46s        14        
238  9.270e+00    1.072e+04    8.062e+04      9.000e+00    1.505e+01    4.853e-02      8.43s        14        
239  9.689e+00    6.548e+04    8.813e+00      9.000e+00    1.505e+01    4.853e-02      7.66s        14        
240  9.596e+00    1.373e+06    1.008e+03      9.000e+00    1.505e+01    4.853e-02      6.89s        14        
241  9.661e+00    2.026e+03    9.477e+00      9.000e+00    1.505e+01    4.853e-02      6.17s        14        
242  9.293e+00    4.933e+02    4.674e+03      9.000e+00    1.505e+01    4.853e-02      5.29s        14        
243  9.636e+00    3.752e+03    1.244e+04      9.000e+00    1.505e+01    4.853e-02      4.57s        14        
244  9.256e+00    3.011e+07    2.010e+02      9.000e+00    1.505e+01    4.853e-02      3.78s        14        
245  9.331e+00    8.009e+02    3.239e+00      9.000e+00    1.505e+01    4.853e-02      4.28s        14        
246  9.535e+00    1.415e+04    2.773e+00      9.000e+00    1.505e+01    4.853e-02      2.26s        14        
247  9.588e+00    2.595e+02    3.647e+01      9.000e+00    1.505e+01    4.853e-02      1.52s        14        
248  9.700e+00    4.547e+02    4.914e+00      9.000e+00    1.505e+01    4.853e-02      0.75s        14        
249  9.689e+00    3.071e+03    1.168e+01      9.000e+00    1.505e+01    4.853e-02      0.00s        14        
250  9.311e+00    9.284e+03    6.106e+00      9.000e+00    1.505e+01    4.853e-02      18.74s       14        
251  9.576e+00    1.313e+04    5.541e+00      9.000e+00    1.505e+01    4.853e-02      17.48s       14        
252  9.705e+00    4.093e+06    1.046e+02      9.000e+00    1.505e+01    4.853e-02      17.14s       14        
253  9.911e+00    2.063e+08    7.669e+00      9.000e+00    1.505e+01    4.853e-02      16.43s       14        
254  9.668e+00    5.329e+03    1.782e+02      9.000e+00    1.505e+01    4.853e-02      15.51s       14        
255  9.648e+00    6.418e+10    1.360e+02      9.000e+00    1.505e+01    4.853e-02      14.41s       14        
256  9.505e+00    1.466e+02    4.006e+01      9.000e+00    1.505e+01    4.853e-02      14.16s       14        
257  9.805e+00    5.376e+05    3.739e+01      9.000e+00    1.505e+01    4.853e-02      13.01s       14        
258  9.440e+00    4.284e+05    1.144e+02      9.000e+00    1.505e+01    4.853e-02      12.32s       14        
259  9.775e+00    6.806e+03    6.298e+01      9.000e+00    1.505e+01    4.853e-02      11.44s       14        
260  9.482e+00    4.535e+06    5.445e+01      9.000e+00    1.505e+01    4.853e-02      15.62s       14        
261  9.745e+00    4.061e+04    8.346e+02      9.000e+00    1.505e+01    4.853e-02      10.09s       14        
262  9.498e+00    7.928e+04    1.706e+01      9.000e+00    1.505e+01    4.853e-02      9.24s        14        
263  9.824e+00    4.514e+09    1.987e+02      9.000e+00    1.505e+01    4.853e-02      8.67s        14        
264  9.117e+00    1.767e+02    1.979e+00      9.000e+00    1.505e+01    4.853e-02      7.53s        14        
265  9.377e+00    3.102e+03    6.924e+00      9.000e+00    1.505e+01    4.853e-02      6.76s        14        
266  9.375e+00    3.082e+04    2.338e+02      9.000e+00    1.505e+01    4.853e-02      6.07s        14        
267  9.357e+00    5.582e+07    8.479e+01      9.000e+00    1.505e+01    4.853e-02      5.18s        14        
268  9.514e+00    2.683e+05    1.057e+02      9.000e+00    1.505e+01    4.853e-02      4.45s        14        
269  9.466e+00    2.677e+03    4.330e+04      9.000e+00    1.505e+01    4.853e-02      3.83s        14        
270  9.408e+00    1.304e+04    1.723e+02      9.000e+00    1.505e+01    4.853e-02      2.98s        14        
271  9.320e+00    3.370e+02    7.060e+00      9.000e+00    1.505e+01    4.853e-02      2.24s        14        
272  9.476e+00    1.758e+03    6.762e+00      9.000e+00    1.505e+01    4.853e-02      1.50s        14        
273  9.625e+00    9.762e+05    1.466e+01      9.000e+00    1.505e+01    4.853e-02      1.06s        14        
274  9.297e+00    8.726e+01    5.502e+00      9.000e+00    1.505e+01    4.853e-02      0.00s        14        
275  9.393e+00    4.471e+04    1.455e+00      9.000e+00    1.505e+01    4.853e-02      18.04s       14        
276  9.509e+00    6.611e+02    3.665e+05      9.000e+00    1.505e+01    4.853e-02      17.50s       14        
277  9.726e+00    1.465e+07    9.212e+01      9.000e+00    1.505e+01    4.853e-02      16.71s       14        
278  9.510e+00    1.208e+04    2.384e+00      9.000e+00    1.505e+01    4.853e-02      15.79s       14        
279  9.650e+00    4.048e+06    1.456e+01      9.000e+00    1.505e+01    4.853e-02      15.65s       14        
280  9.605e+00    7.559e+02    4.991e+00      9.000e+00    1.505e+01    4.853e-02      14.57s       14        
281  9.589e+00    1.234e+03    1.277e+00      9.000e+00    1.505e+01    4.853e-02      13.70s       14        
282  8.966e+00    1.587e+02    3.808e+00      9.000e+00    1.505e+01    4.853e-02      13.24s       14        
283  9.391e+00    2.435e+11    3.244e+00      9.000e+00    1.505e+01    4.853e-02      12.03s       14        
284  9.439e+00    2.230e+03    8.898e+02      9.000e+00    1.505e+01    4.853e-02      11.82s       14        
285  9.800e+00    1.766e+03    2.751e+01      9.000e+00    1.505e+01    4.853e-02      10.64s       14        
286  9.447e+00    1.094e+04    6.941e+01      9.000e+00    1.505e+01    4.853e-02      9.71s        14        
287  9.595e+00    1.469e+08    1.035e+01      9.000e+00    1.505e+01    4.853e-02      12.92s       14        
288  9.877e+00    4.882e+06    2.520e+00      9.000e+00    1.505e+01    4.853e-02      8.48s        15        
289  9.727e+00    7.943e+07    2.862e+02      9.000e+00    1.505e+01    4.853e-02      7.90s        15        
290  9.671e+00    1.653e+03    7.261e+00      9.000e+00    1.505e+01    4.853e-02      7.06s        15        
291  9.661e+00    1.622e+06    1.100e+01      9.000e+00    1.505e+01    4.853e-02      6.23s        15        
292  9.682e+00    1.670e+03    1.937e+02      9.000e+00    1.505e+01    4.853e-02      5.41s        15        
293  9.581e+00    1.322e+03    2.836e+00      9.000e+00    1.505e+01    4.853e-02      4.63s        15        
294  9.680e+00    1.529e+04    1.837e+00      9.000e+00    1.505e+01    4.853e-02      3.87s        15        
295  9.678e+00    1.283e+04    3.348e+00      9.000e+00    1.505e+01    4.853e-02      3.09s        15        
296  9.195e+00    5.945e+03    1.682e+03      9.000e+00    1.505e+01    4.853e-02      2.28s        15        
297  9.270e+00    5.818e+02    1.093e+01      9.000e+00    1.505e+01    4.853e-02      1.55s        15        
298  9.759e+00    6.910e+02    9.026e+04      9.000e+00    1.505e+01    4.853e-02      0.77s        15        
299  9.681e+00    1.687e+05    1.413e+02      9.000e+00    1.505e+01    4.853e-02      0.00s        15        
300  9.861e+00    5.338e+04    7.281e+00      9.000e+00    1.505e+01    4.853e-02      18.98s       15        
301  9.829e+00    2.734e+05    9.423e+02      9.000e+00    1.505e+01    4.853e-02      17.20s       15        
302  9.690e+00    4.466e+06    1.081e+03      9.000e+00    1.505e+01    4.853e-02      24.49s       15        
303  9.686e+00    1.357e+03    9.321e+01      9.000e+00    1.505e+01    4.853e-02      15.72s       15        
304  9.459e+00    1.097e+03    6.909e+00      9.000e+00    1.505e+01    4.853e-02      15.73s       15        
305  9.345e+00    4.593e+04    2.183e+02      9.000e+00    1.505e+01    4.853e-02      14.28s       15        
306  9.678e+00    1.115e+05    6.664e+01      9.000e+00    1.505e+01    4.853e-02      14.01s       15        
307  9.495e+00    6.830e+03    2.211e+03      9.000e+00    1.505e+01    4.853e-02      13.05s       15        
308  9.734e+00    8.748e+05    3.500e+02      9.000e+00    1.505e+01    4.853e-02      12.30s       15        
309  9.180e+00    9.516e+04    4.728e+01      9.000e+00    1.505e+01    4.853e-02      11.28s       15        
310  9.508e+00    1.959e+02    2.999e+03      9.000e+00    1.505e+01    4.853e-02      10.55s       15        
311  9.351e+00    8.529e+04    3.701e+00      9.000e+00    1.505e+01    4.853e-02      10.26s       15        
312  9.396e+00    9.444e+06    4.587e+00      9.000e+00    1.505e+01    4.853e-02      9.23s        15        
313  9.377e+00    5.799e+03    4.342e+01      9.000e+00    1.505e+01    4.853e-02      8.47s        15        
314  9.509e+00    5.303e+06    3.031e+05      9.000e+00    1.505e+01    4.853e-02      7.55s        15        
315  9.826e+00    2.234e+04    7.334e+00      9.000e+00    1.505e+01    4.853e-02      6.87s        15        
316  9.251e+00    3.452e+02    4.599e+00      9.000e+00    1.505e+01    4.853e-02      8.97s        15        
317  9.649e+00    2.207e+05    1.817e+02      9.000e+00    1.505e+01    4.853e-02      5.53s        15        
318  9.373e+00    2.494e+03    2.850e+01      9.000e+00    1.505e+01    4.853e-02      4.69s        15        
319  9.822e+00    3.657e+05    7.286e+00      9.000e+00    1.505e+01    4.853e-02      3.93s        15        
320  9.582e+00    1.786e+03    1.631e+02      9.000e+00    1.505e+01    4.853e-02      3.17s        15        
321  9.607e+00    3.568e+04    1.688e+00      9.000e+00    1.505e+01    4.853e-02      2.42s        15        
322  9.848e+00    2.391e+03    3.417e+00      9.000e+00    1.505e+01    4.853e-02      1.55s        15        
323  9.630e+00    1.736e+04    4.576e+01      9.000e+00    1.505e+01    4.853e-02      0.77s        15        
324  9.523e+00    1.563e+06    1.462e+01      9.000e+00    1.505e+01    4.853e-02      0.00s        15        
325  9.732e+00    6.302e+04    7.420e+00      9.000e+00    1.505e+01    4.853e-02      18.77s       15        
326  9.785e+00    8.279e+04    3.470e+02      9.000e+00    1.505e+01    4.853e-02      17.67s       15        
327  9.363e+00    1.239e+06    1.937e+01      9.000e+00    1.505e+01    4.853e-02      17.37s       15        
328  1.001e+01    1.759e+06    2.301e+01      9.000e+00    1.505e+01    4.853e-02      16.36s       15        
329  9.755e+00    1.592e+04    3.497e+00      9.000e+00    1.505e+01    4.853e-02      15.60s       15        
330  9.662e+00    3.776e+04    5.394e+00      9.000e+00    1.505e+01    4.853e-02      21.33s       15        
331  9.691e+00    2.231e+09    4.645e+00      9.000e+00    1.505e+01    4.853e-02      14.26s       15        
332  9.727e+00    3.794e+03    6.975e+01      9.000e+00    1.505e+01    4.853e-02      13.36s       15        
333  9.422e+00    1.286e+03    2.939e+00      9.000e+00    1.505e+01    4.853e-02      12.47s       15        
334  9.494e+00    1.847e+03    3.086e+01      9.000e+00    1.505e+01    4.853e-02      11.69s       15        
335  9.429e+00    4.079e+08    2.506e+00      9.000e+00    1.878e+01    4.814e-02      10.85s       16        
336  9.724e+00    6.749e+05    1.772e+01      9.000e+00    1.878e+01    4.814e-02      9.99s        16        
337  9.602e+00    3.306e+02    6.964e+00      9.000e+00    1.878e+01    4.814e-02      9.26s        16        
338  9.489e+00    1.078e+05    3.709e+05      9.000e+00    1.878e+01    4.814e-02      8.68s        16        
339  9.515e+00    1.870e+05    3.659e+00      9.000e+00    1.878e+01    4.814e-02      7.69s        16        
340  9.275e+00    5.443e+02    3.911e+00      9.000e+00    1.878e+01    4.814e-02      7.02s        16        
341  9.775e+00    8.094e+11    1.010e+02      9.000e+00    1.878e+01    4.814e-02      6.34s        16        
342  9.648e+00    9.436e+02    7.707e+01      9.000e+00    1.878e+01    4.814e-02      5.45s        16        
343  9.543e+00    8.523e+02    5.008e+03      9.000e+00    1.878e+01    4.814e-02      4.73s        16        
344  9.396e+00    9.949e+04    4.042e+01      9.000e+00    1.878e+01    4.814e-02      5.65s        16        
345  9.861e+00    2.311e+06    7.169e+00      9.000e+00    1.878e+01    4.814e-02      3.19s        16        
346  9.527e+00    9.025e+03    1.293e+05      9.000e+00    1.878e+01    4.814e-02      2.35s        16        
347  9.623e+00    1.842e+07    4.830e+00      9.000e+00    1.878e+01    4.814e-02      1.58s        16        
348  9.501e+00    9.774e+02    8.332e+01      9.000e+00    1.878e+01    4.814e-02      0.77s        16        
349  9.335e+00    3.778e+04    1.836e+02      9.000e+00    1.878e+01    4.814e-02      0.00s        16        
350  9.425e+00    1.849e+02    1.274e+05      9.000e+00    1.878e+01    4.600e-02      19.26s       16        
351  9.643e+00    1.817e+03    7.200e+01      9.000e+00    1.878e+01    4.600e-02      17.74s       16        
352  9.341e+00    5.400e+09    2.004e+01      9.000e+00    1.878e+01    4.600e-02      17.18s       16        
353  1.003e+01    6.560e+08    2.604e+01      9.000e+00    1.878e+01    4.600e-02      16.40s       16        
354  1.007e+01    2.905e+04    7.410e+00      9.000e+00    1.878e+01    4.600e-02      15.79s       16        
355  9.496e+00    2.344e+04    8.065e+01      9.000e+00    1.878e+01    4.600e-02      14.86s       16        
356  9.705e+00    8.606e+01    1.834e+02      9.000e+00    1.878e+01    4.600e-02      14.02s       16        
357  9.549e+00    2.741e+05    7.886e+00      9.000e+00    1.878e+01    4.600e-02      13.31s       16        
358  9.505e+00    4.558e+02    3.160e+00      9.000e+00    1.878e+01    4.600e-02      17.36s       16        
359  9.636e+00    1.840e+02    2.817e+00      9.000e+00    1.878e+01    4.600e-02      12.05s       16        
360  9.370e+00    2.193e+03    2.834e+00      9.000e+00    1.878e+01    4.600e-02      10.74s       16        
361  9.562e+00    3.295e+05    7.095e+01      9.000e+00    1.878e+01    4.600e-02      10.08s       16        
362  9.588e+00    1.529e+06    5.620e+01      9.000e+00    1.878e+01    4.600e-02      9.49s        16        
363  9.527e+00    8.184e+03    3.466e+00      9.000e+00    1.878e+01    4.600e-02      8.49s        16        
364  9.693e+00    1.213e+04    1.949e+01      9.000e+00    1.878e+01    4.600e-02      7.76s        16        
365  9.794e+00    7.964e+04    1.390e+02      9.000e+00    1.878e+01    4.600e-02      6.96s        16        
366  9.780e+00    8.592e+08    2.107e+05      9.000e+00    1.878e+01    4.600e-02      6.18s        16        
367  9.611e+00    2.391e+06    1.003e+01      9.000e+00    1.878e+01    4.600e-02      5.34s        16        
368  9.346e+00    3.154e+04    4.038e+05      9.000e+00    1.878e+01    4.600e-02      4.70s        16        
369  9.490e+00    2.875e+03    1.512e+00      9.000e+00    1.878e+01    4.600e-02      3.74s        16        
370  9.707e+00    3.923e+08    2.010e+02      9.000e+00    1.878e+01    4.600e-02      3.10s        16        
371  9.526e+00    4.283e+03    1.699e+01      9.000e+00    1.878e+01    4.600e-02      2.33s        16        
372  9.751e+00    2.058e+03    3.666e+05      9.000e+00    1.878e+01    4.600e-02      2.29s        16        
373  9.569e+00    1.441e+06    6.035e+01      9.000e+00    1.878e+01    4.600e-02      0.78s        16        
374  9.572e+00    7.909e+03    8.818e+00      9.000e+00    1.878e+01    4.600e-02      0.00s        16        
375  9.396e+00    2.729e+03    2.414e+02      9.000e+00    1.878e+01    4.600e-02      18.58s       16        
376  9.589e+00    1.797e+05    9.876e+01      9.000e+00    1.878e+01    4.600e-02      17.99s       16        
377  9.884e+00    2.187e+03    1.693e+02      9.000e+00    1.878e+01    4.600e-02      17.12s       16        
378  9.744e+00    2.617e+07    4.564e+01      9.000e+00    1.878e+01    4.600e-02      16.11s       16        
379  9.919e+00    2.217e+03    2.212e+00      9.000e+00    1.878e+01    4.600e-02      15.49s       16        
380  9.685e+00    5.696e+06    1.260e+01      9.000e+00    1.878e+01    4.600e-02      14.91s       16        
381  9.627e+00    1.107e+09    1.424e+02      9.000e+00    1.878e+01    4.600e-02      13.99s       16        
382  9.607e+00    2.829e+04    5.133e+01      9.000e+00    1.878e+01    4.600e-02      13.09s       16        
383  9.425e+00    2.469e+03    1.080e+01      9.000e+00    1.878e+01    4.600e-02      12.33s       16        
384  9.645e+00    3.668e+04    2.361e+04      9.000e+00    1.878e+01    4.600e-02      11.62s       16        
385  9.443e+00    1.783e+03    6.088e+00      9.000e+00    1.878e+01    4.600e-02      10.83s       16        
386  9.521e+00    6.533e+07    8.030e+01      9.000e+00    1.878e+01    4.600e-02      15.00s       16        
387  9.402e+00    1.915e+04    3.665e+05      9.000e+00    1.878e+01    4.600e-02      9.19s        16        
388  9.598e+00    1.015e+03    3.912e+01      9.000e+00    1.878e+01    4.600e-02      8.41s        16        
389  9.719e+00    3.718e+06    3.374e+02      9.000e+00    1.878e+01    4.600e-02      7.79s        16        
390  9.460e+00    5.119e+05    1.138e+01      9.000e+00    1.878e+01    4.600e-02      7.02s        16        
391  9.470e+00    1.304e+06    1.486e+04      1.400e+01    9.691e+01    3.636e-02      6.25s        17        
392  9.766e+00    6.998e+04    6.727e+01      9.000e+00    1.505e+01    3.372e-02      5.62s        15        
393  9.492e+00    3.517e+08    7.676e+01      9.000e+00    1.505e+01    3.372e-02      4.66s        15        
394  9.600e+00    4.457e+03    9.940e+01      9.000e+00    1.505e+01    3.372e-02      3.92s        15        
395  9.602e+00    3.082e+04    5.936e+01      9.000e+00    1.505e+01    3.372e-02      3.06s        15        
396  9.870e+00    3.607e+03    1.292e+02      9.000e+00    1.505e+01    3.372e-02      2.32s        15        
397  9.596e+00    5.059e+05    3.930e+01      9.000e+00    1.505e+01    3.372e-02      1.52s        15        
398  9.610e+00    1.245e+06    3.012e+01      9.000e+00    1.505e+01    3.372e-02      0.79s        15        
399  9.611e+00    1.081e+03    3.767e+00      9.000e+00    1.505e+01    3.372e-02      0.00s        15        
400  9.659e+00    1.773e+07    6.919e+01      9.000e+00    1.505e+01    3.372e-02      27.61s       15        
401  9.185e+00    1.648e+05    4.575e+00      9.000e+00    1.505e+01    3.372e-02      17.94s       15        
402  9.322e+00    1.015e+04    3.695e+05      9.000e+00    1.505e+01    3.372e-02      17.32s       15        
403  9.643e+00    1.468e+07    7.641e+01      9.000e+00    1.505e+01    3.372e-02      16.76s       15        
404  9.579e+00    1.438e+04    6.073e+01      9.000e+00    1.505e+01    3.372e-02      16.00s       15        
405  9.691e+00    5.307e+18    4.697e+01      9.000e+00    1.505e+01    3.372e-02      14.99s       15        
406  9.715e+00    9.738e+03    6.964e+00      9.000e+00    1.505e+01    3.372e-02      14.27s       15        
407  1.002e+01    1.420e+06    2.916e+00      9.000e+00    1.505e+01    3.372e-02      13.22s       15        
408  9.299e+00    9.126e+04    6.557e+00      9.000e+00    1.505e+01    3.372e-02      12.50s       15        
409  9.769e+00    1.366e+06    6.515e+00      9.000e+00    1.505e+01    3.372e-02      11.61s       15        
410  9.591e+00    4.563e+05    2.199e+00      9.000e+00    1.505e+01    3.372e-02      11.01s       15        
411  9.364e+00    3.034e+04    7.713e+00      9.000e+00    1.505e+01    3.372e-02      10.01s       15        
412  9.883e+00    2.945e+03    6.890e+01      9.000e+00    1.505e+01    3.372e-02      9.26s        15        
413  9.650e+00    2.815e+03    2.280e+01      9.000e+00    1.505e+01    3.372e-02      8.48s        15        
414  9.568e+00    5.021e+02    1.416e+02      9.000e+00    1.505e+01    3.372e-02      11.28s       15        
415  9.770e+00    5.295e+07    3.303e+01      9.000e+00    1.505e+01    3.372e-02      7.19s        15        
416  9.731e+00    2.645e+05    5.806e+01      9.000e+00    1.505e+01    3.372e-02      6.15s        15        
417  9.576e+00    6.055e+06    1.476e+02      9.000e+00    1.505e+01    3.372e-02      5.22s        15        
418  9.502e+00    1.200e+03    2.437e+00      9.000e+00    1.505e+01    3.372e-02      4.52s        15        
419  9.416e+00    5.747e+05    3.880e+01      9.000e+00    1.505e+01    3.372e-02      3.90s        15        
420  9.596e+00    3.340e+05    6.012e+00      9.000e+00    1.505e+01    3.372e-02      3.06s        15        
421  9.536e+00    3.678e+05    6.117e+02      9.000e+00    1.505e+01    3.372e-02      2.33s        15        
422  9.693e+00    1.014e+04    4.182e+01      9.000e+00    1.505e+01    3.372e-02      1.55s        15        
423  9.570e+00    2.658e+12    8.646e+03      9.000e+00    1.505e+01    3.372e-02      0.78s        15        
424  9.560e+00    1.931e+07    7.345e+00      9.000e+00    1.505e+01    3.372e-02      0.00s        15        
425  9.124e+00    9.771e+02    1.681e+00      9.000e+00    1.505e+01    3.351e-02      18.54s       15        
426  9.466e+00    1.473e+04    3.174e+01      9.000e+00    1.505e+01    3.351e-02      17.60s       15        
427  9.863e+00    1.405e+03    4.810e+00      9.000e+00    1.505e+01    3.351e-02      16.72s       15        
428  9.654e+00    2.334e+03    1.771e+00      9.000e+00    1.505e+01    3.351e-02      23.95s       15        
429  9.633e+00    2.404e+03    6.222e+01      9.000e+00    1.505e+01    3.351e-02      15.82s       15        
430  9.534e+00    6.454e+03    3.078e+02      9.000e+00    1.505e+01    3.351e-02      14.69s       15        
431  9.668e+00    1.356e+03    4.346e+00      9.000e+00    1.505e+01    3.351e-02      13.97s       15        
432  9.408e+00    1.503e+04    1.016e+01      9.000e+00    1.505e+01    3.351e-02      13.51s       15        
433  9.768e+00    2.070e+03    6.137e+00      9.000e+00    1.505e+01    3.351e-02      12.35s       15        
434  9.429e+00    1.540e+11    3.306e+04      9.000e+00    1.505e+01    3.351e-02      11.57s       15        
435  9.526e+00    1.554e+02    2.142e+00      9.000e+00    1.505e+01    3.351e-02      10.89s       15        
436  9.367e+00    2.297e+02    4.079e+00      9.000e+00    1.505e+01    3.351e-02      9.97s        15        
437  9.995e+00    6.480e+03    2.834e+02      9.000e+00    1.505e+01    3.351e-02      9.26s        15        
438  9.601e+00    8.444e+05    5.660e+01      9.000e+00    1.505e+01    3.351e-02      8.34s        15        
439  9.723e+00    4.650e+03    7.892e+01      9.000e+00    1.505e+01    3.351e-02      7.54s        15        
440  9.643e+00    2.300e+04    7.957e+01      9.000e+00    1.505e+01    3.351e-02      6.83s        15        
441  9.565e+00    1.245e+05    4.575e+00      9.000e+00    1.505e+01    3.351e-02      6.21s        15        
442  9.790e+00    4.667e+05    2.204e+00      9.000e+00    1.505e+01    3.351e-02      5.19s        15        
443  9.595e+00    2.009e+04    1.245e+00      9.000e+00    1.505e+01    3.351e-02      6.77s        15        
444  9.790e+00    2.110e+06    1.752e+00      9.000e+00    1.505e+01    3.351e-02      3.80s        15        
445  9.749e+00    7.317e+17    6.612e+01      9.000e+00    1.505e+01    3.351e-02      3.12s        15        
446  9.871e+00    1.148e+04    3.921e+02      9.000e+00    1.505e+01    3.351e-02      2.31s        15        
447  9.729e+00    4.845e+03    1.031e+01      9.000e+00    1.505e+01    3.351e-02      1.60s        15        
448  9.645e+00    3.726e+05    2.694e+07      9.000e+00    1.505e+01    3.351e-02      0.78s        15        
449  9.735e+00    5.609e+03    3.559e+01      9.000e+00    1.505e+01    3.351e-02      0.00s        15        
450  9.480e+00    7.867e+02    1.902e+02      9.000e+00    1.505e+01    3.351e-02      18.10s       15        
451  9.635e+00    1.253e+04    9.625e+00      9.000e+00    1.505e+01    3.351e-02      17.45s       15        
452  9.865e+00    6.070e+03    1.046e+02      9.000e+00    1.505e+01    3.351e-02      16.60s       15        
453  9.714e+00    7.722e+03    2.102e+03      9.000e+00    1.505e+01    3.351e-02      16.64s       15        
454  9.841e+00    2.347e+06    3.835e+01      9.000e+00    1.505e+01    3.351e-02      15.28s       15        
455  9.766e+00    3.980e+04    2.680e+00      9.000e+00    1.505e+01    3.351e-02      14.97s       15        
456  9.689e+00    2.097e+04    1.823e+02      9.000e+00    1.505e+01    3.351e-02      14.24s       15        
457  9.429e+00    2.145e+02    9.884e+01      9.000e+00    1.505e+01    3.351e-02      19.88s       15        
458  9.787e+00    3.960e+05    2.164e+00      9.000e+00    1.505e+01    3.351e-02      12.26s       15        
459  9.529e+00    1.709e+04    2.649e+01      9.000e+00    1.505e+01    3.351e-02      11.52s       15        
460  9.654e+00    2.618e+05    1.850e+00      9.000e+00    1.505e+01    3.351e-02      10.71s       15        
461  9.704e+00    2.501e+04    7.159e+00      9.000e+00    1.505e+01    3.351e-02      10.17s       15        
462  9.739e+00    3.300e+07    3.289e+02      9.000e+00    1.505e+01    3.351e-02      9.30s        15        
463  9.955e+00    1.375e+04    9.420e+00      9.000e+00    1.505e+01    3.351e-02      8.75s        15        
464  9.680e+00    1.222e+05    9.196e+10      9.000e+00    1.505e+01    3.351e-02      7.72s        15        
465  9.787e+00    6.403e+04    2.072e+02      9.000e+00    1.505e+01    3.351e-02      7.14s        15        
466  9.584e+00    2.723e+06    4.218e+01      9.000e+00    1.505e+01    3.351e-02      6.16s        15        
467  9.639e+00    9.553e+22    8.216e+05      9.000e+00    1.505e+01    3.351e-02      5.32s        15        
468  9.635e+00    8.126e+04    1.184e+01      9.000e+00    1.505e+01    3.351e-02      4.69s        15        
469  9.619e+00    3.808e+04    1.190e+03      9.000e+00    1.505e+01    3.351e-02      3.75s        15        
470  9.489e+00    3.200e+08    2.725e+03      9.000e+00    1.505e+01    3.351e-02      3.12s        15        
471  9.863e+00    2.486e+05    8.008e+01      9.000e+00    1.505e+01    3.351e-02      3.54s        15        
472  9.639e+00    2.604e+05    9.696e+00      9.000e+00    1.505e+01    3.351e-02      1.54s        15        
473  9.582e+00    2.461e+05    4.994e+00      9.000e+00    1.505e+01    3.351e-02      0.77s        15        
474  9.475e+00    6.511e+05    2.312e+02      9.000e+00    1.505e+01    3.351e-02      0.00s        15        
475  1.008e+01    1.682e+05    1.077e+02      9.000e+00    1.505e+01    3.351e-02      18.93s       15        
476  9.494e+00    7.020e+03    1.357e+00      9.000e+00    1.505e+01    3.351e-02      17.62s       15        
477  9.477e+00    2.147e+04    5.823e+00      9.000e+00    1.505e+01    3.351e-02      16.85s       15        
478  9.580e+00    2.158e+03    9.088e+00      9.000e+00    1.505e+01    3.351e-02      16.34s       15        
479  9.812e+00    6.241e+08    1.120e+01      9.000e+00    1.505e+01    3.351e-02      15.49s       15        
480  9.564e+00    3.466e+04    3.740e+01      9.000e+00    1.505e+01    3.351e-02      15.15s       15        
481  9.345e+00    1.042e+06    4.483e+04      9.000e+00    1.505e+01    3.351e-02      13.86s       15        
482  9.576e+00    6.218e+05    1.777e+00      9.000e+00    1.505e+01    3.351e-02      13.07s       15        
483  9.429e+00    1.837e+03    4.662e+01      9.000e+00    1.505e+01    3.351e-02      12.51s       15        
484  9.515e+00    1.695e+05    1.454e+02      9.000e+00    1.505e+01    3.351e-02      11.04s       15        
485  9.745e+00    3.448e+06    2.828e+03      9.000e+00    1.505e+01    3.351e-02      16.28s       15        
486  9.681e+00    9.472e+03    1.629e+00      9.000e+00    1.505e+01    3.351e-02      10.49s       15        
487  9.342e+00    1.328e+04    2.800e+01      9.000e+00    1.505e+01    3.351e-02      9.29s        15        
488  9.904e+00    6.266e+07    9.560e+00      9.000e+00    1.505e+01    3.351e-02      8.56s        15        
489  1.036e+01    3.110e+18    1.076e+01      9.000e+00    1.505e+01    3.351e-02      8.02s        15        
490  9.581e+00    2.095e+04    8.799e+02      9.000e+00    1.505e+01    3.351e-02      7.06s        15        
491  9.610e+00    1.117e+09    1.545e+00      9.000e+00    1.505e+01    3.351e-02      6.31s        15        
492  9.800e+00    8.999e+02    1.510e+02      9.000e+00    1.505e+01    3.351e-02      5.38s        15        
493  9.334e+00    4.768e+02    3.369e+01      9.000e+00    1.505e+01    3.351e-02      4.62s        15        
494  9.856e+00    3.503e+02    2.855e+03      9.000e+00    1.505e+01    3.351e-02      3.88s        15        
495  9.524e+00    5.762e+03    9.338e+01      9.000e+00    1.505e+01    3.351e-02      3.14s        15        
496  9.585e+00    1.616e+03    2.508e+00      9.000e+00    1.505e+01    3.351e-02      2.34s        15        
497  9.505e+00    1.767e+06    4.865e+00      9.000e+00    1.505e+01    3.351e-02      1.56s        15        
498  9.895e+00    2.523e+04    3.424e+05      9.000e+00    1.505e+01    3.351e-02      0.80s        15        
499  9.530e+00    7.111e+02    1.928e+00      9.000e+00    1.505e+01    3.351e-02      0.00s        15        





Time: 0h:6m:36s
####   Data for the best program   ####
Best Program: add(sin(div(X1, 0.307)), cos(add(X0, X0)))
Best Program Complexity: 15.047361729932103
Raw Fitness: 0.03350929993734203
Penalized Fitness: 0.03350929993734203
Estimator		Train-rmse: 0.03350929993734203	Test-rmse: 0.03514481902761837	Test-R^2: 0.9958761371704538

{'complexity': 'kommenda', 'const_range': (1e-10, 2.0), 'elitism_size': 0, 'function_set': ('add', 'sub', 'div', 'mul', 'sin', 'cos'), 'generations': 500, 'init_depth': (3, 6), 'init_method': 'half and half', 'low_memory': True, 'max_samples': 1.0, 'metric': 'rmse', 'n_jobs': 2, 'p_crossover': 0.2, 'p_hoist_mutation': 0.0, 'p_point_mutation': 0.4, 'p_point_replace': 0.05, 'p_subtree_mutation': 0.4, 'paretogp': True, 'paretogp_lengths': (5, 160), 'parsimony_coefficient': 0.0, 'population_size': 800, 'random_state': 1058176341, 'selection': 'tournament', 'stopping_criteria': 1e-10, 'tournament_size': 11, 'verbose': 1, 'warm_start': True}
