    |          Population Average          |           Best Individual            |
---- -------------------------------------- -------------------------------------- ----------
Gen  Length       Kommenda     Fitness        Length       Kommenda     Fitness        Time Left    Front Size
0    2.253e+01    1.236e+09    2.033e+04      1.600e+01    4.247e+01    3.754e-01      14.64s       0         
1    1.875e+01    5.596e+06    4.165e+01      1.500e+01    4.027e+01    2.761e-01      1.08m        0         
2    1.918e+01    3.162e+10    3.132e+00      2.400e+01    1.265e+02    2.565e-01      53.03s       0         
3    2.184e+01    5.835e+07    9.547e-01      1.700e+01    3.101e+02    2.026e-01      1.40m        0         
4    2.778e+01    8.795e+11    1.013e+00      1.700e+01    3.101e+02    2.026e-01      1.20m        0         
5    3.021e+01    2.886e+06    9.588e-01      2.200e+01    3.438e+02    1.181e-01      1.17m        0         
6    2.683e+01    4.520e+06    1.672e+00      2.000e+01    1.038e+02    9.265e-02      1.40m        0         
7    2.025e+01    1.162e+05    1.806e+00      2.000e+01    1.038e+02    9.265e-02      36.85s       0         
8    2.137e+01    2.635e+03    6.681e-01      2.500e+01    7.980e+02    8.504e-02      1.85m        0         
9    2.048e+01    2.843e+05    9.741e-01      2.700e+01    2.411e+03    7.098e-02      2.15m        0         
10   2.025e+01    2.698e+03    8.561e-01      2.700e+01    2.411e+03    7.098e-02      2.37m        0         
11   2.113e+01    3.373e+04    1.041e+01      2.000e+01    1.357e+02    6.989e-02      1.71m        0         
12   2.066e+01    1.610e+05    8.479e-01      2.000e+01    1.357e+02    6.989e-02      2.01m        0         
13   2.046e+01    1.853e+05    6.771e-01      2.000e+01    1.357e+02    6.989e-02      1.99m        0         
14   2.245e+01    5.000e+10    5.477e+01      2.000e+01    1.357e+02    6.989e-02      1.52m        0         
15   2.189e+01    6.118e+05    1.188e+02      2.200e+01    1.975e+02    6.581e-02      58.94s       0         
16   2.797e+01    8.421e+07    8.788e-01      1.700e+01    6.529e+01    6.690e-02      1.27m        0         
17   2.099e+01    1.210e+05    6.804e+00      3.400e+01    1.334e+03    5.939e-02      52.65s       0         
18   3.068e+01    2.132e+08    2.168e+02      3.500e+01    3.632e+03    6.037e-02      1.01m        0         
19   2.298e+01    7.289e+07    6.173e-01      3.500e+01    3.632e+03    6.037e-02      37.12s       0         
20   3.193e+01    6.649e+10    3.999e+00      4.100e+01    8.933e+04    5.661e-02      36.38s       0         
21   3.075e+01    2.172e+05    5.168e-01      4.200e+01    1.447e+05    5.319e-02      28.04s       0         
22   3.255e+01    9.555e+14    6.193e-01      3.900e+01    2.292e+04    4.300e-02      18.04s       0         
23   3.137e+01    2.292e+28    6.034e-01      3.900e+01    1.523e+04    4.012e-02      9.89s        0         
24   3.005e+01    3.731e+04    6.419e-01      3.900e+01    1.523e+04    4.012e-02      0.00s        0         
25   3.036e+01    8.589e+04    5.828e-01      3.900e+01    1.523e+04    4.012e-02      4.05m        0         
26   2.958e+01    6.564e+05    9.530e-01      3.900e+01    1.523e+04    4.012e-02      3.57m        0         
27   2.727e+01    1.333e+06    5.654e-01      3.900e+01    1.523e+04    4.012e-02      3.68m        0         
28   2.517e+01    1.438e+05    1.830e+00      3.900e+01    1.523e+04    4.012e-02      3.44m        0         
29   2.935e+01    1.564e+05    1.590e+01      3.900e+01    1.523e+04    4.012e-02      3.42m        0         
30   2.879e+01    3.596e+07    7.623e-01      3.900e+01    1.523e+04    4.012e-02      3.20m        0         
31   2.660e+01    1.917e+05    8.558e+01      3.900e+01    1.523e+04    4.012e-02      3.18m        0         
32   2.978e+01    1.592e+05    8.442e-01      3.300e+01    4.132e+02    4.607e-02      2.89m        0         
33   2.773e+01    5.122e+06    8.303e-01      3.300e+01    4.132e+02    4.607e-02      2.52m        0         
34   2.718e+01    2.254e+04    4.147e+02      4.400e+01    6.225e+03    4.586e-02      2.65m        0         
35   2.476e+01    1.884e+05    1.176e+00      4.300e+01    5.472e+03    4.288e-02      2.39m        0         
36   2.932e+01    2.547e+06    1.674e+00      3.300e+01    4.132e+02    4.607e-02      2.24m        0         
37   2.923e+01    2.196e+05    2.302e+01      2.500e+01    4.257e+03    4.509e-02      1.90m        0         
38   2.811e+01    4.410e+07    4.478e+00      2.500e+01    4.257e+03    4.509e-02      1.68m        0         
39   2.845e+01    2.931e+09    7.438e-01      2.500e+01    4.257e+03    4.509e-02      1.52m        0         
40   2.768e+01    7.169e+08    6.657e-01      2.500e+01    4.257e+03    4.509e-02      1.33m        0         
41   2.831e+01    4.537e+08    1.212e+00      2.500e+01    4.257e+03    4.509e-02      1.48m        0         
42   2.663e+01    8.086e+07    2.297e+00      3.600e+01    3.756e+03    4.114e-02      1.05m        0         
43   2.888e+01    5.327e+06    8.135e-01      3.500e+01    2.107e+03    4.477e-02      1.01m        0         
44   2.657e+01    3.164e+04    1.734e+00      3.700e+01    4.522e+03    4.330e-02      47.29s       0         
45   2.868e+01    1.183e+05    5.338e-01      3.900e+01    1.700e+04    4.410e-02      40.23s       0         
46   2.836e+01    1.846e+06    1.151e+00      3.500e+01    2.107e+03    4.477e-02      27.44s       0         
47   2.894e+01    6.362e+06    2.015e+01      3.800e+01    5.820e+03    4.363e-02      19.26s       0         
48   2.840e+01    6.129e+07    9.252e-01      2.500e+01    4.257e+03    4.509e-02      9.25s        0         
49   2.833e+01    3.683e+06    9.213e-01      3.500e+01    4.522e+03    4.244e-02      0.00s        0         
50   3.023e+01    1.108e+08    7.470e-01      3.500e+01    4.522e+03    4.244e-02      3.97m        0         
51   2.922e+01    1.044e+06    5.314e+00      2.900e+01    3.293e+04    4.350e-02      3.60m        0         
52   2.891e+01    2.113e+05    1.574e+00      2.900e+01    3.293e+04    4.350e-02      3.51m        0         
53   2.768e+01    3.980e+06    8.226e+00      3.400e+01    2.107e+03    4.355e-02      3.44m        0         
54   2.766e+01    7.068e+05    3.321e+01      3.400e+01    2.107e+03    4.355e-02      3.23m        0         
55   2.850e+01    4.609e+04    8.336e-01      3.500e+01    2.107e+03    4.477e-02      3.12m        0         
56   2.827e+01    2.947e+08    7.918e-01      2.500e+01    4.257e+03    4.509e-02      2.97m        0         
57   2.840e+01    3.669e+04    4.185e-01      3.800e+01    7.474e+03    4.437e-02      2.81m        0         
58   2.897e+01    2.356e+04    3.483e+00      3.800e+01    7.474e+03    4.437e-02      2.56m        0         
59   2.732e+01    2.281e+07    1.653e+00      3.800e+01    7.474e+03    4.437e-02      2.47m        0         
60   2.869e+01    6.602e+09    6.700e+00      2.500e+01    4.257e+03    4.509e-02      2.28m        0         
61   2.661e+01    1.719e+10    6.831e+01      2.500e+01    4.257e+03    4.509e-02      2.03m        0         
62   2.949e+01    1.799e+04    6.305e-01      2.500e+01    4.257e+03    4.509e-02      2.07m        0         
63   2.777e+01    9.376e+04    6.015e-01      2.500e+01    4.257e+03    4.509e-02      1.84m        0         
64   2.902e+01    1.283e+07    1.716e+00      3.600e+01    7.474e+03    4.364e-02      1.62m        0         
65   2.772e+01    1.468e+06    6.718e+01      4.300e+01    8.267e+03    4.502e-02      1.53m        0         
66   2.935e+01    5.521e+04    5.089e+00      2.500e+01    4.257e+03    4.509e-02      1.36m        0         
67   2.863e+01    1.145e+05    1.469e+00      2.500e+01    4.257e+03    4.509e-02      1.13m        0         
68   2.984e+01    3.459e+05    1.034e+00      2.500e+01    4.257e+03    4.509e-02      1.18m        0         
69   2.856e+01    3.454e+05    1.900e+00      2.500e+01    4.257e+03    4.509e-02      59.71s       0         
70   2.903e+01    7.973e+05    3.230e+00      4.200e+01    5.385e+04    4.482e-02      45.32s       0         
71   2.835e+01    4.778e+05    8.160e-01      3.400e+01    2.107e+03    4.355e-02      28.57s       0         
72   3.034e+01    7.940e+05    1.609e+00      3.400e+01    2.107e+03    4.355e-02      23.77s       0         
73   2.796e+01    5.042e+08    1.492e+04      3.400e+01    2.107e+03    4.355e-02      9.94s        0         
74   3.016e+01    1.628e+05    7.347e-01      3.400e+01    2.107e+03    4.355e-02      0.00s        0         
75   2.864e+01    4.187e+09    8.844e-01      2.500e+01    4.257e+03    4.509e-02      4.49m        0         
76   2.985e+01    1.836e+04    2.511e+02      2.500e+01    4.257e+03    4.509e-02      4.10m        0         
77   2.834e+01    1.804e+07    2.328e+00      2.500e+01    4.257e+03    4.509e-02      3.66m        0         
78   2.975e+01    2.580e+10    5.470e-01      3.400e+01    2.343e+03    4.429e-02      3.52m        0         
79   2.918e+01    1.053e+06    1.452e+05      2.500e+01    4.257e+03    4.509e-02      3.28m        0         
80   2.944e+01    2.303e+04    1.481e+00      2.500e+01    4.257e+03    4.509e-02      3.34m        0         
81   2.910e+01    1.038e+08    7.795e-01      2.500e+01    4.257e+03    4.509e-02      2.93m        0         
82   3.041e+01    1.291e+04    3.653e+02      3.600e+01    7.474e+03    4.364e-02      2.87m        0         
83   2.990e+01    1.432e+05    5.643e-01      3.600e+01    7.474e+03    4.364e-02      2.67m        0         
84   2.975e+01    7.425e+05    1.499e+00      3.400e+01    2.107e+03    4.355e-02      2.49m        0         
85   2.927e+01    6.345e+06    9.511e-01      3.400e+01    2.107e+03    4.355e-02      2.24m        0         
86   2.917e+01    1.093e+04    2.245e+00      3.400e+01    2.107e+03    4.355e-02      2.59m        0         
87   2.861e+01    1.181e+04    6.106e+01      2.500e+01    4.257e+03    4.509e-02      2.11m        0         
88   2.988e+01    2.504e+05    1.870e+00      2.500e+01    4.257e+03    4.509e-02      2.13m        0         
89   3.071e+01    2.328e+07    7.371e-01      2.500e+01    4.257e+03    4.509e-02      1.99m        0         
90   2.981e+01    3.173e+04    5.340e-01      2.500e+01    4.257e+03    4.509e-02      1.71m        0         
91   2.932e+01    6.490e+04    5.840e+01      3.700e+01    4.908e+03    4.397e-02      1.59m        0         
92   2.914e+01    9.292e+06    8.333e-01      3.700e+01    4.908e+03    4.397e-02      1.13m        0         
93   3.113e+01    8.810e+05    8.048e-01      2.500e+01    4.257e+03    4.509e-02      1.04m        0         
94   2.936e+01    4.809e+07    8.320e-01      2.500e+01    4.257e+03    4.509e-02      47.61s       0         
95   3.025e+01    1.399e+04    5.297e-01      3.600e+01    1.345e+03    4.422e-02      43.33s       0         
96   3.018e+01    5.679e+04    6.635e+01      3.600e+01    1.136e+03    4.505e-02      28.51s       0         
97   3.088e+01    5.841e+05    8.101e-01      2.500e+01    4.257e+03    4.509e-02      22.19s       0         
98   3.082e+01    7.284e+04    6.541e-01      2.500e+01    4.257e+03    4.509e-02      9.88s        0         
99   3.019e+01    2.898e+06    7.904e-01      2.500e+01    4.257e+03    4.509e-02      0.00s        0         
100  2.926e+01    6.054e+04    1.102e+00      2.500e+01    4.257e+03    4.509e-02      3.95m        0         
101  3.029e+01    5.898e+04    1.058e+00      2.500e+01    3.505e+02    4.078e-02      3.94m        0         
102  2.917e+01    1.914e+05    6.427e+01      2.500e+01    2.284e+02    3.660e-02      3.69m        0         
103  2.927e+01    7.963e+05    1.660e+00      2.500e+01    2.284e+02    3.660e-02      3.39m        0         
104  2.988e+01    3.321e+04    1.240e+00      2.500e+01    2.284e+02    3.660e-02      3.37m        0         
105  2.908e+01    9.221e+05    7.719e-01      2.500e+01    2.284e+02    3.660e-02      3.18m        0         
106  2.916e+01    4.461e+05    1.032e+02      2.500e+01    2.284e+02    3.660e-02      2.97m        0         
107  2.903e+01    5.671e+03    4.768e+00      2.500e+01    2.284e+02    3.660e-02      2.70m        0         
108  2.864e+01    4.329e+04    1.344e+00      2.500e+01    2.284e+02    3.660e-02      2.64m        0         
109  2.851e+01    9.735e+04    7.769e-01      2.500e+01    2.284e+02    3.660e-02      2.91m        0         
110  2.944e+01    9.511e+06    6.067e-01      2.500e+01    2.284e+02    3.660e-02      2.40m        0         
111  3.052e+01    6.609e+04    3.333e+01      2.500e+01    2.284e+02    3.660e-02      1.89m        0         
112  3.068e+01    9.378e+06    8.467e-01      2.500e+01    2.284e+02    3.660e-02      2.06m        0         
113  3.400e+01    2.623e+05    1.134e+00      2.500e+01    2.284e+02    3.660e-02      1.84m        0         
114  3.267e+01    2.018e+07    4.289e+00      2.500e+01    2.284e+02    3.660e-02      1.68m        0         
115  3.246e+01    6.260e+04    1.231e+00      2.500e+01    2.284e+02    3.660e-02      1.56m        0         
116  3.371e+01    5.574e+05    5.112e-01      2.500e+01    2.284e+02    3.660e-02      1.31m        0         
117  3.477e+01    3.775e+09    6.524e-01      2.500e+01    2.284e+02    3.660e-02      1.06m        0         
118  3.444e+01    1.714e+06    9.125e+00      2.500e+01    2.284e+02    3.660e-02      1.11m        0         
119  3.494e+01    2.694e+11    2.996e+00      2.500e+01    2.284e+02    3.660e-02      52.52s       0         
120  3.477e+01    5.387e+08    1.365e+04      2.500e+01    2.284e+02    3.660e-02      39.30s       0         
121  2.672e+01    1.306e+08    2.369e+03      2.500e+01    2.284e+02    3.660e-02      25.46s       0         
122  3.313e+01    8.296e+05    2.064e+00      3.900e+01    1.980e+03    3.780e-02      21.06s       0         
123  2.975e+01    1.006e+05    3.925e+00      2.300e+01    1.136e+02    3.808e-02      9.94s        0         
124  3.355e+01    4.935e+06    5.675e+01      2.300e+01    1.136e+02    3.808e-02      0.00s        0         
125  2.995e+01    1.620e+09    8.363e-01      2.300e+01    1.136e+02    3.808e-02      3.90m        0         
126  3.336e+01    2.688e+07    6.336e-01      2.300e+01    1.136e+02    3.808e-02      4.11m        0         
127  3.241e+01    3.327e+07    1.377e+00      2.300e+01    1.136e+02    3.808e-02      3.85m        0         
128  2.675e+01    3.214e+06    1.075e+00      2.300e+01    1.136e+02    3.808e-02      2.51m        0         
129  2.694e+01    8.594e+07    4.764e+00      3.700e+01    1.851e+03    3.732e-02      4.03m        0         
130  2.960e+01    1.691e+16    1.598e+00      3.700e+01    1.851e+03    3.732e-02      4.10m        0         
131  2.996e+01    2.988e+06    6.071e-01      2.300e+01    1.136e+02    3.808e-02      3.60m        0         
132  2.809e+01    3.474e+06    7.350e-01      3.700e+01    1.851e+03    3.794e-02      3.28m        0         
133  2.340e+01    3.096e+04    6.492e-01      2.300e+01    1.136e+02    3.808e-02      2.44m        0         
134  3.030e+01    1.785e+08    1.126e+00      2.300e+01    1.136e+02    3.808e-02      3.07m        0         
135  2.811e+01    2.954e+06    1.168e+00      3.900e+01    2.158e+03    3.789e-02      2.28m        0         
136  2.760e+01    8.064e+06    2.916e+00      2.300e+01    1.136e+02    3.808e-02      2.27m        0         
137  2.428e+01    6.177e+07    7.676e-01      3.700e+01    1.321e+03    3.705e-02      1.42m        0         
138  2.847e+01    2.112e+08    7.147e-01      3.900e+01    2.755e+03    3.776e-02      1.91m        0         
139  2.990e+01    1.360e+09    7.564e-01      2.300e+01    1.136e+02    3.808e-02      2.08m        0         
140  2.605e+01    8.940e+06    1.865e+00      2.300e+01    1.136e+02    3.808e-02      1.41m        0         
141  2.994e+01    1.236e+07    7.759e-01      2.300e+01    1.136e+02    3.808e-02      1.45m        0         
142  2.843e+01    3.569e+07    6.536e-01      2.300e+01    1.136e+02    3.808e-02      1.17m        0         
143  2.920e+01    5.810e+07    7.692e-01      2.300e+01    1.136e+02    3.808e-02      1.22m        0         
144  2.966e+01    9.050e+10    1.893e+00      2.300e+01    1.136e+02    3.808e-02      56.00s       0         
145  2.840e+01    2.569e+06    6.289e-01      2.300e+01    1.136e+02    3.808e-02      41.55s       0         
146  2.445e+01    9.412e+05    1.545e+02      2.300e+01    1.136e+02    3.808e-02      29.41s       0         
147  2.523e+01    1.356e+07    1.904e+00      2.300e+01    1.136e+02    3.808e-02      23.54s       0         
148  2.775e+01    9.907e+07    7.777e-01      2.300e+01    1.136e+02    3.808e-02      12.76s       0         
149  2.668e+01    1.369e+07    1.058e+00      2.300e+01    1.136e+02    3.808e-02      0.00s        0         
150  2.648e+01    1.399e+06    3.267e+00      2.300e+01    1.136e+02    3.808e-02      4.55m        0         
151  2.488e+01    2.161e+06    8.860e-01      2.300e+01    1.136e+02    3.808e-02      4.35m        0         
152  2.571e+01    1.158e+07    1.496e+01      2.300e+01    1.136e+02    3.808e-02      4.35m        0         
153  2.435e+01    1.060e+07    1.113e+00      2.300e+01    1.136e+02    3.808e-02      3.41m        0         
154  2.670e+01    1.259e+07    1.008e+00      2.300e+01    1.136e+02    3.808e-02      3.72m        0         
155  2.384e+01    6.521e+05    8.933e-01      2.300e+01    1.136e+02    3.808e-02      3.20m        0         
156  2.390e+01    3.647e+05    6.348e-01      2.300e+01    1.136e+02    3.808e-02      3.11m        0         
157  2.393e+01    9.690e+05    6.547e-01      2.300e+01    1.136e+02    3.808e-02      3.10m        0         
158  2.350e+01    4.088e+08    9.026e-01      3.700e+01    1.321e+03    3.705e-02      3.32m        0         
159  2.566e+01    9.069e+17    3.388e+02      2.300e+01    1.136e+02    3.808e-02      3.18m        0         
160  2.359e+01    4.129e+11    1.018e+00      2.300e+01    1.136e+02    3.808e-02      1.97m        0         
161  2.459e+01    2.427e+05    9.994e+02      2.300e+01    1.136e+02    3.808e-02      2.58m        0         
162  2.170e+01    3.357e+08    8.071e-01      2.300e+01    1.136e+02    3.808e-02      2.17m        0         
163  2.429e+01    1.629e+05    1.689e+00      2.300e+01    1.136e+02    3.808e-02      2.27m        0         
164  2.500e+01    1.025e+07    7.932e-01      2.300e+01    1.136e+02    3.808e-02      1.79m        0         
165  2.365e+01    1.386e+06    1.134e+00      2.300e+01    1.136e+02    3.808e-02      1.65m        0         
166  2.442e+01    1.602e+05    7.968e-01      2.300e+01    1.136e+02    3.808e-02      1.47m        0         
167  2.390e+01    2.010e+05    9.931e-01      2.300e+01    1.136e+02    3.808e-02      1.42m        0         
168  2.150e+01    2.377e+06    1.288e+00      2.300e+01    1.136e+02    3.808e-02      1.24m        0         
169  2.392e+01    7.123e+05    6.750e+01      2.300e+01    1.136e+02    3.808e-02      1.03m        0         
170  2.418e+01    6.471e+05    1.922e+03      2.300e+01    1.136e+02    3.808e-02      43.81s       0         
171  2.144e+01    1.389e+06    5.333e-01      2.300e+01    1.136e+02    3.808e-02      29.85s       0         
172  1.951e+01    1.590e+04    1.864e+01      2.300e+01    1.136e+02    3.808e-02      20.68s       0         
173  2.226e+01    3.100e+07    1.420e+01      2.300e+01    1.136e+02    3.808e-02      13.37s       0         
174  2.331e+01    3.715e+06    9.230e-01      2.300e+01    1.136e+02    3.808e-02      0.00s        0         
175  2.273e+01    1.487e+07    7.648e-01      2.300e+01    1.136e+02    3.808e-02      4.33m        0         
176  2.451e+01    1.435e+05    7.696e-01      2.300e+01    1.136e+02    3.808e-02      4.03m        0         
177  1.715e+01    1.147e+04    1.640e+03      2.300e+01    1.136e+02    3.808e-02      3.19m        0         
178  2.407e+01    1.354e+09    9.502e-01      2.400e+01    3.402e+03    3.461e-02      3.61m        0         
179  2.025e+01    3.016e+04    6.263e-01      2.400e+01    3.402e+03    3.461e-02      3.24m        0         
180  2.385e+01    3.597e+07    8.801e-01      2.400e+01    3.402e+03    3.461e-02      3.64m        0         
181  2.328e+01    2.876e+06    2.535e+04      2.400e+01    3.402e+03    3.461e-02      3.38m        0         
182  2.398e+01    6.346e+04    9.059e-01      2.400e+01    3.402e+03    3.461e-02      3.17m        0         
183  2.484e+01    5.027e+08    2.979e+00      2.400e+01    3.402e+03    3.461e-02      2.86m        0         
184  2.313e+01    1.566e+05    9.666e-01      2.400e+01    3.402e+03    3.461e-02      2.78m        0         
185  2.400e+01    4.634e+07    1.820e+00      2.400e+01    3.402e+03    3.461e-02      2.96m        0         
186  2.336e+01    1.328e+08    2.107e+00      2.400e+01    3.402e+03    3.461e-02      2.10m        0         
187  2.337e+01    1.078e+12    2.021e+00      2.400e+01    3.402e+03    3.461e-02      2.17m        0         
188  2.419e+01    1.105e+06    3.224e+00      2.400e+01    3.402e+03    3.461e-02      1.93m        0         
189  2.316e+01    2.993e+07    1.088e+01      2.400e+01    3.402e+03    3.461e-02      1.70m        0         
190  2.375e+01    8.835e+04    1.737e+00      2.400e+01    3.402e+03    3.461e-02      1.57m        0         
191  2.314e+01    1.345e+08    6.311e+00      2.400e+01    3.402e+03    3.461e-02      1.63m        0         
192  2.427e+01    3.242e+05    7.076e-01      2.400e+01    3.402e+03    3.461e-02      1.50m        0         
193  2.313e+01    3.715e+07    5.810e-01      2.400e+01    3.402e+03    3.461e-02      1.20m        0         
194  2.304e+01    4.647e+05    1.305e+00      2.400e+01    3.402e+03    3.461e-02      53.17s       0         
195  2.476e+01    4.611e+07    9.901e-01      2.400e+01    3.402e+03    3.461e-02      41.10s       0         
196  2.234e+01    1.003e+05    1.896e+02      2.400e+01    3.402e+03    3.461e-02      28.39s       0         
197  2.280e+01    3.540e+10    1.124e+00      2.400e+01    3.402e+03    3.461e-02      21.01s       0         
198  2.422e+01    1.177e+09    9.310e-01      2.400e+01    3.402e+03    3.461e-02      10.98s       0         
199  2.367e+01    1.866e+05    5.720e-01      2.400e+01    3.402e+03    3.461e-02      0.00s        0         
200  2.446e+01    1.143e+07    1.153e+00      2.400e+01    3.402e+03    3.461e-02      4.20m        0         
201  2.516e+01    1.896e+07    1.149e+00      2.400e+01    3.402e+03    3.461e-02      4.17m        0         
202  2.285e+01    2.217e+06    2.178e+00      2.400e+01    3.402e+03    3.461e-02      3.28m        0         
203  2.496e+01    3.493e+08    9.235e-01      2.400e+01    3.402e+03    3.461e-02      3.73m        0         
204  2.515e+01    1.230e+09    3.093e+00      2.400e+01    3.402e+03    3.461e-02      3.55m        0         
205  2.490e+01    6.231e+10    4.157e+00      2.400e+01    3.402e+03    3.461e-02      3.42m        0         
206  2.424e+01    6.112e+05    7.709e-01      2.400e+01    3.402e+03    3.461e-02      3.39m        0         
207  2.473e+01    6.153e+06    7.344e-01      2.400e+01    3.402e+03    3.461e-02      3.08m        0         
208  2.507e+01    7.341e+06    6.723e-01      2.400e+01    3.402e+03    3.461e-02      2.85m        0         
209  2.421e+01    2.018e+06    1.028e+01      2.400e+01    3.402e+03    3.461e-02      2.67m        0         
210  2.314e+01    4.948e+08    1.519e+00      2.400e+01    3.402e+03    3.461e-02      2.45m        0         
211  2.225e+01    3.900e+05    6.274e-01      2.400e+01    3.402e+03    3.461e-02      2.07m        0         
212  2.542e+01    4.992e+07    1.427e+00      2.400e+01    3.402e+03    3.461e-02      2.16m        0         
213  2.190e+01    2.207e+05    6.051e+00      2.400e+01    3.402e+03    3.461e-02      1.63m        0         
214  2.304e+01    1.575e+08    5.976e-01      2.400e+01    3.402e+03    3.461e-02      1.79m        0         
215  2.303e+01    2.630e+11    2.618e+00      2.400e+01    3.402e+03    3.461e-02      1.68m        0         
216  2.516e+01    2.281e+09    7.209e-01      2.400e+01    3.402e+03    3.461e-02      1.34m        0         
217  2.104e+01    1.240e+07    6.399e+01      2.400e+01    3.402e+03    3.461e-02      47.57s       0         
218  2.397e+01    3.720e+09    3.803e+00      3.400e+01    1.377e+06    3.380e-02      1.17m        0         
219  2.400e+01    1.601e+08    2.589e+00      2.400e+01    7.933e+03    3.946e-02      55.40s       0         
220  2.376e+01    1.843e+08    1.613e+00      1.500e+01    5.878e+01    4.044e-02      45.72s       0         
221  2.399e+01    2.346e+12    7.852e+00      1.500e+01    5.878e+01    4.044e-02      35.22s       0         
222  2.073e+01    5.415e+08    1.577e+00      2.800e+01    1.188e+05    3.551e-02      11.97s       0         
223  2.264e+01    4.925e+09    7.348e-01      3.200e+01    4.087e+06    3.562e-02      12.45s       0         
224  2.341e+01    1.732e+10    4.144e+00      3.500e+01    7.778e+06    3.512e-02      0.00s        0         
225  2.183e+01    5.301e+11    5.795e+00      2.000e+01    8.328e+02    3.536e-02      4.13m        0         
226  2.248e+01    1.047e+12    8.769e-01      3.000e+01    1.566e+05    3.487e-02      4.32m        0         
227  2.382e+01    3.679e+08    6.079e+02      2.000e+01    8.328e+02    3.536e-02      3.97m        0         
228  2.094e+01    1.119e+07    1.541e+00      1.900e+01    1.520e+02    3.450e-02      3.49m        0         
229  2.191e+01    1.862e+07    2.089e+01      1.900e+01    1.520e+02    3.450e-02      3.78m        0         
230  2.138e+01    9.504e+07    1.031e+00      1.900e+01    1.520e+02    3.450e-02      3.68m        0         
231  2.098e+01    5.454e+09    7.878e-01      2.200e+01    1.973e+03    3.374e-02      3.48m        0         
232  2.111e+01    6.774e+12    1.690e+00      1.900e+01    1.520e+02    3.450e-02      3.59m        0         
233  2.282e+01    1.270e+10    7.195e-01      1.900e+01    1.520e+02    3.450e-02      2.94m        0         
234  2.384e+01    5.583e+09    6.907e-01      1.900e+01    1.520e+02    3.450e-02      2.83m        0         
235  1.842e+01    8.609e+07    4.416e+00      2.200e+01    2.166e+03    3.374e-02      2.08m        0         
236  1.744e+01    1.122e+08    5.305e+00      1.900e+01    1.520e+02    3.450e-02      2.41m        0         
237  1.975e+01    8.688e+11    7.996e-01      2.700e+01    3.653e+04    3.146e-02      2.36m        0         
238  2.003e+01    5.743e+07    3.709e+02      2.300e+01    1.641e+03    2.607e-02      2.23m        0         
239  2.175e+01    7.916e+07    9.602e+04      2.300e+01    1.641e+03    2.607e-02      2.25m        0         
240  2.189e+01    6.719e+08    6.018e-01      2.300e+01    1.641e+03    2.607e-02      2.05m        0         
241  2.409e+01    9.605e+11    1.153e+01      2.300e+01    1.641e+03    2.607e-02      1.58m        0         
242  2.229e+01    2.077e+10    5.431e-01      2.300e+01    1.641e+03    2.394e-02      58.23s       0         
243  2.108e+01    2.465e+08    1.062e+01      2.300e+01    1.641e+03    2.394e-02      1.08m        0         
244  2.170e+01    1.191e+08    6.722e-01      2.000e+01    8.328e+02    2.543e-02      59.87s       0         
245  2.237e+01    1.679e+14    8.696e-01      2.000e+01    8.328e+02    2.543e-02      49.09s       0         
246  2.268e+01    9.297e+11    4.608e+01      2.000e+01    8.328e+02    2.543e-02      34.74s       0         
247  2.311e+01    5.133e+09    1.403e+01      2.000e+01    8.328e+02    2.543e-02      23.53s       0         
248  1.918e+01    4.452e+06    9.669e-01      2.000e+01    8.328e+02    2.543e-02      10.00s       0         
249  2.005e+01    6.583e+07    2.041e+00      2.000e+01    8.328e+02    2.543e-02      0.00s        0         
250  2.118e+01    5.839e+06    7.488e-01      2.000e+01    8.328e+02    2.543e-02      4.93m        0         
251  2.239e+01    2.481e+13    2.184e+05      2.000e+01    8.328e+02    2.543e-02      4.65m        0         
252  2.157e+01    1.064e+06    7.085e-01      2.000e+01    8.328e+02    2.543e-02      4.03m        0         
253  2.159e+01    1.278e+09    6.820e+00      2.000e+01    8.328e+02    2.543e-02      4.49m        0         
254  2.300e+01    3.214e+09    5.100e-01      2.000e+01    8.328e+02    2.543e-02      3.71m        0         
255  2.015e+01    1.047e+06    7.569e-01      2.000e+01    8.328e+02    2.543e-02      3.28m        0         
256  2.056e+01    2.259e+06    9.353e-01      2.000e+01    8.328e+02    2.543e-02      3.61m        0         
257  2.013e+01    9.147e+05    1.364e+00      1.800e+01    5.283e+02    2.459e-02      3.30m        0         
258  2.016e+01    1.674e+07    5.962e+01      1.800e+01    5.283e+02    2.459e-02      3.33m        0         
259  2.043e+01    6.200e+06    4.682e+00      1.800e+01    5.283e+02    2.459e-02      2.71m        0         
260  2.338e+01    1.499e+08    1.416e+01      1.800e+01    5.283e+02    2.459e-02      2.70m        0         
261  2.302e+01    1.888e+07    1.616e+00      1.800e+01    5.283e+02    2.459e-02      2.91m        0         
262  1.779e+01    2.381e+05    5.111e+00      2.300e+01    9.624e+03    2.380e-02      1.92m        0         
263  2.120e+01    5.572e+09    4.761e+00      2.300e+01    9.624e+03    2.380e-02      1.95m        0         
264  2.371e+01    3.563e+08    8.300e-01      1.800e+01    5.283e+02    2.459e-02      1.83m        0         
265  2.059e+01    9.171e+05    9.224e-01      1.800e+01    5.283e+02    2.459e-02      1.55m        0         
266  2.235e+01    2.937e+08    8.975e-01      1.800e+01    5.283e+02    2.459e-02      1.79m        0         
267  2.243e+01    1.962e+08    8.426e-01      1.800e+01    5.283e+02    2.459e-02      1.60m        0         
268  2.296e+01    4.805e+07    6.724e-01      1.800e+01    5.283e+02    2.459e-02      1.28m        0         
269  2.348e+01    2.419e+09    1.912e+01      1.800e+01    5.283e+02    2.459e-02      57.46s       0         
270  2.248e+01    1.727e+08    1.692e+03      1.800e+01    5.283e+02    2.459e-02      38.37s       0         
271  1.902e+01    3.412e+05    7.099e-01      1.800e+01    5.283e+02    2.459e-02      30.28s       0         
272  2.036e+01    3.034e+06    3.585e+01      1.800e+01    5.283e+02    2.459e-02      23.01s       0         
273  2.040e+01    2.225e+06    8.146e-01      1.800e+01    5.283e+02    2.459e-02      11.69s       0         
274  2.111e+01    1.177e+06    2.361e+01      3.000e+01    3.234e+05    2.341e-02      0.00s        0         
275  2.166e+01    1.021e+06    8.681e-01      1.800e+01    5.283e+02    2.459e-02      4.66m        0         
276  2.172e+01    4.378e+05    4.707e-01      1.800e+01    5.283e+02    2.459e-02      4.65m        0         
277  2.208e+01    6.050e+07    3.138e+00      1.800e+01    5.283e+02    2.459e-02      4.27m        0         
278  2.177e+01    2.501e+12    3.083e+00      1.800e+01    5.283e+02    2.459e-02      3.95m        0         
279  2.302e+01    1.963e+07    6.417e+00      1.800e+01    5.283e+02    2.459e-02      4.58m        0         
280  2.372e+01    6.671e+10    8.542e-01      1.800e+01    5.283e+02    2.459e-02      4.19m        0         
281  2.401e+01    4.146e+07    8.809e-01      1.800e+01    5.283e+02    2.459e-02      3.41m        0         
282  2.563e+01    9.573e+10    7.626e-01      1.800e+01    5.283e+02    2.459e-02      3.21m        0         
283  1.902e+01    2.279e+05    2.615e+00      2.000e+01    9.140e+02    2.422e-02      2.47m        0         
284  1.973e+01    1.183e+06    4.128e+01      1.800e+01    5.283e+02    2.459e-02      2.70m        0         
285  2.100e+01    4.508e+10    4.188e+00      2.000e+01    5.301e+02    2.423e-02      2.66m        0         
286  2.071e+01    9.531e+06    1.887e+00      2.500e+01    3.353e+04    2.393e-02      2.50m        0         
287  2.161e+01    2.823e+07    7.409e-01      1.800e+01    5.283e+02    2.459e-02      2.47m        0         
288  2.177e+01    1.822e+08    9.002e-01      1.800e+01    5.283e+02    2.459e-02      2.52m        0         
289  2.173e+01    3.980e+12    1.657e+02      1.800e+01    5.283e+02    2.459e-02      1.96m        0         
290  2.082e+01    6.895e+07    5.715e-01      1.800e+01    5.283e+02    2.459e-02      1.92m        0         
291  2.021e+01    1.902e+05    1.522e+00      1.800e+01    5.283e+02    2.459e-02      1.93m        0         
292  2.094e+01    2.454e+08    4.481e+00      1.800e+01    5.283e+02    2.459e-02      1.58m        0         
293  2.368e+01    2.899e+10    1.350e+00      1.800e+01    5.283e+02    2.459e-02      1.13m        0         
294  2.459e+01    9.085e+08    1.365e+00      1.800e+01    5.283e+02    2.459e-02      58.69s       0         
295  2.027e+01    7.055e+07    9.532e-01      1.800e+01    5.283e+02    2.459e-02      36.38s       0         
296  2.139e+01    9.917e+06    6.426e+00      1.800e+01    5.283e+02    2.459e-02      34.81s       0         
297  2.277e+01    4.065e+06    8.086e+00      1.800e+01    5.283e+02    2.459e-02      25.59s       0         
298  2.281e+01    5.755e+13    7.069e-01      1.800e+01    5.283e+02    2.459e-02      11.95s       0         
299  2.313e+01    7.179e+07    6.637e-01      1.800e+01    5.283e+02    2.459e-02      0.00s        0         
300  2.226e+01    1.103e+12    1.690e+00      1.800e+01    5.283e+02    2.459e-02      4.83m        0         
301  2.242e+01    3.155e+08    9.101e-01      1.800e+01    5.283e+02    2.459e-02      4.79m        0         
302  2.420e+01    1.885e+11    9.518e-01      1.800e+01    5.283e+02    2.459e-02      4.16m        0         
303  2.422e+01    4.187e+09    6.513e+01      1.800e+01    5.283e+02    2.459e-02      3.87m        0         
304  2.451e+01    1.996e+08    3.467e+04      1.800e+01    5.283e+02    2.459e-02      3.88m        0         
305  2.511e+01    2.019e+11    1.200e+00      1.800e+01    5.283e+02    2.459e-02      3.74m        0         
306  2.561e+01    2.122e+10    4.514e+00      1.800e+01    5.283e+02    2.459e-02      3.60m        0         
307  2.441e+01    5.348e+08    7.684e+01      1.800e+01    5.283e+02    2.459e-02      2.93m        0         
308  2.558e+01    4.045e+13    8.644e-01      1.800e+01    5.283e+02    2.459e-02      3.08m        0         
309  2.559e+01    5.160e+09    1.332e+01      1.800e+01    5.283e+02    2.459e-02      2.88m        0         
310  2.571e+01    2.971e+10    1.313e+00      1.800e+01    5.283e+02    2.459e-02      2.92m        0         
311  2.483e+01    1.797e+10    1.120e+00      1.800e+01    5.283e+02    2.459e-02      2.60m        0         
312  2.507e+01    4.101e+09    9.544e+00      1.800e+01    5.283e+02    2.459e-02      2.06m        0         
313  2.438e+01    9.193e+08    6.849e+00      1.800e+01    5.283e+02    2.459e-02      2.12m        0         
314  2.382e+01    4.459e+09    4.538e-01      1.800e+01    5.283e+02    2.459e-02      1.95m        0         
315  2.469e+01    3.351e+13    8.085e-01      1.800e+01    5.283e+02    2.459e-02      1.55m        0         
316  2.508e+01    6.745e+08    2.235e+00      1.800e+01    5.283e+02    2.459e-02      1.49m        0         
317  2.538e+01    9.031e+08    2.153e+00      1.800e+01    5.283e+02    2.459e-02      1.34m        0         
318  2.504e+01    3.887e+10    6.882e-01      1.800e+01    5.283e+02    2.459e-02      1.15m        0         
319  2.536e+01    9.746e+07    1.077e+00      1.800e+01    5.283e+02    2.459e-02      1.02m        0         
320  2.528e+01    3.782e+08    2.759e+07      1.800e+01    5.283e+02    2.459e-02      45.88s       0         
321  2.525e+01    2.257e+15    4.901e+00      1.800e+01    5.283e+02    2.459e-02      34.95s       0         
322  2.602e+01    2.298e+09    1.168e+00      1.800e+01    5.283e+02    2.459e-02      24.43s       0         
323  2.566e+01    8.220e+07    9.196e-01      1.800e+01    5.283e+02    2.459e-02      11.86s       0         
324  2.579e+01    2.207e+09    4.733e-01      1.800e+01    5.283e+02    2.459e-02      0.00s        0         
325  2.601e+01    1.359e+08    6.662e+04      1.800e+01    5.283e+02    2.459e-02      4.90m        0         
326  2.536e+01    2.580e+08    3.201e+01      1.800e+01    5.283e+02    2.459e-02      4.63m        0         
327  2.588e+01    2.631e+12    6.770e-01      1.800e+01    5.283e+02    2.459e-02      4.62m        0         
328  2.620e+01    9.451e+11    5.995e-01      2.800e+01    1.141e+05    2.305e-02      4.30m        0         
329  2.522e+01    1.663e+10    9.556e-01      1.800e+01    5.283e+02    2.459e-02      3.64m        0         
330  2.465e+01    4.957e+06    1.003e+00      1.800e+01    5.283e+02    2.459e-02      3.58m        0         
331  2.503e+01    3.738e+10    2.394e+00      1.800e+01    5.283e+02    2.459e-02      3.51m        0         
332  2.523e+01    3.138e+08    2.161e+00      1.800e+01    5.283e+02    2.459e-02      3.69m        0         
333  2.557e+01    1.599e+09    2.824e+00      1.800e+01    5.283e+02    2.459e-02      3.39m        0         
334  2.570e+01    1.373e+08    1.910e+01      1.800e+01    5.283e+02    2.459e-02      2.90m        0         
335  2.563e+01    4.599e+08    7.683e-01      1.800e+01    5.283e+02    2.459e-02      2.82m        0         
336  2.522e+01    2.237e+07    7.774e-01      1.800e+01    5.283e+02    2.459e-02      2.48m        0         
337  2.575e+01    2.568e+08    5.427e+01      1.800e+01    5.283e+02    2.459e-02      2.46m        0         
338  2.621e+01    4.210e+08    5.409e+00      1.800e+01    5.283e+02    2.459e-02      2.24m        0         
339  2.618e+01    8.594e+08    2.547e+00      1.800e+01    5.283e+02    2.459e-02      2.27m        0         
340  2.638e+01    3.373e+08    3.152e+00      1.800e+01    5.283e+02    2.459e-02      2.03m        0         
341  2.409e+01    1.943e+08    9.685e-01      1.800e+01    5.283e+02    2.459e-02      1.33m        0         
342  2.497e+01    5.476e+07    6.081e-01      1.800e+01    5.283e+02    2.459e-02      1.39m        0         
343  2.611e+01    7.820e+09    1.512e+00      1.800e+01    5.283e+02    2.459e-02      1.48m        0         
344  2.678e+01    2.061e+09    6.043e-01      1.800e+01    5.283e+02    2.459e-02      1.02m        0         
345  2.717e+01    1.891e+14    5.987e-01      1.800e+01    5.283e+02    2.459e-02      48.29s       0         
346  2.652e+01    1.939e+10    1.777e+00      1.800e+01    5.283e+02    2.459e-02      34.91s       0         
347  2.655e+01    3.079e+13    7.623e-01      1.800e+01    5.283e+02    2.459e-02      25.08s       0         
348  2.637e+01    9.564e+09    7.344e-01      1.800e+01    5.283e+02    2.459e-02      12.37s       0         
349  2.735e+01    2.175e+10    6.238e-01      1.800e+01    5.283e+02    2.459e-02      0.00s        0         
350  2.271e+01    1.145e+08    5.507e+00      2.300e+01    9.624e+03    2.380e-02      3.20m        0         
351  2.277e+01    5.127e+11    6.659e-01      2.800e+01    1.141e+05    2.305e-02      4.89m        0         
352  2.403e+01    1.298e+09    5.649e-01      1.800e+01    5.283e+02    2.459e-02      4.62m        0         
353  2.641e+01    1.106e+11    1.164e+03      1.800e+01    5.283e+02    2.459e-02      4.08m        0         
354  2.454e+01    3.903e+09    5.476e+00      1.800e+01    5.283e+02    2.459e-02      3.54m        0         
355  2.390e+01    1.149e+12    8.873e+02      1.800e+01    5.283e+02    2.459e-02      3.56m        0         
356  2.415e+01    8.441e+10    5.390e-01      3.000e+01    2.047e+05    2.335e-02      3.49m        0         
357  2.408e+01    1.224e+08    8.618e+01      1.800e+01    5.283e+02    2.459e-02      3.24m        0         
358  2.496e+01    4.189e+07    2.008e+00      1.800e+01    5.283e+02    2.459e-02      3.07m        0         
359  2.496e+01    1.431e+07    8.292e-01      1.800e+01    5.283e+02    2.459e-02      3.18m        0         
360  2.539e+01    1.969e+07    4.371e+00      1.800e+01    5.283e+02    2.459e-02      2.89m        0         
361  2.554e+01    4.900e+07    1.049e+00      1.800e+01    5.283e+02    2.459e-02      2.61m        0         
362  2.561e+01    1.995e+07    6.816e-01      1.800e+01    5.283e+02    2.459e-02      2.46m        0         
363  2.589e+01    2.663e+08    1.089e+00      1.800e+01    5.283e+02    2.459e-02      2.31m        0         
364  2.639e+01    6.664e+08    3.609e+00      1.800e+01    5.283e+02    2.459e-02      2.10m        0         
365  2.541e+01    4.014e+07    6.322e-01      1.800e+01    5.283e+02    2.459e-02      1.83m        0         
366  2.612e+01    1.888e+09    8.886e-01      1.800e+01    5.283e+02    2.459e-02      1.77m        0         
367  2.574e+01    5.280e+07    9.957e-01      1.800e+01    5.283e+02    2.459e-02      1.38m        0         
368  2.636e+01    2.400e+08    9.160e-01      1.800e+01    5.283e+02    2.459e-02      1.20m        0         
369  2.588e+01    1.068e+13    3.303e+00      1.800e+01    5.283e+02    2.459e-02      1.03m        0         
370  2.666e+01    1.241e+10    6.636e+01      1.800e+01    5.283e+02    2.459e-02      46.47s       0         
371  2.684e+01    4.619e+10    1.348e+01      1.800e+01    5.283e+02    2.459e-02      35.92s       0         
372  2.670e+01    7.713e+16    5.826e+00      1.800e+01    5.283e+02    2.459e-02      23.66s       0         
373  2.713e+01    6.424e+09    7.877e-01      1.800e+01    5.283e+02    2.459e-02      11.83s       0         
374  2.642e+01    1.762e+10    1.649e+00      1.800e+01    5.283e+02    2.459e-02      0.00s        0         
375  2.667e+01    1.280e+10    3.149e+03      1.800e+01    5.283e+02    2.459e-02      5.09m        0         
376  2.676e+01    1.463e+10    4.025e+00      1.800e+01    5.283e+02    2.459e-02      5.60m        0         
377  2.740e+01    1.873e+10    5.447e+01      1.800e+01    5.283e+02    2.459e-02      5.28m        0         
378  2.239e+01    2.894e+07    8.516e-01      2.300e+01    9.624e+03    2.380e-02      3.00m        0         
379  2.546e+01    3.417e+12    7.305e-01      1.800e+01    5.283e+02    2.459e-02      3.85m        0         
380  2.608e+01    9.147e+09    7.613e-01      1.800e+01    5.283e+02    2.459e-02      3.79m        0         
381  2.687e+01    1.399e+09    6.677e+01      1.800e+01    5.283e+02    2.459e-02      3.50m        0         
382  2.268e+01    4.195e+09    3.302e+00      2.300e+01    9.624e+03    2.380e-02      3.01m        0         
383  2.516e+01    3.487e+13    2.836e+00      1.800e+01    5.283e+02    2.459e-02      3.29m        0         
384  2.527e+01    1.436e+11    9.877e+00      1.800e+01    5.283e+02    2.459e-02      3.29m        0         
385  2.619e+01    1.378e+16    1.076e+00      1.800e+01    5.283e+02    2.459e-02      2.72m        0         
386  2.589e+01    1.750e+13    9.127e-01      1.800e+01    5.283e+02    2.459e-02      2.57m        0         
387  2.663e+01    9.087e+10    5.159e-01      1.800e+01    5.283e+02    2.459e-02      2.34m        0         
388  2.600e+01    4.055e+08    2.192e+00      1.800e+01    5.283e+02    2.459e-02      2.13m        0         
389  2.628e+01    1.953e+09    3.598e+01      1.800e+01    5.283e+02    2.459e-02      1.93m        0         
390  2.611e+01    2.209e+08    5.195e+00      1.800e+01    5.283e+02    2.459e-02      1.77m        0         
391  2.638e+01    6.675e+11    2.710e+00      1.800e+01    5.283e+02    2.459e-02      1.64m        0         
392  2.668e+01    5.926e+08    6.730e+01      1.800e+01    5.283e+02    2.459e-02      1.38m        0         
393  2.643e+01    8.323e+13    7.203e-01      1.800e+01    5.283e+02    2.459e-02      1.18m        0         
394  2.534e+01    3.977e+07    9.437e-01      1.800e+01    5.283e+02    2.459e-02      1.01m        0         
395  2.484e+01    5.144e+07    1.135e+04      1.800e+01    5.283e+02    2.459e-02      50.93s       0         
396  2.519e+01    3.714e+08    8.130e+00      1.800e+01    5.283e+02    2.459e-02      39.21s       0         
397  2.490e+01    7.537e+08    1.266e+00      1.800e+01    5.283e+02    2.459e-02      25.79s       0         
398  2.567e+01    2.140e+11    3.938e+02      1.800e+01    5.283e+02    2.459e-02      11.91s       0         
399  2.555e+01    5.263e+07    8.875e-01      1.800e+01    5.283e+02    2.459e-02      0.00s        0         
400  2.558e+01    1.488e+11    7.142e-01      1.800e+01    5.283e+02    2.459e-02      4.80m        0         
401  2.548e+01    1.223e+11    7.859e-01      1.800e+01    5.283e+02    2.459e-02      4.43m        0         
402  2.567e+01    3.016e+08    6.317e-01      1.800e+01    5.283e+02    2.459e-02      4.38m        0         
403  2.618e+01    1.257e+12    6.538e-01      1.800e+01    5.283e+02    2.459e-02      4.15m        0         
404  2.423e+01    4.457e+13    2.185e+00      2.800e+01    1.141e+05    2.305e-02      3.80m        0         
405  2.350e+01    4.775e+09    9.675e-01      1.800e+01    5.283e+02    2.459e-02      3.92m        0         
406  2.376e+01    3.583e+08    1.488e+00      1.800e+01    5.283e+02    2.459e-02      3.62m        0         
407  2.451e+01    1.314e+10    3.732e+00      2.000e+01    8.328e+02    2.422e-02      3.54m        0         
408  2.471e+01    1.371e+10    6.282e-01      1.800e+01    5.283e+02    2.459e-02      3.27m        0         
409  2.507e+01    1.914e+13    2.955e+00      1.800e+01    5.283e+02    2.459e-02      3.05m        0         
410  2.518e+01    8.962e+15    7.210e-01      1.800e+01    5.283e+02    2.459e-02      3.08m        0         
411  2.551e+01    5.528e+12    3.152e+00      1.800e+01    5.283e+02    2.459e-02      2.57m        0         
412  2.623e+01    4.608e+08    1.736e+00      1.800e+01    5.283e+02    2.459e-02      2.36m        0         
413  2.697e+01    2.036e+12    6.315e-01      1.800e+01    5.283e+02    2.459e-02      2.15m        0         
414  2.635e+01    1.547e+09    1.335e+01      1.800e+01    5.283e+02    2.459e-02      2.02m        0         
415  2.579e+01    5.018e+09    8.634e-01      1.800e+01    5.283e+02    2.459e-02      1.66m        0         
416  2.592e+01    3.359e+10    7.036e-01      1.800e+01    5.283e+02    2.459e-02      1.58m        0         
417  2.600e+01    2.413e+10    4.477e+01      1.800e+01    5.283e+02    2.459e-02      1.52m        0         
418  2.715e+01    9.580e+09    6.617e-01      1.800e+01    5.283e+02    2.459e-02      1.17m        0         
419  2.732e+01    2.418e+12    1.107e+00      1.800e+01    5.283e+02    2.459e-02      1.02m        0         
420  2.682e+01    4.062e+11    8.323e-01      1.800e+01    5.283e+02    2.459e-02      46.10s       0         
421  2.555e+01    5.390e+06    8.671e-01      1.800e+01    5.283e+02    2.459e-02      33.49s       0         
422  2.569e+01    3.852e+09    6.453e-01      1.800e+01    5.320e+02    2.252e-02      24.99s       0         
423  2.642e+01    1.532e+11    1.741e+00      1.800e+01    5.320e+02    2.252e-02      12.60s       0         
424  2.568e+01    1.754e+10    7.789e+00      1.800e+01    5.320e+02    2.252e-02      0.00s        0         
425  2.599e+01    9.412e+08    1.413e+03      1.800e+01    5.320e+02    2.252e-02      4.69m        0         
426  2.606e+01    8.165e+07    9.546e-01      1.800e+01    5.320e+02    2.252e-02      4.55m        0         
427  2.698e+01    1.753e+16    8.551e-01      1.800e+01    5.320e+02    2.252e-02      4.38m        0         
428  2.685e+01    3.217e+12    6.349e-01      1.800e+01    5.320e+02    2.252e-02      4.19m        0         
429  2.538e+01    3.136e+08    6.774e-01      1.800e+01    5.320e+02    2.252e-02      3.83m        0         
430  2.651e+01    3.749e+08    6.528e-01      1.800e+01    5.320e+02    2.252e-02      3.75m        0         
431  2.566e+01    6.076e+15    1.023e+00      1.800e+01    5.320e+02    2.252e-02      3.49m        0         
432  2.618e+01    4.199e+11    6.415e+00      1.800e+01    5.320e+02    2.252e-02      3.51m        0         
433  2.655e+01    6.398e+17    1.133e+00      1.800e+01    5.320e+02    2.252e-02      3.31m        0         
434  2.575e+01    1.151e+11    3.325e+01      1.800e+01    5.320e+02    2.252e-02      2.97m        0         
435  2.528e+01    2.663e+10    1.125e+00      1.800e+01    5.320e+02    2.252e-02      2.93m        0         
436  2.531e+01    3.283e+10    1.406e+00      1.800e+01    5.320e+02    2.252e-02      2.66m        0         
437  2.650e+01    3.223e+08    4.128e+00      1.800e+01    5.320e+02    2.252e-02      2.34m        0         
438  2.391e+01    4.618e+09    5.884e-01      1.800e+01    5.320e+02    2.252e-02      1.93m        0         
439  2.489e+01    2.333e+09    3.070e+00      1.800e+01    5.320e+02    2.252e-02      1.96m        0         
440  2.497e+01    2.997e+09    2.634e+00      1.800e+01    5.320e+02    2.252e-02      1.83m        0         
441  2.458e+01    4.232e+08    9.729e-01      1.800e+01    5.320e+02    2.252e-02      1.52m        0         
442  2.502e+01    1.409e+08    1.516e+00      1.800e+01    5.320e+02    2.252e-02      1.44m        0         
443  2.458e+01    6.860e+08    1.631e+00      1.800e+01    5.320e+02    2.252e-02      1.19m        0         
444  2.591e+01    2.600e+15    5.343e+00      1.800e+01    5.320e+02    2.252e-02      58.79s       0         
445  2.522e+01    1.929e+08    6.404e-01      1.800e+01    5.320e+02    2.252e-02      52.06s       0         
446  2.484e+01    7.818e+07    6.550e-01      1.800e+01    5.320e+02    2.252e-02      34.51s       0         
447  2.527e+01    5.006e+07    9.460e+01      1.800e+01    5.320e+02    2.252e-02      25.32s       0         
448  2.503e+01    2.400e+07    6.288e+01      1.800e+01    5.320e+02    2.252e-02      11.44s       0         
449  2.466e+01    1.395e+08    6.310e-01      1.800e+01    5.320e+02    2.252e-02      0.00s        0         
450  2.506e+01    3.424e+08    8.206e+01      1.800e+01    5.320e+02    2.252e-02      4.69m        0         
451  2.505e+01    1.568e+09    5.541e-01      1.800e+01    5.320e+02    2.252e-02      4.62m        0         
452  2.503e+01    1.195e+10    9.724e-01      1.800e+01    5.320e+02    2.252e-02      4.54m        0         
453  2.479e+01    4.290e+13    7.291e+00      1.800e+01    5.320e+02    2.252e-02      4.25m        0         
454  2.539e+01    3.733e+08    8.975e-01      1.800e+01    5.320e+02    2.252e-02      4.08m        0         
455  2.449e+01    2.197e+07    9.112e-01      1.800e+01    5.320e+02    2.252e-02      3.92m        0         
456  2.470e+01    2.026e+06    1.935e+00      1.800e+01    5.320e+02    2.252e-02      3.51m        0         
457  2.477e+01    1.083e+07    1.044e+00      1.800e+01    5.320e+02    2.252e-02      3.55m        0         
458  2.497e+01    2.202e+06    7.981e-01      1.800e+01    5.320e+02    2.252e-02      3.33m        0         
459  2.500e+01    1.134e+07    1.148e+00      1.800e+01    5.320e+02    2.252e-02      2.99m        0         
460  2.566e+01    1.159e+10    5.686e-01      1.800e+01    5.320e+02    2.252e-02      2.76m        0         
461  2.511e+01    6.357e+06    3.535e+00      1.800e+01    5.320e+02    2.252e-02      2.66m        0         
462  2.491e+01    4.017e+08    7.617e-01      1.800e+01    5.320e+02    2.252e-02      2.35m        0         
463  2.557e+01    1.010e+08    2.947e+01      1.800e+01    5.320e+02    2.252e-02      2.42m        0         
464  2.495e+01    3.166e+07    4.987e+01      1.800e+01    5.320e+02    2.252e-02      2.17m        0         
465  2.471e+01    2.941e+07    6.430e-01      1.800e+01    5.320e+02    2.252e-02      1.95m        0         
466  2.672e+01    5.608e+14    9.615e-01      1.800e+01    5.320e+02    2.252e-02      1.66m        0         
467  2.625e+01    4.236e+09    7.450e-01      1.800e+01    5.320e+02    2.252e-02      1.41m        0         
468  2.559e+01    1.481e+12    6.945e+00      1.800e+01    5.320e+02    2.252e-02      1.19m        0         
469  2.603e+01    7.012e+08    7.472e-01      1.800e+01    5.320e+02    2.252e-02      1.21m        0         
470  2.591e+01    4.205e+07    8.302e-01      1.800e+01    5.320e+02    2.252e-02      45.46s       0         
471  2.607e+01    3.998e+13    5.979e-01      1.800e+01    5.320e+02    2.252e-02      35.92s       0         
472  2.644e+01    7.499e+12    4.663e+00      1.800e+01    5.320e+02    2.252e-02      22.99s       0         
473  2.628e+01    9.563e+12    8.894e+00      1.800e+01    5.320e+02    2.252e-02      11.54s       0         
474  2.643e+01    1.633e+10    5.494e+02      1.800e+01    5.320e+02    2.252e-02      0.00s        0         
475  2.658e+01    7.912e+10    6.111e-01      1.800e+01    5.320e+02    2.252e-02      4.92m        0         
476  2.625e+01    1.166e+08    6.691e-01      1.800e+01    5.320e+02    2.252e-02      5.14m        0         
477  2.660e+01    7.691e+08    9.085e-01      1.800e+01    5.320e+02    2.252e-02      4.81m        0         
478  2.619e+01    1.638e+08    5.605e-01      1.800e+01    5.320e+02    2.252e-02      4.37m        0         
479  2.660e+01    1.808e+09    3.083e+02      1.800e+01    5.320e+02    2.252e-02      4.10m        0         
480  2.589e+01    1.454e+08    3.060e+01      1.800e+01    5.320e+02    2.252e-02      3.87m        0         
481  2.600e+01    2.761e+15    1.127e+00      1.800e+01    5.320e+02    2.252e-02      3.64m        0         
482  2.588e+01    1.291e+07    9.681e-01      1.800e+01    5.320e+02    2.252e-02      3.54m        0         
483  2.588e+01    2.582e+14    5.747e-01      1.800e+01    5.320e+02    2.252e-02      3.34m        0         
484  2.642e+01    4.966e+09    7.709e-01      1.800e+01    5.320e+02    2.252e-02      3.05m        0         
485  2.579e+01    6.924e+08    4.771e+00      1.800e+01    5.320e+02    2.252e-02      2.81m        0         
486  2.687e+01    9.365e+09    9.036e-01      1.800e+01    5.320e+02    2.252e-02      2.61m        0         
487  2.662e+01    2.519e+08    4.573e+00      1.800e+01    5.320e+02    2.252e-02      2.49m        0         
488  2.613e+01    7.747e+08    9.590e-01      1.800e+01    5.320e+02    2.252e-02      2.32m        0         
489  2.684e+01    1.318e+10    6.041e-01      1.800e+01    5.320e+02    2.252e-02      1.97m        0         
490  2.563e+01    1.284e+10    7.233e-01      1.800e+01    5.320e+02    2.252e-02      1.60m        0         
491  2.573e+01    1.492e+08    2.772e+00      1.800e+01    5.320e+02    2.252e-02      1.62m        0         
492  2.537e+01    8.635e+07    1.130e+00      1.800e+01    5.320e+02    2.252e-02      1.37m        0         
493  2.521e+01    3.736e+11    9.308e-01      1.800e+01    5.320e+02    2.252e-02      1.21m        0         
494  2.529e+01    3.644e+10    2.034e+00      1.800e+01    5.320e+02    2.252e-02      1.06m        0         
495  2.592e+01    1.304e+08    1.965e+01      1.800e+01    5.320e+02    2.252e-02      45.43s       0         
496  2.581e+01    2.209e+08    6.999e-01      1.800e+01    5.320e+02    2.252e-02      33.58s       0         
497  2.575e+01    2.656e+07    6.379e+00      1.800e+01    5.320e+02    2.252e-02      23.38s       0         
498  2.522e+01    6.533e+09    1.189e+01      1.800e+01    5.320e+02    2.252e-02      12.37s       0         
499  2.421e+01    3.650e+07    7.369e-01      1.800e+01    5.320e+02    2.252e-02      0.00s        0         





Time: 1h:32m:16s
####   Data for the best program   ####
Best Program: add(cos(mul(1.973, X0)), sin(add(X1, mul(1.049, mul(cos(div(0.054, X1)), div(X1, 0.462))))))
Best Program Complexity: 18
Raw Fitness: 0.02251835400122351
Penalized Fitness: 0.040518354001223514
Estimator		Train-rmse: 0.02251835400122351	Test-rmse: 0.024811534209995285	Test-R^2: 0.9979446356123813

{'complexity': 'length', 'const_range': (1e-10, 2.0), 'elitism_size': 1, 'function_set': ('add', 'sub', 'div', 'mul', 'sin', 'cos'), 'generations': 500, 'init_depth': (3, 6), 'init_method': 'half and half', 'low_memory': True, 'max_samples': 1.0, 'metric': 'rmse', 'n_jobs': 2, 'p_crossover': 0.4, 'p_hoist_mutation': 0.0, 'p_point_mutation': 0.3, 'p_point_replace': 0.05, 'p_subtree_mutation': 0.3, 'paretogp': False, 'paretogp_lengths': (5, 160), 'parsimony_coefficient': 0.001, 'population_size': 800, 'random_state': 1324143402, 'selection': 'eplex', 'stopping_criteria': 1e-10, 'tournament_size': 11, 'verbose': 1, 'warm_start': True}
