    |          Population Average          |           Best Individual            |
---- -------------------------------------- -------------------------------------- ----------
Gen  Length       Kommenda     Fitness        Length       Kommenda     Fitness        Time Left    Front Size
0    2.440e+01    1.389e+08    6.489e+06      3.900e+01    2.438e+04    5.255e-01      8.52s        0         
1    1.318e+01    1.816e+05    4.843e+03      8.000e+00    1.859e+01    4.093e-01      17.46s       0         
2    1.001e+01    2.994e+06    3.476e+01      8.000e+00    1.859e+01    4.093e-01      15.73s       0         
3    9.986e+00    3.444e+06    2.942e+01      6.000e+00    5.378e+00    3.665e-01      15.10s       0         
4    1.255e+01    3.967e+05    7.221e+00      6.000e+01    1.623e+06    3.474e-01      14.71s       0         
5    1.034e+01    7.948e+06    1.884e+02      2.000e+01    3.285e+03    3.409e-01      13.52s       0         
6    8.467e+00    1.416e+06    1.730e+01      1.100e+01    1.233e+01    3.344e-01      18.42s       0         
7    8.190e+00    6.825e+04    1.518e+01      1.100e+01    1.233e+01    3.344e-01      11.87s       0         
8    1.036e+01    4.257e+06    3.592e+02      2.100e+01    3.286e+03    3.127e-01      11.76s       0         
9    1.190e+01    1.523e+06    1.162e+02      1.100e+01    1.404e+01    3.101e-01      11.22s       0         
10   1.395e+01    1.502e+06    3.195e+00      2.500e+01    3.292e+03    2.633e-01      10.83s       0         
11   1.429e+01    4.111e+05    1.472e+02      2.000e+01    4.694e+02    2.433e-01      10.25s       0         
12   1.477e+01    2.783e+05    4.670e+00      2.000e+01    4.694e+02    2.433e-01      9.45s        0         
13   1.650e+01    6.156e+04    1.232e+01      2.600e+01    7.664e+03    2.247e-01      9.10s        0         
14   1.732e+01    3.954e+06    5.926e+00      2.400e+01    3.099e+03    2.111e-01      8.34s        0         
15   2.068e+01    4.241e+07    1.100e+03      2.600e+01    3.123e+03    1.682e-01      7.77s        0         
16   2.185e+01    1.104e+11    7.647e+00      2.600e+01    2.218e+03    1.630e-01      7.09s        0         
17   2.234e+01    1.331e+06    1.444e+01      2.600e+01    2.218e+03    1.630e-01      8.69s        0         
18   2.232e+01    9.370e+06    3.792e+00      2.600e+01    2.218e+03    1.630e-01      5.51s        0         
19   2.359e+01    3.525e+07    6.766e+01      3.800e+01    4.803e+05    1.561e-01      4.71s        0         
20   2.486e+01    4.033e+08    1.360e+01      3.800e+01    4.803e+05    1.561e-01      3.87s        0         
21   2.554e+01    2.736e+07    2.010e+00      2.600e+01    2.218e+03    1.558e-01      2.93s        0         
22   2.606e+01    6.443e+06    2.720e+00      3.100e+01    6.103e+03    1.544e-01      1.99s        0         
23   2.616e+01    2.995e+06    7.612e+01      3.100e+01    6.103e+03    1.544e-01      1.02s        0         
24   2.553e+01    1.154e+05    4.688e+00      4.700e+01    4.288e+05    1.490e-01      0.00s        0         
25   2.516e+01    8.350e+05    2.378e+01      2.800e+01    1.140e+03    1.439e-01      24.14s       0         
26   2.483e+01    8.823e+04    2.170e+00      2.700e+01    4.400e+03    1.314e-01      30.21s       0         
27   2.541e+01    1.621e+09    2.576e+00      2.700e+01    4.400e+03    1.314e-01      23.34s       0         
28   2.512e+01    1.181e+06    6.288e+00      2.600e+01    6.149e+02    1.233e-01      21.28s       0         
29   2.607e+01    2.510e+06    4.283e+01      2.600e+01    6.149e+02    1.233e-01      20.58s       0         
30   2.590e+01    1.785e+05    1.012e+01      4.000e+01    1.496e+05    1.217e-01      19.80s       0         
31   2.643e+01    1.051e+08    2.100e+00      2.600e+01    8.175e+02    1.184e-01      18.35s       0         
32   2.677e+01    1.944e+06    2.980e+02      2.700e+01    8.175e+02    1.118e-01      18.07s       0         
33   2.659e+01    5.434e+05    2.932e+01      2.600e+01    8.175e+02    1.060e-01      16.47s       0         
34   2.616e+01    4.993e+07    2.729e+00      2.700e+01    8.175e+02    9.095e-02      20.58s       0         
35   2.512e+01    2.203e+05    1.012e+01      2.700e+01    8.175e+02    9.095e-02      14.79s       0         
36   2.478e+01    8.214e+06    6.723e+01      2.700e+01    8.175e+02    9.095e-02      13.22s       0         
37   2.467e+01    3.190e+07    9.541e+01      2.700e+01    1.060e+03    9.000e-02      11.97s       0         
38   2.370e+01    1.783e+05    1.429e+00      2.700e+01    6.149e+02    9.027e-02      10.76s       0         
39   2.338e+01    1.791e+05    7.340e+00      2.100e+01    5.907e+01    7.187e-02      9.69s        0         
40   2.205e+01    5.672e+06    3.938e+01      2.600e+01    1.160e+02    6.997e-02      8.72s        0         
41   1.975e+01    2.783e+05    2.214e+03      2.100e+01    5.439e+01    6.667e-02      7.47s        0         
42   1.871e+01    1.606e+05    3.070e+00      2.100e+01    5.618e+01    5.759e-02      6.40s        0         
43   1.830e+01    5.916e+05    8.506e+01      2.200e+01    7.595e+01    5.708e-02      7.42s        0         
44   1.824e+01    1.414e+05    5.249e+01      2.200e+01    7.595e+01    5.708e-02      4.53s        0         
45   1.925e+01    3.086e+08    6.595e+04      2.200e+01    7.595e+01    5.708e-02      3.61s        0         
46   2.011e+01    5.717e+04    1.514e+02      2.700e+01    5.304e+02    4.623e-02      2.77s        0         
47   2.083e+01    3.663e+04    1.311e+05      2.700e+01    5.304e+02    4.623e-02      1.88s        0         
48   2.093e+01    2.508e+08    1.864e+02      2.700e+01    5.304e+02    4.623e-02      0.96s        0         
49   2.161e+01    3.437e+06    2.538e+02      2.700e+01    5.304e+02    4.623e-02      0.00s        0         
50   2.120e+01    3.297e+05    1.763e+02      2.700e+01    5.304e+02    4.623e-02      23.48s       0         
51   2.221e+01    5.669e+10    2.800e+02      2.700e+01    5.304e+02    4.623e-02      22.85s       0         
52   2.281e+01    1.026e+08    1.761e+02      1.300e+01    3.518e+01    4.479e-02      28.70s       0         
53   2.357e+01    2.024e+06    1.487e+02      1.300e+01    3.518e+01    4.479e-02      21.02s       0         
54   2.384e+01    4.941e+05    1.136e+00      1.300e+01    3.518e+01    4.479e-02      19.97s       0         
55   2.263e+01    5.611e+11    4.164e+01      1.300e+01    3.518e+01    4.479e-02      18.97s       0         
56   1.842e+01    6.035e+10    4.316e+01      1.300e+01    3.518e+01    4.479e-02      17.06s       0         
57   1.443e+01    3.928e+04    1.224e+00      1.300e+01    3.518e+01    4.479e-02      15.06s       0         
58   1.341e+01    4.330e+05    4.172e+00      1.500e+01    3.518e+01    3.495e-02      13.42s       0         
59   1.302e+01    1.195e+05    2.087e+01      1.500e+01    3.518e+01    3.427e-02      12.43s       0         
60   1.319e+01    5.660e+05    1.651e+00      1.500e+01    3.518e+01    3.427e-02      16.14s       0         
61   1.313e+01    4.538e+03    6.833e+01      1.500e+01    3.518e+01    3.427e-02      11.51s       0         
62   1.333e+01    9.682e+07    5.256e+01      1.500e+01    3.518e+01    3.427e-02      10.27s       0         
63   1.280e+01    2.271e+05    9.789e+02      1.500e+01    3.518e+01    3.427e-02      9.40s        0         
64   1.251e+01    5.641e+09    4.686e+00      1.500e+01    3.518e+01    3.427e-02      8.17s        0         
65   1.267e+01    1.989e+05    2.272e+01      1.500e+01    3.518e+01    3.427e-02      7.07s        0         
66   1.262e+01    1.927e+03    5.606e+00      1.200e+01    3.518e+01    3.711e-02      6.34s        0         
67   1.273e+01    4.071e+08    1.771e+00      1.200e+01    3.518e+01    3.711e-02      5.81s        0         
68   1.218e+01    3.744e+07    1.600e+00      1.500e+01    1.773e+02    3.451e-02      5.04s        0         
69   1.247e+01    1.016e+06    3.053e+02      1.200e+01    3.518e+01    3.711e-02      4.25s        0         
70   1.257e+01    1.036e+09    5.172e+00      1.300e+01    3.518e+01    3.359e-02      4.72s        0         
71   1.215e+01    2.939e+03    2.535e+00      1.300e+01    3.518e+01    3.359e-02      2.55s        0         
72   1.250e+01    1.297e+06    5.574e+03      1.300e+01    3.518e+01    3.359e-02      1.68s        0         
73   1.274e+01    1.333e+07    3.018e+01      1.300e+01    3.518e+01    3.359e-02      0.85s        0         
74   1.294e+01    8.703e+05    2.793e+00      1.300e+01    3.518e+01    3.359e-02      0.00s        0         
75   1.336e+01    2.654e+14    1.011e+02      1.300e+01    3.518e+01    3.359e-02      20.01s       0         
76   1.316e+01    1.966e+04    3.383e+01      1.300e+01    3.518e+01    3.359e-02      18.62s       0         
77   1.327e+01    2.446e+06    3.761e+00      1.300e+01    3.518e+01    3.359e-02      17.59s       0         
78   1.322e+01    2.275e+05    3.285e+01      1.300e+01    3.518e+01    3.359e-02      17.11s       0         
79   1.329e+01    3.389e+08    1.020e+02      1.300e+01    3.518e+01    3.359e-02      16.68s       0         
80   1.332e+01    2.149e+04    1.461e+02      1.300e+01    3.518e+01    3.359e-02      22.13s       0         
81   1.319e+01    9.979e+07    3.196e+01      1.300e+01    3.518e+01    3.359e-02      15.25s       0         
82   1.388e+01    1.077e+08    4.553e+00      1.800e+01    8.921e+02    3.357e-02      14.57s       0         
83   1.301e+01    3.546e+03    3.647e+01      1.300e+01    3.518e+01    3.359e-02      14.03s       0         
84   1.329e+01    4.743e+03    5.638e+04      1.300e+01    3.518e+01    3.359e-02      12.98s       0         
85   1.337e+01    3.120e+06    3.198e+00      1.300e+01    3.518e+01    3.359e-02      12.07s       0         
86   1.345e+01    2.897e+07    4.899e+02      1.300e+01    3.518e+01    3.359e-02      11.35s       0         
87   1.347e+01    4.974e+06    1.886e+02      1.300e+01    3.518e+01    3.359e-02      10.60s       0         
88   1.344e+01    1.191e+07    2.239e+00      1.300e+01    3.518e+01    3.359e-02      12.94s       0         
89   1.349e+01    8.301e+07    5.078e+00      1.300e+01    3.518e+01    3.359e-02      8.99s        0         
90   1.335e+01    1.196e+09    6.721e+01      1.300e+01    3.518e+01    3.359e-02      7.78s        0         
91   1.342e+01    2.702e+03    9.134e+02      1.300e+01    3.518e+01    3.349e-02      6.97s        0         
92   1.307e+01    1.551e+03    1.519e+03      1.300e+01    3.518e+01    3.349e-02      6.09s        0         
93   1.338e+01    2.726e+03    1.482e+00      1.300e+01    3.518e+01    3.349e-02      5.22s        0         
94   1.349e+01    2.117e+10    1.444e+01      1.300e+01    3.518e+01    3.349e-02      4.41s        0         
95   1.349e+01    2.249e+06    9.961e+01      1.300e+01    3.518e+01    3.349e-02      3.44s        0         
96   1.304e+01    3.458e+03    1.318e+03      1.300e+01    3.518e+01    3.349e-02      2.48s        0         
97   1.321e+01    4.858e+06    1.080e+00      1.300e+01    3.518e+01    3.349e-02      2.20s        0         
98   1.343e+01    1.152e+05    1.213e+01      1.300e+01    3.518e+01    3.349e-02      0.81s        0         
99   1.327e+01    2.449e+06    1.493e+00      1.300e+01    3.518e+01    3.349e-02      0.00s        0         
100  1.340e+01    2.928e+06    1.320e+01      1.300e+01    3.518e+01    3.349e-02      20.24s       0         
101  1.341e+01    2.065e+08    2.036e+00      1.300e+01    3.518e+01    3.349e-02      19.60s       0         
102  1.309e+01    6.611e+06    2.811e+02      2.500e+01    4.069e+03    3.130e-02      19.68s       0         
103  1.357e+01    4.133e+04    1.805e+00      1.300e+01    3.518e+01    3.349e-02      19.34s       0         
104  1.303e+01    1.086e+04    4.233e+00      1.300e+01    3.518e+01    3.349e-02      17.96s       0         
105  1.356e+01    1.134e+05    1.101e+00      1.300e+01    3.518e+01    3.349e-02      17.12s       0         
106  1.344e+01    9.771e+03    5.937e+01      1.300e+01    3.518e+01    3.349e-02      22.00s       0         
107  1.324e+01    1.017e+04    1.995e+00      1.300e+01    3.518e+01    3.349e-02      15.23s       0         
108  1.356e+01    2.862e+08    1.706e+00      1.300e+01    3.518e+01    3.349e-02      14.57s       0         
109  1.338e+01    7.883e+06    5.861e+00      1.300e+01    3.518e+01    3.349e-02      13.70s       0         
110  1.350e+01    6.501e+06    9.230e+00      1.300e+01    3.518e+01    3.349e-02      12.87s       0         
111  1.331e+01    3.611e+05    3.281e+01      1.300e+01    3.518e+01    3.349e-02      11.74s       0         
112  1.331e+01    7.035e+07    7.596e+02      1.300e+01    3.518e+01    3.349e-02      10.69s       0         
113  1.337e+01    3.656e+08    6.922e+00      1.300e+01    3.518e+01    3.349e-02      9.50s        0         
114  1.345e+01    1.299e+07    4.120e+00      1.300e+01    3.518e+01    3.349e-02      12.28s       0         
115  1.346e+01    1.783e+06    1.759e+03      1.300e+01    3.518e+01    3.349e-02      8.14s        0         
116  1.309e+01    4.050e+04    1.225e+02      1.300e+01    3.518e+01    3.349e-02      6.99s        0         
117  1.307e+01    6.400e+05    1.733e+00      1.300e+01    3.518e+01    3.349e-02      6.25s        0         
118  1.315e+01    1.361e+06    1.027e+01      1.300e+01    3.518e+01    3.349e-02      5.33s        0         
119  1.311e+01    7.173e+04    2.219e+00      1.300e+01    3.518e+01    3.349e-02      4.40s        0         
120  1.313e+01    3.647e+03    1.410e+03      1.300e+01    3.518e+01    3.349e-02      3.52s        0         
121  1.355e+01    1.632e+07    9.668e+01      1.300e+01    3.518e+01    3.349e-02      2.69s        0         
122  1.329e+01    9.650e+04    8.948e+00      1.300e+01    3.518e+01    3.349e-02      2.42s        0         
123  1.327e+01    1.288e+06    3.465e+00      1.300e+01    3.518e+01    3.349e-02      0.95s        0         
124  1.325e+01    5.809e+04    1.463e+01      1.300e+01    3.518e+01    3.349e-02      0.00s        0         
125  1.367e+01    2.144e+05    1.008e+03      1.300e+01    3.518e+01    3.349e-02      21.67s       0         
126  1.308e+01    5.096e+07    3.742e+02      1.300e+01    3.518e+01    3.349e-02      20.69s       0         
127  1.303e+01    5.604e+05    3.842e+01      1.300e+01    3.518e+01    3.349e-02      19.82s       0         
128  1.314e+01    6.183e+03    1.386e+00      1.300e+01    3.518e+01    3.349e-02      19.14s       0         
129  1.325e+01    8.303e+03    1.023e+01      1.300e+01    3.518e+01    3.349e-02      18.12s       0         
130  1.359e+01    1.348e+09    3.285e+00      1.300e+01    3.518e+01    3.349e-02      22.90s       0         
131  1.327e+01    1.185e+10    2.144e+04      1.300e+01    3.518e+01    3.349e-02      16.35s       0         
132  1.330e+01    2.974e+04    4.329e+00      1.300e+01    3.518e+01    3.349e-02      15.43s       0         
133  1.332e+01    5.880e+05    4.304e+01      1.300e+01    3.518e+01    3.349e-02      14.20s       0         
134  1.357e+01    3.783e+05    1.102e+01      1.300e+01    3.518e+01    3.349e-02      13.73s       0         
135  1.320e+01    8.699e+03    9.695e+01      1.300e+01    3.518e+01    3.349e-02      12.87s       0         
136  1.310e+01    5.509e+07    1.118e+00      1.300e+01    3.518e+01    3.349e-02      11.84s       0         
137  1.340e+01    3.363e+04    1.183e+00      1.300e+01    3.518e+01    3.349e-02      10.85s       0         
138  1.323e+01    1.948e+06    2.817e+00      1.300e+01    3.518e+01    3.349e-02      13.63s       0         
139  1.340e+01    3.890e+07    2.200e+00      1.300e+01    3.518e+01    3.349e-02      9.35s        0         
140  1.324e+01    6.773e+04    6.204e+01      1.300e+01    3.518e+01    3.349e-02      8.18s        0         
141  1.344e+01    3.294e+07    1.845e+00      1.300e+01    3.518e+01    3.349e-02      7.13s        0         
142  1.338e+01    1.108e+04    1.112e+02      1.300e+01    3.518e+01    3.349e-02      6.33s        0         
143  1.324e+01    2.614e+05    1.254e+01      1.300e+01    3.518e+01    3.349e-02      5.56s        0         
144  1.295e+01    1.411e+10    2.980e+00      1.300e+01    3.518e+01    3.349e-02      4.52s        0         
145  1.328e+01    2.590e+10    2.131e+00      1.300e+01    3.518e+01    3.349e-02      3.58s        0         
146  1.339e+01    7.828e+05    6.872e+00      1.300e+01    3.518e+01    3.349e-02      2.75s        0         
147  1.318e+01    8.025e+04    9.756e-01      1.300e+01    3.518e+01    3.349e-02      2.39s        0         
148  1.369e+01    7.039e+09    5.455e+00      1.300e+01    3.518e+01    3.349e-02      0.91s        0         
149  1.332e+01    1.077e+05    6.945e+00      1.300e+01    3.518e+01    3.349e-02      0.00s        0         
150  1.328e+01    2.855e+10    1.080e+00      1.300e+01    3.518e+01    3.349e-02      21.68s       0         
151  1.294e+01    7.373e+09    1.667e+00      1.300e+01    3.518e+01    3.349e-02      20.23s       0         
152  1.350e+01    3.903e+06    1.090e+01      1.300e+01    3.518e+01    3.349e-02      19.56s       0         
153  1.359e+01    1.453e+07    4.745e+00      1.300e+01    3.518e+01    3.349e-02      19.14s       0         
154  1.312e+01    2.061e+03    9.295e-01      1.300e+01    3.518e+01    3.349e-02      17.62s       0         
155  1.331e+01    2.003e+03    1.953e+00      1.300e+01    3.518e+01    3.349e-02      22.77s       0         
156  1.326e+01    4.426e+05    1.192e+01      1.300e+01    3.518e+01    3.349e-02      15.66s       0         
157  1.328e+01    3.497e+06    1.101e+01      1.300e+01    3.518e+01    3.349e-02      15.35s       0         
158  1.352e+01    4.886e+04    1.981e+00      1.300e+01    3.518e+01    3.349e-02      14.20s       0         
159  1.313e+01    2.522e+03    1.419e+00      1.300e+01    3.518e+01    3.349e-02      13.22s       0         
160  1.303e+01    1.490e+04    2.008e+01      1.300e+01    3.518e+01    3.349e-02      11.97s       0         
161  1.248e+01    2.542e+08    2.607e+01      1.300e+01    3.518e+01    3.349e-02      10.98s       0         
162  1.220e+01    6.488e+05    7.394e-01      1.300e+01    3.518e+01    3.349e-02      9.55s        0         
163  1.232e+01    2.161e+04    1.184e+00      1.200e+01    3.518e+01    3.351e-02      8.78s        0         
164  1.250e+01    1.874e+07    5.649e+00      1.200e+01    3.518e+01    3.351e-02      11.60s       0         
165  1.215e+01    2.144e+04    5.363e+00      1.200e+01    3.518e+01    3.351e-02      7.65s        0         
166  1.250e+01    2.890e+06    3.704e+01      1.200e+01    3.518e+01    3.351e-02      6.82s        0         
167  1.228e+01    4.863e+05    1.702e+00      1.200e+01    3.518e+01    3.351e-02      5.92s        0         
168  1.254e+01    3.322e+03    5.698e+00      1.200e+01    3.518e+01    3.351e-02      5.19s        0         
169  1.257e+01    5.009e+03    2.092e+00      1.200e+01    3.518e+01    3.351e-02      4.35s        0         
170  1.225e+01    1.103e+03    1.991e+01      1.200e+01    3.518e+01    3.351e-02      3.43s        0         
171  1.247e+01    2.317e+07    1.644e+00      1.200e+01    3.518e+01    3.351e-02      2.58s        0         
172  1.225e+01    1.915e+06    9.855e+01      1.200e+01    3.518e+01    3.351e-02      2.33s        0         
173  1.236e+01    2.197e+02    1.467e+01      1.200e+01    3.518e+01    3.351e-02      0.88s        0         
174  1.235e+01    1.133e+05    1.420e+00      1.200e+01    3.518e+01    3.351e-02      0.00s        0         
175  1.232e+01    4.762e+04    4.066e+05      1.300e+01    8.475e+01    3.349e-02      20.62s       0         
176  1.245e+01    6.229e+03    1.351e+02      1.300e+01    8.475e+01    3.349e-02      20.38s       0         
177  1.249e+01    1.002e+09    6.358e+00      1.200e+01    3.518e+01    3.351e-02      19.17s       0         
178  1.244e+01    2.912e+04    1.658e+00      1.200e+01    3.518e+01    3.351e-02      17.97s       0         
179  1.231e+01    1.933e+04    1.377e+00      1.200e+01    3.518e+01    3.351e-02      17.31s       0         
180  1.259e+01    9.302e+09    4.623e+01      1.200e+01    3.518e+01    3.351e-02      16.65s       0         
181  1.232e+01    8.140e+03    5.110e+00      1.200e+01    3.518e+01    3.351e-02      21.26s       0         
182  1.269e+01    2.427e+06    3.977e+01      1.200e+01    3.518e+01    3.351e-02      14.59s       0         
183  1.221e+01    1.263e+04    1.649e+00      1.200e+01    3.518e+01    3.351e-02      13.59s       0         
184  1.252e+01    3.185e+03    3.618e+01      1.200e+01    3.518e+01    3.351e-02      12.95s       0         
185  1.263e+01    1.501e+05    1.345e+00      1.200e+01    3.518e+01    3.351e-02      12.33s       0         
186  1.221e+01    5.236e+03    3.253e+00      1.200e+01    3.518e+01    3.351e-02      11.19s       0         
187  1.237e+01    5.669e+07    8.139e+01      1.200e+01    3.518e+01    3.351e-02      10.54s       0         
188  1.271e+01    2.372e+04    1.691e+00      1.200e+01    3.518e+01    3.351e-02      9.71s        0         
189  1.212e+01    3.668e+05    1.959e+00      1.200e+01    3.518e+01    3.351e-02      8.64s        0         
190  1.246e+01    2.638e+04    2.566e+00      1.200e+01    3.518e+01    3.351e-02      10.73s       0         
191  1.231e+01    1.238e+03    1.213e+00      1.200e+01    3.518e+01    3.351e-02      6.87s        0         
192  1.260e+01    5.621e+07    1.905e+03      1.200e+01    3.518e+01    3.351e-02      5.94s        0         
193  1.248e+01    3.593e+05    1.674e+00      1.200e+01    3.518e+01    3.351e-02      5.14s        0         
194  1.222e+01    8.646e+05    6.858e+01      1.200e+01    3.518e+01    3.351e-02      4.32s        0         
195  1.264e+01    2.164e+05    2.031e+00      1.200e+01    3.518e+01    3.351e-02      3.44s        0         
196  1.234e+01    2.305e+04    6.228e+00      1.200e+01    3.518e+01    3.351e-02      2.61s        0         
197  1.255e+01    9.945e+03    5.120e+01      1.200e+01    3.518e+01    3.351e-02      1.78s        0         
198  1.220e+01    6.807e+02    1.015e+02      1.200e+01    3.518e+01    3.351e-02      1.21s        0         
199  1.256e+01    3.510e+05    2.514e+00      1.200e+01    3.518e+01    3.351e-02      0.00s        0         
200  1.201e+01    1.519e+03    4.673e+00      1.200e+01    3.518e+01    3.351e-02      20.85s       0         
201  1.226e+01    2.423e+02    6.531e+01      1.200e+01    3.518e+01    3.351e-02      19.81s       0         
202  1.238e+01    5.302e+06    8.492e-01      1.400e+01    4.297e+01    3.349e-02      19.10s       0         
203  1.240e+01    2.233e+03    3.892e+00      1.200e+01    3.518e+01    3.351e-02      18.37s       0         
204  1.231e+01    5.463e+04    1.980e+03      1.200e+01    3.518e+01    3.351e-02      17.36s       0         
205  1.237e+01    2.653e+05    2.938e+00      1.200e+01    3.518e+01    3.351e-02      16.49s       0         
206  1.257e+01    1.449e+05    2.141e+00      1.200e+01    3.518e+01    3.351e-02      15.72s       0         
207  1.253e+01    7.861e+04    4.417e+01      1.200e+01    3.518e+01    3.351e-02      20.09s       0         
208  1.211e+01    2.800e+04    5.943e+01      1.200e+01    3.518e+01    3.351e-02      14.02s       0         
209  1.216e+01    6.372e+11    7.194e+04      1.200e+01    3.518e+01    3.351e-02      12.95s       0         
210  1.218e+01    2.029e+03    5.062e+00      1.200e+01    3.518e+01    3.351e-02      12.00s       0         
211  1.262e+01    2.928e+07    4.708e+01      1.200e+01    3.518e+01    3.351e-02      11.37s       0         
212  1.244e+01    1.537e+06    4.007e+00      1.200e+01    3.518e+01    3.351e-02      10.50s       0         
213  1.262e+01    2.098e+04    9.762e+01      1.200e+01    3.518e+01    3.351e-02      9.60s        0         
214  1.232e+01    3.074e+05    5.917e+00      1.200e+01    3.518e+01    3.351e-02      9.11s        0         
215  1.237e+01    6.482e+04    1.791e+01      1.200e+01    3.518e+01    3.351e-02      11.18s       0         
216  1.228e+01    1.025e+04    1.851e+05      1.200e+01    3.518e+01    3.351e-02      7.27s        0         
217  1.243e+01    2.671e+07    1.042e+04      1.200e+01    3.518e+01    3.351e-02      6.22s        0         
218  1.250e+01    1.105e+06    1.952e+03      1.200e+01    3.518e+01    3.351e-02      5.24s        0         
219  1.288e+01    1.961e+06    3.521e+01      1.200e+01    3.518e+01    3.351e-02      4.37s        0         
220  1.249e+01    6.805e+03    7.571e+00      1.200e+01    3.518e+01    3.351e-02      3.51s        0         
221  1.244e+01    4.729e+07    8.887e+00      1.200e+01    3.518e+01    3.351e-02      2.64s        0         
222  1.232e+01    1.209e+04    1.178e+01      1.200e+01    3.518e+01    3.351e-02      1.78s        0         
223  1.239e+01    3.215e+03    1.006e+02      1.200e+01    3.518e+01    3.351e-02      0.96s        0         
224  1.240e+01    2.477e+05    7.295e+00      1.200e+01    3.518e+01    3.351e-02      0.00s        0         
225  1.256e+01    1.177e+06    3.862e+01      1.200e+01    3.518e+01    3.351e-02      21.46s       0         
226  1.237e+01    1.928e+05    2.388e+00      1.200e+01    3.518e+01    3.351e-02      20.00s       0         
227  1.233e+01    1.074e+05    5.439e+03      1.200e+01    3.518e+01    3.351e-02      19.20s       0         
228  1.254e+01    1.554e+04    4.489e+01      1.200e+01    3.518e+01    3.351e-02      18.29s       0         
229  1.226e+01    2.249e+03    9.545e+00      1.200e+01    3.518e+01    3.351e-02      17.48s       0         
230  1.236e+01    7.761e+03    1.978e+01      1.200e+01    3.518e+01    3.351e-02      16.34s       0         
231  1.235e+01    1.036e+07    2.133e+02      1.200e+01    3.518e+01    3.349e-02      15.42s       0         
232  1.213e+01    3.763e+03    8.891e+00      1.200e+01    3.518e+01    3.349e-02      20.45s       0         
233  1.249e+01    1.782e+05    3.177e+01      1.200e+01    3.518e+01    3.349e-02      14.09s       0         
234  1.236e+01    2.276e+04    2.759e+00      1.200e+01    3.518e+01    3.349e-02      13.11s       0         
235  1.261e+01    2.186e+04    2.028e+05      1.200e+01    3.518e+01    3.349e-02      11.91s       0         
236  1.249e+01    2.026e+06    3.387e+01      1.200e+01    3.518e+01    3.349e-02      10.86s       0         
237  1.229e+01    2.718e+03    8.357e+00      1.200e+01    3.518e+01    3.349e-02      9.87s        0         
238  1.260e+01    1.100e+05    6.385e+02      1.200e+01    3.518e+01    3.349e-02      8.87s        0         
239  1.240e+01    3.247e+04    3.183e+01      1.200e+01    3.518e+01    3.349e-02      8.20s        0         
240  1.215e+01    4.470e+02    8.108e-01      1.200e+01    3.518e+01    3.349e-02      7.55s        0         
241  1.214e+01    6.306e+03    3.924e+01      1.200e+01    3.518e+01    3.349e-02      9.35s        0         
242  1.220e+01    4.885e+06    9.162e+00      1.200e+01    3.518e+01    3.349e-02      5.99s        0         
243  1.271e+01    4.497e+08    8.999e+01      1.200e+01    3.518e+01    3.349e-02      5.16s        0         
244  1.235e+01    1.202e+05    1.284e+00      1.200e+01    3.518e+01    3.349e-02      4.33s        0         
245  1.237e+01    5.958e+03    6.250e+00      1.200e+01    3.518e+01    3.349e-02      3.56s        0         
246  1.260e+01    3.027e+05    8.053e+00      1.200e+01    3.518e+01    3.349e-02      2.60s        0         
247  1.253e+01    8.830e+07    2.246e+04      1.200e+01    3.518e+01    3.349e-02      1.75s        0         
248  1.242e+01    9.308e+04    2.296e+00      1.200e+01    3.518e+01    3.349e-02      0.88s        0         
249  1.196e+01    6.512e+05    1.550e+00      1.200e+01    3.518e+01    3.349e-02      0.00s        0         
250  1.285e+01    7.707e+04    3.357e+00      1.200e+01    3.518e+01    3.349e-02      29.04s       0         
251  1.232e+01    3.379e+04    2.748e+04      1.200e+01    3.518e+01    3.349e-02      20.80s       0         
252  1.253e+01    3.514e+08    9.794e+03      1.200e+01    3.518e+01    3.349e-02      18.84s       0         
253  1.234e+01    1.020e+08    8.794e-01      1.200e+01    3.518e+01    3.349e-02      18.07s       0         
254  1.256e+01    5.436e+03    1.270e+01      1.200e+01    3.518e+01    3.349e-02      17.09s       0         
255  1.246e+01    2.420e+04    4.020e+00      1.200e+01    3.518e+01    3.349e-02      16.47s       0         
256  1.249e+01    1.113e+04    1.582e+01      1.500e+01    3.700e+01    3.343e-02      15.54s       0         
257  1.221e+01    2.759e+04    9.878e+01      1.200e+01    3.518e+01    3.349e-02      14.67s       0         
258  1.248e+01    4.754e+07    4.762e+00      1.200e+01    3.518e+01    3.349e-02      15.18s       0         
259  1.250e+01    1.549e+04    3.445e+01      1.200e+01    3.518e+01    3.349e-02      13.13s       0         
260  1.246e+01    1.495e+07    4.644e+00      1.200e+01    3.518e+01    3.349e-02      12.46s       0         
261  1.254e+01    1.904e+08    2.056e+03      1.200e+01    3.518e+01    3.349e-02      11.44s       0         
262  1.243e+01    2.768e+04    6.397e+00      1.200e+01    3.518e+01    3.349e-02      10.41s       0         
263  1.243e+01    1.921e+06    1.522e+00      1.200e+01    3.518e+01    3.349e-02      9.42s        0         
264  1.235e+01    6.542e+06    5.025e+01      1.200e+01    3.518e+01    3.349e-02      8.54s        0         
265  1.262e+01    3.332e+05    6.580e+00      1.200e+01    3.518e+01    3.349e-02      7.63s        0         
266  1.242e+01    1.685e+06    1.428e+00      1.200e+01    3.518e+01    3.349e-02      6.80s        0         
267  1.239e+01    1.372e+05    1.195e+00      1.200e+01    3.518e+01    3.349e-02      8.07s        0         
268  1.236e+01    1.259e+05    3.226e+01      1.300e+01    3.518e+01    3.349e-02      5.25s        0         
269  1.252e+01    9.200e+04    9.331e+04      1.300e+01    3.518e+01    3.349e-02      4.30s        0         
270  1.218e+01    5.080e+03    1.197e+01      1.200e+01    3.518e+01    3.349e-02      3.35s        0         
271  1.245e+01    1.693e+05    1.858e+01      1.200e+01    3.518e+01    3.349e-02      2.59s        0         
272  1.148e+01    5.224e+06    1.265e+02      1.200e+01    3.518e+01    3.349e-02      1.71s        0         
273  1.087e+01    6.287e+04    1.876e+01      1.200e+01    3.518e+01    3.349e-02      0.85s        0         
274  9.849e+00    8.485e+05    1.925e+02      1.200e+01    3.518e+01    3.349e-02      0.00s        0         
275  9.956e+00    7.384e+03    9.749e+01      9.000e+00    1.505e+01    3.434e-02      18.80s       0         
276  9.464e+00    1.737e+05    3.377e+02      9.000e+00    1.505e+01    3.434e-02      25.16s       0         
277  9.661e+00    5.701e+03    1.500e+00      9.000e+00    1.505e+01    3.434e-02      17.12s       0         
278  9.649e+00    1.884e+04    8.426e+02      9.000e+00    1.505e+01    3.434e-02      16.44s       0         
279  9.941e+00    1.932e+05    9.265e+00      9.000e+00    1.505e+01    3.434e-02      15.88s       0         
280  9.764e+00    6.582e+04    1.313e+02      9.000e+00    1.505e+01    3.434e-02      14.77s       0         
281  9.654e+00    2.424e+02    7.207e+00      9.000e+00    1.505e+01    3.434e-02      14.85s       0         
282  1.027e+01    7.429e+05    6.125e+00      9.000e+00    1.505e+01    3.434e-02      13.73s       0         
283  9.672e+00    1.712e+03    5.441e+00      9.000e+00    1.505e+01    3.434e-02      12.97s       0         
284  9.697e+00    6.208e+03    4.743e+01      9.000e+00    1.505e+01    3.434e-02      12.10s       0         
285  9.750e+00    4.146e+03    6.238e+00      9.000e+00    1.505e+01    3.434e-02      11.54s       0         
286  9.672e+00    1.131e+05    2.109e+00      9.000e+00    1.505e+01    3.434e-02      11.45s       0         
287  9.832e+00    8.629e+04    7.452e+00      9.000e+00    1.505e+01    3.434e-02      9.60s        0         
288  9.877e+00    2.377e+03    6.949e+00      9.000e+00    1.505e+01    3.434e-02      8.97s        0         
289  9.896e+00    5.597e+04    6.139e+00      9.000e+00    1.505e+01    3.434e-02      8.26s        0         
290  9.715e+00    2.475e+05    3.557e+01      9.000e+00    1.505e+01    3.434e-02      7.27s        0         
291  9.727e+00    2.983e+04    8.687e+01      9.000e+00    1.505e+01    3.434e-02      6.54s        0         
292  9.523e+00    2.638e+02    5.310e+00      9.000e+00    1.505e+01    3.434e-02      5.68s        0         
293  9.773e+00    2.195e+05    1.277e+01      9.000e+00    1.505e+01    3.434e-02      4.83s        0         
294  9.779e+00    4.725e+02    1.755e+04      9.000e+00    1.505e+01    3.434e-02      4.14s        0         
295  9.911e+00    1.009e+05    8.596e+06      9.000e+00    1.505e+01    3.434e-02      4.60s        0         
296  9.729e+00    6.989e+05    5.991e+00      9.000e+00    1.505e+01    3.434e-02      2.54s        0         
297  1.002e+01    4.830e+09    2.978e+04      9.000e+00    1.505e+01    3.434e-02      1.65s        0         
298  1.015e+01    1.486e+06    2.617e+00      9.000e+00    1.505e+01    3.434e-02      0.82s        0         
299  9.947e+00    1.088e+06    1.382e+01      9.000e+00    1.505e+01    3.434e-02      0.00s        0         
300  9.931e+00    5.133e+05    5.640e+02      9.000e+00    1.505e+01    3.434e-02      19.76s       0         
301  9.631e+00    6.866e+04    3.003e+00      9.000e+00    1.505e+01    3.434e-02      18.80s       0         
302  9.807e+00    1.027e+04    2.850e+02      9.000e+00    1.505e+01    3.434e-02      17.93s       0         
303  9.755e+00    8.976e+04    1.619e+01      9.000e+00    1.505e+01    3.434e-02      17.12s       0         
304  9.894e+00    2.237e+05    7.368e+00      9.000e+00    1.505e+01    3.434e-02      16.09s       0         
305  9.818e+00    1.672e+03    3.921e+01      9.000e+00    1.505e+01    3.434e-02      22.02s       0         
306  9.534e+00    3.047e+04    1.594e+00      9.000e+00    1.505e+01    3.434e-02      15.26s       0         
307  9.446e+00    5.212e+02    5.215e+00      9.000e+00    1.505e+01    3.434e-02      13.93s       0         
308  9.596e+00    1.607e+04    1.385e+00      9.000e+00    1.505e+01    3.434e-02      12.94s       0         
309  9.969e+00    9.879e+05    3.509e+01      9.000e+00    1.505e+01    3.434e-02      12.10s       0         
310  1.001e+01    6.543e+03    1.170e+01      9.000e+00    1.505e+01    3.434e-02      11.59s       0         
311  9.740e+00    2.967e+05    1.330e+03      9.000e+00    1.505e+01    3.434e-02      10.56s       0         
312  1.030e+01    2.542e+04    4.093e+02      9.000e+00    1.505e+01    3.434e-02      9.94s        0         
313  9.616e+00    2.820e+04    2.132e+02      9.000e+00    1.505e+01    3.434e-02      8.94s        0         
314  9.982e+00    5.556e+11    1.215e+02      1.100e+01    2.284e+01    3.416e-02      8.35s        0         
315  9.479e+00    4.013e+03    5.864e+01      1.100e+01    2.284e+01    3.416e-02      10.15s       0         
316  9.751e+00    1.099e+04    2.157e+01      9.000e+00    1.505e+01    3.434e-02      6.55s        0         
317  1.012e+01    6.088e+06    7.377e+01      9.000e+00    1.505e+01    3.434e-02      5.90s        0         
318  9.771e+00    5.628e+03    7.287e+00      9.000e+00    1.505e+01    3.434e-02      4.96s        0         
319  1.020e+01    1.955e+05    1.895e+01      9.000e+00    1.505e+01    3.434e-02      4.16s        0         
320  9.871e+00    1.497e+03    4.624e+02      9.000e+00    1.505e+01    3.434e-02      3.23s        0         
321  9.697e+00    7.835e+09    4.723e+02      9.000e+00    1.505e+01    3.434e-02      2.40s        0         
322  9.786e+00    5.604e+04    7.701e+01      9.000e+00    1.505e+01    3.434e-02      1.62s        0         
323  9.675e+00    5.360e+03    2.059e+00      9.000e+00    1.505e+01    3.434e-02      0.82s        0         
324  9.726e+00    8.849e+03    8.851e+00      9.000e+00    1.505e+01    3.434e-02      0.00s        0         
325  9.879e+00    1.327e+06    1.143e+01      1.500e+01    4.795e+01    2.811e-02      19.96s       0         
326  1.009e+01    2.155e+05    3.003e+01      1.500e+01    4.795e+01    2.811e-02      18.86s       0         
327  9.707e+00    3.924e+02    1.663e+00      1.500e+01    4.795e+01    2.811e-02      17.58s       0         
328  1.054e+01    7.100e+05    1.544e+00      1.500e+01    4.795e+01    2.811e-02      17.14s       0         
329  1.189e+01    5.141e+03    1.536e+01      1.500e+01    3.766e+01    2.702e-02      16.12s       0         
330  1.358e+01    5.497e+04    5.708e+01      1.500e+01    3.766e+01    2.702e-02      15.57s       0         
331  1.460e+01    6.650e+06    2.298e+01      1.500e+01    3.766e+01    2.702e-02      14.62s       0         
332  1.452e+01    9.253e+05    2.049e+01      1.500e+01    3.766e+01    2.702e-02      13.57s       0         
333  1.496e+01    3.015e+04    1.258e+02      1.500e+01    3.766e+01    2.702e-02      13.25s       0         
334  1.452e+01    3.719e+03    1.810e+00      1.500e+01    3.766e+01    2.702e-02      17.43s       0         
335  1.441e+01    2.872e+03    4.171e+01      1.500e+01    3.766e+01    2.702e-02      11.80s       0         
336  1.348e+01    4.697e+04    3.246e+01      1.500e+01    3.766e+01    2.702e-02      10.80s       0         
337  1.202e+01    4.144e+05    1.950e+01      1.500e+01    3.766e+01    2.702e-02      9.87s        0         
338  1.150e+01    6.564e+04    5.215e+00      1.500e+01    3.766e+01    2.702e-02      8.83s        0         
339  1.141e+01    7.381e+02    1.921e+00      1.100e+01    1.911e+01    2.736e-02      7.99s        0         
340  1.154e+01    3.776e+03    1.847e+00      1.100e+01    1.911e+01    2.736e-02      7.24s        0         
341  1.139e+01    6.602e+04    2.234e+01      1.100e+01    1.911e+01    2.736e-02      6.49s        0         
342  1.136e+01    1.234e+06    3.451e+01      1.100e+01    1.911e+01    2.736e-02      5.76s        0         
343  1.119e+01    2.631e+04    1.563e+00      1.100e+01    1.911e+01    2.736e-02      5.11s        0         
344  1.161e+01    1.802e+07    3.886e+01      1.100e+01    1.911e+01    2.736e-02      5.73s        0         
345  1.148e+01    9.411e+06    5.900e+00      1.100e+01    1.911e+01    2.736e-02      3.45s        0         
346  1.154e+01    2.303e+07    1.615e+00      1.100e+01    1.911e+01    2.736e-02      2.50s        0         
347  1.133e+01    1.154e+03    3.631e+00      1.100e+01    1.911e+01    2.736e-02      1.67s        0         
348  1.134e+01    1.564e+03    6.243e+00      1.100e+01    1.911e+01    2.736e-02      0.82s        0         
349  1.135e+01    2.932e+02    1.862e+03      1.100e+01    1.911e+01    2.736e-02      0.00s        0         
350  1.137e+01    7.617e+03    8.376e+00      1.100e+01    1.911e+01    2.736e-02      20.18s       0         
351  1.128e+01    1.175e+03    3.208e+00      1.100e+01    1.911e+01    2.736e-02      19.46s       0         
352  1.149e+01    5.412e+05    5.771e+00      1.100e+01    1.911e+01    2.736e-02      18.40s       0         
353  1.148e+01    3.477e+07    4.790e+02      1.100e+01    1.911e+01    2.736e-02      24.23s       0         
354  1.118e+01    3.999e+04    1.466e+02      1.100e+01    1.911e+01    2.736e-02      17.10s       0         
355  1.154e+01    9.429e+04    2.644e+00      1.100e+01    1.911e+01    2.736e-02      16.17s       0         
356  1.136e+01    6.770e+02    3.659e+01      1.100e+01    1.911e+01    2.736e-02      14.89s       0         
357  1.132e+01    9.628e+02    1.359e+01      1.100e+01    1.911e+01    2.736e-02      14.36s       0         
358  1.121e+01    3.047e+03    3.125e+04      1.100e+01    1.911e+01    2.736e-02      13.19s       0         
359  1.145e+01    5.759e+02    9.842e+00      1.100e+01    1.911e+01    2.736e-02      12.59s       0         
360  1.126e+01    1.473e+07    3.537e+01      1.100e+01    1.911e+01    2.736e-02      11.33s       0         
361  1.132e+01    3.723e+05    7.962e+00      1.100e+01    1.911e+01    2.736e-02      10.48s       0         
362  1.127e+01    4.207e+03    1.937e+02      1.100e+01    1.911e+01    2.736e-02      13.77s       0         
363  1.145e+01    4.205e+05    9.171e+00      1.100e+01    1.911e+01    2.736e-02      9.57s        0         
364  1.163e+01    2.329e+08    1.693e+02      1.100e+01    1.911e+01    2.736e-02      8.29s        0         
365  1.129e+01    4.651e+02    4.695e+00      1.100e+01    1.911e+01    2.736e-02      7.82s        0         
366  1.099e+01    3.348e+04    3.505e+01      1.100e+01    1.911e+01    2.736e-02      6.64s        0         
367  1.191e+01    5.243e+05    1.810e+00      1.100e+01    1.911e+01    2.736e-02      6.05s        0         
368  1.141e+01    1.909e+04    2.761e+01      1.100e+01    1.911e+01    2.736e-02      5.02s        0         
369  1.162e+01    5.603e+05    2.526e+00      1.100e+01    1.911e+01    2.736e-02      4.16s        0         
370  1.166e+01    2.958e+05    1.190e+02      1.100e+01    1.911e+01    2.736e-02      3.30s        0         
371  1.141e+01    2.124e+04    1.367e+02      1.100e+01    1.911e+01    2.736e-02      3.54s        0         
372  1.159e+01    1.607e+05    7.924e+00      1.100e+01    1.911e+01    2.736e-02      1.69s        0         
373  1.142e+01    3.907e+05    2.729e+00      1.100e+01    1.911e+01    2.736e-02      0.83s        0         
374  1.166e+01    4.473e+03    2.276e+00      1.100e+01    1.911e+01    2.736e-02      0.00s        0         
375  1.138e+01    2.146e+09    8.562e+01      1.100e+01    1.911e+01    2.736e-02      20.35s       0         
376  1.099e+01    1.267e+03    5.974e+00      1.100e+01    1.911e+01    2.736e-02      19.14s       0         
377  1.140e+01    3.493e+03    1.148e+02      1.100e+01    1.911e+01    2.736e-02      18.40s       0         
378  1.168e+01    1.339e+06    1.134e+02      1.100e+01    1.911e+01    2.736e-02      17.65s       0         
379  1.132e+01    2.129e+03    5.918e+01      1.100e+01    1.911e+01    2.736e-02      17.50s       0         
380  1.138e+01    1.947e+04    7.806e+00      1.100e+01    1.911e+01    2.736e-02      21.82s       0         
381  1.153e+01    5.760e+03    1.346e+02      1.100e+01    1.911e+01    2.736e-02      15.24s       0         
382  1.139e+01    2.547e+05    5.967e+00      1.100e+01    1.911e+01    2.736e-02      14.31s       0         
383  1.144e+01    9.668e+02    8.409e+01      1.100e+01    1.911e+01    2.736e-02      13.71s       0         
384  1.130e+01    5.357e+03    1.390e+01      1.100e+01    1.911e+01    2.736e-02      12.62s       0         
385  1.152e+01    1.793e+04    2.972e+01      1.100e+01    1.911e+01    2.736e-02      11.64s       0         
386  1.119e+01    4.378e+02    1.842e+01      1.100e+01    1.911e+01    2.736e-02      10.76s       0         
387  1.147e+01    3.762e+06    9.312e+00      1.100e+01    1.911e+01    2.736e-02      10.21s       0         
388  1.183e+01    5.785e+06    2.800e+00      1.100e+01    1.911e+01    2.736e-02      9.36s        0         
389  1.144e+01    6.028e+03    3.713e+00      1.100e+01    1.911e+01    2.736e-02      11.69s       0         
390  1.137e+01    1.912e+06    1.555e+01      1.100e+01    1.911e+01    2.736e-02      7.66s        0         
391  1.149e+01    1.055e+06    1.909e+00      1.100e+01    1.911e+01    2.736e-02      6.80s        0         
392  1.153e+01    3.858e+04    1.325e+01      1.100e+01    1.911e+01    2.736e-02      5.93s        0         
393  1.164e+01    2.680e+09    3.091e+01      1.100e+01    1.911e+01    2.736e-02      5.06s        0         
394  1.151e+01    3.985e+03    5.029e+00      1.300e+01    3.766e+01    2.388e-02      4.23s        0         
395  1.163e+01    9.159e+03    4.598e+01      1.300e+01    3.766e+01    2.388e-02      3.45s        0         
396  1.151e+01    2.437e+08    3.668e+00      1.300e+01    3.766e+01    2.388e-02      2.49s        0         
397  1.149e+01    1.284e+03    3.410e+01      1.300e+01    3.766e+01    2.388e-02      1.69s        0         
398  1.186e+01    1.017e+05    2.664e+00      1.300e+01    3.766e+01    2.388e-02      1.13s        0         
399  1.259e+01    4.593e+05    3.414e+01      1.300e+01    3.766e+01    2.388e-02      0.00s        0         
400  1.315e+01    1.922e+02    6.461e+00      1.300e+01    3.766e+01    2.388e-02      19.57s       0         
401  1.304e+01    3.078e+04    3.714e+00      1.300e+01    3.766e+01    2.388e-02      18.60s       0         
402  1.310e+01    1.230e+03    2.674e+02      1.300e+01    3.766e+01    2.388e-02      17.98s       0         
403  1.310e+01    5.988e+10    1.115e+01      1.300e+01    3.766e+01    2.388e-02      18.13s       0         
404  1.305e+01    1.142e+07    1.018e+00      1.300e+01    3.766e+01    2.388e-02      17.35s       0         
405  1.298e+01    1.362e+05    2.854e+00      1.300e+01    3.766e+01    2.388e-02      16.13s       0         
406  1.289e+01    8.296e+03    2.597e+00      1.300e+01    3.766e+01    2.388e-02      15.56s       0         
407  1.322e+01    2.806e+04    1.100e+00      1.300e+01    3.766e+01    2.388e-02      20.67s       0         
408  1.317e+01    3.004e+03    5.031e+05      1.300e+01    3.766e+01    2.388e-02      14.10s       0         
409  1.308e+01    1.023e+05    8.994e+00      1.300e+01    3.766e+01    2.388e-02      13.29s       0         
410  1.324e+01    4.817e+03    8.745e-01      1.300e+01    3.766e+01    2.388e-02      12.31s       0         
411  1.349e+01    1.349e+08    4.878e+04      1.300e+01    3.766e+01    2.388e-02      11.78s       0         
412  1.305e+01    3.508e+03    5.459e+01      1.300e+01    3.766e+01    2.388e-02      10.74s       0         
413  1.314e+01    4.728e+03    9.035e+01      1.300e+01    3.766e+01    2.388e-02      9.51s        0         
414  1.317e+01    3.981e+06    1.001e+02      1.300e+01    3.766e+01    2.388e-02      8.91s        0         
415  1.313e+01    1.491e+05    6.903e+00      1.300e+01    3.766e+01    2.388e-02      7.81s        0         
416  1.336e+01    6.467e+06    1.157e+01      1.300e+01    3.766e+01    2.388e-02      9.51s        0         
417  1.303e+01    1.752e+03    8.518e+00      1.300e+01    3.766e+01    2.388e-02      6.04s        0         
418  1.306e+01    5.295e+02    6.058e+00      1.300e+01    3.766e+01    2.388e-02      5.25s        0         
419  1.321e+01    3.815e+07    3.204e+00      1.300e+01    3.766e+01    2.383e-02      4.33s        0         
420  1.311e+01    9.114e+06    8.212e+00      1.300e+01    3.766e+01    2.383e-02      3.45s        0         
421  1.325e+01    6.809e+02    3.176e+00      1.300e+01    3.766e+01    2.383e-02      2.62s        0         
422  1.303e+01    1.104e+05    2.413e+00      1.300e+01    3.766e+01    2.383e-02      1.73s        0         
423  1.333e+01    1.219e+07    8.268e+00      1.300e+01    3.766e+01    2.383e-02      0.85s        0         
424  1.321e+01    3.328e+06    1.439e+00      1.300e+01    3.766e+01    2.383e-02      0.00s        0         
425  1.323e+01    1.229e+04    4.672e+00      1.300e+01    3.766e+01    2.383e-02      27.89s       0         
426  1.285e+01    1.750e+04    1.230e+02      1.300e+01    3.766e+01    2.383e-02      19.02s       0         
427  1.319e+01    3.938e+05    3.768e+01      1.300e+01    3.766e+01    2.383e-02      18.35s       0         
428  1.310e+01    1.421e+03    2.658e+00      1.300e+01    3.766e+01    2.383e-02      17.98s       0         
429  1.312e+01    1.285e+04    1.463e+01      1.300e+01    3.766e+01    2.383e-02      17.43s       0         
430  1.312e+01    7.746e+03    4.083e+00      1.300e+01    3.766e+01    2.383e-02      16.85s       0         
431  1.302e+01    8.750e+02    1.185e+01      1.300e+01    3.766e+01    2.383e-02      15.76s       0         
432  1.319e+01    7.879e+03    1.051e+03      1.300e+01    3.766e+01    2.271e-02      14.76s       0         
433  1.298e+01    4.375e+02    9.668e+00      1.300e+01    3.766e+01    2.271e-02      14.64s       0         
434  1.315e+01    5.791e+04    7.789e+01      1.300e+01    3.766e+01    2.271e-02      17.81s       0         
435  1.295e+01    7.784e+04    2.117e+01      1.300e+01    3.766e+01    2.271e-02      12.07s       0         
436  1.314e+01    5.702e+06    2.673e+01      1.300e+01    3.766e+01    2.271e-02      11.13s       0         
437  1.299e+01    3.903e+03    7.117e+00      1.300e+01    3.766e+01    2.271e-02      10.04s       0         
438  1.347e+01    1.330e+06    1.338e+01      1.300e+01    3.766e+01    2.271e-02      9.05s        0         
439  1.318e+01    1.659e+07    1.690e+01      1.300e+01    3.766e+01    2.271e-02      8.18s        0         
440  1.277e+01    2.426e+05    1.663e+01      1.300e+01    3.766e+01    2.271e-02      7.47s        0         
441  1.316e+01    1.091e+04    1.474e+02      1.300e+01    3.766e+01    2.271e-02      6.88s        0         
442  1.313e+01    1.814e+04    1.450e+03      1.300e+01    3.766e+01    2.271e-02      6.17s        0         
443  1.300e+01    9.548e+05    5.313e+00      1.300e+01    3.766e+01    2.271e-02      5.25s        0         
444  1.291e+01    1.705e+04    2.434e+01      1.300e+01    3.766e+01    2.271e-02      5.90s        0         
445  1.324e+01    2.800e+05    3.864e+00      1.300e+01    3.766e+01    2.262e-02      3.51s        0         
446  1.309e+01    1.340e+04    2.918e+00      1.300e+01    3.766e+01    2.262e-02      2.74s        0         
447  1.327e+01    3.428e+06    5.139e+00      1.300e+01    3.766e+01    2.262e-02      1.78s        0         
448  1.278e+01    3.670e+03    2.351e+01      1.300e+01    3.766e+01    2.262e-02      0.87s        0         
449  1.317e+01    3.614e+05    5.854e+00      1.300e+01    3.766e+01    2.262e-02      0.00s        0         
450  1.289e+01    2.495e+04    2.536e+02      1.300e+01    3.766e+01    2.262e-02      20.19s       0         
451  1.309e+01    1.830e+03    1.032e+02      1.300e+01    3.766e+01    2.262e-02      19.08s       0         
452  1.327e+01    2.785e+04    6.427e+00      1.300e+01    3.766e+01    2.262e-02      18.16s       0         
453  1.283e+01    3.392e+05    4.368e+01      1.300e+01    3.766e+01    2.262e-02      24.26s       0         
454  1.333e+01    3.007e+04    5.815e+03      1.300e+01    3.766e+01    2.262e-02      17.13s       0         
455  1.306e+01    3.881e+04    7.907e+00      1.300e+01    3.766e+01    2.262e-02      16.54s       0         
456  1.329e+01    1.867e+07    8.139e+00      1.300e+01    3.766e+01    2.262e-02      15.79s       0         
457  1.322e+01    1.015e+03    2.411e+02      1.300e+01    3.766e+01    2.262e-02      14.95s       0         
458  1.312e+01    1.582e+04    4.951e+03      1.300e+01    3.766e+01    2.262e-02      14.20s       0         
459  1.283e+01    4.103e+02    4.338e+00      1.300e+01    3.766e+01    2.262e-02      13.46s       0         
460  1.324e+01    4.263e+06    1.042e+05      1.300e+01    3.766e+01    2.262e-02      12.24s       0         
461  1.338e+01    1.872e+06    6.728e+00      1.300e+01    3.766e+01    2.262e-02      15.60s       0         
462  1.323e+01    5.994e+04    4.586e+00      1.300e+01    3.766e+01    2.262e-02      10.45s       0         
463  1.309e+01    7.153e+03    7.121e+00      1.300e+01    3.766e+01    2.262e-02      9.81s        0         
464  1.297e+01    7.409e+03    9.620e+00      1.300e+01    3.766e+01    2.262e-02      8.56s        0         
465  1.312e+01    1.070e+06    8.374e+00      1.300e+01    3.766e+01    2.262e-02      7.94s        0         
466  1.316e+01    1.773e+06    7.837e+00      1.300e+01    3.766e+01    2.262e-02      7.34s        0         
467  1.327e+01    4.991e+04    5.204e+00      1.300e+01    3.766e+01    2.212e-02      6.24s        0         
468  1.304e+01    3.139e+05    3.139e+04      1.300e+01    3.766e+01    2.212e-02      5.13s        0         
469  1.309e+01    4.548e+03    5.557e+00      1.300e+01    3.766e+01    2.212e-02      4.37s        0         
470  1.305e+01    1.213e+08    6.954e+01      1.300e+01    4.139e+01    2.123e-02      4.90s        0         
471  1.320e+01    1.335e+08    1.459e+01      1.300e+01    4.139e+01    2.123e-02      2.63s        0         
472  1.306e+01    4.341e+02    3.041e+00      1.300e+01    4.139e+01    2.123e-02      1.66s        0         
473  1.302e+01    6.486e+05    1.435e+01      1.300e+01    4.139e+01    2.123e-02      0.85s        0         
474  1.310e+01    6.830e+04    1.459e+04      1.300e+01    4.139e+01    2.076e-02      0.00s        0         
475  1.311e+01    3.435e+03    4.650e+00      1.300e+01    4.139e+01    2.076e-02      20.32s       0         
476  1.328e+01    7.112e+02    6.060e+00      1.300e+01    4.139e+01    2.076e-02      19.23s       0         
477  1.308e+01    1.375e+05    1.632e+01      1.300e+01    4.139e+01    2.076e-02      18.32s       0         
478  1.294e+01    9.571e+02    6.557e+01      1.300e+01    4.139e+01    2.076e-02      17.29s       0         
479  1.311e+01    1.747e+10    2.454e+00      1.300e+01    4.139e+01    2.076e-02      16.94s       0         
480  1.326e+01    8.485e+02    8.612e+00      1.300e+01    4.139e+01    2.076e-02      22.18s       0         
481  1.340e+01    2.652e+08    1.107e+00      1.300e+01    4.139e+01    2.076e-02      15.44s       0         
482  1.311e+01    8.133e+05    9.207e+02      1.300e+01    4.139e+01    2.076e-02      14.18s       0         
483  1.348e+01    2.632e+10    1.848e+05      1.300e+01    4.139e+01    2.076e-02      13.94s       0         
484  1.319e+01    9.782e+03    1.663e+03      1.300e+01    4.139e+01    2.076e-02      13.34s       0         
485  1.341e+01    8.196e+06    2.063e+00      1.300e+01    4.139e+01    1.932e-02      12.30s       0         
486  1.324e+01    4.300e+04    5.237e+02      1.300e+01    4.139e+01    1.932e-02      11.40s       0         
487  1.319e+01    6.194e+04    2.204e+00      1.300e+01    4.139e+01    1.932e-02      10.70s       0         
488  1.294e+01    3.965e+02    9.486e+00      1.300e+01    4.139e+01    1.932e-02      9.65s        0         
489  1.303e+01    3.238e+07    1.581e+00      1.300e+01    4.139e+01    1.932e-02      11.96s       0         
490  1.306e+01    1.022e+05    1.082e+00      1.300e+01    4.139e+01    1.932e-02      7.90s        0         
491  1.329e+01    3.124e+03    1.576e+00      1.300e+01    4.139e+01    1.932e-02      6.72s        0         
492  1.322e+01    2.132e+04    6.756e+01      1.800e+01    6.908e+01    1.539e-02      5.74s        0         
493  1.307e+01    1.622e+04    1.441e+00      1.300e+01    4.139e+01    1.932e-02      5.00s        0         
494  1.328e+01    1.155e+06    1.090e+01      1.300e+01    4.139e+01    1.932e-02      4.20s        0         
495  1.321e+01    1.025e+04    3.291e+00      1.300e+01    4.139e+01    1.932e-02      3.46s        0         
496  1.300e+01    3.471e+06    6.685e-01      1.300e+01    4.139e+01    1.932e-02      2.65s        0         
497  1.313e+01    1.798e+05    1.125e+00      1.300e+01    4.139e+01    1.932e-02      1.75s        0         
498  1.293e+01    5.052e+03    9.731e-01      1.300e+01    4.139e+01    1.932e-02      0.86s        0         
499  1.304e+01    1.408e+05    3.461e+00      1.300e+01    4.139e+01    1.932e-02      0.00s        0         





Time: 0h:7m:28s
####   Data for the best program   ####
Best Program: add(cos(mul(1.992, X0)), sin(div(sub(div(X1, 0.984), 0.016), 0.306)))
Best Program Complexity: 13
Raw Fitness: 0.019322914281844933
Penalized Fitness: 0.03232291428184493
Estimator		Train-rmse: 0.019322914281844933	Test-rmse: 0.01970153843484993	Test-R^2: 0.9987040690293195

{'complexity': 'length', 'const_range': (1e-10, 2.0), 'elitism_size': 1, 'function_set': ('add', 'sub', 'div', 'mul', 'sin', 'cos'), 'generations': 500, 'init_depth': (3, 6), 'init_method': 'half and half', 'low_memory': True, 'max_samples': 1.0, 'metric': 'rmse', 'n_jobs': 2, 'p_crossover': 0.1, 'p_hoist_mutation': 0.0, 'p_point_mutation': 0.45, 'p_point_replace': 0.05, 'p_subtree_mutation': 0.45, 'paretogp': False, 'paretogp_lengths': (5, 160), 'parsimony_coefficient': 0.001, 'population_size': 800, 'random_state': 468733957, 'selection': 'tournament', 'stopping_criteria': 1e-10, 'tournament_size': 11, 'verbose': 1, 'warm_start': True}
