    |          Population Average          |           Best Individual            |
---- -------------------------------------- -------------------------------------- ----------
Gen  Length       Kommenda     Fitness        Length       Kommenda     Fitness        Time Left    Front Size
0    2.411e+01    1.085e+09    1.658e+05      2.600e+01    7.755e+01    5.098e-01      9.33s        0         
1    1.849e+01    3.797e+05    1.803e+01      2.700e+01    7.460e+01    3.197e-01      53.07s       0         
2    2.160e+01    3.100e+03    2.889e+01      2.600e+01    7.746e+01    2.801e-01      47.45s       0         
3    2.455e+01    7.857e+05    1.594e+00      3.800e+01    3.350e+02    2.203e-01      1.03m        0         
4    2.983e+01    3.291e+04    1.426e+00      3.900e+01    3.486e+02    1.657e-01      49.62s       0         
5    3.633e+01    2.034e+05    7.172e-01      4.400e+01    1.332e+03    1.392e-01      43.97s       0         
6    3.880e+01    4.300e+05    5.347e-01      4.500e+01    4.787e+02    1.223e-01      46.17s       0         
7    3.834e+01    3.042e+06    5.849e-01      4.500e+01    4.787e+02    1.223e-01      55.29s       0         
8    3.930e+01    4.621e+09    5.498e-01      4.500e+01    4.787e+02    1.223e-01      1.02m        0         
9    4.116e+01    3.590e+09    6.722e-01      4.500e+01    4.787e+02    1.223e-01      52.87s       0         
10   4.404e+01    9.859e+09    5.771e-01      3.900e+01    3.550e+02    1.109e-01      48.98s       0         
11   4.529e+01    2.992e+06    5.053e-01      3.700e+01    1.973e+02    9.893e-02      43.64s       0         
12   4.542e+01    2.391e+06    4.713e-01      4.500e+01    4.907e+02    9.871e-02      53.90s       0         
13   4.691e+01    2.883e+05    4.311e-01      4.400e+01    4.244e+02    9.639e-02      1.02m        0         
14   4.762e+01    2.133e+07    2.064e+00      4.500e+01    4.261e+02    9.208e-02      1.09m        0         
15   4.846e+01    6.394e+06    4.231e-01      4.500e+01    4.261e+02    9.208e-02      51.38s       0         
16   4.844e+01    2.088e+06    4.281e-01      6.200e+01    2.163e+03    8.984e-02      39.48s       0         
17   4.939e+01    2.524e+06    4.775e-01      7.700e+01    4.945e+03    8.794e-02      39.96s       0         
18   4.276e+01    1.388e+05    4.547e-01      5.800e+01    4.625e+04    8.275e-02      24.05s       0         
19   3.736e+01    7.860e+05    3.901e-01      7.500e+01    4.466e+06    7.445e-02      22.03s       0         
20   3.693e+01    5.657e+04    1.348e+00      4.400e+01    1.146e+03    7.728e-02      15.90s       0         
21   3.526e+01    2.298e+06    4.068e-01      4.400e+01    2.051e+02    7.643e-02      18.78s       0         
22   3.636e+01    2.496e+06    4.243e-01      7.000e+01    1.148e+05    6.269e-02      12.03s       0         
23   3.730e+01    1.814e+04    4.428e-01      5.500e+01    5.433e+03    6.242e-02      5.27s        0         
24   3.752e+01    6.599e+06    4.321e-01      5.500e+01    5.433e+03    6.242e-02      0.00s        0         
25   3.527e+01    2.030e+04    4.245e-01      3.300e+01    1.052e+02    6.447e-02      2.67m        0         
26   3.476e+01    8.453e+03    3.371e-01      3.300e+01    1.603e+02    6.274e-02      2.63m        0         
27   3.430e+01    2.582e+03    4.090e-01      3.300e+01    1.603e+02    6.274e-02      2.29m        0         
28   3.392e+01    7.019e+03    3.648e-01      3.300e+01    1.603e+02    6.274e-02      2.54m        0         
29   3.305e+01    7.607e+03    5.840e-01      3.400e+01    1.755e+02    6.004e-02      2.27m        0         
30   3.372e+01    6.271e+02    5.903e-01      3.400e+01    1.755e+02    6.004e-02      2.07m        0         
31   3.352e+01    1.467e+04    3.828e-01      3.400e+01    1.755e+02    6.004e-02      2.25m        0         
32   3.319e+01    1.266e+03    4.399e-01      3.400e+01    1.755e+02    6.004e-02      1.84m        0         
33   3.272e+01    2.402e+03    3.661e-01      3.300e+01    1.628e+02    5.761e-02      1.88m        0         
34   3.345e+01    1.276e+03    4.149e-01      3.300e+01    1.628e+02    5.761e-02      1.67m        0         
35   3.356e+01    2.652e+03    3.645e-01      3.300e+01    1.628e+02    5.761e-02      1.67m        0         
36   3.275e+01    1.102e+03    7.664e-01      3.300e+01    1.628e+02    5.761e-02      1.47m        0         
37   3.289e+01    7.520e+03    4.115e-01      3.300e+01    1.628e+02    5.761e-02      1.40m        0         
38   3.288e+01    4.794e+03    5.206e-01      3.300e+01    1.628e+02    5.761e-02      1.26m        0         
39   3.211e+01    7.333e+03    4.131e-01      3.300e+01    1.628e+02    5.761e-02      1.14m        0         
40   3.202e+01    5.881e+02    4.084e-01      3.300e+01    1.710e+02    5.718e-02      1.04m        0         
41   3.233e+01    4.004e+03    4.218e-01      3.300e+01    1.710e+02    5.718e-02      54.32s       0         
42   3.151e+01    4.003e+03    4.860e-01      4.100e+01    1.936e+03    5.610e-02      48.64s       0         
43   3.301e+01    3.706e+04    1.041e+00      3.900e+01    2.948e+02    5.651e-02      42.68s       0         
44   3.201e+01    1.656e+03    3.634e-01      3.400e+01    1.746e+02    5.463e-02      35.23s       0         
45   3.160e+01    8.203e+02    3.844e-01      4.200e+01    1.785e+03    5.446e-02      27.45s       0         
46   3.134e+01    3.915e+05    4.208e-01      4.100e+01    6.320e+02    4.877e-02      20.94s       0         
47   3.198e+01    1.334e+03    4.795e-01      4.200e+01    7.045e+02    4.901e-02      14.78s       0         
48   3.238e+01    9.721e+03    4.718e-01      4.000e+01    1.237e+03    4.989e-02      7.25s        0         
49   3.212e+01    3.572e+03    4.365e-01      3.900e+01    4.788e+02    4.939e-02      0.00s        0         
50   3.253e+01    1.083e+05    3.847e-01      3.900e+01    4.788e+02    4.939e-02      3.18m        0         
51   3.214e+01    2.959e+05    3.739e-01      3.900e+01    4.788e+02    4.939e-02      3.13m        0         
52   3.248e+01    1.450e+03    5.106e-01      4.000e+01    5.310e+02    4.756e-02      2.49m        0         
53   3.233e+01    3.575e+04    1.074e+00      4.000e+01    5.310e+02    4.756e-02      2.37m        0         
54   3.213e+01    4.831e+03    1.245e+00      4.000e+01    5.310e+02    4.756e-02      2.28m        0         
55   3.177e+01    5.619e+03    1.015e+00      4.000e+01    5.310e+02    4.756e-02      2.33m        0         
56   3.257e+01    9.627e+02    1.021e+00      4.000e+01    5.310e+02    4.756e-02      2.51m        0         
57   3.237e+01    7.861e+02    4.830e-01      4.000e+01    5.310e+02    4.756e-02      2.41m        0         
58   3.126e+01    5.461e+02    4.325e-01      4.000e+01    5.310e+02    4.756e-02      1.89m        0         
59   3.220e+01    7.740e+03    4.931e-01      4.000e+01    5.310e+02    4.756e-02      1.84m        0         
60   3.209e+01    3.869e+04    1.036e+00      4.000e+01    5.310e+02    4.756e-02      1.69m        0         
61   3.316e+01    1.345e+04    3.816e-01      4.000e+01    5.310e+02    4.756e-02      1.56m        0         
62   3.329e+01    8.580e+04    3.477e-01      4.000e+01    5.310e+02    4.756e-02      1.39m        0         
63   3.402e+01    4.452e+08    6.659e-01      4.000e+01    5.310e+02    4.756e-02      1.28m        0         
64   3.327e+01    1.159e+10    4.983e-01      4.000e+01    5.310e+02    4.756e-02      1.16m        0         
65   3.438e+01    5.177e+05    3.760e-01      4.000e+01    5.310e+02    4.756e-02      1.04m        0         
66   3.389e+01    8.819e+04    3.957e-01      4.000e+01    5.310e+02    4.756e-02      54.92s       0         
67   3.394e+01    1.368e+06    3.534e-01      4.000e+01    5.310e+02    4.756e-02      47.74s       0         
68   3.461e+01    9.820e+12    3.867e-01      4.000e+01    5.310e+02    4.756e-02      40.50s       0         
69   3.489e+01    7.452e+08    4.674e-01      4.000e+01    5.310e+02    4.756e-02      33.54s       0         
70   3.576e+01    6.149e+11    3.291e-01      4.000e+01    5.310e+02    4.756e-02      31.03s       0         
71   3.535e+01    2.490e+15    4.356e-01      4.000e+01    5.310e+02    4.756e-02      21.07s       0         
72   3.560e+01    1.493e+18    3.253e-01      4.000e+01    5.310e+02    4.756e-02      13.84s       0         
73   3.660e+01    1.167e+17    3.226e-01      4.000e+01    5.310e+02    4.756e-02      7.54s        0         
74   3.651e+01    6.170e+10    3.328e-01      4.000e+01    5.310e+02    4.756e-02      0.00s        0         
75   3.618e+01    2.011e+10    3.169e-01      4.000e+01    5.310e+02    4.756e-02      3.21m        0         
76   3.709e+01    9.664e+20    4.058e-01      4.000e+01    5.310e+02    4.756e-02      2.75m        0         
77   3.604e+01    8.252e+07    3.784e-01      4.000e+01    5.310e+02    4.756e-02      2.56m        0         
78   3.666e+01    2.993e+08    3.689e-01      4.000e+01    5.310e+02    4.756e-02      2.35m        0         
79   3.648e+01    2.024e+17    4.044e-01      4.000e+01    5.310e+02    4.756e-02      2.44m        0         
80   3.658e+01    2.465e+05    3.705e-01      4.000e+01    5.310e+02    4.756e-02      2.31m        0         
81   3.750e+01    9.476e+11    3.348e-01      4.000e+01    5.310e+02    4.756e-02      2.25m        0         
82   3.646e+01    6.142e+07    3.211e-01      4.000e+01    5.310e+02    4.756e-02      1.81m        0         
83   3.701e+01    5.221e+08    4.519e-01      4.000e+01    5.310e+02    4.756e-02      2.08m        0         
84   3.569e+01    6.051e+08    3.574e-01      3.900e+01    2.944e+02    4.945e-02      1.81m        0         
85   3.642e+01    7.427e+11    9.585e-01      3.700e+01    2.729e+02    5.036e-02      1.59m        0         
86   3.668e+01    1.479e+09    4.296e-01      3.700e+01    2.729e+02    5.036e-02      1.48m        0         
87   3.545e+01    1.340e+13    3.362e-01      3.700e+01    2.729e+02    5.036e-02      1.38m        0         
88   3.631e+01    2.658e+12    3.378e-01      3.700e+01    2.729e+02    5.036e-02      1.26m        0         
89   3.701e+01    1.962e+26    3.262e-01      3.700e+01    2.729e+02    5.036e-02      1.15m        0         
90   3.600e+01    5.327e+07    4.189e-01      3.700e+01    2.729e+02    5.036e-02      59.57s       0         
91   3.649e+01    2.502e+15    4.219e-01      3.700e+01    2.729e+02    5.036e-02      56.90s       0         
92   3.591e+01    2.689e+07    3.801e-01      4.000e+01    5.347e+02    4.888e-02      47.27s       0         
93   3.600e+01    2.791e+16    3.597e-01      4.000e+01    5.347e+02    4.888e-02      41.84s       0         
94   3.550e+01    9.747e+09    3.429e-01      4.000e+01    5.347e+02    4.888e-02      36.34s       0         
95   3.492e+01    9.140e+06    3.493e-01      4.000e+01    5.347e+02    4.888e-02      29.08s       0         
96   3.593e+01    1.486e+07    3.437e-01      3.700e+01    2.729e+02    5.036e-02      23.37s       0         
97   3.505e+01    9.020e+09    2.099e+00      3.700e+01    2.729e+02    5.036e-02      16.66s       0         
98   3.487e+01    6.405e+11    3.437e-01      3.700e+01    2.729e+02    5.036e-02      7.68s        0         
99   3.517e+01    6.197e+10    3.617e-01      3.700e+01    2.729e+02    5.036e-02      0.00s        0         
100  3.409e+01    1.283e+05    3.678e-01      3.700e+01    2.729e+02    5.036e-02      2.80m        0         
101  3.585e+01    1.366e+11    1.061e+00      3.700e+01    2.729e+02    5.036e-02      2.70m        0         
102  3.680e+01    6.738e+11    3.966e-01      3.700e+01    2.729e+02    5.036e-02      2.61m        0         
103  3.663e+01    2.269e+30    4.289e-01      4.100e+01    1.482e+03    4.805e-02      2.33m        0         
104  3.671e+01    7.646e+12    3.409e-01      3.900e+01    5.278e+02    4.978e-02      2.21m        0         
105  3.638e+01    5.048e+17    9.272e-01      3.800e+01    4.332e+02    4.948e-02      2.12m        0         
106  3.644e+01    9.316e+08    5.696e-01      3.800e+01    4.332e+02    4.948e-02      1.99m        0         
107  3.538e+01    6.166e+14    4.711e-01      3.900e+01    5.278e+02    4.978e-02      1.86m        0         
108  3.637e+01    8.792e+08    3.638e-01      3.900e+01    5.278e+02    4.978e-02      1.79m        0         
109  3.621e+01    4.993e+14    4.711e-01      3.700e+01    2.729e+02    5.036e-02      1.53m        0         
110  3.767e+01    4.908e+12    4.132e-01      3.700e+01    2.729e+02    5.036e-02      1.57m        0         
111  3.638e+01    1.037e+05    3.396e-01      4.000e+01    5.347e+02    4.888e-02      1.40m        0         
112  3.566e+01    1.221e+15    4.521e-01      4.100e+01    1.495e+03    4.931e-02      1.46m        0         
113  3.605e+01    1.341e+08    3.286e-01      3.700e+01    2.729e+02    5.036e-02      1.27m        0         
114  3.601e+01    1.550e+12    3.374e-01      3.700e+01    2.729e+02    5.036e-02      1.12m        0         
115  3.603e+01    2.530e+08    3.645e-01      3.700e+01    2.729e+02    5.036e-02      1.05m        0         
116  3.511e+01    1.738e+08    3.450e-01      4.000e+01    1.462e+03    4.982e-02      58.73s       0         
117  3.562e+01    5.020e+12    3.463e-01      4.000e+01    5.347e+02    4.888e-02      56.38s       0         
118  3.598e+01    4.004e+10    3.746e-01      4.100e+01    1.495e+03    4.931e-02      50.05s       0         
119  3.686e+01    9.869e+06    3.943e-01      3.700e+01    2.729e+02    5.036e-02      37.13s       0         
120  3.610e+01    6.798e+11    3.733e-01      4.100e+01    6.320e+02    4.877e-02      27.22s       0         
121  3.566e+01    1.169e+12    3.458e-01      4.100e+01    6.320e+02    4.877e-02      20.03s       0         
122  3.583e+01    2.712e+07    3.239e-01      4.100e+01    1.495e+03    4.931e-02      13.25s       0         
123  3.571e+01    3.232e+15    5.157e-01      4.000e+01    5.347e+02    4.888e-02      6.03s        0         
124  3.580e+01    2.836e+10    7.856e-01      3.700e+01    2.729e+02    5.036e-02      0.00s        0         
125  3.549e+01    6.291e+14    6.141e-01      4.100e+01    1.495e+03    4.931e-02      2.84m        0         
126  3.470e+01    7.458e+08    8.953e-01      3.700e+01    2.729e+02    5.036e-02      2.66m        0         
127  3.513e+01    7.922e+10    4.110e-01      3.700e+01    2.729e+02    5.036e-02      2.53m        0         
128  3.598e+01    8.152e+08    3.707e-01      3.800e+01    4.332e+02    4.948e-02      2.62m        0         
129  3.669e+01    1.793e+11    3.259e-01      4.000e+01    3.168e+03    4.839e-02      2.26m        0         
130  3.531e+01    8.587e+14    3.685e-01      4.000e+01    3.168e+03    4.839e-02      2.17m        0         
131  3.545e+01    7.109e+11    3.325e-01      4.000e+01    5.347e+02    4.888e-02      2.32m        0         
132  3.487e+01    1.464e+06    3.781e-01      4.200e+01    7.335e+03    5.015e-02      2.29m        0         
133  3.526e+01    6.595e+08    6.816e-01      3.700e+01    2.729e+02    5.036e-02      1.88m        0         
134  3.635e+01    3.089e+15    3.133e-01      3.700e+01    2.729e+02    5.036e-02      1.70m        0         
135  3.694e+01    1.821e+08    3.299e-01      4.000e+01    3.168e+03    4.839e-02      1.54m        0         
136  3.632e+01    3.989e+12    4.164e-01      3.900e+01    8.506e+02    4.823e-02      1.43m        0         
137  3.459e+01    5.192e+06    4.102e-01      4.300e+01    1.278e+04    4.654e-02      1.39m        0         
138  3.509e+01    4.239e+09    3.737e-01      4.300e+01    1.278e+04    4.654e-02      1.25m        0         
139  3.615e+01    6.531e+22    3.640e-01      3.900e+01    8.506e+02    4.823e-02      1.14m        0         
140  3.695e+01    5.145e+16    4.133e-01      3.900e+01    8.506e+02    4.823e-02      1.01m        0         
141  3.728e+01    4.387e+16    3.658e-01      7.500e+01    1.475e+10    4.800e-02      56.00s       0         
142  3.590e+01    2.392e+11    1.190e+00      3.900e+01    8.506e+02    4.823e-02      44.95s       0         
143  3.451e+01    2.262e+11    3.473e-01      3.900e+01    8.506e+02    4.823e-02      49.14s       0         
144  3.499e+01    4.673e+07    3.785e-01      3.900e+01    8.506e+02    4.823e-02      35.33s       0         
145  3.436e+01    5.175e+11    1.267e+00      3.900e+01    8.506e+02    4.823e-02      30.03s       0         
146  3.556e+01    6.571e+09    3.275e-01      3.900e+01    8.506e+02    4.823e-02      25.22s       0         
147  3.585e+01    3.972e+10    4.359e-01      3.900e+01    8.506e+02    4.823e-02      16.34s       0         
148  3.655e+01    1.001e+17    3.726e-01      3.900e+01    8.506e+02    4.823e-02      7.27s        0         
149  3.678e+01    1.458e+11    4.419e-01      3.900e+01    8.506e+02    4.823e-02      0.00s        0         
150  3.782e+01    3.592e+15    6.959e-01      3.900e+01    8.506e+02    4.823e-02      2.79m        0         
151  3.759e+01    1.554e+11    3.938e-01      3.900e+01    8.506e+02    4.823e-02      2.49m        0         
152  3.779e+01    3.091e+19    3.470e-01      4.500e+01    2.105e+04    4.499e-02      2.37m        0         
153  3.765e+01    1.691e+11    3.777e-01      5.300e+01    3.486e+05    4.578e-02      2.40m        0         
154  3.732e+01    8.588e+11    4.300e-01      5.200e+01    5.366e+05    4.661e-02      2.28m        0         
155  3.562e+01    5.855e+14    3.631e-01      3.900e+01    8.506e+02    4.823e-02      2.10m        0         
156  3.697e+01    8.399e+08    3.312e-01      3.900e+01    8.506e+02    4.823e-02      2.20m        0         
157  3.788e+01    4.197e+15    3.583e-01      3.900e+01    8.506e+02    4.823e-02      2.23m        0         
158  3.723e+01    5.312e+12    3.661e-01      3.900e+01    8.506e+02    4.823e-02      2.15m        0         
159  3.734e+01    1.371e+15    3.207e-01      3.900e+01    8.506e+02    4.823e-02      2.10m        0         
160  3.729e+01    8.329e+08    3.440e-01      4.200e+01    3.633e+03    4.678e-02      1.63m        0         
161  3.799e+01    2.858e+12    3.639e-01      4.200e+01    3.633e+03    4.678e-02      1.42m        0         
162  3.788e+01    4.023e+13    7.244e-01      3.900e+01    8.506e+02    4.823e-02      1.35m        0         
163  3.753e+01    2.603e+09    3.021e-01      3.900e+01    8.506e+02    4.823e-02      1.27m        0         
164  3.682e+01    2.788e+14    4.160e-01      3.900e+01    8.506e+02    4.823e-02      1.19m        0         
165  3.586e+01    2.965e+09    3.677e-01      3.900e+01    8.506e+02    4.823e-02      1.04m        0         
166  3.541e+01    8.232e+10    3.578e-01      3.900e+01    8.506e+02    4.823e-02      53.51s       0         
167  3.592e+01    3.513e+12    3.922e-01      3.900e+01    8.506e+02    4.823e-02      49.93s       0         
168  3.738e+01    1.891e+15    3.497e-01      3.900e+01    8.506e+02    4.823e-02      42.17s       0         
169  3.626e+01    1.026e+10    9.135e-01      3.900e+01    8.506e+02    4.823e-02      34.48s       0         
170  3.656e+01    1.649e+17    3.323e-01      3.900e+01    8.506e+02    4.823e-02      29.80s       0         
171  3.710e+01    2.255e+11    3.430e-01      3.900e+01    8.506e+02    4.823e-02      20.02s       0         
172  3.577e+01    1.811e+11    1.329e+00      3.900e+01    8.506e+02    4.823e-02      13.15s       0         
173  3.625e+01    1.435e+23    4.326e-01      3.900e+01    8.506e+02    4.823e-02      7.08s        0         
174  3.543e+01    6.452e+07    5.443e-01      3.900e+01    8.506e+02    4.823e-02      0.00s        0         
175  3.670e+01    2.034e+14    3.285e-01      3.900e+01    8.506e+02    4.823e-02      2.73m        0         
176  3.673e+01    7.235e+10    3.150e-01      3.900e+01    8.506e+02    4.823e-02      2.64m        0         
177  3.643e+01    2.305e+10    4.129e-01      3.900e+01    8.506e+02    4.823e-02      2.52m        0         
178  3.605e+01    1.008e+11    3.608e-01      3.900e+01    8.506e+02    4.823e-02      2.48m        0         
179  3.643e+01    1.070e+07    3.817e-01      3.900e+01    8.506e+02    4.823e-02      2.39m        0         
180  3.659e+01    1.414e+13    3.886e-01      3.900e+01    8.506e+02    4.823e-02      2.20m        0         
181  3.588e+01    8.847e+14    3.914e-01      3.900e+01    8.506e+02    4.823e-02      2.05m        0         
182  3.657e+01    5.199e+11    5.625e-01      3.900e+01    8.506e+02    4.823e-02      2.03m        0         
183  3.650e+01    1.230e+29    4.399e-01      3.900e+01    8.506e+02    4.823e-02      1.86m        0         
184  3.636e+01    4.318e+13    4.276e-01      3.900e+01    8.506e+02    4.823e-02      1.65m        0         
185  3.517e+01    5.698e+16    4.048e-01      3.900e+01    8.506e+02    4.823e-02      1.64m        0         
186  3.567e+01    2.117e+10    5.691e-01      3.900e+01    8.506e+02    4.823e-02      1.50m        0         
187  3.433e+01    6.282e+09    4.156e-01      3.900e+01    8.506e+02    4.823e-02      1.51m        0         
188  3.545e+01    1.122e+08    3.339e-01      3.900e+01    8.506e+02    4.823e-02      1.36m        0         
189  3.683e+01    3.004e+14    3.709e-01      3.900e+01    8.506e+02    4.823e-02      1.28m        0         
190  3.623e+01    1.406e+25    5.713e-01      3.900e+01    8.506e+02    4.823e-02      1.03m        0         
191  3.600e+01    1.110e+11    4.131e-01      3.900e+01    8.506e+02    4.823e-02      57.09s       0         
192  3.584e+01    4.654e+06    4.332e-01      3.900e+01    8.506e+02    4.823e-02      50.78s       0         
193  3.526e+01    7.894e+05    3.937e-01      3.900e+01    8.506e+02    4.823e-02      41.38s       0         
194  3.529e+01    2.726e+04    5.108e-01      3.900e+01    8.506e+02    4.823e-02      38.05s       0         
195  3.391e+01    2.683e+04    3.590e-01      3.900e+01    8.506e+02    4.823e-02      28.55s       0         
196  3.440e+01    5.132e+05    3.885e-01      3.900e+01    8.506e+02    4.823e-02      21.77s       0         
197  3.441e+01    1.739e+08    4.168e-01      3.900e+01    8.506e+02    4.823e-02      13.64s       0         
198  3.431e+01    7.535e+03    4.935e-01      3.900e+01    8.506e+02    4.823e-02      7.23s        0         
199  3.407e+01    1.007e+06    4.152e-01      4.100e+01    9.298e+02    4.809e-02      0.00s        0         
200  3.480e+01    2.990e+08    3.591e-01      4.100e+01    9.298e+02    4.809e-02      2.85m        0         
201  3.504e+01    1.987e+07    3.386e-01      3.900e+01    8.506e+02    4.823e-02      2.90m        0         
202  3.491e+01    5.773e+05    1.109e+00      3.900e+01    8.506e+02    4.823e-02      2.60m        0         
203  3.541e+01    1.798e+08    3.801e-01      3.900e+01    8.506e+02    4.823e-02      2.74m        0         
204  3.540e+01    1.354e+06    3.601e-01      3.900e+01    8.506e+02    4.823e-02      2.35m        0         
205  3.491e+01    1.182e+09    3.770e-01      3.900e+01    8.506e+02    4.823e-02      2.16m        0         
206  3.442e+01    3.184e+10    6.307e-01      3.900e+01    8.506e+02    4.823e-02      2.12m        0         
207  3.413e+01    5.469e+08    4.916e-01      3.900e+01    8.506e+02    4.823e-02      2.01m        0         
208  3.536e+01    6.473e+05    5.551e-01      4.200e+01    3.633e+03    4.678e-02      1.88m        0         
209  3.506e+01    3.454e+04    3.796e-01      3.900e+01    8.506e+02    4.823e-02      1.87m        0         
210  3.719e+01    1.021e+10    3.570e-01      3.900e+01    8.506e+02    4.823e-02      1.66m        0         
211  3.619e+01    8.420e+05    4.404e-01      3.900e+01    8.506e+02    4.823e-02      1.51m        0         
212  3.599e+01    6.608e+07    5.098e-01      3.900e+01    8.506e+02    4.823e-02      1.61m        0         
213  3.678e+01    1.234e+09    6.539e-01      3.900e+01    8.506e+02    4.823e-02      1.26m        0         
214  3.569e+01    5.673e+08    3.492e-01      3.900e+01    8.506e+02    4.823e-02      1.27m        0         
215  3.595e+01    2.633e+06    3.716e-01      3.900e+01    8.506e+02    4.823e-02      1.04m        0         
216  3.523e+01    1.824e+13    4.165e-01      3.900e+01    8.506e+02    4.823e-02      55.09s       0         
217  3.561e+01    2.674e+12    3.412e-01      3.900e+01    8.506e+02    4.823e-02      49.16s       0         
218  3.651e+01    1.050e+18    3.262e-01      3.900e+01    8.506e+02    4.823e-02      43.53s       0         
219  3.741e+01    2.464e+09    4.086e-01      3.900e+01    8.506e+02    4.823e-02      37.17s       0         
220  3.845e+01    2.086e+20    6.964e-01      3.900e+01    8.506e+02    4.823e-02      26.74s       0         
221  3.776e+01    3.233e+09    3.240e-01      3.900e+01    8.506e+02    4.823e-02      20.80s       0         
222  3.765e+01    1.297e+14    3.559e-01      4.400e+01    1.322e+04    4.718e-02      12.73s       0         
223  3.828e+01    1.474e+10    4.317e-01      3.900e+01    8.506e+02    4.823e-02      7.02s        0         
224  3.769e+01    2.558e+14    3.772e-01      3.900e+01    8.506e+02    4.823e-02      0.00s        0         
225  3.689e+01    1.540e+12    3.502e-01      3.900e+01    8.506e+02    4.823e-02      2.66m        0         
226  3.667e+01    1.307e+12    5.300e-01      3.900e+01    8.506e+02    4.823e-02      2.86m        0         
227  3.677e+01    9.774e+18    3.760e-01      3.900e+01    8.506e+02    4.823e-02      2.63m        0         
228  3.784e+01    5.710e+13    3.373e-01      4.200e+01    3.633e+03    4.678e-02      2.38m        0         
229  3.840e+01    8.105e+15    3.261e-01      3.900e+01    8.506e+02    4.823e-02      2.32m        0         
230  3.714e+01    4.245e+12    5.796e-01      3.900e+01    8.506e+02    4.823e-02      2.16m        0         
231  3.839e+01    2.442e+09    3.735e-01      3.900e+01    8.506e+02    4.823e-02      2.07m        0         
232  3.872e+01    3.208e+19    3.551e-01      4.300e+01    2.744e+03    4.500e-02      1.84m        0         
233  3.823e+01    2.678e+11    3.229e-01      3.900e+01    8.506e+02    4.823e-02      1.81m        0         
234  3.883e+01    2.235e+10    3.236e-01      3.900e+01    8.506e+02    4.823e-02      1.81m        0         
235  3.914e+01    5.621e+10    3.753e-01      3.900e+01    8.506e+02    4.823e-02      1.76m        0         
236  3.868e+01    2.551e+10    3.463e-01      4.500e+01    1.287e+04    4.488e-02      1.62m        0         
237  3.852e+01    2.162e+11    4.931e-01      4.500e+01    1.287e+04    4.488e-02      1.44m        0         
238  3.923e+01    7.712e+15    4.198e-01      4.500e+01    1.287e+04    4.488e-02      1.15m        0         
239  3.796e+01    3.979e+09    3.895e-01      4.500e+01    1.287e+04    4.488e-02      1.12m        0         
240  3.930e+01    6.078e+09    3.516e-01      4.900e+01    1.968e+05    4.480e-02      1.15m        0         
241  3.920e+01    6.301e+10    4.811e-01      4.500e+01    1.287e+04    4.488e-02      1.01m        0         
242  3.831e+01    1.496e+09    3.445e-01      4.700e+01    4.090e+04    4.475e-02      44.68s       0         
243  3.830e+01    7.052e+19    3.374e-01      4.700e+01    4.090e+04    4.475e-02      42.74s       0         
244  3.860e+01    1.941e+09    4.204e-01      4.300e+01    2.744e+03    4.500e-02      33.49s       0         
245  3.915e+01    8.087e+10    5.287e-01      4.300e+01    2.744e+03    4.500e-02      27.81s       0         
246  3.778e+01    2.775e+11    3.478e-01      4.000e+01    1.321e+03    4.700e-02      20.17s       0         
247  3.858e+01    7.264e+18    3.701e-01      4.000e+01    1.321e+03    4.700e-02      12.57s       0         
248  3.990e+01    1.033e+15    4.839e+00      4.500e+01    3.364e+04    4.676e-02      6.75s        0         
249  4.031e+01    3.342e+06    3.474e-01      4.000e+01    1.321e+03    4.700e-02      0.00s        0         
250  3.976e+01    1.270e+06    2.435e+00      4.000e+01    1.321e+03    4.700e-02      2.59m        0         
251  3.890e+01    3.300e+06    4.256e-01      4.000e+01    1.321e+03    4.700e-02      2.43m        0         
252  3.917e+01    5.431e+07    2.308e+00      4.000e+01    1.321e+03    4.700e-02      2.28m        0         
253  3.945e+01    4.834e+13    3.306e-01      4.000e+01    1.321e+03    4.700e-02      2.38m        0         
254  3.956e+01    4.333e+07    3.023e-01      4.000e+01    1.321e+03    4.700e-02      2.36m        0         
255  4.005e+01    2.495e+09    3.441e-01      4.700e+01    4.090e+04    4.475e-02      1.62m        0         
256  3.951e+01    1.344e+09    3.777e-01      4.000e+01    1.321e+03    4.700e-02      2.07m        0         
257  3.918e+01    6.022e+08    3.469e-01      4.000e+01    1.321e+03    4.700e-02      1.79m        0         
258  3.919e+01    7.033e+06    3.181e-01      4.000e+01    1.321e+03    4.700e-02      1.73m        0         
259  3.940e+01    5.139e+08    3.475e-01      4.000e+01    1.321e+03    4.700e-02      1.60m        0         
260  4.012e+01    4.549e+07    3.530e-01      4.000e+01    1.321e+03    4.700e-02      1.58m        0         
261  3.966e+01    3.036e+06    3.394e-01      4.500e+01    4.445e+04    4.687e-02      1.30m        0         
262  3.941e+01    6.409e+08    5.612e-01      4.000e+01    1.321e+03    4.700e-02      1.37m        0         
263  3.886e+01    4.784e+08    3.908e-01      4.100e+01    1.385e+03    4.580e-02      1.07m        0         
264  3.912e+01    3.486e+07    3.375e-01      4.100e+01    1.385e+03    4.580e-02      1.03m        0         
265  4.099e+01    2.777e+12    3.044e-01      4.100e+01    1.385e+03    4.580e-02      1.02m        0         
266  4.049e+01    2.900e+15    2.237e+00      4.100e+01    1.385e+03    4.580e-02      50.62s       0         
267  3.976e+01    1.721e+10    3.336e-01      4.900e+01    8.600e+04    4.311e-02      48.42s       0         
268  4.032e+01    6.676e+08    3.488e-01      4.500e+01    1.690e+04    4.556e-02      42.25s       0         
269  3.969e+01    1.953e+09    3.158e-01      4.200e+01    2.957e+03    4.562e-02      31.05s       0         
270  3.912e+01    2.301e+06    3.451e-01      4.400e+01    2.818e+03    4.349e-02      25.43s       0         
271  3.887e+01    1.074e+13    3.132e-01      4.100e+01    4.383e+02    4.453e-02      20.50s       0         
272  3.849e+01    6.886e+07    4.433e-01      4.100e+01    4.383e+02    4.453e-02      11.82s       0         
273  3.788e+01    2.538e+07    3.326e-01      4.100e+01    4.383e+02    4.453e-02      6.60s        0         
274  3.880e+01    5.750e+24    3.389e-01      4.100e+01    4.383e+02    4.453e-02      0.00s        0         
275  3.871e+01    1.225e+09    3.732e-01      4.100e+01    4.383e+02    4.453e-02      2.67m        0         
276  3.809e+01    6.978e+07    9.146e+00      4.100e+01    4.383e+02    4.453e-02      2.31m        0         
277  3.933e+01    9.786e+08    4.045e-01      4.100e+01    4.383e+02    4.453e-02      2.45m        0         
278  4.027e+01    6.917e+11    3.116e-01      4.100e+01    4.383e+02    4.453e-02      2.42m        0         
279  4.058e+01    9.112e+11    4.016e-01      4.100e+01    4.383e+02    4.453e-02      1.82m        0         
280  4.164e+01    2.427e+09    2.372e+00      4.100e+01    4.383e+02    4.453e-02      2.11m        0         
281  4.080e+01    3.881e+08    3.240e-01      4.100e+01    4.383e+02    4.453e-02      2.03m        0         
282  3.955e+01    6.551e+06    3.577e-01      4.100e+01    4.383e+02    4.453e-02      1.82m        0         
283  3.929e+01    3.833e+07    6.086e-01      4.100e+01    4.383e+02    4.453e-02      1.82m        0         
284  3.994e+01    1.600e+14    2.347e+00      4.100e+01    4.383e+02    4.453e-02      1.81m        0         
285  4.057e+01    1.061e+07    2.248e+00      4.100e+01    4.383e+02    4.453e-02      1.34m        0         
286  3.978e+01    2.018e+07    3.522e-01      4.100e+01    4.383e+02    4.453e-02      1.50m        0         
287  4.107e+01    5.959e+07    4.275e-01      4.400e+01    5.385e+02    4.310e-02      1.68m        0         
288  4.102e+01    1.037e+11    3.144e-01      4.100e+01    4.383e+02    4.453e-02      1.05m        0         
289  4.009e+01    2.140e+07    3.353e-01      4.100e+01    4.383e+02    4.453e-02      1.28m        0         
290  4.134e+01    8.955e+09    5.529e-01      4.100e+01    4.383e+02    4.453e-02      1.23m        0         
291  4.161e+01    7.167e+09    2.969e-01      4.100e+01    4.383e+02    4.453e-02      57.62s       0         
292  4.022e+01    2.442e+09    3.184e-01      4.100e+01    4.383e+02    4.453e-02      40.51s       0         
293  4.066e+01    3.160e+11    2.230e+00      4.100e+01    4.383e+02    4.453e-02      39.45s       0         
294  3.862e+01    7.223e+06    3.273e-01      4.100e+01    4.383e+02    4.453e-02      29.22s       0         
295  3.987e+01    7.854e+07    3.548e-01      4.100e+01    4.383e+02    4.453e-02      25.20s       0         
296  3.770e+01    3.913e+08    3.806e-01      4.100e+01    4.383e+02    4.453e-02      14.69s       0         
297  3.953e+01    1.037e+11    3.718e-01      4.000e+01    3.882e+02    4.544e-02      12.37s       0         
298  3.945e+01    3.732e+07    3.572e-01      4.000e+01    3.882e+02    4.544e-02      6.88s        0         
299  4.015e+01    5.778e+08    3.063e-01      4.000e+01    3.882e+02    4.544e-02      0.00s        0         
300  3.926e+01    6.031e+09    3.490e-01      4.000e+01    3.882e+02    4.544e-02      1.86m        0         
301  4.064e+01    6.929e+10    4.158e-01      4.000e+01    3.882e+02    4.544e-02      2.83m        0         
302  3.888e+01    1.210e+09    6.893e-01      4.000e+01    3.882e+02    4.544e-02      2.24m        0         
303  3.982e+01    5.324e+07    3.996e-01      4.000e+01    3.882e+02    4.544e-02      2.39m        0         
304  3.980e+01    1.831e+11    4.894e-01      4.000e+01    3.882e+02    4.544e-02      2.10m        0         
305  4.079e+01    9.792e+06    3.117e-01      4.000e+01    3.882e+02    4.544e-02      1.96m        0         
306  3.971e+01    1.569e+13    4.095e-01      4.000e+01    3.882e+02    4.544e-02      1.85m        0         
307  4.340e+01    4.172e+09    5.398e-01      4.000e+01    3.882e+02    4.544e-02      2.32m        0         
308  4.030e+01    1.823e+13    4.565e+02      4.700e+01    1.046e+03    4.222e-02      1.71m        0         
309  4.126e+01    6.295e+09    4.284e-01      4.000e+01    3.882e+02    4.544e-02      1.99m        0         
310  4.162e+01    3.933e+07    3.869e-01      4.000e+01    3.882e+02    4.544e-02      1.50m        0         
311  4.057e+01    2.171e+08    3.637e-01      4.000e+01    3.882e+02    4.544e-02      1.27m        0         
312  3.991e+01    1.423e+08    4.204e+00      4.000e+01    3.882e+02    4.544e-02      1.33m        0         
313  4.130e+01    2.255e+09    3.422e-01      4.000e+01    3.882e+02    4.544e-02      1.29m        0         
314  3.932e+01    2.013e+06    9.207e-01      4.000e+01    3.882e+02    4.544e-02      1.12m        0         
315  4.135e+01    2.230e+08    5.408e-01      4.000e+01    3.882e+02    4.544e-02      1.28m        0         
316  4.031e+01    4.668e+07    3.520e-01      4.000e+01    3.882e+02    4.544e-02      56.94s       0         
317  4.248e+01    2.870e+09    4.279e-01      4.000e+01    3.882e+02    4.544e-02      53.28s       0         
318  4.278e+01    2.558e+09    5.693e-01      4.000e+01    3.882e+02    4.544e-02      40.20s       0         
319  4.010e+01    2.638e+11    4.195e-01      4.000e+01    3.882e+02    4.544e-02      29.24s       0         
320  4.268e+01    1.037e+10    3.275e-01      4.000e+01    3.882e+02    4.544e-02      27.31s       0         
321  4.028e+01    3.372e+10    4.027e-01      4.000e+01    3.882e+02    4.544e-02      15.96s       0         
322  4.204e+01    1.046e+11    6.368e-01      4.000e+01    3.882e+02    4.544e-02      14.27s       0         
323  4.200e+01    1.675e+09    3.514e-01      4.000e+01    3.882e+02    4.544e-02      5.52s        0         
324  4.105e+01    2.417e+08    3.225e-01      4.000e+01    3.882e+02    4.544e-02      0.00s        0         
325  4.123e+01    3.131e+09    4.904e-01      4.000e+01    3.882e+02    4.544e-02      2.39m        0         
326  3.996e+01    2.268e+08    3.435e-01      4.000e+01    3.882e+02    4.544e-02      2.48m        0         
327  4.174e+01    2.874e+11    3.421e-01      4.000e+01    3.882e+02    4.544e-02      2.78m        0         
328  4.072e+01    5.622e+12    4.528e-01      4.100e+01    4.383e+02    4.453e-02      2.16m        0         
329  4.258e+01    2.086e+09    3.342e-01      4.000e+01    3.882e+02    4.544e-02      2.38m        0         
330  3.991e+01    2.899e+06    4.328e-01      4.000e+01    3.882e+02    4.544e-02      1.42m        0         
331  4.235e+01    4.836e+08    3.895e-01      4.000e+01    3.882e+02    4.544e-02      2.01m        0         
332  4.067e+01    8.391e+08    4.173e-01      4.000e+01    3.882e+02    4.544e-02      1.35m        0         
333  4.204e+01    2.359e+14    4.216e+00      4.000e+01    3.882e+02    4.544e-02      1.70m        0         
334  4.060e+01    3.472e+10    4.050e-01      4.000e+01    3.882e+02    4.544e-02      1.47m        0         
335  4.101e+01    1.703e+08    3.367e-01      4.000e+01    3.882e+02    4.544e-02      1.55m        0         
336  4.182e+01    9.834e+08    3.808e-01      4.600e+01    5.804e+04    4.515e-02      1.35m        0         
337  4.169e+01    9.930e+11    3.182e-01      4.000e+01    3.882e+02    4.544e-02      1.42m        0         
338  4.128e+01    3.125e+10    3.972e-01      4.100e+01    8.506e+02    4.408e-02      51.84s       0         
339  4.222e+01    4.885e+09    3.311e-01      4.100e+01    8.506e+02    4.408e-02      1.16m        0         
340  4.065e+01    1.558e+09    3.271e-01      4.100e+01    8.506e+02    4.408e-02      47.21s       0         
341  4.305e+01    7.481e+08    4.574e-01      4.100e+01    8.506e+02    4.408e-02      59.46s       0         
342  4.129e+01    3.230e+11    3.688e-01      4.100e+01    8.506e+02    4.408e-02      37.81s       0         
343  4.222e+01    1.965e+09    4.499e-01      4.100e+01    8.506e+02    4.408e-02      35.20s       0         
344  4.208e+01    5.313e+12    3.628e-01      4.100e+01    8.506e+02    4.408e-02      29.87s       0         
345  4.025e+01    2.033e+12    3.368e-01      4.100e+01    8.506e+02    4.408e-02      20.85s       0         
346  4.184e+01    9.291e+08    4.222e-01      4.100e+01    8.506e+02    4.408e-02      20.12s       0         
347  4.077e+01    6.839e+09    6.889e-01      4.100e+01    8.506e+02    4.408e-02      11.15s       0         
348  4.357e+01    1.202e+12    4.049e-01      4.100e+01    8.506e+02    4.408e-02      6.54s        0         
349  3.961e+01    2.836e+18    4.479e-01      4.100e+01    8.506e+02    4.408e-02      0.00s        0         
350  4.197e+01    2.119e+12    2.274e+00      4.100e+01    8.506e+02    4.408e-02      2.77m        0         
351  3.984e+01    1.110e+16    5.679e-01      4.100e+01    8.506e+02    4.408e-02      1.75m        0         
352  3.885e+01    4.543e+09    3.295e-01      4.100e+01    8.506e+02    4.408e-02      2.07m        0         
353  3.988e+01    6.212e+06    4.019e-01      4.100e+01    8.506e+02    4.408e-02      2.41m        0         
354  4.013e+01    8.559e+11    4.230e-01      4.100e+01    8.506e+02    4.408e-02      1.79m        0         
355  4.066e+01    6.199e+06    2.242e+00      4.100e+01    8.506e+02    4.408e-02      2.08m        0         
356  3.974e+01    9.817e+08    3.907e-01      4.100e+01    8.506e+02    4.408e-02      1.75m        0         
357  4.108e+01    6.163e+16    4.217e-01      4.100e+01    8.506e+02    4.408e-02      1.94m        0         
358  3.880e+01    4.008e+11    4.586e-01      4.100e+01    8.506e+02    4.408e-02      1.69m        0         
359  4.047e+01    3.378e+14    3.666e-01      4.100e+01    8.506e+02    4.408e-02      2.05m        0         
360  4.099e+01    4.589e+07    2.294e+00      4.100e+01    8.506e+02    4.408e-02      1.87m        0         
361  4.132e+01    1.019e+09    3.242e-01      4.100e+01    8.506e+02    4.408e-02      1.66m        0         
362  4.102e+01    3.875e+08    3.649e-01      4.100e+01    8.506e+02    4.408e-02      1.21m        0         
363  4.170e+01    4.762e+10    1.509e+00      4.100e+01    8.506e+02    4.408e-02      1.29m        0         
364  4.076e+01    1.165e+09    3.516e-01      4.100e+01    8.506e+02    4.408e-02      1.13m        0         
365  4.242e+01    8.162e+09    3.339e-01      4.100e+01    8.506e+02    4.408e-02      1.04m        0         
366  4.214e+01    6.221e+16    3.506e-01      4.100e+01    8.506e+02    4.408e-02      56.03s       0         
367  4.306e+01    1.552e+12    3.529e-01      4.100e+01    8.506e+02    4.408e-02      48.94s       0         
368  4.205e+01    1.460e+19    4.040e-01      4.100e+01    8.506e+02    4.408e-02      34.50s       0         
369  4.058e+01    9.886e+17    3.630e-01      4.100e+01    8.506e+02    4.408e-02      29.86s       0         
370  4.160e+01    2.760e+13    3.631e-01      4.100e+01    8.506e+02    4.408e-02      27.37s       0         
371  4.163e+01    3.797e+13    6.140e-01      4.100e+01    8.506e+02    4.408e-02      20.19s       0         
372  4.264e+01    3.167e+20    3.482e-01      4.100e+01    8.506e+02    4.408e-02      14.00s       0         
373  3.980e+01    2.533e+08    3.259e-01      4.100e+01    8.506e+02    4.408e-02      5.39s        0         
374  4.133e+01    1.574e+12    3.570e-01      4.100e+01    8.506e+02    4.408e-02      0.00s        0         
375  4.124e+01    3.995e+22    4.181e+00      4.100e+01    8.506e+02    4.408e-02      2.07m        0         
376  4.024e+01    2.838e+10    3.428e-01      4.100e+01    8.506e+02    4.408e-02      2.27m        0         
377  4.157e+01    1.182e+13    3.179e-01      4.100e+01    8.506e+02    4.408e-02      2.31m        0         
378  3.942e+01    1.600e+14    3.278e-01      4.100e+01    8.506e+02    4.408e-02      2.09m        0         
379  4.128e+01    7.758e+21    3.762e-01      4.100e+01    8.506e+02    4.408e-02      2.17m        0         
380  4.167e+01    4.378e+21    3.476e-01      4.100e+01    8.506e+02    4.408e-02      1.84m        0         
381  4.228e+01    5.284e+13    3.685e-01      4.100e+01    8.506e+02    4.408e-02      1.75m        0         
382  4.208e+01    1.024e+14    3.508e-01      4.100e+01    8.506e+02    4.408e-02      1.76m        0         
383  4.039e+01    1.091e+19    3.804e-01      4.100e+01    8.506e+02    4.408e-02      1.50m        0         
384  4.212e+01    1.570e+22    3.277e-01      4.100e+01    8.506e+02    4.408e-02      1.53m        0         
385  4.053e+01    1.695e+18    2.231e+00      4.100e+01    8.506e+02    4.408e-02      1.18m        0         
386  3.923e+01    4.873e+19    3.908e-01      4.100e+01    8.506e+02    4.408e-02      1.32m        0         
387  4.138e+01    6.702e+12    3.331e-01      4.500e+01    9.303e+03    4.106e-02      1.34m        0         
388  4.376e+01    2.124e+25    2.742e-01      5.000e+01    3.188e+06    3.555e-02      46.71s       0         
389  4.315e+01    1.975e+22    2.963e-01      5.000e+01    3.188e+06    3.555e-02      59.48s       0         
390  4.507e+01    1.085e+32    2.922e-01      4.600e+01    1.454e+04    3.617e-02      1.01m        0         
391  4.502e+01    3.701e+45    2.793e-01      5.600e+01    1.641e+09    3.556e-02      55.15s       0         
392  4.503e+01    3.556e+41    3.062e-01      5.600e+01    1.237e+09    3.614e-02      49.67s       0         
393  4.638e+01    1.199e+42    2.812e-01      4.600e+01    1.454e+04    3.617e-02      45.39s       0         
394  4.469e+01    2.645e+31    2.978e-01      4.600e+01    1.454e+04    3.617e-02      32.93s       0         
395  4.369e+01    1.726e+32    3.014e-01      4.400e+01    9.878e+03    3.638e-02      27.44s       0         
396  4.416e+01    2.163e+23    2.861e-01      5.300e+01    7.135e+05    3.439e-02      19.63s       0         
397  4.541e+01    5.141e+26    2.816e-01      4.400e+01    9.878e+03    3.638e-02      13.15s       0         
398  4.435e+01    3.125e+30    2.754e-01      4.400e+01    9.878e+03    3.638e-02      6.61s        0         
399  4.457e+01    1.794e+23    3.059e-01      4.700e+01    3.001e+04    3.330e-02      0.00s        0         
400  4.558e+01    5.555e+30    2.932e-01      4.700e+01    3.001e+04    3.330e-02      2.82m        0         
401  4.474e+01    2.589e+33    3.027e-01      4.700e+01    3.001e+04    3.330e-02      2.53m        0         
402  4.541e+01    7.277e+21    2.840e-01      4.700e+01    2.496e+04    3.275e-02      2.53m        0         
403  4.509e+01    5.708e+32    2.931e-01      4.700e+01    2.496e+04    3.275e-02      2.31m        0         
404  4.399e+01    1.044e+41    2.997e-01      4.500e+01    1.285e+04    3.486e-02      2.21m        0         
405  4.438e+01    4.810e+23    2.958e-01      4.800e+01    2.706e+04    3.387e-02      2.21m        0         
406  4.448e+01    2.453e+20    2.884e-01      4.500e+01    2.327e+04    3.375e-02      2.54m        0         
407  4.292e+01    5.254e+36    2.957e-01      4.200e+01    2.255e+04    3.508e-02      2.38m        0         
408  4.229e+01    1.667e+25    3.072e-01      4.200e+01    2.255e+04    3.508e-02      2.09m        0         
409  4.355e+01    1.336e+51    2.891e-01      4.100e+01    2.253e+04    3.591e-02      1.93m        0         
410  4.401e+01    1.656e+35    2.933e-01      4.100e+01    2.253e+04    3.591e-02      1.63m        0         
411  4.220e+01    1.668e+25    3.186e-01      4.100e+01    2.253e+04    3.591e-02      1.40m        0         
412  4.279e+01    4.007e+19    3.242e-01      4.100e+01    2.253e+04    3.591e-02      1.37m        0         
413  4.297e+01    2.041e+35    2.934e-01      4.700e+01    2.539e+04    3.382e-02      1.24m        0         
414  4.234e+01    1.673e+19    3.042e-01      4.700e+01    2.496e+04    3.275e-02      1.10m        0         
415  4.223e+01    3.389e+40    3.012e-01      4.900e+01    3.439e+04    3.433e-02      59.08s       0         
416  4.296e+01    1.868e+19    3.010e-01      5.600e+01    1.030e+06    3.376e-02      55.96s       0         
417  4.384e+01    4.585e+20    3.032e-01      4.100e+01    2.253e+04    3.591e-02      50.58s       0         
418  4.384e+01    7.123e+16    2.980e-01      4.200e+01    2.255e+04    3.508e-02      46.11s       0         
419  4.383e+01    2.023e+20    3.038e-01      4.600e+01    5.902e+04    3.266e-02      40.81s       0         
420  4.452e+01    1.472e+22    2.926e-01      5.000e+01    6.863e+05    3.411e-02      33.66s       0         
421  4.302e+01    1.400e+21    3.020e-01      4.300e+01    2.259e+04    3.315e-02      20.74s       0         
422  4.238e+01    1.673e+15    2.874e-01      4.300e+01    2.259e+04    3.315e-02      13.61s       0         
423  4.210e+01    2.610e+24    3.266e-01      4.300e+01    2.259e+04    3.315e-02      6.67s        0         
424  4.224e+01    6.450e+14    3.079e-01      4.300e+01    2.259e+04    3.315e-02      0.00s        0         
425  4.313e+01    2.748e+21    2.872e-01      4.300e+01    2.259e+04    3.315e-02      2.77m        0         
426  4.292e+01    7.037e+13    3.049e-01      4.300e+01    2.259e+04    3.315e-02      2.62m        0         
427  4.313e+01    1.550e+22    3.043e-01      4.300e+01    2.259e+04    3.315e-02      2.87m        0         
428  4.357e+01    2.258e+15    2.982e-01      4.300e+01    2.259e+04    3.315e-02      2.33m        0         
429  4.204e+01    5.822e+20    3.097e-01      4.300e+01    2.259e+04    3.315e-02      2.35m        0         
430  4.332e+01    2.472e+15    3.060e-01      4.300e+01    2.259e+04    3.315e-02      2.18m        0         
431  4.312e+01    2.059e+20    3.030e-01      4.300e+01    2.259e+04    3.315e-02      2.07m        0         
432  4.308e+01    1.691e+19    3.082e-01      4.400e+01    2.267e+04    3.267e-02      1.89m        0         
433  4.230e+01    5.236e+19    2.882e-01      4.300e+01    2.259e+04    3.315e-02      1.82m        0         
434  4.254e+01    4.029e+19    3.004e-01      4.500e+01    2.327e+04    3.134e-02      1.69m        0         
435  4.256e+01    4.461e+11    3.026e-01      4.600e+01    2.458e+04    3.281e-02      1.64m        0         
436  4.240e+01    3.411e+12    3.163e-01      4.900e+01    7.870e+04    3.182e-02      1.44m        0         
437  4.310e+01    7.251e+17    3.120e-01      4.900e+01    7.870e+04    3.182e-02      1.35m        0         
438  4.364e+01    6.362e+15    3.018e-01      4.900e+01    7.870e+04    3.182e-02      1.29m        0         
439  4.375e+01    6.426e+22    3.211e-01      4.500e+01    2.327e+04    3.134e-02      1.13m        0         
440  4.427e+01    7.059e+53    3.181e-01      4.400e+01    2.267e+04    3.267e-02      1.05m        0         
441  4.382e+01    7.133e+17    3.106e-01      4.400e+01    2.267e+04    3.267e-02      1.08m        0         
442  4.291e+01    3.660e+18    3.194e-01      4.700e+01    2.496e+04    3.275e-02      51.25s       0         
443  4.375e+01    1.012e+18    3.166e-01      4.300e+01    2.259e+04    3.315e-02      51.09s       0         
444  4.355e+01    3.118e+19    3.206e-01      4.300e+01    2.259e+04    3.315e-02      35.96s       0         
445  4.446e+01    5.725e+21    3.059e-01      4.300e+01    2.259e+04    3.315e-02      28.18s       0         
446  4.430e+01    1.341e+22    3.211e-01      4.700e+01    2.496e+04    3.275e-02      19.53s       0         
447  4.406e+01    4.607e+21    3.178e-01      4.700e+01    2.496e+04    3.275e-02      14.99s       0         
448  4.449e+01    1.023e+21    3.125e-01      4.500e+01    2.327e+04    3.134e-02      6.87s        0         
449  4.466e+01    3.001e+27    3.130e-01      4.500e+01    2.327e+04    3.134e-02      0.00s        0         
450  4.505e+01    3.116e+20    2.960e-01      5.200e+01    2.094e+09    3.341e-02      2.90m        0         
451  4.512e+01    7.115e+38    3.053e-01      4.200e+01    2.246e+04    3.389e-02      2.88m        0         
452  4.475e+01    8.035e+19    3.241e-01      5.200e+01    4.111e+06    3.309e-02      2.77m        0         
453  4.323e+01    2.137e+27    3.057e-01      5.200e+01    4.111e+06    3.309e-02      2.35m        0         
454  4.253e+01    4.985e+19    3.213e-01      4.200e+01    2.246e+04    3.389e-02      2.37m        0         
455  4.416e+01    1.532e+16    3.154e-01      4.200e+01    2.246e+04    3.389e-02      2.23m        0         
456  4.421e+01    6.018e+35    3.084e-01      4.300e+01    2.248e+04    3.248e-02      2.30m        0         
457  4.363e+01    2.028e+25    3.052e-01      4.300e+01    2.248e+04    3.248e-02      2.02m        0         
458  4.351e+01    1.347e+15    3.170e-01      4.300e+01    2.248e+04    3.248e-02      1.73m        0         
459  4.295e+01    2.269e+16    2.967e-01      4.500e+01    2.327e+04    3.134e-02      1.72m        0         
460  4.139e+01    4.647e+12    3.172e-01      4.500e+01    2.327e+04    3.134e-02      1.50m        0         
461  4.160e+01    7.666e+17    3.297e-01      4.500e+01    2.327e+04    3.134e-02      1.52m        0         
462  4.179e+01    9.997e+22    3.189e-01      5.600e+01    1.924e+07    3.048e-02      1.39m        0         
463  4.229e+01    1.110e+20    3.163e-01      5.200e+01    2.290e+05    3.166e-02      1.22m        0         
464  4.047e+01    1.008e+14    3.318e-01      4.300e+01    2.248e+04    3.248e-02      1.18m        0         
465  4.219e+01    1.335e+19    3.171e-01      4.400e+01    2.254e+04    3.176e-02      1.00m        0         
466  4.317e+01    8.973e+33    3.175e-01      5.500e+01    1.387e+09    3.209e-02      51.51s       0         
467  4.146e+01    7.759e+12    3.006e-01      4.300e+01    2.248e+04    3.248e-02      48.44s       0         
468  4.173e+01    9.604e+34    3.235e-01      4.300e+01    2.248e+04    3.248e-02      34.31s       0         
469  4.111e+01    9.131e+12    3.351e-01      4.300e+01    2.248e+04    3.248e-02      35.05s       0         
470  4.145e+01    1.287e+23    3.183e-01      4.400e+01    2.254e+04    3.176e-02      28.60s       0         
471  4.250e+01    9.507e+15    3.147e-01      4.400e+01    2.254e+04    3.176e-02      23.97s       0         
472  4.288e+01    6.516e+19    3.086e-01      4.400e+01    2.254e+04    3.176e-02      13.48s       0         
473  4.308e+01    3.080e+20    3.087e-01      4.300e+01    2.248e+04    3.248e-02      7.34s        0         
474  4.332e+01    4.773e+16    3.217e-01      4.300e+01    2.248e+04    3.248e-02      0.00s        0         
475  4.366e+01    8.443e+24    3.206e-01      4.300e+01    2.248e+04    3.248e-02      2.83m        0         
476  4.236e+01    1.066e+17    3.228e-01      5.400e+01    3.008e+08    3.145e-02      2.62m        0         
477  4.328e+01    1.577e+24    3.170e-01      5.300e+01    1.888e+08    3.133e-02      2.93m        0         
478  4.237e+01    1.495e+21    3.160e-01      4.700e+01    2.876e+05    3.006e-02      2.84m        0         
479  4.305e+01    1.472e+18    3.273e-01      4.700e+01    2.876e+05    3.006e-02      2.64m        0         
480  4.239e+01    6.818e+20    3.341e-01      4.700e+01    2.876e+05    3.006e-02      2.09m        0         
481  4.434e+01    3.406e+20    3.232e-01      4.700e+01    2.876e+05    3.006e-02      2.08m        0         
482  4.366e+01    5.013e+49    3.267e-01      4.700e+01    2.876e+05    3.006e-02      2.19m        0         
483  4.320e+01    7.442e+15    3.223e-01      4.700e+01    2.876e+05    3.006e-02      2.24m        0         
484  4.260e+01    8.840e+15    3.184e-01      4.600e+01    2.329e+04    3.236e-02      2.05m        0         
485  4.361e+01    2.725e+20    3.258e-01      4.300e+01    2.248e+04    3.248e-02      1.91m        0         
486  4.455e+01    1.803e+13    3.245e-01      4.300e+01    2.248e+04    3.248e-02      1.83m        0         
487  4.415e+01    9.398e+09    3.198e-01      4.300e+01    2.248e+04    3.248e-02      1.51m        0         
488  4.401e+01    5.178e+12    3.397e-01      4.300e+01    2.248e+04    3.248e-02      1.33m        0         
489  4.453e+01    1.743e+19    3.165e-01      4.300e+01    2.248e+04    3.248e-02      1.21m        0         
490  4.424e+01    2.347e+15    3.158e-01      4.800e+01    3.909e+05    3.134e-02      59.94s       0         
491  4.452e+01    7.734e+20    3.205e-01      4.300e+01    2.248e+04    3.248e-02      55.69s       0         
492  4.368e+01    4.386e+16    3.260e-01      4.300e+01    2.248e+04    3.248e-02      59.31s       0         
493  4.366e+01    1.093e+18    3.260e-01      4.300e+01    2.248e+04    3.248e-02      38.80s       0         
494  4.365e+01    1.697e+15    3.286e-01      4.300e+01    2.248e+04    3.248e-02      34.83s       0         
495  4.318e+01    3.926e+12    3.365e-01      4.300e+01    2.248e+04    3.248e-02      28.25s       0         
496  4.462e+01    1.029e+19    3.351e-01      4.300e+01    2.248e+04    3.248e-02      20.80s       0         
497  4.525e+01    2.808e+20    3.233e-01      4.300e+01    2.248e+04    3.248e-02      14.45s       0         
498  4.441e+01    1.633e+28    3.347e-01      4.300e+01    2.248e+04    3.248e-02      6.75s        0         
499  4.406e+01    1.122e+25    3.438e-01      4.300e+01    2.248e+04    3.248e-02      0.00s        0         





Time: 0h:56m:11s
####   Data for the best program   ####
Best Program: add(cos(sub(sub(cos(X1), X1), X1)), sin(add(sin(sin(sin(add(X1, add(X1, mul(sin(add(add(X1, X1), div(X0, 1.709))), X1)))))), sub(sub(cos(sub(cos(sin(sin(sin(X1)))), X0)), div(X0, 1.709)), mul(1.553, X0)))))
Best Program Complexity: 43
Raw Fitness: 0.03248193877053924
Penalized Fitness: 0.07548193877053924
Estimator		Train-rmse: 0.03248193877053924	Test-rmse: 0.033525122794087675	Test-R^2: 0.9962474858125252

{'complexity': 'length', 'const_range': (1e-10, 2.0), 'elitism_size': 1, 'function_set': ('add', 'sub', 'div', 'mul', 'sin', 'cos'), 'generations': 500, 'init_depth': (3, 6), 'init_method': 'half and half', 'low_memory': True, 'max_samples': 1.0, 'metric': 'rmse', 'n_jobs': 2, 'p_crossover': 1.0, 'p_hoist_mutation': 0.0, 'p_point_mutation': 0.0, 'p_point_replace': 0.05, 'p_subtree_mutation': 0.0, 'paretogp': False, 'paretogp_lengths': (5, 160), 'parsimony_coefficient': 0.001, 'population_size': 800, 'random_state': 1891276093, 'selection': 'eplex', 'stopping_criteria': 1e-10, 'tournament_size': 11, 'verbose': 1, 'warm_start': True}
