    |          Population Average          |           Best Individual            |
---- -------------------------------------- -------------------------------------- ----------
Gen  Length       Kommenda     Fitness        Length       Kommenda     Fitness        Time Left    Front Size
0    2.411e+01    1.085e+09    1.658e+05      2.600e+01    7.755e+01    5.098e-01      9.00s        4         
1    1.244e+01    3.774e+06    1.324e+00      2.600e+01    6.366e+01    2.833e-01      16.76s       10        
2    1.335e+01    2.475e+10    7.884e-01      2.600e+01    5.951e+01    2.248e-01      16.61s       5         
3    1.302e+01    3.493e+03    4.814e+01      3.800e+01    1.571e+02    2.048e-01      15.87s       10        
4    1.978e+01    3.850e+04    1.978e+00      5.100e+01    6.626e+02    1.498e-01      15.44s       12        
5    2.358e+01    2.276e+06    3.138e+04      5.600e+01    9.916e+02    1.340e-01      15.56s       12        
6    2.961e+01    6.468e+07    1.616e+00      8.700e+01    5.143e+10    1.275e-01      15.57s       13        
7    3.234e+01    3.842e+12    1.350e+00      8.200e+01    5.143e+10    1.195e-01      15.54s       17        
8    3.218e+01    1.540e+19    4.389e+01      8.200e+01    5.143e+10    1.146e-01      14.45s       13        
9    2.815e+01    3.690e+15    8.680e-01      1.050e+02    2.671e+13    1.138e-01      13.34s       16        
10   3.738e+01    1.830e+74    7.777e-01      8.900e+01    4.994e+12    1.138e-01      16.90s       20        
11   4.016e+01    2.387e+43    3.871e+01      1.560e+02    1.910e+46    1.132e-01      12.93s       19        
12   4.722e+01    2.217e+55    8.594e-01      1.030e+02    6.380e+14    1.123e-01      12.35s       16        
13   3.712e+01    3.373e+105   1.879e+00      4.600e+01    3.091e+03    1.099e-01      11.16s       15        
14   2.700e+01    1.742e+132   8.078e-01      5.000e+01    3.170e+03    1.053e-01      9.22s        18        
15   2.584e+01    1.856e+05    1.352e+00      5.000e+01    3.170e+03    1.053e-01      7.89s        14        
16   2.405e+01    1.912e+05    1.789e+00      5.000e+01    3.170e+03    1.053e-01      6.79s        16        
17   2.426e+01    9.368e+04    1.652e+00      5.000e+01    3.170e+03    1.047e-01      5.99s        16        
18   2.524e+01    1.718e+07    4.267e+01      5.000e+01    3.170e+03    1.047e-01      5.13s        18        
19   2.483e+01    3.562e+06    9.938e-01      4.400e+01    2.883e+02    8.845e-02      5.45s        18        
20   2.400e+01    1.238e+05    3.369e+00      9.000e+00    1.505e+01    4.101e-02      3.38s        3         
21   1.019e+01    9.570e+04    9.682e+04      9.000e+00    1.505e+01    4.101e-02      2.34s        3         
22   8.386e+00    7.315e+03    1.176e+00      9.000e+00    1.505e+01    4.101e-02      1.47s        3         
23   8.550e+00    3.730e+02    1.424e+00      9.000e+00    1.505e+01    4.101e-02      0.71s        3         
24   8.536e+00    1.752e+04    3.800e+00      9.000e+00    1.505e+01    4.101e-02      0.00s        3         
25   8.494e+00    1.308e+05    1.645e+02      9.000e+00    1.505e+01    4.101e-02      16.79s       3         
26   8.172e+00    1.295e+02    6.491e+01      9.000e+00    1.505e+01    4.101e-02      15.98s       3         
27   8.512e+00    1.919e+05    4.735e+01      9.000e+00    1.505e+01    4.101e-02      15.48s       3         
28   8.160e+00    1.211e+03    5.255e+00      9.000e+00    1.505e+01    4.101e-02      14.70s       3         
29   8.235e+00    6.417e+02    1.399e+00      9.000e+00    1.505e+01    4.101e-02      18.99s       3         
30   8.204e+00    2.153e+05    5.207e+00      9.000e+00    1.505e+01    4.101e-02      13.32s       3         
31   8.125e+00    9.622e+03    5.184e+01      9.000e+00    1.505e+01    4.101e-02      12.79s       3         
32   8.145e+00    3.815e+03    8.755e+01      9.000e+00    1.505e+01    4.101e-02      11.84s       3         
33   8.210e+00    3.561e+02    6.991e+01      9.000e+00    1.505e+01    4.101e-02      11.29s       3         
34   8.494e+00    7.645e+05    1.112e+01      9.000e+00    1.505e+01    4.101e-02      10.57s       3         
35   7.850e+00    1.003e+03    1.308e+00      9.000e+00    1.505e+01    4.101e-02      9.91s        3         
36   8.107e+00    3.258e+02    6.579e+00      9.000e+00    1.505e+01    4.101e-02      9.17s        3         
37   8.193e+00    8.851e+01    7.382e+00      9.000e+00    1.505e+01    4.101e-02      8.53s        3         
38   8.318e+00    1.285e+02    3.411e+02      9.000e+00    1.505e+01    4.101e-02      7.70s        3         
39   8.037e+00    7.994e+04    1.525e+00      9.000e+00    1.505e+01    4.101e-02      7.17s        3         
40   8.379e+00    3.619e+04    2.960e+05      9.000e+00    1.505e+01    4.101e-02      6.39s        3         
41   8.232e+00    1.889e+03    1.007e+01      9.000e+00    1.505e+01    4.101e-02      7.87s        3         
42   8.098e+00    7.203e+04    6.705e+01      9.000e+00    1.505e+01    4.101e-02      5.22s        3         
43   8.024e+00    9.221e+04    3.462e+00      9.000e+00    1.505e+01    4.101e-02      4.14s        3         
44   8.094e+00    6.098e+04    1.748e+00      9.000e+00    1.505e+01    4.101e-02      3.51s        3         
45   8.306e+00    3.516e+03    5.682e+01      9.000e+00    1.505e+01    4.101e-02      2.80s        3         
46   8.216e+00    1.100e+06    3.484e+01      9.000e+00    1.505e+01    4.101e-02      2.08s        3         
47   8.055e+00    3.960e+01    2.019e+02      9.000e+00    1.505e+01    4.101e-02      1.40s        3         
48   8.029e+00    6.631e+05    1.453e+03      9.000e+00    1.505e+01    4.101e-02      0.70s        3         
49   8.364e+00    1.364e+06    3.655e+01      9.000e+00    1.505e+01    4.101e-02      0.00s        3         
50   8.296e+00    1.236e+03    7.770e+01      9.000e+00    1.505e+01    4.101e-02      16.93s       3         
51   7.926e+00    2.187e+04    1.634e+02      9.000e+00    1.505e+01    4.101e-02      16.86s       3         
52   8.395e+00    9.467e+02    2.114e+04      9.000e+00    1.505e+01    4.101e-02      16.08s       3         
53   8.284e+00    1.789e+05    1.165e+00      9.000e+00    1.505e+01    4.101e-02      20.81s       3         
54   8.140e+00    1.059e+05    3.123e+00      9.000e+00    1.505e+01    4.101e-02      14.94s       3         
55   8.443e+00    2.790e+08    1.739e+00      9.000e+00    1.505e+01    4.101e-02      14.12s       3         
56   8.204e+00    1.701e+02    8.532e+01      9.000e+00    1.505e+01    4.101e-02      13.11s       3         
57   8.383e+00    1.526e+05    1.365e+02      9.000e+00    1.505e+01    4.101e-02      12.55s       3         
58   8.091e+00    1.244e+04    2.679e+00      9.000e+00    1.505e+01    4.101e-02      11.46s       3         
59   7.867e+00    5.568e+01    2.294e+02      9.000e+00    1.505e+01    4.101e-02      10.98s       3         
60   8.365e+00    1.412e+02    1.966e+01      9.000e+00    1.505e+01    4.101e-02      10.21s       3         
61   8.175e+00    1.097e+02    3.867e+00      9.000e+00    1.505e+01    4.101e-02      9.23s        3         
62   8.519e+00    2.671e+03    1.613e+02      9.000e+00    1.505e+01    4.101e-02      8.50s        3         
63   8.220e+00    1.045e+03    6.488e+00      9.000e+00    1.505e+01    4.101e-02      7.85s        3         
64   8.049e+00    1.435e+03    1.863e+04      9.000e+00    1.505e+01    4.101e-02      9.85s        3         
65   8.227e+00    6.104e+01    1.543e+01      9.000e+00    1.505e+01    4.101e-02      6.54s        3         
66   8.261e+00    7.780e+04    5.865e+00      9.000e+00    1.505e+01    4.101e-02      5.74s        3         
67   8.281e+00    3.260e+02    7.038e+00      9.000e+00    1.505e+01    4.101e-02      5.12s        3         
68   8.270e+00    4.860e+02    1.399e+00      9.000e+00    1.505e+01    4.101e-02      4.40s        3         
69   8.178e+00    2.067e+02    1.251e+00      9.000e+00    1.505e+01    4.101e-02      3.64s        3         
70   8.280e+00    1.678e+04    5.155e+01      9.000e+00    1.505e+01    4.101e-02      2.86s        3         
71   8.160e+00    9.967e+03    1.277e+00      9.000e+00    1.505e+01    4.101e-02      2.16s        3         
72   8.447e+00    6.084e+04    6.644e+01      9.000e+00    1.505e+01    4.101e-02      1.46s        3         
73   8.165e+00    3.159e+02    1.597e+00      9.000e+00    1.505e+01    4.101e-02      0.71s        3         
74   8.130e+00    3.415e+03    1.385e+00      9.000e+00    1.505e+01    4.101e-02      0.00s        3         
75   8.040e+00    2.307e+03    4.886e+00      9.000e+00    1.505e+01    4.101e-02      16.48s       3         
76   8.531e+00    4.877e+02    6.852e+01      9.000e+00    1.505e+01    4.101e-02      22.12s       3         
77   8.150e+00    4.392e+02    2.815e+01      9.000e+00    1.505e+01    4.101e-02      15.56s       3         
78   8.398e+00    1.654e+03    5.559e+01      9.000e+00    1.505e+01    4.101e-02      14.63s       3         
79   8.430e+00    4.496e+04    2.913e+01      9.000e+00    1.505e+01    4.101e-02      14.31s       3         
80   8.543e+00    2.410e+04    5.748e+04      9.000e+00    1.505e+01    4.101e-02      13.39s       3         
81   8.334e+00    2.543e+02    6.840e+01      9.000e+00    1.505e+01    4.101e-02      12.84s       3         
82   8.104e+00    1.126e+02    7.343e+00      9.000e+00    1.505e+01    4.101e-02      12.01s       3         
83   8.197e+00    1.036e+05    3.088e+00      9.000e+00    1.505e+01    4.101e-02      11.21s       3         
84   8.390e+00    2.767e+05    5.307e+01      9.000e+00    1.505e+01    4.101e-02      10.55s       3         
85   8.299e+00    1.405e+03    8.375e+00      9.000e+00    1.505e+01    4.101e-02      10.04s       3         
86   8.214e+00    3.173e+03    1.268e+01      9.000e+00    1.505e+01    4.101e-02      9.15s        3         
87   8.171e+00    6.523e+02    1.181e+00      9.000e+00    1.505e+01    4.101e-02      11.37s       3         
88   8.306e+00    5.839e+04    2.974e+00      9.000e+00    1.505e+01    4.101e-02      7.69s        3         
89   8.436e+00    1.055e+03    4.484e+01      9.000e+00    1.505e+01    4.101e-02      7.12s        3         
90   8.411e+00    2.182e+04    1.018e+03      9.000e+00    1.505e+01    4.101e-02      6.30s        3         
91   8.121e+00    5.932e+03    8.727e+00      9.000e+00    1.505e+01    4.101e-02      5.63s        3         
92   8.279e+00    4.200e+02    7.048e+00      9.000e+00    1.505e+01    4.101e-02      4.95s        3         
93   8.381e+00    1.401e+03    2.633e+00      9.000e+00    1.505e+01    4.101e-02      4.24s        3         
94   8.234e+00    4.088e+06    8.760e+00      9.000e+00    1.505e+01    4.101e-02      3.54s        3         
95   8.364e+00    1.937e+03    1.452e+02      9.000e+00    1.505e+01    4.101e-02      2.86s        3         
96   8.159e+00    5.501e+03    4.484e+03      9.000e+00    1.505e+01    4.101e-02      2.11s        3         
97   8.303e+00    2.510e+03    3.183e+00      9.000e+00    1.505e+01    4.101e-02      1.43s        3         
98   8.051e+00    7.985e+05    2.023e+01      9.000e+00    1.505e+01    4.101e-02      0.72s        3         
99   8.209e+00    5.826e+03    2.128e+00      9.000e+00    1.505e+01    4.101e-02      0.00s        3         
100  8.299e+00    2.337e+02    1.352e+01      9.000e+00    1.505e+01    4.101e-02      17.65s       3         
101  8.161e+00    1.552e+02    1.915e+00      9.000e+00    1.505e+01    4.101e-02      16.83s       3         
102  8.342e+00    1.352e+06    8.636e+01      9.000e+00    1.505e+01    4.101e-02      15.48s       3         
103  8.179e+00    3.495e+02    3.635e+00      9.000e+00    1.505e+01    4.101e-02      14.77s       3         
104  8.286e+00    9.872e+04    1.563e+02      9.000e+00    1.505e+01    4.101e-02      14.22s       3         
105  8.572e+00    4.644e+08    1.604e+00      9.000e+00    1.505e+01    4.038e-02      13.37s       3         
106  8.059e+00    1.603e+03    1.741e+01      9.000e+00    1.505e+01    4.038e-02      12.67s       3         
107  8.533e+00    1.658e+03    1.857e+00      9.000e+00    1.505e+01    4.038e-02      11.96s       3         
108  8.019e+00    3.543e+02    3.695e+08      9.000e+00    1.505e+01    4.038e-02      11.04s       3         
109  8.236e+00    1.108e+05    1.717e+01      9.000e+00    1.505e+01    4.038e-02      10.64s       3         
110  8.161e+00    2.418e+03    9.684e+00      9.000e+00    1.505e+01    4.038e-02      9.90s        3         
111  8.322e+00    8.387e+04    3.295e+00      9.000e+00    1.505e+01    4.038e-02      12.39s       3         
112  8.204e+00    5.398e+02    2.684e+01      9.000e+00    1.505e+01    4.038e-02      8.48s        3         
113  7.992e+00    6.719e+02    9.209e+01      9.000e+00    1.505e+01    4.038e-02      7.73s        3         
114  8.495e+00    9.477e+02    9.893e+01      9.000e+00    1.505e+01    4.038e-02      7.07s        3         
115  8.322e+00    4.863e+02    2.994e+00      9.000e+00    1.505e+01    3.535e-02      6.44s        3         
116  8.419e+00    1.178e+04    1.458e+00      9.000e+00    1.505e+01    3.535e-02      5.64s        3         
117  8.489e+00    3.088e+04    1.036e+01      9.000e+00    1.505e+01    3.535e-02      4.96s        3         
118  8.418e+00    3.880e+03    5.225e+00      9.000e+00    1.505e+01    3.535e-02      4.27s        3         
119  8.191e+00    3.258e+02    1.622e+04      9.000e+00    1.505e+01    3.535e-02      3.54s        3         
120  8.244e+00    7.135e+03    3.729e+00      9.000e+00    1.505e+01    3.535e-02      2.84s        3         
121  8.190e+00    5.195e+05    1.323e+02      9.000e+00    1.505e+01    3.535e-02      2.13s        3         
122  8.264e+00    1.980e+03    3.112e+01      9.000e+00    1.505e+01    3.535e-02      1.54s        3         
123  8.275e+00    8.036e+01    3.814e+00      9.000e+00    1.505e+01    3.535e-02      0.73s        3         
124  8.401e+00    1.029e+03    5.215e+00      9.000e+00    1.505e+01    3.535e-02      0.00s        3         
125  8.180e+00    6.621e+04    4.299e+01      9.000e+00    1.505e+01    3.535e-02      16.80s       3         
126  8.508e+00    2.251e+07    1.347e+00      9.000e+00    1.505e+01    3.535e-02      16.45s       3         
127  8.146e+00    2.841e+02    2.098e+00      9.000e+00    1.505e+01    3.535e-02      15.77s       3         
128  8.024e+00    1.733e+02    4.052e+01      9.000e+00    1.505e+01    3.535e-02      14.72s       3         
129  8.498e+00    3.355e+03    2.255e+04      9.000e+00    1.505e+01    3.535e-02      14.60s       3         
130  8.446e+00    5.539e+02    8.426e+01      9.000e+00    1.505e+01    3.535e-02      13.36s       3         
131  8.492e+00    4.355e+04    3.501e+01      9.000e+00    1.505e+01    3.535e-02      12.69s       3         
132  8.006e+00    1.272e+03    2.370e+01      9.000e+00    1.505e+01    3.535e-02      11.92s       3         
133  8.110e+00    1.833e+04    2.737e+00      9.000e+00    1.505e+01    3.535e-02      11.36s       3         
134  8.455e+00    6.809e+04    2.781e+00      9.000e+00    1.505e+01    3.535e-02      14.41s       3         
135  8.303e+00    2.346e+03    1.238e+01      9.000e+00    1.505e+01    3.535e-02      10.13s       3         
136  8.227e+00    4.265e+04    6.738e+00      9.000e+00    1.505e+01    3.535e-02      9.14s        3         
137  8.084e+00    7.651e+02    1.002e+01      9.000e+00    1.505e+01    3.535e-02      8.48s        3         
138  8.318e+00    1.617e+04    3.019e+00      9.000e+00    1.505e+01    3.535e-02      8.23s        3         
139  8.287e+00    1.728e+03    1.914e+00      9.000e+00    1.505e+01    3.535e-02      7.29s        3         
140  8.312e+00    5.192e+03    4.793e+01      9.000e+00    1.505e+01    3.535e-02      6.64s        3         
141  8.002e+00    4.958e+01    1.544e+00      9.000e+00    1.505e+01    3.535e-02      5.76s        3         
142  8.329e+00    1.244e+06    3.856e+00      9.000e+00    1.505e+01    3.535e-02      5.03s        3         
143  8.350e+00    4.782e+02    6.005e+00      9.000e+00    1.505e+01    3.535e-02      4.32s        3         
144  8.094e+00    1.945e+02    2.986e+00      9.000e+00    1.505e+01    3.535e-02      3.56s        3         
145  8.050e+00    6.867e+03    1.675e+01      9.000e+00    1.505e+01    3.535e-02      3.92s        3         
146  8.457e+00    9.201e+02    5.049e+00      9.000e+00    1.505e+01    3.535e-02      2.25s        3         
147  8.269e+00    2.025e+02    1.150e+01      9.000e+00    1.505e+01    3.535e-02      1.46s        3         
148  8.425e+00    1.724e+03    9.034e+00      9.000e+00    1.505e+01    3.535e-02      0.73s        3         
149  8.735e+00    5.280e+03    1.535e+01      9.000e+00    1.505e+01    3.535e-02      0.00s        3         
150  8.295e+00    5.207e+03    1.467e+02      9.000e+00    1.505e+01    3.535e-02      17.35s       3         
151  8.190e+00    4.458e+03    1.501e+01      9.000e+00    1.505e+01    3.535e-02      16.60s       3         
152  8.107e+00    1.030e+02    1.935e+01      9.000e+00    1.505e+01    3.535e-02      15.79s       3         
153  8.158e+00    9.543e+02    6.836e+00      9.000e+00    1.505e+01    3.535e-02      15.34s       3         
154  8.424e+00    1.035e+03    2.436e+04      9.000e+00    1.505e+01    3.535e-02      14.66s       3         
155  8.394e+00    1.278e+05    1.631e+00      9.000e+00    1.505e+01    3.535e-02      13.54s       3         
156  8.164e+00    1.300e+08    2.352e+00      9.000e+00    1.505e+01    3.535e-02      13.08s       3         
157  8.460e+00    3.581e+05    9.265e+02      9.000e+00    1.505e+01    3.535e-02      17.08s       3         
158  7.840e+00    1.475e+03    1.899e+02      9.000e+00    1.505e+01    3.535e-02      11.72s       3         
159  8.146e+00    6.223e+04    2.812e+01      9.000e+00    1.505e+01    3.535e-02      10.83s       3         
160  8.251e+00    1.533e+04    5.131e+01      9.000e+00    1.505e+01    3.535e-02      10.19s       3         
161  8.631e+00    3.326e+02    5.849e+00      9.000e+00    1.505e+01    3.535e-02      9.31s        3         
162  8.345e+00    1.985e+04    6.223e+00      9.000e+00    1.505e+01    3.535e-02      8.50s        3         
163  8.393e+00    3.919e+02    3.172e+01      9.000e+00    1.505e+01    3.535e-02      8.02s        3         
164  8.377e+00    4.764e+03    4.278e+00      9.000e+00    1.505e+01    3.535e-02      7.16s        3         
165  8.306e+00    1.374e+05    1.880e+00      9.000e+00    1.505e+01    3.535e-02      6.42s        3         
166  8.449e+00    1.475e+03    4.098e+00      9.000e+00    1.505e+01    3.535e-02      5.85s        3         
167  8.484e+00    4.237e+05    1.281e+05      9.000e+00    1.505e+01    3.535e-02      4.91s        3         
168  8.336e+00    1.967e+04    1.190e+02      9.000e+00    1.505e+01    3.535e-02      4.25s        3         
169  8.265e+00    1.257e+06    2.218e+00      9.000e+00    1.505e+01    3.535e-02      4.83s        3         
170  8.479e+00    1.379e+05    5.439e+01      9.000e+00    1.505e+01    3.535e-02      2.82s        3         
171  8.207e+00    2.618e+03    1.438e+00      9.000e+00    1.505e+01    3.535e-02      2.10s        3         
172  8.161e+00    6.428e+02    1.677e+00      9.000e+00    1.505e+01    3.535e-02      1.45s        3         
173  8.200e+00    1.162e+04    4.193e+01      9.000e+00    1.505e+01    3.535e-02      0.70s        3         
174  8.190e+00    3.921e+02    4.949e+00      9.000e+00    1.505e+01    3.535e-02      0.00s        3         
175  8.280e+00    8.297e+02    3.362e+00      9.000e+00    1.505e+01    3.535e-02      16.95s       3         
176  8.364e+00    6.213e+02    2.346e+00      9.000e+00    1.505e+01    3.535e-02      16.08s       3         
177  8.449e+00    1.283e+02    6.764e+01      9.000e+00    1.505e+01    3.535e-02      15.48s       3         
178  8.275e+00    1.218e+03    2.205e+00      9.000e+00    1.505e+01    3.535e-02      14.90s       3         
179  8.113e+00    1.791e+02    2.001e+00      9.000e+00    1.505e+01    3.535e-02      14.00s       3         
180  8.284e+00    1.918e+03    3.274e+00      9.000e+00    1.505e+01    3.535e-02      18.25s       3         
181  8.290e+00    1.945e+02    3.612e+01      9.000e+00    1.505e+01    3.535e-02      12.78s       3         
182  8.252e+00    7.545e+02    6.591e+02      9.000e+00    1.505e+01    3.535e-02      11.83s       3         
183  8.453e+00    4.441e+02    9.901e+01      9.000e+00    1.505e+01    3.535e-02      11.37s       3         
184  8.429e+00    7.204e+06    6.136e+04      9.000e+00    1.505e+01    3.535e-02      10.72s       3         
185  8.150e+00    6.656e+02    7.144e+01      9.000e+00    1.505e+01    3.535e-02      9.92s        3         
186  8.314e+00    4.376e+03    7.386e+01      9.000e+00    1.505e+01    3.535e-02      9.07s        3         
187  8.231e+00    2.639e+02    4.339e+02      9.000e+00    1.505e+01    3.535e-02      8.30s        3         
188  8.176e+00    7.432e+02    1.662e+00      9.000e+00    1.505e+01    3.535e-02      7.79s        3         
189  8.510e+00    5.514e+02    2.404e+01      9.000e+00    1.505e+01    3.535e-02      7.19s        3         
190  8.178e+00    1.455e+03    2.816e+01      9.000e+00    1.505e+01    3.535e-02      6.40s        3         
191  8.270e+00    6.722e+02    1.026e+02      9.000e+00    1.505e+01    3.535e-02      5.73s        3         
192  8.498e+00    1.315e+03    7.378e+00      9.000e+00    1.505e+01    3.535e-02      6.68s        3         
193  8.043e+00    8.849e+03    2.284e+02      9.000e+00    1.505e+01    3.535e-02      4.12s        3         
194  7.987e+00    9.355e+03    1.225e+04      9.000e+00    1.505e+01    3.535e-02      3.50s        3         
195  8.446e+00    1.249e+04    1.161e+00      9.000e+00    1.505e+01    3.535e-02      2.89s        3         
196  8.004e+00    2.008e+02    1.243e+01      9.000e+00    1.505e+01    3.535e-02      2.12s        3         
197  8.082e+00    4.253e+02    2.145e+00      9.000e+00    1.505e+01    3.535e-02      1.47s        3         
198  7.974e+00    9.861e+01    1.307e+00      9.000e+00    1.505e+01    3.535e-02      0.70s        3         
199  8.182e+00    6.347e+02    2.474e+01      9.000e+00    1.505e+01    3.535e-02      0.00s        3         
200  8.481e+00    4.874e+03    6.840e+01      9.000e+00    1.505e+01    3.535e-02      17.02s       3         
201  8.086e+00    2.180e+02    8.712e+00      1.000e+01    1.505e+01    3.437e-02      16.09s       4         
202  8.758e+00    5.365e+07    8.625e+00      1.000e+01    1.505e+01    3.437e-02      15.83s       4         
203  8.863e+00    4.433e+02    5.536e+01      1.000e+01    1.505e+01    3.437e-02      15.25s       4         
204  8.744e+00    1.743e+06    2.332e+00      1.000e+01    1.505e+01    3.437e-02      19.08s       4         
205  8.824e+00    6.457e+03    1.694e+00      1.000e+01    1.505e+01    3.437e-02      13.47s       4         
206  8.915e+00    2.930e+05    9.790e+00      1.000e+01    1.505e+01    3.437e-02      13.17s       4         
207  9.002e+00    1.946e+05    1.677e+00      1.000e+01    1.505e+01    3.437e-02      12.55s       4         
208  9.129e+00    2.089e+08    1.438e+00      1.000e+01    1.505e+01    3.437e-02      11.70s       4         
209  8.856e+00    1.014e+05    2.791e+00      1.000e+01    1.505e+01    3.437e-02      11.07s       4         
210  8.860e+00    5.056e+05    1.162e+01      1.000e+01    1.505e+01    3.437e-02      9.97s        4         
211  8.969e+00    8.206e+04    1.976e+00      1.000e+01    1.505e+01    3.437e-02      9.47s        4         
212  8.541e+00    5.730e+03    3.961e+01      1.000e+01    1.505e+01    3.437e-02      8.66s        4         
213  9.099e+00    7.183e+06    1.989e+00      1.000e+01    1.505e+01    3.437e-02      7.94s        4         
214  8.850e+00    1.745e+02    1.032e+01      1.000e+01    1.505e+01    3.437e-02      7.10s        4         
215  8.865e+00    1.188e+05    1.695e+01      1.000e+01    1.505e+01    3.437e-02      9.02s        4         
216  9.196e+00    6.630e+05    1.131e+03      1.000e+01    1.505e+01    3.437e-02      6.06s        4         
217  8.850e+00    3.474e+02    7.846e+01      1.000e+01    1.505e+01    3.437e-02      5.10s        4         
218  8.828e+00    1.181e+02    1.017e+01      1.000e+01    1.505e+01    3.437e-02      4.38s        4         
219  8.633e+00    3.003e+04    2.638e+00      1.000e+01    1.505e+01    3.437e-02      3.60s        4         
220  8.750e+00    2.358e+07    1.166e+01      1.000e+01    1.505e+01    3.437e-02      2.87s        4         
221  8.791e+00    5.953e+05    3.451e+01      1.000e+01    1.505e+01    3.437e-02      2.23s        4         
222  8.646e+00    4.310e+01    2.609e+02      1.000e+01    1.505e+01    3.437e-02      1.43s        4         
223  8.895e+00    5.107e+04    1.078e+03      1.000e+01    1.505e+01    3.437e-02      0.72s        4         
224  8.885e+00    1.502e+04    2.601e+00      1.000e+01    1.505e+01    3.437e-02      0.00s        4         
225  8.880e+00    2.034e+02    7.763e+00      1.000e+01    1.505e+01    3.437e-02      17.15s       4         
226  8.976e+00    3.209e+04    1.469e+01      1.000e+01    1.505e+01    3.437e-02      16.55s       4         
227  8.893e+00    7.947e+06    7.902e+01      1.000e+01    1.505e+01    3.437e-02      21.88s       4         
228  8.812e+00    3.921e+14    6.253e+00      1.000e+01    1.505e+01    3.437e-02      15.39s       4         
229  8.965e+00    3.597e+06    6.270e+02      1.000e+01    1.505e+01    3.437e-02      14.82s       4         
230  8.915e+00    1.566e+02    2.629e+00      1.000e+01    1.505e+01    3.437e-02      13.54s       4         
231  8.623e+00    8.992e+01    1.393e+01      1.000e+01    1.505e+01    3.437e-02      13.03s       4         
232  8.969e+00    3.861e+01    2.225e+00      1.000e+01    1.505e+01    3.437e-02      12.50s       4         
233  8.839e+00    2.159e+03    1.338e+02      1.000e+01    1.505e+01    3.437e-02      11.66s       4         
234  8.534e+00    1.447e+02    2.747e+00      1.000e+01    1.505e+01    3.437e-02      10.58s       4         
235  9.102e+00    2.566e+04    5.994e+00      1.000e+01    1.505e+01    3.437e-02      10.04s       4         
236  8.523e+00    1.137e+06    1.219e+00      1.000e+01    1.505e+01    3.437e-02      9.15s        4         
237  8.941e+00    1.858e+03    7.519e+00      1.000e+01    1.505e+01    3.437e-02      8.54s        4         
238  8.606e+00    1.527e+03    6.464e+04      1.000e+01    1.505e+01    3.437e-02      10.79s       4         
239  8.932e+00    3.219e+04    7.495e+01      1.000e+01    1.505e+01    3.437e-02      7.29s        4         
240  8.865e+00    5.860e+02    5.068e+00      1.000e+01    1.505e+01    3.437e-02      6.52s        4         
241  8.944e+00    4.062e+03    2.160e+00      1.000e+01    1.505e+01    3.437e-02      5.63s        4         
242  8.786e+00    1.253e+03    2.254e+00      1.000e+01    1.505e+01    3.437e-02      4.93s        4         
243  8.908e+00    3.663e+03    6.561e+00      1.000e+01    1.505e+01    3.437e-02      4.38s        4         
244  8.779e+00    6.167e+03    1.864e+00      1.000e+01    1.505e+01    3.437e-02      3.57s        4         
245  8.670e+00    1.762e+03    1.490e+00      1.000e+01    1.505e+01    3.437e-02      2.94s        4         
246  8.898e+00    6.916e+03    9.238e+00      1.000e+01    1.505e+01    3.437e-02      2.21s        4         
247  8.715e+00    1.456e+03    3.311e+00      1.000e+01    1.505e+01    3.437e-02      1.44s        4         
248  8.956e+00    4.409e+03    7.093e+01      1.000e+01    1.505e+01    3.437e-02      0.73s        4         
249  8.953e+00    5.228e+02    3.560e+04      1.000e+01    1.505e+01    3.437e-02      0.00s        4         
250  8.860e+00    1.908e+05    7.581e+01      1.000e+01    1.505e+01    3.437e-02      23.63s       4         
251  8.710e+00    9.465e+01    1.524e+00      1.000e+01    1.505e+01    3.437e-02      16.53s       4         
252  8.794e+00    3.590e+02    2.913e+01      1.000e+01    1.505e+01    3.437e-02      16.12s       4         
253  9.421e+00    1.369e+05    3.523e+01      1.000e+01    1.505e+01    3.437e-02      15.35s       4         
254  8.957e+00    1.783e+06    1.694e+01      1.000e+01    1.505e+01    3.437e-02      14.36s       4         
255  8.732e+00    8.514e+01    4.319e+00      1.000e+01    1.505e+01    3.437e-02      13.72s       4         
256  8.826e+00    1.526e+03    6.143e+01      1.000e+01    1.505e+01    3.437e-02      12.99s       4         
257  8.815e+00    2.113e+03    2.154e+00      1.000e+01    1.505e+01    3.437e-02      12.35s       4         
258  8.689e+00    4.227e+02    6.716e+00      1.000e+01    1.505e+01    3.437e-02      11.83s       4         
259  8.732e+00    9.049e+01    5.809e+00      1.000e+01    1.505e+01    3.437e-02      10.79s       4         
260  8.796e+00    3.102e+02    4.412e+01      1.000e+01    1.505e+01    3.437e-02      9.98s        4         
261  8.779e+00    1.901e+03    2.588e+00      1.000e+01    1.505e+01    3.437e-02      9.44s        4         
262  8.874e+00    3.323e+02    3.289e+00      1.000e+01    1.505e+01    3.437e-02      11.79s       4         
263  8.774e+00    1.041e+04    1.161e+00      1.000e+01    1.505e+01    3.437e-02      7.99s        4         
264  8.834e+00    4.701e+03    2.947e+00      1.000e+01    1.505e+01    3.437e-02      7.43s        4         
265  9.166e+00    1.346e+02    1.555e+01      1.000e+01    1.505e+01    3.437e-02      6.46s        4         
266  9.006e+00    3.662e+05    1.887e+05      1.000e+01    1.505e+01    3.437e-02      5.93s        4         
267  9.089e+00    9.149e+04    1.876e+01      1.000e+01    1.505e+01    3.437e-02      5.10s        4         
268  8.730e+00    5.096e+02    1.433e+00      1.000e+01    1.505e+01    3.437e-02      4.32s        4         
269  8.909e+00    2.849e+03    9.995e+00      1.000e+01    1.505e+01    3.437e-02      3.61s        4         
270  9.051e+00    1.806e+04    1.879e+00      1.000e+01    1.505e+01    3.437e-02      2.92s        4         
271  8.861e+00    8.928e+03    1.633e+00      1.000e+01    1.505e+01    3.437e-02      2.18s        4         
272  8.865e+00    1.273e+05    8.791e+01      1.000e+01    1.505e+01    3.437e-02      1.43s        4         
273  8.941e+00    3.496e+02    2.027e+00      1.000e+01    1.505e+01    3.437e-02      0.99s        4         
274  8.855e+00    8.175e+02    5.261e+01      1.000e+01    1.505e+01    3.437e-02      0.00s        4         
275  8.818e+00    1.589e+02    1.958e+02      1.000e+01    1.505e+01    3.437e-02      17.22s       4         
276  8.549e+00    2.576e+04    1.763e+00      1.000e+01    1.505e+01    3.437e-02      16.22s       4         
277  8.945e+00    1.974e+02    4.559e+00      1.000e+01    1.505e+01    3.437e-02      15.91s       4         
278  8.771e+00    4.269e+04    6.033e+01      1.000e+01    1.505e+01    3.437e-02      15.27s       4         
279  8.781e+00    5.610e+03    1.277e+00      1.000e+01    1.505e+01    3.437e-02      14.46s       4         
280  8.901e+00    7.824e+03    6.457e+01      1.000e+01    1.505e+01    3.437e-02      13.69s       4         
281  9.026e+00    5.633e+03    5.513e+04      1.000e+01    1.505e+01    3.437e-02      12.90s       4         
282  8.806e+00    2.021e+02    7.756e+01      1.000e+01    1.505e+01    3.437e-02      12.25s       4         
283  8.741e+00    2.887e+03    7.165e+00      1.000e+01    1.505e+01    3.437e-02      11.37s       4         
284  8.970e+00    2.487e+03    7.584e+01      1.000e+01    1.505e+01    3.437e-02      10.59s       4         
285  9.107e+00    1.029e+06    2.479e+01      1.000e+01    1.505e+01    3.437e-02      13.91s       4         
286  8.969e+00    2.647e+03    4.956e+01      1.000e+01    1.505e+01    3.437e-02      9.47s        4         
287  8.785e+00    2.954e+08    1.108e+00      1.000e+01    1.505e+01    3.437e-02      8.64s        4         
288  8.781e+00    4.128e+04    6.441e+00      1.000e+01    1.505e+01    3.437e-02      7.88s        4         
289  8.695e+00    7.332e+04    6.777e+01      1.000e+01    1.505e+01    3.437e-02      7.29s        4         
290  8.707e+00    1.698e+03    9.321e+01      1.000e+01    1.505e+01    3.437e-02      6.45s        4         
291  9.079e+00    1.656e+07    2.183e+00      1.000e+01    1.505e+01    3.437e-02      5.69s        4         
292  9.137e+00    9.969e+03    1.253e+01      1.000e+01    1.505e+01    3.437e-02      5.03s        4         
293  8.825e+00    1.432e+03    3.233e+00      1.000e+01    1.505e+01    3.437e-02      4.31s        4         
294  8.689e+00    1.380e+03    1.748e+00      1.000e+01    1.505e+01    3.437e-02      3.54s        4         
295  8.863e+00    2.049e+04    1.718e+01      1.000e+01    1.505e+01    3.437e-02      2.89s        4         
296  8.835e+00    2.211e+05    1.448e+00      1.000e+01    1.505e+01    3.437e-02      2.18s        4         
297  8.717e+00    1.099e+07    1.113e+04      1.200e+01    1.687e+01    3.388e-02      2.01s        5         
298  9.409e+00    7.248e+04    2.726e+00      1.200e+01    1.687e+01    3.388e-02      0.76s        5         
299  9.570e+00    3.269e+02    5.073e+01      1.200e+01    1.687e+01    3.388e-02      0.00s        5         
300  9.620e+00    2.778e+03    3.162e+00      1.200e+01    1.687e+01    3.388e-02      17.21s       5         
301  9.580e+00    6.442e+02    1.170e+00      1.200e+01    1.687e+01    3.388e-02      16.76s       5         
302  9.440e+00    6.264e+02    1.143e+01      1.200e+01    1.687e+01    3.388e-02      15.79s       5         
303  9.386e+00    2.999e+02    4.877e+00      1.200e+01    1.687e+01    3.388e-02      14.97s       5         
304  9.662e+00    3.438e+04    5.549e+00      1.200e+01    1.687e+01    3.388e-02      14.56s       5         
305  9.398e+00    1.477e+06    2.250e+00      1.200e+01    1.687e+01    3.388e-02      13.93s       5         
306  9.752e+00    2.423e+05    2.394e+00      1.200e+01    1.687e+01    3.388e-02      12.99s       5         
307  9.498e+00    2.002e+05    3.076e+00      1.200e+01    1.687e+01    3.388e-02      12.49s       5         
308  9.939e+00    9.683e+08    3.838e+01      1.200e+01    1.687e+01    3.388e-02      11.42s       5         
309  9.332e+00    1.077e+02    9.778e-01      1.200e+01    1.687e+01    3.388e-02      14.64s       5         
310  9.671e+00    1.441e+04    2.420e+04      1.200e+01    1.687e+01    3.388e-02      10.06s       5         
311  9.884e+00    6.377e+02    1.145e+00      1.400e+01    1.878e+01    3.357e-02      9.32s        6         
312  1.046e+01    5.756e+05    1.886e+01      1.400e+01    1.878e+01    3.357e-02      8.80s        6         
313  1.019e+01    1.054e+03    7.712e+01      1.600e+01    2.078e+01    3.344e-02      8.20s        7         
314  1.096e+01    2.159e+06    2.304e+02      1.600e+01    2.078e+01    3.344e-02      7.29s        7         
315  1.139e+01    3.140e+10    7.495e+00      1.600e+01    2.078e+01    3.344e-02      6.57s        7         
316  1.099e+01    1.267e+04    3.398e+00      1.600e+01    2.078e+01    3.344e-02      5.86s        7         
317  1.092e+01    1.028e+05    1.776e+00      1.600e+01    2.078e+01    3.344e-02      5.16s        7         
318  1.103e+01    1.617e+02    5.419e+00      1.600e+01    2.078e+01    3.344e-02      4.42s        7         
319  1.158e+01    1.357e+04    8.550e+00      1.600e+01    2.078e+01    3.344e-02      3.76s        7         
320  1.158e+01    4.157e+02    1.137e+00      1.600e+01    2.078e+01    3.344e-02      4.11s        7         
321  1.130e+01    2.160e+05    1.490e+00      1.600e+01    2.078e+01    3.344e-02      2.28s        7         
322  1.104e+01    2.023e+02    1.360e+00      1.600e+01    2.078e+01    3.344e-02      1.48s        7         
323  1.127e+01    2.264e+04    2.325e+00      1.600e+01    2.078e+01    3.344e-02      0.72s        7         
324  1.119e+01    1.607e+05    7.365e+01      1.600e+01    2.078e+01    3.344e-02      0.00s        7         
325  1.117e+01    1.333e+05    4.605e+01      1.600e+01    2.078e+01    3.344e-02      17.86s       7         
326  1.139e+01    6.415e+03    1.435e+01      1.600e+01    2.078e+01    3.344e-02      16.93s       7         
327  1.167e+01    1.070e+03    1.469e+00      1.600e+01    2.078e+01    3.344e-02      16.36s       7         
328  1.143e+01    5.023e+02    9.893e+00      1.600e+01    2.078e+01    3.344e-02      15.71s       7         
329  1.152e+01    2.793e+05    2.533e+00      1.600e+01    2.078e+01    3.344e-02      15.01s       7         
330  1.137e+01    1.132e+07    1.409e+00      1.600e+01    2.078e+01    3.344e-02      14.19s       7         
331  1.155e+01    2.495e+02    3.706e+00      1.600e+01    2.078e+01    3.344e-02      13.40s       7         
332  1.125e+01    1.911e+02    2.819e+00      1.600e+01    2.078e+01    3.344e-02      17.23s       7         
333  1.142e+01    1.722e+07    1.729e+00      1.600e+01    2.078e+01    3.344e-02      11.99s       7         
334  1.169e+01    1.547e+03    2.848e+00      1.600e+01    2.078e+01    3.344e-02      11.07s       7         
335  1.172e+01    2.592e+06    3.350e+00      1.600e+01    2.078e+01    3.344e-02      10.38s       7         
336  1.156e+01    5.478e+04    2.453e+00      2.900e+01    1.020e+03    3.249e-02      9.60s        8         
337  1.326e+01    1.327e+04    1.524e+00      3.200e+01    5.199e+03    3.143e-02      9.10s        9         
338  1.528e+01    1.839e+05    2.729e+01      5.300e+01    1.131e+07    3.010e-02      8.43s        12        
339  2.075e+01    1.393e+11    8.440e+01      5.200e+01    1.763e+06    2.968e-02      8.10s        16        
340  2.555e+01    3.256e+13    8.238e+02      5.600e+01    1.763e+06    2.772e-02      7.70s        15        
341  2.557e+01    5.806e+12    9.049e-01      5.400e+01    3.779e+04    2.680e-02      6.97s        16        
342  2.613e+01    3.587e+10    1.981e+00      5.500e+01    3.811e+04    2.494e-02      6.23s        18        
343  2.733e+01    2.318e+19    7.361e-01      5.400e+01    3.699e+04    2.330e-02      6.85s        16        
344  2.569e+01    1.103e+08    9.258e-01      5.400e+01    4.381e+04    2.300e-02      4.54s        15        
345  2.564e+01    1.343e+09    1.654e+00      5.900e+01    4.098e+04    2.261e-02      3.60s        17        
346  2.635e+01    5.039e+13    2.194e+00      6.600e+01    6.700e+04    2.120e-02      2.69s        16        
347  2.796e+01    4.306e+07    7.850e-01      6.600e+01    6.700e+04    2.120e-02      1.83s        16        
348  2.942e+01    7.893e+07    1.813e+00      7.000e+01    1.246e+06    2.039e-02      0.93s        18        
349  2.967e+01    2.398e+10    1.970e+00      6.700e+01    1.208e+06    1.975e-02      0.00s        19        
350  3.211e+01    5.657e+09    6.866e+01      1.040e+02    1.274e+06    1.708e-02      22.93s       20        
351  3.429e+01    9.435e+23    1.564e+00      1.350e+02    2.000e+08    1.398e-02      22.23s       27        
352  4.046e+01    2.647e+19    2.586e+00      1.350e+02    2.000e+08    1.398e-02      28.38s       31        
353  4.688e+01    1.058e+20    2.773e+00      1.350e+02    2.000e+08    1.398e-02      23.48s       32        
354  5.180e+01    4.724e+19    7.867e-01      1.370e+02    2.000e+08    1.372e-02      23.76s       26        
355  5.105e+01    1.386e+18    4.370e+00      4.700e+01    2.607e+04    1.205e-02      22.95s       19        
356  2.606e+01    1.455e+25    8.376e-01      4.700e+01    2.607e+04    1.205e-02      18.63s       21        
357  2.562e+01    2.392e+12    8.668e-01      4.700e+01    2.607e+04    1.205e-02      15.64s       23        
358  2.467e+01    3.499e+13    6.362e+02      4.700e+01    2.607e+04    1.205e-02      14.25s       23        
359  2.473e+01    1.445e+13    6.649e-01      4.500e+01    2.606e+04    1.176e-02      17.79s       22        
360  2.282e+01    3.170e+08    1.053e+01      4.500e+01    2.606e+04    1.176e-02      12.79s       24        
361  2.488e+01    1.365e+14    1.722e+00      4.500e+01    2.606e+04    1.176e-02      11.74s       25        
362  2.517e+01    9.082e+09    7.173e+01      4.500e+01    1.731e+04    1.084e-02      10.82s       26        
363  2.608e+01    8.106e+17    1.720e+00      4.500e+01    1.731e+04    1.084e-02      10.01s       27        
364  2.578e+01    4.806e+16    7.815e-01      4.500e+01    1.731e+04    1.084e-02      9.17s        28        
365  2.495e+01    5.346e+08    8.482e-01      4.500e+01    1.731e+04    1.084e-02      8.40s        28        
366  2.486e+01    2.744e+11    2.328e+00      4.500e+01    1.731e+04    1.084e-02      7.42s        26        
367  2.583e+01    1.269e+10    7.320e-01      4.500e+01    1.731e+04    1.084e-02      8.41s        26        
368  2.618e+01    1.184e+07    8.385e-01      4.500e+01    1.731e+04    1.084e-02      5.66s        27        
369  2.604e+01    4.184e+07    6.502e-01      4.500e+01    1.731e+04    1.084e-02      4.69s        25        
370  2.563e+01    3.104e+07    1.630e+00      4.500e+01    1.731e+04    1.084e-02      3.72s        25        
371  2.426e+01    6.782e+09    1.362e+00      4.500e+01    1.731e+04    1.084e-02      2.77s        24        
372  2.401e+01    9.644e+08    6.045e+01      4.500e+01    1.731e+04    1.084e-02      1.78s        24        
373  2.551e+01    1.070e+10    4.011e+01      4.500e+01    1.731e+04    1.084e-02      0.91s        22        
374  2.505e+01    2.258e+09    1.606e+00      4.600e+01    4.383e+04    1.073e-02      0.00s        23        
375  2.558e+01    3.984e+11    2.482e+00      4.600e+01    4.383e+04    1.073e-02      21.61s       23        
376  2.658e+01    2.977e+11    1.323e+01      4.700e+01    9.147e+04    1.046e-02      27.16s       24        
377  2.626e+01    1.358e+09    1.055e+00      4.700e+01    1.333e+05    1.043e-02      20.03s       24        
378  2.699e+01    6.612e+11    1.222e+00      4.700e+01    1.333e+05    1.043e-02      19.76s       24        
379  2.720e+01    6.029e+17    7.821e-01      4.700e+01    1.333e+05    1.043e-02      18.64s       21        
380  2.499e+01    3.555e+09    7.621e-01      4.700e+01    1.333e+05    1.043e-02      17.61s       22        
381  2.605e+01    4.831e+08    1.276e+00      7.200e+01    7.021e+08    1.042e-02      16.76s       24        
382  2.785e+01    2.465e+11    4.471e+02      7.200e+01    7.170e+08    1.041e-02      15.75s       24        
383  2.725e+01    8.942e+14    7.001e+02      7.100e+01    3.980e+08    1.040e-02      15.01s       23        
384  2.909e+01    2.189e+14    2.590e+02      7.300e+01    4.879e+08    1.039e-02      18.23s       25        
385  3.112e+01    1.608e+14    7.904e-01      7.300e+01    4.879e+08    1.039e-02      13.67s       25        
386  3.085e+01    2.496e+18    1.829e+02      7.300e+01    4.879e+08    1.039e-02      12.63s       23        
387  2.806e+01    2.328e+18    2.837e+00      3.800e+01    3.349e+04    9.308e-03      11.50s       19        
388  2.257e+01    1.683e+14    3.077e+00      3.800e+01    3.349e+04    9.308e-03      10.37s       19        
389  2.203e+01    2.206e+07    1.849e+00      3.800e+01    3.349e+04    9.308e-03      8.86s        20        
390  2.170e+01    3.550e+09    9.136e-01      3.800e+01    3.349e+04    9.308e-03      7.74s        20        
391  2.257e+01    3.417e+07    1.013e+00      3.800e+01    3.349e+04    9.308e-03      6.99s        20        
392  2.056e+01    1.821e+07    2.452e+00      3.800e+01    3.349e+04    9.308e-03      6.10s        21        
393  2.237e+01    3.752e+05    1.877e+00      3.800e+01    3.349e+04    9.308e-03      6.95s        22        
394  2.192e+01    8.482e+07    1.400e+00      3.800e+01    3.349e+04    9.308e-03      4.43s        22        
395  2.290e+01    8.666e+09    6.153e-01      3.800e+01    3.349e+04    9.308e-03      3.55s        23        
396  2.256e+01    3.021e+10    7.687e-01      3.800e+01    3.349e+04    9.308e-03      2.65s        24        
397  2.283e+01    6.486e+06    9.262e-01      3.800e+01    3.349e+04    9.308e-03      1.80s        24        
398  2.336e+01    1.848e+07    7.549e-01      3.800e+01    3.349e+04    9.308e-03      0.90s        24        
399  2.243e+01    7.440e+06    5.472e+00      3.800e+01    3.349e+04    9.308e-03      0.00s        24        
400  2.347e+01    3.909e+11    9.733e-01      3.800e+01    3.349e+04    9.308e-03      21.46s       24        
401  2.295e+01    1.339e+09    3.662e+00      3.800e+01    3.349e+04    9.308e-03      27.04s       23        
402  2.286e+01    1.104e+07    2.600e+00      3.800e+01    3.349e+04    9.308e-03      20.05s       23        
403  2.301e+01    5.288e+05    1.068e+00      3.800e+01    3.349e+04    9.308e-03      18.92s       22        
404  2.380e+01    3.762e+08    2.204e+01      3.800e+01    3.349e+04    9.308e-03      18.08s       22        
405  2.319e+01    7.783e+08    1.647e+00      3.800e+01    3.349e+04    9.308e-03      17.22s       22        
406  2.429e+01    1.318e+14    6.728e-01      3.800e+01    3.349e+04    9.308e-03      16.45s       22        
407  2.347e+01    9.241e+10    8.794e-01      3.800e+01    3.349e+04    9.308e-03      15.55s       22        
408  2.277e+01    4.616e+10    1.999e+00      3.800e+01    3.349e+04    9.308e-03      14.43s       23        
409  2.362e+01    6.496e+07    7.615e-01      3.800e+01    3.349e+04    9.308e-03      12.92s       22        
410  2.352e+01    2.473e+06    1.318e+00      3.800e+01    3.349e+04    9.308e-03      16.36s       24        
411  2.342e+01    1.213e+07    2.105e+00      3.800e+01    3.349e+04    9.308e-03      12.09s       24        
412  2.390e+01    5.900e+07    2.162e+01      3.800e+01    3.349e+04    9.308e-03      10.87s       23        
413  2.427e+01    3.153e+07    6.861e+00      3.800e+01    3.349e+04    9.161e-03      10.10s       23        
414  2.364e+01    1.636e+11    6.469e+00      3.800e+01    3.349e+04    9.161e-03      9.19s        23        
415  2.326e+01    1.444e+07    6.746e-01      3.800e+01    3.349e+04    9.161e-03      8.27s        23        
416  2.319e+01    2.094e+07    4.693e+00      3.800e+01    3.349e+04    9.161e-03      7.45s        23        
417  2.359e+01    1.564e+24    8.332e+00      3.800e+01    3.349e+04    9.161e-03      6.35s        23        
418  2.358e+01    3.067e+09    6.128e+00      3.800e+01    3.349e+04    9.161e-03      5.40s        23        
419  2.265e+01    5.394e+05    7.953e+00      3.800e+01    3.349e+04    9.161e-03      6.01s        25        
420  2.402e+01    4.008e+07    1.492e+00      3.800e+01    3.349e+04    9.161e-03      3.68s        24        
421  2.320e+01    1.530e+07    8.371e+00      3.800e+01    3.349e+04    9.161e-03      2.72s        24        
422  2.400e+01    1.403e+08    1.427e+00      3.800e+01    3.349e+04    9.161e-03      1.84s        23        
423  2.321e+01    8.198e+07    1.732e+01      3.800e+01    3.349e+04    9.161e-03      0.91s        23        
424  2.417e+01    3.403e+08    1.403e+00      3.800e+01    3.349e+04    9.161e-03      0.00s        24        
425  2.415e+01    1.717e+08    8.942e-01      3.800e+01    3.349e+04    9.161e-03      22.03s       24        
426  2.437e+01    1.139e+09    9.024e-01      3.800e+01    3.349e+04    9.161e-03      21.12s       24        
427  2.452e+01    2.793e+09    5.939e+01      3.800e+01    3.349e+04    9.161e-03      19.97s       24        
428  2.427e+01    9.929e+06    2.008e+00      3.800e+01    3.349e+04    9.161e-03      25.56s       24        
429  2.381e+01    2.632e+11    7.904e-01      3.800e+01    3.349e+04    9.161e-03      18.40s       24        
430  2.366e+01    7.839e+10    3.729e+00      3.800e+01    3.349e+04    9.144e-03      18.31s       23        
431  2.428e+01    4.301e+08    2.919e+02      3.800e+01    3.349e+04    9.144e-03      17.13s       23        
432  2.386e+01    5.125e+09    3.078e+00      3.800e+01    3.349e+04    9.144e-03      15.97s       23        
433  2.468e+01    5.093e+09    8.987e-01      3.800e+01    3.349e+04    9.144e-03      15.04s       23        
434  2.416e+01    2.079e+06    7.530e-01      3.800e+01    3.349e+04    9.144e-03      13.93s       23        
435  2.360e+01    2.246e+08    9.216e-01      3.800e+01    3.349e+04    9.144e-03      13.14s       23        
436  2.374e+01    2.302e+08    6.796e-01      3.800e+01    3.349e+04    9.144e-03      12.36s       23        
437  2.426e+01    2.375e+13    1.287e+00      3.800e+01    3.349e+04    9.144e-03      14.66s       23        
438  2.309e+01    2.434e+05    5.944e-01      3.800e+01    3.349e+04    9.144e-03      10.06s       23        
439  2.366e+01    2.414e+07    8.204e-01      3.800e+01    3.349e+04    9.144e-03      9.24s        24        
440  2.454e+01    3.681e+10    4.763e+00      3.800e+01    3.349e+04    9.144e-03      8.55s        24        
441  2.397e+01    8.068e+07    3.004e+00      3.800e+01    3.349e+04    9.144e-03      7.47s        23        
442  2.420e+01    8.813e+06    6.487e-01      3.800e+01    3.349e+04    9.144e-03      6.48s        23        
443  2.394e+01    1.906e+06    5.953e+01      3.800e+01    3.349e+04    9.144e-03      5.73s        23        
444  2.307e+01    2.524e+07    7.454e-01      3.800e+01    3.349e+04    9.144e-03      4.66s        22        
445  2.275e+01    6.557e+09    7.779e-01      3.800e+01    3.349e+04    9.144e-03      3.72s        22        
446  2.355e+01    6.893e+06    7.369e-01      3.800e+01    3.349e+04    9.144e-03      3.58s        22        
447  2.371e+01    3.204e+06    8.881e-01      3.800e+01    3.349e+04    9.144e-03      1.80s        22        
448  2.352e+01    3.642e+05    3.316e+01      3.800e+01    3.349e+04    9.144e-03      0.91s        22        
449  2.339e+01    1.206e+08    8.690e+01      3.800e+01    3.349e+04    9.144e-03      0.00s        22        
450  2.395e+01    2.902e+06    2.524e+00      3.700e+01    1.105e+04    9.055e-03      21.94s       20        
451  2.232e+01    7.630e+08    1.574e+00      3.700e+01    1.105e+04    9.055e-03      20.70s       21        
452  2.289e+01    1.079e+09    3.607e+00      3.700e+01    1.105e+04    9.055e-03      19.65s       21        
453  2.364e+01    1.408e+13    4.486e+00      4.000e+01    1.829e+04    8.541e-03      19.04s       22        
454  2.261e+01    4.721e+09    6.052e+00      4.000e+01    1.829e+04    8.541e-03      17.62s       22        
455  2.347e+01    2.235e+06    2.131e+01      4.000e+01    1.829e+04    8.541e-03      22.77s       22        
456  2.379e+01    1.272e+08    3.851e+00      4.000e+01    1.829e+04    8.541e-03      16.56s       22        
457  2.452e+01    8.643e+09    8.506e+01      4.000e+01    1.829e+04    8.541e-03      15.38s       21        
458  2.342e+01    1.587e+08    3.536e+02      4.000e+01    1.829e+04    8.541e-03      15.56s       21        
459  2.389e+01    5.614e+08    1.255e+00      4.100e+01    1.930e+04    8.471e-03      14.13s       19        
460  2.531e+01    2.360e+07    2.900e+02      4.100e+01    1.930e+04    8.055e-03      13.28s       19        
461  2.633e+01    2.679e+08    1.078e+00      4.100e+01    1.930e+04    8.055e-03      12.23s       18        
462  2.613e+01    8.323e+14    2.044e+04      4.100e+01    1.930e+04    8.055e-03      11.16s       19        
463  2.476e+01    1.307e+11    2.094e+01      4.100e+01    1.930e+04    8.055e-03      10.18s       19        
464  2.550e+01    2.446e+08    5.655e-01      4.100e+01    1.930e+04    8.055e-03      12.27s       19        
465  2.585e+01    6.795e+07    9.069e-01      4.400e+01    4.988e+04    8.053e-03      8.37s        20        
466  2.625e+01    4.634e+11    9.123e+00      4.400e+01    4.988e+04    8.053e-03      7.52s        20        
467  2.630e+01    4.628e+11    6.713e-01      4.400e+01    4.988e+04    8.053e-03      6.65s        20        
468  2.661e+01    9.170e+09    6.031e-01      4.400e+01    4.988e+04    8.053e-03      5.73s        20        
469  2.658e+01    3.706e+11    1.043e+00      4.400e+01    4.988e+04    8.025e-03      4.75s        19        
470  2.637e+01    3.906e+09    7.319e-01      4.300e+01    3.655e+04    7.900e-03      3.82s        19        
471  2.708e+01    2.255e+08    1.813e+00      4.300e+01    3.655e+04    7.900e-03      2.84s        19        
472  2.649e+01    2.518e+09    2.733e+00      4.300e+01    3.655e+04    7.900e-03      1.94s        19        
473  2.651e+01    8.529e+14    3.851e+00      4.300e+01    3.655e+04    7.900e-03      1.25s        18        
474  2.682e+01    1.390e+09    2.139e+01      4.300e+01    3.655e+04    7.900e-03      0.00s        18        
475  2.605e+01    4.453e+10    1.438e+01      4.300e+01    3.655e+04    7.900e-03      22.88s       18        
476  2.651e+01    4.778e+11    7.688e+00      4.300e+01    3.655e+04    7.900e-03      22.01s       18        
477  2.622e+01    1.767e+21    1.431e+00      4.300e+01    3.655e+04    7.900e-03      20.89s       18        
478  2.561e+01    8.818e+06    3.421e+00      4.300e+01    3.655e+04    7.900e-03      19.78s       18        
479  2.537e+01    9.281e+07    9.233e-01      4.300e+01    3.655e+04    7.900e-03      19.01s       18        
480  2.578e+01    3.775e+13    4.287e+00      4.300e+01    3.655e+04    7.900e-03      17.84s       18        
481  2.580e+01    8.005e+23    9.896e-01      4.300e+01    3.655e+04    7.900e-03      16.88s       18        
482  2.651e+01    1.414e+07    4.928e+00      4.300e+01    3.655e+04    7.900e-03      21.36s       17        
483  2.666e+01    1.987e+07    7.337e-01      4.200e+01    3.030e+04    7.811e-03      14.94s       17        
484  2.645e+01    7.978e+09    4.998e+02      4.200e+01    3.030e+04    7.811e-03      14.13s       17        
485  2.619e+01    4.629e+18    4.723e+00      4.200e+01    3.030e+04    7.811e-03      13.50s       17        
486  2.721e+01    1.026e+23    8.451e-01      4.200e+01    3.030e+04    7.811e-03      12.30s       18        
487  2.691e+01    7.723e+19    1.073e+00      4.200e+01    3.030e+04    7.811e-03      11.24s       18        
488  2.547e+01    1.644e+12    6.502e-01      4.200e+01    3.030e+04    7.811e-03      10.37s       18        
489  2.634e+01    2.517e+15    9.723e+00      4.200e+01    3.030e+04    7.811e-03      9.39s        18        
490  2.601e+01    8.491e+07    6.508e-01      4.200e+01    3.030e+04    7.811e-03      8.44s        18        
491  2.545e+01    2.267e+09    1.415e+01      4.200e+01    3.030e+04    7.811e-03      10.04s       18        
492  2.484e+01    4.295e+07    7.988e-01      4.200e+01    3.030e+04    7.811e-03      6.62s        18        
493  2.520e+01    2.536e+09    1.884e+00      4.200e+01    3.030e+04    7.811e-03      5.47s        19        
494  2.531e+01    1.151e+07    1.211e+00      4.200e+01    3.030e+04    7.811e-03      4.61s        18        
495  2.592e+01    1.016e+09    1.227e+02      4.200e+01    3.030e+04    7.811e-03      3.91s        19        
496  2.575e+01    1.069e+26    1.146e+00      4.200e+01    3.030e+04    7.811e-03      2.86s        19        
497  2.687e+01    5.891e+06    1.278e+01      4.200e+01    3.030e+04    7.811e-03      1.88s        18        
498  2.553e+01    2.714e+12    3.473e+01      4.200e+01    3.030e+04    7.811e-03      0.93s        18        
499  2.643e+01    7.483e+07    2.930e+02      4.200e+01    3.030e+04    7.811e-03      0.00s        18        





Time: 0h:6m:48s
####   Data for the best program   ####
Best Program: add(sin(div(X1, 0.305)), cos(add(add(sin(mul(sub(add(X0, sin(sub(add(X1, X1), cos(div(X1, 0.307))))), div(cos(sub(X0, sin(cos(X0)))), add(sin(X1), X0))), mul(sub(0.131, 0.151), add(1.487, 0.892)))), X0), X0)))
Best Program Complexity: 42
Raw Fitness: 0.007810670389280026
Penalized Fitness: 0.007810670389280026
Estimator		Train-rmse: 0.007810670389280026	Test-rmse: 0.009830569419623332	Test-R^2: 0.9996773446005766

{'complexity': 'length', 'const_range': (1e-10, 2.0), 'elitism_size': 0, 'function_set': ('add', 'sub', 'div', 'mul', 'sin', 'cos'), 'generations': 500, 'init_depth': (3, 6), 'init_method': 'half and half', 'low_memory': True, 'max_samples': 1.0, 'metric': 'rmse', 'n_jobs': 2, 'p_crossover': 0.4, 'p_hoist_mutation': 0.0, 'p_point_mutation': 0.3, 'p_point_replace': 0.05, 'p_subtree_mutation': 0.3, 'paretogp': True, 'paretogp_lengths': (5, 160), 'parsimony_coefficient': 0.0, 'population_size': 800, 'random_state': 1891276093, 'selection': 'tournament', 'stopping_criteria': 1e-10, 'tournament_size': 11, 'verbose': 1, 'warm_start': True}
