    |          Population Average          |           Best Individual            |
---- -------------------------------------- -------------------------------------- ----------
Gen  Length       Kommenda     Fitness        Length       Kommenda     Fitness        Time Left    Front Size
0    2.384e+01    2.330e+08    2.848e+09      3.000e+01    3.497e+02    4.540e-01      8.78s        4         
1    1.647e+01    2.231e+06    2.243e+00      2.600e+01    8.130e+01    3.171e-01      17.22s       7         
2    1.582e+01    1.582e+09    1.720e+00      1.900e+01    7.685e+01    2.797e-01      20.91s       3         
3    1.287e+01    1.582e+09    7.189e+01      1.900e+01    7.685e+01    1.542e-01      17.13s       5         
4    1.263e+01    3.058e+04    1.471e+00      3.800e+01    1.745e+04    9.163e-02      15.59s       10        
5    1.616e+01    1.628e+08    8.640e-01      3.300e+01    1.348e+03    7.686e-02      15.31s       8         
6    1.934e+01    3.800e+08    8.468e-01      4.200e+01    9.706e+04    6.176e-02      14.51s       9         
7    2.043e+01    6.051e+09    1.183e+00      3.700e+01    2.754e+03    6.026e-02      16.29s       12        
8    2.285e+01    1.988e+21    2.580e+02      3.600e+01    1.692e+03    5.914e-02      14.34s       10        
9    2.516e+01    9.306e+11    1.699e+02      4.800e+01    1.360e+04    5.729e-02      13.54s       12        
10   2.701e+01    1.580e+22    1.304e+00      4.900e+01    1.940e+04    5.567e-02      12.59s       13        
11   2.914e+01    2.871e+17    1.823e+02      7.400e+01    5.843e+07    5.403e-02      13.13s       15        
12   3.377e+01    4.137e+15    8.651e+01      7.000e+01    3.605e+07    5.386e-02      11.71s       15        
13   3.382e+01    1.465e+16    7.244e+01      7.000e+01    3.605e+07    5.386e-02      10.41s       12        
14   2.936e+01    1.676e+16    1.479e+02      3.600e+01    4.937e+03    5.334e-02      9.54s        12        
15   2.447e+01    8.738e+21    8.686e+01      3.600e+01    4.937e+03    5.334e-02      8.14s        12        
16   2.301e+01    1.278e+08    7.666e+03      3.600e+01    4.937e+03    5.334e-02      7.83s        13        
17   2.220e+01    3.704e+06    9.296e+01      3.600e+01    4.937e+03    5.334e-02      6.20s        14        
18   2.240e+01    1.407e+10    1.249e+02      3.600e+01    4.937e+03    5.334e-02      5.32s        15        
19   2.215e+01    3.081e+17    8.733e+01      5.700e+01    1.397e+08    5.265e-02      4.38s        17        
20   2.475e+01    8.369e+34    8.641e+01      5.000e+01    2.045e+06    5.028e-02      3.99s        16        
21   2.491e+01    4.825e+14    8.677e+01      5.000e+01    2.045e+06    5.028e-02      2.72s        8         
22   1.866e+01    9.774e+07    8.665e+01      4.900e+01    1.938e+06    5.002e-02      1.73s        8         
23   2.186e+01    1.912e+16    8.752e+01      4.100e+01    3.575e+04    4.898e-02      0.86s        11        
24   2.561e+01    1.839e+18    2.893e+00      4.000e+01    3.387e+04    4.881e-02      0.00s        10        
25   2.406e+01    1.196e+11    1.725e+02      4.000e+01    3.387e+04    4.881e-02      21.34s       11        
26   2.504e+01    9.725e+13    8.729e+01      5.400e+01    2.166e+08    3.270e-02      20.70s       11        
27   2.574e+01    4.508e+17    9.030e-01      5.300e+01    2.288e+07    1.955e-02      19.87s       14        
28   2.784e+01    1.347e+23    8.672e+01      5.300e+01    2.288e+07    1.696e-02      21.82s       16        
29   3.039e+01    2.151e+27    1.729e+02      4.800e+01    1.629e+09    1.554e-02      19.38s       14        
30   2.696e+01    1.187e+37    3.016e+02      4.600e+01    1.267e+09    1.522e-02      17.98s       16        
31   2.583e+01    5.985e+27    1.040e+02      4.500e+01    7.653e+07    1.522e-02      16.75s       18        
32   2.719e+01    4.629e+25    2.499e+06      5.000e+01    1.912e+11    1.513e-02      17.70s       17        
33   2.672e+01    3.422e+27    2.358e+00      3.900e+01    2.758e+05    1.481e-02      14.90s       15        
34   2.525e+01    1.213e+18    8.638e+01      4.000e+01    6.695e+05    1.459e-02      13.94s       17        
35   2.455e+01    3.139e+23    7.090e-01      4.000e+01    6.695e+05    1.459e-02      12.86s       16        
36   2.407e+01    2.971e+30    8.506e-01      4.000e+01    6.695e+05    1.459e-02      13.15s       16        
37   2.373e+01    4.911e+19    8.650e+01      4.000e+01    6.695e+05    1.459e-02      10.98s       16        
38   2.524e+01    1.035e+18    5.355e+00      4.100e+01    7.983e+05    1.458e-02      10.26s       17        
39   2.568e+01    4.525e+22    8.767e-01      5.300e+01    1.385e+09    1.432e-02      9.15s        17        
40   2.629e+01    5.994e+65    1.721e+02      5.400e+01    1.520e+09    1.422e-02      9.51s        18        
41   2.909e+01    1.815e+30    6.966e-01      5.400e+01    9.001e+09    1.408e-02      8.03s        19        
42   3.095e+01    7.635e+34    1.011e+00      5.500e+01    1.191e+10    1.355e-02      7.00s        21        
43   3.213e+01    6.882e+59    7.259e-01      6.200e+01    3.789e+12    1.354e-02      6.06s        22        
44   3.398e+01    6.869e+78    9.899e-01      5.600e+01    4.216e+11    1.304e-02      5.58s        21        
45   3.303e+01    6.071e+124   8.964e-01      5.400e+01    1.389e+09    1.297e-02      4.15s        18        
46   3.023e+01    1.231e+43    5.634e-01      6.600e+01    1.006e+14    1.281e-02      3.12s        20        
47   3.164e+01    1.059e+74    1.733e+02      6.000e+01    1.065e+10    1.280e-02      2.24s        21        
48   3.290e+01    2.030e+38    7.818e+02      6.000e+01    1.065e+10    1.280e-02      1.04s        23        
49   3.418e+01    4.968e+121   4.199e+00      5.200e+01    2.607e+08    1.267e-02      0.00s        19        
50   3.070e+01    4.346e+52    8.670e+01      5.200e+01    2.607e+08    1.267e-02      27.84s       20        
51   2.805e+01    2.769e+32    7.829e-01      5.200e+01    2.607e+08    1.267e-02      23.62s       21        
52   2.650e+01    1.311e+37    7.745e-01      5.200e+01    2.607e+08    1.267e-02      22.21s       22        
53   2.833e+01    9.995e+32    5.756e-01      5.200e+01    2.607e+08    1.267e-02      23.02s       19        
54   2.623e+01    4.216e+33    8.704e+01      5.200e+01    2.607e+08    1.267e-02      19.89s       20        
55   2.844e+01    7.799e+34    7.474e-01      5.200e+01    2.607e+08    1.267e-02      18.83s       20        
56   2.768e+01    6.341e+67    1.308e+00      1.160e+02    9.086e+57    1.260e-02      19.96s       21        
57   3.350e+01    2.247e+149   2.214e+01      6.200e+01    1.841e+13    1.259e-02      17.74s       22        
58   3.555e+01    1.499e+177   1.170e+00      6.100e+01    8.449e+09    1.256e-02      17.56s       24        
59   3.487e+01    1.601e+43    9.073e+01      7.400e+01    7.095e+13    1.255e-02      17.75s       24        
60   3.597e+01    2.337e+58    5.367e-01      7.000e+01    2.357e+12    1.255e-02      15.51s       25        
61   3.797e+01    1.805e+132   5.400e-01      6.700e+01    3.223e+10    1.252e-02      14.35s       25        
62   3.552e+01    1.616e+58    7.997e-01      6.400e+01    1.306e+11    1.252e-02      14.29s       25        
63   3.558e+01    7.313e+52    6.449e-01      8.800e+01    4.576e+15    1.249e-02      11.97s       26        
64   3.609e+01    4.479e+78    5.197e-01      8.400e+01    5.257e+14    1.249e-02      11.09s       28        
65   3.840e+01    3.998e+59    4.635e-01      7.100e+01    2.698e+10    1.248e-02      11.05s       27        
66   3.894e+01    5.162e+72    6.628e+01      5.300e+01    2.504e+08    1.241e-02      9.08s        24        
67   3.250e+01    3.227e+36    5.466e-01      6.500e+01    1.235e+10    1.239e-02      7.75s        24        
68   3.215e+01    1.928e+41    9.062e-01      7.200e+01    1.096e+11    1.237e-02      7.19s        27        
69   3.354e+01    6.168e+28    7.655e-01      7.300e+01    1.561e+12    1.236e-02      5.47s        28        
70   3.596e+01    1.161e+40    7.571e-01      4.500e+01    2.597e+05    1.234e-02      4.50s        21        
71   2.911e+01    2.810e+44    1.114e+00      4.500e+01    2.597e+05    1.234e-02      3.55s        21        
72   2.821e+01    2.542e+73    7.542e-01      4.500e+01    2.597e+05    1.234e-02      2.09s        20        
73   2.655e+01    9.012e+13    8.674e+01      4.500e+01    2.597e+05    1.234e-02      1.02s        20        
74   2.642e+01    2.625e+17    7.589e-01      4.500e+01    2.597e+05    1.234e-02      0.00s        20        
75   2.563e+01    4.339e+21    1.295e+00      4.500e+01    2.597e+05    1.234e-02      23.55s       21        
76   2.684e+01    1.277e+18    5.135e-01      4.500e+01    2.597e+05    1.234e-02      22.77s       21        
77   2.603e+01    8.802e+17    5.515e-01      4.500e+01    2.597e+05    1.234e-02      23.61s       21        
78   2.674e+01    3.568e+22    7.450e-01      4.500e+01    2.597e+05    1.234e-02      21.01s       21        
79   2.694e+01    1.202e+22    5.484e-01      4.500e+01    2.597e+05    1.234e-02      19.70s       21        
80   2.645e+01    1.220e+24    8.626e+01      4.500e+01    2.597e+05    1.234e-02      18.78s       20        
81   2.597e+01    4.151e+32    6.370e-01      4.500e+01    2.597e+05    1.234e-02      18.93s       20        
82   2.782e+01    1.250e+33    7.514e-01      4.500e+01    2.597e+05    1.234e-02      16.79s       20        
83   2.588e+01    1.505e+20    1.724e+02      4.500e+01    2.597e+05    1.234e-02      15.57s       20        
84   2.691e+01    5.245e+16    6.715e-01      4.500e+01    2.597e+05    1.234e-02      16.98s       20        
85   2.655e+01    7.240e+17    8.662e+01      4.500e+01    2.597e+05    1.234e-02      14.25s       20        
86   2.652e+01    3.742e+33    1.232e+00      4.500e+01    2.597e+05    1.234e-02      13.11s       20        
87   2.749e+01    2.530e+20    1.132e+00      4.500e+01    2.597e+05    1.234e-02      13.50s       20        
88   2.622e+01    4.103e+20    8.683e+01      4.500e+01    2.597e+05    1.234e-02      11.10s       20        
89   2.697e+01    2.426e+20    8.684e+01      4.500e+01    2.597e+05    1.234e-02      10.13s       20        
90   2.578e+01    1.367e+24    3.883e+00      4.500e+01    2.597e+05    1.234e-02      8.90s        20        
91   2.685e+01    5.318e+16    6.387e-01      4.500e+01    2.597e+05    1.234e-02      8.81s        20        
92   2.690e+01    2.131e+20    8.702e+01      4.500e+01    2.597e+05    1.234e-02      6.88s        20        
93   2.677e+01    2.743e+17    3.819e+02      4.500e+01    2.597e+05    1.234e-02      5.88s        20        
94   2.692e+01    4.995e+16    4.296e+02      4.500e+01    2.597e+05    1.234e-02      5.64s        20        
95   2.621e+01    4.563e+23    8.173e+01      4.500e+01    2.597e+05    1.234e-02      4.03s        20        
96   2.627e+01    1.013e+08    2.810e+00      4.500e+01    2.597e+05    1.234e-02      3.00s        20        
97   2.651e+01    4.567e+19    7.403e-01      4.500e+01    2.597e+05    1.234e-02      1.94s        20        
98   2.597e+01    2.730e+32    2.098e+01      4.500e+01    2.597e+05    1.234e-02      1.08s        20        
99   2.618e+01    2.613e+23    8.641e+01      4.500e+01    2.597e+05    1.234e-02      0.00s        21        
100  2.669e+01    1.011e+30    7.832e+05      4.500e+01    2.597e+05    1.234e-02      23.89s       22        
101  2.700e+01    8.636e+26    6.384e-01      4.500e+01    2.597e+05    1.234e-02      26.34s       22        
102  2.730e+01    9.499e+12    2.096e+00      4.500e+01    2.597e+05    1.234e-02      22.57s       22        
103  2.704e+01    7.115e+23    8.668e+01      4.500e+01    2.597e+05    1.234e-02      21.80s       22        
104  2.826e+01    4.536e+31    5.607e-01      4.500e+01    2.597e+05    1.234e-02      20.74s       22        
105  2.694e+01    1.342e+12    5.889e-01      4.500e+01    2.597e+05    1.234e-02      18.78s       22        
106  2.685e+01    3.791e+13    1.142e+02      4.500e+01    2.597e+05    1.234e-02      18.13s       22        
107  2.713e+01    1.106e+24    8.764e-01      4.500e+01    2.597e+05    1.234e-02      16.90s       22        
108  2.623e+01    2.719e+11    8.632e+01      4.500e+01    2.597e+05    1.234e-02      17.93s       22        
109  2.570e+01    8.416e+14    8.624e+01      4.500e+01    2.597e+05    1.234e-02      14.56s       22        
110  2.702e+01    5.578e+13    7.537e-01      4.500e+01    2.597e+05    1.234e-02      13.70s       22        
111  2.641e+01    2.851e+10    2.747e+00      4.500e+01    2.597e+05    1.234e-02      13.98s       22        
112  2.568e+01    9.239e+11    8.321e+00      4.500e+01    2.597e+05    1.234e-02      11.72s       23        
113  2.627e+01    3.574e+10    7.147e-01      4.500e+01    2.597e+05    1.234e-02      10.99s       23        
114  2.662e+01    1.083e+20    5.069e+01      4.500e+01    2.597e+05    1.234e-02      9.88s        23        
115  2.761e+01    1.149e+15    5.844e-01      4.500e+01    2.597e+05    1.234e-02      10.10s       23        
116  2.696e+01    1.467e+31    6.227e-01      4.500e+01    2.597e+05    1.234e-02      8.28s        23        
117  2.720e+01    1.761e+21    2.304e+02      4.500e+01    2.597e+05    1.234e-02      7.11s        23        
118  2.641e+01    1.110e+26    3.465e+00      4.500e+01    2.597e+05    1.234e-02      6.66s        23        
119  2.721e+01    1.060e+18    6.745e-01      4.500e+01    2.597e+05    1.234e-02      5.52s        23        
120  2.705e+01    1.052e+16    6.308e-01      4.500e+01    2.597e+05    1.234e-02      4.20s        23        
121  2.632e+01    3.503e+20    7.424e-01      4.500e+01    2.597e+05    1.234e-02      3.01s        23        
122  2.691e+01    7.057e+18    6.537e-01      4.500e+01    2.597e+05    1.234e-02      2.23s        23        
123  2.689e+01    7.485e+19    1.022e+00      4.500e+01    2.597e+05    1.234e-02      1.01s        23        
124  2.802e+01    1.106e+33    5.576e-01      4.500e+01    2.597e+05    1.234e-02      0.00s        23        
125  2.653e+01    6.862e+18    5.410e-01      4.500e+01    2.597e+05    1.234e-02      27.38s       23        
126  2.699e+01    5.626e+27    5.128e-01      4.500e+01    2.597e+05    1.234e-02      23.49s       23        
127  2.713e+01    5.627e+27    5.865e-01      4.500e+01    2.597e+05    1.234e-02      22.28s       23        
128  2.702e+01    2.021e+18    5.723e-01      4.500e+01    2.597e+05    1.234e-02      23.69s       25        
129  2.793e+01    1.018e+16    6.008e-01      4.500e+01    2.597e+05    1.234e-02      20.24s       25        
130  2.741e+01    1.472e+17    6.178e-01      4.500e+01    2.597e+05    1.234e-02      18.60s       25        
131  2.752e+01    9.870e+22    7.481e-01      4.500e+01    2.597e+05    1.234e-02      20.35s       25        
132  2.756e+01    1.316e+23    5.147e-01      4.500e+01    2.597e+05    1.234e-02      17.08s       25        
133  2.765e+01    1.922e+19    7.193e-01      4.500e+01    2.597e+05    1.234e-02      16.45s       25        
134  2.686e+01    1.147e+26    6.063e-01      4.500e+01    2.597e+05    1.234e-02      15.69s       21        
135  2.544e+01    2.796e+18    5.295e-01      4.500e+01    2.597e+05    1.234e-02      15.73s       21        
136  2.495e+01    3.670e+14    6.114e-01      4.500e+01    2.597e+05    1.234e-02      12.93s       20        
137  2.426e+01    5.830e+16    4.463e+01      4.500e+01    2.597e+05    1.234e-02      11.53s       20        
138  2.370e+01    1.090e+18    4.798e+01      4.500e+01    2.597e+05    1.234e-02      12.45s       20        
139  2.423e+01    9.567e+29    6.996e-01      4.500e+01    2.597e+05    1.234e-02      10.13s       20        
140  2.416e+01    5.697e+10    5.319e-01      4.500e+01    2.597e+05    1.234e-02      8.71s        20        
141  2.500e+01    4.831e+25    1.082e+00      4.500e+01    2.597e+05    1.234e-02      7.63s        20        
142  2.393e+01    4.563e+13    7.678e-01      4.500e+01    2.597e+05    1.234e-02      7.76s        20        
143  2.437e+01    8.526e+09    1.018e+00      4.500e+01    2.597e+05    1.234e-02      5.80s        20        
144  2.478e+01    3.672e+17    6.794e-01      4.500e+01    2.597e+05    1.234e-02      4.77s        20        
145  2.397e+01    1.731e+15    7.410e-01      4.500e+01    2.597e+05    1.234e-02      3.75s        20        
146  2.404e+01    7.423e+13    1.735e+00      4.500e+01    2.597e+05    1.234e-02      3.19s        20        
147  2.522e+01    3.989e+19    6.049e+00      4.500e+01    2.597e+05    1.234e-02      1.88s        20        
148  2.515e+01    5.581e+17    4.121e+02      4.500e+01    2.597e+05    1.234e-02      0.97s        20        
149  2.461e+01    8.114e+18    5.536e-01      4.500e+01    2.597e+05    1.234e-02      0.00s        20        
150  2.507e+01    4.847e+15    5.246e-01      4.500e+01    2.597e+05    1.234e-02      25.98s       20        
151  2.415e+01    3.673e+16    1.832e+00      4.500e+01    2.597e+05    1.234e-02      22.01s       20        
152  2.422e+01    7.103e+10    7.047e-01      4.500e+01    2.597e+05    1.234e-02      20.87s       20        
153  2.563e+01    2.812e+12    7.676e-01      4.500e+01    2.597e+05    1.234e-02      23.05s       20        
154  2.415e+01    6.181e+10    6.768e-01      4.500e+01    2.597e+05    1.234e-02      19.71s       20        
155  2.422e+01    9.464e+10    2.306e+00      4.500e+01    2.597e+05    1.234e-02      18.54s       20        
156  2.395e+01    6.396e+09    2.616e+01      4.500e+01    2.597e+05    1.234e-02      16.81s       20        
157  2.397e+01    8.831e+11    8.375e-01      4.500e+01    2.597e+05    1.234e-02      18.30s       20        
158  2.444e+01    1.123e+23    5.370e-01      4.500e+01    2.597e+05    1.234e-02      15.20s       20        
159  2.562e+01    2.142e+14    5.164e-01      4.500e+01    2.597e+05    1.234e-02      14.53s       20        
160  2.492e+01    3.410e+19    2.411e+00      4.500e+01    2.597e+05    1.234e-02      13.32s       20        
161  2.456e+01    3.676e+19    5.478e-01      4.500e+01    2.597e+05    1.234e-02      14.40s       20        
162  2.491e+01    3.005e+14    3.616e+00      4.500e+01    2.597e+05    1.234e-02      11.45s       20        
163  2.401e+01    2.892e+18    6.159e-01      4.500e+01    2.597e+05    1.234e-02      10.58s       20        
164  2.373e+01    1.530e+09    9.165e-01      4.500e+01    2.597e+05    1.234e-02      9.56s        21        
165  2.473e+01    5.782e+09    8.161e-01      4.500e+01    2.597e+05    1.234e-02      10.07s       21        
166  2.434e+01    2.150e+11    5.663e-01      4.500e+01    2.597e+05    1.234e-02      7.76s        21        
167  2.568e+01    4.069e+13    2.185e+00      4.500e+01    2.597e+05    1.234e-02      6.99s        21        
168  2.570e+01    1.769e+12    6.809e-01      4.500e+01    2.597e+05    1.234e-02      5.93s        21        
169  2.432e+01    1.456e+15    6.756e-01      4.500e+01    2.597e+05    1.234e-02      5.60s        21        
170  2.485e+01    2.326e+13    5.646e-01      4.500e+01    2.597e+05    1.234e-02      3.83s        21        
171  2.525e+01    2.732e+19    6.005e-01      4.500e+01    2.597e+05    1.234e-02      2.95s        21        
172  2.525e+01    9.198e+21    5.209e-01      4.500e+01    2.597e+05    1.234e-02      1.91s        21        
173  2.534e+01    1.095e+18    8.621e-01      4.500e+01    2.597e+05    1.234e-02      1.13s        21        
174  2.443e+01    5.953e+14    6.763e+04      4.500e+01    2.597e+05    1.234e-02      0.00s        21        
175  2.439e+01    6.363e+28    6.367e-01      4.500e+01    2.597e+05    1.234e-02      23.50s       21        
176  2.439e+01    3.434e+11    1.741e+00      4.500e+01    2.597e+05    1.234e-02      25.18s       21        
177  2.504e+01    3.529e+14    8.278e-01      4.500e+01    2.597e+05    1.234e-02      21.98s       21        
178  2.406e+01    1.455e+16    5.934e-01      4.500e+01    2.597e+05    1.234e-02      19.99s       21        
179  2.507e+01    7.412e+21    7.123e-01      4.500e+01    2.597e+05    1.234e-02      19.46s       21        
180  2.418e+01    5.060e+13    7.459e-01      4.500e+01    2.597e+05    1.234e-02      21.65s       21        
181  2.415e+01    2.656e+08    5.822e-01      4.500e+01    2.597e+05    1.234e-02      17.44s       21        
182  2.400e+01    1.217e+16    1.590e+00      4.500e+01    2.597e+05    1.234e-02      15.78s       21        
183  2.434e+01    1.085e+10    5.345e-01      4.500e+01    2.597e+05    1.234e-02      15.06s       21        
184  2.474e+01    4.983e+15    5.243e-01      4.500e+01    2.597e+05    1.234e-02      16.72s       21        
185  2.412e+01    1.388e+14    5.661e-01      4.500e+01    2.597e+05    1.234e-02      13.41s       22        
186  2.334e+01    1.028e+17    5.594e-01      4.500e+01    2.597e+05    1.234e-02      12.32s       22        
187  2.438e+01    2.328e+22    1.721e+00      4.500e+01    2.597e+05    1.234e-02      11.53s       22        
188  2.380e+01    2.890e+16    1.153e+02      4.500e+01    2.597e+05    1.234e-02      12.04s       22        
189  2.432e+01    9.557e+28    5.477e-01      4.500e+01    2.597e+05    1.234e-02      9.59s        22        
190  2.449e+01    6.548e+22    1.642e+00      4.500e+01    2.597e+05    1.234e-02      8.68s        22        
191  2.469e+01    5.215e+18    2.883e+01      4.500e+01    2.597e+05    1.234e-02      7.63s        22        
192  2.398e+01    1.133e+19    5.498e-01      4.500e+01    2.597e+05    1.234e-02      7.63s        22        
193  2.395e+01    9.602e+13    7.362e+00      4.500e+01    2.597e+05    1.234e-02      5.66s        22        
194  2.422e+01    1.404e+09    1.755e+00      4.500e+01    2.597e+05    1.234e-02      4.66s        22        
195  2.416e+01    6.890e+09    5.322e-01      4.500e+01    2.597e+05    1.234e-02      3.78s        22        
196  2.328e+01    2.670e+10    6.560e-01      4.500e+01    2.597e+05    1.234e-02      3.22s        22        
197  2.390e+01    1.508e+12    6.293e-01      4.500e+01    2.597e+05    1.234e-02      1.91s        22        
198  2.289e+01    2.260e+10    6.544e-01      4.500e+01    2.597e+05    1.234e-02      0.94s        22        
199  2.447e+01    4.905e+14    6.699e-01      4.500e+01    2.597e+05    1.234e-02      0.00s        22        
200  2.371e+01    2.438e+16    7.650e-01      4.500e+01    2.597e+05    1.234e-02      22.55s       22        
201  2.444e+01    8.727e+14    2.400e+00      4.500e+01    2.597e+05    1.234e-02      21.79s       22        
202  2.439e+01    2.636e+12    1.331e+00      4.500e+01    2.597e+05    1.234e-02      20.66s       22        
203  2.416e+01    4.406e+22    5.845e-01      4.500e+01    2.597e+05    1.234e-02      22.95s       22        
204  2.336e+01    9.228e+07    5.337e-01      4.500e+01    2.597e+05    1.234e-02      18.99s       22        
205  2.337e+01    4.161e+11    6.909e+00      4.500e+01    2.597e+05    1.234e-02      17.85s       22        
206  2.408e+01    4.834e+12    6.837e-01      4.500e+01    2.597e+05    1.234e-02      17.11s       22        
207  2.369e+01    1.091e+19    5.552e-01      4.500e+01    2.597e+05    1.234e-02      19.24s       22        
208  2.448e+01    4.464e+14    6.659e-01      4.500e+01    2.597e+05    1.234e-02      15.56s       22        
209  2.397e+01    1.433e+25    6.882e-01      4.500e+01    2.597e+05    1.234e-02      14.43s       22        
210  2.444e+01    1.433e+25    1.382e+00      4.500e+01    2.597e+05    1.234e-02      13.50s       22        
211  2.452e+01    1.123e+26    6.425e-01      5.100e+01    4.519e+05    1.227e-02      14.72s       23        
212  2.422e+01    4.237e+15    8.126e+00      5.100e+01    4.519e+05    1.227e-02      12.09s       23        
213  2.587e+01    2.149e+17    7.907e-01      5.100e+01    4.519e+05    1.227e-02      10.79s       23        
214  2.584e+01    4.318e+20    6.671e-01      5.100e+01    4.519e+05    1.227e-02      9.82s        23        
215  2.459e+01    1.874e+16    8.292e-01      5.100e+01    4.519e+05    1.227e-02      10.28s       23        
216  2.590e+01    1.221e+15    8.222e-01      5.100e+01    4.519e+05    1.227e-02      8.03s        23        
217  2.580e+01    1.977e+26    4.879e+00      5.100e+01    4.519e+05    1.227e-02      6.82s        23        
218  2.621e+01    8.332e+21    7.960e-01      5.100e+01    4.519e+05    1.227e-02      5.96s        23        
219  2.529e+01    2.376e+20    8.193e-01      5.100e+01    4.519e+05    1.227e-02      5.76s        23        
220  2.515e+01    8.352e+12    5.624e-01      5.100e+01    4.519e+05    1.227e-02      3.93s        23        
221  2.590e+01    7.154e+13    6.440e-01      5.100e+01    4.519e+05    1.227e-02      2.95s        23        
222  2.623e+01    4.245e+20    1.011e+00      5.100e+01    4.519e+05    1.227e-02      2.01s        23        
223  2.533e+01    2.542e+23    6.215e-01      5.100e+01    4.519e+05    1.227e-02      1.12s        23        
224  2.614e+01    5.130e+14    6.004e-01      5.100e+01    4.519e+05    1.227e-02      0.00s        23        
225  2.477e+01    4.180e+23    8.508e-01      5.100e+01    4.519e+05    1.227e-02      23.66s       23        
226  2.519e+01    2.568e+20    5.844e-01      5.100e+01    4.519e+05    1.227e-02      25.73s       23        
227  2.527e+01    1.292e+27    5.311e-01      5.100e+01    4.519e+05    1.227e-02      21.37s       23        
228  2.608e+01    3.320e+24    1.704e+02      5.100e+01    4.519e+05    1.227e-02      20.77s       23        
229  2.511e+01    1.822e+15    8.208e+01      5.100e+01    4.519e+05    1.227e-02      19.82s       23        
230  2.517e+01    3.824e+21    1.035e+02      5.200e+01    4.776e+05    1.217e-02      20.59s       24        
231  2.549e+01    3.620e+12    6.519e-01      5.200e+01    4.776e+05    1.217e-02      17.10s       24        
232  2.795e+01    4.841e+12    6.701e-01      7.900e+01    1.090e+09    1.199e-02      16.84s       25        
233  2.897e+01    9.170e+19    1.989e+01      7.900e+01    1.090e+09    1.199e-02      16.34s       25        
234  2.856e+01    3.618e+22    6.746e-01      7.300e+01    3.784e+08    1.173e-02      17.54s       25        
235  2.974e+01    1.572e+30    7.962e-01      7.300e+01    3.784e+08    1.173e-02      14.21s       26        
236  3.096e+01    3.855e+18    9.038e-01      7.300e+01    3.784e+08    1.173e-02      13.52s       27        
237  3.396e+01    2.771e+28    4.619e-01      7.400e+01    4.727e+08    1.172e-02      12.78s       27        
238  3.223e+01    1.005e+36    6.343e-01      8.200e+01    1.035e+11    1.129e-02      13.57s       29        
239  3.774e+01    2.669e+28    2.597e+00      1.040e+02    4.015e+11    1.102e-02      11.28s       33        
240  4.188e+01    1.130e+25    4.298e-01      1.040e+02    4.015e+11    1.102e-02      10.57s       25        
241  3.280e+01    4.112e+25    5.118e-01      1.210e+02    2.271e+12    1.052e-02      10.08s       26        
242  3.639e+01    5.213e+36    5.381e-01      1.220e+02    1.220e+12    1.046e-02      7.80s        29        
243  4.460e+01    8.104e+51    6.910e-01      1.250e+02    2.277e+12    1.038e-02      7.06s        33        
244  5.229e+01    1.033e+27    4.600e-01      1.400e+02    3.771e+18    1.013e-02      6.25s        31        
245  5.180e+01    2.672e+39    5.858e-01      1.270e+02    6.050e+12    1.008e-02      5.69s        29        
246  4.513e+01    1.538e+34    7.405e-01      1.270e+02    6.050e+12    1.008e-02      3.77s        30        
247  4.353e+01    4.673e+37    6.777e+01      1.270e+02    6.050e+12    1.008e-02      2.51s        30        
248  4.152e+01    1.033e+56    3.846e+00      1.270e+02    6.050e+12    1.008e-02      1.37s        30        
249  4.184e+01    3.595e+32    4.700e-01      1.280e+02    6.037e+12    1.007e-02      0.00s        32        
250  4.645e+01    5.586e+31    4.370e-01      1.320e+02    6.387e+12    1.005e-02      33.48s       33        
251  5.185e+01    7.943e+42    3.955e-01      1.280e+02    3.062e+12    9.970e-03      30.12s       35        
252  5.529e+01    8.891e+54    1.600e+00      1.140e+02    7.873e+10    9.406e-03      30.71s       35        
253  5.368e+01    2.174e+39    4.088e-01      1.130e+02    7.153e+10    9.356e-03      32.52s       35        
254  5.094e+01    8.295e+24    5.301e-01      1.130e+02    7.153e+10    9.356e-03      27.75s       34        
255  4.901e+01    2.381e+48    4.228e-01      1.130e+02    7.153e+10    9.356e-03      25.67s       35        
256  4.914e+01    1.658e+34    4.547e+00      1.130e+02    7.153e+10    9.356e-03      26.91s       35        
257  4.873e+01    4.548e+50    7.745e-01      1.130e+02    7.153e+10    9.356e-03      24.06s       35        
258  5.303e+01    4.274e+44    4.039e-01      1.130e+02    7.153e+10    9.356e-03      24.90s       38        
259  5.457e+01    1.655e+45    3.309e+01      1.320e+02    2.491e+11    9.115e-03      21.02s       36        
260  4.881e+01    8.623e+24    4.961e-01      1.320e+02    2.491e+11    9.115e-03      21.68s       38        
261  5.352e+01    2.180e+44    3.677e-01      1.320e+02    2.491e+11    9.115e-03      17.96s       39        
262  5.473e+01    1.424e+38    6.553e-01      1.320e+02    2.491e+11    9.115e-03      17.20s       39        
263  5.785e+01    3.123e+54    1.220e+00      1.320e+02    2.491e+11    9.115e-03      17.81s       42        
264  5.647e+01    1.807e+44    3.533e-01      1.320e+02    2.491e+11    9.115e-03      15.07s       43        
265  5.602e+01    1.067e+31    6.343e-01      1.320e+02    2.491e+11    9.115e-03      15.11s       43        
266  5.743e+01    2.390e+57    4.389e-01      1.320e+02    2.491e+11    9.115e-03      12.11s       43        
267  5.863e+01    1.760e+25    4.587e-01      1.320e+02    2.491e+11    9.115e-03      11.90s       45        
268  5.704e+01    2.422e+39    5.001e-01      1.310e+02    2.490e+11    9.092e-03      9.25s        44        
269  5.597e+01    9.034e+49    5.107e-01      1.310e+02    2.490e+11    9.092e-03      8.54s        41        
270  5.333e+01    2.289e+28    5.614e-01      1.310e+02    2.490e+11    9.092e-03      6.09s        42        
271  5.327e+01    3.789e+35    5.033e-01      1.340e+02    1.445e+13    9.026e-03      4.89s        45        
272  5.605e+01    7.120e+83    3.608e-01      1.340e+02    1.448e+13    8.962e-03      2.91s        45        
273  6.316e+01    3.018e+64    3.445e-01      1.340e+02    1.448e+13    8.962e-03      1.54s        44        
274  5.993e+01    4.064e+55    5.331e-01      1.340e+02    1.448e+13    8.962e-03      0.00s        40        
275  5.610e+01    2.464e+54    2.946e+00      1.340e+02    1.448e+13    8.962e-03      36.90s       41        
276  5.364e+01    2.288e+48    4.987e-01      1.320e+02    1.443e+13    8.824e-03      37.12s       42        
277  5.394e+01    5.374e+53    1.332e+00      1.320e+02    1.443e+13    8.824e-03      32.33s       42        
278  5.505e+01    1.251e+67    4.931e-01      8.300e+01    1.018e+11    8.782e-03      33.97s       38        
279  5.101e+01    3.318e+97    4.782e-01      8.300e+01    1.018e+11    8.782e-03      29.59s       38        
280  4.392e+01    2.880e+24    8.836e-01      8.300e+01    1.018e+11    8.782e-03      29.03s       39        
281  4.358e+01    7.342e+24    4.940e-01      8.300e+01    1.018e+11    8.782e-03      23.57s       39        
282  4.288e+01    3.162e+26    3.938e-01      8.300e+01    1.018e+11    8.782e-03      21.54s       38        
283  4.392e+01    1.599e+27    5.340e-01      8.300e+01    1.018e+11    8.782e-03      23.07s       38        
284  4.452e+01    9.556e+58    4.260e+00      8.300e+01    1.018e+11    8.782e-03      19.74s       37        
285  4.385e+01    2.127e+48    5.700e+01      8.600e+01    2.768e+13    8.741e-03      20.67s       39        
286  4.547e+01    5.783e+37    4.333e-01      8.600e+01    2.768e+13    8.741e-03      17.56s       40        
287  4.783e+01    1.287e+42    2.082e+01      8.600e+01    2.768e+13    8.741e-03      16.48s       36        
288  4.321e+01    1.483e+33    4.100e-01      8.600e+01    2.768e+13    8.741e-03      16.21s       34        
289  4.139e+01    1.786e+35    5.439e-01      8.600e+01    2.768e+13    8.741e-03      12.78s       34        
290  3.998e+01    8.812e+87    5.367e-01      8.600e+01    2.768e+13    8.741e-03      11.22s       35        
291  4.003e+01    2.097e+28    4.428e-01      8.600e+01    2.768e+13    8.741e-03      11.43s       36        
292  4.286e+01    2.886e+28    8.805e-01      8.600e+01    2.768e+13    8.741e-03      9.03s        36        
293  4.341e+01    3.259e+53    3.903e-01      8.600e+01    2.768e+13    8.741e-03      8.95s        36        
294  4.377e+01    2.776e+43    3.937e-01      8.600e+01    2.768e+13    8.741e-03      6.57s        37        
295  4.547e+01    1.877e+35    5.749e-01      8.600e+01    2.768e+13    8.741e-03      5.23s        38        
296  4.616e+01    5.706e+46    4.692e-01      8.600e+01    2.768e+13    8.741e-03      4.49s        38        
297  4.637e+01    1.305e+71    5.129e-01      8.600e+01    2.768e+13    8.741e-03      2.67s        38        
298  4.585e+01    7.819e+45    4.608e-01      8.600e+01    2.768e+13    8.741e-03      1.48s        36        
299  4.571e+01    2.124e+62    5.581e+01      8.600e+01    2.768e+13    8.741e-03      0.00s        36        
300  4.280e+01    6.192e+35    9.217e-01      8.600e+01    2.768e+13    8.741e-03      31.48s       37        
301  4.516e+01    3.195e+56    5.449e-01      8.600e+01    2.768e+13    8.741e-03      34.86s       37        
302  4.647e+01    7.541e+44    4.090e-01      8.600e+01    2.768e+13    8.741e-03      31.03s       37        
303  4.640e+01    1.057e+43    5.198e-01      8.600e+01    2.768e+13    8.741e-03      28.46s       38        
304  4.364e+01    1.925e+32    4.080e-01      8.600e+01    2.768e+13    8.741e-03      30.37s       38        
305  4.834e+01    2.973e+33    5.765e-01      8.800e+01    2.768e+13    8.294e-03      25.39s       40        
306  4.808e+01    4.216e+47    4.740e-01      8.800e+01    2.768e+13    8.294e-03      27.62s       40        
307  4.672e+01    2.048e+98    4.335e-01      8.800e+01    2.768e+13    8.294e-03      24.15s       40        
308  4.630e+01    1.736e+57    3.299e+02      8.800e+01    2.768e+13    8.294e-03      21.85s       40        
309  4.817e+01    3.111e+47    5.431e-01      8.800e+01    2.768e+13    8.294e-03      23.74s       39        
310  4.663e+01    3.089e+51    7.177e+00      8.800e+01    2.768e+13    8.294e-03      19.49s       40        
311  4.656e+01    1.596e+68    3.866e-01      8.800e+01    2.768e+13    8.294e-03      20.18s       43        
312  4.886e+01    6.923e+81    4.046e-01      8.800e+01    2.768e+13    8.294e-03      16.49s       43        
313  5.174e+01    9.756e+129   3.985e-01      8.800e+01    2.768e+13    8.294e-03      16.00s       43        
314  4.867e+01    1.246e+54    3.769e-01      8.800e+01    2.768e+13    8.294e-03      16.37s       39        
315  4.568e+01    6.920e+42    4.641e-01      8.800e+01    2.768e+13    8.294e-03      12.65s       40        
316  4.420e+01    6.087e+47    8.726e-01      8.800e+01    2.768e+13    8.294e-03      12.50s       41        
317  4.398e+01    2.277e+127   4.079e-01      1.290e+02    8.625e+23    8.191e-03      9.58s        42        
318  4.591e+01    4.822e+52    4.174e-01      1.290e+02    8.625e+23    8.191e-03      8.38s        43        
319  5.085e+01    2.328e+109   4.145e-01      1.330e+02    2.711e+24    8.114e-03      8.10s        44        
320  5.050e+01    2.768e+137   4.523e-01      1.280e+02    2.178e+24    8.055e-03      5.71s        44        
321  5.145e+01    7.446e+79    5.985e-01      1.550e+02    1.220e+32    7.955e-03      4.94s        45        
322  5.624e+01    2.458e+94    4.925e-01      1.550e+02    1.220e+32    7.955e-03      3.08s        44        
323  5.431e+01    2.705e+118   4.149e-01      1.550e+02    1.220e+32    7.955e-03      1.51s        47        
324  5.699e+01    8.419e+119   3.675e-01      1.550e+02    1.220e+32    7.955e-03      0.00s        49        
325  6.272e+01    3.496e+279   4.738e-01      1.550e+02    1.220e+32    7.955e-03      37.62s       50        
326  6.006e+01    3.136e+177   3.389e-01      1.480e+02    5.140e+26    7.943e-03      41.06s       46        
327  6.390e+01    3.887e+119   3.622e-01      1.480e+02    5.140e+26    7.943e-03      36.44s       48        
328  6.156e+01    9.362e+238   4.276e-01      1.480e+02    5.140e+26    7.943e-03      39.21s       48        
329  6.042e+01    1.988e+183   4.164e-01      1.480e+02    5.140e+26    7.943e-03      33.11s       48        
330  6.159e+01    1.375e+91    6.849e-01      1.480e+02    5.140e+26    7.943e-03      34.74s       48        
331  6.268e+01    3.911e+162   3.718e-01      1.420e+02    1.837e+31    7.936e-03      29.32s       46        
332  6.131e+01    2.462e+257   4.246e-01      1.420e+02    1.837e+31    7.936e-03      31.83s       46        
333  5.928e+01    2.873e+208   4.188e-01      1.420e+02    1.837e+31    7.936e-03      25.93s       47        
334  6.137e+01    1.014e+106   2.571e+00      1.420e+02    1.837e+31    7.936e-03      27.26s       47        
335  6.496e+01    1.350e+147   4.675e-01      1.420e+02    1.837e+31    7.936e-03      22.90s       44        
336  6.290e+01    2.928e+162   3.738e-01      1.430e+02    2.818e+25    7.935e-03      24.56s       45        
337  6.320e+01    4.000e+258   4.010e-01      1.430e+02    2.818e+25    7.935e-03      20.10s       44        
338  5.653e+01    3.689e+135   4.642e-01      1.430e+02    2.818e+25    7.935e-03      20.27s       44        
339  5.957e+01    2.247e+305   4.535e+00      1.430e+02    2.818e+25    7.935e-03      16.50s       44        
340  6.141e+01    2.247e+305   3.615e-01      1.430e+02    2.818e+25    7.935e-03      16.34s       44        
341  6.250e+01    2.760e+175   1.249e+00      1.430e+02    2.818e+25    7.935e-03      13.12s       44        
342  6.184e+01    8.951e+175   6.498e+00      1.430e+02    2.818e+25    7.935e-03      11.09s       44        
343  6.167e+01    2.247e+305   4.614e-01      1.400e+02    9.420e+30    7.928e-03      10.64s       43        
344  5.912e+01    inf          3.759e-01      1.400e+02    9.420e+30    7.928e-03      8.08s        43        
345  5.970e+01    2.247e+305   3.718e-01      1.400e+02    9.420e+30    7.928e-03      7.12s        43        
346  6.126e+01    2.408e+171   2.650e+00      1.400e+02    9.420e+30    7.928e-03      4.87s        43        
347  5.829e+01    1.036e+166   3.739e-01      1.400e+02    9.420e+30    7.928e-03      3.53s        43        
348  6.141e+01    2.247e+305   3.870e-01      1.400e+02    4.563e+26    7.919e-03      1.57s        44        
349  5.868e+01    2.247e+305   4.002e-01      1.400e+02    4.563e+26    7.919e-03      0.00s        45        
350  5.905e+01    2.177e+192   6.178e-01      1.400e+02    4.563e+26    7.919e-03      37.95s       46        
351  5.981e+01    2.247e+305   3.866e-01      1.400e+02    4.563e+26    7.919e-03      40.94s       46        
352  5.909e+01    2.537e+126   3.434e-01      1.400e+02    4.563e+26    7.919e-03      36.31s       46        
353  5.854e+01    2.247e+305   4.119e-01      1.400e+02    4.563e+26    7.919e-03      38.63s       46        
354  6.506e+01    5.914e+210   6.652e+01      1.340e+02    1.436e+24    7.919e-03      33.44s       46        
355  5.864e+01    4.826e+205   4.217e-01      1.340e+02    1.436e+24    7.919e-03      34.81s       46        
356  5.818e+01    5.917e+217   3.945e-01      1.340e+02    1.436e+24    7.919e-03      30.02s       46        
357  5.939e+01    2.247e+305   3.592e-01      1.340e+02    1.436e+24    7.919e-03      30.29s       46        
358  6.077e+01    3.614e+240   4.053e-01      1.340e+02    1.436e+24    7.919e-03      25.42s       44        
359  5.952e+01    6.410e+157   3.949e-01      1.340e+02    1.436e+24    7.919e-03      27.06s       44        
360  6.052e+01    5.836e+182   4.706e-01      1.340e+02    1.436e+24    7.919e-03      23.13s       45        
361  6.683e+01    7.532e+177   3.824e-01      1.340e+02    1.436e+24    7.919e-03      22.37s       46        
362  6.432e+01    2.247e+305   3.800e-01      1.340e+02    1.436e+24    7.919e-03      22.90s       48        
363  6.371e+01    inf          5.356e-01      1.340e+02    1.436e+24    7.919e-03      18.89s       49        
364  6.443e+01    2.247e+305   3.588e-01      1.340e+02    1.436e+24    7.919e-03      19.22s       47        
365  6.274e+01    2.247e+305   9.636e-01      1.340e+02    1.436e+24    7.919e-03      15.38s       46        
366  6.271e+01    2.959e+135   1.158e+02      1.340e+02    1.436e+24    7.919e-03      15.25s       48        
367  6.562e+01    1.755e+144   3.543e-01      1.340e+02    1.436e+24    7.919e-03      13.54s       48        
368  6.121e+01    6.899e+154   3.288e-01      1.340e+02    1.436e+24    7.919e-03      10.16s       48        
369  6.122e+01    3.389e+139   8.208e+01      1.340e+02    1.436e+24    7.919e-03      9.29s        48        
370  6.295e+01    4.756e+218   6.792e-01      1.340e+02    1.436e+24    7.919e-03      6.80s        49        
371  6.164e+01    3.991e+166   4.078e-01      1.340e+02    1.436e+24    7.919e-03      5.92s        49        
372  6.327e+01    2.338e+90    3.797e-01      1.340e+02    1.436e+24    7.919e-03      3.48s        49        
373  6.002e+01    1.284e+287   3.377e-01      1.340e+02    1.436e+24    7.919e-03      1.91s        49        
374  6.265e+01    5.359e+229   4.992e-01      1.340e+02    1.436e+24    7.919e-03      0.00s        50        
375  6.460e+01    6.737e+190   5.567e-01      1.340e+02    1.436e+24    7.919e-03      42.51s       50        
376  6.367e+01    1.959e+97    1.420e+00      1.340e+02    1.436e+24    7.919e-03      39.70s       50        
377  6.482e+01    3.394e+241   3.788e-01      1.340e+02    1.436e+24    7.919e-03      42.72s       50        
378  6.332e+01    9.408e+103   4.519e-01      1.340e+02    1.436e+24    7.919e-03      37.21s       50        
379  6.262e+01    1.940e+152   5.262e-01      1.340e+02    1.436e+24    7.919e-03      38.73s       50        
380  6.436e+01    2.247e+305   3.667e-01      1.340e+02    1.436e+24    7.919e-03      33.31s       50        
381  6.432e+01    3.376e+235   4.764e-01      1.340e+02    1.436e+24    7.919e-03      34.85s       51        
382  6.472e+01    2.247e+305   3.753e-01      1.340e+02    1.436e+24    7.919e-03      28.78s       50        
383  6.232e+01    1.445e+165   4.755e-01      1.340e+02    1.436e+24    7.919e-03      30.72s       50        
384  6.199e+01    1.336e+143   3.243e-01      1.340e+02    1.436e+24    7.919e-03      25.02s       50        
385  6.319e+01    2.247e+305   3.716e-01      1.340e+02    1.436e+24    7.919e-03      23.73s       50        
386  6.380e+01    2.247e+305   4.830e-01      1.340e+02    1.436e+24    7.919e-03      22.39s       51        
387  6.184e+01    5.950e+121   3.698e-01      1.340e+02    1.436e+24    7.919e-03      20.69s       51        
388  6.370e+01    1.424e+109   3.974e-01      1.340e+02    1.436e+24    7.919e-03      18.63s       51        
389  6.198e+01    1.096e+131   1.075e+00      1.340e+02    1.436e+24    7.919e-03      17.01s       51        
390  6.339e+01    1.264e+106   3.387e-01      1.340e+02    1.436e+24    7.918e-03      15.33s       51        
391  6.511e+01    2.868e+105   4.467e-01      1.340e+02    1.436e+24    7.918e-03      15.21s       52        
392  6.498e+01    4.249e+137   4.786e-01      1.340e+02    1.436e+24    7.918e-03      12.13s       51        
393  6.066e+01    3.047e+150   3.695e-01      1.340e+02    1.436e+24    7.918e-03      10.29s       50        
394  6.283e+01    3.745e+266   5.548e-01      1.340e+02    1.436e+24    7.918e-03      9.50s        50        
395  6.192e+01    7.084e+125   3.430e-01      1.340e+02    1.436e+24    7.918e-03      6.82s        50        
396  6.004e+01    2.247e+305   4.018e-01      1.340e+02    1.436e+24    7.918e-03      5.58s        51        
397  5.906e+01    9.736e+114   4.201e-01      1.340e+02    1.436e+24    7.918e-03      3.25s        51        
398  6.409e+01    1.122e+110   3.837e-01      1.340e+02    1.436e+24    7.918e-03      1.90s        51        
399  6.017e+01    1.902e+183   6.242e-01      1.380e+02    8.643e+25    7.910e-03      0.00s        52        
400  6.368e+01    4.532e+277   4.512e-01      1.380e+02    8.643e+25    7.910e-03      45.56s       51        
401  5.993e+01    4.996e+194   3.976e-01      1.380e+02    8.643e+25    7.910e-03      39.23s       51        
402  6.120e+01    2.247e+305   3.450e-01      1.380e+02    8.643e+25    7.910e-03      42.36s       52        
403  6.407e+01    2.247e+305   4.827e-01      1.500e+02    7.830e+34    7.907e-03      37.06s       52        
404  6.435e+01    inf          4.711e-01      1.500e+02    7.830e+34    7.907e-03      39.51s       52        
405  6.514e+01    8.793e+119   7.906e-01      1.500e+02    7.830e+34    7.907e-03      33.24s       52        
406  6.654e+01    2.380e+224   4.234e-01      1.380e+02    2.062e+25    7.907e-03      36.50s       52        
407  6.927e+01    2.247e+305   3.399e-01      1.380e+02    2.062e+25    7.907e-03      30.90s       52        
408  6.394e+01    6.571e+172   3.329e-01      1.380e+02    2.062e+25    7.907e-03      28.07s       52        
409  6.626e+01    2.247e+305   3.989e-01      1.380e+02    2.062e+25    7.907e-03      26.39s       52        
410  6.736e+01    1.113e+258   4.947e-01      1.380e+02    2.062e+25    7.907e-03      27.89s       52        
411  6.660e+01    2.247e+305   6.235e-01      1.380e+02    2.062e+25    7.907e-03      23.88s       52        
412  6.591e+01    2.247e+305   3.506e-01      1.350e+02    3.748e+25    7.904e-03      24.25s       51        
413  6.455e+01    2.247e+305   2.134e+01      1.350e+02    3.748e+25    7.904e-03      19.25s       52        
414  6.576e+01    3.061e+233   5.779e-01      1.350e+02    3.748e+25    7.904e-03      17.16s       53        
415  6.634e+01    4.305e+156   4.458e-01      1.350e+02    3.748e+25    7.904e-03      17.33s       53        
416  6.780e+01    2.156e+201   8.762e+00      1.350e+02    3.748e+25    7.904e-03      14.30s       53        
417  6.336e+01    1.784e+206   6.791e-01      1.350e+02    3.748e+25    7.904e-03      13.90s       53        
418  6.545e+01    2.247e+305   3.905e-01      1.350e+02    3.748e+25    7.904e-03      10.57s       53        
419  6.327e+01    1.087e+126   8.081e-01      1.350e+02    3.748e+25    7.904e-03      9.99s        54        
420  6.501e+01    inf          3.571e-01      1.350e+02    3.748e+25    7.904e-03      6.99s        54        
421  6.533e+01    1.521e+131   4.284e-01      1.350e+02    3.748e+25    7.904e-03      5.89s        54        
422  6.871e+01    8.300e+295   1.023e+00      1.350e+02    3.748e+25    7.904e-03      3.63s        55        
423  6.995e+01    1.322e+257   3.586e-01      1.350e+02    3.748e+25    7.904e-03      2.05s        56        
424  6.922e+01    2.016e+104   4.063e-01      1.350e+02    3.748e+25    7.904e-03      0.00s        56        
425  6.748e+01    1.255e+152   4.053e+02      1.350e+02    3.748e+25    7.904e-03      49.09s       56        
426  7.060e+01    2.247e+305   6.528e-01      1.350e+02    3.748e+25    7.904e-03      43.50s       56        
427  7.093e+01    inf          4.061e-01      1.350e+02    3.748e+25    7.904e-03      47.25s       56        
428  7.026e+01    inf          3.311e-01      1.350e+02    3.748e+25    7.904e-03      39.00s       56        
429  6.881e+01    9.468e+198   3.563e-01      1.350e+02    3.748e+25    7.904e-03      42.68s       56        
430  6.925e+01    1.340e+161   4.278e-01      1.350e+02    3.748e+25    7.904e-03      35.49s       57        
431  6.915e+01    2.135e+151   1.080e+00      1.350e+02    3.748e+25    7.904e-03      37.35s       57        
432  7.029e+01    2.128e+165   3.294e-01      1.350e+02    3.748e+25    7.904e-03      31.05s       58        
433  7.379e+01    1.463e+165   3.906e-01      1.350e+02    3.748e+25    7.904e-03      34.47s       57        
434  7.266e+01    2.247e+305   3.226e-01      1.350e+02    3.748e+25    7.904e-03      32.09s       57        
435  7.106e+01    2.252e+179   5.044e-01      1.350e+02    3.748e+25    7.904e-03      26.90s       57        
436  6.872e+01    2.078e+234   4.473e-01      1.350e+02    3.748e+25    7.904e-03      28.17s       57        
437  7.053e+01    2.247e+305   5.163e-01      1.350e+02    3.748e+25    7.904e-03      23.24s       57        
438  6.928e+01    2.591e+246   3.641e-01      1.350e+02    3.748e+25    7.904e-03      23.31s       58        
439  6.762e+01    2.259e+125   3.922e-01      1.350e+02    3.748e+25    7.904e-03      18.61s       58        
440  6.669e+01    3.112e+134   4.114e-01      1.350e+02    3.748e+25    7.904e-03      18.98s       59        
441  7.168e+01    4.335e+195   3.278e-01      1.350e+02    3.748e+25    7.904e-03      15.34s       59        
442  7.235e+01    7.233e+187   4.554e-01      1.350e+02    3.748e+25    7.904e-03      14.99s       59        
443  7.222e+01    2.247e+305   3.692e-01      1.350e+02    3.748e+25    7.904e-03      11.53s       59        
444  7.122e+01    6.071e+123   7.205e-01      1.350e+02    3.748e+25    7.904e-03      10.77s       59        
445  7.214e+01    2.902e+177   2.775e-01      1.350e+02    3.748e+25    7.904e-03      7.70s        60        
446  7.230e+01    7.252e+186   3.826e-01      1.350e+02    3.748e+25    7.904e-03      6.59s        60        
447  7.007e+01    8.094e+175   3.861e-01      1.350e+02    3.748e+25    7.904e-03      4.30s        60        
448  7.038e+01    2.247e+305   3.193e-01      1.350e+02    3.748e+25    7.904e-03      1.90s        60        
449  6.943e+01    2.916e+230   6.782e-01      1.350e+02    3.748e+25    7.904e-03      0.00s        60        
450  7.267e+01    inf          2.179e+00      1.350e+02    3.748e+25    7.904e-03      47.71s       60        
451  6.835e+01    2.247e+305   6.251e+00      1.350e+02    3.748e+25    7.904e-03      50.95s       60        
452  6.989e+01    inf          2.867e-01      1.350e+02    3.748e+25    7.904e-03      43.56s       60        
453  7.112e+01    4.843e+213   8.337e-01      1.350e+02    3.748e+25    7.904e-03      46.25s       60        
454  7.031e+01    2.898e+147   3.008e-01      1.350e+02    3.748e+25    7.904e-03      38.66s       60        
455  7.381e+01    4.119e+282   3.497e-01      1.350e+02    3.748e+25    7.904e-03      41.18s       60        
456  7.213e+01    1.397e+219   3.513e-01      1.350e+02    3.748e+25    7.904e-03      35.64s       60        
457  6.950e+01    7.302e+274   1.130e+00      1.350e+02    3.748e+25    7.904e-03      37.14s       60        
458  6.947e+01    4.196e+228   2.981e-01      1.350e+02    3.748e+25    7.904e-03      30.65s       60        
459  6.910e+01    2.247e+305   4.419e+00      1.350e+02    3.748e+25    7.904e-03      32.64s       60        
460  7.389e+01    7.031e+221   2.964e-01      1.350e+02    3.748e+25    7.904e-03      30.31s       60        
461  6.901e+01    3.656e+164   2.885e-01      1.350e+02    3.748e+25    7.904e-03      24.93s       60        
462  6.926e+01    8.729e+169   4.981e-01      1.350e+02    3.748e+25    7.904e-03      26.63s       60        
463  7.206e+01    2.984e+158   2.872e-01      1.350e+02    3.748e+25    7.904e-03      21.46s       60        
464  6.929e+01    8.843e+245   3.464e-01      1.350e+02    3.748e+25    7.904e-03      22.64s       60        
465  6.445e+01    2.247e+305   3.895e-01      1.350e+02    3.748e+25    7.904e-03      17.46s       60        
466  6.883e+01    6.333e+224   4.158e-01      1.350e+02    3.748e+25    7.904e-03      17.45s       60        
467  6.635e+01    2.247e+305   3.467e-01      1.350e+02    3.748e+25    7.904e-03      14.21s       60        
468  6.796e+01    2.247e+305   3.291e-01      1.350e+02    3.748e+25    7.904e-03      12.61s       60        
469  6.964e+01    4.005e+179   3.841e-01      1.350e+02    3.748e+25    7.904e-03      9.41s        60        
470  7.004e+01    1.771e+169   4.333e-01      1.350e+02    3.748e+25    7.904e-03      8.62s        61        
471  7.010e+01    2.247e+305   3.344e-01      1.350e+02    3.748e+25    7.904e-03      5.66s        59        
472  6.976e+01    8.467e+260   3.220e-01      1.350e+02    3.748e+25    7.904e-03      4.33s        60        
473  6.432e+01    2.601e+179   6.476e+01      1.350e+02    3.748e+25    7.904e-03      1.85s        60        
474  6.792e+01    2.601e+179   3.938e-01      1.350e+02    3.748e+25    7.904e-03      0.00s        60        
475  6.814e+01    1.290e+163   3.622e-01      1.350e+02    3.748e+25    7.904e-03      44.72s       60        
476  6.732e+01    2.398e+187   3.038e-01      1.350e+02    3.748e+25    7.904e-03      47.74s       60        
477  6.900e+01    3.534e+200   3.822e-01      1.350e+02    3.748e+25    7.904e-03      41.38s       60        
478  6.798e+01    1.740e+169   3.111e-01      1.350e+02    3.748e+25    7.904e-03      45.66s       60        
479  6.606e+01    1.870e+178   4.257e-01      1.350e+02    3.748e+25    7.904e-03      38.66s       60        
480  6.682e+01    1.898e+156   3.709e-01      1.350e+02    3.748e+25    7.904e-03      40.81s       60        
481  6.623e+01    2.247e+305   5.134e-01      1.350e+02    3.748e+25    7.904e-03      34.53s       60        
482  6.752e+01    3.339e+137   3.186e-01      1.350e+02    3.748e+25    7.904e-03      36.75s       60        
483  6.949e+01    2.826e+225   3.119e-01      1.350e+02    3.748e+25    7.904e-03      30.29s       60        
484  6.619e+01    2.598e+160   4.159e-01      1.350e+02    3.748e+25    7.904e-03      32.78s       60        
485  6.838e+01    9.469e+110   2.978e-01      1.350e+02    3.748e+25    7.904e-03      26.84s       60        
486  6.748e+01    1.026e+225   3.095e-01      1.540e+02    1.103e+30    7.898e-03      28.14s       61        
487  6.892e+01    2.247e+305   3.959e-01      1.540e+02    1.103e+30    7.898e-03      22.73s       61        
488  6.941e+01    2.741e+143   3.777e-01      1.540e+02    1.103e+30    7.898e-03      23.96s       61        
489  6.756e+01    6.925e+121   3.317e-01      1.540e+02    1.103e+30    7.898e-03      19.16s       61        
490  6.933e+01    4.509e+213   4.191e+01      1.540e+02    1.103e+30    7.898e-03      19.06s       61        
491  7.081e+01    inf          7.134e-01      1.350e+02    1.406e+23    7.871e-03      15.62s       59        
492  6.822e+01    7.152e+186   5.561e+01      1.410e+02    1.177e+37    7.860e-03      14.98s       60        
493  6.475e+01    6.205e+165   1.806e+00      1.400e+02    3.095e+31    7.851e-03      11.22s       60        
494  6.981e+01    6.598e+232   3.594e-01      1.400e+02    3.095e+31    7.851e-03      10.71s       60        
495  6.857e+01    1.777e+184   4.508e+00      1.400e+02    3.095e+31    7.851e-03      7.31s        61        
496  6.984e+01    1.515e+145   3.472e-01      1.400e+02    3.095e+31    7.851e-03      6.33s        59        
497  6.452e+01    2.247e+305   3.526e-01      1.240e+02    7.003e+19    7.837e-03      3.74s        54        
498  6.260e+01    8.308e+85    4.267e-01      1.240e+02    7.003e+19    7.837e-03      2.12s        53        
499  5.749e+01    1.052e+87    8.254e-01      1.240e+02    7.003e+19    7.837e-03      0.00s        54        





Time: 0h:11m:35s
####   Data for the best program   ####
Best Program: sub(cos(cos(div(sub(cos(sin(X0)), sub(sin(X0), sin(add(X1, add(X1, cos(sin(1.382))))))), add(mul(X0, cos(div(sub(sub(sub(cos(X0), mul(X0, X0)), sub(X0, sin(sub(cos(div(sub(cos(cos(div(sub(mul(X0, X0), sub(div(sub(cos(sin(X0)), sub(sin(X0), sin(add(X1, sin(X0))))), add(sin(X0), 1.298)), sub(mul(X0, X0), cos(X0)))), add(mul(X0, sub(X0, sin(X0))), 1.298)))), sub(X0, sin(mul(1.606, sin(mul(1.606, sin(sin(sin(mul(1.606, add(X1, X1))))))))))), cos(X0))), sub(X0, sin(mul(1.715, mul(1.475, X0)))))))), sub(mul(X0, mul(X0, X0)), cos(X0))), 1.606))), 1.298)))), sub(mul(X0, X0), sin(mul(1.606, add(X1, X1)))))
Best Program Complexity: 124
Raw Fitness: 0.007836870317269139
Penalized Fitness: 0.007836870317269139
Estimator		Train-rmse: 0.007836870317269139	Test-rmse: 0.007564339645538537	Test-R^2: 0.9998089602988562

{'complexity': 'length', 'const_range': (1e-10, 2.0), 'elitism_size': 0, 'function_set': ('add', 'sub', 'div', 'mul', 'sin', 'cos'), 'generations': 500, 'init_depth': (3, 6), 'init_method': 'half and half', 'low_memory': True, 'max_samples': 1.0, 'metric': 'rmse', 'n_jobs': 2, 'p_crossover': 0.9, 'p_hoist_mutation': 0.0, 'p_point_mutation': 0.04999999999999999, 'p_point_replace': 0.05, 'p_subtree_mutation': 0.04999999999999999, 'paretogp': True, 'paretogp_lengths': (5, 160), 'parsimony_coefficient': 0.0, 'population_size': 800, 'random_state': 1130123167, 'selection': 'tournament', 'stopping_criteria': 1e-10, 'tournament_size': 11, 'verbose': 1, 'warm_start': True}
