    |          Population Average          |           Best Individual            |
---- -------------------------------------- -------------------------------------- ----------
Gen  Length       Kommenda     Fitness        Length       Kommenda     Fitness        Time Left    Front Size
0    2.318e+01    1.822e+09    8.216e+05      3.800e+01    3.980e+02    4.751e-01      8.62s        0         
1    1.273e+01    4.141e+14    1.385e+02      1.100e+01    1.583e+01    4.257e-01      16.23s       0         
2    1.127e+01    1.815e+06    1.607e+02      2.600e+01    2.347e+02    3.946e-01      16.92s       0         
3    1.542e+01    3.413e+04    6.504e+01      2.500e+01    2.116e+03    3.530e-01      16.69s       0         
4    1.803e+01    6.327e+10    7.055e+03      3.900e+01    6.037e+02    3.291e-01      16.67s       0         
5    1.555e+01    6.608e+08    8.193e+01      3.900e+01    6.037e+02    3.291e-01      16.11s       0         
6    1.370e+01    4.806e+04    2.372e+00      1.500e+01    4.442e+02    2.484e-01      18.17s       0         
7    1.356e+01    1.146e+06    8.153e+00      1.500e+01    4.442e+02    2.484e-01      14.12s       0         
8    1.385e+01    2.463e+04    3.068e+00      2.000e+01    1.773e+03    1.435e-01      13.21s       0         
9    1.443e+01    1.215e+04    3.927e+00      2.000e+01    1.773e+03    1.435e-01      12.62s       0         
10   1.725e+01    1.704e+07    7.744e+01      2.900e+01    5.886e+04    1.322e-01      12.44s       0         
11   2.028e+01    2.401e+07    1.115e+01      1.600e+01    4.099e+01    9.612e-02      12.03s       0         
12   2.205e+01    2.503e+08    8.101e+00      1.600e+01    4.099e+01    9.612e-02      13.25s       0         
13   2.275e+01    9.884e+07    6.373e+01      1.600e+01    4.099e+01    9.612e-02      10.59s       0         
14   2.409e+01    5.013e+08    1.853e+03      1.600e+01    4.099e+01    9.612e-02      9.99s        0         
15   2.405e+01    2.098e+10    5.569e+00      1.600e+01    4.099e+01    9.612e-02      9.08s        0         
16   2.411e+01    1.195e+20    8.194e+00      1.600e+01    4.099e+01    9.612e-02      8.16s        0         
17   2.433e+01    1.001e+16    2.680e+00      1.600e+01    4.099e+01    9.612e-02      8.52s        0         
18   2.496e+01    4.853e+14    2.581e+00      1.600e+01    4.099e+01    7.903e-02      6.42s        0         
19   2.487e+01    7.355e+21    1.211e+02      1.600e+01    4.099e+01    7.903e-02      5.55s        0         
20   2.526e+01    1.365e+22    7.024e+02      1.600e+01    4.099e+01    7.903e-02      4.67s        0         
21   2.357e+01    2.648e+17    1.088e+01      1.600e+01    4.099e+01    7.903e-02      3.93s        0         
22   2.319e+01    4.556e+17    8.886e+00      1.300e+01    2.799e+01    6.020e-02      2.15s        0         
23   2.229e+01    5.990e+28    2.594e+00      1.300e+01    2.799e+01    6.020e-02      1.06s        0         
24   1.991e+01    6.696e+18    1.274e+00      1.300e+01    2.799e+01    4.965e-02      0.00s        0         
25   1.835e+01    4.095e+18    1.869e+01      1.300e+01    2.799e+01    4.410e-02      27.61s       0         
26   1.726e+01    4.961e+13    8.999e-01      1.300e+01    2.799e+01    4.409e-02      22.57s       0         
27   1.709e+01    4.573e+13    5.388e+02      1.300e+01    2.799e+01    4.409e-02      20.45s       0         
28   1.631e+01    2.190e+13    5.928e+01      1.300e+01    2.799e+01    4.154e-02      19.26s       0         
29   1.619e+01    3.615e+16    1.901e+00      1.300e+01    2.799e+01    4.154e-02      18.42s       0         
30   1.661e+01    1.418e+13    5.243e+01      1.300e+01    2.799e+01    4.154e-02      20.48s       0         
31   1.527e+01    5.362e+11    1.144e+00      1.300e+01    2.799e+01    2.716e-02      16.51s       0         
32   1.516e+01    7.497e+11    7.149e+00      1.300e+01    2.799e+01    2.716e-02      15.31s       0         
33   1.544e+01    3.563e+30    2.078e+00      1.300e+01    2.799e+01    2.697e-02      14.39s       0         
34   1.477e+01    7.935e+12    1.058e+00      1.300e+01    2.799e+01    2.697e-02      16.07s       0         
35   1.442e+01    2.805e+11    5.485e+00      1.300e+01    2.799e+01    2.697e-02      12.48s       0         
36   1.403e+01    2.942e+08    9.332e+01      1.300e+01    2.799e+01    2.697e-02      11.54s       0         
37   1.377e+01    4.989e+06    1.168e+00      1.300e+01    2.799e+01    2.697e-02      10.38s       0         
38   1.340e+01    1.062e+03    3.154e+02      1.300e+01    2.799e+01    2.697e-02      9.45s        0         
39   1.334e+01    6.644e+03    1.017e+00      1.300e+01    2.799e+01    2.697e-02      8.42s        0         
40   1.310e+01    4.885e+03    2.291e+00      1.300e+01    2.799e+01    2.697e-02      9.21s        0         
41   1.331e+01    4.140e+03    1.013e+00      1.300e+01    2.799e+01    2.697e-02      6.82s        0         
42   1.344e+01    1.269e+06    8.838e-01      1.300e+01    2.799e+01    2.697e-02      5.98s        0         
43   1.372e+01    3.173e+06    6.311e+01      1.300e+01    2.799e+01    2.697e-02      5.22s        0         
44   1.354e+01    3.283e+06    1.331e+01      1.300e+01    2.799e+01    2.697e-02      4.45s        0         
45   1.345e+01    5.248e+02    2.008e+01      1.300e+01    2.799e+01    2.697e-02      4.06s        0         
46   1.387e+01    4.335e+04    1.377e+00      1.300e+01    2.799e+01    2.697e-02      2.54s        0         
47   1.308e+01    2.826e+05    1.134e+00      1.300e+01    2.799e+01    2.697e-02      1.71s        0         
48   1.315e+01    1.155e+04    9.674e-01      1.300e+01    2.799e+01    2.697e-02      0.87s        0         
49   1.380e+01    3.359e+04    1.416e+00      1.300e+01    2.799e+01    2.697e-02      0.00s        0         
50   1.323e+01    4.033e+04    9.182e-01      1.300e+01    2.799e+01    2.697e-02      24.81s       0         
51   1.360e+01    1.132e+05    1.004e+00      1.300e+01    2.799e+01    2.697e-02      20.61s       0         
52   1.349e+01    1.461e+05    2.738e+00      1.300e+01    2.799e+01    2.697e-02      19.12s       0         
53   1.362e+01    3.087e+05    9.467e-01      1.300e+01    2.799e+01    2.560e-02      18.09s       0         
54   1.330e+01    5.468e+04    8.978e-01      1.300e+01    2.799e+01    2.560e-02      17.23s       0         
55   1.361e+01    5.437e+04    2.722e+01      1.300e+01    2.799e+01    2.560e-02      19.81s       0         
56   1.353e+01    1.022e+03    1.869e+02      1.300e+01    2.799e+01    2.560e-02      16.10s       0         
57   1.323e+01    4.755e+04    7.673e-01      1.300e+01    2.799e+01    2.560e-02      14.71s       0         
58   1.340e+01    4.368e+03    9.036e-01      1.300e+01    2.799e+01    2.560e-02      13.99s       0         
59   1.344e+01    1.282e+04    5.607e+02      1.300e+01    2.799e+01    2.560e-02      13.14s       0         
60   1.364e+01    4.366e+03    8.064e+00      1.300e+01    2.799e+01    2.560e-02      14.46s       0         
61   1.337e+01    4.360e+03    3.340e+00      1.300e+01    2.799e+01    2.560e-02      11.07s       0         
62   1.320e+01    4.234e+02    1.987e+00      1.300e+01    2.799e+01    2.560e-02      10.10s       0         
63   1.319e+01    5.249e+03    9.956e-01      1.300e+01    2.799e+01    2.560e-02      9.36s        0         
64   1.307e+01    2.662e+04    8.102e-01      1.300e+01    2.799e+01    2.560e-02      8.48s        0         
65   1.360e+01    9.969e+02    2.372e+02      1.300e+01    2.799e+01    2.560e-02      7.79s        0         
66   1.313e+01    9.270e+07    5.397e+02      1.300e+01    2.799e+01    2.560e-02      8.21s        0         
67   1.316e+01    1.442e+04    3.258e+00      1.300e+01    2.799e+01    2.560e-02      6.20s        0         
68   1.372e+01    6.565e+04    7.362e+01      1.300e+01    2.799e+01    2.560e-02      5.20s        0         
69   1.318e+01    2.285e+05    3.872e+01      1.300e+01    2.799e+01    2.560e-02      4.49s        0         
70   1.326e+01    2.747e+03    9.639e-01      1.300e+01    2.799e+01    2.560e-02      3.51s        0         
71   1.335e+01    5.528e+05    2.259e+00      1.300e+01    2.799e+01    2.560e-02      3.08s        0         
72   1.332e+01    1.606e+03    9.684e-01      1.300e+01    2.799e+01    2.560e-02      1.73s        0         
73   1.290e+01    1.829e+03    1.038e+00      1.300e+01    2.799e+01    2.560e-02      0.87s        0         
74   1.339e+01    1.593e+05    8.761e-01      1.300e+01    2.799e+01    2.560e-02      0.00s        0         
75   1.332e+01    3.825e+06    9.375e+04      1.300e+01    2.799e+01    2.560e-02      20.99s       0         
76   1.334e+01    1.145e+05    1.826e+00      1.300e+01    2.799e+01    2.560e-02      23.86s       0         
77   1.296e+01    5.326e+02    5.735e+00      1.300e+01    2.799e+01    2.560e-02      19.60s       0         
78   1.346e+01    9.015e+02    3.748e+04      1.300e+01    2.799e+01    2.560e-02      17.99s       0         
79   1.317e+01    7.861e+03    2.316e+00      1.300e+01    2.799e+01    2.560e-02      17.36s       0         
80   1.364e+01    2.830e+03    1.744e+00      1.300e+01    2.799e+01    2.560e-02      16.98s       0         
81   1.350e+01    2.764e+03    7.729e+05      1.300e+01    3.173e+01    2.525e-02      19.25s       0         
82   1.334e+01    4.102e+03    1.069e+00      1.300e+01    3.173e+01    2.525e-02      14.94s       0         
83   1.382e+01    5.418e+04    1.165e+00      1.300e+01    3.173e+01    2.525e-02      13.86s       0         
84   1.319e+01    1.614e+03    1.023e+00      1.300e+01    3.173e+01    2.525e-02      13.35s       0         
85   1.327e+01    4.488e+03    8.832e-01      1.300e+01    3.173e+01    2.525e-02      12.25s       0         
86   1.331e+01    3.049e+03    1.004e+00      1.300e+01    3.173e+01    2.525e-02      13.51s       0         
87   1.353e+01    5.160e+02    4.133e+00      1.500e+01    3.579e+01    2.103e-02      10.53s       0         
88   1.330e+01    5.618e+02    9.266e-01      1.500e+01    3.579e+01    2.103e-02      9.23s        0         
89   1.360e+01    4.432e+03    9.394e+00      1.500e+01    3.579e+01    2.103e-02      8.60s        0         
90   1.362e+01    5.933e+06    3.037e+00      1.500e+01    3.579e+01    2.103e-02      7.66s        0         
91   1.377e+01    8.372e+02    1.778e+00      1.500e+01    3.579e+01    2.103e-02      8.11s        0         
92   1.433e+01    1.801e+06    2.199e+03      1.500e+01    3.579e+01    2.103e-02      6.20s        0         
93   1.411e+01    3.435e+03    1.001e+02      1.500e+01    3.579e+01    1.998e-02      5.24s        0         
94   1.507e+01    5.294e+03    1.140e+00      1.500e+01    3.579e+01    1.998e-02      4.35s        0         
95   1.500e+01    1.533e+03    8.078e+01      1.500e+01    3.579e+01    1.998e-02      3.47s        0         
96   1.526e+01    4.570e+03    1.530e+00      1.500e+01    3.579e+01    1.998e-02      3.16s        0         
97   1.539e+01    1.728e+04    1.014e+00      1.500e+01    3.579e+01    1.998e-02      1.82s        0         
98   1.530e+01    1.575e+04    7.024e+00      1.500e+01    3.579e+01    1.998e-02      0.88s        0         
99   1.520e+01    8.366e+02    8.309e-01      1.500e+01    3.579e+01    1.998e-02      0.00s        0         
100  1.499e+01    3.824e+05    9.592e-01      1.700e+01    5.433e+01    1.715e-02      21.51s       0         
101  1.519e+01    3.037e+03    3.802e+01      1.700e+01    5.433e+01    1.715e-02      23.71s       0         
102  1.538e+01    2.252e+07    3.527e+00      1.700e+01    5.433e+01    1.715e-02      19.22s       0         
103  1.539e+01    9.899e+02    2.180e+00      1.700e+01    5.433e+01    1.715e-02      18.59s       0         
104  1.577e+01    7.300e+02    7.217e+00      1.700e+01    5.433e+01    1.715e-02      17.40s       0         
105  1.646e+01    2.416e+03    2.076e+00      1.700e+01    5.433e+01    1.715e-02      16.61s       0         
106  1.677e+01    8.012e+02    9.637e-01      1.700e+01    5.433e+01    1.715e-02      16.06s       0         
107  1.716e+01    1.847e+03    1.207e+01      1.700e+01    5.433e+01    1.715e-02      18.19s       0         
108  1.736e+01    1.269e+03    1.339e+00      1.700e+01    5.433e+01    1.715e-02      14.29s       0         
109  1.719e+01    7.821e+03    9.870e-01      1.700e+01    5.433e+01    1.689e-02      13.31s       0         
110  1.698e+01    3.908e+04    8.420e-01      1.700e+01    5.433e+01    1.689e-02      12.81s       0         
111  1.721e+01    7.732e+04    7.310e-01      1.700e+01    5.433e+01    1.689e-02      11.83s       0         
112  1.686e+01    1.312e+06    1.017e+00      1.700e+01    5.433e+01    1.689e-02      12.64s       0         
113  1.689e+01    1.548e+04    1.673e+00      1.700e+01    5.433e+01    1.689e-02      10.21s       0         
114  1.635e+01    1.075e+04    1.051e+00      1.700e+01    5.433e+01    1.689e-02      9.09s        0         
115  1.587e+01    7.105e+06    1.258e+00      1.700e+01    5.433e+01    1.715e-02      7.99s        0         
116  1.528e+01    6.490e+03    7.810e-01      1.700e+01    5.433e+01    1.715e-02      8.29s        0         
117  1.502e+01    6.963e+03    8.438e+00      1.700e+01    5.433e+01    1.715e-02      6.15s        0         
118  1.529e+01    4.974e+05    8.649e-01      1.500e+01    3.579e+01    1.749e-02      5.33s        0         
119  1.523e+01    1.890e+03    9.361e-01      1.500e+01    3.579e+01    1.749e-02      4.44s        0         
120  1.553e+01    6.166e+07    3.808e+01      1.500e+01    3.579e+01    1.749e-02      3.55s        0         
121  1.543e+01    1.258e+04    9.626e-01      1.500e+01    3.579e+01    1.749e-02      3.20s        0         
122  1.572e+01    7.859e+02    3.238e+01      1.500e+01    3.579e+01    1.749e-02      1.75s        0         
123  1.594e+01    2.245e+06    3.572e+01      1.500e+01    3.579e+01    1.749e-02      0.89s        0         
124  1.550e+01    2.141e+02    9.289e-01      1.500e+01    3.579e+01    1.749e-02      0.00s        0         
125  1.539e+01    4.114e+06    2.186e+02      1.500e+01    3.579e+01    1.749e-02      21.86s       0         
126  1.550e+01    5.858e+03    9.070e+00      1.500e+01    3.579e+01    1.749e-02      25.15s       0         
127  1.553e+01    1.449e+04    2.453e+00      1.500e+01    3.579e+01    1.749e-02      20.04s       0         
128  1.554e+01    3.242e+06    1.402e+00      1.500e+01    3.579e+01    1.749e-02      19.43s       0         
129  1.540e+01    3.396e+03    1.138e+00      1.500e+01    3.579e+01    1.749e-02      17.89s       0         
130  1.569e+01    1.860e+03    7.123e-01      1.500e+01    3.579e+01    1.749e-02      17.34s       0         
131  1.512e+01    2.548e+02    6.808e-01      1.500e+01    3.579e+01    1.749e-02      19.31s       0         
132  1.565e+01    2.658e+10    1.379e+00      1.500e+01    3.579e+01    1.749e-02      15.98s       0         
133  1.527e+01    4.584e+05    4.514e+00      1.500e+01    3.579e+01    1.749e-02      14.62s       0         
134  1.519e+01    1.063e+04    7.448e-01      1.600e+01    3.579e+01    1.731e-02      13.63s       0         
135  1.516e+01    3.003e+02    5.437e+01      1.500e+01    3.579e+01    1.749e-02      12.61s       0         
136  1.539e+01    1.900e+07    2.230e+00      1.500e+01    3.579e+01    1.749e-02      13.94s       0         
137  1.517e+01    3.476e+02    8.960e-01      1.500e+01    3.579e+01    1.749e-02      10.54s       0         
138  1.502e+01    4.351e+05    1.334e+00      1.500e+01    3.579e+01    1.741e-02      9.74s        0         
139  1.503e+01    6.258e+02    1.300e+00      1.500e+01    3.579e+01    1.741e-02      9.01s        0         
140  1.542e+01    5.838e+03    8.918e-01      1.500e+01    3.579e+01    1.741e-02      7.95s        0         
141  1.505e+01    2.736e+02    1.019e+00      1.500e+01    3.579e+01    1.741e-02      8.38s        0         
142  1.540e+01    4.169e+03    6.520e+01      1.500e+01    3.579e+01    1.741e-02      6.24s        0         
143  1.578e+01    6.998e+02    3.034e+00      1.500e+01    3.579e+01    1.741e-02      5.40s        0         
144  1.549e+01    1.195e+04    1.747e+00      1.500e+01    3.579e+01    1.741e-02      4.41s        0         
145  1.529e+01    9.446e+03    8.549e-01      1.500e+01    3.579e+01    1.741e-02      3.46s        0         
146  1.496e+01    8.467e+04    7.817e+01      1.500e+01    3.579e+01    1.741e-02      3.17s        0         
147  1.518e+01    1.936e+03    5.166e+00      1.500e+01    3.579e+01    1.741e-02      1.75s        0         
148  1.551e+01    1.392e+03    2.640e+00      1.500e+01    3.579e+01    1.741e-02      0.86s        0         
149  1.512e+01    7.065e+03    9.122e-01      1.500e+01    3.579e+01    1.741e-02      0.00s        0         
150  1.528e+01    4.350e+03    7.715e-01      1.500e+01    3.579e+01    1.741e-02      21.05s       0         
151  1.560e+01    9.140e+03    1.670e+00      1.500e+01    3.579e+01    1.741e-02      24.14s       0         
152  1.570e+01    2.152e+04    4.198e+00      1.500e+01    3.579e+01    1.741e-02      19.83s       0         
153  1.574e+01    9.164e+04    2.675e+00      1.500e+01    3.579e+01    1.741e-02      18.84s       0         
154  1.548e+01    2.265e+03    5.718e+00      1.500e+01    3.579e+01    1.741e-02      17.81s       0         
155  1.563e+01    8.367e+05    9.706e-01      1.500e+01    3.579e+01    1.741e-02      16.66s       0         
156  1.563e+01    1.437e+05    9.168e-01      1.500e+01    3.579e+01    1.741e-02      18.64s       0         
157  1.545e+01    5.001e+02    3.009e+00      1.500e+01    3.579e+01    1.741e-02      15.30s       0         
158  1.554e+01    1.456e+03    3.867e+01      1.500e+01    3.579e+01    1.741e-02      14.03s       0         
159  1.541e+01    3.146e+03    4.111e+00      1.500e+01    3.579e+01    1.741e-02      13.03s       0         
160  1.540e+01    7.047e+05    4.400e+00      1.500e+01    3.579e+01    1.741e-02      12.50s       0         
161  1.539e+01    1.447e+07    9.121e-01      1.500e+01    3.579e+01    1.741e-02      13.42s       0         
162  1.518e+01    3.121e+02    7.432e-01      1.500e+01    3.579e+01    1.741e-02      10.49s       0         
163  1.534e+01    2.737e+03    3.269e+00      1.500e+01    3.579e+01    1.741e-02      9.59s        0         
164  1.539e+01    2.717e+03    2.237e+00      1.500e+01    3.579e+01    1.741e-02      9.07s        0         
165  1.493e+01    2.564e+02    2.516e+01      1.500e+01    3.579e+01    1.741e-02      7.93s        0         
166  1.541e+01    1.567e+04    2.873e+01      1.500e+01    3.579e+01    1.741e-02      8.30s        0         
167  1.536e+01    1.406e+04    8.225e-01      1.500e+01    3.579e+01    1.741e-02      6.36s        0         
168  1.525e+01    6.692e+02    5.950e+00      1.500e+01    3.579e+01    1.741e-02      5.32s        0         
169  1.536e+01    1.660e+04    2.161e+00      1.500e+01    3.579e+01    1.741e-02      4.38s        0         
170  1.504e+01    1.778e+02    4.857e+00      1.500e+01    3.579e+01    1.741e-02      3.50s        0         
171  1.514e+01    1.842e+04    3.458e+01      1.500e+01    3.579e+01    1.741e-02      3.14s        0         
172  1.541e+01    1.308e+03    7.791e-01      1.500e+01    3.579e+01    1.741e-02      1.77s        0         
173  1.533e+01    1.842e+03    7.366e-01      1.500e+01    3.579e+01    1.741e-02      0.89s        0         
174  1.489e+01    1.682e+02    1.126e+00      1.500e+01    3.579e+01    1.741e-02      0.00s        0         
175  1.529e+01    4.104e+03    7.196e+03      1.500e+01    3.579e+01    1.741e-02      21.19s       0         
176  1.534e+01    4.071e+03    3.522e+00      1.500e+01    3.579e+01    1.741e-02      23.41s       0         
177  1.588e+01    7.841e+03    8.713e-01      1.500e+01    3.579e+01    1.741e-02      19.35s       0         
178  1.521e+01    1.623e+02    1.733e+00      1.500e+01    3.579e+01    1.741e-02      18.55s       0         
179  1.553e+01    2.053e+07    1.199e+00      1.500e+01    3.579e+01    1.741e-02      17.63s       0         
180  1.546e+01    3.308e+03    9.517e-01      1.500e+01    3.579e+01    1.741e-02      19.61s       0         
181  1.529e+01    4.899e+03    2.793e+00      1.500e+01    3.579e+01    1.741e-02      15.69s       0         
182  1.531e+01    2.855e+02    8.123e-01      1.500e+01    3.579e+01    1.741e-02      15.04s       0         
183  1.561e+01    2.725e+02    8.027e-01      1.500e+01    3.579e+01    1.741e-02      14.23s       0         
184  1.528e+01    3.324e+03    5.969e+00      1.500e+01    3.579e+01    1.741e-02      13.13s       0         
185  1.531e+01    8.692e+03    1.408e+01      1.500e+01    3.579e+01    1.741e-02      14.96s       0         
186  1.524e+01    5.087e+07    1.660e+00      1.500e+01    3.579e+01    1.741e-02      11.78s       0         
187  1.552e+01    6.283e+04    3.499e+00      1.500e+01    3.579e+01    1.741e-02      10.43s       0         
188  1.525e+01    6.533e+02    8.764e-01      1.500e+01    3.579e+01    1.741e-02      9.54s        0         
189  1.548e+01    1.015e+03    7.252e-01      1.500e+01    3.579e+01    1.741e-02      8.71s        0         
190  1.538e+01    9.702e+04    1.837e+01      1.500e+01    3.579e+01    1.741e-02      9.50s        0         
191  1.522e+01    1.518e+05    1.558e+00      1.500e+01    3.579e+01    1.741e-02      7.08s        0         
192  1.558e+01    3.458e+09    2.174e+02      1.500e+01    3.579e+01    1.741e-02      6.33s        0         
193  1.562e+01    1.349e+05    1.034e+01      1.500e+01    3.579e+01    1.741e-02      5.33s        0         
194  1.543e+01    2.140e+04    2.394e+00      1.500e+01    3.579e+01    1.741e-02      4.47s        0         
195  1.568e+01    3.348e+04    5.039e+00      1.500e+01    3.579e+01    1.741e-02      4.15s        0         
196  1.599e+01    3.984e+05    4.209e+00      1.500e+01    3.579e+01    1.741e-02      2.73s        0         
197  1.605e+01    4.203e+06    3.355e+01      1.500e+01    3.579e+01    1.741e-02      1.81s        0         
198  1.589e+01    2.875e+06    2.532e+01      1.500e+01    3.579e+01    1.741e-02      0.91s        0         
199  1.543e+01    1.196e+03    1.556e+00      1.500e+01    3.579e+01    1.741e-02      0.00s        0         
200  1.565e+01    4.342e+06    4.863e+00      1.500e+01    3.579e+01    1.741e-02      21.40s       0         
201  1.530e+01    2.303e+04    8.452e-01      1.500e+01    3.579e+01    1.741e-02      20.31s       0         
202  1.508e+01    3.108e+03    1.245e+00      1.500e+01    3.579e+01    1.741e-02      19.69s       0         
203  1.514e+01    2.379e+04    1.567e+02      1.500e+01    3.579e+01    1.741e-02      18.95s       0         
204  1.549e+01    1.114e+03    1.006e+00      1.500e+01    3.579e+01    1.741e-02      20.93s       0         
205  1.546e+01    1.425e+03    1.307e+00      1.500e+01    3.579e+01    1.741e-02      17.28s       0         
206  1.558e+01    6.570e+04    4.931e+00      1.500e+01    3.579e+01    1.741e-02      16.48s       0         
207  1.532e+01    1.871e+02    1.756e+00      1.500e+01    3.579e+01    1.741e-02      15.17s       0         
208  1.502e+01    1.572e+09    9.764e-01      1.500e+01    3.579e+01    1.741e-02      14.37s       0         
209  1.511e+01    1.215e+03    8.728e+00      1.500e+01    3.579e+01    1.741e-02      15.86s       0         
210  1.573e+01    2.163e+05    5.249e+02      1.500e+01    3.579e+01    1.741e-02      12.75s       0         
211  1.541e+01    1.808e+03    1.011e+00      1.500e+01    3.579e+01    1.741e-02      11.62s       0         
212  1.521e+01    5.474e+03    1.135e+01      1.500e+01    3.579e+01    1.741e-02      10.47s       0         
213  1.551e+01    1.626e+03    3.357e+01      1.500e+01    3.579e+01    1.741e-02      9.59s        0         
214  1.592e+01    2.449e+04    1.597e+00      1.500e+01    3.579e+01    1.741e-02      10.53s       0         
215  1.532e+01    2.161e+03    7.284e+02      1.500e+01    3.579e+01    1.741e-02      8.09s        0         
216  1.523e+01    6.550e+03    1.423e+01      1.500e+01    3.579e+01    1.741e-02      6.95s        0         
217  1.521e+01    2.771e+02    1.748e+00      1.500e+01    3.579e+01    1.741e-02      6.16s        0         
218  1.515e+01    4.621e+04    1.169e+00      1.500e+01    3.579e+01    1.741e-02      5.19s        0         
219  1.503e+01    1.595e+05    7.917e-01      1.500e+01    3.579e+01    1.741e-02      5.45s        0         
220  1.492e+01    8.977e+03    5.989e+00      1.500e+01    3.579e+01    1.741e-02      3.68s        0         
221  1.532e+01    3.099e+05    7.888e-01      1.500e+01    3.579e+01    1.741e-02      2.66s        0         
222  1.554e+01    5.957e+10    1.184e+01      1.500e+01    3.579e+01    1.741e-02      1.79s        0         
223  1.509e+01    1.586e+03    1.036e+00      1.500e+01    3.579e+01    1.741e-02      0.90s        0         
224  1.524e+01    5.034e+02    8.487e+01      1.500e+01    3.579e+01    1.741e-02      0.00s        0         
225  1.524e+01    1.233e+03    1.516e+01      1.500e+01    3.579e+01    1.741e-02      21.71s       0         
226  1.529e+01    1.597e+06    1.435e+00      1.500e+01    3.579e+01    1.741e-02      20.61s       0         
227  1.514e+01    7.352e+05    9.664e-01      1.500e+01    3.579e+01    1.741e-02      19.79s       0         
228  1.503e+01    7.491e+03    8.450e-01      1.500e+01    3.579e+01    1.741e-02      18.43s       0         
229  1.499e+01    1.276e+04    1.982e+00      1.800e+01    5.433e+01    1.733e-02      20.93s       0         
230  1.545e+01    3.185e+03    8.228e-01      1.500e+01    3.579e+01    1.741e-02      17.05s       0         
231  1.498e+01    2.910e+04    7.388e-01      1.500e+01    3.579e+01    1.741e-02      16.15s       0         
232  1.498e+01    2.534e+03    1.236e+00      1.500e+01    3.579e+01    1.741e-02      14.95s       0         
233  1.504e+01    1.013e+03    9.604e-01      1.500e+01    3.579e+01    1.741e-02      13.79s       0         
234  1.478e+01    1.277e+05    1.645e+00      1.500e+01    3.579e+01    1.741e-02      15.27s       0         
235  1.531e+01    2.478e+02    8.684e-01      1.500e+01    3.579e+01    1.741e-02      12.48s       0         
236  1.533e+01    1.967e+02    1.464e+00      1.500e+01    3.579e+01    1.741e-02      11.44s       0         
237  1.566e+01    1.053e+06    1.733e+02      1.500e+01    3.579e+01    1.741e-02      10.60s       0         
238  1.542e+01    2.845e+02    1.126e+00      1.500e+01    3.579e+01    1.741e-02      9.86s        0         
239  1.519e+01    4.862e+04    8.848e-01      1.500e+01    3.579e+01    1.741e-02      10.45s       0         
240  1.517e+01    2.877e+02    9.856e-01      1.500e+01    3.579e+01    1.741e-02      8.01s        0         
241  1.476e+01    1.089e+02    1.107e+00      1.500e+01    3.579e+01    1.741e-02      7.17s        0         
242  1.534e+01    1.019e+03    1.890e+03      1.500e+01    3.579e+01    1.741e-02      6.13s        0         
243  1.525e+01    1.261e+05    1.124e+00      1.500e+01    3.579e+01    1.741e-02      5.30s        0         
244  1.508e+01    1.593e+05    1.437e+00      1.500e+01    3.579e+01    1.741e-02      5.22s        0         
245  1.538e+01    1.501e+04    7.572e+04      1.500e+01    3.579e+01    1.741e-02      3.60s        0         
246  1.558e+01    1.371e+06    8.563e-01      1.500e+01    3.579e+01    1.741e-02      2.65s        0         
247  1.563e+01    2.647e+02    8.551e-01      1.500e+01    3.579e+01    1.741e-02      1.78s        0         
248  1.543e+01    6.783e+02    3.149e+01      1.500e+01    3.579e+01    1.741e-02      1.05s        0         
249  1.604e+01    2.634e+03    2.455e+00      1.500e+01    3.579e+01    1.741e-02      0.00s        0         
250  1.536e+01    9.327e+03    1.874e+00      1.500e+01    3.579e+01    1.741e-02      21.07s       0         
251  1.528e+01    7.365e+03    1.130e+00      1.500e+01    3.579e+01    1.741e-02      20.58s       0         
252  1.540e+01    7.601e+03    3.310e+00      1.500e+01    3.579e+01    1.741e-02      19.69s       0         
253  1.542e+01    1.802e+05    7.279e-01      1.500e+01    3.579e+01    1.741e-02      22.25s       0         
254  1.527e+01    9.962e+02    1.524e+00      1.500e+01    3.579e+01    1.741e-02      18.33s       0         
255  1.554e+01    4.552e+02    5.475e+04      1.500e+01    3.579e+01    1.741e-02      17.09s       0         
256  1.567e+01    1.882e+04    9.032e-01      1.500e+01    3.579e+01    1.741e-02      16.36s       0         
257  1.587e+01    5.306e+05    3.199e+04      1.500e+01    3.579e+01    1.741e-02      15.13s       0         
258  1.638e+01    1.702e+07    1.129e+00      1.500e+01    3.579e+01    1.741e-02      16.97s       0         
259  1.597e+01    2.612e+08    1.843e+00      1.500e+01    3.579e+01    1.741e-02      13.60s       0         
260  1.611e+01    6.152e+08    9.492e-01      1.500e+01    3.579e+01    1.741e-02      12.73s       0         
261  1.568e+01    1.506e+08    6.998e-01      1.500e+01    3.579e+01    1.741e-02      11.73s       0         
262  1.532e+01    2.655e+08    9.679e-01      1.500e+01    3.579e+01    1.741e-02      10.78s       0         
263  1.494e+01    3.188e+08    1.514e+06      1.500e+01    3.579e+01    1.741e-02      11.67s       0         
264  1.535e+01    6.714e+08    9.562e-01      1.500e+01    3.579e+01    1.741e-02      8.96s        0         
265  1.495e+01    2.646e+11    7.000e-01      1.500e+01    3.579e+01    1.741e-02      8.07s        0         
266  1.494e+01    1.508e+07    1.238e+00      1.500e+01    3.579e+01    1.741e-02      7.19s        0         
267  1.425e+01    7.530e+06    1.049e+00      1.500e+01    3.579e+01    1.741e-02      6.14s        0         
268  1.438e+01    6.837e+07    8.057e-01      1.500e+01    3.579e+01    1.741e-02      6.18s        0         
269  1.445e+01    9.564e+07    7.184e-01      1.500e+01    3.579e+01    1.741e-02      4.46s        0         
270  1.442e+01    2.701e+05    1.641e+00      1.300e+01    3.173e+01    1.714e-02      3.55s        0         
271  1.402e+01    2.276e+05    6.600e+01      1.300e+01    3.173e+01    1.714e-02      2.59s        0         
272  1.376e+01    1.250e+05    8.134e-01      1.300e+01    3.173e+01    1.714e-02      1.75s        0         
273  1.422e+01    3.437e+05    1.075e+00      1.300e+01    3.173e+01    1.714e-02      1.07s        0         
274  1.387e+01    3.220e+05    6.325e+00      1.300e+01    3.173e+01    1.714e-02      0.00s        0         
275  1.446e+01    6.996e+03    7.411e+00      1.300e+01    3.173e+01    1.714e-02      20.62s       0         
276  1.475e+01    1.757e+04    6.283e+00      1.300e+01    3.173e+01    1.714e-02      19.93s       0         
277  1.492e+01    5.750e+04    2.673e+01      1.300e+01    3.173e+01    1.714e-02      19.76s       0         
278  1.414e+01    4.708e+05    9.577e-01      1.300e+01    3.173e+01    1.714e-02      21.99s       0         
279  1.382e+01    4.463e+04    5.348e+00      1.300e+01    3.173e+01    1.714e-02      17.53s       0         
280  1.364e+01    3.436e+04    6.642e+00      1.300e+01    3.173e+01    1.714e-02      16.89s       0         
281  1.350e+01    4.134e+05    1.563e+00      1.300e+01    3.173e+01    1.714e-02      15.76s       0         
282  1.336e+01    1.265e+07    5.019e+00      1.300e+01    3.173e+01    1.714e-02      14.87s       0         
283  1.322e+01    8.478e+04    3.582e+00      1.300e+01    3.173e+01    1.714e-02      16.54s       0         
284  1.340e+01    6.901e+03    1.957e+01      1.300e+01    3.173e+01    1.714e-02      13.31s       0         
285  1.341e+01    6.324e+03    8.127e-01      1.300e+01    3.173e+01    1.714e-02      12.19s       0         
286  1.309e+01    2.105e+03    1.468e+00      1.300e+01    3.173e+01    1.714e-02      11.35s       0         
287  1.331e+01    5.783e+03    1.509e+00      1.300e+01    3.173e+01    1.714e-02      10.55s       0         
288  1.346e+01    2.894e+04    1.271e+00      1.300e+01    3.173e+01    1.714e-02      11.19s       0         
289  1.344e+01    5.132e+02    7.453e-01      1.300e+01    3.173e+01    1.714e-02      8.57s        0         
290  1.355e+01    4.245e+03    6.690e+01      1.300e+01    3.173e+01    1.714e-02      7.82s        0         
291  1.304e+01    1.367e+05    2.455e+00      1.300e+01    3.173e+01    1.714e-02      7.11s        0         
292  1.371e+01    1.030e+07    1.212e+00      1.300e+01    3.173e+01    1.711e-02      6.01s        0         
293  1.349e+01    2.396e+07    8.567e-01      1.300e+01    3.173e+01    1.711e-02      6.09s        0         
294  1.329e+01    6.636e+04    4.841e+00      1.300e+01    3.173e+01    1.711e-02      4.34s        0         
295  1.316e+01    1.712e+03    9.564e+04      1.300e+01    3.173e+01    1.711e-02      3.52s        0         
296  1.305e+01    1.751e+04    7.863e-01      1.300e+01    3.173e+01    7.968e-03      2.59s        0         
297  1.338e+01    9.445e+04    4.528e+00      1.300e+01    3.173e+01    7.968e-03      1.72s        0         
298  1.326e+01    4.988e+03    1.289e+00      1.300e+01    3.173e+01    7.968e-03      1.02s        0         
299  1.311e+01    1.506e+03    1.858e+01      1.300e+01    3.173e+01    7.968e-03      0.00s        0         
300  1.334e+01    4.909e+03    1.123e+00      1.300e+01    3.173e+01    7.968e-03      20.20s       0         
301  1.325e+01    5.375e+03    1.385e+00      1.300e+01    3.173e+01    7.968e-03      19.75s       0         
302  1.339e+01    3.642e+06    2.844e+01      1.300e+01    3.173e+01    7.968e-03      18.78s       0         
303  1.317e+01    1.115e+04    1.202e+02      1.300e+01    3.173e+01    7.968e-03      21.49s       0         
304  1.332e+01    1.075e+04    1.371e+00      1.300e+01    3.173e+01    7.968e-03      17.50s       0         
305  1.319e+01    5.131e+05    8.790e+01      1.300e+01    3.173e+01    7.968e-03      16.25s       0         
306  1.318e+01    3.712e+07    3.258e+00      1.300e+01    3.173e+01    7.968e-03      15.70s       0         
307  1.363e+01    5.839e+07    5.862e+00      1.300e+01    3.173e+01    7.968e-03      14.66s       0         
308  1.316e+01    2.195e+05    1.025e+00      1.300e+01    3.173e+01    7.968e-03      16.40s       0         
309  1.336e+01    3.289e+03    1.905e+02      1.300e+01    3.173e+01    7.968e-03      12.99s       0         
310  1.320e+01    2.738e+02    1.885e+00      1.300e+01    3.173e+01    7.968e-03      12.09s       0         
311  1.315e+01    1.857e+03    1.143e+00      1.300e+01    3.173e+01    7.968e-03      11.01s       0         
312  1.293e+01    1.557e+03    3.771e+01      1.300e+01    3.173e+01    7.968e-03      10.44s       0         
313  1.312e+01    1.141e+06    1.048e+00      1.300e+01    3.173e+01    7.968e-03      11.57s       0         
314  1.297e+01    6.849e+06    9.671e+01      1.300e+01    3.173e+01    7.968e-03      8.89s        0         
315  1.271e+01    8.765e+02    2.275e+00      1.300e+01    3.173e+01    7.968e-03      8.08s        0         
316  1.310e+01    1.594e+05    1.230e+00      1.300e+01    3.173e+01    7.968e-03      6.96s        0         
317  1.281e+01    9.915e+02    1.083e+00      1.300e+01    3.173e+01    7.968e-03      6.08s        0         
318  1.271e+01    3.504e+02    9.881e+00      1.300e+01    3.173e+01    7.968e-03      6.23s        0         
319  1.295e+01    2.070e+04    1.533e+00      1.300e+01    3.173e+01    7.968e-03      4.42s        0         
320  1.310e+01    2.062e+04    3.149e+00      1.300e+01    3.173e+01    7.968e-03      3.51s        0         
321  1.302e+01    4.257e+03    9.355e+00      1.300e+01    3.173e+01    7.968e-03      2.64s        0         
322  1.329e+01    2.113e+03    1.050e+02      1.300e+01    3.173e+01    7.968e-03      1.74s        0         
323  1.293e+01    1.336e+03    1.250e+00      1.300e+01    3.173e+01    7.968e-03      0.87s        0         
324  1.345e+01    1.188e+04    5.961e+01      1.300e+01    3.173e+01    7.968e-03      0.00s        0         
325  1.291e+01    1.104e+09    1.424e+00      1.300e+01    3.173e+01    7.968e-03      21.08s       0         
326  1.318e+01    1.233e+06    1.981e+01      1.300e+01    3.173e+01    7.968e-03      19.70s       0         
327  1.291e+01    1.202e+06    1.008e+00      1.300e+01    3.173e+01    7.968e-03      18.81s       0         
328  1.294e+01    9.363e+02    1.078e+00      1.300e+01    3.173e+01    7.968e-03      18.24s       0         
329  1.305e+01    3.634e+04    1.694e+00      1.300e+01    3.173e+01    7.968e-03      19.97s       0         
330  1.335e+01    2.351e+05    9.822e+00      1.300e+01    3.173e+01    7.968e-03      16.41s       0         
331  1.338e+01    1.678e+09    1.388e+00      1.300e+01    3.173e+01    7.968e-03      15.62s       0         
332  1.294e+01    2.909e+02    1.135e+00      1.300e+01    3.173e+01    7.968e-03      14.59s       0         
333  1.314e+01    3.355e+05    1.487e+00      1.300e+01    3.173e+01    7.968e-03      13.90s       0         
334  1.325e+01    3.637e+04    1.199e+00      1.300e+01    3.173e+01    7.968e-03      15.52s       0         
335  1.294e+01    1.915e+02    1.016e+00      1.300e+01    3.173e+01    7.968e-03      12.45s       0         
336  1.312e+01    2.010e+03    1.756e+01      1.300e+01    3.173e+01    7.968e-03      11.93s       0         
337  1.320e+01    1.893e+09    1.080e+00      1.300e+01    3.173e+01    7.968e-03      10.77s       0         
338  1.317e+01    6.952e+06    1.283e+02      1.300e+01    3.173e+01    7.968e-03      9.94s        0         
339  1.295e+01    1.169e+03    4.327e+00      1.300e+01    3.173e+01    7.968e-03      10.60s       0         
340  1.292e+01    5.830e+03    2.862e+00      1.300e+01    3.173e+01    7.968e-03      8.02s        0         
341  1.312e+01    4.688e+05    1.113e+00      1.300e+01    3.173e+01    7.968e-03      6.87s        0         
342  1.307e+01    7.531e+04    1.942e+00      1.300e+01    3.173e+01    7.968e-03      6.07s        0         
343  1.303e+01    1.276e+03    1.147e+00      1.300e+01    3.173e+01    7.968e-03      5.29s        0         
344  1.306e+01    2.491e+04    2.531e+01      1.300e+01    3.173e+01    7.968e-03      4.30s        0         
345  1.303e+01    1.104e+03    1.100e+00      1.300e+01    3.173e+01    7.968e-03      4.02s        0         
346  1.307e+01    5.088e+08    1.280e+00      1.300e+01    3.173e+01    7.968e-03      2.57s        0         
347  1.308e+01    3.757e+04    1.153e+01      1.300e+01    3.173e+01    7.968e-03      1.76s        0         
348  1.276e+01    5.106e+05    1.152e+00      1.300e+01    3.173e+01    7.968e-03      0.87s        0         
349  1.338e+01    2.082e+05    1.525e+00      1.300e+01    3.173e+01    7.968e-03      0.00s        0         
350  1.333e+01    6.565e+02    2.526e+01      1.300e+01    3.173e+01    7.968e-03      24.82s       0         
351  1.326e+01    2.781e+03    1.300e+00      1.300e+01    3.173e+01    7.968e-03      20.22s       0         
352  1.304e+01    1.980e+09    2.466e+00      1.300e+01    3.173e+01    7.968e-03      19.19s       0         
353  1.295e+01    4.333e+05    6.345e+02      1.300e+01    3.173e+01    7.968e-03      18.24s       0         
354  1.319e+01    4.106e+03    1.318e+00      1.300e+01    3.173e+01    7.968e-03      17.19s       0         
355  1.295e+01    1.326e+05    1.323e+00      1.300e+01    3.173e+01    7.968e-03      19.61s       0         
356  1.338e+01    1.618e+08    8.440e+01      1.300e+01    3.173e+01    7.941e-03      16.06s       0         
357  1.292e+01    1.328e+04    2.424e+00      1.300e+01    3.173e+01    7.941e-03      14.69s       0         
358  1.281e+01    9.146e+05    1.124e+00      1.300e+01    3.173e+01    7.941e-03      13.88s       0         
359  1.278e+01    5.860e+02    3.133e+00      1.300e+01    3.173e+01    7.941e-03      12.85s       0         
360  1.268e+01    2.284e+03    1.157e+00      1.300e+01    3.173e+01    7.941e-03      14.50s       0         
361  1.311e+01    1.370e+06    2.305e+04      1.300e+01    3.173e+01    7.941e-03      11.52s       0         
362  1.302e+01    1.670e+03    3.586e+00      1.300e+01    3.173e+01    7.941e-03      10.72s       0         
363  1.333e+01    1.440e+04    7.424e+00      1.300e+01    3.173e+01    7.941e-03      9.54s        0         
364  1.303e+01    1.220e+04    9.753e-01      1.300e+01    3.173e+01    7.941e-03      8.60s        0         
365  1.318e+01    5.578e+02    1.559e+00      1.300e+01    3.173e+01    7.941e-03      7.77s        0         
366  1.319e+01    2.456e+04    2.464e+00      1.300e+01    3.173e+01    7.941e-03      8.20s        0         
367  1.340e+01    1.328e+03    8.221e+01      1.300e+01    3.173e+01    7.941e-03      5.98s        0         
368  1.333e+01    1.151e+05    1.340e+00      1.300e+01    3.173e+01    7.941e-03      5.11s        0         
369  1.330e+01    3.023e+04    1.370e+00      1.300e+01    3.173e+01    7.941e-03      4.35s        0         
370  1.294e+01    3.261e+03    1.743e+00      1.300e+01    3.173e+01    7.941e-03      3.47s        0         
371  1.288e+01    1.490e+04    2.152e+00      1.300e+01    3.173e+01    7.941e-03      3.13s        0         
372  1.309e+01    4.446e+04    3.102e+00      1.300e+01    3.173e+01    7.941e-03      1.78s        0         
373  1.271e+01    1.722e+03    1.254e+00      1.300e+01    3.173e+01    7.941e-03      0.90s        0         
374  1.312e+01    1.497e+03    2.379e+04      1.300e+01    3.173e+01    7.941e-03      0.00s        0         
375  1.308e+01    3.512e+02    8.073e+01      1.300e+01    3.173e+01    7.941e-03      20.36s       0         
376  1.300e+01    2.675e+04    2.282e+00      1.300e+01    3.173e+01    7.941e-03      23.75s       0         
377  1.284e+01    8.427e+02    1.495e+00      1.300e+01    3.173e+01    7.941e-03      19.67s       0         
378  1.277e+01    1.218e+02    1.372e+00      1.300e+01    3.173e+01    7.941e-03      18.06s       0         
379  1.323e+01    5.110e+04    2.907e+00      1.300e+01    3.173e+01    7.941e-03      17.27s       0         
380  1.294e+01    3.782e+02    1.347e+00      1.300e+01    3.173e+01    7.941e-03      16.45s       0         
381  1.323e+01    2.874e+09    2.141e+00      1.300e+01    3.173e+01    7.941e-03      18.49s       0         
382  1.312e+01    4.492e+02    1.331e+02      1.300e+01    3.173e+01    7.941e-03      14.90s       0         
383  1.296e+01    5.654e+02    1.965e+00      1.300e+01    3.173e+01    7.941e-03      13.93s       0         
384  1.326e+01    6.131e+06    1.515e+00      1.300e+01    3.173e+01    7.941e-03      13.21s       0         
385  1.331e+01    6.329e+02    5.019e+00      1.300e+01    3.173e+01    7.941e-03      12.09s       0         
386  1.292e+01    6.216e+03    1.135e+00      1.300e+01    3.173e+01    7.941e-03      11.26s       0         
387  1.317e+01    8.119e+04    3.002e+01      1.300e+01    3.173e+01    7.941e-03      10.28s       0         
388  1.314e+01    1.557e+03    1.270e+00      1.300e+01    3.173e+01    7.941e-03      9.55s        0         
389  1.327e+01    9.322e+05    3.419e+00      1.300e+01    3.173e+01    7.941e-03      8.64s        0         
390  1.296e+01    9.281e+01    2.168e+01      1.300e+01    3.173e+01    7.941e-03      7.60s        0         
391  1.307e+01    2.064e+04    1.990e+00      1.300e+01    3.173e+01    7.941e-03      7.82s        0         
392  1.315e+01    1.354e+06    3.030e+00      1.300e+01    3.173e+01    7.941e-03      6.09s        0         
393  1.305e+01    9.218e+05    1.684e+00      1.300e+01    3.173e+01    7.941e-03      5.09s        0         
394  1.320e+01    1.169e+17    5.112e+00      1.300e+01    3.173e+01    7.941e-03      4.34s        0         
395  1.312e+01    2.512e+02    1.439e+00      1.300e+01    3.173e+01    7.941e-03      3.52s        0         
396  1.312e+01    6.482e+02    2.879e+00      1.300e+01    3.173e+01    7.941e-03      2.57s        0         
397  1.312e+01    2.496e+03    1.873e+01      1.300e+01    3.173e+01    7.941e-03      2.03s        0         
398  1.292e+01    7.684e+03    1.359e+00      1.300e+01    3.173e+01    7.941e-03      0.87s        0         
399  1.309e+01    3.836e+05    1.320e+00      1.300e+01    3.173e+01    7.941e-03      0.00s        0         
400  1.308e+01    1.525e+06    1.099e+00      1.300e+01    3.173e+01    7.941e-03      20.91s       0         
401  1.284e+01    1.508e+06    1.225e+00      1.300e+01    3.173e+01    7.941e-03      19.63s       0         
402  1.315e+01    1.699e+02    5.371e+00      1.300e+01    3.173e+01    7.941e-03      22.65s       0         
403  1.301e+01    3.260e+06    1.428e+02      1.300e+01    3.173e+01    7.941e-03      18.52s       0         
404  1.271e+01    1.701e+09    1.343e+00      1.300e+01    3.173e+01    7.941e-03      17.35s       0         
405  1.291e+01    3.188e+02    1.404e+00      1.300e+01    3.173e+01    7.941e-03      16.40s       0         
406  1.280e+01    2.819e+04    6.662e+00      1.300e+01    3.173e+01    7.941e-03      15.69s       0         
407  1.309e+01    1.382e+06    1.120e+00      1.300e+01    3.173e+01    7.941e-03      17.76s       0         
408  1.309e+01    1.974e+05    1.142e+00      1.300e+01    3.173e+01    7.941e-03      14.05s       0         
409  1.299e+01    4.876e+03    1.230e+00      1.300e+01    3.173e+01    7.941e-03      12.93s       0         
410  1.337e+01    6.724e+05    1.437e+00      1.300e+01    3.173e+01    7.941e-03      12.32s       0         
411  1.318e+01    2.424e+03    6.047e+00      1.300e+01    3.173e+01    7.941e-03      11.01s       0         
412  1.308e+01    2.337e+05    1.479e+03      1.300e+01    3.173e+01    7.941e-03      10.47s       0         
413  1.325e+01    1.371e+03    3.842e+00      1.300e+01    3.173e+01    7.941e-03      11.43s       0         
414  1.338e+01    1.634e+05    2.464e+01      1.300e+01    3.173e+01    7.941e-03      8.76s        0         
415  1.305e+01    1.682e+06    1.922e+01      1.300e+01    3.173e+01    7.941e-03      7.82s        0         
416  1.336e+01    1.653e+05    1.242e+00      1.300e+01    3.173e+01    7.941e-03      6.88s        0         
417  1.339e+01    9.416e+04    1.408e+00      1.300e+01    3.173e+01    7.941e-03      6.11s        0         
418  1.306e+01    2.143e+04    1.188e+00      1.300e+01    3.173e+01    7.941e-03      6.31s        0         
419  1.318e+01    5.317e+03    1.492e+01      1.300e+01    3.173e+01    7.941e-03      4.30s        0         
420  1.327e+01    3.573e+03    2.247e+00      1.300e+01    3.173e+01    7.941e-03      3.46s        0         
421  1.320e+01    9.450e+04    1.657e+02      1.300e+01    3.173e+01    7.941e-03      2.61s        0         
422  1.317e+01    7.127e+02    1.381e+00      1.300e+01    3.173e+01    7.941e-03      1.71s        0         
423  1.310e+01    5.578e+09    3.233e+01      1.300e+01    3.173e+01    7.941e-03      1.03s        0         
424  1.336e+01    1.284e+05    1.132e+00      1.300e+01    3.173e+01    7.941e-03      0.00s        0         
425  1.338e+01    1.697e+04    1.939e+00      1.300e+01    3.173e+01    7.941e-03      21.27s       0         
426  1.359e+01    2.809e+04    3.408e+00      1.300e+01    3.173e+01    7.941e-03      20.15s       0         
427  1.299e+01    3.064e+02    1.061e+00      1.300e+01    3.173e+01    7.941e-03      19.18s       0         
428  1.341e+01    1.210e+09    1.467e+00      1.300e+01    3.173e+01    7.941e-03      22.08s       0         
429  1.301e+01    7.765e+02    1.830e+00      1.300e+01    3.173e+01    7.941e-03      17.47s       0         
430  1.305e+01    2.103e+04    1.129e+00      1.300e+01    3.173e+01    7.941e-03      16.26s       0         
431  1.308e+01    7.552e+04    1.533e+00      1.300e+01    3.173e+01    7.941e-03      15.45s       0         
432  1.284e+01    6.153e+03    7.226e+01      1.300e+01    3.173e+01    7.941e-03      14.83s       0         
433  1.317e+01    5.260e+05    1.218e+00      1.300e+01    3.173e+01    7.941e-03      16.66s       0         
434  1.294e+01    3.189e+02    1.519e+00      1.300e+01    3.173e+01    7.941e-03      13.50s       0         
435  1.299e+01    6.313e+05    1.438e+00      1.300e+01    3.173e+01    7.941e-03      12.11s       0         
436  1.282e+01    1.318e+03    2.086e+00      1.300e+01    3.173e+01    7.941e-03      11.59s       0         
437  1.345e+01    9.190e+05    3.714e+00      1.300e+01    3.173e+01    7.941e-03      10.68s       0         
438  1.360e+01    1.477e+04    1.891e+01      1.300e+01    3.173e+01    7.941e-03      11.54s       0         
439  1.323e+01    5.603e+02    7.102e+00      1.300e+01    3.173e+01    7.941e-03      8.74s        0         
440  1.271e+01    4.300e+02    1.195e+00      1.300e+01    3.173e+01    7.941e-03      7.88s        0         
441  1.307e+01    2.853e+04    7.441e+01      1.300e+01    3.173e+01    7.941e-03      6.99s        0         
442  1.295e+01    2.945e+02    1.394e+00      1.300e+01    3.173e+01    7.941e-03      6.08s        0         
443  1.262e+01    9.979e+01    1.601e+00      1.300e+01    3.173e+01    7.941e-03      6.35s        0         
444  1.275e+01    1.322e+02    1.435e+00      1.300e+01    3.173e+01    7.941e-03      4.34s        0         
445  1.315e+01    9.497e+01    1.257e+00      1.300e+01    3.173e+01    7.941e-03      3.48s        0         
446  1.297e+01    3.422e+03    1.064e+00      1.300e+01    3.173e+01    7.941e-03      2.60s        0         
447  1.274e+01    1.196e+02    1.073e+00      1.300e+01    3.173e+01    7.941e-03      1.75s        0         
448  1.320e+01    2.193e+02    8.224e+00      1.300e+01    3.173e+01    7.941e-03      1.04s        0         
449  1.293e+01    1.371e+04    6.155e+01      1.300e+01    3.173e+01    7.941e-03      0.00s        0         
450  1.280e+01    1.029e+04    2.633e+00      1.300e+01    3.173e+01    7.941e-03      20.89s       0         
451  1.331e+01    1.399e+08    8.470e+05      1.300e+01    3.173e+01    7.941e-03      20.42s       0         
452  1.356e+01    2.642e+08    3.197e+00      1.300e+01    3.173e+01    7.941e-03      19.18s       0         
453  1.326e+01    2.428e+02    1.261e+00      1.300e+01    3.173e+01    7.933e-03      18.25s       0         
454  1.277e+01    5.757e+02    1.006e+00      1.300e+01    3.173e+01    7.933e-03      21.10s       0         
455  1.295e+01    3.963e+02    3.386e+00      1.300e+01    3.173e+01    7.933e-03      16.46s       0         
456  1.285e+01    1.569e+03    1.281e+00      1.300e+01    3.173e+01    7.933e-03      15.66s       0         
457  1.309e+01    1.540e+03    1.280e+00      1.300e+01    3.173e+01    7.933e-03      14.68s       0         
458  1.314e+01    1.572e+03    3.652e+00      1.300e+01    3.173e+01    7.933e-03      13.97s       0         
459  1.314e+01    5.027e+02    1.369e+00      1.300e+01    3.173e+01    7.933e-03      15.36s       0         
460  1.342e+01    6.559e+02    1.113e+00      1.300e+01    3.173e+01    7.933e-03      12.03s       0         
461  1.343e+01    2.379e+03    9.559e+01      1.300e+01    3.173e+01    7.933e-03      11.03s       0         
462  1.298e+01    8.483e+02    2.876e+00      1.300e+01    3.173e+01    7.933e-03      10.29s       0         
463  1.337e+01    3.672e+03    1.322e+00      1.300e+01    3.173e+01    7.933e-03      9.46s        0         
464  1.350e+01    4.894e+03    1.366e+00      1.300e+01    3.173e+01    7.933e-03      10.36s       0         
465  1.302e+01    7.210e+03    1.480e+00      1.300e+01    3.173e+01    7.933e-03      7.90s        0         
466  1.293e+01    2.753e+07    1.733e+00      1.300e+01    3.173e+01    7.933e-03      6.95s        0         
467  1.309e+01    1.637e+05    1.549e+00      1.300e+01    3.173e+01    7.933e-03      6.15s        0         
468  1.315e+01    2.430e+06    1.520e+00      1.300e+01    3.173e+01    7.933e-03      5.17s        0         
469  1.307e+01    5.396e+03    1.205e+00      1.300e+01    3.173e+01    7.933e-03      5.26s        0         
470  1.318e+01    2.880e+04    3.381e+01      1.300e+01    3.173e+01    7.933e-03      3.74s        0         
471  1.301e+01    5.522e+02    2.029e+00      1.300e+01    3.173e+01    7.933e-03      2.58s        0         
472  1.300e+01    6.782e+07    4.035e+00      1.300e+01    3.173e+01    7.933e-03      1.70s        0         
473  1.307e+01    1.859e+03    1.510e+00      1.300e+01    3.173e+01    7.933e-03      0.87s        0         
474  1.304e+01    1.373e+03    3.855e+00      1.300e+01    3.173e+01    7.933e-03      0.00s        0         
475  1.312e+01    1.160e+04    2.135e+00      1.300e+01    3.173e+01    7.933e-03      21.90s       0         
476  1.290e+01    5.204e+06    1.288e+00      1.300e+01    3.173e+01    7.933e-03      19.66s       0         
477  1.351e+01    4.809e+03    1.347e+00      1.300e+01    3.173e+01    7.933e-03      19.14s       0         
478  1.347e+01    2.852e+03    1.473e+00      1.300e+01    3.173e+01    7.933e-03      17.77s       0         
479  1.315e+01    1.901e+04    3.381e+01      1.300e+01    3.173e+01    7.933e-03      20.88s       0         
480  1.302e+01    1.819e+03    5.899e+00      1.300e+01    3.173e+01    7.933e-03      16.77s       0         
481  1.294e+01    2.180e+03    1.351e+00      1.300e+01    3.173e+01    7.933e-03      15.63s       0         
482  1.298e+01    1.446e+02    1.284e+00      1.300e+01    3.173e+01    7.933e-03      14.65s       0         
483  1.335e+01    4.804e+06    1.732e+00      1.300e+01    3.173e+01    7.933e-03      14.05s       0         
484  1.306e+01    2.576e+03    3.421e+01      1.300e+01    3.173e+01    7.933e-03      16.07s       0         
485  1.288e+01    2.266e+07    2.786e+00      1.300e+01    3.173e+01    7.933e-03      12.54s       0         
486  1.264e+01    5.849e+03    1.107e+02      1.300e+01    3.173e+01    7.933e-03      11.12s       0         
487  1.326e+01    5.881e+03    1.440e+00      1.300e+01    3.173e+01    7.933e-03      10.28s       0         
488  1.300e+01    1.105e+04    7.018e+00      1.300e+01    3.173e+01    7.933e-03      9.54s        0         
489  1.346e+01    1.040e+04    1.854e+00      1.300e+01    3.173e+01    7.933e-03      10.48s       0         
490  1.316e+01    5.569e+05    3.417e+00      1.300e+01    3.173e+01    7.933e-03      8.16s        0         
491  1.280e+01    1.225e+04    1.360e+00      1.300e+01    3.173e+01    7.933e-03      7.09s        0         
492  1.308e+01    3.707e+04    1.325e+00      1.300e+01    3.173e+01    7.933e-03      6.12s        0         
493  1.311e+01    2.736e+02    2.323e+00      1.300e+01    3.173e+01    7.933e-03      5.17s        0         
494  1.305e+01    1.125e+03    1.123e+00      1.300e+01    3.173e+01    7.933e-03      5.23s        0         
495  1.280e+01    3.487e+09    3.542e+00      1.300e+01    3.173e+01    7.933e-03      3.56s        0         
496  1.294e+01    5.760e+06    2.092e+00      1.300e+01    3.173e+01    7.933e-03      2.57s        0         
497  1.321e+01    1.545e+04    1.155e+00      1.300e+01    3.173e+01    7.933e-03      1.70s        0         
498  1.313e+01    1.261e+03    9.870e-01      1.300e+01    3.173e+01    7.933e-03      0.86s        0         
499  1.299e+01    1.221e+04    2.040e+01      1.300e+01    3.173e+01    7.933e-03      0.00s        0         





Time: 0h:7m:36s
####   Data for the best program   ####
Best Program: add(cos(mul(1.951, X0)), cos(mul(add(1.710, 1.699), add(X1, 1.352))))
Best Program Complexity: 13
Raw Fitness: 0.007932697692508591
Penalized Fitness: 0.020932697692508592
Estimator		Train-rmse: 0.007932697692508591	Test-rmse: 0.007855668303933899	Test-R^2: 0.9997939617447236

{'complexity': 'length', 'const_range': (1e-10, 2.0), 'elitism_size': 1, 'function_set': ('add', 'sub', 'div', 'mul', 'sin', 'cos'), 'generations': 500, 'init_depth': (3, 6), 'init_method': 'half and half', 'low_memory': True, 'max_samples': 1.0, 'metric': 'rmse', 'n_jobs': 2, 'p_crossover': 0.6, 'p_hoist_mutation': 0.0, 'p_point_mutation': 0.2, 'p_point_replace': 0.05, 'p_subtree_mutation': 0.2, 'paretogp': False, 'paretogp_lengths': (5, 160), 'parsimony_coefficient': 0.001, 'population_size': 800, 'random_state': 763898410, 'selection': 'tournament', 'stopping_criteria': 1e-10, 'tournament_size': 11, 'verbose': 1, 'warm_start': True}
