    |          Population Average          |           Best Individual            |
---- -------------------------------------- -------------------------------------- ----------
Gen  Length       Kommenda     Fitness        Length       Kommenda     Fitness        Time Left    Front Size
0    2.297e+01    7.404e+08    7.630e+03      1.700e+01    5.588e+01    4.404e-01      13.49s       7         
1    1.018e+01    2.612e+03    9.316e-01      2.000e+01    4.876e+02    3.727e-01      20.08s       9         
2    1.250e+01    3.557e+04    9.063e-01      3.100e+01    2.763e+02    2.829e-01      18.51s       7         
3    1.265e+01    7.810e+03    1.168e+00      3.400e+01    3.329e+02    2.429e-01      18.01s       8         
4    1.768e+01    3.840e+03    1.025e+00      3.600e+01    3.250e+02    2.405e-01      18.03s       10        
5    2.105e+01    2.175e+03    9.748e-01      5.000e+01    7.871e+03    2.180e-01      17.91s       11        
6    2.161e+01    2.460e+03    1.204e+00      3.400e+01    1.895e+02    2.072e-01      18.91s       12        
7    1.995e+01    2.666e+05    1.142e+00      4.200e+01    1.046e+02    1.479e-01      16.27s       11        
8    2.150e+01    9.679e+08    1.066e+00      4.200e+01    1.211e+02    1.286e-01      15.54s       14        
9    2.394e+01    7.819e+04    1.194e+01      4.200e+01    1.211e+02    1.286e-01      15.05s       16        
10   2.323e+01    3.878e+03    1.205e+00      4.300e+01    1.313e+02    1.284e-01      14.49s       16        
11   2.402e+01    5.551e+03    1.451e+00      4.300e+01    1.313e+02    1.284e-01      13.12s       17        
12   2.337e+01    4.484e+04    1.056e+00      4.300e+01    1.313e+02    1.284e-01      12.33s       20        
13   2.520e+01    7.594e+04    1.030e+00      3.600e+01    8.702e+01    1.004e-01      11.44s       16        
14   2.045e+01    2.910e+05    1.368e+00      3.600e+01    8.702e+01    1.004e-01      11.03s       15        
15   1.852e+01    1.230e+05    1.029e+00      3.500e+01    8.530e+01    9.510e-02      8.58s        15        
16   1.787e+01    1.844e+03    9.876e-01      3.200e+01    4.595e+01    9.234e-02      7.61s        15        
17   1.709e+01    1.121e+03    1.125e+00      3.200e+01    4.595e+01    9.234e-02      6.42s        17        
18   1.689e+01    9.566e+02    9.437e-01      3.200e+01    4.595e+01    9.234e-02      6.15s        18        
19   1.646e+01    3.336e+02    1.011e+00      3.200e+01    4.595e+01    9.234e-02      4.73s        22        
20   1.660e+01    5.372e+02    9.993e-01      2.200e+01    3.551e+01    9.069e-02      3.80s        18        
21   1.430e+01    2.646e+05    1.014e+00      2.200e+01    3.551e+01    9.069e-02      2.70s        17        
22   1.376e+01    3.275e+05    1.170e+00      2.300e+01    3.693e+01    6.618e-02      1.96s        19        
23   1.565e+01    2.482e+02    9.399e-01      2.300e+01    3.693e+01    6.618e-02      0.91s        19        
24   1.552e+01    1.306e+08    9.047e-01      2.300e+01    3.693e+01    6.618e-02      0.00s        19        
25   1.604e+01    8.528e+02    1.064e+00      2.300e+01    3.693e+01    6.618e-02      22.17s       20        
26   1.554e+01    9.540e+03    1.231e+00      2.300e+01    3.693e+01    6.618e-02      24.05s       20        
27   1.604e+01    8.686e+02    1.014e+00      2.300e+01    3.693e+01    6.618e-02      20.42s       20        
28   1.582e+01    1.689e+02    8.342e-01      2.300e+01    3.693e+01    6.618e-02      20.07s       20        
29   1.566e+01    2.293e+03    8.869e-01      2.300e+01    3.693e+01    6.618e-02      19.08s       21        
30   1.538e+01    1.910e+03    9.588e-01      2.300e+01    3.693e+01    6.618e-02      19.49s       22        
31   1.611e+01    4.085e+04    1.439e+00      2.300e+01    3.693e+01    6.618e-02      16.25s       21        
32   1.602e+01    5.376e+06    8.322e-01      2.300e+01    3.693e+01    6.618e-02      15.98s       21        
33   1.650e+01    4.263e+07    9.023e-01      2.300e+01    3.693e+01    6.618e-02      17.00s       21        
34   1.574e+01    1.911e+10    7.722e-01      2.300e+01    3.693e+01    6.618e-02      14.16s       21        
35   1.596e+01    6.121e+09    8.892e-01      2.300e+01    3.693e+01    6.618e-02      13.97s       21        
36   1.537e+01    1.485e+04    8.318e-01      2.300e+01    3.693e+01    6.618e-02      12.49s       21        
37   1.564e+01    3.201e+07    9.766e-01      2.300e+01    3.693e+01    6.618e-02      12.76s       21        
38   1.629e+01    2.879e+04    1.053e+00      2.300e+01    3.693e+01    6.618e-02      10.85s       21        
39   1.599e+01    1.535e+04    8.019e-01      2.300e+01    3.693e+01    6.618e-02      9.41s        21        
40   1.578e+01    8.468e+05    8.826e-01      2.300e+01    3.693e+01    6.618e-02      8.64s        21        
41   1.640e+01    4.479e+04    8.279e-01      2.300e+01    3.693e+01    6.618e-02      8.72s        21        
42   1.564e+01    3.383e+04    8.344e-01      2.300e+01    3.693e+01    6.618e-02      6.99s        21        
43   1.591e+01    1.399e+08    8.008e-01      2.300e+01    3.693e+01    6.618e-02      5.62s        21        
44   1.532e+01    1.111e+04    1.196e+00      2.300e+01    3.693e+01    6.618e-02      4.63s        21        
45   1.639e+01    5.839e+02    7.981e-01      2.300e+01    3.693e+01    6.618e-02      4.24s        21        
46   1.564e+01    4.985e+05    1.016e+00      2.300e+01    3.693e+01    6.618e-02      2.97s        21        
47   1.594e+01    1.096e+04    8.411e-01      2.300e+01    3.693e+01    6.618e-02      1.91s        21        
48   1.565e+01    2.760e+02    8.233e-01      2.300e+01    3.693e+01    6.618e-02      0.94s        21        
49   1.542e+01    1.694e+03    1.311e+00      2.300e+01    3.693e+01    6.618e-02      0.00s        21        
50   1.551e+01    8.638e+03    9.091e-01      2.300e+01    3.693e+01    6.618e-02      23.25s       21        
51   1.586e+01    4.293e+04    9.497e-01      2.300e+01    3.693e+01    6.618e-02      22.50s       21        
52   1.557e+01    1.419e+05    2.870e+00      2.300e+01    3.693e+01    6.618e-02      21.12s       21        
53   1.525e+01    3.530e+02    8.293e-01      2.300e+01    3.693e+01    6.618e-02      22.12s       21        
54   1.538e+01    1.342e+02    1.051e+00      2.300e+01    3.693e+01    6.618e-02      19.22s       21        
55   1.541e+01    4.148e+02    8.481e-01      2.300e+01    3.693e+01    6.618e-02      18.33s       21        
56   1.571e+01    4.881e+02    8.302e-01      2.300e+01    3.693e+01    6.618e-02      16.71s       21        
57   1.592e+01    3.843e+04    1.038e+00      2.300e+01    3.693e+01    6.618e-02      18.56s       21        
58   1.533e+01    7.727e+04    2.389e+00      2.300e+01    3.693e+01    6.618e-02      15.54s       21        
59   1.581e+01    1.433e+02    8.588e-01      2.300e+01    3.693e+01    6.618e-02      14.21s       21        
60   1.578e+01    1.967e+05    8.737e-01      2.300e+01    3.693e+01    6.618e-02      13.38s       21        
61   1.559e+01    2.481e+03    1.266e+02      2.300e+01    3.693e+01    6.618e-02      13.78s       21        
62   1.563e+01    4.919e+08    8.699e-01      2.300e+01    3.693e+01    6.618e-02      11.57s       23        
63   1.550e+01    2.757e+07    8.764e-01      2.300e+01    3.693e+01    6.618e-02      10.40s       23        
64   1.565e+01    5.325e+01    8.561e-01      2.300e+01    3.693e+01    6.618e-02      10.27s       23        
65   1.569e+01    1.599e+02    2.992e+00      2.300e+01    3.693e+01    6.618e-02      8.57s        23        
66   1.548e+01    2.434e+02    1.001e+00      2.300e+01    3.693e+01    6.618e-02      7.37s        23        
67   1.488e+01    7.589e+05    8.483e-01      2.300e+01    3.693e+01    6.618e-02      6.52s        19        
68   1.289e+01    3.153e+03    8.350e-01      2.300e+01    3.693e+01    6.618e-02      5.92s        19        
69   1.288e+01    9.581e+09    8.859e-01      2.300e+01    3.693e+01    6.618e-02      4.40s        19        
70   1.306e+01    3.214e+04    9.912e-01      2.300e+01    3.693e+01    6.618e-02      3.59s        19        
71   1.212e+01    2.094e+03    8.357e-01      2.300e+01    3.693e+01    6.618e-02      2.68s        19        
72   1.224e+01    1.879e+13    7.240e-01      2.300e+01    3.693e+01    6.618e-02      1.74s        20        
73   1.266e+01    2.869e+02    9.031e-01      2.300e+01    3.693e+01    6.618e-02      1.00s        20        
74   1.218e+01    3.703e+03    6.798e-01      2.300e+01    3.693e+01    6.618e-02      0.00s        20        
75   1.272e+01    1.184e+05    8.975e-01      2.300e+01    3.693e+01    6.618e-02      21.52s       20        
76   1.265e+01    3.255e+02    8.113e-01      2.300e+01    3.693e+01    6.618e-02      20.22s       20        
77   1.253e+01    1.815e+03    7.539e-01      2.300e+01    3.693e+01    6.618e-02      21.99s       21        
78   1.290e+01    1.846e+05    8.294e-01      2.300e+01    3.693e+01    6.618e-02      18.71s       21        
79   1.267e+01    2.101e+02    7.911e-01      2.300e+01    3.693e+01    6.618e-02      17.78s       21        
80   1.272e+01    2.210e+04    8.957e-01      2.300e+01    3.693e+01    6.618e-02      17.07s       21        
81   1.249e+01    2.871e+01    7.952e-01      2.300e+01    3.693e+01    6.618e-02      18.29s       21        
82   1.266e+01    3.258e+01    8.461e-01      2.300e+01    3.693e+01    6.618e-02      15.21s       21        
83   1.288e+01    7.497e+03    8.804e-01      2.300e+01    3.693e+01    6.618e-02      14.25s       21        
84   1.253e+01    6.858e+01    4.967e+00      2.300e+01    3.693e+01    6.618e-02      13.16s       21        
85   1.236e+01    3.342e+01    8.250e-01      2.300e+01    3.693e+01    6.618e-02      13.44s       21        
86   1.221e+01    2.751e+01    7.284e-01      2.300e+01    3.693e+01    6.618e-02      11.36s       21        
87   1.251e+01    2.716e+01    7.431e-01      2.300e+01    3.693e+01    6.618e-02      10.37s       21        
88   1.254e+01    1.835e+03    7.317e-01      2.300e+01    3.693e+01    6.618e-02      9.59s        21        
89   1.289e+01    3.701e+06    1.066e+00      2.300e+01    3.693e+01    6.618e-02      8.67s        21        
90   1.251e+01    1.157e+02    8.604e-01      2.300e+01    3.693e+01    6.618e-02      8.76s        21        
91   1.253e+01    1.146e+02    1.114e+00      2.300e+01    3.693e+01    6.618e-02      7.06s        21        
92   1.276e+01    1.319e+03    1.069e+00      2.300e+01    3.693e+01    6.618e-02      6.24s        21        
93   1.244e+01    5.924e+01    7.751e-01      2.300e+01    3.693e+01    6.618e-02      5.35s        22        
94   1.234e+01    1.026e+03    1.016e+00      2.300e+01    3.693e+01    6.618e-02      4.82s        22        
95   1.260e+01    1.873e+02    8.207e-01      2.300e+01    3.693e+01    6.618e-02      3.45s        22        
96   1.293e+01    3.939e+01    1.119e+00      2.300e+01    3.693e+01    6.618e-02      2.57s        22        
97   1.279e+01    2.667e+01    8.710e-01      2.300e+01    3.693e+01    6.618e-02      1.75s        22        
98   1.276e+01    9.698e+03    8.156e-01      2.300e+01    3.693e+01    6.618e-02      0.99s        22        
99   1.278e+01    7.489e+02    1.310e+00      2.300e+01    3.693e+01    6.618e-02      0.00s        21        
100  1.240e+01    5.910e+03    8.122e-01      2.300e+01    3.693e+01    6.618e-02      20.88s       21        
101  1.209e+01    6.910e+01    8.033e-01      2.300e+01    3.693e+01    6.618e-02      19.97s       21        
102  1.225e+01    1.203e+03    8.869e-01      2.300e+01    3.693e+01    6.618e-02      22.05s       21        
103  1.234e+01    6.642e+01    1.150e+02      2.300e+01    3.693e+01    6.618e-02      19.01s       21        
104  1.275e+01    4.189e+01    8.561e-01      2.300e+01    3.693e+01    6.618e-02      17.67s       21        
105  1.220e+01    2.137e+01    7.423e-01      2.300e+01    3.693e+01    6.618e-02      16.56s       21        
106  1.213e+01    2.099e+01    9.621e-01      2.300e+01    3.693e+01    6.618e-02      16.06s       22        
107  1.207e+01    1.201e+02    9.744e-01      2.300e+01    3.693e+01    6.618e-02      17.83s       21        
108  1.207e+01    2.022e+03    7.343e-01      2.300e+01    3.693e+01    6.618e-02      13.59s       21        
109  1.228e+01    7.843e+01    2.015e+00      2.300e+01    3.693e+01    6.618e-02      13.23s       21        
110  1.258e+01    3.788e+01    7.535e-01      2.300e+01    3.693e+01    6.618e-02      12.44s       21        
111  1.207e+01    1.628e+02    7.523e-01      2.300e+01    3.693e+01    6.618e-02      13.61s       21        
112  1.262e+01    1.178e+02    8.110e-01      2.300e+01    3.693e+01    6.618e-02      10.65s       21        
113  1.224e+01    2.848e+01    1.220e+00      2.300e+01    3.693e+01    6.618e-02      9.87s        21        
114  1.264e+01    1.382e+02    3.677e+00      2.300e+01    3.693e+01    6.618e-02      8.99s        21        
115  1.211e+01    3.710e+01    7.876e-01      2.300e+01    3.693e+01    6.618e-02      9.01s        21        
116  1.259e+01    2.233e+04    3.411e+02      2.300e+01    3.693e+01    6.618e-02      7.15s        21        
117  1.246e+01    5.148e+01    9.119e-01      2.300e+01    3.693e+01    6.618e-02      6.11s        21        
118  1.242e+01    6.023e+01    8.361e-01      2.300e+01    3.693e+01    6.618e-02      5.22s        21        
119  1.227e+01    2.455e+02    7.356e-01      2.300e+01    3.693e+01    6.618e-02      4.38s        21        
120  1.241e+01    1.983e+03    9.256e-01      2.300e+01    3.693e+01    6.618e-02      4.11s        21        
121  1.212e+01    5.439e+01    8.571e-01      2.300e+01    3.693e+01    6.618e-02      2.61s        21        
122  1.205e+01    1.829e+02    7.488e-01      2.300e+01    3.693e+01    6.618e-02      1.75s        21        
123  1.202e+01    5.705e+03    7.758e-01      2.300e+01    3.693e+01    6.618e-02      0.88s        21        
124  1.200e+01    4.558e+01    9.915e-01      2.300e+01    3.693e+01    6.618e-02      0.00s        21        
125  1.196e+01    2.874e+01    1.556e+00      2.300e+01    3.693e+01    6.618e-02      20.80s       22        
126  1.234e+01    3.590e+03    7.924e-01      2.300e+01    3.693e+01    6.618e-02      19.81s       22        
127  1.210e+01    2.897e+02    8.625e-01      2.300e+01    3.693e+01    6.618e-02      19.23s       22        
128  1.239e+01    3.678e+01    8.615e-01      2.300e+01    3.693e+01    6.618e-02      18.35s       22        
129  1.283e+01    3.476e+02    7.609e-01      2.300e+01    3.693e+01    6.618e-02      20.24s       22        
130  1.256e+01    9.389e+02    7.742e-01      2.300e+01    3.693e+01    6.618e-02      16.67s       22        
131  1.200e+01    4.674e+02    1.025e+00      2.300e+01    3.693e+01    6.618e-02      16.26s       23        
132  1.230e+01    4.908e+02    6.708e+01      2.300e+01    3.693e+01    6.618e-02      15.13s       23        
133  1.279e+01    4.389e+01    7.381e-01      2.300e+01    3.693e+01    6.618e-02      14.31s       23        
134  1.238e+01    8.102e+02    1.036e+00      2.300e+01    3.693e+01    6.618e-02      15.35s       21        
135  1.135e+01    3.509e+01    3.856e+01      2.300e+01    3.693e+01    6.618e-02      12.07s       21        
136  1.163e+01    3.197e+01    7.726e-01      2.300e+01    3.693e+01    6.618e-02      11.36s       21        
137  1.172e+01    1.593e+02    9.006e-01      2.300e+01    3.693e+01    6.618e-02      10.55s       18        
138  1.166e+01    2.907e+01    9.715e-01      2.300e+01    3.693e+01    6.618e-02      11.12s       18        
139  1.209e+01    2.400e+01    7.786e-01      2.300e+01    3.693e+01    6.618e-02      8.83s        18        
140  1.240e+01    5.133e+03    8.269e-01      2.300e+01    3.693e+01    6.618e-02      7.89s        18        
141  1.226e+01    1.423e+02    1.121e+00      2.300e+01    3.693e+01    6.618e-02      7.10s        18        
142  1.244e+01    2.292e+03    1.251e+00      2.300e+01    3.693e+01    6.618e-02      7.31s        17        
143  1.220e+01    2.187e+01    1.322e+00      2.300e+01    3.693e+01    6.618e-02      5.29s        18        
144  1.259e+01    7.417e+04    1.120e+00      2.300e+01    3.693e+01    6.618e-02      4.37s        18        
145  1.215e+01    4.159e+01    9.156e-01      2.300e+01    3.693e+01    6.618e-02      3.52s        18        
146  1.148e+01    2.367e+01    8.416e-01      2.300e+01    3.693e+01    6.618e-02      2.99s        19        
147  1.175e+01    1.877e+01    7.076e-01      2.300e+01    3.693e+01    6.618e-02      1.75s        19        
148  1.183e+01    7.407e+01    8.904e-01      2.300e+01    3.693e+01    6.618e-02      0.87s        19        
149  1.195e+01    1.976e+01    7.818e-01      2.300e+01    3.693e+01    6.618e-02      0.00s        19        
150  1.215e+01    3.352e+02    4.633e+01      2.300e+01    3.693e+01    6.618e-02      20.56s       19        
151  1.202e+01    6.399e+01    7.484e-01      2.300e+01    3.693e+01    6.618e-02      23.22s       19        
152  1.199e+01    3.500e+01    4.941e+00      2.300e+01    3.693e+01    6.618e-02      18.74s       19        
153  1.191e+01    3.255e+02    7.199e-01      2.300e+01    3.693e+01    6.618e-02      17.78s       19        
154  1.245e+01    6.734e+03    7.804e-01      2.300e+01    3.693e+01    6.618e-02      17.30s       19        
155  1.217e+01    2.438e+01    7.755e-01      2.300e+01    3.693e+01    6.618e-02      16.26s       19        
156  1.251e+01    3.965e+04    3.069e+01      2.300e+01    3.693e+01    6.618e-02      17.82s       18        
157  1.216e+01    5.400e+01    9.841e-01      2.300e+01    3.693e+01    6.618e-02      14.58s       18        
158  1.183e+01    8.511e+01    9.094e-01      2.300e+01    3.693e+01    6.618e-02      13.80s       18        
159  1.210e+01    5.619e+01    8.492e-01      2.300e+01    3.693e+01    6.618e-02      13.25s       18        
160  1.222e+01    2.219e+05    9.629e-01      2.300e+01    3.693e+01    6.618e-02      14.44s       18        
161  1.173e+01    4.235e+01    7.144e-01      2.300e+01    3.693e+01    6.618e-02      11.89s       19        
162  1.216e+01    2.598e+01    7.572e-01      2.300e+01    3.693e+01    6.618e-02      10.52s       19        
163  1.238e+01    2.758e+01    7.613e-01      2.300e+01    3.693e+01    6.618e-02      9.64s        19        
164  1.219e+01    1.850e+02    3.790e+00      2.300e+01    3.693e+01    6.618e-02      8.86s        19        
165  1.206e+01    2.432e+01    8.994e-01      2.300e+01    3.693e+01    6.618e-02      9.00s        19        
166  1.205e+01    2.199e+01    8.204e-01      2.300e+01    3.693e+01    6.618e-02      7.07s        19        
167  1.249e+01    5.938e+04    8.186e-01      2.300e+01    3.693e+01    6.618e-02      6.18s        19        
168  1.214e+01    2.723e+02    7.400e-01      2.300e+01    3.693e+01    6.618e-02      5.20s        19        
169  1.190e+01    2.025e+02    8.066e-01      2.300e+01    3.693e+01    6.618e-02      5.14s        19        
170  1.202e+01    3.999e+01    8.017e-01      2.300e+01    3.693e+01    6.618e-02      3.56s        19        
171  1.229e+01    9.934e+02    2.140e+00      2.300e+01    3.693e+01    6.618e-02      2.58s        19        
172  1.262e+01    1.952e+01    7.692e-01      2.300e+01    3.693e+01    6.618e-02      1.70s        19        
173  1.224e+01    6.642e+03    8.389e-01      2.300e+01    3.693e+01    6.618e-02      0.86s        19        
174  1.225e+01    2.398e+01    9.888e-01      2.300e+01    3.693e+01    6.618e-02      0.00s        19        
175  1.176e+01    1.571e+02    7.946e-01      2.300e+01    3.693e+01    6.618e-02      20.57s       19        
176  1.211e+01    9.697e+01    1.058e+00      2.300e+01    3.693e+01    6.618e-02      19.66s       19        
177  1.164e+01    7.743e+01    8.062e-01      2.300e+01    3.693e+01    6.618e-02      19.46s       19        
178  1.195e+01    6.605e+05    8.500e-01      2.300e+01    3.693e+01    6.618e-02      21.52s       19        
179  1.187e+01    3.472e+01    8.593e-01      2.300e+01    3.693e+01    6.618e-02      17.60s       19        
180  1.203e+01    2.096e+01    7.213e-01      2.300e+01    3.693e+01    6.618e-02      16.44s       19        
181  1.223e+01    4.503e+03    7.832e-01      2.300e+01    3.693e+01    6.618e-02      15.75s       19        
182  1.162e+01    2.066e+01    7.462e-01      2.300e+01    3.693e+01    6.618e-02      14.79s       19        
183  1.204e+01    1.988e+01    4.363e+00      2.300e+01    3.693e+01    6.618e-02      16.02s       19        
184  1.192e+01    3.219e+01    9.871e-01      2.300e+01    3.693e+01    6.618e-02      13.00s       19        
185  1.191e+01    6.151e+02    1.536e+00      2.300e+01    3.693e+01    6.618e-02      12.47s       19        
186  1.196e+01    2.042e+01    9.516e-01      2.300e+01    3.693e+01    6.618e-02      11.45s       19        
187  1.197e+01    2.416e+05    1.140e+00      2.300e+01    3.693e+01    6.618e-02      10.28s       19        
188  1.230e+01    1.051e+03    1.460e+00      2.300e+01    3.693e+01    6.618e-02      11.02s       19        
189  1.204e+01    4.270e+04    1.049e+00      2.300e+01    3.693e+01    6.618e-02      9.11s        19        
190  1.202e+01    3.989e+01    3.710e+00      2.300e+01    3.693e+01    6.618e-02      7.65s        19        
191  1.193e+01    2.289e+01    7.680e-01      2.300e+01    3.693e+01    6.618e-02      6.80s        19        
192  1.208e+01    4.438e+03    1.188e+00      2.300e+01    3.693e+01    6.618e-02      6.07s        19        
193  1.242e+01    1.652e+05    6.105e+00      2.300e+01    3.693e+01    6.618e-02      5.97s        19        
194  1.212e+01    2.836e+02    9.853e-01      2.300e+01    3.693e+01    6.618e-02      4.29s        19        
195  1.186e+01    2.446e+01    1.671e+00      2.300e+01    3.693e+01    6.618e-02      3.43s        19        
196  1.253e+01    3.530e+02    7.167e-01      2.300e+01    3.693e+01    6.618e-02      2.62s        19        
197  1.235e+01    2.059e+01    9.904e-01      2.300e+01    3.693e+01    6.618e-02      1.73s        19        
198  1.221e+01    4.786e+01    7.526e-01      2.300e+01    3.693e+01    6.618e-02      0.98s        19        
199  1.187e+01    3.173e+01    9.955e-01      2.300e+01    3.693e+01    6.618e-02      0.00s        19        
200  1.189e+01    1.664e+01    1.072e+00      2.300e+01    3.693e+01    6.618e-02      20.42s       19        
201  1.183e+01    1.055e+02    7.740e-01      2.300e+01    3.693e+01    6.618e-02      19.31s       19        
202  1.188e+01    3.370e+01    1.105e+00      2.300e+01    3.693e+01    6.618e-02      21.62s       19        
203  1.208e+01    2.707e+01    9.507e-01      2.300e+01    3.693e+01    6.618e-02      17.82s       19        
204  1.146e+01    7.062e+02    8.817e-01      2.300e+01    3.693e+01    6.618e-02      16.69s       19        
205  1.158e+01    2.560e+02    7.585e-01      2.300e+01    3.693e+01    6.618e-02      16.24s       19        
206  1.208e+01    1.908e+01    2.411e+00      2.300e+01    3.693e+01    6.618e-02      15.23s       19        
207  1.208e+01    2.251e+01    7.705e-01      2.300e+01    3.693e+01    6.618e-02      16.96s       19        
208  1.205e+01    2.190e+01    8.664e-01      2.300e+01    3.693e+01    6.618e-02      13.90s       19        
209  1.166e+01    1.036e+05    1.616e+00      2.300e+01    3.693e+01    6.618e-02      12.77s       19        
210  1.176e+01    5.289e+01    1.115e+00      2.300e+01    3.693e+01    6.618e-02      11.95s       19        
211  1.208e+01    1.790e+01    8.730e-01      2.300e+01    3.693e+01    6.618e-02      11.03s       19        
212  1.189e+01    3.239e+01    8.929e-01      2.300e+01    3.693e+01    6.618e-02      11.91s       19        
213  1.194e+01    6.487e+01    7.990e-01      2.300e+01    3.693e+01    6.618e-02      9.46s        19        
214  1.189e+01    2.162e+01    1.323e+00      2.300e+01    3.693e+01    6.618e-02      8.67s        19        
215  1.202e+01    1.954e+01    8.104e-01      2.300e+01    3.693e+01    6.618e-02      7.78s        19        
216  1.239e+01    4.805e+01    7.905e-01      2.300e+01    3.693e+01    6.618e-02      6.91s        19        
217  1.220e+01    1.743e+01    9.031e-01      2.300e+01    3.693e+01    6.618e-02      6.10s        19        
218  1.232e+01    3.975e+01    8.313e-01      2.300e+01    3.693e+01    6.618e-02      5.23s        19        
219  1.232e+01    4.815e+03    8.953e-01      2.300e+01    3.693e+01    6.618e-02      4.48s        19        
220  1.217e+01    1.824e+02    1.085e+05      2.300e+01    3.693e+01    6.618e-02      3.48s        19        
221  1.185e+01    1.895e+02    8.595e-01      2.300e+01    3.693e+01    6.618e-02      3.07s        19        
222  1.192e+01    2.994e+01    8.387e-01      2.300e+01    3.693e+01    6.618e-02      1.74s        19        
223  1.221e+01    2.188e+03    8.176e-01      2.300e+01    3.693e+01    6.618e-02      0.86s        19        
224  1.239e+01    9.770e+01    9.789e-01      2.300e+01    3.693e+01    6.618e-02      0.00s        19        
225  1.200e+01    3.565e+01    1.329e+01      2.300e+01    3.693e+01    6.618e-02      20.63s       19        
226  1.216e+01    2.764e+01    2.387e+01      2.300e+01    3.693e+01    6.618e-02      23.10s       19        
227  1.228e+01    6.343e+01    9.690e-01      2.300e+01    3.693e+01    6.618e-02      19.35s       19        
228  1.248e+01    2.408e+08    7.027e-01      2.300e+01    3.693e+01    6.618e-02      17.96s       19        
229  1.215e+01    4.143e+01    1.126e+00      2.300e+01    3.693e+01    6.618e-02      17.35s       19        
230  1.182e+01    4.341e+01    9.393e-01      2.300e+01    3.693e+01    6.618e-02      16.08s       19        
231  1.186e+01    2.159e+01    3.494e+00      2.300e+01    3.693e+01    6.618e-02      17.70s       19        
232  1.197e+01    4.009e+01    8.568e-01      2.300e+01    3.693e+01    6.618e-02      14.75s       19        
233  1.225e+01    1.095e+03    1.084e+00      2.300e+01    3.693e+01    6.618e-02      13.62s       19        
234  1.204e+01    2.420e+01    7.214e-01      2.300e+01    3.693e+01    6.618e-02      12.87s       19        
235  1.232e+01    9.087e+06    2.003e+00      2.300e+01    3.693e+01    6.618e-02      12.53s       19        
236  1.220e+01    7.766e+01    2.646e+01      2.300e+01    3.693e+01    6.618e-02      13.46s       19        
237  1.239e+01    2.153e+01    8.192e-01      2.300e+01    3.693e+01    6.618e-02      10.40s       19        
238  1.210e+01    2.393e+03    1.208e+00      2.300e+01    3.693e+01    6.618e-02      9.87s        19        
239  1.176e+01    2.215e+01    9.057e-01      2.300e+01    3.693e+01    6.618e-02      8.73s        19        
240  1.231e+01    1.109e+05    8.761e-01      2.300e+01    3.693e+01    6.618e-02      7.81s        19        
241  1.217e+01    3.010e+01    7.139e+01      2.300e+01    3.693e+01    6.618e-02      8.37s        19        
242  1.217e+01    4.073e+01    9.943e-01      2.300e+01    3.693e+01    6.618e-02      6.18s        19        
243  1.183e+01    8.003e+01    1.369e+00      2.300e+01    3.693e+01    6.618e-02      5.26s        19        
244  1.223e+01    4.587e+01    7.309e-01      2.300e+01    3.693e+01    6.618e-02      4.41s        19        
245  1.205e+01    3.959e+01    2.369e+00      2.300e+01    3.693e+01    6.618e-02      3.55s        19        
246  1.179e+01    4.098e+03    1.083e+00      2.300e+01    3.693e+01    6.618e-02      2.98s        19        
247  1.219e+01    1.153e+02    1.940e+00      2.300e+01    3.693e+01    6.618e-02      1.75s        19        
248  1.215e+01    2.897e+01    4.940e+01      2.300e+01    3.693e+01    6.618e-02      0.88s        19        
249  1.194e+01    1.858e+03    1.169e+00      2.300e+01    3.693e+01    6.618e-02      0.00s        19        
250  1.209e+01    3.662e+01    2.340e+00      2.300e+01    3.693e+01    6.618e-02      20.86s       19        
251  1.190e+01    7.498e+03    9.181e-01      2.300e+01    3.693e+01    6.618e-02      22.43s       19        
252  1.216e+01    5.502e+01    9.248e-01      2.300e+01    3.693e+01    6.618e-02      18.74s       19        
253  1.236e+01    2.527e+01    1.023e+00      2.300e+01    3.693e+01    6.618e-02      17.99s       19        
254  1.220e+01    2.178e+01    1.034e+00      2.300e+01    3.693e+01    6.618e-02      17.40s       19        
255  1.222e+01    3.189e+01    1.229e+01      2.300e+01    3.693e+01    6.618e-02      15.95s       19        
256  1.217e+01    9.120e+01    7.175e-01      2.300e+01    3.693e+01    6.618e-02      17.45s       19        
257  1.189e+01    1.294e+02    8.154e-01      2.300e+01    3.693e+01    6.618e-02      14.53s       19        
258  1.189e+01    2.435e+01    1.836e+00      2.300e+01    3.693e+01    6.618e-02      13.63s       19        
259  1.193e+01    2.053e+01    1.319e+00      2.300e+01    3.693e+01    6.618e-02      12.97s       19        
260  1.201e+01    1.679e+03    7.865e-01      2.300e+01    3.693e+01    6.618e-02      14.22s       19        
261  1.171e+01    3.055e+07    3.902e+02      2.300e+01    3.693e+01    6.618e-02      11.47s       19        
262  1.235e+01    5.802e+03    9.485e-01      2.300e+01    3.693e+01    6.618e-02      10.60s       19        
263  1.227e+01    5.163e+01    8.744e-01      2.300e+01    3.693e+01    6.618e-02      9.68s        19        
264  1.183e+01    2.481e+01    6.681e+01      2.300e+01    3.693e+01    6.618e-02      8.79s        19        
265  1.220e+01    4.209e+01    1.978e+00      2.300e+01    3.693e+01    6.618e-02      7.67s        19        
266  1.257e+01    1.006e+02    8.870e-01      2.300e+01    3.693e+01    6.618e-02      8.08s        19        
267  1.211e+01    1.691e+03    2.629e+00      2.300e+01    3.693e+01    6.618e-02      6.19s        19        
268  1.166e+01    1.209e+02    1.195e+01      2.300e+01    3.693e+01    6.618e-02      5.45s        19        
269  1.207e+01    2.402e+01    1.089e+01      2.300e+01    3.693e+01    6.618e-02      4.43s        19        
270  1.205e+01    4.648e+01    7.529e-01      2.300e+01    3.693e+01    6.618e-02      3.51s        19        
271  1.167e+01    2.134e+01    1.065e+00      2.300e+01    3.693e+01    6.618e-02      3.03s        19        
272  1.221e+01    6.154e+01    8.715e-01      2.300e+01    3.693e+01    6.618e-02      1.75s        19        
273  1.194e+01    6.369e+03    7.630e-01      2.300e+01    3.693e+01    6.618e-02      0.88s        19        
274  1.240e+01    9.626e+06    1.273e+00      2.300e+01    3.693e+01    6.618e-02      0.00s        19        
275  1.232e+01    5.857e+02    5.823e+00      2.300e+01    3.693e+01    6.618e-02      20.87s       19        
276  1.196e+01    1.979e+01    1.534e+00      2.300e+01    3.693e+01    6.618e-02      23.49s       19        
277  1.196e+01    2.291e+01    1.982e+00      2.300e+01    3.693e+01    6.618e-02      19.12s       19        
278  1.220e+01    3.596e+01    1.288e+00      2.300e+01    3.693e+01    6.618e-02      18.36s       19        
279  1.234e+01    1.067e+04    9.126e-01      2.300e+01    3.693e+01    6.618e-02      17.27s       19        
280  1.200e+01    2.613e+01    8.383e-01      2.300e+01    3.693e+01    6.618e-02      16.74s       19        
281  1.187e+01    2.089e+01    1.076e+01      2.300e+01    3.693e+01    6.618e-02      18.65s       19        
282  1.243e+01    4.162e+01    7.108e-01      2.300e+01    3.693e+01    6.618e-02      14.96s       19        
283  1.231e+01    8.796e+01    2.497e+00      2.300e+01    3.693e+01    6.618e-02      13.90s       19        
284  1.211e+01    3.619e+03    6.957e-01      2.300e+01    3.693e+01    6.618e-02      12.81s       19        
285  1.202e+01    1.097e+02    4.162e+00      2.300e+01    3.693e+01    6.618e-02      12.34s       19        
286  1.161e+01    2.431e+01    7.541e-01      2.300e+01    3.693e+01    6.618e-02      13.42s       19        
287  1.212e+01    3.039e+01    1.102e+00      2.300e+01    3.693e+01    6.618e-02      10.57s       19        
288  1.247e+01    2.454e+01    4.488e+00      2.300e+01    3.693e+01    6.618e-02      9.59s        19        
289  1.213e+01    2.742e+01    1.218e+00      2.300e+01    3.693e+01    6.618e-02      8.98s        19        
290  1.192e+01    4.963e+01    1.886e+00      2.300e+01    3.693e+01    6.618e-02      7.63s        19        
291  1.226e+01    2.468e+02    7.785e-01      2.300e+01    3.693e+01    6.618e-02      8.22s        19        
292  1.179e+01    1.856e+01    6.184e+00      2.300e+01    3.693e+01    6.618e-02      6.31s        19        
293  1.227e+01    6.182e+01    2.761e+00      2.300e+01    3.693e+01    6.618e-02      5.22s        19        
294  1.182e+01    4.563e+03    9.162e-01      2.300e+01    3.693e+01    6.618e-02      4.30s        19        
295  1.227e+01    1.989e+05    8.169e-01      2.300e+01    3.693e+01    6.618e-02      3.52s        19        
296  1.177e+01    3.747e+01    3.869e+00      2.300e+01    3.693e+01    6.618e-02      2.65s        19        
297  1.202e+01    2.418e+01    8.488e-01      2.300e+01    3.693e+01    6.618e-02      2.07s        19        
298  1.218e+01    3.409e+01    1.131e+00      2.300e+01    3.693e+01    6.618e-02      0.89s        19        
299  1.240e+01    6.087e+01    7.997e-01      2.300e+01    3.693e+01    6.618e-02      0.00s        19        
300  1.214e+01    2.797e+02    1.596e+00      2.300e+01    3.693e+01    6.618e-02      21.32s       19        
301  1.225e+01    2.181e+01    1.006e+00      2.300e+01    3.693e+01    6.618e-02      20.29s       19        
302  1.164e+01    2.428e+01    3.258e+00      2.300e+01    3.693e+01    6.618e-02      22.50s       19        
303  1.191e+01    4.227e+01    2.903e+00      2.300e+01    3.693e+01    6.618e-02      18.43s       19        
304  1.194e+01    2.218e+01    7.394e-01      2.300e+01    3.693e+01    6.618e-02      18.09s       19        
305  1.214e+01    2.259e+01    7.830e-01      2.300e+01    3.693e+01    6.618e-02      16.68s       19        
306  1.214e+01    6.272e+01    3.497e+00      2.300e+01    3.693e+01    6.618e-02      15.77s       19        
307  1.191e+01    4.749e+01    1.157e+00      2.300e+01    3.693e+01    6.618e-02      17.54s       19        
308  1.212e+01    5.246e+01    8.667e-01      2.300e+01    3.693e+01    6.618e-02      14.07s       17        
309  1.162e+01    8.415e+03    1.797e+00      2.300e+01    3.693e+01    6.618e-02      13.38s       17        
310  1.129e+01    1.852e+01    1.553e+00      2.300e+01    3.693e+01    6.618e-02      11.99s       18        
311  1.122e+01    5.296e+06    8.339e-01      2.300e+01    3.693e+01    6.618e-02      11.29s       18        
312  1.076e+01    4.224e+01    6.795e+01      2.300e+01    3.693e+01    6.618e-02      12.00s       18        
313  1.067e+01    1.981e+01    8.095e-01      2.300e+01    3.693e+01    6.618e-02      9.65s        18        
314  1.091e+01    1.745e+01    7.185e-01      2.300e+01    3.693e+01    6.618e-02      8.61s        18        
315  1.048e+01    2.171e+01    8.392e-01      2.300e+01    3.693e+01    6.618e-02      7.70s        18        
316  1.071e+01    8.781e+02    1.152e+00      2.300e+01    3.693e+01    6.618e-02      7.05s        18        
317  1.079e+01    2.702e+01    7.609e-01      2.300e+01    3.693e+01    6.618e-02      7.26s        18        
318  1.051e+01    3.235e+01    1.028e+00      2.300e+01    3.693e+01    6.618e-02      5.42s        18        
319  1.120e+01    3.260e+02    8.915e-01      2.300e+01    3.693e+01    6.618e-02      4.36s        18        
320  1.168e+01    8.717e+01    7.194e-01      2.300e+01    3.693e+01    6.618e-02      3.44s        18        
321  1.119e+01    5.070e+01    5.068e+00      2.300e+01    3.693e+01    6.618e-02      2.52s        18        
322  1.117e+01    1.867e+02    1.640e+00      2.300e+01    3.693e+01    6.618e-02      1.70s        18        
323  1.060e+01    1.944e+02    9.034e-01      2.300e+01    3.693e+01    6.618e-02      1.01s        18        
324  1.092e+01    9.673e+01    1.226e+00      2.300e+01    3.693e+01    6.618e-02      0.00s        18        
325  1.105e+01    1.901e+09    9.924e-01      2.300e+01    3.693e+01    6.618e-02      20.68s       18        
326  1.097e+01    2.842e+01    5.564e+02      2.300e+01    3.693e+01    6.618e-02      19.53s       18        
327  1.107e+01    6.305e+01    1.043e+00      2.300e+01    3.693e+01    6.618e-02      18.84s       18        
328  1.157e+01    2.932e+01    1.195e+00      2.300e+01    3.693e+01    6.618e-02      21.03s       18        
329  1.157e+01    2.452e+02    6.775e+01      2.300e+01    3.693e+01    6.618e-02      17.46s       18        
330  1.116e+01    2.192e+01    9.306e-01      2.300e+01    3.693e+01    6.618e-02      15.90s       18        
331  1.100e+01    3.667e+02    3.735e+01      2.300e+01    3.693e+01    6.618e-02      15.57s       18        
332  1.129e+01    4.711e+01    1.655e+00      2.300e+01    3.693e+01    6.618e-02      14.41s       18        
333  1.106e+01    8.788e+01    8.379e-01      2.300e+01    3.693e+01    6.618e-02      16.13s       18        
334  1.120e+01    2.456e+01    9.130e-01      2.300e+01    3.693e+01    6.618e-02      14.13s       18        
335  1.097e+01    6.232e+02    9.598e-01      2.300e+01    3.693e+01    6.618e-02      12.19s       18        
336  1.128e+01    8.385e+01    8.999e-01      2.300e+01    3.693e+01    6.618e-02      11.51s       18        
337  1.105e+01    1.930e+02    7.046e-01      2.300e+01    3.693e+01    6.618e-02      10.28s       18        
338  1.137e+01    5.015e+01    8.433e-01      2.300e+01    3.693e+01    6.618e-02      9.62s        18        
339  1.105e+01    3.589e+01    2.554e+00      2.300e+01    3.693e+01    6.618e-02      10.20s       18        
340  1.109e+01    3.328e+06    8.016e-01      2.300e+01    3.693e+01    6.618e-02      7.73s        18        
341  1.116e+01    1.414e+02    9.115e-01      2.300e+01    3.693e+01    6.618e-02      6.99s        18        
342  1.084e+01    2.586e+01    8.162e-01      2.300e+01    3.693e+01    6.618e-02      6.07s        18        
343  1.130e+01    4.577e+04    9.406e-01      2.300e+01    3.693e+01    6.618e-02      5.26s        18        
344  1.132e+01    1.116e+02    7.843e-01      2.300e+01    3.693e+01    6.618e-02      5.28s        18        
345  1.121e+01    1.794e+02    9.011e-01      2.300e+01    3.693e+01    6.618e-02      3.59s        18        
346  1.101e+01    2.032e+01    8.661e-01      2.300e+01    3.693e+01    6.618e-02      2.53s        18        
347  1.075e+01    4.066e+01    9.777e-01      2.300e+01    3.693e+01    6.618e-02      1.71s        18        
348  1.127e+01    3.076e+01    9.602e-01      2.300e+01    3.693e+01    6.618e-02      0.83s        18        
349  1.122e+01    3.339e+01    9.509e-01      2.300e+01    3.693e+01    6.618e-02      0.00s        18        
350  1.100e+01    5.551e+02    7.569e-01      2.300e+01    3.693e+01    6.618e-02      20.61s       18        
351  1.115e+01    2.152e+02    9.405e-01      2.300e+01    3.693e+01    6.618e-02      19.75s       18        
352  1.057e+01    5.811e+01    1.023e+00      2.300e+01    3.693e+01    6.618e-02      18.65s       18        
353  1.077e+01    2.905e+02    8.219e-01      2.300e+01    3.693e+01    6.618e-02      17.75s       18        
354  1.092e+01    1.609e+03    9.994e-01      2.300e+01    3.693e+01    6.618e-02      17.28s       18        
355  1.116e+01    1.959e+05    7.885e+00      2.300e+01    3.693e+01    6.618e-02      19.21s       18        
356  1.100e+01    2.845e+01    1.224e+02      2.300e+01    3.693e+01    6.618e-02      15.33s       18        
357  1.113e+01    6.079e+04    1.719e+01      2.300e+01    3.693e+01    6.618e-02      14.63s       18        
358  1.118e+01    3.194e+02    7.303e-01      2.300e+01    3.693e+01    6.618e-02      13.92s       18        
359  1.101e+01    2.816e+02    8.458e-01      2.300e+01    3.693e+01    6.618e-02      13.25s       18        
360  1.067e+01    2.506e+02    1.016e+00      2.300e+01    3.693e+01    6.618e-02      14.70s       18        
361  1.094e+01    2.092e+05    8.440e-01      2.300e+01    3.693e+01    6.618e-02      11.63s       18        
362  1.122e+01    9.993e+01    1.032e+00      2.300e+01    3.693e+01    6.618e-02      10.49s       18        
363  1.081e+01    5.481e+01    7.220e-01      2.300e+01    3.693e+01    6.618e-02      9.65s        18        
364  1.109e+01    7.045e+01    1.147e+00      2.300e+01    3.693e+01    6.618e-02      8.72s        18        
365  1.165e+01    3.573e+01    9.204e-01      2.300e+01    3.693e+01    6.618e-02      7.91s        18        
366  1.119e+01    3.882e+02    9.650e-01      2.300e+01    3.693e+01    6.618e-02      8.31s        18        
367  1.096e+01    2.088e+01    8.217e-01      2.300e+01    3.693e+01    6.618e-02      6.20s        18        
368  1.104e+01    3.520e+01    8.735e+00      2.300e+01    3.693e+01    6.618e-02      5.26s        18        
369  1.103e+01    5.457e+05    1.583e+00      2.300e+01    3.693e+01    6.618e-02      4.33s        18        
370  1.113e+01    1.032e+02    1.225e+00      2.300e+01    3.693e+01    6.618e-02      3.45s        18        
371  1.124e+01    1.857e+02    3.010e+00      2.300e+01    3.693e+01    6.618e-02      3.12s        18        
372  1.063e+01    5.252e+01    1.215e+00      2.300e+01    3.693e+01    6.618e-02      1.76s        18        
373  1.117e+01    1.815e+01    1.279e+00      2.300e+01    3.693e+01    6.618e-02      0.85s        18        
374  1.126e+01    8.155e+06    8.417e+00      2.300e+01    3.693e+01    6.618e-02      0.00s        18        
375  1.103e+01    4.452e+01    9.428e-01      2.300e+01    3.693e+01    6.618e-02      20.15s       18        
376  1.097e+01    2.502e+01    7.983e-01      2.300e+01    3.693e+01    6.618e-02      20.07s       18        
377  1.100e+01    2.865e+01    8.177e-01      2.300e+01    3.693e+01    6.618e-02      22.19s       18        
378  1.129e+01    2.996e+01    8.305e-01      2.300e+01    3.693e+01    6.618e-02      18.18s       18        
379  1.104e+01    2.574e+01    8.173e-01      2.300e+01    3.693e+01    6.618e-02      17.43s       18        
380  1.085e+01    1.038e+04    8.228e-01      2.300e+01    3.693e+01    6.618e-02      16.45s       18        
381  1.101e+01    4.327e+03    9.487e-01      2.300e+01    3.693e+01    6.618e-02      15.57s       18        
382  1.103e+01    2.160e+01    8.321e-01      2.300e+01    3.693e+01    6.618e-02      17.15s       18        
383  1.111e+01    8.490e+01    7.682e-01      2.300e+01    3.693e+01    6.618e-02      13.90s       18        
384  1.069e+01    2.937e+01    8.733e-01      2.300e+01    3.693e+01    6.618e-02      12.51s       18        
385  1.079e+01    8.192e+01    7.948e-01      2.300e+01    3.693e+01    6.618e-02      11.84s       18        
386  1.116e+01    6.105e+01    7.677e-01      2.300e+01    3.693e+01    6.618e-02      11.11s       18        
387  1.114e+01    1.950e+01    6.688e+01      2.300e+01    3.693e+01    6.618e-02      10.35s       18        
388  1.121e+01    2.410e+01    9.767e-01      2.300e+01    3.693e+01    6.618e-02      11.57s       18        
389  1.126e+01    6.321e+01    1.033e+00      2.300e+01    3.693e+01    6.618e-02      8.89s        18        
390  1.058e+01    1.799e+02    8.361e+00      2.300e+01    3.693e+01    6.618e-02      7.83s        18        
391  1.147e+01    2.084e+01    7.080e-01      2.300e+01    3.693e+01    6.618e-02      6.93s        18        
392  1.128e+01    4.655e+01    1.027e+00      2.300e+01    3.693e+01    6.618e-02      6.10s        18        
393  1.139e+01    1.900e+03    7.434e-01      2.300e+01    3.693e+01    6.618e-02      5.11s        18        
394  1.149e+01    2.601e+01    9.476e-01      2.300e+01    3.693e+01    6.618e-02      5.26s        18        
395  1.131e+01    2.251e+01    8.345e-01      2.300e+01    3.693e+01    6.618e-02      3.47s        18        
396  1.145e+01    7.920e+04    4.382e+00      2.300e+01    3.693e+01    6.618e-02      2.65s        18        
397  1.102e+01    3.952e+02    7.103e+00      2.300e+01    3.693e+01    6.618e-02      1.76s        18        
398  1.107e+01    2.149e+01    7.326e-01      2.300e+01    3.693e+01    6.618e-02      0.87s        18        
399  1.074e+01    5.198e+01    7.578e-01      2.300e+01    3.693e+01    6.618e-02      0.00s        18        
400  1.103e+01    9.688e+03    1.319e+00      2.300e+01    3.693e+01    6.618e-02      20.99s       18        
401  1.114e+01    2.137e+01    8.091e-01      2.300e+01    3.693e+01    6.618e-02      20.37s       18        
402  1.136e+01    3.875e+01    8.621e+00      2.300e+01    3.693e+01    6.618e-02      19.30s       18        
403  1.089e+01    3.208e+01    9.477e-01      2.300e+01    3.693e+01    6.618e-02      18.64s       18        
404  1.116e+01    2.472e+01    7.810e-01      2.300e+01    3.693e+01    6.618e-02      17.23s       18        
405  1.123e+01    6.519e+01    1.043e+00      2.300e+01    3.693e+01    6.618e-02      19.65s       18        
406  1.093e+01    1.121e+02    8.751e-01      2.300e+01    3.693e+01    6.618e-02      15.37s       19        
407  1.077e+01    6.937e+01    8.704e-01      2.300e+01    3.693e+01    6.618e-02      14.77s       19        
408  1.124e+01    1.962e+06    7.087e-01      2.300e+01    3.693e+01    6.618e-02      14.16s       19        
409  1.115e+01    1.671e+02    1.571e+00      2.300e+01    3.693e+01    6.618e-02      13.02s       19        
410  1.146e+01    2.561e+01    9.488e-01      2.300e+01    3.693e+01    6.618e-02      15.07s       19        
411  1.100e+01    4.199e+01    8.887e-01      2.300e+01    3.693e+01    6.618e-02      11.38s       19        
412  1.095e+01    8.452e+02    6.349e+01      2.300e+01    3.693e+01    6.618e-02      10.53s       19        
413  1.125e+01    2.487e+02    2.340e+00      2.300e+01    3.693e+01    6.618e-02      9.66s        19        
414  1.116e+01    4.285e+01    5.538e+00      2.300e+01    3.693e+01    6.618e-02      8.73s        19        
415  1.103e+01    1.454e+02    8.774e-01      2.300e+01    3.693e+01    6.618e-02      7.87s        19        
416  1.090e+01    2.059e+01    7.020e-01      2.300e+01    3.693e+01    6.618e-02      8.37s        19        
417  1.084e+01    1.616e+02    1.294e+00      2.300e+01    3.693e+01    6.618e-02      6.22s        19        
418  1.104e+01    2.403e+01    8.996e-01      2.300e+01    3.693e+01    6.618e-02      5.18s        19        
419  1.129e+01    6.531e+01    2.136e+00      2.300e+01    3.693e+01    6.618e-02      4.39s        19        
420  1.156e+01    3.294e+01    8.060e-01      2.300e+01    3.693e+01    6.618e-02      3.48s        19        
421  1.127e+01    1.995e+01    2.799e+01      2.300e+01    3.693e+01    6.618e-02      3.20s        19        
422  1.103e+01    2.424e+01    7.385e-01      2.300e+01    3.693e+01    6.618e-02      1.77s        19        
423  1.098e+01    7.787e+01    9.134e-01      2.300e+01    3.693e+01    6.618e-02      0.86s        19        
424  1.096e+01    2.218e+01    7.581e-01      2.300e+01    3.693e+01    6.618e-02      0.00s        19        
425  1.070e+01    2.565e+01    8.949e-01      2.300e+01    3.693e+01    6.618e-02      20.42s       19        
426  1.148e+01    1.776e+02    1.538e+01      2.300e+01    3.693e+01    6.618e-02      20.15s       19        
427  1.110e+01    7.409e+03    9.854e-01      2.300e+01    3.693e+01    6.618e-02      22.87s       19        
428  1.132e+01    5.928e+01    1.276e+02      2.300e+01    3.693e+01    6.618e-02      19.23s       19        
429  1.146e+01    3.015e+02    4.036e+05      2.300e+01    3.693e+01    6.618e-02      17.40s       19        
430  1.116e+01    6.679e+01    1.391e+02      2.300e+01    3.693e+01    6.618e-02      17.15s       19        
431  1.102e+01    4.249e+04    8.376e-01      2.300e+01    3.693e+01    6.618e-02      15.41s       19        
432  1.108e+01    5.095e+02    1.016e+00      2.300e+01    3.693e+01    6.618e-02      15.45s       19        
433  1.126e+01    3.377e+01    7.621e-01      2.300e+01    3.693e+01    6.618e-02      14.27s       19        
434  1.115e+01    4.881e+02    1.242e+00      2.300e+01    3.693e+01    6.618e-02      13.29s       19        
435  1.084e+01    3.605e+02    7.912e-01      2.300e+01    3.693e+01    6.618e-02      12.32s       19        
436  1.132e+01    5.686e+03    4.865e+01      2.300e+01    3.693e+01    6.618e-02      11.24s       19        
437  1.137e+01    2.754e+01    8.657e-01      2.300e+01    3.693e+01    6.618e-02      10.45s       19        
438  1.140e+01    2.235e+03    5.955e+00      2.300e+01    3.693e+01    6.618e-02      11.59s       19        
439  1.070e+01    5.221e+01    9.959e-01      2.300e+01    3.693e+01    6.618e-02      8.95s        19        
440  1.057e+01    5.384e+05    5.940e+01      2.300e+01    3.693e+01    6.618e-02      7.64s        19        
441  1.124e+01    4.781e+01    7.776e-01      2.300e+01    3.693e+01    6.618e-02      7.00s        19        
442  1.095e+01    6.329e+01    1.946e+00      2.300e+01    3.693e+01    6.618e-02      5.96s        19        
443  1.093e+01    2.248e+01    8.352e-01      2.300e+01    3.693e+01    6.618e-02      5.06s        19        
444  1.154e+01    1.394e+03    7.550e-01      2.300e+01    3.693e+01    6.618e-02      5.33s        19        
445  1.096e+01    1.234e+02    7.737e-01      2.300e+01    3.693e+01    6.618e-02      3.50s        19        
446  1.141e+01    3.543e+01    8.417e-01      2.300e+01    3.693e+01    6.618e-02      2.63s        19        
447  1.101e+01    1.035e+02    7.918e-01      2.300e+01    3.693e+01    6.618e-02      1.75s        19        
448  1.118e+01    5.863e+01    1.110e+00      2.300e+01    3.693e+01    6.618e-02      0.90s        19        
449  1.117e+01    2.325e+01    9.490e-01      2.300e+01    3.693e+01    6.618e-02      0.00s        19        
450  1.112e+01    4.858e+01    8.762e+00      2.300e+01    3.693e+01    6.618e-02      24.45s       19        
451  1.102e+01    3.954e+03    1.161e+00      2.300e+01    3.693e+01    6.618e-02      19.62s       19        
452  1.081e+01    2.769e+01    8.785e-01      2.300e+01    3.693e+01    6.618e-02      18.79s       19        
453  1.137e+01    1.673e+02    7.812e-01      2.300e+01    3.693e+01    6.618e-02      18.24s       19        
454  1.093e+01    3.532e+02    1.697e+01      2.300e+01    3.693e+01    6.618e-02      17.43s       19        
455  1.124e+01    1.940e+02    1.756e+00      2.300e+01    3.693e+01    6.618e-02      20.27s       19        
456  1.063e+01    1.914e+01    8.987e-01      2.300e+01    3.693e+01    6.618e-02      15.73s       19        
457  1.081e+01    2.767e+01    2.356e+02      2.300e+01    3.693e+01    6.618e-02      14.65s       19        
458  1.126e+01    7.330e+03    4.644e+00      2.300e+01    3.693e+01    6.618e-02      14.04s       19        
459  1.081e+01    2.325e+02    4.989e+01      2.300e+01    3.693e+01    6.618e-02      12.93s       19        
460  1.105e+01    5.298e+03    8.248e-01      2.300e+01    3.693e+01    6.618e-02      11.84s       19        
461  1.097e+01    2.424e+01    7.924e-01      2.300e+01    3.693e+01    6.618e-02      13.39s       19        
462  1.123e+01    4.764e+08    1.754e+00      2.300e+01    3.693e+01    6.618e-02      10.35s       19        
463  1.098e+01    3.247e+01    7.161e-01      2.300e+01    3.693e+01    6.618e-02      9.51s        19        
464  1.105e+01    4.604e+01    7.842e-01      2.300e+01    3.693e+01    6.618e-02      8.59s        19        
465  1.117e+01    3.337e+01    7.277e-01      2.300e+01    3.693e+01    6.618e-02      7.73s        19        
466  1.121e+01    2.559e+01    2.973e+02      2.300e+01    3.693e+01    6.618e-02      6.91s        19        
467  1.119e+01    1.299e+03    2.001e+00      2.300e+01    3.693e+01    6.618e-02      7.21s        19        
468  1.110e+01    2.892e+01    7.922e-01      2.300e+01    3.693e+01    6.618e-02      5.15s        19        
469  1.095e+01    1.936e+01    8.369e+00      2.300e+01    3.693e+01    6.618e-02      4.27s        19        
470  1.122e+01    3.262e+04    8.963e-01      2.300e+01    3.693e+01    6.618e-02      3.44s        19        
471  1.115e+01    2.013e+01    3.068e+00      2.300e+01    3.693e+01    6.618e-02      2.59s        19        
472  1.153e+01    2.649e+07    9.212e-01      2.300e+01    3.693e+01    6.618e-02      1.72s        19        
473  1.167e+01    1.003e+04    9.218e-01      2.300e+01    3.693e+01    6.618e-02      1.04s        19        
474  1.134e+01    1.911e+04    9.171e-01      2.300e+01    3.693e+01    6.618e-02      0.00s        19        
475  1.146e+01    2.658e+01    8.022e-01      2.300e+01    3.693e+01    6.618e-02      21.43s       19        
476  1.185e+01    3.114e+01    9.702e-01      2.300e+01    3.693e+01    6.618e-02      20.06s       19        
477  1.169e+01    7.695e+01    7.341e-01      2.300e+01    3.693e+01    6.618e-02      18.85s       19        
478  1.147e+01    3.044e+01    8.424e-01      2.300e+01    3.693e+01    6.618e-02      22.00s       19        
479  1.131e+01    2.710e+01    1.221e+01      2.300e+01    3.693e+01    6.618e-02      17.83s       19        
480  1.169e+01    6.535e+01    2.795e+00      2.300e+01    3.693e+01    6.618e-02      16.55s       19        
481  1.090e+01    1.942e+01    1.215e+00      2.300e+01    3.693e+01    6.618e-02      15.49s       19        
482  1.164e+01    4.354e+01    8.276e-01      2.300e+01    3.693e+01    6.618e-02      14.65s       19        
483  1.109e+01    3.077e+01    7.717e-01      2.300e+01    3.693e+01    6.618e-02      13.83s       19        
484  1.132e+01    2.745e+01    6.945e-01      2.300e+01    3.693e+01    6.618e-02      15.97s       19        
485  1.172e+01    2.881e+01    1.015e+00      2.300e+01    3.693e+01    6.618e-02      12.24s       19        
486  1.161e+01    9.518e+01    8.411e-01      2.300e+01    3.693e+01    6.618e-02      11.11s       19        
487  1.153e+01    7.601e+01    1.218e+00      2.300e+01    3.693e+01    6.618e-02      10.22s       19        
488  1.187e+01    2.546e+06    8.647e-01      2.300e+01    3.693e+01    6.618e-02      9.58s        19        
489  1.138e+01    4.082e+01    8.210e-01      2.300e+01    3.693e+01    6.618e-02      8.74s        19        
490  1.161e+01    2.116e+01    1.069e+00      2.300e+01    3.693e+01    6.618e-02      9.42s        19        
491  1.131e+01    1.992e+01    7.880e-01      2.300e+01    3.693e+01    6.618e-02      6.94s        19        
492  1.142e+01    2.221e+01    3.328e+01      2.300e+01    3.693e+01    6.618e-02      6.07s        19        
493  1.163e+01    3.415e+01    8.546e-01      2.300e+01    3.693e+01    6.618e-02      5.15s        19        
494  1.153e+01    1.879e+01    8.520e-01      2.300e+01    3.693e+01    6.618e-02      4.30s        19        
495  1.119e+01    1.862e+02    9.105e+00      2.300e+01    3.693e+01    6.618e-02      3.38s        19        
496  1.135e+01    7.625e+02    8.695e-01      2.300e+01    3.693e+01    6.618e-02      3.16s        19        
497  1.172e+01    8.290e+01    1.944e+01      2.300e+01    3.693e+01    6.618e-02      1.73s        19        
498  1.214e+01    3.034e+01    8.300e-01      2.300e+01    3.693e+01    6.618e-02      0.87s        19        
499  1.152e+01    2.607e+01    8.740e-01      2.300e+01    3.693e+01    6.618e-02      0.00s        19        





Time: 0h:7m:34s
####   Data for the best program   ####
Best Program: add(cos(add(cos(X1), add(add(div(1.148, 0.236), sub(sin(cos(X1)), X1)), sub(cos(X1), X1)))), cos(add(X0, X0)))
Best Program Complexity: 36.93470073103616
Raw Fitness: 0.066181610907759
Penalized Fitness: 0.066181610907759
Estimator		Train-rmse: 0.066181610907759	Test-rmse: 0.06864560935226169	Test-R^2: 0.9842671603095339

{'complexity': 'kommenda', 'const_range': (1e-10, 2.0), 'elitism_size': 0, 'function_set': ('add', 'sub', 'div', 'mul', 'sin', 'cos'), 'generations': 500, 'init_depth': (3, 6), 'init_method': 'half and half', 'low_memory': True, 'max_samples': 1.0, 'metric': 'rmse', 'n_jobs': 2, 'p_crossover': 0.9, 'p_hoist_mutation': 0.0, 'p_point_mutation': 0.04999999999999999, 'p_point_replace': 0.05, 'p_subtree_mutation': 0.04999999999999999, 'paretogp': True, 'paretogp_lengths': (5, 160), 'parsimony_coefficient': 0.0, 'population_size': 800, 'random_state': 2072593441, 'selection': 'tournament', 'stopping_criteria': 1e-10, 'tournament_size': 11, 'verbose': 1, 'warm_start': True}
