    |          Population Average          |           Best Individual            |
---- -------------------------------------- -------------------------------------- ----------
Gen  Length       Kommenda     Fitness        Length       Kommenda     Fitness        Time Left    Front Size
0    2.297e+01    7.404e+08    7.630e+03      1.700e+01    5.588e+01    4.404e-01      8.61s        6         
1    1.107e+01    1.802e+04    1.455e+02      2.300e+01    4.675e+02    3.754e-01      16.21s       7         
2    1.358e+01    2.067e+05    5.260e+01      2.100e+01    9.446e+01    3.210e-01      15.73s       6         
3    1.342e+01    4.885e+06    5.835e+00      1.900e+01    5.588e+01    2.641e-01      15.07s       6         
4    1.336e+01    4.874e+04    1.768e+01      1.900e+01    5.588e+01    2.286e-01      14.74s       5         
5    1.213e+01    6.212e+03    8.174e+00      1.900e+01    5.588e+01    2.286e-01      13.46s       6         
6    1.294e+01    1.641e+03    9.740e+00      1.800e+01    2.610e+01    2.079e-01      12.64s       7         
7    1.121e+01    1.248e+04    6.723e+00      1.800e+01    3.000e+01    1.984e-01      11.94s       8         
8    1.141e+01    4.865e+02    7.399e+00      1.800e+01    3.000e+01    1.984e-01      11.27s       8         
9    1.131e+01    3.398e+06    1.646e+05      1.800e+01    3.000e+01    1.984e-01      10.49s       7         
10   1.244e+01    8.557e+07    2.118e+03      1.800e+01    3.000e+01    1.984e-01      9.94s        7         
11   1.160e+01    6.519e+02    3.036e+02      1.800e+01    3.000e+01    1.984e-01      9.11s        8         
12   1.250e+01    8.604e+05    6.362e+00      1.800e+01    3.000e+01    1.984e-01      14.17s       8         
13   1.227e+01    9.245e+03    1.835e+00      1.800e+01    3.000e+01    1.984e-01      7.83s        9         
14   1.246e+01    3.796e+03    6.861e+01      1.800e+01    3.000e+01    1.984e-01      7.17s        9         
15   1.257e+01    1.047e+08    8.017e+04      1.800e+01    3.000e+01    1.984e-01      6.53s        9         
16   1.258e+01    5.698e+03    9.498e+02      1.800e+01    3.000e+01    1.984e-01      5.73s        10        
17   1.205e+01    9.012e+02    2.856e+00      1.800e+01    3.000e+01    1.984e-01      4.97s        10        
18   1.230e+01    3.934e+05    7.241e+00      1.800e+01    3.000e+01    1.984e-01      4.30s        10        
19   1.247e+01    8.352e+03    4.381e+01      1.800e+01    3.000e+01    1.984e-01      3.59s        10        
20   1.216e+01    6.020e+06    1.160e+01      1.800e+01    3.000e+01    1.984e-01      2.81s        10        
21   1.237e+01    2.426e+03    8.628e+01      1.800e+01    3.000e+01    1.984e-01      2.11s        10        
22   1.263e+01    3.593e+04    1.547e+01      1.800e+01    3.000e+01    1.984e-01      1.43s        10        
23   1.257e+01    1.534e+03    2.635e+02      1.800e+01    3.000e+01    1.984e-01      0.71s        10        
24   1.222e+01    9.369e+04    1.920e+01      1.800e+01    3.000e+01    1.984e-01      0.00s        10        
25   1.206e+01    1.021e+04    4.757e+01      1.800e+01    3.000e+01    1.984e-01      17.33s       10        
26   1.215e+01    1.812e+04    2.184e+00      1.800e+01    3.000e+01    1.984e-01      16.31s       10        
27   1.245e+01    2.942e+09    1.787e+01      1.800e+01    3.000e+01    1.984e-01      15.56s       10        
28   1.177e+01    3.215e+07    6.832e+01      1.800e+01    3.000e+01    1.984e-01      14.77s       10        
29   1.192e+01    4.195e+03    6.342e+02      1.200e+01    2.082e+01    1.939e-01      22.73s       6         
30   9.750e+00    2.142e+03    6.780e+01      1.200e+01    2.082e+01    1.939e-01      13.24s       6         
31   1.008e+01    7.831e+03    9.260e+02      1.200e+01    2.082e+01    1.939e-01      12.59s       6         
32   9.611e+00    4.781e+05    8.543e+00      1.300e+01    2.139e+01    1.848e-01      11.70s       7         
33   1.019e+01    4.323e+07    2.197e+00      1.300e+01    2.139e+01    1.848e-01      11.02s       7         
34   1.005e+01    9.738e+03    2.173e+00      1.300e+01    2.139e+01    1.848e-01      10.36s       7         
35   1.025e+01    2.199e+06    6.485e+00      1.400e+01    3.403e+01    1.704e-01      9.52s        8         
36   1.094e+01    1.038e+07    5.948e+00      1.400e+01    3.403e+01    1.704e-01      8.96s        8         
37   1.038e+01    1.514e+04    2.067e+02      1.400e+01    3.403e+01    1.704e-01      8.28s        8         
38   1.113e+01    1.392e+05    7.933e+01      2.900e+01    5.257e+02    1.692e-01      7.63s        9         
39   1.276e+01    1.943e+05    1.129e+01      2.500e+01    1.963e+02    1.636e-01      7.14s        9         
40   1.266e+01    9.517e+09    2.377e+04      2.500e+01    1.963e+02    1.636e-01      6.35s        9         
41   1.204e+01    1.728e+06    2.224e+02      2.500e+01    1.963e+02    1.571e-01      5.67s        9         
42   1.251e+01    1.137e+05    1.340e+05      2.500e+01    1.963e+02    1.469e-01      4.88s        9         
43   1.252e+01    9.238e+09    4.109e+00      2.500e+01    1.963e+02    1.469e-01      4.25s        9         
44   1.206e+01    4.953e+03    2.054e+00      2.800e+01    6.200e+02    1.448e-01      3.46s        10        
45   1.344e+01    1.789e+04    8.722e+01      2.800e+01    6.200e+02    1.448e-01      2.87s        9         
46   1.392e+01    1.130e+03    1.352e+02      2.800e+01    6.200e+02    1.448e-01      2.17s        10        
47   1.476e+01    7.981e+07    6.642e+00      2.800e+01    6.200e+02    1.448e-01      2.31s        10        
48   1.488e+01    8.460e+07    8.557e+01      2.800e+01    6.200e+02    1.448e-01      0.73s        10        
49   1.478e+01    4.994e+04    1.235e+02      2.800e+01    6.200e+02    1.448e-01      0.00s        8         
50   1.568e+01    1.707e+07    8.932e+00      2.800e+01    6.200e+02    1.448e-01      17.45s       9         
51   1.541e+01    3.758e+05    1.654e+01      2.800e+01    6.200e+02    1.448e-01      17.03s       9         
52   1.606e+01    8.185e+05    6.481e+00      2.800e+01    6.200e+02    1.448e-01      16.35s       9         
53   1.648e+01    5.706e+05    6.058e+00      2.800e+01    6.200e+02    1.448e-01      16.56s       9         
54   1.529e+01    1.303e+08    1.689e+00      2.800e+01    6.200e+02    1.448e-01      14.84s       9         
55   1.632e+01    2.906e+11    5.006e+00      2.800e+01    6.200e+02    1.448e-01      14.13s       8         
56   1.391e+01    6.217e+08    1.243e+01      2.800e+01    6.200e+02    1.448e-01      13.08s       8         
57   1.445e+01    1.056e+03    3.841e+00      2.800e+01    6.200e+02    1.448e-01      12.42s       8         
58   1.452e+01    3.629e+06    9.805e+00      2.700e+01    3.919e+02    1.442e-01      11.85s       8         
59   1.391e+01    2.691e+04    4.396e+01      2.700e+01    3.919e+02    1.442e-01      10.77s       8         
60   1.387e+01    2.583e+09    2.714e+01      2.200e+01    6.051e+02    1.430e-01      10.03s       7         
61   1.204e+01    1.147e+05    3.186e+01      2.200e+01    2.937e+02    1.400e-01      9.51s        9         
62   1.247e+01    2.477e+02    1.827e+00      1.800e+01    1.087e+02    1.374e-01      8.41s        10        
63   1.186e+01    5.436e+06    1.043e+01      1.800e+01    1.087e+02    1.374e-01      7.67s        9         
64   1.190e+01    6.850e+03    1.399e+01      1.800e+01    6.085e+01    1.373e-01      6.96s        9         
65   1.172e+01    3.622e+05    6.972e+04      1.800e+01    6.085e+01    1.373e-01      10.10s       10        
66   1.196e+01    4.712e+05    2.016e+01      1.900e+01    1.445e+02    1.228e-01      5.57s        12        
67   1.260e+01    1.255e+03    1.427e+02      1.700e+01    7.162e+01    1.119e-01      4.96s        10        
68   1.216e+01    3.862e+04    1.957e+04      1.700e+01    7.162e+01    1.119e-01      4.31s        10        
69   1.112e+01    2.845e+05    3.080e+02      1.400e+01    4.591e+01    1.027e-01      3.52s        9         
70   1.078e+01    2.606e+06    4.548e+01      1.400e+01    4.591e+01    1.027e-01      2.80s        9         
71   1.080e+01    4.356e+03    3.364e+00      1.400e+01    4.591e+01    1.027e-01      2.10s        9         
72   1.043e+01    5.278e+03    6.547e+00      1.400e+01    4.591e+01    1.027e-01      1.38s        9         
73   1.093e+01    1.056e+05    2.839e+00      1.400e+01    4.591e+01    1.027e-01      0.71s        9         
74   1.071e+01    9.334e+03    7.263e+00      1.400e+01    4.591e+01    1.027e-01      0.00s        9         
75   1.044e+01    5.435e+03    2.361e+00      1.400e+01    4.591e+01    1.027e-01      17.11s       9         
76   1.070e+01    1.068e+07    5.012e+02      1.400e+01    4.591e+01    1.027e-01      16.43s       9         
77   1.056e+01    6.463e+04    1.361e+02      1.400e+01    4.591e+01    1.027e-01      15.82s       9         
78   1.065e+01    5.408e+03    7.636e+01      1.400e+01    4.591e+01    1.027e-01      15.07s       9         
79   1.060e+01    4.899e+03    3.836e+01      1.400e+01    4.591e+01    1.027e-01      14.23s       9         
80   1.043e+01    3.933e+02    1.488e+01      1.400e+01    4.591e+01    1.027e-01      13.25s       9         
81   1.046e+01    3.294e+02    3.584e+01      1.400e+01    4.591e+01    1.027e-01      12.63s       6         
82   9.697e+00    9.706e+05    1.251e+01      1.400e+01    4.591e+01    9.594e-02      11.77s       6         
83   9.966e+00    3.387e+05    2.219e+00      1.400e+01    4.591e+01    9.594e-02      18.10s       6         
84   1.004e+01    1.136e+08    5.730e+01      1.400e+01    4.591e+01    9.594e-02      10.51s       6         
85   9.706e+00    9.193e+02    5.373e+01      1.400e+01    4.591e+01    9.216e-02      9.73s        6         
86   9.516e+00    8.359e+03    8.392e+01      1.400e+01    4.591e+01    9.216e-02      9.22s        6         
87   9.738e+00    7.198e+03    1.175e+01      1.400e+01    4.591e+01    9.216e-02      8.26s        6         
88   9.701e+00    1.771e+03    4.286e+02      1.400e+01    4.591e+01    9.216e-02      7.72s        6         
89   9.839e+00    6.223e+02    1.551e+01      1.400e+01    4.591e+01    9.216e-02      6.88s        6         
90   9.463e+00    2.452e+04    8.589e+00      1.400e+01    4.591e+01    9.216e-02      6.12s        6         
91   9.977e+00    7.773e+05    1.074e+02      1.400e+01    4.591e+01    9.216e-02      5.54s        6         
92   1.004e+01    5.673e+04    3.290e+02      1.400e+01    4.591e+01    9.216e-02      4.82s        6         
93   9.956e+00    4.910e+07    1.706e+02      1.400e+01    4.591e+01    9.216e-02      4.21s        6         
94   9.861e+00    2.925e+05    6.366e+01      1.400e+01    4.591e+01    9.216e-02      3.40s        7         
95   1.034e+01    5.786e+04    2.061e+01      1.300e+01    2.392e+01    8.185e-02      2.78s        6         
96   9.537e+00    1.507e+03    3.655e+01      1.300e+01    2.392e+01    8.185e-02      2.03s        6         
97   9.906e+00    3.319e+09    4.336e+01      1.300e+01    2.392e+01    8.185e-02      1.36s        6         
98   9.529e+00    2.069e+03    4.066e+00      1.300e+01    2.392e+01    8.185e-02      0.69s        6         
99   9.418e+00    1.300e+03    1.338e+03      1.300e+01    2.392e+01    8.185e-02      0.00s        6         
100  9.894e+00    5.576e+03    1.077e+01      1.300e+01    2.392e+01    8.185e-02      16.56s       6         
101  9.455e+00    5.300e+04    5.037e+01      1.300e+01    2.392e+01    8.185e-02      15.87s       6         
102  9.810e+00    1.070e+11    3.247e+00      1.300e+01    2.392e+01    8.185e-02      24.18s       6         
103  9.756e+00    1.412e+06    1.533e+01      1.300e+01    2.392e+01    8.185e-02      14.20s       6         
104  9.419e+00    3.528e+05    3.232e+01      1.300e+01    2.392e+01    8.185e-02      14.23s       6         
105  9.706e+00    2.082e+06    4.847e+01      1.300e+01    2.392e+01    8.185e-02      13.29s       7         
106  1.016e+01    4.507e+04    1.789e+01      1.300e+01    2.392e+01    8.185e-02      12.95s       7         
107  9.709e+00    5.982e+03    6.927e+01      1.300e+01    2.392e+01    8.185e-02      12.18s       7         
108  1.007e+01    9.322e+03    5.716e+02      1.300e+01    2.392e+01    8.185e-02      11.45s       7         
109  1.009e+01    7.214e+04    7.791e+01      1.300e+01    2.392e+01    8.185e-02      10.68s       7         
110  1.012e+01    9.627e+03    4.747e+02      1.300e+01    2.392e+01    8.185e-02      9.69s        7         
111  1.013e+01    1.600e+04    1.624e+01      1.300e+01    2.392e+01    8.185e-02      9.19s        6         
112  9.966e+00    6.618e+04    3.245e+02      1.300e+01    2.392e+01    8.185e-02      8.62s        6         
113  9.682e+00    2.157e+03    2.187e+05      1.300e+01    2.392e+01    8.185e-02      7.70s        6         
114  9.855e+00    1.849e+04    4.699e+01      1.300e+01    2.392e+01    8.185e-02      7.18s        6         
115  9.918e+00    3.884e+02    8.118e+00      1.300e+01    2.392e+01    8.185e-02      6.35s        6         
116  9.734e+00    1.152e+07    1.252e+01      1.300e+01    2.392e+01    8.185e-02      5.35s        6         
117  9.771e+00    6.578e+06    1.049e+02      1.300e+01    2.392e+01    8.185e-02      4.75s        6         
118  1.009e+01    1.013e+04    2.977e+01      1.300e+01    2.392e+01    8.185e-02      4.12s        6         
119  1.003e+01    2.492e+05    4.036e+02      1.300e+01    2.392e+01    8.185e-02      3.45s        6         
120  9.865e+00    1.790e+11    3.375e+01      1.300e+01    2.392e+01    8.185e-02      2.77s        6         
121  9.762e+00    3.115e+05    6.882e+00      1.300e+01    2.392e+01    8.185e-02      3.41s        5         
122  9.671e+00    1.563e+03    3.675e+00      1.300e+01    2.392e+01    8.185e-02      1.39s        5         
123  9.795e+00    2.362e+05    9.698e+02      1.300e+01    2.392e+01    8.185e-02      0.70s        5         
124  9.425e+00    4.266e+06    6.735e+01      1.300e+01    2.392e+01    8.185e-02      0.00s        5         
125  9.376e+00    9.639e+02    5.044e+00      1.300e+01    2.392e+01    8.185e-02      16.17s       5         
126  9.735e+00    1.359e+05    4.565e+00      1.300e+01    2.392e+01    8.185e-02      16.09s       5         
127  9.681e+00    3.492e+06    5.450e+02      1.300e+01    2.392e+01    8.185e-02      15.02s       6         
128  9.883e+00    4.327e+05    6.732e+01      1.100e+01    2.698e+01    6.821e-02      14.26s       6         
129  8.990e+00    3.452e+03    3.150e+01      1.100e+01    2.698e+01    6.821e-02      13.90s       6         
130  9.250e+00    1.900e+03    2.303e+01      1.100e+01    2.698e+01    6.821e-02      12.78s       6         
131  9.681e+00    4.161e+05    1.214e+01      1.100e+01    2.698e+01    6.821e-02      12.26s       6         
132  9.420e+00    1.012e+04    7.104e+00      1.100e+01    2.698e+01    6.821e-02      11.64s       6         
133  9.236e+00    3.692e+02    6.895e+01      1.100e+01    2.698e+01    6.821e-02      10.80s       6         
134  9.248e+00    1.017e+04    6.845e+01      1.100e+01    2.698e+01    6.821e-02      10.05s       6         
135  9.251e+00    8.686e+02    8.661e+01      1.100e+01    2.698e+01    6.821e-02      9.54s        6         
136  9.054e+00    9.639e+05    1.207e+01      1.100e+01    2.698e+01    6.821e-02      8.84s        6         
137  9.402e+00    4.691e+02    3.070e+00      1.100e+01    2.698e+01    6.821e-02      8.13s        6         
138  9.543e+00    2.193e+03    1.563e+01      1.100e+01    2.698e+01    6.821e-02      7.46s        6         
139  9.262e+00    1.342e+03    2.535e+02      1.100e+01    2.698e+01    6.821e-02      6.89s        6         
140  8.954e+00    6.752e+04    5.239e+00      1.100e+01    2.698e+01    6.821e-02      10.21s       6         
141  9.169e+00    6.160e+02    5.855e+04      1.100e+01    2.698e+01    6.821e-02      5.44s        6         
142  9.180e+00    3.019e+02    4.632e+00      9.000e+00    1.505e+01    3.349e-02      4.82s        4         
143  8.262e+00    1.540e+02    5.592e+01      9.000e+00    1.505e+01    3.349e-02      4.18s        4         
144  8.641e+00    3.877e+03    8.181e+01      9.000e+00    1.505e+01    3.349e-02      3.41s        4         
145  8.699e+00    3.675e+05    1.352e+01      9.000e+00    1.505e+01    3.349e-02      2.74s        4         
146  8.696e+00    7.072e+03    4.282e+00      9.000e+00    1.505e+01    3.349e-02      2.10s        4         
147  8.359e+00    2.136e+06    2.575e+02      9.000e+00    1.505e+01    3.349e-02      1.35s        4         
148  8.438e+00    8.391e+03    2.571e+03      9.000e+00    1.505e+01    3.349e-02      0.67s        4         
149  8.498e+00    3.278e+04    2.995e+01      9.000e+00    1.505e+01    3.349e-02      0.00s        4         
150  8.374e+00    1.067e+04    3.443e+00      9.000e+00    1.505e+01    3.349e-02      16.17s       4         
151  8.137e+00    1.260e+04    7.767e+01      9.000e+00    1.505e+01    3.349e-02      15.82s       4         
152  8.328e+00    1.077e+05    3.335e+01      9.000e+00    1.505e+01    3.349e-02      14.49s       4         
153  8.181e+00    1.153e+06    1.827e+00      9.000e+00    1.505e+01    3.349e-02      13.57s       4         
154  8.300e+00    1.006e+04    7.819e+00      9.000e+00    1.505e+01    3.349e-02      13.23s       4         
155  8.439e+00    2.745e+05    3.289e+01      9.000e+00    1.505e+01    3.349e-02      12.75s       4         
156  8.344e+00    6.452e+02    2.733e+04      9.000e+00    1.505e+01    3.349e-02      12.13s       4         
157  8.197e+00    1.255e+05    1.947e+01      9.000e+00    1.505e+01    3.349e-02      11.53s       4         
158  8.514e+00    1.734e+04    9.393e+01      9.000e+00    1.505e+01    3.349e-02      10.95s       4         
159  8.429e+00    2.852e+03    8.014e+00      9.000e+00    1.505e+01    3.349e-02      16.79s       4         
160  8.152e+00    2.847e+03    4.230e+01      9.000e+00    1.505e+01    3.349e-02      9.48s        4         
161  8.492e+00    8.686e+06    1.612e+01      9.000e+00    1.505e+01    3.349e-02      8.79s        4         
162  8.152e+00    8.429e+03    5.187e+00      9.000e+00    1.505e+01    3.349e-02      8.21s        4         
163  8.828e+00    1.287e+07    3.936e+01      9.000e+00    1.505e+01    3.349e-02      7.29s        4         
164  8.530e+00    8.912e+05    2.491e+00      9.000e+00    1.505e+01    3.349e-02      6.60s        4         
165  8.801e+00    7.374e+03    2.601e+00      9.000e+00    1.505e+01    3.349e-02      6.19s        4         
166  8.704e+00    8.177e+03    1.540e+01      9.000e+00    1.505e+01    3.349e-02      5.31s        4         
167  8.689e+00    2.956e+05    6.638e+00      9.000e+00    1.505e+01    3.349e-02      4.74s        4         
168  8.385e+00    9.259e+04    7.876e+00      9.000e+00    1.505e+01    3.349e-02      3.95s        4         
169  8.199e+00    5.538e+02    2.019e+01      9.000e+00    1.505e+01    3.349e-02      3.32s        4         
170  8.640e+00    7.253e+03    2.450e+01      9.000e+00    1.505e+01    3.349e-02      2.66s        4         
171  8.335e+00    2.050e+03    2.095e+01      9.000e+00    1.505e+01    3.349e-02      1.98s        4         
172  8.439e+00    8.276e+02    5.978e+00      9.000e+00    1.505e+01    3.349e-02      1.34s        4         
173  8.370e+00    5.304e+02    5.127e+05      9.000e+00    1.505e+01    3.349e-02      0.67s        4         
174  8.535e+00    5.053e+04    1.135e+03      9.000e+00    1.505e+01    3.349e-02      0.00s        4         
175  8.511e+00    1.209e+07    7.409e+00      9.000e+00    1.505e+01    3.349e-02      16.40s       4         
176  8.364e+00    1.128e+04    4.911e+00      9.000e+00    1.505e+01    3.349e-02      15.19s       4         
177  8.432e+00    5.058e+02    2.128e+02      9.000e+00    1.505e+01    3.349e-02      14.82s       4         
178  8.446e+00    4.455e+03    2.342e+02      9.000e+00    1.505e+01    3.349e-02      14.56s       4         
179  8.402e+00    9.371e+02    1.148e+03      9.000e+00    1.505e+01    3.349e-02      22.67s       4         
180  8.676e+00    7.684e+04    3.746e+02      9.000e+00    1.505e+01    3.349e-02      13.00s       4         
181  8.908e+00    9.376e+04    6.785e+04      9.000e+00    1.505e+01    3.349e-02      12.33s       4         
182  8.283e+00    8.604e+02    5.373e+00      9.000e+00    1.505e+01    3.349e-02      11.48s       4         
183  8.527e+00    6.587e+02    1.052e+02      9.000e+00    1.505e+01    3.349e-02      10.89s       4         
184  8.449e+00    1.983e+03    3.953e+02      9.000e+00    1.505e+01    3.349e-02      10.34s       4         
185  8.084e+00    5.460e+07    3.243e+02      9.000e+00    1.505e+01    3.349e-02      9.39s        4         
186  8.206e+00    2.463e+06    3.694e+00      9.000e+00    1.505e+01    3.349e-02      8.81s        4         
187  8.941e+00    7.318e+04    8.284e+01      9.000e+00    1.505e+01    3.349e-02      8.22s        4         
188  8.409e+00    3.127e+03    6.289e+04      9.000e+00    1.505e+01    3.349e-02      7.31s        4         
189  8.610e+00    5.144e+03    6.221e+00      9.000e+00    1.505e+01    3.349e-02      6.72s        4         
190  8.363e+00    4.411e+04    1.544e+02      9.000e+00    1.505e+01    3.349e-02      6.04s        4         
191  8.221e+00    2.473e+02    1.397e+02      9.000e+00    1.505e+01    3.349e-02      5.38s        4         
192  8.498e+00    1.732e+05    7.548e+00      9.000e+00    1.505e+01    3.349e-02      4.72s        4         
193  8.640e+00    2.383e+04    2.544e+02      9.000e+00    1.505e+01    3.349e-02      4.11s        4         
194  8.533e+00    2.958e+03    7.447e+00      9.000e+00    1.505e+01    3.349e-02      3.44s        4         
195  8.504e+00    1.675e+02    2.508e+01      9.000e+00    1.505e+01    3.349e-02      2.72s        4         
196  8.624e+00    1.824e+06    2.775e+01      9.000e+00    1.505e+01    3.349e-02      2.04s        4         
197  8.390e+00    1.258e+04    7.327e+01      9.000e+00    1.505e+01    3.349e-02      1.36s        4         
198  8.340e+00    7.366e+05    1.644e+02      9.000e+00    1.505e+01    3.349e-02      1.12s        4         
199  8.509e+00    1.131e+04    3.290e+02      9.000e+00    1.505e+01    3.349e-02      0.00s        4         
200  8.279e+00    5.408e+03    1.495e+01      9.000e+00    1.505e+01    3.349e-02      16.37s       4         
201  8.015e+00    1.815e+02    3.831e+00      9.000e+00    1.505e+01    3.349e-02      15.63s       4         
202  8.460e+00    2.168e+03    7.530e+00      9.000e+00    1.505e+01    3.349e-02      14.74s       4         
203  8.310e+00    1.231e+05    1.238e+01      9.000e+00    1.505e+01    3.349e-02      14.01s       4         
204  8.688e+00    6.654e+07    6.899e+01      9.000e+00    1.505e+01    3.349e-02      13.45s       4         
205  8.385e+00    8.074e+03    6.491e+00      9.000e+00    1.505e+01    3.349e-02      12.74s       4         
206  8.658e+00    1.953e+07    4.704e+00      9.000e+00    1.505e+01    3.349e-02      12.21s       4         
207  8.716e+00    8.140e+03    6.120e+00      9.000e+00    1.505e+01    3.349e-02      11.41s       4         
208  8.656e+00    1.271e+08    1.234e+03      9.000e+00    1.505e+01    3.349e-02      10.85s       4         
209  8.457e+00    1.677e+07    9.902e+01      9.000e+00    1.505e+01    3.349e-02      10.02s       4         
210  8.715e+00    3.492e+05    1.150e+01      9.000e+00    1.505e+01    3.349e-02      9.55s        4         
211  8.514e+00    3.661e+04    4.327e+02      9.000e+00    1.505e+01    3.349e-02      8.73s        4         
212  8.277e+00    8.124e+03    3.696e+00      9.000e+00    1.505e+01    3.349e-02      8.01s        4         
213  8.592e+00    1.358e+04    1.002e+02      9.000e+00    1.505e+01    3.349e-02      7.38s        4         
214  8.408e+00    4.455e+03    7.144e+00      9.000e+00    1.505e+01    3.349e-02      6.79s        4         
215  8.717e+00    3.360e+09    5.730e+01      9.000e+00    1.505e+01    3.349e-02      6.19s        4         
216  8.576e+00    2.570e+06    1.299e+01      9.000e+00    1.505e+01    3.349e-02      5.43s        4         
217  8.515e+00    2.002e+05    9.022e+04      9.000e+00    1.505e+01    3.349e-02      7.82s        4         
218  8.566e+00    6.388e+02    5.763e+01      9.000e+00    1.505e+01    3.349e-02      4.08s        4         
219  8.595e+00    3.210e+12    2.940e+01      9.000e+00    1.505e+01    3.349e-02      3.40s        4         
220  8.363e+00    7.298e+05    1.328e+01      9.000e+00    1.505e+01    3.349e-02      2.67s        4         
221  8.375e+00    5.145e+06    3.139e+04      9.000e+00    1.505e+01    3.349e-02      2.01s        4         
222  8.610e+00    9.939e+05    1.650e+01      9.000e+00    1.505e+01    3.349e-02      1.36s        4         
223  8.561e+00    5.508e+04    1.180e+01      9.000e+00    1.505e+01    3.349e-02      0.66s        4         
224  8.456e+00    1.001e+04    6.267e+01      9.000e+00    1.505e+01    3.349e-02      0.00s        4         
225  8.723e+00    1.255e+06    4.687e+01      9.000e+00    1.505e+01    3.349e-02      16.28s       4         
226  7.952e+00    5.114e+04    7.031e+01      9.000e+00    1.505e+01    3.349e-02      15.37s       4         
227  8.518e+00    3.540e+06    3.584e+03      9.000e+00    1.505e+01    3.349e-02      14.57s       4         
228  8.204e+00    5.262e+05    1.113e+02      9.000e+00    1.505e+01    3.349e-02      13.89s       4         
229  8.492e+00    3.980e+04    1.084e+03      9.000e+00    1.505e+01    3.349e-02      13.40s       4         
230  8.339e+00    5.702e+06    6.910e+00      9.000e+00    1.505e+01    3.349e-02      12.69s       4         
231  8.389e+00    1.742e+06    2.795e+00      9.000e+00    1.505e+01    3.349e-02      11.88s       4         
232  8.786e+00    1.298e+05    4.909e+06      9.000e+00    1.505e+01    3.349e-02      11.40s       4         
233  8.688e+00    4.258e+03    8.684e+04      9.000e+00    1.505e+01    3.349e-02      10.76s       4         
234  8.409e+00    7.178e+03    6.903e+01      9.000e+00    1.505e+01    3.349e-02      10.00s       4         
235  8.455e+00    2.475e+04    1.192e+03      9.000e+00    1.505e+01    3.349e-02      15.14s       4         
236  8.194e+00    1.357e+03    5.364e+01      9.000e+00    1.505e+01    3.349e-02      8.71s        4         
237  8.204e+00    7.892e+02    2.107e+00      9.000e+00    1.505e+01    3.349e-02      8.07s        4         
238  8.576e+00    5.764e+04    1.813e+01      9.000e+00    1.505e+01    3.349e-02      7.24s        4         
239  8.589e+00    4.334e+03    2.284e+02      9.000e+00    1.505e+01    3.349e-02      6.81s        4         
240  8.599e+00    4.777e+03    1.243e+01      9.000e+00    1.505e+01    3.349e-02      5.94s        4         
241  8.535e+00    1.727e+06    4.489e+00      9.000e+00    1.505e+01    3.349e-02      5.37s        4         
242  8.499e+00    2.440e+03    6.381e+00      9.000e+00    1.505e+01    3.349e-02      4.62s        4         
243  8.572e+00    2.152e+03    2.735e+01      9.000e+00    1.505e+01    3.349e-02      4.02s        4         
244  8.386e+00    1.143e+04    1.121e+02      9.000e+00    1.505e+01    3.349e-02      3.54s        4         
245  8.450e+00    2.041e+03    3.477e+01      9.000e+00    1.505e+01    3.349e-02      2.69s        4         
246  8.445e+00    5.735e+02    1.694e+02      9.000e+00    1.505e+01    3.349e-02      2.03s        4         
247  8.510e+00    2.777e+03    1.965e+00      9.000e+00    1.505e+01    3.349e-02      1.36s        4         
248  8.279e+00    5.054e+06    2.373e+01      9.000e+00    1.505e+01    3.349e-02      0.67s        4         
249  8.395e+00    2.444e+04    1.560e+00      9.000e+00    1.505e+01    3.349e-02      0.00s        4         
250  8.609e+00    7.880e+03    3.144e+02      9.000e+00    1.505e+01    3.349e-02      16.61s       4         
251  8.293e+00    1.350e+05    4.099e+00      9.000e+00    1.505e+01    3.349e-02      16.04s       4         
252  8.819e+00    6.358e+03    5.685e+00      9.000e+00    1.505e+01    3.349e-02      15.03s       4         
253  8.285e+00    1.495e+05    1.134e+02      9.000e+00    1.505e+01    3.349e-02      14.15s       4         
254  8.277e+00    1.609e+06    1.501e+02      9.000e+00    1.505e+01    3.349e-02      13.71s       4         
255  8.740e+00    4.744e+03    1.537e+02      9.000e+00    1.505e+01    3.349e-02      20.76s       4         
256  8.816e+00    6.551e+03    3.271e+03      9.000e+00    1.505e+01    3.349e-02      12.43s       4         
257  8.916e+00    2.128e+04    8.212e+04      9.000e+00    1.505e+01    3.349e-02      11.95s       4         
258  8.721e+00    6.365e+05    1.473e+02      9.000e+00    1.505e+01    3.349e-02      11.21s       4         
259  8.479e+00    3.696e+02    1.183e+01      9.000e+00    1.505e+01    3.349e-02      10.30s       4         
260  8.396e+00    9.667e+02    4.054e+02      9.000e+00    1.505e+01    3.349e-02      9.38s        4         
261  8.537e+00    4.387e+02    1.150e+01      9.000e+00    1.505e+01    3.349e-02      8.82s        4         
262  8.775e+00    7.189e+03    7.648e+01      9.000e+00    1.505e+01    3.349e-02      7.91s        4         
263  8.418e+00    2.750e+05    3.047e+00      9.000e+00    1.505e+01    3.349e-02      7.27s        4         
264  8.262e+00    2.036e+03    3.149e+00      9.000e+00    1.505e+01    3.349e-02      6.62s        4         
265  7.960e+00    1.467e+03    4.167e+01      9.000e+00    1.505e+01    3.349e-02      6.18s        4         
266  8.719e+00    2.971e+04    5.105e+00      9.000e+00    1.505e+01    3.349e-02      5.62s        4         
267  8.300e+00    3.561e+02    8.893e+04      9.000e+00    1.505e+01    3.349e-02      4.68s        4         
268  8.352e+00    1.267e+04    1.211e+02      9.000e+00    1.505e+01    3.349e-02      4.08s        4         
269  8.660e+00    4.675e+03    1.146e+04      9.000e+00    1.505e+01    3.349e-02      3.42s        4         
270  8.579e+00    6.561e+03    5.127e+01      9.000e+00    1.505e+01    3.349e-02      2.74s        4         
271  8.516e+00    4.020e+04    1.401e+02      9.000e+00    1.505e+01    3.349e-02      2.07s        4         
272  8.409e+00    8.397e+02    1.047e+01      9.000e+00    1.505e+01    3.349e-02      1.34s        4         
273  8.379e+00    1.670e+02    6.606e+00      9.000e+00    1.505e+01    3.349e-02      0.68s        4         
274  8.438e+00    1.001e+07    2.431e+00      9.000e+00    1.505e+01    3.349e-02      0.00s        4         
275  8.596e+00    3.724e+04    1.268e+01      9.000e+00    1.505e+01    3.349e-02      16.64s       4         
276  8.414e+00    3.700e+05    3.946e+00      9.000e+00    1.505e+01    3.349e-02      15.91s       4         
277  8.306e+00    5.145e+02    4.664e+00      9.000e+00    1.505e+01    3.349e-02      14.71s       4         
278  8.539e+00    5.233e+04    1.023e+02      9.000e+00    1.505e+01    3.349e-02      14.45s       4         
279  8.594e+00    2.168e+02    4.942e+02      9.000e+00    1.505e+01    3.349e-02      14.02s       4         
280  8.505e+00    4.163e+04    1.832e+00      9.000e+00    1.505e+01    3.349e-02      12.93s       4         
281  8.447e+00    1.230e+05    1.209e+03      9.000e+00    1.505e+01    3.349e-02      12.14s       4         
282  8.629e+00    3.499e+03    3.555e+00      9.000e+00    1.505e+01    3.349e-02      11.50s       4         
283  8.455e+00    4.586e+03    4.456e+02      9.000e+00    1.505e+01    3.349e-02      10.82s       4         
284  8.421e+00    5.154e+03    1.284e+01      9.000e+00    1.505e+01    3.349e-02      10.21s       4         
285  8.447e+00    1.075e+05    9.448e+02      9.000e+00    1.505e+01    3.349e-02      9.44s        4         
286  8.287e+00    3.616e+03    2.051e+02      9.000e+00    1.505e+01    3.349e-02      8.75s        4         
287  8.470e+00    1.070e+06    1.544e+01      9.000e+00    1.505e+01    3.349e-02      8.17s        4         
288  8.806e+00    4.389e+05    3.452e+02      9.000e+00    1.505e+01    3.349e-02      7.48s        4         
289  8.783e+00    1.946e+05    9.455e+02      9.000e+00    1.505e+01    3.349e-02      6.81s        4         
290  8.488e+00    4.888e+02    9.553e+01      9.000e+00    1.505e+01    3.349e-02      6.05s        4         
291  8.650e+00    2.788e+04    1.182e+02      9.000e+00    1.505e+01    3.349e-02      5.43s        4         
292  8.425e+00    6.241e+03    7.537e+01      9.000e+00    1.505e+01    3.349e-02      4.56s        4         
293  8.556e+00    4.756e+03    6.215e+00      9.000e+00    1.505e+01    3.349e-02      6.77s        4         
294  8.651e+00    1.668e+03    8.725e+01      9.000e+00    1.505e+01    3.349e-02      3.42s        4         
295  8.731e+00    1.002e+03    4.849e+02      9.000e+00    1.505e+01    3.349e-02      2.70s        4         
296  8.516e+00    2.064e+03    1.668e+01      9.000e+00    1.505e+01    3.349e-02      2.04s        4         
297  8.179e+00    1.852e+05    9.548e+00      9.000e+00    1.505e+01    3.349e-02      1.34s        4         
298  8.217e+00    6.698e+02    5.788e+03      9.000e+00    1.505e+01    3.349e-02      0.67s        4         
299  8.321e+00    1.759e+03    6.466e+01      9.000e+00    1.505e+01    3.349e-02      0.00s        4         
300  8.630e+00    6.128e+04    8.364e+01      9.000e+00    1.505e+01    3.349e-02      16.13s       4         
301  8.470e+00    7.185e+03    3.480e+00      9.000e+00    1.505e+01    3.349e-02      15.59s       4         
302  8.235e+00    1.050e+03    3.345e+05      9.000e+00    1.505e+01    3.349e-02      15.35s       4         
303  8.379e+00    2.027e+04    6.023e+02      9.000e+00    1.505e+01    3.349e-02      14.59s       4         
304  8.415e+00    1.686e+02    3.285e+03      9.000e+00    1.505e+01    3.349e-02      13.64s       4         
305  8.445e+00    5.214e+04    3.650e+04      9.000e+00    1.505e+01    3.349e-02      12.85s       4         
306  8.599e+00    4.414e+06    2.113e+02      9.000e+00    1.505e+01    3.349e-02      12.08s       4         
307  8.261e+00    1.716e+05    2.168e+00      9.000e+00    1.505e+01    3.349e-02      11.36s       4         
308  8.505e+00    8.129e+05    9.051e+01      9.000e+00    1.505e+01    3.349e-02      10.89s       4         
309  8.510e+00    1.071e+04    3.029e+02      9.000e+00    1.505e+01    3.349e-02      10.21s       4         
310  8.785e+00    1.261e+10    7.744e+01      9.000e+00    1.505e+01    3.349e-02      9.36s        4         
311  8.484e+00    2.364e+03    2.289e+02      9.000e+00    1.505e+01    3.349e-02      14.76s       4         
312  8.223e+00    4.025e+02    7.370e+01      9.000e+00    1.505e+01    3.349e-02      8.29s        4         
313  8.748e+00    9.835e+07    7.546e+01      9.000e+00    1.505e+01    3.349e-02      7.32s        4         
314  8.249e+00    6.421e+04    3.853e+01      9.000e+00    1.505e+01    3.349e-02      6.82s        4         
315  8.312e+00    4.885e+04    2.482e+00      9.000e+00    1.505e+01    3.349e-02      6.01s        4         
316  8.355e+00    7.523e+03    1.025e+04      9.000e+00    1.505e+01    3.349e-02      5.46s        4         
317  8.291e+00    2.714e+05    1.532e+00      9.000e+00    1.505e+01    3.349e-02      4.66s        4         
318  8.780e+00    2.876e+04    2.366e+01      9.000e+00    1.505e+01    3.349e-02      3.98s        4         
319  8.736e+00    6.644e+03    1.245e+01      9.000e+00    1.505e+01    3.349e-02      3.36s        4         
320  8.571e+00    5.952e+03    9.588e+02      9.000e+00    1.505e+01    3.349e-02      2.67s        4         
321  8.511e+00    5.097e+06    9.280e+00      9.000e+00    1.505e+01    3.349e-02      2.01s        4         
322  8.803e+00    3.092e+03    8.958e+01      9.000e+00    1.505e+01    3.349e-02      1.35s        4         
323  8.475e+00    1.956e+04    1.373e+01      9.000e+00    1.505e+01    3.349e-02      0.68s        4         
324  8.261e+00    8.807e+03    5.533e+00      9.000e+00    1.505e+01    3.349e-02      0.00s        4         
325  8.286e+00    3.836e+03    1.033e+02      9.000e+00    1.505e+01    3.349e-02      16.08s       4         
326  8.590e+00    5.208e+03    8.444e+05      9.000e+00    1.505e+01    3.349e-02      15.32s       4         
327  8.570e+00    9.043e+05    3.565e+05      9.000e+00    1.505e+01    3.349e-02      14.78s       4         
328  8.225e+00    7.127e+03    1.688e+02      9.000e+00    1.505e+01    3.349e-02      14.03s       4         
329  8.465e+00    4.030e+05    8.521e+01      9.000e+00    1.505e+01    3.349e-02      22.41s       4         
330  8.607e+00    1.395e+03    2.184e+00      9.000e+00    1.505e+01    3.349e-02      13.30s       4         
331  8.405e+00    4.954e+05    3.445e+01      9.000e+00    1.505e+01    3.349e-02      12.28s       4         
332  8.185e+00    1.475e+03    9.240e+01      9.000e+00    1.505e+01    3.349e-02      11.21s       4         
333  8.672e+00    7.206e+07    8.396e+00      9.000e+00    1.505e+01    3.349e-02      10.68s       4         
334  8.486e+00    1.983e+03    2.085e+02      9.000e+00    1.505e+01    3.349e-02      10.21s       4         
335  8.485e+00    3.088e+02    3.816e+02      9.000e+00    1.505e+01    3.349e-02      9.69s        4         
336  8.195e+00    4.413e+02    1.564e+01      9.000e+00    1.505e+01    3.349e-02      8.80s        4         
337  8.521e+00    6.379e+05    1.051e+01      9.000e+00    1.505e+01    3.349e-02      8.19s        4         
338  8.391e+00    4.995e+06    7.195e+00      9.000e+00    1.505e+01    3.349e-02      7.55s        4         
339  8.117e+00    8.359e+02    2.866e+00      9.000e+00    1.505e+01    3.349e-02      6.70s        4         
340  8.304e+00    1.300e+09    1.261e+01      9.000e+00    1.505e+01    3.349e-02      6.12s        4         
341  8.770e+00    5.831e+04    4.003e+01      9.000e+00    1.505e+01    3.349e-02      5.41s        4         
342  8.188e+00    9.633e+02    4.144e+01      9.000e+00    1.505e+01    3.349e-02      4.76s        4         
343  8.006e+00    8.406e+02    1.782e+05      9.000e+00    1.505e+01    3.349e-02      4.05s        4         
344  8.474e+00    7.973e+03    4.815e+02      9.000e+00    1.505e+01    3.349e-02      3.35s        4         
345  8.534e+00    4.247e+04    3.363e+02      9.000e+00    1.505e+01    3.349e-02      2.75s        4         
346  8.585e+00    5.079e+03    3.458e+01      9.000e+00    1.505e+01    3.349e-02      2.10s        4         
347  8.741e+00    1.117e+05    8.562e+01      9.000e+00    1.505e+01    3.349e-02      1.34s        4         
348  8.485e+00    1.435e+04    5.043e+05      9.000e+00    1.505e+01    3.349e-02      0.66s        4         
349  8.534e+00    1.741e+04    2.455e+00      9.000e+00    1.505e+01    3.349e-02      0.00s        4         
350  8.486e+00    2.366e+03    1.180e+01      9.000e+00    1.505e+01    3.349e-02      15.77s       4         
351  8.434e+00    8.952e+04    1.160e+02      9.000e+00    1.505e+01    3.349e-02      15.12s       4         
352  8.074e+00    6.774e+04    1.409e+02      9.000e+00    1.505e+01    3.349e-02      14.94s       4         
353  8.519e+00    1.396e+05    1.019e+01      9.000e+00    1.505e+01    3.349e-02      14.07s       4         
354  8.665e+00    1.002e+03    4.433e+01      9.000e+00    1.505e+01    3.349e-02      13.57s       4         
355  8.553e+00    1.506e+03    6.939e+01      9.000e+00    1.505e+01    3.349e-02      12.60s       4         
356  8.606e+00    1.707e+04    6.206e+00      9.000e+00    1.505e+01    3.349e-02      12.16s       4         
357  8.496e+00    1.940e+03    7.157e+01      9.000e+00    1.505e+01    3.349e-02      11.41s       4         
358  8.479e+00    2.773e+05    4.219e+01      9.000e+00    1.505e+01    3.349e-02      10.67s       4         
359  8.439e+00    1.711e+03    5.842e+01      9.000e+00    1.505e+01    3.349e-02      10.25s       4         
360  8.727e+00    9.124e+03    4.892e+02      9.000e+00    1.505e+01    3.349e-02      9.40s        4         
361  8.482e+00    4.996e+04    2.785e+03      9.000e+00    1.505e+01    3.349e-02      8.67s        4         
362  8.627e+00    6.801e+04    3.542e+00      9.000e+00    1.505e+01    3.349e-02      7.91s        4         
363  8.204e+00    1.975e+03    3.088e+00      9.000e+00    1.505e+01    3.349e-02      7.26s        4         
364  8.723e+00    1.873e+05    1.614e+01      9.000e+00    1.505e+01    3.349e-02      6.64s        4         
365  8.601e+00    3.275e+04    7.742e+00      9.000e+00    1.505e+01    3.349e-02      6.08s        4         
366  8.435e+00    1.865e+03    1.069e+02      9.000e+00    1.505e+01    3.349e-02      5.37s        4         
367  8.579e+00    2.450e+07    4.161e+00      9.000e+00    1.505e+01    3.349e-02      4.59s        4         
368  8.649e+00    2.859e+05    1.067e+01      9.000e+00    1.505e+01    3.349e-02      6.65s        4         
369  8.543e+00    1.310e+06    5.616e+00      9.000e+00    1.505e+01    3.349e-02      3.32s        4         
370  8.206e+00    2.888e+05    3.141e+04      9.000e+00    1.505e+01    3.349e-02      2.69s        4         
371  8.454e+00    2.840e+05    4.224e+01      9.000e+00    1.505e+01    3.349e-02      2.01s        4         
372  8.821e+00    1.452e+05    5.844e+00      9.000e+00    1.505e+01    3.349e-02      1.36s        4         
373  8.502e+00    2.563e+03    1.562e+02      9.000e+00    1.505e+01    3.349e-02      0.67s        4         
374  8.189e+00    4.024e+02    5.992e+00      9.000e+00    1.505e+01    3.349e-02      0.00s        4         
375  8.654e+00    3.721e+02    1.893e+03      9.000e+00    1.505e+01    3.349e-02      15.57s       4         
376  8.539e+00    1.373e+04    7.105e+01      9.000e+00    1.505e+01    3.349e-02      15.02s       4         
377  8.799e+00    1.994e+05    1.375e+02      9.000e+00    1.505e+01    3.349e-02      14.45s       4         
378  8.377e+00    1.605e+07    9.881e+02      9.000e+00    1.505e+01    3.349e-02      13.79s       4         
379  8.640e+00    1.028e+06    3.068e+00      9.000e+00    1.505e+01    3.349e-02      13.36s       4         
380  8.356e+00    1.292e+03    2.430e+01      9.000e+00    1.505e+01    3.349e-02      12.67s       4         
381  8.634e+00    2.439e+08    3.609e+03      9.000e+00    1.505e+01    3.349e-02      12.41s       4         
382  8.460e+00    3.219e+05    2.923e+02      9.000e+00    1.505e+01    3.349e-02      11.38s       4         
383  8.505e+00    5.486e+03    3.513e+02      9.000e+00    1.505e+01    3.349e-02      10.59s       4         
384  8.381e+00    2.835e+03    7.226e+01      9.000e+00    1.505e+01    3.349e-02      9.95s        4         
385  8.269e+00    1.760e+03    2.318e+01      9.000e+00    1.505e+01    3.349e-02      9.24s        4         
386  8.525e+00    4.033e+04    2.470e+02      9.000e+00    1.505e+01    3.349e-02      14.06s       4         
387  8.436e+00    2.064e+06    1.328e+02      9.000e+00    1.505e+01    3.349e-02      8.01s        4         
388  8.271e+00    1.312e+03    1.577e+03      9.000e+00    1.505e+01    3.349e-02      7.57s        4         
389  8.902e+00    1.728e+05    6.320e+04      9.000e+00    1.505e+01    3.349e-02      6.72s        4         
390  8.740e+00    1.713e+07    1.080e+01      9.000e+00    1.505e+01    3.349e-02      6.01s        4         
391  8.322e+00    4.232e+02    2.011e+00      9.000e+00    1.505e+01    3.349e-02      5.30s        4         
392  8.479e+00    3.475e+04    2.675e+01      9.000e+00    1.505e+01    3.349e-02      4.61s        4         
393  8.399e+00    3.264e+05    4.308e+01      9.000e+00    1.505e+01    3.349e-02      4.00s        4         
394  8.732e+00    8.682e+03    2.236e+01      9.000e+00    1.505e+01    3.349e-02      3.30s        4         
395  8.636e+00    4.111e+04    9.705e+02      9.000e+00    1.505e+01    3.349e-02      2.73s        4         
396  8.768e+00    9.106e+03    1.498e+04      9.000e+00    1.505e+01    3.349e-02      2.01s        4         
397  8.214e+00    7.952e+03    1.302e+02      9.000e+00    1.505e+01    3.349e-02      1.35s        4         
398  8.242e+00    2.979e+02    2.852e+02      9.000e+00    1.505e+01    3.349e-02      0.66s        4         
399  8.270e+00    4.474e+02    8.357e+00      9.000e+00    1.505e+01    3.349e-02      0.00s        4         
400  8.301e+00    7.859e+03    1.004e+02      9.000e+00    1.505e+01    3.349e-02      15.86s       4         
401  8.596e+00    2.937e+06    1.790e+02      9.000e+00    1.505e+01    3.349e-02      15.45s       4         
402  8.219e+00    4.083e+02    7.444e+00      9.000e+00    1.505e+01    3.349e-02      14.89s       4         
403  8.281e+00    1.747e+03    6.993e+00      9.000e+00    1.505e+01    3.349e-02      13.91s       4         
404  8.466e+00    2.624e+07    3.356e+00      9.000e+00    1.505e+01    3.349e-02      13.28s       4         
405  8.549e+00    2.264e+04    1.004e+01      9.000e+00    1.505e+01    3.349e-02      12.70s       4         
406  8.678e+00    7.293e+02    1.362e+03      9.000e+00    1.505e+01    3.349e-02      20.20s       4         
407  8.595e+00    2.351e+05    1.478e+01      9.000e+00    1.505e+01    3.349e-02      11.58s       4         
408  8.586e+00    1.417e+03    4.116e+02      9.000e+00    1.505e+01    3.349e-02      10.49s       4         
409  8.402e+00    9.286e+04    1.035e+02      9.000e+00    1.505e+01    3.349e-02      9.74s        4         
410  8.440e+00    4.498e+04    8.169e+00      9.000e+00    1.505e+01    3.349e-02      9.40s        4         
411  8.460e+00    4.551e+02    2.863e+00      9.000e+00    1.505e+01    3.349e-02      8.70s        4         
412  8.258e+00    1.237e+05    1.091e+02      9.000e+00    1.505e+01    3.349e-02      7.88s        4         
413  8.280e+00    1.103e+04    1.327e+02      9.000e+00    1.505e+01    3.349e-02      7.18s        4         
414  8.216e+00    6.629e+02    8.993e+00      9.000e+00    1.505e+01    3.349e-02      6.50s        4         
415  8.745e+00    3.569e+04    1.816e+01      9.000e+00    1.505e+01    3.349e-02      6.06s        4         
416  8.460e+00    2.493e+03    1.013e+01      9.000e+00    1.505e+01    3.349e-02      5.31s        4         
417  8.225e+00    8.940e+02    4.468e+00      9.000e+00    1.505e+01    3.349e-02      4.77s        4         
418  8.380e+00    7.773e+05    4.114e+00      9.000e+00    1.505e+01    3.349e-02      3.99s        4         
419  8.249e+00    4.936e+02    4.396e+06      9.000e+00    1.505e+01    3.349e-02      3.31s        4         
420  8.646e+00    7.829e+03    2.155e+01      9.000e+00    1.505e+01    3.349e-02      2.65s        4         
421  8.636e+00    1.064e+06    9.698e+01      9.000e+00    1.505e+01    3.349e-02      2.00s        4         
422  8.669e+00    8.133e+08    1.535e+05      9.000e+00    1.505e+01    3.349e-02      1.32s        4         
423  8.266e+00    7.375e+02    3.343e+02      9.000e+00    1.505e+01    3.349e-02      0.66s        4         
424  8.496e+00    3.823e+02    5.807e+00      9.000e+00    1.505e+01    3.349e-02      0.00s        4         
425  8.464e+00    3.791e+03    2.622e+02      9.000e+00    1.505e+01    3.349e-02      15.76s       4         
426  8.348e+00    3.231e+05    1.687e+00      9.000e+00    1.505e+01    3.349e-02      26.02s       4         
427  8.600e+00    1.677e+04    3.581e+00      9.000e+00    1.505e+01    3.349e-02      15.32s       4         
428  8.322e+00    8.973e+04    1.644e+02      9.000e+00    1.505e+01    3.349e-02      14.20s       4         
429  8.439e+00    1.534e+03    1.130e+01      9.000e+00    1.505e+01    3.349e-02      13.37s       4         
430  8.841e+00    2.158e+05    3.284e+01      9.000e+00    1.505e+01    3.349e-02      12.89s       4         
431  8.459e+00    2.597e+06    2.570e+05      9.000e+00    1.505e+01    3.349e-02      12.23s       4         
432  8.512e+00    7.796e+03    3.962e+01      9.000e+00    1.505e+01    3.349e-02      11.42s       4         
433  8.454e+00    1.952e+05    1.561e+02      9.000e+00    1.505e+01    3.349e-02      10.69s       4         
434  8.491e+00    1.429e+03    7.979e+00      9.000e+00    1.505e+01    3.349e-02      10.02s       4         
435  8.531e+00    3.646e+03    9.682e+04      9.000e+00    1.505e+01    3.349e-02      9.29s        4         
436  8.621e+00    3.702e+04    5.563e+02      9.000e+00    1.505e+01    3.349e-02      8.32s        4         
437  8.450e+00    5.704e+07    1.229e+01      9.000e+00    1.505e+01    3.349e-02      7.87s        4         
438  8.371e+00    7.846e+05    6.528e+00      9.000e+00    1.505e+01    3.349e-02      7.18s        4         
439  8.704e+00    1.609e+07    7.448e+00      9.000e+00    1.505e+01    3.349e-02      6.65s        4         
440  8.464e+00    7.485e+07    2.072e+01      9.000e+00    1.505e+01    3.349e-02      6.02s        4         
441  8.438e+00    5.709e+03    4.021e+01      9.000e+00    1.505e+01    3.349e-02      5.39s        4         
442  8.404e+00    6.646e+04    2.266e+00      9.000e+00    1.505e+01    3.349e-02      4.70s        4         
443  8.434e+00    2.422e+04    3.945e+00      9.000e+00    1.505e+01    3.349e-02      4.02s        4         
444  8.305e+00    2.616e+04    2.262e+00      9.000e+00    1.505e+01    3.349e-02      3.34s        4         
445  8.512e+00    3.746e+03    1.681e+01      9.000e+00    1.505e+01    3.349e-02      2.64s        4         
446  8.419e+00    2.671e+03    4.878e+01      9.000e+00    1.505e+01    3.349e-02      3.34s        4         
447  8.553e+00    8.364e+04    1.109e+02      9.000e+00    1.505e+01    3.349e-02      1.34s        4         
448  8.364e+00    1.109e+03    4.327e+00      9.000e+00    1.505e+01    3.349e-02      0.66s        4         
449  8.804e+00    9.197e+04    8.887e+02      9.000e+00    1.505e+01    3.349e-02      0.00s        4         
450  8.479e+00    1.717e+06    1.041e+03      9.000e+00    1.505e+01    3.349e-02      16.29s       4         
451  8.164e+00    2.229e+08    7.220e+01      9.000e+00    1.505e+01    3.349e-02      15.39s       4         
452  8.224e+00    1.734e+03    8.692e+01      9.000e+00    1.505e+01    3.349e-02      14.78s       4         
453  8.574e+00    6.646e+06    4.161e+04      9.000e+00    1.505e+01    3.349e-02      14.44s       4         
454  8.864e+00    5.537e+03    4.530e+00      9.000e+00    1.505e+01    3.349e-02      13.42s       4         
455  8.389e+00    2.018e+03    1.421e+02      9.000e+00    1.505e+01    3.349e-02      12.87s       4         
456  8.363e+00    1.596e+05    5.230e+00      9.000e+00    1.505e+01    3.349e-02      12.41s       4         
457  8.447e+00    3.200e+04    1.108e+03      9.000e+00    1.505e+01    3.349e-02      11.29s       4         
458  8.500e+00    6.875e+04    3.678e+00      9.000e+00    1.505e+01    3.349e-02      10.69s       4         
459  8.320e+00    1.261e+04    1.964e+03      9.000e+00    1.505e+01    3.349e-02      10.01s       4         
460  8.625e+00    3.239e+06    3.602e+01      9.000e+00    1.505e+01    3.349e-02      9.48s        4         
461  8.537e+00    8.134e+03    7.787e+00      9.000e+00    1.505e+01    3.349e-02      8.74s        4         
462  8.566e+00    1.883e+04    1.107e+02      9.000e+00    1.505e+01    3.349e-02      8.11s        4         
463  8.596e+00    1.638e+06    2.016e+02      9.000e+00    1.505e+01    3.349e-02      7.23s        4         
464  8.266e+00    9.298e+04    1.208e+05      9.000e+00    1.505e+01    3.349e-02      6.57s        4         
465  8.126e+00    6.932e+02    6.450e+01      9.000e+00    1.505e+01    3.349e-02      9.90s        4         
466  8.424e+00    1.729e+03    1.566e+00      9.000e+00    1.505e+01    3.349e-02      5.56s        4         
467  8.355e+00    5.407e+02    5.145e+01      9.000e+00    1.505e+01    3.349e-02      4.99s        4         
468  8.797e+00    4.962e+05    7.935e+00      9.000e+00    1.505e+01    3.349e-02      4.17s        4         
469  8.537e+00    6.667e+04    8.398e+01      9.000e+00    1.505e+01    3.349e-02      3.40s        4         
470  8.811e+00    1.311e+03    5.939e+01      9.000e+00    1.505e+01    3.349e-02      2.72s        4         
471  8.652e+00    3.089e+04    1.157e+02      9.000e+00    1.505e+01    3.349e-02      2.07s        4         
472  8.494e+00    2.903e+02    2.094e+00      9.000e+00    1.505e+01    3.349e-02      1.36s        4         
473  8.489e+00    1.024e+03    1.368e+01      9.000e+00    1.505e+01    3.349e-02      0.68s        4         
474  8.651e+00    1.357e+03    9.817e+00      9.000e+00    1.505e+01    3.349e-02      0.00s        4         
475  8.385e+00    3.537e+03    1.945e+01      9.000e+00    1.505e+01    3.349e-02      16.38s       4         
476  8.426e+00    8.828e+02    6.404e+00      9.000e+00    1.505e+01    3.349e-02      15.76s       4         
477  8.713e+00    8.488e+07    6.051e+02      9.000e+00    1.505e+01    3.349e-02      14.79s       4         
478  8.194e+00    1.654e+03    3.148e+00      9.000e+00    1.505e+01    3.349e-02      14.24s       4         
479  8.679e+00    9.754e+02    2.917e+01      9.000e+00    1.505e+01    3.349e-02      13.49s       4         
480  8.408e+00    8.997e+03    2.355e+00      9.000e+00    1.505e+01    3.349e-02      12.99s       4         
481  8.510e+00    2.856e+03    5.484e+00      9.000e+00    1.505e+01    3.349e-02      12.35s       4         
482  8.255e+00    1.769e+02    3.013e+00      9.000e+00    1.505e+01    3.349e-02      11.69s       4         
483  8.866e+00    1.579e+03    2.753e+01      9.000e+00    1.505e+01    3.349e-02      10.80s       4         
484  8.575e+00    1.781e+07    3.807e+00      9.000e+00    1.505e+01    3.349e-02      10.12s       4         
485  8.572e+00    6.341e+03    1.232e+02      9.000e+00    1.505e+01    3.349e-02      9.53s        4         
486  8.271e+00    3.868e+03    4.770e+01      9.000e+00    1.505e+01    3.349e-02      14.86s       4         
487  8.481e+00    1.427e+04    3.221e+01      9.000e+00    1.505e+01    3.349e-02      8.06s        4         
488  8.704e+00    1.417e+05    3.444e+05      9.000e+00    1.505e+01    3.349e-02      7.86s        4         
489  8.495e+00    4.220e+02    8.005e+01      9.000e+00    1.505e+01    3.349e-02      7.01s        4         
490  8.529e+00    9.469e+04    6.092e+00      9.000e+00    1.505e+01    3.349e-02      6.28s        4         
491  8.143e+00    1.068e+03    2.428e+02      9.000e+00    1.505e+01    3.349e-02      5.44s        4         
492  8.756e+00    4.008e+03    2.616e+04      9.000e+00    1.505e+01    3.349e-02      4.82s        4         
493  8.449e+00    7.418e+05    3.827e+00      9.000e+00    1.505e+01    3.349e-02      4.23s        4         
494  8.574e+00    4.682e+05    6.630e+01      9.000e+00    1.505e+01    3.349e-02      3.44s        4         
495  8.592e+00    6.504e+05    7.086e+04      9.000e+00    1.505e+01    3.349e-02      2.75s        4         
496  8.570e+00    1.900e+07    4.107e+01      9.000e+00    1.505e+01    3.349e-02      2.08s        4         
497  8.286e+00    2.588e+03    4.645e+00      9.000e+00    1.505e+01    3.349e-02      1.32s        4         
498  8.422e+00    9.210e+04    8.371e+00      9.000e+00    1.505e+01    3.349e-02      0.68s        4         
499  8.270e+00    1.713e+02    1.745e+00      9.000e+00    1.505e+01    3.349e-02      0.00s        4         





Time: 0h:5m:52s
####   Data for the best program   ####
Best Program: add(sin(div(X1, 0.307)), cos(add(X0, X0)))
Best Program Complexity: 9
Raw Fitness: 0.033489786459997166
Penalized Fitness: 0.033489786459997166
Estimator		Train-rmse: 0.033489786459997166	Test-rmse: 0.03510989599718978	Test-R^2: 0.995884328775168

{'complexity': 'length', 'const_range': (1e-10, 2.0), 'elitism_size': 0, 'function_set': ('add', 'sub', 'div', 'mul', 'sin', 'cos'), 'generations': 500, 'init_depth': (3, 6), 'init_method': 'half and half', 'low_memory': True, 'max_samples': 1.0, 'metric': 'rmse', 'n_jobs': 2, 'p_crossover': 0.0, 'p_hoist_mutation': 0.0, 'p_point_mutation': 0.5, 'p_point_replace': 0.05, 'p_subtree_mutation': 0.5, 'paretogp': True, 'paretogp_lengths': (5, 160), 'parsimony_coefficient': 0.0, 'population_size': 800, 'random_state': 2072593441, 'selection': 'tournament', 'stopping_criteria': 1e-10, 'tournament_size': 11, 'verbose': 1, 'warm_start': True}
