    |          Population Average          |           Best Individual            |
---- -------------------------------------- -------------------------------------- ----------
Gen  Length       Kommenda     Fitness        Length       Kommenda     Fitness        Time Left    Front Size
0    3.792e+01    2.652e+15    2.199e+09      5.000e+00    5.000e+00    1.057e-01      9.07s        0         
1    1.447e+01    8.354e+13    1.309e+04      5.000e+00    5.000e+00    1.057e-01      18.66s       0         
2    8.363e+00    1.023e+06    1.039e+06      1.000e+00    1.000e+00    9.995e-02      23.12s       0         
3    9.625e+00    1.138e+04    1.148e+02      1.900e+01    9.590e+02    9.495e-02      17.07s       0         
4    1.323e+01    4.660e+05    3.244e+07      3.100e+01    2.744e+03    7.847e-02      16.70s       0         
5    1.245e+01    1.268e+05    2.729e+04      3.100e+01    2.744e+03    7.847e-02      15.90s       0         
6    1.781e+01    5.092e+13    2.158e+03      3.900e+01    1.524e+05    7.051e-02      15.96s       0         
7    2.613e+01    8.627e+07    3.269e+04      1.100e+01    2.900e+01    5.423e-02      16.96s       0         
8    2.947e+01    1.656e+12    1.943e+05      5.300e+01    3.919e+05    5.197e-02      17.25s       0         
9    3.274e+01    4.844e+11    1.257e+02      2.700e+01    9.390e+02    4.995e-02      20.21s       0         
10   3.102e+01    3.403e+07    3.811e+06      1.300e+01    4.900e+01    4.812e-02      16.70s       0         
11   3.014e+01    1.891e+10    3.617e+01      5.300e+01    2.150e+05    4.451e-02      15.60s       0         
12   3.302e+01    8.664e+11    1.012e+02      1.050e+02    3.251e+10    3.936e-02      14.77s       0         
13   3.928e+01    1.242e+15    4.064e+03      5.900e+01    1.023e+06    3.658e-02      16.33s       0         
14   4.765e+01    1.648e+16    6.747e+05      4.900e+01    4.362e+04    3.569e-02      14.43s       0         
15   6.238e+01    8.007e+21    1.463e+04      4.900e+01    6.395e+04    3.052e-02      13.96s       0         
16   7.256e+01    1.243e+22    3.206e+03      8.500e+01    1.456e+06    2.592e-02      15.14s       0         
17   7.391e+01    2.805e+30    5.285e+01      9.900e+01    8.754e+09    1.726e-02      12.13s       0         
18   7.347e+01    9.260e+20    9.805e+00      8.300e+01    2.019e+08    1.712e-02      11.80s       0         
19   7.926e+01    1.675e+19    3.106e+01      9.900e+01    9.536e+09    1.682e-02      9.43s        0         
20   8.477e+01    1.500e+20    4.487e+05      1.450e+02    3.948e+08    1.470e-02      8.45s        0         
21   9.477e+01    9.030e+33    1.665e+01      1.510e+02    6.028e+08    1.413e-02      6.21s        0         
22   8.257e+01    8.775e+18    2.588e+02      1.430e+02    2.120e+08    1.415e-02      4.31s        0         
23   7.567e+01    4.749e+18    1.631e+02      1.450e+02    5.595e+09    1.303e-02      1.87s        0         
24   7.055e+01    3.720e+13    1.131e+04      1.450e+02    4.431e+09    1.299e-02      0.00s        0         
25   7.081e+01    2.298e+15    1.620e+02      1.510e+02    4.460e+09    1.294e-02      41.96s       0         
26   7.147e+01    2.639e+16    4.473e+02      1.430e+02    4.425e+09    1.285e-02      45.46s       0         
27   6.796e+01    1.066e+12    1.593e+03      1.450e+02    5.794e+09    1.283e-02      41.06s       0         
28   6.489e+01    2.681e+11    1.023e+05      1.090e+02    5.558e+09    1.284e-02      38.40s       0         
29   6.396e+01    3.331e+12    2.053e+03      1.410e+02    4.422e+09    1.306e-02      35.83s       0         
30   6.203e+01    9.914e+10    6.933e+01      1.310e+02    4.406e+09    1.294e-02      36.11s       0         
31   6.358e+01    9.987e+12    3.060e+04      1.370e+02    1.760e+10    1.291e-02      30.85s       0         
32   6.245e+01    9.828e+12    1.547e+03      1.070e+02    2.950e+10    1.282e-02      33.28s       0         
33   6.416e+01    9.733e+10    1.558e+03      1.030e+02    1.098e+09    1.299e-02      28.83s       0         
34   6.617e+01    4.222e+17    1.108e+09      9.100e+01    5.992e+07    1.284e-02      27.85s       0         
35   6.449e+01    8.666e+11    1.712e+02      8.300e+01    2.064e+06    1.282e-02      26.09s       0         
36   6.831e+01    1.103e+16    2.105e+04      1.910e+02    1.014e+17    1.261e-02      25.65s       0         
37   7.007e+01    2.450e+21    2.003e+04      1.490e+02    9.855e+13    1.270e-02      21.82s       0         
38   7.539e+01    1.642e+19    2.859e+01      1.450e+02    9.855e+13    1.270e-02      23.71s       0         
39   7.796e+01    1.124e+19    2.909e+08      1.330e+02    8.248e+12    1.273e-02      19.57s       0         
40   7.670e+01    3.707e+20    3.919e+02      1.390e+02    3.780e+13    1.268e-02      19.40s       0         
41   7.088e+01    2.734e+13    8.244e+04      8.900e+01    2.624e+07    1.268e-02      15.34s       0         
42   7.154e+01    6.962e+15    5.225e+01      9.900e+01    3.940e+08    1.263e-02      14.52s       0         
43   7.096e+01    1.372e+14    5.809e+03      1.170e+02    1.337e+10    1.265e-02      11.19s       0         
44   6.659e+01    1.575e+12    3.126e+03      1.170e+02    1.395e+10    1.274e-02      10.23s       0         
45   6.597e+01    3.938e+12    5.944e+01      8.700e+01    7.656e+06    1.279e-02      8.14s        0         
46   6.738e+01    4.457e+12    7.688e+01      1.130e+02    1.409e+10    1.273e-02      5.60s        0         
47   6.967e+01    6.100e+12    2.692e+02      1.050e+02    6.800e+08    1.274e-02      3.82s        0         
48   6.935e+01    7.209e+14    2.508e+03      9.500e+01    5.663e+07    1.260e-02      1.95s        0         
49   6.819e+01    9.351e+13    3.706e+02      1.070e+02    2.673e+09    1.276e-02      0.00s        0         
50   6.467e+01    1.111e+11    3.180e+01      1.010e+02    2.995e+08    1.281e-02      44.93s       0         
51   6.289e+01    1.140e+12    1.259e+02      8.500e+01    4.155e+07    1.353e-02      45.56s       0         
52   6.442e+01    1.551e+12    5.809e+02      1.010e+02    1.056e+10    1.350e-02      39.97s       0         
53   6.390e+01    1.273e+13    2.987e+02      7.500e+01    5.827e+06    1.343e-02      43.30s       0         
54   6.205e+01    7.008e+12    1.831e+03      6.900e+01    3.218e+06    1.332e-02      35.34s       0         
55   6.210e+01    1.251e+12    1.104e+03      5.900e+01    7.557e+06    1.349e-02      37.84s       0         
56   6.216e+01    9.741e+13    2.907e+02      5.900e+01    7.557e+06    1.349e-02      31.00s       0         
57   5.988e+01    5.107e+13    5.170e+03      1.210e+02    5.688e+12    1.331e-02      31.82s       0         
58   6.056e+01    1.113e+15    8.332e+01      1.190e+02    3.413e+12    1.343e-02      27.36s       0         
59   5.845e+01    1.042e+13    1.725e+03      6.100e+01    2.836e+05    1.314e-02      29.57s       0         
60   6.036e+01    2.193e+13    3.067e+03      5.900e+01    1.018e+06    1.315e-02      24.41s       0         
61   5.984e+01    7.630e+15    7.901e+01      5.900e+01    1.018e+06    1.314e-02      24.56s       0         
62   6.030e+01    2.820e+16    3.208e+02      5.900e+01    1.018e+06    1.314e-02      20.72s       0         
63   6.002e+01    1.642e+16    1.983e+02      5.900e+01    1.018e+06    1.314e-02      21.20s       0         
64   6.017e+01    2.577e+21    1.201e+04      6.300e+01    4.233e+06    1.331e-02      17.83s       0         
65   5.826e+01    2.400e+13    3.367e+03      1.110e+02    7.083e+08    1.297e-02      17.02s       0         
66   5.891e+01    5.086e+13    7.158e+04      6.100e+01    2.390e+06    1.324e-02      13.83s       0         
67   5.993e+01    2.156e+15    5.936e+02      6.100e+01    2.390e+06    1.324e-02      13.33s       0         
68   6.161e+01    9.779e+14    4.594e+03      9.900e+01    7.199e+08    1.341e-02      11.62s       0         
69   5.784e+01    7.434e+12    4.893e+06      8.300e+01    1.151e+10    1.347e-02      8.64s        0         
70   5.972e+01    3.747e+14    1.523e+02      7.900e+01    7.513e+07    1.353e-02      7.71s        0         
71   5.900e+01    7.469e+16    1.343e+03      7.900e+01    7.513e+07    1.350e-02      5.26s        0         
72   6.072e+01    5.883e+15    2.205e+02      6.700e+01    3.320e+07    1.350e-02      3.56s        0         
73   6.034e+01    8.981e+13    2.396e+02      1.290e+02    1.535e+12    1.290e-02      1.73s        0         
74   6.190e+01    1.489e+16    4.565e+02      1.310e+02    1.535e+12    1.294e-02      0.00s        0         
75   5.917e+01    2.237e+16    7.577e+03      1.370e+02    1.657e+12    1.304e-02      43.27s       0         
76   5.778e+01    1.664e+16    8.485e+02      1.290e+02    1.218e+13    1.347e-02      45.43s       0         
77   5.751e+01    5.653e+14    3.378e+02      5.900e+01    1.878e+05    1.341e-02      37.47s       0         
78   5.753e+01    1.627e+14    3.023e+05      5.900e+01    2.458e+05    1.328e-02      40.55s       0         
79   5.637e+01    1.367e+16    5.191e+02      7.500e+01    8.975e+07    1.304e-02      34.60s       0         
80   6.011e+01    3.657e+15    2.835e+02      6.300e+01    6.956e+06    1.319e-02      37.19s       0         
81   5.966e+01    9.997e+14    6.965e+02      5.100e+01    1.863e+05    1.330e-02      32.01s       0         
82   5.942e+01    2.791e+15    1.212e+05      5.100e+01    1.863e+05    1.330e-02      34.27s       0         
83   5.982e+01    7.961e+20    9.472e+01      5.100e+01    1.863e+05    1.330e-02      28.31s       0         
84   5.793e+01    1.369e+13    6.431e+02      5.100e+01    1.863e+05    1.330e-02      29.29s       0         
85   5.667e+01    3.328e+19    3.252e+01      6.100e+01    8.266e+05    1.341e-02      24.62s       0         
86   6.016e+01    3.968e+19    1.594e+01      7.300e+01    4.017e+08    1.345e-02      25.82s       0         
87   6.116e+01    1.173e+20    6.966e+02      7.300e+01    4.017e+08    1.345e-02      21.62s       0         
88   5.995e+01    7.490e+24    5.662e+02      7.300e+01    7.024e+08    1.345e-02      22.86s       0         
89   5.932e+01    8.360e+20    2.219e+06      7.100e+01    2.814e+08    1.338e-02      20.24s       0         
90   5.661e+01    3.321e+14    3.493e+05      4.500e+01    8.032e+04    1.339e-02      16.23s       0         
91   5.833e+01    1.829e+14    6.116e+05      1.010e+02    2.015e+11    1.321e-02      15.76s       0         
92   5.654e+01    5.510e+14    6.005e+01      1.250e+02    2.016e+11    1.321e-02      12.44s       0         
93   5.824e+01    7.929e+18    2.236e+04      1.110e+02    2.298e+11    1.325e-02      10.48s       0         
94   5.885e+01    5.402e+17    1.015e+04      6.900e+01    3.685e+07    1.339e-02      9.06s        0         
95   5.869e+01    2.099e+20    6.977e+01      8.900e+01    1.608e+11    1.334e-02      8.03s        0         
96   5.842e+01    1.846e+21    3.749e+02      8.700e+01    1.340e+11    1.331e-02      5.55s        0         
97   5.742e+01    1.847e+21    4.454e+04      5.100e+01    2.959e+05    1.318e-02      3.91s        0         
98   5.535e+01    3.358e+17    1.643e+02      4.500e+01    8.032e+04    1.339e-02      1.78s        0         
99   5.427e+01    1.474e+22    5.711e+02      4.500e+01    8.032e+04    1.339e-02      0.00s        0         
100  5.362e+01    8.717e+24    9.178e+02      7.900e+01    3.925e+09    1.335e-02      41.51s       0         
101  5.416e+01    1.280e+14    8.721e+03      1.050e+02    1.931e+13    1.333e-02      42.95s       0         
102  5.451e+01    3.032e+12    3.572e+05      1.050e+02    1.931e+13    1.333e-02      37.02s       0         
103  5.444e+01    1.011e+14    2.970e+01      4.500e+01    8.032e+04    1.339e-02      40.61s       0         
104  5.504e+01    1.300e+14    5.446e+03      9.500e+01    5.035e+11    1.318e-02      34.49s       0         
105  5.437e+01    1.542e+13    2.807e+02      4.500e+01    8.032e+04    1.339e-02      35.92s       0         
106  5.589e+01    5.307e+13    7.832e+02      6.100e+01    9.299e+06    1.329e-02      31.32s       0         
107  5.531e+01    3.290e+13    2.254e+01      6.100e+01    5.256e+06    1.329e-02      34.06s       0         
108  5.277e+01    2.623e+13    3.896e+03      8.700e+01    8.842e+09    1.329e-02      27.74s       0         
109  5.442e+01    3.168e+15    4.757e+02      8.500e+01    6.542e+09    1.329e-02      28.38s       0         
110  5.270e+01    9.984e+18    8.359e+01      6.300e+01    1.836e+07    1.329e-02      24.17s       0         
111  5.376e+01    3.480e+14    1.202e+03      6.300e+01    1.836e+07    1.329e-02      25.18s       0         
112  5.319e+01    8.022e+16    3.166e+06      5.900e+01    3.863e+06    1.253e-02      20.52s       0         
113  5.224e+01    5.160e+14    2.927e+01      6.300e+01    2.225e+07    1.253e-02      20.97s       0         
114  5.183e+01    4.989e+12    2.097e+03      9.100e+01    3.047e+12    1.246e-02      16.87s       0         
115  5.245e+01    6.791e+15    8.296e+02      6.700e+01    2.430e+07    1.253e-02      15.03s       0         
116  5.377e+01    5.760e+14    1.013e+03      7.700e+01    2.163e+09    1.253e-02      13.59s       0         
117  5.540e+01    2.854e+15    4.397e+12      5.900e+01    2.160e+06    1.244e-02      13.70s       0         
118  5.659e+01    5.384e+11    1.207e+04      5.900e+01    1.547e+06    1.216e-02      10.63s       0         
119  5.671e+01    2.485e+17    2.918e+02      6.500e+01    1.135e+07    1.216e-02      9.97s        0         
120  5.776e+01    8.285e+15    4.071e+02      6.300e+01    6.825e+06    1.183e-02      7.13s        0         
121  5.859e+01    6.483e+20    5.449e+03      6.700e+01    1.887e+06    1.179e-02      5.89s        0         
122  5.912e+01    7.782e+18    1.220e+04      6.300e+01    3.590e+06    1.194e-02      3.61s        0         
123  6.273e+01    2.562e+18    2.182e+03      6.300e+01    3.590e+06    1.194e-02      2.04s        0         
124  6.074e+01    6.400e+16    4.576e+03      5.700e+01    1.955e+06    1.185e-02      0.00s        0         
125  6.349e+01    8.413e+19    1.444e+06      5.900e+01    2.977e+06    1.176e-02      50.11s       0         
126  6.130e+01    9.080e+16    2.177e+02      6.500e+01    1.125e+07    1.194e-02      47.61s       0         
127  6.198e+01    4.992e+17    8.323e+02      6.500e+01    1.125e+07    1.194e-02      41.71s       0         
128  6.114e+01    1.618e+14    3.935e+01      8.500e+01    3.049e+09    1.194e-02      43.20s       0         
129  6.121e+01    1.065e+14    1.749e+02      5.900e+01    3.590e+06    1.185e-02      36.65s       0         
130  6.202e+01    7.024e+15    2.089e+03      6.100e+01    7.166e+06    1.186e-02      38.36s       0         
131  6.172e+01    2.182e+15    6.817e+01      7.700e+01    1.529e+08    1.194e-02      34.43s       0         
132  6.257e+01    1.485e+17    2.807e+05      7.700e+01    4.501e+08    1.187e-02      34.49s       0         
133  6.158e+01    1.122e+23    8.502e+02      1.270e+02    1.226e+14    1.187e-02      29.75s       0         
134  6.284e+01    1.711e+21    1.176e+02      5.300e+01    1.717e+06    1.192e-02      31.18s       0         
135  6.201e+01    7.088e+17    1.342e+04      5.300e+01    1.717e+06    1.192e-02      28.82s       0         
136  6.038e+01    3.194e+15    8.538e+01      5.300e+01    1.412e+06    1.182e-02      24.19s       0         
137  5.938e+01    3.266e+13    1.255e+01      5.900e+01    1.696e+07    1.173e-02      24.49s       0         
138  5.946e+01    5.950e+11    2.265e+12      6.300e+01    7.459e+07    1.174e-02      20.60s       0         
139  5.910e+01    1.645e+13    1.072e+02      6.300e+01    7.459e+07    1.174e-02      21.01s       0         
140  5.958e+01    3.328e+13    5.950e+02      6.300e+01    4.192e+07    1.172e-02      18.06s       0         
141  6.066e+01    4.931e+12    1.760e+02      5.900e+01    1.696e+07    1.180e-02      16.87s       0         
142  6.009e+01    3.961e+15    2.614e+02      9.300e+01    1.204e+12    1.163e-02      12.82s       0         
143  6.022e+01    1.528e+15    1.692e+03      9.900e+01    1.247e+13    1.163e-02      12.26s       0         
144  5.988e+01    1.039e+14    5.577e+01      5.500e+01    9.950e+06    1.174e-02      9.90s        0         
145  6.145e+01    4.230e+14    2.401e+03      9.900e+01    3.456e+12    1.171e-02      7.55s        0         
146  6.027e+01    1.899e+17    1.064e+02      1.010e+02    5.330e+12    1.171e-02      6.33s        0         
147  6.008e+01    2.482e+15    7.146e+02      7.700e+01    2.482e+09    1.173e-02      3.77s        0         
148  5.984e+01    4.703e+13    1.652e+02      1.170e+02    2.330e+15    1.170e-02      2.06s        0         
149  6.011e+01    1.359e+16    2.829e+05      1.430e+02    1.368e+18    1.172e-02      0.00s        0         
150  6.274e+01    1.723e+16    2.159e+01      1.330e+02    1.092e+17    1.173e-02      46.68s       0         
151  6.453e+01    2.809e+18    1.101e+04      8.300e+01    4.633e+10    1.173e-02      49.28s       0         
152  6.596e+01    2.819e+18    8.565e+02      5.900e+01    6.075e+07    1.170e-02      42.39s       0         
153  6.557e+01    3.158e+18    1.606e+02      5.900e+01    3.251e+07    1.162e-02      44.57s       0         
154  6.197e+01    6.313e+18    3.350e+02      1.030e+02    1.637e+12    1.166e-02      38.00s       0         
155  6.202e+01    4.739e+15    8.842e+02      9.900e+01    1.557e+11    1.170e-02      36.14s       0         
156  6.253e+01    2.194e+20    2.231e+02      9.900e+01    1.557e+11    1.162e-02      36.62s       0         
157  6.195e+01    1.102e+14    4.937e+01      7.100e+01    8.440e+08    1.168e-02      30.83s       0         
158  6.338e+01    2.317e+19    4.289e+03      7.100e+01    8.440e+08    1.168e-02      33.41s       0         
159  6.203e+01    3.529e+14    8.343e+01      7.500e+01    1.717e+09    1.165e-02      28.09s       0         
160  6.305e+01    3.322e+14    6.445e+02      7.700e+01    1.692e+10    1.156e-02      28.70s       0         
161  6.296e+01    2.092e+17    2.361e+03      1.210e+02    1.249e+16    1.166e-02      27.14s       0         
162  6.153e+01    1.171e+16    1.522e+02      6.500e+01    1.308e+08    1.166e-02      22.05s       0         
163  6.101e+01    5.473e+14    1.128e+03      1.070e+02    2.732e+14    1.166e-02      22.98s       0         
164  6.202e+01    1.889e+17    1.060e+03      1.050e+02    2.272e+14    1.166e-02      19.07s       0         
165  6.561e+01    1.385e+15    4.412e+02      1.190e+02    3.880e+11    1.170e-02      18.63s       0         
166  6.466e+01    8.496e+18    5.269e+01      7.300e+01    1.143e+09    1.170e-02      15.35s       0         
167  6.447e+01    1.030e+23    1.286e+03      7.700e+01    1.069e+10    1.168e-02      14.97s       0         
168  6.331e+01    4.753e+18    3.693e+02      6.500e+01    8.344e+07    1.168e-02      12.81s       0         
169  6.346e+01    3.020e+16    6.956e+06      6.100e+01    7.978e+07    1.166e-02      9.42s        0         
170  6.052e+01    4.519e+18    1.828e+04      6.500e+01    1.961e+09    1.161e-02      8.15s        0         
171  6.118e+01    1.084e+15    5.777e+02      8.900e+01    5.249e+10    1.167e-02      5.56s        0         
172  5.963e+01    2.197e+16    3.989e+08      6.100e+01    5.599e+07    1.169e-02      3.93s        0         
173  5.888e+01    2.793e+16    2.915e+05      6.100e+01    7.978e+07    1.164e-02      1.82s        0         
174  5.889e+01    1.117e+16    3.913e+02      6.500e+01    3.999e+08    1.165e-02      0.00s        0         
175  6.074e+01    4.335e+17    2.303e+02      6.500e+01    3.999e+08    1.165e-02      48.65s       0         
176  6.002e+01    1.485e+18    5.932e+06      5.300e+01    3.241e+06    1.173e-02      47.27s       0         
177  6.102e+01    2.267e+19    9.231e+02      5.900e+01    4.935e+07    1.166e-02      40.58s       0         
178  6.163e+01    3.508e+19    3.785e+07      6.700e+01    2.914e+08    1.164e-02      44.18s       0         
179  6.172e+01    2.234e+19    9.088e+06      7.700e+01    2.694e+08    1.160e-02      38.20s       0         
180  6.245e+01    1.722e+17    2.636e+07      5.700e+01    1.838e+07    1.159e-02      36.00s       0         
181  5.953e+01    6.967e+13    1.359e+03      5.700e+01    1.838e+07    1.159e-02      36.97s       0         
182  5.942e+01    1.175e+20    6.045e+02      5.700e+01    1.838e+07    1.159e-02      31.58s       0         
183  5.847e+01    3.549e+13    3.482e+02      7.100e+01    1.129e+09    1.130e-02      32.71s       0         
184  5.738e+01    6.611e+12    7.021e+02      7.100e+01    1.129e+09    1.130e-02      27.14s       0         
185  5.845e+01    2.538e+14    1.100e+02      7.500e+01    1.223e+09    1.124e-02      28.55s       0         
186  6.111e+01    3.814e+16    1.329e+01      7.500e+01    1.954e+09    1.132e-02      24.65s       0         
187  6.190e+01    1.809e+25    3.712e+03      7.900e+01    4.793e+09    1.141e-02      23.72s       0         
188  6.146e+01    4.750e+18    5.263e+02      7.900e+01    3.906e+09    1.131e-02      23.92s       0         
189  6.095e+01    2.099e+17    7.674e+01      8.700e+01    8.786e+10    1.143e-02      19.36s       0         
190  6.045e+01    7.241e+17    2.853e+03      8.700e+01    1.535e+11    1.133e-02      18.63s       0         
191  6.003e+01    2.241e+15    2.225e+03      1.250e+02    1.783e+16    1.136e-02      14.76s       0         
192  6.032e+01    4.533e+17    5.210e+02      1.310e+02    9.809e+16    1.135e-02      12.87s       0         
193  6.241e+01    2.344e+18    2.570e+04      6.100e+01    9.677e+07    1.115e-02      12.58s       0         
194  5.745e+01    9.573e+13    1.920e+03      6.100e+01    9.677e+07    1.115e-02      9.31s        0         
195  5.969e+01    8.528e+16    4.195e+02      6.100e+01    9.677e+07    1.115e-02      8.12s        0         
196  5.751e+01    1.761e+16    8.803e+01      6.100e+01    9.677e+07    1.115e-02      5.48s        0         
197  5.945e+01    5.469e+19    2.316e+03      6.100e+01    9.677e+07    1.115e-02      4.05s        0         
198  5.977e+01    1.434e+20    3.836e+04      5.900e+01    5.553e+07    1.107e-02      1.87s        0         
199  5.759e+01    3.021e+15    7.214e+01      5.900e+01    5.553e+07    1.107e-02      0.00s        0         
200  5.972e+01    1.006e+16    4.733e+03      5.900e+01    5.553e+07    1.107e-02      49.04s       0         
201  6.129e+01    1.825e+19    1.735e+03      5.900e+01    5.553e+07    1.107e-02      42.65s       0         
202  5.963e+01    2.891e+16    4.388e+02      5.900e+01    5.553e+07    1.107e-02      44.28s       0         
203  5.883e+01    1.419e+14    1.554e+02      5.900e+01    5.553e+07    1.107e-02      39.62s       0         
204  5.853e+01    4.077e+13    8.381e+01      5.900e+01    5.553e+07    1.107e-02      39.95s       0         
205  5.836e+01    2.294e+18    5.666e+02      5.900e+01    5.553e+07    1.107e-02      34.35s       0         
206  5.780e+01    3.878e+17    3.346e+03      5.900e+01    5.553e+07    1.107e-02      32.20s       0         
207  5.844e+01    4.996e+16    1.140e+03      5.900e+01    5.553e+07    1.107e-02      33.21s       0         
208  6.252e+01    1.183e+17    1.726e+01      5.900e+01    5.553e+07    1.107e-02      29.41s       0         
209  6.191e+01    1.185e+19    2.355e+01      7.700e+01    4.671e+09    1.106e-02      31.95s       0         
210  6.128e+01    8.686e+16    2.136e+02      5.900e+01    5.553e+07    1.107e-02      26.82s       0         
211  6.118e+01    1.192e+20    4.910e+03      7.700e+01    1.645e+09    1.110e-02      26.44s       0         
212  6.122e+01    9.875e+22    1.630e+02      5.700e+01    2.803e+07    1.114e-02      25.22s       0         
213  5.904e+01    2.873e+23    3.355e+04      5.700e+01    2.803e+07    1.114e-02      20.87s       0         
214  6.049e+01    1.195e+24    1.208e+03      8.100e+01    2.794e+09    1.108e-02      20.75s       0         
215  6.329e+01    1.769e+21    1.779e+04      5.700e+01    2.803e+07    1.114e-02      19.01s       0         
216  6.176e+01    6.686e+15    4.019e+02      5.700e+01    2.803e+07    1.114e-02      17.32s       0         
217  6.114e+01    3.800e+17    2.224e+05      5.700e+01    2.803e+07    1.114e-02      14.86s       0         
218  5.894e+01    8.715e+16    5.768e+02      5.700e+01    2.803e+07    1.114e-02      11.37s       0         
219  5.779e+01    3.871e+16    9.524e+01      5.900e+01    8.391e+07    1.105e-02      10.26s       0         
220  5.964e+01    1.502e+18    2.610e+05      5.900e+01    8.391e+07    1.105e-02      7.56s        0         
221  6.181e+01    6.553e+16    2.971e+02      5.900e+01    8.391e+07    1.105e-02      6.41s        0         
222  6.114e+01    6.462e+17    1.237e+03      5.900e+01    8.391e+07    1.105e-02      4.37s        0         
223  5.955e+01    5.583e+16    2.874e+02      5.900e+01    8.391e+07    1.105e-02      1.95s        0         
224  5.985e+01    3.930e+17    3.823e+03      5.900e+01    8.391e+07    1.105e-02      0.00s        0         
225  5.916e+01    6.456e+18    1.648e+02      5.900e+01    8.391e+07    1.105e-02      46.06s       0         
226  5.978e+01    9.337e+15    6.350e+01      5.900e+01    8.391e+07    1.105e-02      48.83s       0         
227  5.973e+01    1.142e+15    2.480e+03      5.900e+01    8.391e+07    1.105e-02      41.23s       0         
228  6.057e+01    1.728e+16    3.379e+04      5.900e+01    8.391e+07    1.105e-02      43.48s       0         
229  6.023e+01    1.057e+16    8.427e+01      5.900e+01    8.391e+07    1.105e-02      42.37s       0         
230  5.980e+01    9.207e+16    6.609e+01      5.900e+01    8.391e+07    1.105e-02      36.35s       0         
231  5.838e+01    4.236e+14    1.140e+03      5.900e+01    8.391e+07    1.105e-02      36.30s       0         
232  5.888e+01    5.528e+18    2.062e+02      5.900e+01    8.391e+07    1.105e-02      31.26s       0         
233  6.091e+01    1.823e+18    1.059e+03      5.900e+01    8.391e+07    1.105e-02      32.16s       0         
234  6.078e+01    1.263e+17    8.527e+01      5.900e+01    8.391e+07    1.105e-02      27.42s       0         
235  6.074e+01    3.005e+16    2.250e+02      5.900e+01    8.391e+07    1.105e-02      28.07s       0         
236  6.070e+01    2.372e+18    3.504e+02      5.900e+01    8.516e+07    1.105e-02      26.65s       0         
237  6.011e+01    6.425e+16    7.905e+01      5.900e+01    8.391e+07    1.105e-02      22.47s       0         
238  5.929e+01    2.656e+16    1.844e+04      5.900e+01    8.516e+07    1.105e-02      22.89s       0         
239  6.014e+01    2.400e+16    4.331e+01      5.900e+01    8.391e+07    1.105e-02      18.59s       0         
240  6.093e+01    8.744e+19    7.960e+01      5.900e+01    8.391e+07    1.105e-02      18.28s       0         
241  5.903e+01    4.173e+16    1.280e+02      5.900e+01    8.391e+07    1.105e-02      15.27s       0         
242  5.973e+01    1.235e+17    7.012e+02      5.900e+01    8.391e+07    1.105e-02      14.10s       0         
243  5.823e+01    1.703e+15    2.728e+02      5.900e+01    8.391e+07    1.105e-02      12.19s       0         
244  5.839e+01    1.355e+15    4.684e+01      5.900e+01    8.391e+07    1.105e-02      9.17s        0         
245  5.852e+01    1.335e+20    5.741e+02      5.900e+01    8.391e+07    1.105e-02      8.31s        0         
246  6.039e+01    2.692e+22    1.135e+04      5.900e+01    8.391e+07    1.105e-02      5.58s        0         
247  5.948e+01    2.274e+18    2.040e+02      5.900e+01    8.391e+07    1.105e-02      4.13s        0         
248  6.007e+01    2.489e+15    1.601e+03      5.900e+01    8.391e+07    1.105e-02      1.91s        0         
249  5.972e+01    2.542e+16    5.915e+03      5.900e+01    8.391e+07    1.105e-02      0.00s        0         
250  6.028e+01    3.386e+25    5.189e+01      5.900e+01    8.391e+07    1.105e-02      44.93s       0         
251  6.087e+01    1.020e+21    1.216e+03      5.900e+01    8.391e+07    1.113e-02      43.40s       0         
252  6.076e+01    3.169e+20    2.289e+02      5.500e+01    1.384e+07    1.114e-02      45.06s       0         
253  6.113e+01    1.767e+20    9.028e+02      5.500e+01    1.384e+07    1.114e-02      40.45s       0         
254  5.893e+01    1.036e+21    7.843e+02      5.500e+01    1.384e+07    1.114e-02      41.64s       0         
255  5.950e+01    1.197e+20    3.668e+01      5.500e+01    1.384e+07    1.114e-02      38.89s       0         
256  5.930e+01    1.703e+21    5.624e+01      6.300e+01    1.510e+08    1.112e-02      33.66s       0         
257  5.974e+01    1.159e+24    6.230e+01      5.500e+01    1.384e+07    1.114e-02      35.57s       0         
258  5.948e+01    1.267e+17    1.057e+06      5.500e+01    1.384e+07    1.114e-02      30.05s       0         
259  6.121e+01    1.416e+17    3.156e+03      5.500e+01    1.384e+07    1.114e-02      31.37s       0         
260  5.899e+01    1.272e+17    1.106e+02      5.500e+01    1.384e+07    1.114e-02      25.97s       0         
261  5.835e+01    1.533e+19    4.688e+01      5.500e+01    1.384e+07    1.114e-02      27.53s       0         
262  5.880e+01    1.649e+17    2.077e+01      5.500e+01    1.384e+07    1.114e-02      22.60s       0         
263  5.995e+01    4.945e+16    9.583e+04      5.500e+01    1.384e+07    1.114e-02      20.49s       0         
264  6.075e+01    3.500e+15    1.220e+04      5.500e+01    1.384e+07    1.114e-02      21.29s       0         
265  6.157e+01    2.045e+20    1.435e+02      5.500e+01    1.384e+07    1.114e-02      18.12s       0         
266  6.135e+01    5.824e+20    5.697e+01      5.500e+01    1.384e+07    1.114e-02      17.41s       0         
267  5.987e+01    3.396e+14    6.075e+03      5.500e+01    1.384e+07    1.114e-02      13.02s       0         
268  6.091e+01    2.645e+16    1.249e+02      5.500e+01    1.384e+07    1.114e-02      11.53s       0         
269  5.926e+01    2.420e+20    3.526e+02      5.500e+01    1.384e+07    1.114e-02      10.57s       0         
270  5.931e+01    1.285e+18    3.573e+02      5.500e+01    1.384e+07    1.114e-02      7.50s        0         
271  6.148e+01    9.197e+15    2.605e+06      5.500e+01    1.384e+07    1.114e-02      6.25s        0         
272  6.032e+01    7.465e+17    6.355e+01      5.500e+01    1.384e+07    1.114e-02      4.07s        0         
273  5.995e+01    8.170e+18    1.530e+04      5.500e+01    1.384e+07    1.114e-02      1.88s        0         
274  5.881e+01    3.101e+19    1.730e+03      5.500e+01    1.384e+07    1.114e-02      0.00s        0         
275  5.879e+01    9.730e+13    3.075e+02      5.500e+01    1.384e+07    1.114e-02      44.86s       0         
276  5.991e+01    2.796e+14    1.381e+02      5.500e+01    1.384e+07    1.114e-02      48.99s       0         
277  6.062e+01    1.314e+16    3.743e+03      5.500e+01    1.384e+07    1.114e-02      47.62s       0         
278  5.976e+01    1.144e+17    8.216e+06      5.500e+01    1.384e+07    1.114e-02      41.02s       0         
279  5.991e+01    1.102e+16    1.092e+04      5.500e+01    1.384e+07    1.114e-02      41.82s       0         
280  5.836e+01    1.892e+15    2.594e+03      5.500e+01    1.384e+07    1.114e-02      36.19s       0         
281  5.812e+01    1.939e+18    2.929e+03      5.500e+01    1.384e+07    1.114e-02      37.32s       0         
282  5.799e+01    1.897e+19    3.602e+05      5.500e+01    1.384e+07    1.114e-02      33.46s       0         
283  5.784e+01    5.647e+17    5.967e+01      5.500e+01    1.384e+07    1.114e-02      29.54s       0         
284  5.911e+01    1.320e+25    3.070e+02      5.500e+01    1.384e+07    1.114e-02      30.42s       0         
285  5.820e+01    2.593e+16    2.220e+01      5.500e+01    1.384e+07    1.114e-02      26.57s       0         
286  5.944e+01    5.079e+18    2.523e+01      5.500e+01    1.384e+07    1.114e-02      26.29s       0         
287  5.880e+01    5.734e+14    1.016e+03      5.500e+01    1.384e+07    1.114e-02      22.39s       0         
288  6.077e+01    1.726e+17    5.493e+02      5.500e+01    1.384e+07    1.114e-02      22.58s       0         
289  6.115e+01    3.610e+19    1.913e+03      6.500e+01    5.922e+08    1.112e-02      18.71s       0         
290  6.023e+01    6.786e+16    1.204e+05      6.500e+01    5.922e+08    1.112e-02      19.30s       0         
291  5.813e+01    2.938e+16    4.865e+02      6.500e+01    5.922e+08    1.112e-02      16.71s       0         
292  5.719e+01    1.619e+16    9.626e+08      5.500e+01    1.384e+07    1.114e-02      13.03s       0         
293  5.667e+01    2.452e+17    5.793e+01      5.500e+01    1.384e+07    1.114e-02      12.76s       0         
294  5.807e+01    7.896e+17    2.377e+03      5.500e+01    1.384e+07    1.114e-02      9.54s        0         
295  5.728e+01    2.354e+18    3.624e+02      5.500e+01    1.384e+07    1.114e-02      8.26s        0         
296  5.840e+01    4.122e+25    2.210e+03      5.500e+01    1.384e+07    1.114e-02      6.10s        0         
297  5.790e+01    2.945e+17    3.831e+01      5.500e+01    1.384e+07    1.114e-02      3.71s        0         
298  5.927e+01    3.327e+14    6.949e+01      5.500e+01    1.384e+07    1.114e-02      2.07s        0         
299  5.899e+01    7.519e+19    1.035e+02      5.500e+01    1.384e+07    1.114e-02      0.00s        0         
300  5.685e+01    9.265e+17    3.082e+04      5.500e+01    1.384e+07    1.114e-02      49.18s       0         
301  5.743e+01    1.302e+18    1.289e+03      5.500e+01    1.384e+07    1.114e-02      41.75s       0         
302  5.836e+01    1.721e+19    3.219e+01      5.500e+01    1.384e+07    1.114e-02      45.06s       0         
303  5.939e+01    6.584e+15    2.813e+01      5.500e+01    1.384e+07    1.114e-02      44.26s       0         
304  5.948e+01    7.309e+16    1.146e+02      5.500e+01    1.384e+07    1.114e-02      38.62s       0         
305  6.248e+01    1.861e+17    2.455e+02      5.500e+01    1.384e+07    1.114e-02      40.15s       0         
306  6.276e+01    9.288e+17    2.239e+02      5.500e+01    1.384e+07    1.114e-02      38.48s       0         
307  5.988e+01    5.925e+14    3.467e+01      5.500e+01    1.384e+07    1.114e-02      35.58s       0         
308  5.935e+01    2.044e+14    2.259e+02      5.500e+01    1.384e+07    1.114e-02      36.94s       0         
309  5.852e+01    6.831e+14    3.650e+02      5.500e+01    1.384e+07    1.114e-02      31.10s       0         
310  5.938e+01    4.627e+18    1.447e+10      5.500e+01    1.384e+07    1.114e-02      29.22s       0         
311  5.708e+01    5.425e+15    7.084e+01      5.500e+01    1.384e+07    1.114e-02      24.39s       0         
312  5.612e+01    1.038e+15    8.175e+01      5.500e+01    1.384e+07    1.114e-02      24.17s       0         
313  5.677e+01    3.175e+14    1.217e+03      5.500e+01    1.384e+07    1.114e-02      19.79s       0         
314  5.799e+01    5.181e+16    5.880e+04      5.500e+01    1.384e+07    1.114e-02      19.84s       0         
315  5.772e+01    3.953e+14    4.649e+05      5.500e+01    1.384e+07    1.114e-02      18.43s       0         
316  5.819e+01    1.591e+15    3.956e+02      5.500e+01    1.384e+07    1.114e-02      14.96s       0         
317  5.879e+01    1.487e+16    6.180e+01      5.500e+01    1.384e+07    1.114e-02      14.92s       0         
318  5.913e+01    1.073e+16    8.362e+00      1.370e+02    3.464e+17    1.112e-02      11.14s       0         
319  6.097e+01    3.372e+18    6.979e+01      1.370e+02    6.298e+17    1.112e-02      10.77s       0         
320  5.935e+01    5.886e+19    6.098e+03      5.500e+01    1.384e+07    1.114e-02      7.96s        0         
321  5.695e+01    1.274e+20    3.603e+02      5.500e+01    1.384e+07    1.114e-02      6.42s        0         
322  5.757e+01    2.456e+13    2.822e+01      5.500e+01    1.384e+07    1.114e-02      3.76s        0         
323  5.875e+01    5.324e+17    2.205e+01      5.500e+01    1.384e+07    1.114e-02      1.86s        0         
324  5.851e+01    5.175e+18    1.271e+02      5.500e+01    1.384e+07    1.114e-02      0.00s        0         
325  5.859e+01    2.772e+17    9.420e+01      5.500e+01    1.384e+07    1.114e-02      44.19s       0         
326  5.727e+01    4.964e+14    6.007e+02      5.500e+01    1.384e+07    1.114e-02      47.15s       0         
327  5.707e+01    1.786e+18    1.201e+03      5.500e+01    1.384e+07    1.114e-02      44.40s       0         
328  5.707e+01    4.934e+15    3.028e+02      5.500e+01    1.384e+07    1.114e-02      38.91s       0         
329  5.716e+01    3.573e+19    2.263e+02      5.500e+01    1.384e+07    1.114e-02      41.21s       0         
330  5.720e+01    7.906e+19    2.647e+03      5.500e+01    1.384e+07    1.114e-02      35.39s       0         
331  5.892e+01    7.537e+20    1.075e+02      5.500e+01    1.384e+07    1.114e-02      36.55s       0         
332  5.894e+01    3.837e+17    6.550e+02      5.500e+01    1.384e+07    1.107e-02      32.48s       0         
333  5.907e+01    7.288e+17    1.029e+05      5.500e+01    1.384e+07    1.107e-02      32.85s       0         
334  6.066e+01    1.590e+18    1.023e+03      5.500e+01    1.384e+07    1.107e-02      30.93s       0         
335  5.800e+01    5.717e+21    3.059e+02      5.700e+01    4.024e+07    1.102e-02      26.48s       0         
336  5.837e+01    5.834e+23    3.924e+03      5.500e+01    1.384e+07    1.107e-02      26.56s       0         
337  5.779e+01    8.545e+21    4.246e+01      5.500e+01    1.384e+07    1.107e-02      22.05s       0         
338  5.857e+01    1.535e+17    4.244e+01      5.500e+01    1.384e+07    1.107e-02      22.22s       0         
339  5.882e+01    1.613e+19    1.677e+02      5.500e+01    1.384e+07    1.107e-02      20.49s       0         
340  6.078e+01    4.300e+20    1.128e+03      5.300e+01    4.384e+06    1.111e-02      16.95s       0         
341  5.985e+01    2.230e+14    1.320e+02      5.300e+01    4.384e+06    1.111e-02      16.40s       0         
342  5.998e+01    2.915e+18    4.009e+04      5.300e+01    4.384e+06    1.111e-02      12.85s       0         
343  5.774e+01    1.294e+15    2.195e+03      5.300e+01    4.384e+06    1.111e-02      12.34s       0         
344  5.697e+01    3.545e+16    7.183e+06      5.500e+01    1.409e+07    1.107e-02      9.35s        0         
345  5.782e+01    1.024e+17    1.197e+02      5.300e+01    4.384e+06    1.111e-02      8.11s        0         
346  5.782e+01    5.142e+14    8.424e+02      5.300e+01    4.384e+06    1.111e-02      6.06s        0         
347  5.860e+01    1.824e+15    1.058e+02      5.300e+01    4.384e+06    1.111e-02      3.70s        0         
348  5.697e+01    2.123e+16    1.701e+02      5.300e+01    4.384e+06    1.111e-02      2.01s        0         
349  5.765e+01    9.673e+19    4.297e+01      5.300e+01    4.384e+06    1.111e-02      0.00s        0         
350  5.659e+01    1.400e+16    5.459e+04      5.300e+01    4.384e+06    1.111e-02      47.58s       0         
351  6.039e+01    1.175e+16    2.035e+04      5.300e+01    4.384e+06    1.111e-02      42.21s       0         
352  6.035e+01    3.247e+17    2.563e+03      5.900e+01    1.341e+08    1.110e-02      45.38s       0         
353  5.995e+01    2.354e+20    1.135e+03      5.900e+01    1.341e+08    1.110e-02      44.34s       0         
354  5.855e+01    4.945e+18    2.093e+02      5.500e+01    9.374e+06    1.110e-02      35.56s       0         
355  5.897e+01    1.539e+22    1.144e+11      5.300e+01    4.384e+06    1.111e-02      39.45s       0         
356  6.151e+01    3.060e+28    1.329e+03      5.300e+01    4.384e+06    1.111e-02      35.68s       0         
357  6.074e+01    7.249e+19    4.583e+01      5.300e+01    4.384e+06    1.111e-02      36.86s       0         
358  6.012e+01    3.008e+16    1.726e+03      5.300e+01    4.384e+06    1.111e-02      32.14s       0         
359  5.994e+01    1.459e+17    3.793e+02      5.300e+01    4.384e+06    1.111e-02      30.73s       0         
360  5.924e+01    1.481e+16    7.248e+01      5.300e+01    4.384e+06    1.111e-02      25.64s       0         
361  5.899e+01    1.913e+17    3.391e+01      5.300e+01    4.384e+06    1.111e-02      23.99s       0         
362  5.999e+01    1.083e+18    6.903e+02      5.300e+01    4.384e+06    1.111e-02      24.48s       0         
363  5.855e+01    3.416e+16    8.350e+02      5.300e+01    4.384e+06    1.111e-02      20.81s       0         
364  5.766e+01    3.833e+16    9.905e+01      5.300e+01    4.384e+06    1.111e-02      20.66s       0         
365  5.799e+01    2.058e+14    1.736e+02      5.300e+01    4.384e+06    1.111e-02      16.99s       0         
366  5.772e+01    2.100e+18    3.309e+03      5.300e+01    4.384e+06    1.111e-02      14.88s       0         
367  5.830e+01    1.287e+18    1.154e+02      5.300e+01    4.384e+06    1.111e-02      14.32s       0         
368  5.887e+01    1.888e+15    3.284e+03      5.300e+01    4.384e+06    1.111e-02      11.30s       0         
369  6.076e+01    9.266e+15    6.253e+01      5.300e+01    4.384e+06    1.111e-02      10.02s       0         
370  6.089e+01    5.356e+13    8.957e+03      5.300e+01    4.384e+06    1.111e-02      8.44s        0         
371  5.800e+01    4.641e+14    5.450e+03      5.300e+01    4.384e+06    1.111e-02      5.59s        0         
372  5.787e+01    2.390e+15    4.719e+03      5.300e+01    4.384e+06    1.111e-02      4.15s        0         
373  5.796e+01    5.662e+15    1.488e+04      5.300e+01    4.384e+06    1.111e-02      1.83s        0         
374  6.060e+01    1.481e+16    1.449e+02      5.300e+01    4.384e+06    1.111e-02      0.00s        0         
375  6.105e+01    4.218e+16    7.257e+01      5.300e+01    4.384e+06    1.111e-02      49.34s       0         
376  6.102e+01    4.791e+15    2.526e+01      5.300e+01    4.384e+06    1.111e-02      43.77s       0         
377  6.209e+01    4.336e+20    9.210e+02      5.300e+01    4.384e+06    1.111e-02      45.75s       0         
378  5.970e+01    6.393e+20    1.263e+02      6.300e+01    3.878e+08    1.103e-02      42.52s       0         
379  5.724e+01    8.948e+13    3.613e+02      6.500e+01    6.722e+08    1.105e-02      39.29s       0         
380  5.766e+01    7.022e+19    1.527e+02      5.300e+01    4.384e+06    1.111e-02      35.16s       0         
381  5.845e+01    6.043e+16    9.720e+03      5.300e+01    4.384e+06    1.111e-02      36.05s       0         
382  5.858e+01    3.162e+16    3.619e+04      5.300e+01    4.384e+06    1.111e-02      34.50s       0         
383  5.891e+01    7.143e+20    2.761e+06      5.300e+01    4.384e+06    1.111e-02      29.01s       0         
384  5.964e+01    1.345e+19    1.074e+01      5.300e+01    4.384e+06    1.111e-02      30.52s       0         
385  6.004e+01    3.449e+18    1.996e+03      5.300e+01    4.384e+06    1.111e-02      27.23s       0         
386  6.062e+01    3.730e+18    2.661e+01      5.300e+01    4.384e+06    1.111e-02      27.66s       0         
387  6.043e+01    3.730e+18    3.358e+01      5.300e+01    4.384e+06    1.111e-02      23.37s       0         
388  6.055e+01    1.499e+21    2.038e+01      5.300e+01    4.384e+06    1.111e-02      23.01s       0         
389  5.892e+01    8.155e+17    1.738e+03      5.300e+01    4.384e+06    1.111e-02      18.50s       0         
390  5.729e+01    2.955e+14    4.963e+01      5.300e+01    4.384e+06    1.111e-02      18.61s       0         
391  5.774e+01    2.414e+14    2.433e+02      5.300e+01    4.384e+06    1.111e-02      16.30s       0         
392  5.819e+01    8.924e+13    2.583e+01      5.300e+01    4.384e+06    1.111e-02      14.22s       0         
393  5.690e+01    5.759e+13    6.236e+02      5.300e+01    4.384e+06    1.111e-02      12.61s       0         
394  5.994e+01    7.049e+14    6.469e+02      5.300e+01    4.384e+06    1.111e-02      10.20s       0         
395  5.852e+01    6.070e+16    1.451e+05      5.300e+01    4.384e+06    1.111e-02      8.26s        0         
396  5.899e+01    3.165e+17    4.443e+02      5.300e+01    4.384e+06    1.111e-02      5.68s        0         
397  6.002e+01    1.249e+16    3.875e+03      5.300e+01    4.384e+06    1.111e-02      3.75s        0         
398  5.980e+01    3.636e+16    1.331e+02      5.300e+01    4.384e+06    1.111e-02      2.04s        0         
399  6.215e+01    1.585e+15    3.688e+03      5.300e+01    4.384e+06    1.111e-02      0.00s        0         
400  5.914e+01    4.977e+15    6.835e+01      5.300e+01    4.384e+06    1.111e-02      53.48s       0         
401  5.884e+01    1.968e+18    1.943e+05      5.300e+01    4.384e+06    1.111e-02      43.97s       0         
402  5.919e+01    2.367e+20    9.810e+01      5.300e+01    4.384e+06    1.111e-02      41.20s       0         
403  6.135e+01    3.200e+19    9.545e+02      5.300e+01    4.384e+06    1.111e-02      45.32s       0         
404  6.129e+01    1.571e+27    6.654e+01      5.700e+01    4.488e+07    1.111e-02      39.03s       0         
405  5.973e+01    1.149e+15    3.814e+02      6.300e+01    1.453e+08    1.105e-02      40.59s       0         
406  5.925e+01    1.033e+14    6.509e+01      6.300e+01    1.453e+08    1.105e-02      37.98s       0         
407  5.915e+01    1.258e+14    1.353e+02      6.300e+01    1.453e+08    1.105e-02      32.50s       0         
408  6.017e+01    6.019e+15    1.185e+04      5.300e+01    4.384e+06    1.111e-02      34.72s       0         
409  5.853e+01    3.654e+17    5.331e+02      5.300e+01    4.384e+06    1.111e-02      28.87s       0         
410  5.651e+01    1.169e+19    4.765e+01      5.300e+01    4.384e+06    1.111e-02      28.65s       0         
411  5.893e+01    3.419e+14    3.016e+03      5.300e+01    4.384e+06    1.111e-02      24.61s       0         
412  5.973e+01    2.093e+14    3.261e+02      5.300e+01    4.384e+06    1.111e-02      21.95s       0         
413  6.077e+01    3.598e+17    8.141e+04      5.300e+01    4.384e+06    1.111e-02      23.11s       0         
414  6.146e+01    3.422e+15    2.262e+07      5.300e+01    4.384e+06    1.111e-02      19.73s       0         
415  6.291e+01    7.952e+18    7.717e+01      5.500e+01    1.384e+07    1.095e-02      18.98s       0         
416  6.273e+01    2.554e+24    5.487e+03      5.500e+01    1.384e+07    1.095e-02      15.13s       0         
417  6.163e+01    7.160e+17    8.607e+01      5.500e+01    1.384e+07    1.095e-02      13.14s       0         
418  5.974e+01    5.149e+23    2.380e+02      5.500e+01    1.384e+07    1.095e-02      12.62s       0         
419  6.178e+01    5.057e+23    8.128e+01      5.500e+01    1.384e+07    1.095e-02      9.36s        0         
420  6.200e+01    1.699e+25    8.241e+01      5.500e+01    1.384e+07    1.095e-02      8.36s        0         
421  6.067e+01    7.207e+16    1.891e+14      6.100e+01    5.849e+07    1.094e-02      5.89s        0         
422  6.161e+01    2.538e+15    7.469e+01      5.500e+01    1.384e+07    1.095e-02      3.81s        0         
423  6.046e+01    5.678e+22    1.274e+01      5.500e+01    1.384e+07    1.095e-02      2.09s        0         
424  5.913e+01    3.009e+17    2.326e+02      6.900e+01    1.925e+09    1.089e-02      0.00s        0         
425  5.862e+01    2.684e+15    1.082e+02      6.900e+01    1.925e+09    1.089e-02      47.87s       0         
426  5.958e+01    2.639e+16    6.555e+03      6.900e+01    1.925e+09    1.089e-02      46.06s       0         
427  5.909e+01    7.964e+16    8.431e+07      6.100e+01    7.887e+07    1.092e-02      39.45s       0         
428  6.018e+01    5.331e+15    6.646e+07      1.170e+02    2.194e+12    1.089e-02      42.48s       0         
429  6.119e+01    1.266e+16    4.267e+02      6.700e+01    5.850e+08    1.089e-02      37.03s       0         
430  6.148e+01    2.221e+16    7.894e+06      7.100e+01    9.191e+08    1.091e-02      39.70s       0         
431  6.031e+01    6.949e+20    1.805e+02      1.110e+02    3.638e+13    1.094e-02      34.26s       0         
432  6.162e+01    6.963e+20    2.603e+02      7.100e+01    9.191e+08    1.091e-02      34.89s       0         
433  6.235e+01    4.727e+18    1.146e+01      7.100e+01    9.191e+08    1.091e-02      33.49s       0         
434  6.224e+01    6.225e+16    6.841e+05      9.100e+01    2.015e+10    1.094e-02      29.77s       0         
435  6.222e+01    6.951e+18    1.335e+05      1.130e+02    4.531e+12    1.093e-02      29.88s       0         
436  6.085e+01    3.322e+15    2.213e+02      7.100e+01    9.095e+07    1.090e-02      24.61s       0         
437  5.990e+01    3.556e+24    1.002e+01      6.300e+01    8.607e+07    1.093e-02      24.84s       0         
438  6.075e+01    3.556e+24    1.594e+04      5.500e+01    1.384e+07    1.095e-02      20.87s       0         
439  6.053e+01    3.052e+24    2.237e+02      5.500e+01    1.384e+07    1.095e-02      21.44s       0         
440  6.063e+01    1.647e+22    1.821e+02      5.500e+01    1.384e+07    1.095e-02      18.85s       0         
441  6.100e+01    4.841e+17    1.560e+04      5.500e+01    1.384e+07    1.095e-02      15.40s       0         
442  6.106e+01    7.077e+19    3.823e+01      5.500e+01    1.384e+07    1.095e-02      15.29s       0         
443  6.119e+01    1.935e+17    3.524e+01      5.500e+01    1.384e+07    1.095e-02      11.99s       0         
444  5.959e+01    2.164e+18    2.265e+07      5.500e+01    1.384e+07    1.095e-02      10.60s       0         
445  6.063e+01    1.014e+20    1.547e+02      5.500e+01    1.384e+07    1.095e-02      8.67s        0         
446  5.968e+01    4.065e+16    2.528e+02      6.700e+01    2.622e+08    1.094e-02      5.84s        0         
447  6.170e+01    5.523e+14    1.213e+02      6.900e+01    6.174e+07    1.087e-02      4.05s        0         
448  6.167e+01    7.106e+15    8.199e+01      7.900e+01    2.347e+08    1.093e-02      1.88s        0         
449  6.039e+01    1.054e+15    7.746e+10      8.100e+01    9.399e+08    1.080e-02      0.00s        0         
450  5.786e+01    5.767e+16    6.949e+01      6.700e+01    1.889e+08    1.093e-02      50.90s       0         
451  5.888e+01    5.095e+16    2.185e+02      5.500e+01    1.384e+07    1.095e-02      44.13s       0         
452  5.977e+01    7.474e+17    1.416e+03      6.100e+01    5.339e+07    1.094e-02      46.33s       0         
453  5.855e+01    4.019e+17    4.668e+03      6.500e+01    8.533e+07    1.095e-02      38.81s       0         
454  6.035e+01    4.083e+17    3.443e+04      6.100e+01    5.339e+07    1.094e-02      41.66s       0         
455  6.041e+01    5.422e+17    1.874e+02      7.100e+01    9.772e+07    1.081e-02      35.61s       0         
456  5.985e+01    1.818e+18    8.446e+01      6.100e+01    7.759e+07    1.092e-02      37.95s       0         
457  5.806e+01    2.632e+17    8.518e+11      7.100e+01    1.139e+09    1.091e-02      35.56s       0         
458  5.888e+01    5.331e+16    5.571e+01      6.900e+01    4.206e+08    1.093e-02      29.56s       0         
459  5.983e+01    5.160e+20    1.783e+02      8.100e+01    2.927e+10    1.093e-02      32.09s       0         
460  5.791e+01    8.347e+16    6.520e+02      5.900e+01    2.545e+07    1.092e-02      26.67s       0         
461  5.910e+01    2.278e+21    1.079e+03      8.500e+01    4.694e+11    1.092e-02      26.87s       0         
462  6.141e+01    2.308e+21    5.970e+06      6.900e+01    2.131e+08    1.091e-02      22.45s       0         
463  6.264e+01    6.594e+22    2.579e+04      8.300e+01    7.959e+10    1.090e-02      22.86s       0         
464  6.034e+01    6.749e+17    1.865e+02      6.500e+01    6.271e+07    1.091e-02      21.07s       0         
465  6.130e+01    8.374e+18    3.120e+02      6.900e+01    1.745e+08    1.090e-02      16.97s       0         
466  6.149e+01    5.544e+20    2.625e+04      7.100e+01    2.383e+08    1.088e-02      16.65s       0         
467  6.023e+01    6.572e+17    8.066e+02      6.900e+01    1.146e+08    1.089e-02      13.34s       0         
468  5.946e+01    7.223e+16    4.845e+05      6.500e+01    6.936e+07    1.091e-02      12.40s       0         
469  6.163e+01    9.408e+16    8.730e+01      6.500e+01    6.936e+07    1.091e-02      10.25s       0         
470  6.095e+01    5.711e+15    2.769e+03      6.500e+01    6.936e+07    1.091e-02      7.59s        0         
471  6.110e+01    5.122e+17    7.686e+01      5.900e+01    8.932e+07    1.088e-02      6.25s        0         
472  6.146e+01    2.301e+17    3.462e+02      8.100e+01    1.023e+09    1.090e-02      3.85s        0         
473  6.105e+01    2.067e+17    3.139e+02      6.300e+01    9.089e+08    1.088e-02      2.20s        0         
474  6.103e+01    8.610e+16    6.025e+05      6.500e+01    1.572e+08    1.089e-02      0.00s        0         
475  6.124e+01    2.307e+17    8.077e+01      6.900e+01    1.332e+08    1.092e-02      48.93s       0         
476  6.001e+01    4.558e+19    7.822e+01      6.500e+01    5.738e+07    1.091e-02      50.45s       0         
477  6.199e+01    4.091e+24    1.852e+06      6.900e+01    4.180e+08    1.090e-02      40.79s       0         
478  6.386e+01    5.380e+18    1.429e+03      9.700e+01    5.925e+11    1.091e-02      45.44s       0         
479  6.341e+01    2.797e+15    8.543e+03      9.500e+01    1.021e+11    1.090e-02      39.90s       0         
480  6.147e+01    7.714e+16    2.461e+06      1.110e+02    4.764e+13    1.090e-02      39.88s       0         
481  6.242e+01    3.038e+17    1.509e+04      9.100e+01    2.329e+10    1.090e-02      38.49s       0         
482  6.026e+01    1.938e+14    1.423e+04      7.900e+01    4.112e+09    1.090e-02      32.88s       0         
483  6.115e+01    8.015e+15    4.546e+01      5.700e+01    3.750e+07    1.090e-02      33.97s       0         
484  6.058e+01    3.081e+17    2.505e+06      1.410e+02    6.026e+17    1.093e-02      29.42s       0         
485  6.098e+01    6.771e+17    2.890e+06      6.900e+01    2.689e+08    1.093e-02      29.13s       0         
486  6.202e+01    1.501e+17    1.312e+08      6.100e+01    5.339e+07    1.091e-02      24.63s       0         
487  6.194e+01    2.358e+18    4.235e+02      7.100e+01    6.005e+07    1.090e-02      24.74s       0         
488  6.141e+01    5.683e+16    2.430e+09      8.900e+01    6.207e+09    1.088e-02      23.24s       0         
489  6.238e+01    7.591e+15    7.820e+01      9.100e+01    9.560e+09    1.088e-02      18.65s       0         
490  6.262e+01    5.929e+17    2.976e+04      5.500e+01    1.348e+07    1.095e-02      19.25s       0         
491  6.096e+01    8.604e+14    3.202e+01      5.500e+01    1.348e+07    1.095e-02      15.74s       0         
492  6.100e+01    1.294e+16    1.297e+01      5.500e+01    1.348e+07    1.095e-02      14.67s       0         
493  5.948e+01    4.171e+15    6.082e+01      7.900e+01    1.812e+10    1.095e-02      11.32s       0         
494  5.969e+01    9.242e+15    4.632e+01      5.500e+01    1.348e+07    1.095e-02      9.42s        0         
495  6.074e+01    4.443e+15    2.295e+02      5.900e+01    1.880e+07    1.095e-02      8.59s        0         
496  6.126e+01    7.728e+16    6.759e+02      6.100e+01    3.210e+07    1.093e-02      5.68s        0         
497  6.140e+01    1.848e+19    8.512e+04      6.500e+01    2.024e+08    1.094e-02      4.22s        0         
498  6.042e+01    3.727e+19    1.184e+02      5.700e+01    1.481e+07    1.094e-02      2.12s        0         
499  6.067e+01    2.259e+14    5.474e+01      7.300e+01    1.033e+09    1.093e-02      0.00s        0         





Time: 0h:16m:8s
####   Data for the best program   ####
Best Program: add(add(mul(0.397, 1.601), mul(sub(X1, X2), div(0.162, 0.639))), mul(mul(mul(X0, 0.658), 0.430), mul(sub(mul(add(X2, mul(sub(X1, X0), X2)), X1), 0.639), sub(mul(sub(mul(X2, mul(add(mul(0.397, mul(1.187, mul(sub(add(X2, mul(sub(X1, X0), X2)), 0.639), div(X1, X0)))), div(X1, X0)), mul(sub(X1, X0), X2))), X1), sub(mul(mul(X2, X1), X1), X1)), mul(0.397, 1.812)))))
Best Program Complexity: 73
Raw Fitness: 0.010928100811094438
Penalized Fitness: 0.013848100811094438
Estimator		Train-rmse: 0.010928100811094438	Test-rmse: 0.010906467502023273	Test-R^2: 0.9875777658223752

{'complexity': 'length', 'const_range': (1e-10, 2.0), 'elitism_size': 1, 'function_set': ('add', 'sub', 'div', 'mul'), 'generations': 500, 'init_depth': (3, 6), 'init_method': 'half and half', 'low_memory': True, 'max_samples': 1.0, 'metric': 'rmse', 'n_jobs': 2, 'p_crossover': 0.5, 'p_hoist_mutation': 0.0, 'p_point_mutation': 0.25, 'p_point_replace': 0.05, 'p_subtree_mutation': 0.25, 'paretogp': False, 'paretogp_lengths': (5, 130), 'parsimony_coefficient': 4e-05, 'population_size': 800, 'random_state': 2072593441, 'selection': 'tournament', 'stopping_criteria': 1e-10, 'tournament_size': 11, 'verbose': 1, 'warm_start': True}
