    |          Population Average          |           Best Individual            |
---- -------------------------------------- -------------------------------------- ----------
Gen  Length       Kommenda     Fitness        Length       Kommenda     Fitness        Time Left    Front Size
0    3.658e+01    1.218e+16    4.064e+13      5.000e+00    5.000e+00    9.703e-02      13.86s       0         
1    8.945e+00    9.418e+04    3.572e+02      5.000e+00    5.000e+00    9.703e-02      1.14m        0         
2    1.117e+01    2.054e+04    1.625e+03      9.000e+00    3.800e+01    6.670e-02      2.91m        0         
3    1.280e+01    3.976e+03    5.912e+03      1.900e+01    6.680e+02    5.735e-02      2.32m        0         
4    1.661e+01    9.962e+03    9.376e+06      1.900e+01    6.680e+02    5.735e-02      2.58m        0         
5    1.912e+01    2.677e+04    2.091e+03      1.700e+01    3.980e+02    5.735e-02      3.56m        0         
6    2.198e+01    9.512e+05    8.358e+02      1.900e+01    1.478e+03    5.165e-02      2.84m        0         
7    2.403e+01    1.817e+06    1.657e+04      2.300e+01    3.390e+02    3.956e-02      1.94m        0         
8    2.632e+01    7.508e+07    5.368e+03      2.100e+01    9.740e+02    3.854e-02      1.36m        0         
9    2.561e+01    9.250e+09    1.132e+04      2.100e+01    9.740e+02    3.854e-02      1.78m        0         
10   2.774e+01    1.632e+07    1.068e+03      2.300e+01    1.910e+03    2.873e-02      2.18m        0         
11   2.739e+01    1.439e+08    5.681e+03      2.300e+01    1.910e+03    2.873e-02      1.60m        0         
12   3.077e+01    5.450e+10    2.577e+02      2.300e+01    1.910e+03    2.873e-02      1.31m        0         
13   3.249e+01    5.593e+09    1.368e+05      2.300e+01    1.910e+03    2.873e-02      1.22m        0         
14   3.508e+01    8.619e+09    3.406e+03      2.300e+01    1.910e+03    2.873e-02      1.38m        0         
15   3.838e+01    5.628e+12    1.191e+05      3.700e+01    1.965e+03    2.649e-02      1.11m        0         
16   4.266e+01    1.095e+12    8.123e+02      4.300e+01    6.015e+03    2.434e-02      46.11s       0         
17   4.626e+01    3.830e+10    7.108e+05      4.300e+01    6.015e+03    2.434e-02      36.75s       0         
18   4.903e+01    5.539e+11    6.781e+03      4.500e+01    1.867e+04    2.418e-02      33.44s       0         
19   5.077e+01    4.883e+11    1.161e+04      4.500e+01    5.319e+03    2.072e-02      23.73s       0         
20   4.885e+01    9.458e+11    3.879e+04      4.500e+01    5.319e+03    2.072e-02      18.97s       0         
21   4.882e+01    4.849e+11    4.996e+03      4.500e+01    5.319e+03    2.072e-02      20.69s       0         
22   5.230e+01    1.221e+15    9.573e+05      4.500e+01    5.319e+03    2.072e-02      13.53s       0         
23   4.934e+01    4.921e+11    2.405e+09      4.900e+01    3.047e+04    1.916e-02      5.88s        0         
24   5.055e+01    4.280e+14    8.883e+02      4.900e+01    3.047e+04    1.916e-02      0.00s        0         
25   5.208e+01    1.017e+14    6.939e+03      4.900e+01    3.047e+04    1.916e-02      2.00m        0         
26   5.328e+01    3.731e+11    1.927e+03      4.300e+01    4.485e+03    1.873e-02      2.19m        0         
27   5.213e+01    9.629e+10    6.304e+04      4.300e+01    4.485e+03    1.873e-02      1.89m        0         
28   5.254e+01    5.388e+13    5.110e+03      4.700e+01    6.420e+03    1.756e-02      2.36m        0         
29   5.364e+01    3.297e+11    2.779e+03      4.700e+01    6.420e+03    1.756e-02      1.83m        0         
30   5.562e+01    6.696e+12    5.492e+03      4.700e+01    6.420e+03    1.756e-02      1.91m        0         
31   5.607e+01    1.486e+15    4.313e+06      4.700e+01    6.420e+03    1.756e-02      1.51m        0         
32   5.606e+01    7.503e+16    7.115e+04      4.700e+01    6.420e+03    1.756e-02      1.28m        0         
33   5.519e+01    2.070e+14    1.811e+03      4.700e+01    6.420e+03    1.756e-02      1.39m        0         
34   5.574e+01    3.467e+15    5.311e+03      4.700e+01    6.420e+03    1.756e-02      1.38m        0         
35   5.341e+01    2.636e+12    1.323e+03      4.700e+01    6.420e+03    1.756e-02      1.31m        0         
36   5.458e+01    1.992e+12    2.225e+02      7.300e+01    9.320e+06    1.708e-02      58.37s       0         
37   5.437e+01    6.991e+12    1.622e+03      4.700e+01    6.420e+03    1.756e-02      1.08m        0         
38   5.595e+01    1.358e+12    4.285e+05      4.500e+01    5.253e+03    1.732e-02      57.29s       0         
39   5.327e+01    1.163e+10    5.104e+02      4.500e+01    3.894e+03    1.372e-02      47.22s       0         
40   5.279e+01    1.917e+11    6.023e+02      4.500e+01    3.894e+03    1.372e-02      42.78s       0         
41   5.209e+01    4.288e+12    9.711e+03      4.500e+01    3.894e+03    1.372e-02      47.68s       0         
42   5.073e+01    3.871e+07    1.203e+11      4.500e+01    3.894e+03    1.372e-02      37.31s       0         
43   5.170e+01    3.239e+08    3.812e+02      4.300e+01    2.614e+03    1.357e-02      27.30s       0         
44   5.062e+01    6.105e+14    3.676e+05      4.300e+01    2.614e+03    1.357e-02      37.61s       0         
45   5.069e+01    3.478e+08    1.154e+05      5.500e+01    9.998e+04    1.289e-02      28.36s       0         
46   4.878e+01    1.231e+08    1.096e+04      5.500e+01    9.998e+04    1.289e-02      15.95s       0         
47   4.731e+01    1.057e+14    6.359e+02      4.700e+01    1.372e+04    1.320e-02      10.94s       0         
48   4.852e+01    2.707e+11    1.238e+06      3.900e+01    1.487e+03    1.325e-02      5.14s        0         
49   4.836e+01    2.751e+07    6.153e+06      5.100e+01    6.774e+03    1.254e-02      0.00s        0         
50   4.755e+01    1.644e+08    5.206e+03      5.100e+01    6.774e+03    1.254e-02      2.19m        0         
51   5.029e+01    6.619e+07    9.846e+03      5.100e+01    6.774e+03    1.254e-02      2.39m        0         
52   5.198e+01    4.740e+09    1.109e+03      5.100e+01    6.774e+03    1.254e-02      2.23m        0         
53   5.195e+01    7.043e+08    2.481e+03      5.100e+01    6.774e+03    1.254e-02      1.76m        0         
54   5.528e+01    4.958e+10    2.296e+03      5.100e+01    6.774e+03    1.254e-02      2.18m        0         
55   5.356e+01    1.861e+08    5.055e+07      5.100e+01    6.774e+03    1.254e-02      1.59m        0         
56   5.492e+01    1.838e+11    4.002e+02      6.500e+01    2.583e+04    1.250e-02      1.26m        0         
57   5.434e+01    3.874e+08    2.024e+05      5.100e+01    6.774e+03    1.254e-02      1.35m        0         
58   5.722e+01    4.237e+08    8.287e+02      5.100e+01    6.774e+03    1.254e-02      1.13m        0         
59   5.692e+01    2.086e+10    8.188e+04      5.100e+01    6.774e+03    1.254e-02      1.39m        0         
60   5.623e+01    4.245e+08    9.466e+03      5.100e+01    6.774e+03    1.254e-02      1.12m        0         
61   5.737e+01    8.275e+08    2.329e+04      5.100e+01    6.774e+03    1.254e-02      1.11m        0         
62   5.676e+01    3.176e+08    4.974e+02      4.700e+01    5.334e+03    1.270e-02      58.97s       0         
63   5.628e+01    3.710e+11    1.421e+07      4.700e+01    5.334e+03    1.270e-02      52.73s       0         
64   5.717e+01    1.885e+10    5.486e+04      5.900e+01    3.456e+04    1.197e-02      55.93s       0         
65   5.713e+01    6.995e+09    2.515e+07      5.700e+01    1.476e+04    1.185e-02      45.37s       0         
66   5.784e+01    2.851e+14    1.029e+06      5.700e+01    1.476e+04    1.185e-02      44.40s       0         
67   5.767e+01    1.631e+12    1.434e+03      5.300e+01    1.433e+04    1.135e-02      32.80s       0         
68   5.743e+01    8.045e+11    1.166e+07      5.300e+01    1.433e+04    1.135e-02      27.68s       0         
69   5.567e+01    3.487e+08    2.630e+02      5.300e+01    1.433e+04    1.135e-02      22.00s       0         
70   5.438e+01    8.399e+08    1.781e+04      5.300e+01    1.433e+04    1.135e-02      25.13s       0         
71   5.284e+01    3.968e+08    2.938e+06      5.300e+01    1.433e+04    1.135e-02      13.41s       0         
72   5.506e+01    2.803e+09    1.508e+06      5.300e+01    1.433e+04    1.135e-02      9.43s        0         
73   5.473e+01    3.472e+11    4.145e+07      5.300e+01    1.433e+04    1.135e-02      5.47s        0         
74   5.405e+01    2.061e+12    8.623e+03      5.300e+01    1.433e+04    1.135e-02      0.00s        0         
75   5.573e+01    8.328e+10    1.463e+04      5.300e+01    1.433e+04    1.135e-02      1.97m        0         
76   5.482e+01    1.516e+10    2.967e+05      5.300e+01    1.433e+04    1.135e-02      1.73m        0         
77   5.405e+01    2.345e+09    3.011e+04      5.300e+01    1.433e+04    1.135e-02      1.55m        0         
78   5.495e+01    2.373e+08    8.486e+03      5.300e+01    1.433e+04    1.135e-02      1.78m        0         
79   5.546e+01    8.717e+08    4.319e+03      8.100e+01    1.169e+08    1.132e-02      1.54m        0         
80   5.234e+01    1.341e+12    4.980e+04      5.300e+01    1.433e+04    1.135e-02      1.67m        0         
81   5.306e+01    1.021e+09    8.459e+05      5.300e+01    1.433e+04    1.135e-02      1.77m        0         
82   5.201e+01    4.587e+08    5.022e+03      5.300e+01    1.433e+04    1.135e-02      1.44m        0         
83   5.108e+01    6.672e+09    7.601e+07      5.700e+01    1.263e+05    1.154e-02      1.41m        0         
84   5.102e+01    3.821e+07    6.439e+02      5.700e+01    8.036e+04    1.150e-02      1.49m        0         
85   5.279e+01    8.029e+07    1.532e+06      6.900e+01    2.265e+06    1.114e-02      1.43m        0         
86   5.171e+01    4.112e+16    4.750e+03      5.700e+01    3.802e+04    1.137e-02      1.08m        0         
87   5.041e+01    1.029e+08    3.241e+02      5.700e+01    2.722e+04    1.142e-02      1.01m        0         
88   5.019e+01    1.124e+08    1.401e+02      3.900e+01    2.328e+03    1.164e-02      57.22s       0         
89   5.090e+01    2.672e+07    1.172e+04      4.300e+01    3.858e+03    1.134e-02      48.60s       0         
90   5.095e+01    9.694e+07    7.184e+05      4.300e+01    3.858e+03    1.134e-02      51.42s       0         
91   4.994e+01    5.962e+09    3.763e+04      4.300e+01    3.858e+03    1.134e-02      43.71s       0         
92   4.977e+01    4.198e+07    1.935e+03      4.300e+01    3.858e+03    1.134e-02      42.22s       0         
93   4.958e+01    2.213e+11    9.954e+02      4.300e+01    3.858e+03    1.134e-02      29.99s       0         
94   4.971e+01    9.539e+11    5.292e+03      3.900e+01    2.328e+03    1.148e-02      27.43s       0         
95   4.963e+01    2.228e+07    8.330e+02      3.900e+01    2.328e+03    1.148e-02      21.05s       0         
96   5.106e+01    4.773e+07    1.115e+08      4.900e+01    2.222e+04    1.139e-02      16.26s       0         
97   5.224e+01    4.740e+07    9.610e+02      4.500e+01    4.623e+03    1.127e-02      11.61s       0         
98   5.359e+01    4.684e+07    1.163e+03      4.500e+01    4.623e+03    1.127e-02      5.39s        0         
99   5.445e+01    2.176e+09    1.846e+05      6.500e+01    8.352e+06    1.148e-02      0.00s        0         
100  5.476e+01    2.338e+09    9.811e+03      6.500e+01    8.352e+06    1.148e-02      2.16m        0         
101  5.529e+01    1.716e+15    1.621e+03      3.900e+01    2.328e+03    1.148e-02      1.70m        0         
102  5.532e+01    7.735e+08    1.075e+03      3.900e+01    2.328e+03    1.148e-02      2.14m        0         
103  5.539e+01    2.041e+09    2.202e+04      3.900e+01    2.328e+03    1.148e-02      1.75m        0         
104  5.461e+01    1.710e+09    7.498e+03      3.900e+01    2.328e+03    1.148e-02      1.67m        0         
105  5.391e+01    1.893e+10    1.388e+03      3.900e+01    2.328e+03    1.148e-02      1.73m        0         
106  5.363e+01    2.829e+07    8.653e+04      3.900e+01    2.328e+03    1.148e-02      1.54m        0         
107  5.277e+01    3.604e+07    9.232e+04      5.900e+01    5.091e+04    1.121e-02      1.71m        0         
108  5.324e+01    1.000e+10    2.294e+05      3.900e+01    2.328e+03    1.148e-02      1.15m        0         
109  5.316e+01    2.077e+09    3.545e+07      3.900e+01    2.328e+03    1.148e-02      1.30m        0         
110  5.435e+01    1.285e+09    1.543e+02      3.900e+01    2.328e+03    1.148e-02      1.10m        0         
111  5.448e+01    1.050e+09    7.685e+04      4.700e+01    1.125e+04    1.124e-02      1.09m        0         
112  5.488e+01    9.523e+11    6.500e+03      4.700e+01    1.125e+04    1.124e-02      59.95s       0         
113  5.207e+01    6.135e+07    2.927e+07      7.700e+01    2.926e+05    1.140e-02      1.00m        0         
114  5.432e+01    4.233e+08    7.719e+04      7.700e+01    2.926e+05    1.140e-02      54.46s       0         
115  5.209e+01    7.647e+07    1.185e+04      4.500e+01    1.049e+04    1.143e-02      51.63s       0         
116  5.257e+01    8.750e+09    8.546e+03      5.900e+01    6.286e+05    1.133e-02      51.21s       0         
117  5.416e+01    5.330e+12    2.530e+03      4.500e+01    1.049e+04    1.143e-02      42.30s       0         
118  5.172e+01    4.567e+08    6.402e+03      5.500e+01    4.644e+04    1.140e-02      31.07s       0         
119  5.098e+01    4.338e+09    1.959e+08      5.300e+01    4.950e+04    1.123e-02      25.16s       0         
120  5.083e+01    1.121e+08    5.058e+06      8.100e+01    1.570e+06    1.121e-02      22.03s       0         
121  5.038e+01    8.010e+08    1.741e+03      6.100e+01    1.908e+05    1.116e-02      15.39s       0         
122  4.877e+01    6.805e+08    2.404e+02      3.900e+01    2.328e+03    1.148e-02      9.32s        0         
123  5.151e+01    3.716e+08    1.054e+05      3.900e+01    2.328e+03    1.148e-02      6.50s        0         
124  5.109e+01    9.090e+07    2.802e+07      3.900e+01    2.328e+03    1.148e-02      0.00s        0         
125  5.167e+01    1.212e+10    4.214e+03      3.900e+01    2.328e+03    1.148e-02      2.33m        0         
126  5.296e+01    4.940e+12    7.204e+03      5.900e+01    5.182e+04    1.124e-02      2.71m        0         
127  5.295e+01    3.627e+10    1.101e+02      1.010e+02    5.071e+07    1.109e-02      2.36m        0         
128  5.391e+01    1.070e+11    2.826e+03      6.100e+01    7.866e+04    1.123e-02      2.11m        0         
129  5.546e+01    3.384e+10    3.368e+03      6.300e+01    6.715e+04    1.124e-02      1.73m        0         
130  5.722e+01    1.310e+15    3.285e+04      6.300e+01    8.057e+04    1.104e-02      1.76m        0         
131  5.731e+01    3.680e+11    1.067e+04      5.900e+01    4.769e+05    1.113e-02      1.64m        0         
132  5.918e+01    3.919e+10    1.854e+05      6.500e+01    2.083e+06    1.101e-02      1.50m        0         
133  6.002e+01    1.142e+11    9.313e+10      6.100e+01    2.628e+04    1.120e-02      1.39m        0         
134  5.911e+01    5.252e+10    4.686e+03      4.500e+01    8.193e+03    1.125e-02      1.50m        0         
135  5.697e+01    2.722e+10    7.625e+06      8.500e+01    2.418e+09    1.119e-02      57.46s       0         
136  5.713e+01    8.869e+11    1.732e+04      1.170e+02    1.315e+09    1.101e-02      1.05m        0         
137  5.544e+01    2.924e+16    2.948e+05      4.500e+01    8.193e+03    1.131e-02      1.04m        0         
138  5.387e+01    7.963e+07    4.146e+03      3.900e+01    2.328e+03    1.143e-02      50.54s       0         
139  5.472e+01    1.069e+08    3.210e+01      3.900e+01    2.328e+03    1.143e-02      58.46s       0         
140  5.643e+01    2.057e+08    1.016e+04      9.300e+01    1.300e+07    1.065e-02      58.13s       0         
141  5.597e+01    1.166e+08    1.312e+04      1.010e+02    1.205e+09    1.054e-02      44.60s       0         
142  5.612e+01    4.558e+11    2.674e+03      9.900e+01    1.205e+09    1.049e-02      34.39s       0         
143  5.554e+01    2.066e+12    9.552e+02      1.050e+02    1.205e+09    1.041e-02      38.56s       0         
144  5.848e+01    2.814e+10    1.285e+05      1.050e+02    1.205e+09    1.042e-02      32.34s       0         
145  5.913e+01    1.154e+12    6.456e+03      1.170e+02    1.220e+09    1.060e-02      23.39s       0         
146  5.900e+01    9.423e+10    2.325e+09      1.090e+02    1.206e+09    1.041e-02      15.30s       0         
147  5.741e+01    3.661e+12    2.792e+04      1.110e+02    1.207e+09    1.035e-02      8.26s        0         
148  6.083e+01    9.904e+12    4.751e+02      5.700e+01    1.444e+05    1.116e-02      5.19s        0         
149  6.024e+01    5.292e+14    7.439e+02      4.900e+01    1.667e+04    1.089e-02      0.00s        0         
150  5.797e+01    1.334e+10    1.965e+03      4.900e+01    1.667e+04    1.089e-02      2.26m        0         
151  5.869e+01    3.773e+12    5.746e+03      6.700e+01    5.018e+05    1.074e-02      2.13m        0         
152  5.488e+01    4.584e+09    2.808e+05      4.900e+01    1.667e+04    1.089e-02      2.04m        0         
153  5.597e+01    2.411e+12    3.166e+03      4.900e+01    1.667e+04    1.089e-02      2.16m        0         
154  5.514e+01    2.231e+09    1.539e+04      3.700e+01    1.863e+03    1.102e-02      1.79m        0         
155  5.581e+01    1.525e+12    2.485e+05      3.700e+01    1.863e+03    1.102e-02      1.51m        0         
156  5.655e+01    1.990e+11    8.205e+03      6.300e+01    8.826e+04    1.054e-02      1.84m        0         
157  5.698e+01    9.332e+08    1.617e+03      7.700e+01    3.396e+06    1.015e-02      1.55m        0         
158  5.759e+01    5.215e+09    1.117e+06      7.700e+01    3.396e+06    1.015e-02      1.87m        0         
159  5.943e+01    7.111e+08    6.128e+02      5.500e+01    2.300e+04    9.981e-03      1.68m        0         
160  5.669e+01    6.131e+11    1.504e+03      7.300e+01    1.005e+06    9.726e-03      1.55m        0         
161  5.617e+01    3.848e+11    3.222e+02      6.300e+01    5.996e+04    9.970e-03      1.24m        0         
162  5.686e+01    4.508e+10    6.328e+02      7.300e+01    4.755e+05    9.961e-03      1.17m        0         
163  5.728e+01    2.381e+08    3.710e+05      5.500e+01    2.300e+04    9.981e-03      51.79s       0         
164  5.556e+01    3.029e+08    2.412e+05      5.500e+01    2.399e+04    9.944e-03      50.15s       0         
165  5.521e+01    5.208e+09    4.405e+05      5.100e+01    2.000e+04    9.986e-03      52.42s       0         
166  5.651e+01    3.489e+09    1.813e+02      5.100e+01    2.000e+04    9.986e-03      47.59s       0         
167  5.468e+01    9.064e+08    7.807e+03      5.100e+01    2.000e+04    9.986e-03      37.24s       0         
168  5.492e+01    2.917e+11    3.918e+04      5.100e+01    2.000e+04    9.986e-03      32.50s       0         
169  5.319e+01    2.643e+10    1.085e+03      5.100e+01    2.000e+04    9.986e-03      30.00s       0         
170  5.301e+01    3.929e+11    4.262e+03      6.700e+01    9.487e+05    9.939e-03      20.89s       0         
171  5.356e+01    4.168e+10    1.763e+02      5.100e+01    2.000e+04    9.986e-03      15.47s       0         
172  5.307e+01    6.258e+11    2.612e+03      5.100e+01    2.000e+04    9.986e-03      9.47s        0         
173  5.216e+01    7.143e+10    4.439e+03      5.100e+01    2.000e+04    9.986e-03      5.09s        0         
174  5.233e+01    5.391e+10    1.818e+04      5.100e+01    2.000e+04    9.986e-03      0.00s        0         
175  5.235e+01    3.927e+14    2.029e+03      5.100e+01    2.000e+04    9.986e-03      1.80m        0         
176  5.306e+01    3.764e+09    3.626e+04      5.100e+01    2.000e+04    9.986e-03      1.92m        0         
177  5.308e+01    8.739e+09    5.193e+03      9.100e+01    7.734e+08    9.096e-03      1.85m        0         
178  5.445e+01    1.589e+10    7.894e+01      7.900e+01    4.906e+07    8.988e-03      1.82m        0         
179  5.445e+01    8.335e+08    7.149e+04      7.900e+01    6.481e+07    8.914e-03      1.68m        0         
180  5.493e+01    1.710e+13    1.371e+02      9.700e+01    5.985e+09    8.818e-03      1.75m        0         
181  5.222e+01    3.460e+10    5.394e+05      1.050e+02    3.943e+10    8.784e-03      1.79m        0         
182  5.416e+01    9.940e+09    6.482e+05      6.900e+01    4.010e+06    8.900e-03      1.76m        0         
183  5.370e+01    1.323e+11    6.867e+01      5.900e+01    1.225e+05    9.066e-03      1.35m        0         
184  5.340e+01    7.443e+08    3.157e+03      8.300e+01    1.357e+08    9.044e-03      1.19m        0         
185  5.516e+01    8.429e+10    3.203e+02      5.700e+01    5.766e+04    8.900e-03      1.50m        0         
186  5.726e+01    4.637e+12    3.557e+05      1.370e+02    3.574e+12    8.860e-03      1.49m        0         
187  5.644e+01    3.654e+09    1.286e+03      5.700e+01    5.766e+04    8.900e-03      49.71s       0         
188  5.794e+01    1.856e+09    7.639e+03      5.700e+01    5.766e+04    8.900e-03      54.24s       0         
189  5.753e+01    2.972e+08    5.690e+03      5.700e+01    5.766e+04    8.900e-03      1.09m        0         
190  5.623e+01    1.732e+11    1.633e+08      5.700e+01    5.766e+04    8.900e-03      56.57s       0         
191  5.587e+01    2.697e+09    5.749e+03      5.700e+01    5.766e+04    8.900e-03      48.90s       0         
192  5.610e+01    3.604e+09    1.175e+03      5.700e+01    5.766e+04    8.900e-03      40.30s       0         
193  5.530e+01    6.636e+11    5.007e+08      5.700e+01    5.766e+04    8.900e-03      45.23s       0         
194  5.603e+01    1.751e+10    6.256e+03      5.700e+01    5.766e+04    8.900e-03      29.86s       0         
195  5.634e+01    1.692e+10    1.066e+04      5.700e+01    5.766e+04    8.900e-03      22.98s       0         
196  5.515e+01    9.308e+09    2.177e+06      5.700e+01    5.766e+04    8.900e-03      19.03s       0         
197  5.462e+01    2.823e+09    1.787e+05      5.700e+01    5.766e+04    8.875e-03      11.66s       0         
198  5.614e+01    1.917e+09    5.944e+01      5.700e+01    5.766e+04    8.875e-03      5.13s        0         
199  5.597e+01    1.622e+10    3.771e+03      5.700e+01    5.766e+04    8.875e-03      0.00s        0         
200  5.609e+01    1.543e+09    1.242e+11      5.700e+01    5.766e+04    8.875e-03      2.47m        0         
201  5.552e+01    1.299e+09    9.150e+04      5.700e+01    5.766e+04    8.875e-03      1.98m        0         
202  5.574e+01    9.108e+11    3.506e+04      5.700e+01    5.766e+04    8.875e-03      2.78m        0         
203  5.631e+01    3.070e+14    4.937e+03      5.700e+01    5.766e+04    8.875e-03      2.08m        0         
204  5.517e+01    1.160e+12    3.288e+06      5.700e+01    5.766e+04    8.875e-03      2.28m        0         
205  5.692e+01    2.560e+10    1.775e+04      5.700e+01    5.766e+04    8.875e-03      2.04m        0         
206  5.753e+01    6.692e+15    1.511e+03      5.700e+01    5.766e+04    8.875e-03      1.71m        0         
207  5.652e+01    3.506e+10    3.029e+04      5.700e+01    5.766e+04    8.875e-03      1.56m        0         
208  5.589e+01    3.024e+09    1.901e+03      5.700e+01    5.766e+04    8.875e-03      1.54m        0         
209  5.710e+01    2.627e+09    7.651e+03      5.700e+01    5.766e+04    8.875e-03      1.60m        0         
210  5.700e+01    8.236e+10    4.740e+03      5.700e+01    5.766e+04    8.875e-03      1.32m        0         
211  5.585e+01    3.832e+09    1.059e+08      5.300e+01    5.702e+04    8.923e-03      1.37m        0         
212  5.609e+01    4.086e+12    1.087e+03      5.300e+01    5.702e+04    8.923e-03      1.53m        0         
213  5.495e+01    1.712e+11    1.307e+02      5.300e+01    5.702e+04    8.923e-03      1.12m        0         
214  5.584e+01    4.325e+07    2.790e+06      6.100e+01    5.823e+04    8.875e-03      1.15m        0         
215  5.612e+01    8.343e+07    2.710e+06      6.100e+01    5.823e+04    8.875e-03      1.04m        0         
216  5.435e+01    2.403e+07    2.390e+03      6.100e+01    5.823e+04    8.875e-03      50.19s       0         
217  5.287e+01    6.708e+15    3.278e+03      5.300e+01    5.702e+04    8.923e-03      46.44s       0         
218  5.593e+01    1.084e+13    8.126e+10      5.900e+01    5.922e+04    8.878e-03      46.77s       0         
219  5.539e+01    6.987e+11    2.786e+04      5.900e+01    5.922e+04    8.878e-03      24.84s       0         
220  5.423e+01    2.146e+09    2.216e+03      5.900e+01    5.922e+04    8.878e-03      26.62s       0         
221  5.406e+01    9.285e+08    9.329e+03      5.900e+01    5.922e+04    8.878e-03      18.77s       0         
222  5.501e+01    7.997e+07    1.278e+05      5.300e+01    5.702e+04    8.923e-03      12.73s       0         
223  5.597e+01    1.900e+09    2.074e+04      5.300e+01    5.702e+04    8.923e-03      5.97s        0         
224  5.603e+01    4.206e+08    5.499e+06      5.300e+01    5.702e+04    8.923e-03      0.00s        0         
225  5.569e+01    3.432e+07    2.394e+02      5.300e+01    5.702e+04    8.923e-03      2.50m        0         
226  5.546e+01    1.852e+09    2.315e+03      5.300e+01    5.702e+04    8.923e-03      2.54m        0         
227  5.539e+01    5.401e+09    4.106e+05      5.300e+01    5.702e+04    8.923e-03      2.72m        0         
228  5.552e+01    8.522e+10    2.516e+08      5.300e+01    5.702e+04    8.923e-03      2.39m        0         
229  5.634e+01    9.908e+10    9.613e+02      5.300e+01    5.702e+04    8.663e-03      1.93m        0         
230  5.528e+01    1.406e+12    1.076e+05      5.300e+01    5.702e+04    8.663e-03      1.51m        0         
231  5.332e+01    2.207e+09    1.384e+02      5.300e+01    5.702e+04    8.663e-03      1.75m        0         
232  5.295e+01    7.028e+10    3.031e+03      5.300e+01    5.702e+04    8.663e-03      1.50m        0         
233  5.284e+01    5.288e+09    1.968e+03      5.300e+01    5.702e+04    8.663e-03      1.52m        0         
234  5.364e+01    2.248e+08    4.062e+02      5.300e+01    5.702e+04    8.663e-03      1.72m        0         
235  5.506e+01    9.846e+08    1.779e+02      5.300e+01    5.702e+04    8.663e-03      1.28m        0         
236  5.509e+01    7.093e+10    7.246e+01      5.300e+01    5.702e+04    8.663e-03      1.53m        0         
237  5.482e+01    7.266e+11    4.025e+04      5.300e+01    5.702e+04    8.663e-03      1.35m        0         
238  5.396e+01    1.211e+10    1.142e+04      9.500e+01    3.211e+06    8.321e-03      58.56s       0         
239  5.476e+01    1.410e+08    1.093e+05      9.500e+01    3.211e+06    8.348e-03      1.32m        0         
240  5.673e+01    3.148e+11    5.510e+05      9.500e+01    3.160e+06    8.263e-03      42.78s       0         
241  5.471e+01    2.581e+08    4.127e+06      9.300e+01    1.136e+06    8.353e-03      56.13s       0         
242  5.391e+01    2.733e+09    8.631e+03      9.100e+01    1.067e+06    8.349e-03      35.22s       0         
243  5.273e+01    3.782e+08    1.443e+04      9.100e+01    1.067e+06    8.349e-03      45.26s       0         
244  5.352e+01    1.230e+08    4.517e+01      5.300e+01    5.702e+04    8.663e-03      25.68s       0         
245  5.213e+01    1.384e+08    7.940e+03      5.700e+01    5.268e+05    8.561e-03      22.56s       0         
246  5.280e+01    3.657e+08    5.950e+03      5.700e+01    5.268e+05    8.561e-03      20.42s       0         
247  5.460e+01    1.507e+09    3.482e+04      5.700e+01    5.268e+05    8.561e-03      11.88s       0         
248  5.395e+01    1.884e+09    1.384e+04      5.700e+01    5.268e+05    8.561e-03      6.44s        0         
249  5.556e+01    1.233e+10    2.891e+02      5.300e+01    5.702e+04    8.663e-03      0.00s        0         
250  5.589e+01    2.119e+11    1.838e+03      5.300e+01    5.702e+04    8.663e-03      2.32m        0         
251  5.844e+01    6.409e+10    3.480e+03      5.300e+01    5.702e+04    8.663e-03      2.33m        0         
252  5.576e+01    1.095e+09    5.294e+03      5.300e+01    5.702e+04    8.663e-03      2.52m        0         
253  5.499e+01    7.760e+09    2.563e+07      5.300e+01    5.702e+04    8.663e-03      1.99m        0         
254  5.381e+01    2.052e+08    6.217e+03      5.300e+01    5.702e+04    8.663e-03      2.41m        0         
255  5.502e+01    4.863e+09    3.364e+03      9.100e+01    3.162e+08    8.660e-03      2.22m        0         
256  5.590e+01    5.769e+11    3.907e+03      5.300e+01    5.702e+04    8.663e-03      1.65m        0         
257  5.640e+01    1.387e+15    1.842e+04      5.300e+01    5.702e+04    8.663e-03      1.86m        0         
258  5.525e+01    1.821e+10    3.837e+02      7.500e+01    1.971e+07    8.659e-03      1.51m        0         
259  5.337e+01    1.286e+10    2.184e+03      7.500e+01    1.971e+07    8.659e-03      1.81m        0         
260  5.255e+01    1.035e+08    6.584e+03      7.500e+01    1.971e+07    8.659e-03      1.92m        0         
261  5.483e+01    1.490e+11    2.481e+06      5.300e+01    5.702e+04    8.663e-03      1.55m        0         
262  5.544e+01    3.066e+10    1.569e+04      5.300e+01    5.702e+04    8.663e-03      1.36m        0         
263  5.540e+01    3.620e+10    2.624e+06      5.300e+01    5.702e+04    8.663e-03      1.01m        0         
264  5.467e+01    1.677e+10    5.211e+05      5.300e+01    5.702e+04    8.663e-03      55.08s       0         
265  5.672e+01    1.654e+14    2.110e+04      5.300e+01    5.702e+04    8.663e-03      1.11m        0         
266  5.563e+01    3.933e+11    4.006e+03      5.300e+01    5.702e+04    8.663e-03      37.29s       0         
267  5.688e+01    1.629e+12    3.634e+05      7.700e+01    2.980e+07    8.615e-03      39.89s       0         
268  5.535e+01    4.832e+13    1.112e+04      7.700e+01    2.980e+07    8.615e-03      27.80s       0         
269  5.526e+01    1.416e+09    3.276e+03      5.300e+01    5.702e+04    8.663e-03      22.85s       0         
270  5.424e+01    2.308e+09    2.737e+11      5.300e+01    5.702e+04    8.663e-03      21.89s       0         
271  5.440e+01    2.375e+11    2.894e+02      5.300e+01    5.702e+04    8.663e-03      17.78s       0         
272  5.517e+01    6.089e+16    4.166e+02      5.300e+01    5.702e+04    8.663e-03      11.42s       0         
273  5.306e+01    5.576e+09    3.946e+03      5.300e+01    5.702e+04    8.663e-03      6.44s        0         
274  5.510e+01    1.702e+10    1.572e+04      5.300e+01    5.702e+04    8.663e-03      0.00s        0         
275  5.304e+01    7.300e+08    7.427e+03      5.300e+01    5.702e+04    8.663e-03      2.53m        0         
276  5.325e+01    2.420e+09    2.668e+05      5.300e+01    5.702e+04    8.663e-03      3.02m        0         
277  5.343e+01    6.764e+09    9.879e+03      5.300e+01    5.702e+04    8.663e-03      2.68m        0         
278  5.524e+01    2.479e+09    4.604e+04      5.300e+01    5.702e+04    8.663e-03      2.32m        0         
279  5.411e+01    5.210e+09    2.501e+03      5.300e+01    5.702e+04    8.663e-03      1.83m        0         
280  5.607e+01    1.677e+11    5.885e+03      5.300e+01    5.702e+04    8.663e-03      2.10m        0         
281  5.723e+01    3.348e+10    1.016e+03      5.300e+01    5.702e+04    8.663e-03      1.91m        0         
282  5.551e+01    2.767e+10    6.830e+02      5.300e+01    5.702e+04    8.663e-03      1.50m        0         
283  5.546e+01    6.664e+12    1.223e+04      5.300e+01    5.702e+04    8.663e-03      1.66m        0         
284  5.518e+01    2.107e+10    2.545e+05      5.300e+01    5.702e+04    8.663e-03      1.16m        0         
285  5.359e+01    7.195e+10    2.309e+04      7.300e+01    6.793e+04    8.533e-03      1.21m        0         
286  5.237e+01    7.164e+09    1.341e+04      7.300e+01    6.793e+04    8.533e-03      1.43m        0         
287  5.277e+01    3.332e+09    5.397e+03      7.300e+01    7.066e+04    8.489e-03      1.04m        0         
288  5.320e+01    4.930e+12    2.643e+05      5.300e+01    5.702e+04    8.663e-03      1.17m        0         
289  5.298e+01    4.277e+10    3.387e+03      5.300e+01    5.702e+04    8.663e-03      52.83s       0         
290  5.180e+01    9.256e+07    2.502e+03      5.300e+01    5.702e+04    8.663e-03      47.55s       0         
291  5.302e+01    6.710e+10    3.686e+05      5.300e+01    5.702e+04    8.663e-03      50.06s       0         
292  5.348e+01    3.811e+07    4.137e+05      5.300e+01    5.702e+04    8.663e-03      44.21s       0         
293  5.173e+01    7.028e+08    5.410e+04      5.300e+01    5.702e+04    8.663e-03      40.64s       0         
294  5.048e+01    2.837e+08    1.011e+03      5.300e+01    5.702e+04    8.663e-03      31.81s       0         
295  5.028e+01    2.790e+07    6.345e+03      5.300e+01    5.702e+04    8.663e-03      22.68s       0         
296  5.238e+01    7.346e+07    1.549e+05      5.300e+01    5.702e+04    8.663e-03      22.54s       0         
297  5.185e+01    9.441e+09    4.006e+07      5.300e+01    5.702e+04    8.663e-03      13.44s       0         
298  5.084e+01    2.584e+08    5.000e+03      5.300e+01    5.702e+04    8.663e-03      5.19s        0         
299  5.127e+01    1.863e+08    6.821e+02      5.300e+01    5.702e+04    8.663e-03      0.00s        0         
300  5.295e+01    6.005e+07    2.705e+03      5.300e+01    5.702e+04    8.663e-03      1.96m        0         
301  5.344e+01    5.953e+07    2.716e+03      5.300e+01    5.702e+04    8.663e-03      2.30m        0         
302  5.248e+01    4.841e+07    5.540e+05      5.300e+01    5.702e+04    8.663e-03      2.40m        0         
303  5.546e+01    6.063e+07    6.440e+03      6.300e+01    5.896e+04    8.594e-03      2.16m        0         
304  5.354e+01    8.270e+07    2.660e+03      5.300e+01    5.702e+04    8.663e-03      2.43m        0         
305  5.368e+01    1.089e+10    9.322e+04      5.300e+01    5.702e+04    8.663e-03      2.00m        0         
306  5.323e+01    6.683e+07    3.436e+07      5.300e+01    5.702e+04    8.663e-03      2.35m        0         
307  5.333e+01    1.474e+09    9.115e+01      5.300e+01    5.702e+04    8.663e-03      2.01m        0         
308  5.312e+01    3.251e+07    2.976e+03      5.300e+01    5.702e+04    8.663e-03      1.39m        0         
309  5.299e+01    2.250e+07    1.905e+08      5.300e+01    5.702e+04    8.663e-03      1.58m        0         
310  5.364e+01    1.344e+08    5.681e+03      5.300e+01    5.702e+04    8.663e-03      1.41m        0         
311  5.251e+01    2.021e+11    2.755e+04      7.500e+01    4.136e+05    8.621e-03      58.09s       0         
312  5.366e+01    1.029e+08    3.878e+06      5.300e+01    5.702e+04    8.663e-03      1.28m        0         
313  5.619e+01    3.622e+10    6.637e+03      5.300e+01    5.702e+04    8.663e-03      52.54s       0         
314  5.544e+01    9.719e+09    2.991e+02      5.300e+01    5.702e+04    8.663e-03      1.06m        0         
315  5.815e+01    1.011e+09    3.113e+04      5.300e+01    5.702e+04    8.663e-03      41.31s       0         
316  5.890e+01    1.154e+10    2.697e+03      5.300e+01    5.702e+04    8.663e-03      47.37s       0         
317  5.844e+01    1.679e+09    9.353e+03      5.300e+01    5.702e+04    8.663e-03      32.20s       0         
318  5.675e+01    9.356e+09    3.574e+06      5.300e+01    5.702e+04    8.663e-03      36.78s       0         
319  5.610e+01    7.887e+08    9.075e+05      6.300e+01    5.869e+04    8.488e-03      32.65s       0         
320  5.541e+01    1.683e+08    3.825e+04      5.300e+01    5.702e+04    8.663e-03      22.60s       0         
321  5.670e+01    5.684e+08    1.062e+03      5.300e+01    5.702e+04    8.663e-03      14.22s       0         
322  5.679e+01    1.589e+14    7.297e+02      5.300e+01    5.702e+04    8.663e-03      12.40s       0         
323  5.672e+01    1.365e+08    2.193e+05      5.300e+01    5.702e+04    8.663e-03      5.41s        0         
324  5.642e+01    1.384e+09    3.691e+03      5.300e+01    5.702e+04    8.663e-03      0.00s        0         
325  5.534e+01    2.191e+08    1.922e+06      5.300e+01    5.702e+04    8.663e-03      2.46m        0         
326  5.575e+01    6.261e+08    5.878e+05      5.300e+01    5.702e+04    8.663e-03      1.65m        0         
327  5.351e+01    1.086e+08    1.530e+03      5.300e+01    5.702e+04    8.663e-03      1.89m        0         
328  5.351e+01    2.079e+08    1.580e+04      5.300e+01    5.702e+04    8.663e-03      2.68m        0         
329  5.382e+01    1.311e+08    2.181e+06      5.300e+01    5.702e+04    8.663e-03      2.04m        0         
330  5.391e+01    6.351e+07    3.057e+02      5.300e+01    5.702e+04    8.663e-03      2.10m        0         
331  5.536e+01    2.357e+08    3.674e+02      5.300e+01    5.702e+04    8.663e-03      2.41m        0         
332  5.436e+01    8.810e+10    3.689e+03      5.300e+01    5.702e+04    8.663e-03      2.03m        0         
333  5.419e+01    2.929e+10    1.631e+06      8.900e+01    3.762e+08    8.634e-03      1.57m        0         
334  5.462e+01    4.434e+11    3.408e+05      5.300e+01    5.702e+04    8.663e-03      1.56m        0         
335  5.398e+01    1.833e+08    4.969e+03      5.300e+01    5.702e+04    8.663e-03      1.14m        0         
336  5.355e+01    6.343e+08    1.840e+02      5.300e+01    5.702e+04    8.663e-03      1.44m        0         
337  5.435e+01    1.282e+07    6.509e+03      5.300e+01    5.702e+04    8.663e-03      1.43m        0         
338  5.425e+01    2.487e+07    7.516e+03      5.300e+01    5.702e+04    8.663e-03      47.07s       0         
339  5.241e+01    8.610e+06    4.125e+07      5.300e+01    5.702e+04    8.663e-03      56.46s       0         
340  5.340e+01    2.239e+07    5.786e+02      5.300e+01    5.702e+04    8.663e-03      51.14s       0         
341  5.363e+01    7.650e+07    7.231e+03      5.300e+01    5.702e+04    8.663e-03      36.12s       0         
342  5.244e+01    4.364e+09    5.410e+03      5.300e+01    5.702e+04    8.663e-03      48.88s       0         
343  5.342e+01    1.025e+08    2.013e+04      5.300e+01    5.702e+04    8.663e-03      45.44s       0         
344  5.384e+01    7.899e+08    1.871e+03      5.300e+01    5.702e+04    8.663e-03      23.04s       0         
345  5.308e+01    5.556e+08    2.015e+03      5.300e+01    5.702e+04    8.663e-03      24.04s       0         
346  5.334e+01    1.188e+07    4.682e+06      5.300e+01    5.702e+04    8.663e-03      16.13s       0         
347  5.271e+01    1.388e+08    2.418e+05      5.300e+01    5.702e+04    8.663e-03      10.85s       0         
348  5.369e+01    3.761e+07    2.636e+07      5.300e+01    5.702e+04    8.663e-03      6.36s        0         
349  5.346e+01    5.744e+07    2.450e+02      5.300e+01    5.702e+04    8.663e-03      0.00s        0         
350  5.413e+01    6.423e+07    3.967e+05      5.300e+01    5.702e+04    8.663e-03      2.43m        0         
351  5.480e+01    2.585e+08    1.181e+03      5.300e+01    5.702e+04    8.567e-03      2.42m        0         
352  5.366e+01    3.692e+08    4.164e+02      5.300e+01    5.702e+04    8.567e-03      1.95m        0         
353  5.218e+01    2.410e+09    6.198e+02      5.300e+01    5.702e+04    8.567e-03      1.81m        0         
354  5.304e+01    2.909e+07    1.683e+05      5.300e+01    5.702e+04    8.567e-03      2.49m        0         
355  5.064e+01    4.202e+06    1.440e+05      5.300e+01    5.702e+04    8.567e-03      1.87m        0         
356  5.082e+01    1.443e+12    9.519e+02      5.300e+01    5.702e+04    8.567e-03      1.70m        0         
357  5.022e+01    6.896e+07    1.830e+05      5.300e+01    5.702e+04    8.567e-03      1.54m        0         
358  5.148e+01    2.009e+11    1.051e+07      5.300e+01    5.702e+04    8.567e-03      1.36m        0         
359  5.153e+01    6.300e+07    5.054e+04      5.300e+01    5.702e+04    8.567e-03      1.48m        0         
360  5.024e+01    2.904e+10    3.120e+05      5.300e+01    5.702e+04    8.567e-03      1.61m        0         
361  5.217e+01    4.424e+07    4.659e+02      5.300e+01    5.702e+04    8.567e-03      1.37m        0         
362  5.204e+01    3.753e+07    1.853e+02      5.300e+01    5.702e+04    8.567e-03      1.45m        0         
363  5.293e+01    1.352e+09    2.323e+08      5.300e+01    5.702e+04    8.567e-03      54.10s       0         
364  5.240e+01    3.937e+07    4.158e+04      5.300e+01    5.702e+04    8.567e-03      52.39s       0         
365  5.326e+01    4.474e+07    1.708e+05      5.300e+01    5.702e+04    8.567e-03      47.43s       0         
366  5.319e+01    9.372e+08    1.270e+04      5.300e+01    5.702e+04    8.567e-03      45.06s       0         
367  5.170e+01    9.553e+08    1.015e+03      5.300e+01    5.702e+04    8.567e-03      40.24s       0         
368  5.270e+01    1.284e+07    2.201e+03      5.300e+01    5.702e+04    8.567e-03      35.98s       0         
369  5.323e+01    2.162e+07    4.339e+03      5.300e+01    5.702e+04    8.567e-03      24.80s       0         
370  5.152e+01    7.314e+13    9.669e+01      5.300e+01    5.702e+04    8.567e-03      21.26s       0         
371  5.351e+01    8.124e+07    7.626e+03      5.300e+01    5.702e+04    8.567e-03      12.02s       0         
372  5.215e+01    6.098e+06    2.755e+06      5.300e+01    5.702e+04    8.567e-03      10.29s       0         
373  5.215e+01    2.149e+12    2.850e+05      5.300e+01    5.702e+04    8.567e-03      5.23s        0         
374  5.120e+01    1.170e+08    1.486e+04      5.300e+01    5.702e+04    8.567e-03      0.00s        0         
375  5.033e+01    6.144e+12    7.149e+04      5.300e+01    5.702e+04    8.567e-03      2.14m        0         
376  5.095e+01    1.897e+07    5.268e+04      5.300e+01    5.702e+04    8.567e-03      2.00m        0         
377  5.247e+01    3.895e+07    4.976e+03      5.300e+01    5.702e+04    8.567e-03      2.64m        0         
378  5.288e+01    1.471e+08    2.382e+05      5.300e+01    5.702e+04    8.567e-03      2.09m        0         
379  5.361e+01    5.793e+10    4.063e+03      5.300e+01    5.702e+04    8.567e-03      2.37m        0         
380  5.299e+01    1.316e+07    6.567e+03      5.300e+01    5.702e+04    8.567e-03      1.91m        0         
381  5.249e+01    1.436e+07    2.455e+06      5.300e+01    5.702e+04    8.567e-03      2.22m        0         
382  5.352e+01    7.064e+08    2.983e+03      5.300e+01    5.702e+04    8.567e-03      1.95m        0         
383  5.312e+01    5.633e+08    1.996e+04      5.300e+01    5.702e+04    8.567e-03      1.36m        0         
384  5.403e+01    1.084e+10    4.701e+12      5.300e+01    5.702e+04    8.567e-03      1.81m        0         
385  5.358e+01    2.287e+07    6.342e+03      7.500e+01    3.756e+05    8.478e-03      1.20m        0         
386  5.349e+01    4.449e+07    2.528e+02      7.500e+01    3.756e+05    8.478e-03      1.31m        0         
387  5.366e+01    2.456e+12    4.444e+03      5.300e+01    5.702e+04    8.567e-03      1.30m        0         
388  5.177e+01    4.841e+07    2.730e+05      5.300e+01    5.702e+04    8.567e-03      1.22m        0         
389  5.208e+01    1.650e+09    3.725e+05      5.300e+01    5.702e+04    8.567e-03      1.15m        0         
390  5.288e+01    1.576e+08    1.195e+03      5.300e+01    5.702e+04    8.567e-03      51.43s       0         
391  5.160e+01    7.326e+08    3.675e+03      5.300e+01    5.702e+04    8.567e-03      47.33s       0         
392  5.077e+01    3.044e+07    6.010e+02      5.300e+01    5.702e+04    8.567e-03      31.59s       0         
393  5.187e+01    2.121e+08    2.172e+10      5.300e+01    5.702e+04    8.567e-03      34.41s       0         
394  5.326e+01    3.486e+12    3.401e+02      5.300e+01    5.702e+04    8.567e-03      31.31s       0         
395  5.191e+01    1.348e+09    1.980e+02      7.300e+01    2.580e+05    8.521e-03      23.36s       0         
396  5.083e+01    5.605e+07    2.595e+04      5.300e+01    5.702e+04    8.567e-03      18.67s       0         
397  5.184e+01    1.843e+07    7.610e+03      5.300e+01    5.702e+04    8.567e-03      8.88s        0         
398  5.081e+01    3.401e+08    7.690e+03      5.300e+01    5.702e+04    8.567e-03      5.74s        0         
399  5.117e+01    9.663e+10    2.802e+03      5.300e+01    5.702e+04    8.564e-03      0.00s        0         
400  5.099e+01    1.552e+07    2.371e+05      5.300e+01    5.702e+04    8.564e-03      2.47m        0         
401  5.047e+01    5.038e+06    2.198e+07      7.700e+01    1.320e+05    8.341e-03      2.36m        0         
402  4.995e+01    7.979e+06    1.551e+03      8.500e+01    3.385e+05    8.347e-03      1.98m        0         
403  5.258e+01    7.583e+12    6.631e+04      7.700e+01    1.320e+05    8.342e-03      1.87m        0         
404  5.417e+01    8.739e+07    6.168e+03      5.300e+01    5.702e+04    8.564e-03      1.82m        0         
405  5.405e+01    1.033e+09    2.385e+05      9.100e+01    2.219e+06    8.445e-03      2.34m        0         
406  5.590e+01    2.713e+12    2.150e+02      7.500e+01    1.432e+05    8.435e-03      2.14m        0         
407  5.474e+01    2.932e+12    5.486e+04      6.900e+01    8.182e+04    8.342e-03      1.48m        0         
408  5.334e+01    6.453e+09    1.845e+05      6.900e+01    8.182e+04    8.342e-03      1.37m        0         
409  5.152e+01    4.438e+08    2.180e+03      6.900e+01    8.182e+04    8.342e-03      1.23m        0         
410  5.082e+01    5.097e+08    7.679e+02      6.900e+01    8.182e+04    8.342e-03      1.31m        0         
411  5.015e+01    1.205e+07    1.263e+04      5.300e+01    5.702e+04    8.564e-03      1.44m        0         
412  5.117e+01    3.858e+07    6.217e+03      5.300e+01    5.702e+04    8.564e-03      1.13m        0         
413  5.138e+01    6.581e+08    9.435e+02      5.300e+01    5.702e+04    8.564e-03      1.28m        0         
414  5.159e+01    9.951e+08    2.506e+04      6.900e+01    7.438e+04    8.476e-03      51.11s       0         
415  5.293e+01    5.129e+09    1.024e+08      5.300e+01    5.702e+04    8.564e-03      49.72s       0         
416  5.259e+01    1.769e+08    1.799e+04      5.300e+01    5.702e+04    8.564e-03      45.75s       0         
417  5.253e+01    1.626e+10    4.661e+03      5.300e+01    5.702e+04    8.564e-03      1.07m        0         
418  5.094e+01    7.325e+09    8.900e+03      5.300e+01    5.702e+04    8.564e-03      33.81s       0         
419  5.056e+01    1.849e+07    1.361e+03      5.300e+01    5.702e+04    8.564e-03      28.19s       0         
420  5.107e+01    1.050e+09    6.931e+04      6.700e+01    7.066e+04    8.446e-03      25.31s       0         
421  5.020e+01    2.744e+08    1.705e+03      6.700e+01    7.066e+04    8.446e-03      19.37s       0         
422  5.168e+01    2.338e+09    5.599e+01      6.700e+01    7.066e+04    8.446e-03      13.50s       0         
423  5.297e+01    7.742e+08    3.879e+05      5.300e+01    5.702e+04    8.564e-03      6.59s        0         
424  5.223e+01    3.276e+12    6.785e+02      5.300e+01    5.702e+04    8.564e-03      0.00s        0         
425  5.147e+01    1.491e+10    7.518e+03      5.300e+01    5.702e+04    8.564e-03      2.38m        0         
426  5.260e+01    1.075e+10    2.476e+04      5.300e+01    5.702e+04    8.564e-03      2.79m        0         
427  5.463e+01    3.610e+09    5.244e+02      5.300e+01    5.702e+04    8.564e-03      2.32m        0         
428  5.296e+01    5.138e+09    3.464e+02      5.300e+01    5.702e+04    8.564e-03      1.98m        0         
429  5.437e+01    1.415e+10    1.100e+08      5.300e+01    5.702e+04    8.564e-03      1.80m        0         
430  5.399e+01    2.305e+10    9.329e+06      5.300e+01    5.702e+04    8.564e-03      1.67m        0         
431  5.202e+01    3.566e+10    3.373e+03      5.300e+01    5.702e+04    8.564e-03      1.66m        0         
432  5.159e+01    2.093e+09    8.339e+02      5.300e+01    5.702e+04    8.564e-03      1.26m        0         
433  5.106e+01    2.682e+07    4.544e+04      5.300e+01    5.702e+04    8.523e-03      1.73m        0         
434  5.298e+01    1.447e+08    1.064e+04      5.300e+01    5.702e+04    8.523e-03      1.96m        0         
435  5.274e+01    2.664e+09    1.090e+02      7.500e+01    1.317e+05    8.434e-03      1.49m        0         
436  5.343e+01    3.022e+10    1.929e+06      8.500e+01    1.507e+06    8.354e-03      1.17m        0         
437  5.284e+01    1.759e+11    2.263e+02      7.100e+01    1.108e+05    8.376e-03      1.27m        0         
438  5.334e+01    1.891e+08    3.788e+02      5.300e+01    5.702e+04    8.523e-03      1.25m        0         
439  5.195e+01    2.961e+09    7.926e+03      8.500e+01    5.118e+05    8.460e-03      1.14m        0         
440  5.406e+01    6.813e+07    3.287e+04      7.900e+01    5.605e+05    8.432e-03      43.51s       0         
441  5.133e+01    4.403e+07    3.839e+08      7.100e+01    1.247e+05    8.400e-03      49.18s       0         
442  5.214e+01    8.666e+07    3.111e+05      7.700e+01    5.934e+05    8.378e-03      35.09s       0         
443  5.353e+01    2.260e+06    6.140e+05      8.700e+01    4.124e+06    8.475e-03      41.16s       0         
444  5.263e+01    5.050e+10    1.085e+15      5.300e+01    5.702e+04    8.523e-03      30.81s       0         
445  5.116e+01    3.331e+07    9.294e+07      5.300e+01    5.702e+04    8.523e-03      17.70s       0         
446  5.137e+01    9.365e+07    8.103e+04      6.700e+01    6.743e+04    8.495e-03      20.36s       0         
447  5.128e+01    4.967e+09    3.367e+05      6.700e+01    6.743e+04    8.495e-03      14.34s       0         
448  4.993e+01    1.170e+07    3.004e+04      6.700e+01    6.743e+04    8.495e-03      6.16s        0         
449  5.137e+01    1.530e+07    6.144e+03      5.300e+01    5.702e+04    8.523e-03      0.00s        0         
450  5.188e+01    1.272e+07    5.155e+06      6.900e+01    8.975e+04    8.412e-03      2.66m        0         
451  5.221e+01    2.593e+07    1.522e+03      7.700e+01    2.393e+05    8.476e-03      2.58m        0         
452  5.291e+01    1.261e+07    1.696e+04      7.900e+01    4.201e+05    8.484e-03      2.28m        0         
453  5.182e+01    1.235e+10    4.657e+03      8.100e+01    3.665e+05    8.467e-03      2.16m        0         
454  5.283e+01    4.791e+07    1.765e+02      8.100e+01    4.469e+05    8.436e-03      2.33m        0         
455  5.077e+01    6.499e+06    1.987e+04      7.300e+01    3.085e+05    8.505e-03      2.11m        0         
456  5.037e+01    1.516e+14    5.719e+03      7.100e+01    1.288e+05    8.419e-03      1.90m        0         
457  5.308e+01    1.155e+13    8.565e+04      8.300e+01    1.334e+06    8.408e-03      1.74m        0         
458  5.522e+01    1.211e+10    6.423e+03      5.300e+01    5.702e+04    8.523e-03      1.61m        0         
459  5.561e+01    4.499e+07    5.800e+03      5.300e+01    5.702e+04    8.523e-03      1.16m        0         
460  5.543e+01    8.989e+06    1.105e+04      5.300e+01    5.702e+04    8.523e-03      1.24m        0         
461  5.495e+01    7.381e+07    6.683e+02      5.300e+01    5.702e+04    8.523e-03      1.42m        0         
462  5.461e+01    1.317e+09    1.812e+03      5.300e+01    5.702e+04    8.523e-03      1.17m        0         
463  5.595e+01    1.284e+08    1.262e+04      5.300e+01    5.702e+04    8.523e-03      57.70s       0         
464  5.535e+01    1.068e+08    4.498e+03      5.300e+01    5.702e+04    8.523e-03      49.97s       0         
465  5.438e+01    4.905e+06    6.502e+03      5.300e+01    5.702e+04    8.523e-03      51.59s       0         
466  5.428e+01    5.747e+06    3.119e+05      5.300e+01    5.702e+04    8.523e-03      34.09s       0         
467  5.465e+01    1.734e+07    2.667e+03      5.300e+01    5.702e+04    8.523e-03      32.87s       0         
468  5.435e+01    4.617e+08    2.500e+03      5.300e+01    5.702e+04    8.523e-03      30.42s       0         
469  5.408e+01    1.012e+08    3.486e+06      5.300e+01    5.702e+04    8.523e-03      23.28s       0         
470  5.496e+01    2.353e+08    1.580e+11      5.300e+01    5.702e+04    8.523e-03      20.21s       0         
471  5.463e+01    7.552e+08    1.951e+05      5.300e+01    5.702e+04    8.523e-03      16.64s       0         
472  5.516e+01    3.709e+09    1.263e+05      5.300e+01    5.702e+04    8.523e-03      9.78s        0         
473  5.544e+01    1.373e+11    5.718e+04      5.300e+01    5.702e+04    8.523e-03      5.03s        0         
474  5.546e+01    2.406e+07    7.654e+02      5.300e+01    5.702e+04    8.523e-03      0.00s        0         
475  5.577e+01    3.301e+07    4.741e+03      5.300e+01    5.702e+04    8.523e-03      2.10m        0         
476  5.697e+01    3.985e+08    1.173e+04      5.300e+01    5.702e+04    8.523e-03      1.87m        0         
477  5.551e+01    1.113e+08    1.922e+04      5.300e+01    5.702e+04    8.523e-03      1.63m        0         
478  5.430e+01    2.077e+10    8.125e+03      5.300e+01    5.702e+04    8.523e-03      1.75m        0         
479  5.260e+01    8.313e+10    3.189e+06      5.300e+01    5.702e+04    8.523e-03      1.57m        0         
480  5.211e+01    5.886e+11    5.754e+04      5.300e+01    5.702e+04    8.523e-03      1.64m        0         
481  5.322e+01    7.278e+07    1.430e+02      5.300e+01    5.702e+04    8.523e-03      1.82m        0         
482  5.282e+01    9.356e+06    6.826e+07      5.300e+01    5.702e+04    8.523e-03      1.68m        0         
483  5.282e+01    6.995e+06    2.119e+04      5.300e+01    5.702e+04    8.523e-03      1.36m        0         
484  5.248e+01    1.282e+14    4.355e+05      5.300e+01    5.702e+04    8.523e-03      1.37m        0         
485  5.194e+01    2.711e+07    1.185e+07      5.300e+01    5.702e+04    8.523e-03      1.38m        0         
486  5.211e+01    8.438e+08    1.820e+05      5.300e+01    5.702e+04    8.523e-03      1.34m        0         
487  5.205e+01    2.677e+08    6.233e+08      5.300e+01    5.702e+04    8.523e-03      1.30m        0         
488  5.098e+01    7.596e+08    2.316e+05      5.300e+01    5.702e+04    8.523e-03      55.46s       0         
489  4.972e+01    1.034e+07    1.473e+03      5.300e+01    5.702e+04    8.523e-03      55.57s       0         
490  5.092e+01    9.512e+07    2.266e+02      5.300e+01    5.702e+04    8.523e-03      51.63s       0         
491  5.089e+01    2.906e+07    8.929e+05      5.300e+01    5.702e+04    8.523e-03      43.20s       0         
492  5.138e+01    2.620e+07    4.481e+03      5.300e+01    5.702e+04    8.523e-03      47.23s       0         
493  5.148e+01    1.945e+07    2.349e+04      5.300e+01    5.702e+04    8.523e-03      29.52s       0         
494  5.168e+01    5.163e+07    2.839e+03      5.300e+01    5.702e+04    8.523e-03      35.24s       0         
495  5.189e+01    9.848e+06    8.219e+02      5.300e+01    5.702e+04    8.523e-03      16.19s       0         
496  5.173e+01    7.087e+07    4.568e+04      5.300e+01    5.702e+04    8.523e-03      18.60s       0         
497  5.179e+01    7.529e+08    5.869e+02      5.300e+01    5.702e+04    8.523e-03      12.93s       0         
498  5.106e+01    1.349e+10    1.352e+04      5.300e+01    5.702e+04    8.523e-03      6.92s        0         
499  5.188e+01    1.586e+07    8.902e+04      5.300e+01    5.702e+04    8.523e-03      0.00s        0         





Time: 0h:48m:25s
####   Data for the best program   ####
Best Program: sub(div(div(add(1.707, mul(add(div(X0, 1.862), sub(0.624, X0)), sub(mul(X1, 1.098), div(div(add(1.707, mul(X0, sub(X2, X0))), mul(add(X2, 1.862), 1.413)), 0.792)))), mul(add(X2, 1.862), 1.413)), 0.792), mul(mul(sub(X2, add(0.658, div(X0, 1.965))), X2), div(0.372, add(1.725, X2))))
Best Program Complexity: 53
Raw Fitness: 0.00852334705248798
Penalized Fitness: 0.01064334705248798
Estimator		Train-rmse: 0.00852334705248798	Test-rmse: 0.008417596977449548	Test-R^2: 0.9926004084149477

{'complexity': 'length', 'const_range': (1e-10, 2.0), 'elitism_size': 1, 'function_set': ('add', 'sub', 'div', 'mul'), 'generations': 500, 'init_depth': (3, 6), 'init_method': 'half and half', 'low_memory': True, 'max_samples': 1.0, 'metric': 'rmse', 'n_jobs': 2, 'p_crossover': 0.5, 'p_hoist_mutation': 0.0, 'p_point_mutation': 0.25, 'p_point_replace': 0.05, 'p_subtree_mutation': 0.25, 'paretogp': False, 'paretogp_lengths': (5, 130), 'parsimony_coefficient': 4e-05, 'population_size': 800, 'random_state': 1449396245, 'selection': 'eplex', 'stopping_criteria': 1e-10, 'tournament_size': 11, 'verbose': 1, 'warm_start': True}
