    |          Population Average          |           Best Individual            |
---- -------------------------------------- -------------------------------------- ----------
Gen  Length       Kommenda     Fitness        Length       Kommenda     Fitness        Time Left    Front Size
0    3.981e+01    1.657e+14    7.786e+11      1.500e+01    9.100e+01    2.430e-01      8.63s        0         
1    1.348e+01    1.029e+11    3.093e+07      1.100e+01    5.400e+01    9.814e-02      18.68s       0         
2    1.029e+01    1.741e+05    2.032e+04      1.100e+01    5.400e+01    9.814e-02      24.95s       0         
3    1.101e+01    8.794e+09    1.933e+04      5.000e+00    5.000e+00    9.705e-02      19.12s       0         
4    1.211e+01    3.664e+10    2.752e+05      5.000e+00    5.000e+00    9.705e-02      18.32s       0         
5    1.108e+01    1.583e+08    4.450e+03      1.500e+01    1.040e+02    5.628e-02      17.68s       0         
6    1.025e+01    4.871e+08    8.528e+04      1.500e+01    8.000e+01    5.169e-02      16.53s       0         
7    8.523e+00    1.052e+09    4.786e+02      1.500e+01    8.000e+01    5.169e-02      15.38s       0         
8    8.265e+00    2.791e+11    2.583e+03      1.500e+01    8.000e+01    5.169e-02      14.14s       0         
9    1.126e+01    8.744e+06    5.508e+02      1.500e+01    8.000e+01    5.169e-02      13.39s       0         
10   1.359e+01    4.407e+04    7.988e+02      1.500e+01    8.000e+01    5.169e-02      13.26s       0         
11   1.527e+01    3.387e+04    2.540e+04      1.700e+01    1.200e+02    3.833e-02      13.37s       0         
12   1.608e+01    3.551e+04    5.166e+05      1.700e+01    1.200e+02    3.833e-02      15.89s       0         
13   1.551e+01    9.591e+03    2.165e+02      1.700e+01    1.200e+02    3.833e-02      11.17s       0         
14   1.551e+01    1.642e+04    5.199e+03      1.700e+01    1.200e+02    3.371e-02      10.73s       0         
15   1.640e+01    1.063e+06    4.708e+08      1.500e+01    7.200e+01    2.894e-02      9.62s        0         
16   1.675e+01    1.777e+04    1.567e+02      1.500e+01    7.200e+01    2.894e-02      8.79s        0         
17   1.709e+01    1.160e+06    3.370e+03      1.500e+01    7.200e+01    2.894e-02      7.42s        0         
18   1.696e+01    4.930e+09    9.637e+03      1.500e+01    7.200e+01    2.894e-02      6.38s        0         
19   1.638e+01    1.601e+05    3.481e+05      1.500e+01    7.200e+01    2.894e-02      6.69s        0         
20   1.556e+01    1.411e+06    2.496e+05      1.500e+01    7.200e+01    2.894e-02      4.39s        0         
21   1.592e+01    6.321e+07    2.123e+04      1.500e+01    7.200e+01    2.894e-02      3.13s        0         
22   1.520e+01    2.948e+04    7.523e+04      1.500e+01    7.200e+01    2.894e-02      2.13s        0         
23   1.588e+01    7.890e+06    8.106e+04      1.500e+01    7.200e+01    2.894e-02      1.09s        0         
24   1.530e+01    2.189e+03    1.469e+03      1.500e+01    7.200e+01    2.894e-02      0.00s        0         
25   1.564e+01    7.111e+06    5.223e+03      1.500e+01    7.200e+01    2.894e-02      25.76s       0         
26   1.544e+01    8.671e+05    1.701e+03      1.500e+01    7.200e+01    2.894e-02      31.24s       0         
27   1.587e+01    1.525e+12    1.111e+04      1.500e+01    7.200e+01    2.894e-02      23.66s       0         
28   1.570e+01    5.419e+09    3.685e+04      1.500e+01    7.200e+01    2.894e-02      23.11s       0         
29   1.616e+01    3.835e+05    1.797e+03      1.500e+01    7.200e+01    2.894e-02      21.79s       0         
30   1.553e+01    1.246e+06    3.611e+07      1.500e+01    7.200e+01    2.894e-02      20.90s       0         
31   1.571e+01    8.269e+04    3.265e+11      1.500e+01    7.200e+01    2.894e-02      19.79s       0         
32   1.607e+01    5.150e+10    1.869e+05      1.500e+01    7.200e+01    2.894e-02      18.55s       0         
33   1.560e+01    1.176e+04    5.184e+03      1.500e+01    7.200e+01    2.894e-02      21.92s       0         
34   1.557e+01    2.164e+05    3.069e+05      1.500e+01    7.200e+01    2.894e-02      16.19s       0         
35   1.538e+01    2.295e+08    1.151e+03      1.500e+01    7.200e+01    2.883e-02      15.46s       0         
36   1.569e+01    2.103e+07    8.796e+03      1.500e+01    7.200e+01    2.883e-02      14.53s       0         
37   1.539e+01    5.784e+04    4.281e+04      1.500e+01    7.200e+01    2.883e-02      12.99s       0         
38   1.552e+01    5.012e+03    2.651e+02      1.500e+01    7.200e+01    2.883e-02      12.34s       0         
39   1.542e+01    3.104e+03    1.108e+05      1.500e+01    7.200e+01    2.839e-02      13.87s       0         
40   1.522e+01    2.286e+03    1.607e+05      1.500e+01    7.200e+01    2.839e-02      10.11s       0         
41   1.515e+01    4.643e+04    3.017e+07      1.500e+01    7.200e+01    2.839e-02      8.74s        0         
42   1.580e+01    2.027e+05    4.549e+03      1.500e+01    7.200e+01    2.839e-02      7.84s        0         
43   1.568e+01    1.820e+08    1.436e+04      1.500e+01    7.200e+01    2.839e-02      6.82s        0         
44   1.546e+01    6.817e+05    1.789e+05      1.500e+01    7.200e+01    2.768e-02      5.66s        0         
45   1.537e+01    3.623e+06    2.179e+03      1.500e+01    7.200e+01    2.768e-02      5.51s        0         
46   1.554e+01    5.255e+04    7.622e+04      1.500e+01    7.200e+01    2.768e-02      3.38s        0         
47   1.543e+01    1.272e+04    5.171e+02      1.500e+01    7.200e+01    2.768e-02      2.29s        0         
48   1.534e+01    3.329e+03    1.061e+06      1.500e+01    7.200e+01    2.768e-02      1.15s        0         
49   1.536e+01    1.244e+05    5.396e+05      1.500e+01    7.200e+01    2.768e-02      0.00s        0         
50   1.532e+01    1.273e+04    2.125e+07      1.500e+01    7.200e+01    2.761e-02      27.37s       0         
51   1.553e+01    1.140e+08    3.642e+02      1.500e+01    7.200e+01    2.761e-02      26.22s       0         
52   1.587e+01    2.091e+06    5.871e+05      1.500e+01    7.200e+01    2.761e-02      31.32s       0         
53   1.570e+01    4.694e+09    6.379e+04      1.500e+01    7.200e+01    2.761e-02      23.28s       0         
54   1.588e+01    6.786e+05    5.781e+05      1.500e+01    7.200e+01    2.761e-02      22.86s       0         
55   1.522e+01    8.181e+06    4.956e+11      1.500e+01    7.200e+01    2.761e-02      21.51s       0         
56   1.566e+01    3.476e+10    2.623e+02      1.500e+01    7.200e+01    2.761e-02      20.53s       0         
57   1.560e+01    9.155e+03    3.311e+04      1.500e+01    7.200e+01    2.761e-02      23.28s       0         
58   1.548e+01    3.882e+06    5.305e+12      1.500e+01    7.200e+01    2.761e-02      18.08s       0         
59   1.643e+01    2.326e+07    1.016e+06      1.500e+01    7.200e+01    2.761e-02      17.59s       0         
60   1.571e+01    2.485e+06    3.282e+03      1.500e+01    7.200e+01    2.761e-02      15.93s       0         
61   1.569e+01    2.693e+04    1.156e+07      1.500e+01    7.200e+01    2.761e-02      14.19s       0         
62   1.532e+01    3.482e+07    3.141e+04      1.500e+01    7.200e+01    2.761e-02      13.49s       0         
63   1.593e+01    1.471e+04    9.184e+03      1.500e+01    7.200e+01    2.761e-02      15.37s       0         
64   1.586e+01    3.546e+06    1.386e+04      1.500e+01    7.200e+01    2.761e-02      11.44s       0         
65   1.607e+01    2.507e+06    2.113e+03      1.500e+01    7.200e+01    2.761e-02      10.17s       0         
66   1.524e+01    2.828e+07    2.751e+03      1.500e+01    7.200e+01    2.761e-02      9.06s        0         
67   1.581e+01    5.797e+07    3.483e+03      1.500e+01    7.200e+01    2.761e-02      7.94s        0         
68   1.552e+01    2.180e+13    3.742e+05      1.500e+01    7.200e+01    2.761e-02      6.55s        0         
69   1.571e+01    3.774e+08    1.658e+04      1.500e+01    7.200e+01    2.761e-02      7.01s        0         
70   1.575e+01    1.519e+07    1.374e+03      1.500e+01    7.200e+01    2.761e-02      4.55s        0         
71   1.632e+01    1.692e+09    1.068e+04      1.500e+01    7.200e+01    2.761e-02      3.36s        0         
72   1.592e+01    4.454e+05    6.925e+05      1.500e+01    7.200e+01    2.761e-02      2.24s        0         
73   1.577e+01    2.921e+06    9.442e+05      1.500e+01    7.200e+01    2.761e-02      1.15s        0         
74   1.539e+01    1.513e+12    1.138e+05      1.500e+01    7.200e+01    2.761e-02      0.00s        0         
75   1.533e+01    3.984e+05    2.590e+04      1.500e+01    7.200e+01    2.761e-02      27.72s       0         
76   1.546e+01    8.216e+06    3.708e+04      1.500e+01    7.200e+01    2.761e-02      24.92s       0         
77   1.549e+01    3.190e+04    1.550e+05      1.500e+01    7.200e+01    2.761e-02      24.82s       0         
78   1.583e+01    1.351e+06    2.058e+07      1.700e+01    1.200e+02    2.720e-02      24.20s       0         
79   1.542e+01    1.606e+05    9.362e+02      1.700e+01    1.200e+02    2.720e-02      21.96s       0         
80   1.554e+01    3.125e+05    9.624e+02      1.700e+01    1.200e+02    2.720e-02      20.72s       0         
81   1.571e+01    5.086e+06    1.084e+04      1.700e+01    1.200e+02    2.720e-02      25.53s       0         
82   1.560e+01    8.419e+03    5.447e+02      1.700e+01    1.200e+02    2.720e-02      19.88s       0         
83   1.675e+01    3.115e+06    4.969e+01      1.700e+01    1.200e+02    2.704e-02      18.03s       0         
84   1.712e+01    5.178e+05    1.351e+05      1.700e+01    1.200e+02    2.656e-02      17.39s       0         
85   1.758e+01    7.906e+08    4.141e+04      1.700e+01    1.200e+02    2.656e-02      16.24s       0         
86   1.716e+01    2.899e+03    3.991e+04      1.700e+01    1.200e+02    2.656e-02      15.63s       0         
87   1.781e+01    2.193e+06    8.744e+04      1.700e+01    1.200e+02    2.656e-02      17.06s       0         
88   1.730e+01    1.044e+07    6.132e+04      1.700e+01    1.200e+02    2.656e-02      12.59s       0         
89   1.769e+01    3.074e+06    4.070e+02      1.700e+01    1.200e+02    2.656e-02      11.40s       0         
90   1.751e+01    3.993e+05    8.675e+03      1.700e+01    1.200e+02    2.656e-02      10.17s       0         
91   1.751e+01    2.908e+09    1.335e+07      1.700e+01    1.200e+02    2.557e-02      9.19s        0         
92   1.695e+01    8.847e+04    9.952e+01      1.700e+01    1.200e+02    2.557e-02      10.08s       0         
93   1.759e+01    4.251e+12    4.094e+04      1.700e+01    1.200e+02    2.557e-02      7.03s        0         
94   1.764e+01    6.991e+07    1.761e+03      1.700e+01    1.200e+02    2.557e-02      5.74s        0         
95   1.750e+01    3.023e+04    1.344e+02      1.700e+01    1.200e+02    2.557e-02      4.62s        0         
96   1.735e+01    1.009e+06    8.776e+05      1.700e+01    1.200e+02    2.557e-02      3.54s        0         
97   1.731e+01    5.562e+03    6.292e+02      1.700e+01    1.200e+02    2.557e-02      2.24s        0         
98   1.791e+01    9.409e+16    6.762e+03      1.700e+01    1.200e+02    2.532e-02      1.38s        0         
99   1.746e+01    7.473e+06    2.823e+04      1.700e+01    1.200e+02    2.511e-02      0.00s        0         
100  1.756e+01    2.259e+09    3.569e+08      1.700e+01    1.200e+02    2.511e-02      26.16s       0         
101  1.738e+01    4.422e+06    1.891e+03      1.700e+01    1.200e+02    2.511e-02      25.55s       0         
102  1.752e+01    2.818e+05    6.519e+03      1.700e+01    1.200e+02    2.511e-02      24.47s       0         
103  1.730e+01    1.204e+05    8.653e+04      1.700e+01    1.200e+02    2.511e-02      29.43s       0         
104  1.745e+01    3.324e+05    7.214e+03      1.700e+01    1.200e+02    2.511e-02      22.27s       0         
105  1.726e+01    3.504e+11    6.772e+05      1.700e+01    1.200e+02    2.511e-02      20.73s       0         
106  1.776e+01    1.265e+12    8.821e+03      1.700e+01    1.200e+02    2.511e-02      19.81s       0         
107  1.732e+01    4.191e+08    1.457e+02      1.700e+01    1.200e+02    2.511e-02      18.47s       0         
108  1.770e+01    4.430e+06    1.906e+03      1.700e+01    1.200e+02    2.511e-02      22.97s       0         
109  1.713e+01    3.189e+05    5.352e+06      1.700e+01    1.200e+02    2.511e-02      17.64s       0         
110  1.770e+01    1.023e+06    2.969e+03      1.700e+01    1.200e+02    2.511e-02      15.85s       0         
111  1.714e+01    2.227e+04    5.530e+02      1.700e+01    1.200e+02    2.511e-02      14.90s       0         
112  1.789e+01    6.427e+05    3.015e+02      1.700e+01    1.200e+02    2.511e-02      13.31s       0         
113  1.727e+01    9.067e+04    2.491e+03      1.700e+01    1.200e+02    2.511e-02      15.55s       0         
114  1.702e+01    1.838e+05    4.319e+04      1.700e+01    1.200e+02    2.511e-02      11.45s       0         
115  1.771e+01    8.790e+04    1.721e+02      1.700e+01    1.200e+02    2.511e-02      9.98s        0         
116  1.812e+01    2.191e+05    2.181e+04      1.700e+01    1.200e+02    2.511e-02      8.77s        0         
117  1.755e+01    3.344e+07    1.852e+04      1.900e+01    2.280e+02    2.495e-02      7.72s        0         
118  1.747e+01    3.482e+09    1.958e+03      1.900e+01    2.280e+02    2.495e-02      8.46s        0         
119  1.757e+01    2.961e+06    1.446e+04      1.900e+01    2.280e+02    2.495e-02      5.50s        0         
120  1.751e+01    3.306e+04    1.982e+03      1.900e+01    1.680e+02    2.369e-02      4.47s        0         
121  1.812e+01    7.740e+05    3.724e+02      1.900e+01    1.680e+02    2.369e-02      3.37s        0         
122  1.813e+01    1.757e+06    1.519e+08      1.900e+01    1.680e+02    2.369e-02      2.26s        0         
123  1.838e+01    2.361e+06    4.641e+06      1.900e+01    1.680e+02    2.369e-02      1.15s        0         
124  1.960e+01    6.593e+06    1.926e+05      1.900e+01    1.680e+02    2.369e-02      0.00s        0         
125  1.941e+01    1.024e+04    4.331e+03      1.900e+01    1.680e+02    2.369e-02      28.65s       0         
126  1.982e+01    9.246e+07    8.998e+03      1.900e+01    1.680e+02    2.249e-02      27.06s       0         
127  1.970e+01    2.512e+07    9.388e+04      1.900e+01    1.680e+02    2.249e-02      27.17s       0         
128  1.929e+01    1.730e+05    8.840e+05      1.900e+01    1.680e+02    2.249e-02      31.28s       0         
129  1.975e+01    3.806e+06    1.036e+03      1.900e+01    1.680e+02    2.249e-02      25.00s       0         
130  1.964e+01    9.690e+07    3.537e+02      1.900e+01    1.680e+02    2.249e-02      22.73s       0         
131  1.938e+01    1.581e+05    2.689e+11      1.900e+01    1.680e+02    2.249e-02      21.89s       0         
132  1.929e+01    3.352e+05    6.295e+03      1.900e+01    1.680e+02    2.249e-02      20.46s       0         
133  1.900e+01    4.231e+06    6.707e+03      1.900e+01    1.680e+02    2.249e-02      23.41s       0         
134  1.948e+01    5.630e+08    3.417e+05      1.900e+01    1.680e+02    2.249e-02      18.08s       0         
135  1.971e+01    3.538e+04    5.759e+03      1.900e+01    1.680e+02    2.249e-02      16.95s       0         
136  1.903e+01    1.732e+04    7.900e+03      1.900e+01    1.680e+02    2.249e-02      15.99s       0         
137  1.937e+01    5.025e+09    8.697e+04      1.900e+01    1.680e+02    2.249e-02      14.37s       0         
138  1.923e+01    6.020e+04    1.620e+02      1.900e+01    1.680e+02    2.249e-02      16.33s       0         
139  1.933e+01    1.224e+04    1.723e+08      1.900e+01    1.680e+02    2.249e-02      12.03s       0         
140  1.923e+01    4.216e+06    5.818e+08      1.900e+01    1.680e+02    2.249e-02      11.29s       0         
141  1.935e+01    6.966e+05    2.069e+03      1.900e+01    1.680e+02    2.249e-02      9.72s        0         
142  1.919e+01    2.156e+03    1.668e+04      1.900e+01    1.680e+02    2.249e-02      8.27s        0         
143  1.922e+01    5.626e+07    2.689e+02      1.900e+01    1.680e+02    2.246e-02      8.95s        0         
144  1.912e+01    6.883e+04    8.229e+03      1.900e+01    1.680e+02    2.246e-02      5.92s        0         
145  1.959e+01    4.226e+07    1.311e+03      1.900e+01    1.680e+02    2.246e-02      4.81s        0         
146  1.968e+01    3.963e+07    2.332e+03      1.900e+01    1.680e+02    2.246e-02      3.63s        0         
147  1.968e+01    5.757e+12    4.795e+04      1.900e+01    1.680e+02    2.246e-02      2.43s        0         
148  1.961e+01    2.383e+07    7.612e+03      1.900e+01    1.680e+02    2.245e-02      1.47s        0         
149  1.914e+01    1.526e+04    5.310e+03      1.900e+01    1.680e+02    2.246e-02      0.00s        0         
150  1.934e+01    1.101e+07    3.146e+03      1.900e+01    1.680e+02    2.246e-02      28.74s       0         
151  1.891e+01    2.727e+08    1.384e+04      1.900e+01    1.680e+02    2.246e-02      27.27s       0         
152  1.817e+01    3.309e+06    1.384e+04      1.900e+01    1.680e+02    2.246e-02      25.44s       0         
153  1.766e+01    4.447e+06    2.783e+02      1.900e+01    1.680e+02    2.246e-02      29.40s       0         
154  1.715e+01    1.753e+09    1.839e+02      1.700e+01    1.400e+02    2.204e-02      22.70s       0         
155  1.711e+01    1.064e+07    7.349e+03      1.700e+01    1.400e+02    2.204e-02      21.10s       0         
156  1.776e+01    3.525e+05    8.031e+03      1.700e+01    1.400e+02    2.204e-02      20.06s       0         
157  1.741e+01    1.184e+05    1.459e+05      1.700e+01    1.400e+02    2.204e-02      19.24s       0         
158  1.746e+01    5.387e+03    1.837e+02      1.700e+01    1.400e+02    2.204e-02      22.56s       0         
159  1.767e+01    6.163e+06    3.611e+04      1.700e+01    1.400e+02    2.200e-02      16.50s       0         
160  1.788e+01    1.100e+08    8.614e+04      1.700e+01    1.400e+02    2.200e-02      15.89s       0         
161  1.762e+01    4.572e+09    5.267e+03      1.700e+01    1.400e+02    2.200e-02      14.63s       0         
162  1.796e+01    1.498e+05    6.736e+01      1.700e+01    1.400e+02    2.200e-02      13.59s       0         
163  1.767e+01    1.705e+07    8.770e+09      1.700e+01    1.400e+02    2.200e-02      15.22s       0         
164  1.730e+01    8.083e+09    2.811e+04      1.900e+01    1.600e+02    2.138e-02      11.38s       0         
165  1.769e+01    9.099e+04    5.253e+03      1.900e+01    1.600e+02    2.138e-02      10.20s       0         
166  1.741e+01    5.719e+04    2.890e+02      1.900e+01    1.600e+02    2.138e-02      9.15s        0         
167  1.780e+01    9.908e+07    2.674e+03      1.900e+01    1.600e+02    2.138e-02      8.47s        0         
168  1.762e+01    9.294e+08    5.006e+03      1.900e+01    1.600e+02    2.138e-02      6.99s        0         
169  1.819e+01    1.989e+06    6.263e+03      1.900e+01    1.600e+02    2.138e-02      7.08s        0         
170  1.814e+01    2.811e+03    1.383e+03      1.900e+01    1.600e+02    2.138e-02      4.40s        0         
171  1.741e+01    2.823e+04    6.119e+03      1.900e+01    1.600e+02    2.138e-02      3.36s        0         
172  1.738e+01    5.331e+05    5.408e+03      1.900e+01    1.600e+02    2.138e-02      2.25s        0         
173  1.757e+01    8.365e+08    8.505e+01      1.700e+01    1.400e+02    2.140e-02      1.10s        0         
174  1.752e+01    5.911e+04    1.210e+14      1.700e+01    1.400e+02    2.140e-02      0.00s        0         
175  1.741e+01    5.776e+06    1.408e+02      1.700e+01    1.400e+02    2.140e-02      27.27s       0         
176  1.750e+01    5.966e+09    1.465e+02      1.700e+01    1.400e+02    2.140e-02      25.58s       0         
177  1.723e+01    1.267e+04    7.594e+03      1.700e+01    1.400e+02    2.139e-02      23.95s       0         
178  1.734e+01    5.200e+04    1.041e+05      1.700e+01    1.400e+02    2.139e-02      23.50s       0         
179  1.773e+01    3.941e+06    9.304e+03      1.700e+01    1.400e+02    2.139e-02      28.11s       0         
180  1.793e+01    4.155e+06    2.400e+08      1.700e+01    1.400e+02    2.139e-02      21.18s       0         
181  1.788e+01    1.140e+07    1.139e+05      1.700e+01    1.400e+02    2.139e-02      20.20s       0         
182  1.748e+01    5.348e+03    3.381e+04      1.700e+01    1.400e+02    2.139e-02      19.18s       0         
183  1.788e+01    1.045e+13    2.694e+05      1.700e+01    1.400e+02    2.139e-02      17.77s       0         
184  1.764e+01    5.687e+07    9.079e+02      1.700e+01    1.400e+02    2.139e-02      16.19s       0         
185  1.798e+01    2.710e+05    8.113e+05      1.700e+01    1.400e+02    2.134e-02      19.61s       0         
186  1.746e+01    1.179e+05    8.654e+01      1.700e+01    1.400e+02    2.134e-02      14.30s       0         
187  1.828e+01    5.328e+05    9.101e+03      1.700e+01    1.400e+02    2.134e-02      13.05s       0         
188  1.762e+01    1.320e+08    1.043e+05      1.700e+01    1.400e+02    2.134e-02      12.25s       0         
189  1.734e+01    2.850e+06    7.996e+02      1.700e+01    1.400e+02    2.134e-02      11.19s       0         
190  1.745e+01    2.651e+05    1.736e+13      1.700e+01    1.400e+02    2.134e-02      12.45s       0         
191  1.723e+01    2.204e+07    1.513e+04      1.700e+01    1.400e+02    2.134e-02      8.83s        0         
192  1.745e+01    2.777e+04    9.691e+03      1.700e+01    1.400e+02    2.134e-02      7.87s        0         
193  1.727e+01    1.871e+06    1.453e+04      1.700e+01    1.400e+02    2.134e-02      6.68s        0         
194  1.787e+01    4.360e+06    3.246e+02      1.700e+01    1.400e+02    2.134e-02      5.47s        0         
195  1.721e+01    9.336e+05    1.707e+02      1.700e+01    1.400e+02    2.134e-02      5.62s        0         
196  1.757e+01    1.080e+09    1.833e+03      1.700e+01    1.400e+02    2.134e-02      3.33s        0         
197  1.770e+01    2.772e+05    1.142e+04      1.700e+01    1.400e+02    2.134e-02      2.22s        0         
198  1.770e+01    6.454e+05    2.267e+03      1.700e+01    1.400e+02    2.134e-02      1.11s        0         
199  1.741e+01    1.715e+03    1.452e+03      1.700e+01    1.400e+02    2.134e-02      0.00s        0         
200  1.771e+01    1.062e+06    2.667e+06      1.700e+01    1.400e+02    2.134e-02      26.31s       0         
201  1.749e+01    3.771e+09    8.678e+03      1.700e+01    1.400e+02    2.134e-02      31.32s       0         
202  1.789e+01    4.904e+07    2.734e+03      1.700e+01    1.400e+02    2.134e-02      24.44s       0         
203  1.766e+01    1.200e+10    1.936e+02      1.700e+01    1.400e+02    2.134e-02      23.82s       0         
204  1.726e+01    9.307e+03    2.822e+03      1.700e+01    1.400e+02    2.134e-02      22.66s       0         
205  1.721e+01    7.122e+04    1.140e+05      1.700e+01    1.400e+02    2.134e-02      20.64s       0         
206  1.727e+01    6.893e+05    3.929e+04      1.700e+01    1.400e+02    2.134e-02      25.09s       0         
207  1.784e+01    1.389e+07    1.182e+04      1.700e+01    1.400e+02    2.134e-02      20.02s       0         
208  1.748e+01    6.336e+06    1.721e+07      1.700e+01    1.400e+02    2.134e-02      17.72s       0         
209  1.756e+01    2.233e+05    1.516e+02      1.700e+01    1.400e+02    2.134e-02      16.80s       0         
210  1.731e+01    1.556e+05    5.356e+02      1.700e+01    1.400e+02    2.134e-02      15.51s       0         
211  1.752e+01    3.460e+07    1.906e+02      1.700e+01    1.400e+02    2.134e-02      18.44s       0         
212  1.722e+01    5.660e+04    1.286e+03      1.700e+01    1.400e+02    2.134e-02      13.02s       0         
213  1.753e+01    1.266e+07    1.836e+05      1.700e+01    1.400e+02    2.134e-02      12.10s       0         
214  1.750e+01    1.162e+05    3.927e+04      1.700e+01    1.400e+02    2.134e-02      10.87s       0         
215  1.741e+01    1.838e+04    7.191e+02      1.700e+01    1.400e+02    2.134e-02      9.77s        0         
216  1.766e+01    4.526e+06    2.670e+04      1.700e+01    1.400e+02    2.134e-02      8.76s        0         
217  1.743e+01    3.269e+08    3.019e+04      1.700e+01    1.400e+02    2.134e-02      9.50s        0         
218  1.765e+01    1.886e+04    2.818e+03      1.700e+01    1.400e+02    2.134e-02      6.59s        0         
219  1.709e+01    4.829e+04    1.657e+05      1.700e+01    1.400e+02    2.131e-02      5.42s        0         
220  1.751e+01    2.631e+04    6.838e+02      1.700e+01    1.400e+02    2.131e-02      4.37s        0         
221  1.775e+01    2.166e+09    5.993e+03      1.700e+01    1.400e+02    2.131e-02      3.30s        0         
222  1.764e+01    1.255e+16    1.131e+04      1.700e+01    1.400e+02    2.131e-02      2.80s        0         
223  1.807e+01    3.558e+06    5.319e+03      1.700e+01    1.400e+02    2.131e-02      1.12s        0         
224  1.729e+01    7.323e+07    7.457e+03      1.700e+01    1.400e+02    2.131e-02      0.00s        0         
225  1.773e+01    4.372e+05    1.065e+04      1.700e+01    1.400e+02    2.131e-02      26.17s       0         
226  1.725e+01    2.921e+09    8.154e+07      1.700e+01    1.400e+02    2.131e-02      24.83s       0         
227  1.763e+01    7.320e+04    2.212e+02      1.700e+01    1.400e+02    2.131e-02      25.39s       0         
228  1.705e+01    1.318e+08    1.386e+04      1.700e+01    1.400e+02    2.131e-02      22.81s       0         
229  1.755e+01    2.267e+07    3.888e+04      1.700e+01    1.400e+02    2.131e-02      21.85s       0         
230  1.723e+01    1.589e+06    5.557e+03      1.700e+01    1.400e+02    2.128e-02      20.50s       0         
231  1.736e+01    5.521e+07    2.864e+04      1.700e+01    1.400e+02    2.128e-02      19.23s       0         
232  1.734e+01    2.335e+04    1.360e+03      1.700e+01    1.400e+02    2.128e-02      18.19s       0         
233  1.782e+01    3.405e+06    2.054e+04      1.700e+01    1.400e+02    2.128e-02      22.13s       0         
234  1.777e+01    3.805e+04    5.603e+03      1.700e+01    1.400e+02    2.128e-02      16.40s       0         
235  1.702e+01    5.516e+04    5.483e+03      1.700e+01    1.400e+02    2.128e-02      15.57s       0         
236  1.770e+01    4.871e+07    2.627e+04      1.700e+01    1.400e+02    2.128e-02      13.99s       0         
237  1.716e+01    3.009e+04    3.406e+02      1.700e+01    1.400e+02    2.128e-02      13.04s       0         
238  1.726e+01    4.463e+03    2.574e+03      1.700e+01    1.400e+02    2.128e-02      14.92s       0         
239  1.761e+01    4.535e+11    6.182e+03      1.700e+01    1.400e+02    2.128e-02      10.75s       0         
240  1.783e+01    2.585e+07    4.038e+04      1.700e+01    1.400e+02    2.128e-02      9.91s        0         
241  1.781e+01    6.028e+05    1.347e+05      1.700e+01    1.400e+02    2.128e-02      8.78s        0         
242  1.748e+01    1.135e+08    1.405e+03      1.700e+01    1.400e+02    2.128e-02      7.85s        0         
243  1.769e+01    4.351e+07    5.521e+02      1.700e+01    1.400e+02    2.128e-02      8.36s        0         
244  1.733e+01    5.813e+08    1.389e+06      1.700e+01    1.400e+02    2.128e-02      5.90s        0         
245  1.782e+01    5.771e+08    1.220e+05      1.700e+01    1.400e+02    2.128e-02      4.48s        0         
246  1.751e+01    7.652e+05    1.533e+04      1.700e+01    1.400e+02    2.128e-02      3.29s        0         
247  1.779e+01    4.256e+10    4.506e+06      1.700e+01    1.400e+02    2.128e-02      2.20s        0         
248  1.738e+01    2.325e+08    4.684e+02      1.700e+01    1.400e+02    2.128e-02      1.39s        0         
249  1.734e+01    5.014e+03    1.900e+06      1.700e+01    1.400e+02    2.128e-02      0.00s        0         
250  1.761e+01    1.588e+03    1.291e+03      1.700e+01    1.400e+02    2.128e-02      26.62s       0         
251  1.728e+01    3.246e+04    1.147e+03      1.700e+01    1.400e+02    2.128e-02      25.06s       0         
252  1.770e+01    6.558e+03    3.493e+04      1.700e+01    1.400e+02    2.128e-02      23.97s       0         
253  1.752e+01    8.522e+06    6.057e+09      1.700e+01    1.400e+02    2.128e-02      23.12s       0         
254  1.796e+01    3.051e+06    2.838e+04      1.700e+01    1.400e+02    2.128e-02      28.07s       0         
255  1.796e+01    2.829e+06    2.652e+03      1.700e+01    1.400e+02    2.128e-02      21.56s       0         
256  1.720e+01    4.129e+05    1.149e+04      1.700e+01    1.400e+02    2.127e-02      19.91s       0         
257  1.778e+01    5.025e+05    1.928e+05      1.700e+01    1.400e+02    2.127e-02      18.60s       0         
258  1.761e+01    5.309e+11    1.266e+02      1.700e+01    1.400e+02    2.127e-02      17.43s       0         
259  1.773e+01    2.664e+10    2.439e+07      1.700e+01    1.400e+02    2.127e-02      20.80s       0         
260  1.770e+01    2.569e+09    1.017e+03      1.700e+01    1.400e+02    2.126e-02      15.67s       0         
261  1.772e+01    1.928e+06    4.870e+03      1.700e+01    1.400e+02    2.126e-02      14.34s       0         
262  1.753e+01    1.403e+07    8.789e+02      1.700e+01    1.400e+02    2.126e-02      13.01s       0         
263  1.743e+01    2.061e+11    4.154e+03      1.700e+01    1.400e+02    2.126e-02      11.83s       0         
264  1.750e+01    3.407e+07    2.219e+03      1.700e+01    1.400e+02    2.126e-02      11.22s       0         
265  1.800e+01    5.478e+08    1.528e+05      1.700e+01    1.400e+02    2.126e-02      12.38s       0         
266  1.817e+01    2.266e+10    1.145e+03      1.700e+01    1.400e+02    2.126e-02      8.73s        0         
267  1.708e+01    6.759e+09    1.656e+03      1.700e+01    1.400e+02    2.126e-02      7.79s        0         
268  1.736e+01    1.129e+06    2.992e+10      1.700e+01    1.400e+02    2.126e-02      6.73s        0         
269  1.795e+01    7.473e+17    2.439e+02      1.700e+01    1.400e+02    2.126e-02      5.60s        0         
270  1.809e+01    6.432e+09    4.659e+03      1.700e+01    1.400e+02    2.126e-02      5.65s        0         
271  1.766e+01    4.107e+10    3.531e+03      1.700e+01    1.400e+02    2.126e-02      3.38s        0         
272  1.734e+01    1.373e+05    2.398e+02      1.700e+01    1.400e+02    2.126e-02      2.25s        0         
273  1.746e+01    1.500e+05    1.705e+02      1.700e+01    1.400e+02    2.126e-02      1.13s        0         
274  1.755e+01    2.593e+07    2.848e+03      1.700e+01    1.400e+02    2.126e-02      0.00s        0         
275  1.760e+01    1.451e+05    9.880e+03      1.700e+01    1.400e+02    2.126e-02      34.09s       0         
276  1.700e+01    5.741e+09    7.750e+02      1.700e+01    1.400e+02    2.126e-02      26.16s       0         
277  1.759e+01    1.428e+07    1.715e+11      1.700e+01    1.400e+02    2.126e-02      24.60s       0         
278  1.723e+01    2.063e+04    3.630e+05      1.700e+01    1.400e+02    2.126e-02      23.84s       0         
279  1.770e+01    1.564e+08    1.200e+03      1.700e+01    1.400e+02    2.126e-02      22.02s       0         
280  1.735e+01    1.450e+04    3.877e+12      1.700e+01    1.400e+02    2.126e-02      21.20s       0         
281  1.713e+01    1.438e+04    2.248e+02      1.700e+01    1.400e+02    2.126e-02      24.90s       0         
282  1.755e+01    1.144e+06    2.762e+07      1.700e+01    1.400e+02    2.126e-02      18.91s       0         
283  1.715e+01    3.782e+07    1.906e+05      1.700e+01    1.400e+02    2.126e-02      18.02s       0         
284  1.737e+01    1.659e+05    7.111e+03      1.700e+01    1.400e+02    2.126e-02      16.68s       0         
285  1.727e+01    1.714e+04    4.237e+03      1.700e+01    1.400e+02    2.126e-02      15.40s       0         
286  1.775e+01    3.590e+07    5.398e+04      1.700e+01    1.400e+02    2.126e-02      18.19s       0         
287  1.808e+01    1.224e+06    1.914e+06      1.700e+01    1.400e+02    2.126e-02      13.68s       0         
288  1.772e+01    1.272e+07    3.630e+05      1.700e+01    1.400e+02    2.126e-02      12.29s       0         
289  1.737e+01    3.050e+04    1.725e+03      1.700e+01    1.400e+02    2.126e-02      11.23s       0         
290  1.799e+01    6.283e+04    1.181e+07      1.700e+01    1.400e+02    2.126e-02      10.13s       0         
291  1.800e+01    9.579e+10    1.380e+04      1.700e+01    1.400e+02    2.126e-02      11.23s       0         
292  1.755e+01    4.166e+05    3.628e+02      1.700e+01    1.400e+02    2.126e-02      7.81s        0         
293  1.736e+01    8.074e+04    2.156e+03      1.700e+01    1.400e+02    2.126e-02      6.68s        0         
294  1.746e+01    2.395e+06    3.278e+02      1.700e+01    1.400e+02    2.126e-02      5.68s        0         
295  1.739e+01    9.666e+08    3.077e+02      1.700e+01    1.400e+02    2.126e-02      4.32s        0         
296  1.756e+01    2.386e+08    6.272e+03      1.700e+01    1.400e+02    2.126e-02      4.20s        0         
297  1.754e+01    3.911e+05    8.383e+01      1.700e+01    1.400e+02    2.126e-02      2.26s        0         
298  1.749e+01    6.688e+04    2.223e+02      1.700e+01    1.400e+02    2.126e-02      1.11s        0         
299  1.720e+01    8.699e+05    2.653e+03      1.700e+01    1.400e+02    2.126e-02      0.00s        0         
300  1.724e+01    2.234e+06    7.543e+04      1.700e+01    1.400e+02    2.126e-02      26.94s       0         
301  1.745e+01    3.587e+08    2.191e+02      1.700e+01    1.400e+02    2.126e-02      24.98s       0         
302  1.771e+01    1.519e+05    1.766e+04      1.700e+01    1.400e+02    2.126e-02      30.48s       0         
303  1.728e+01    4.184e+07    6.933e+06      1.700e+01    1.400e+02    2.126e-02      23.26s       0         
304  1.702e+01    3.325e+04    1.322e+04      1.700e+01    1.400e+02    2.126e-02      22.09s       0         
305  1.752e+01    1.475e+07    3.374e+03      1.700e+01    1.400e+02    2.126e-02      21.17s       0         
306  1.783e+01    2.220e+07    9.276e+07      1.700e+01    1.400e+02    2.126e-02      20.47s       0         
307  1.755e+01    8.261e+16    8.478e+07      1.700e+01    1.400e+02    2.126e-02      23.88s       0         
308  1.733e+01    3.228e+05    4.273e+02      1.700e+01    1.400e+02    2.126e-02      18.45s       0         
309  1.715e+01    3.234e+04    6.951e+06      1.700e+01    1.400e+02    2.125e-02      16.64s       0         
310  1.800e+01    5.442e+06    5.698e+02      1.700e+01    1.400e+02    2.125e-02      15.59s       0         
311  1.751e+01    8.899e+06    3.501e+07      1.700e+01    1.400e+02    2.125e-02      14.51s       0         
312  1.770e+01    9.347e+10    2.413e+04      1.700e+01    1.400e+02    2.125e-02      14.12s       0         
313  1.763e+01    3.036e+05    3.626e+03      1.700e+01    1.400e+02    2.125e-02      12.21s       0         
314  1.722e+01    1.432e+04    2.788e+04      1.700e+01    1.400e+02    2.125e-02      10.88s       0         
315  1.762e+01    9.492e+04    2.043e+02      2.100e+01    7.000e+02    2.125e-02      9.69s        0         
316  1.746e+01    9.982e+09    1.093e+05      1.700e+01    1.400e+02    2.125e-02      8.74s        0         
317  1.813e+01    1.684e+09    1.678e+01      1.700e+01    1.400e+02    2.125e-02      7.58s        0         
318  1.727e+01    2.384e+06    1.784e+02      1.700e+01    1.400e+02    2.125e-02      8.23s        0         
319  1.718e+01    1.134e+11    1.486e+05      1.700e+01    1.400e+02    2.125e-02      5.44s        0         
320  1.780e+01    4.664e+05    6.215e+04      1.700e+01    1.400e+02    2.125e-02      4.36s        0         
321  1.727e+01    1.603e+04    5.417e+02      1.700e+01    1.400e+02    2.125e-02      3.27s        0         
322  1.763e+01    5.088e+05    8.233e+01      1.900e+01    1.680e+02    2.122e-02      2.18s        0         
323  1.762e+01    1.948e+07    3.408e+03      1.700e+01    1.400e+02    2.125e-02      1.42s        0         
324  1.761e+01    4.418e+07    1.676e+05      1.700e+01    1.400e+02    2.125e-02      0.00s        0         
325  1.763e+01    6.764e+04    1.096e+05      1.700e+01    1.400e+02    2.125e-02      28.88s       0         
326  1.718e+01    1.756e+06    9.940e+07      1.700e+01    1.400e+02    2.125e-02      25.71s       0         
327  1.749e+01    1.154e+06    3.062e+05      1.700e+01    1.400e+02    2.125e-02      24.37s       0         
328  1.716e+01    2.107e+05    6.090e+05      1.700e+01    1.400e+02    2.125e-02      23.10s       0         
329  1.699e+01    1.237e+07    1.627e+02      1.700e+01    1.400e+02    2.125e-02      27.46s       0         
330  1.799e+01    9.803e+09    6.445e+03      1.700e+01    1.400e+02    2.125e-02      20.55s       0         
331  1.698e+01    7.267e+07    4.894e+03      1.700e+01    1.400e+02    2.125e-02      19.60s       0         
332  1.743e+01    5.985e+08    1.382e+05      1.700e+01    1.400e+02    2.125e-02      18.43s       0         
333  1.751e+01    6.036e+09    3.279e+03      1.700e+01    1.400e+02    2.125e-02      17.43s       0         
334  1.752e+01    1.094e+07    3.637e+04      1.700e+01    1.400e+02    2.125e-02      20.56s       0         
335  1.741e+01    4.162e+04    1.368e+08      1.700e+01    1.400e+02    2.125e-02      15.50s       0         
336  1.719e+01    3.470e+11    1.258e+02      1.700e+01    1.400e+02    2.125e-02      14.13s       0         
337  1.738e+01    7.332e+05    1.190e+03      1.700e+01    1.400e+02    2.125e-02      13.25s       0         
338  1.757e+01    1.326e+05    2.459e+05      1.700e+01    1.400e+02    2.125e-02      12.00s       0         
339  1.796e+01    4.804e+11    4.873e+03      1.700e+01    1.400e+02    2.125e-02      13.98s       0         
340  1.762e+01    9.649e+06    4.377e+02      1.700e+01    1.400e+02    2.125e-02      10.43s       0         
341  1.759e+01    4.062e+10    3.243e+02      1.700e+01    1.400e+02    2.125e-02      8.77s        0         
342  1.730e+01    4.527e+03    6.742e+04      1.700e+01    1.400e+02    2.125e-02      7.64s        0         
343  1.753e+01    9.030e+08    9.521e+03      1.700e+01    1.400e+02    2.125e-02      6.62s        0         
344  1.788e+01    1.250e+04    8.217e+03      1.700e+01    1.400e+02    2.125e-02      5.52s        0         
345  1.744e+01    1.526e+06    1.210e+04      1.700e+01    1.400e+02    2.125e-02      5.49s        0         
346  1.761e+01    1.045e+09    9.562e+02      1.700e+01    1.400e+02    2.125e-02      3.23s        0         
347  1.723e+01    1.443e+04    3.010e+02      1.700e+01    1.400e+02    2.125e-02      2.21s        0         
348  1.757e+01    1.048e+05    8.125e+02      1.700e+01    1.400e+02    2.125e-02      1.11s        0         
349  1.818e+01    8.056e+07    5.437e+04      1.700e+01    1.400e+02    2.125e-02      0.00s        0         
350  1.771e+01    1.476e+05    7.325e+03      1.700e+01    1.400e+02    2.125e-02      33.73s       0         
351  1.708e+01    6.312e+05    1.461e+04      1.700e+01    1.400e+02    2.125e-02      26.85s       0         
352  1.759e+01    2.993e+04    3.304e+02      1.700e+01    1.400e+02    2.125e-02      24.69s       0         
353  1.713e+01    5.374e+03    1.125e+05      1.700e+01    1.400e+02    2.125e-02      23.34s       0         
354  1.731e+01    8.032e+05    5.894e+03      1.700e+01    1.400e+02    2.125e-02      22.17s       0         
355  1.729e+01    1.794e+04    2.723e+03      1.700e+01    1.400e+02    2.125e-02      20.29s       0         
356  1.795e+01    2.254e+06    5.176e+03      1.700e+01    1.400e+02    2.125e-02      24.41s       0         
357  1.735e+01    8.670e+05    2.531e+02      1.700e+01    1.400e+02    2.125e-02      18.73s       0         
358  1.785e+01    8.157e+04    9.691e+05      1.700e+01    1.400e+02    2.125e-02      17.53s       0         
359  1.747e+01    3.374e+06    5.570e+04      1.700e+01    1.400e+02    2.125e-02      16.88s       0         
360  1.755e+01    3.901e+08    4.747e+08      1.700e+01    1.400e+02    2.125e-02      15.48s       0         
361  1.755e+01    2.955e+08    1.151e+11      1.700e+01    1.400e+02    2.125e-02      17.96s       0         
362  1.765e+01    2.305e+07    1.219e+04      1.700e+01    1.400e+02    2.125e-02      13.98s       0         
363  1.752e+01    8.909e+05    2.948e+03      1.700e+01    1.400e+02    2.125e-02      12.56s       0         
364  1.786e+01    2.747e+06    1.487e+03      1.700e+01    1.400e+02    2.125e-02      11.47s       0         
365  1.769e+01    1.358e+11    2.020e+04      1.700e+01    1.400e+02    2.122e-02      9.81s        0         
366  1.776e+01    1.922e+05    5.148e+02      1.700e+01    1.400e+02    2.122e-02      8.62s        0         
367  1.739e+01    2.689e+12    1.166e+03      1.700e+01    1.400e+02    2.122e-02      9.89s        0         
368  1.723e+01    3.148e+03    1.246e+02      1.700e+01    1.400e+02    2.122e-02      6.55s        0         
369  1.756e+01    5.686e+06    2.081e+04      1.700e+01    1.400e+02    2.122e-02      5.49s        0         
370  1.750e+01    2.230e+04    1.383e+03      1.700e+01    1.400e+02    2.122e-02      4.31s        0         
371  1.716e+01    2.762e+03    9.742e+03      1.700e+01    1.400e+02    2.122e-02      3.18s        0         
372  1.726e+01    3.288e+08    1.355e+03      1.700e+01    1.400e+02    2.122e-02      2.85s        0         
373  1.785e+01    1.528e+05    2.746e+04      1.700e+01    1.400e+02    2.122e-02      1.15s        0         
374  1.786e+01    2.254e+13    1.339e+04      1.700e+01    1.400e+02    2.122e-02      0.00s        0         
375  1.799e+01    1.280e+11    3.235e+03      1.700e+01    1.400e+02    2.122e-02      26.91s       0         
376  1.793e+01    7.924e+07    1.063e+03      1.700e+01    1.400e+02    2.122e-02      25.29s       0         
377  1.723e+01    2.631e+06    1.348e+07      1.700e+01    1.400e+02    2.122e-02      30.55s       0         
378  1.762e+01    2.377e+12    2.370e+06      1.700e+01    1.400e+02    2.122e-02      23.32s       0         
379  1.732e+01    2.109e+06    1.399e+03      1.700e+01    1.400e+02    2.122e-02      21.93s       0         
380  1.762e+01    8.313e+06    9.114e+04      1.700e+01    1.400e+02    2.122e-02      20.78s       0         
381  1.788e+01    1.114e+05    8.255e+03      1.700e+01    1.400e+02    2.122e-02      19.72s       0         
382  1.772e+01    1.035e+08    9.748e+03      1.700e+01    1.400e+02    2.122e-02      18.57s       0         
383  1.764e+01    2.036e+11    1.746e+02      1.700e+01    1.400e+02    2.122e-02      22.83s       0         
384  1.776e+01    8.443e+04    4.832e+02      1.700e+01    1.400e+02    2.122e-02      16.91s       0         
385  1.729e+01    7.897e+05    1.464e+04      1.700e+01    1.400e+02    2.122e-02      15.23s       0         
386  1.759e+01    1.029e+06    1.112e+03      1.700e+01    1.400e+02    2.122e-02      14.18s       0         
387  1.730e+01    8.627e+04    4.522e+03      1.700e+01    1.400e+02    2.122e-02      13.05s       0         
388  1.786e+01    1.199e+07    2.562e+04      1.700e+01    1.400e+02    2.122e-02      15.90s       0         
389  1.793e+01    1.567e+06    1.860e+04      1.700e+01    1.400e+02    2.122e-02      12.00s       0         
390  1.777e+01    8.221e+07    5.678e+03      1.700e+01    1.400e+02    2.122e-02      10.49s       0         
391  1.770e+01    4.414e+05    1.031e+03      1.700e+01    1.400e+02    2.122e-02      9.28s        0         
392  1.795e+01    6.608e+11    1.256e+04      1.700e+01    1.400e+02    2.122e-02      8.01s        0         
393  1.703e+01    1.495e+05    8.948e+03      1.700e+01    1.400e+02    2.122e-02      8.34s        0         
394  1.778e+01    8.150e+07    3.829e+03      1.700e+01    1.400e+02    2.122e-02      5.56s        0         
395  1.751e+01    5.042e+03    3.487e+03      1.700e+01    1.400e+02    2.122e-02      4.54s        0         
396  1.748e+01    6.408e+04    2.950e+03      1.700e+01    1.400e+02    2.122e-02      3.28s        0         
397  1.761e+01    3.990e+04    5.115e+02      1.700e+01    1.400e+02    2.122e-02      2.23s        0         
398  1.740e+01    1.402e+07    1.910e+07      1.700e+01    1.400e+02    2.122e-02      1.15s        0         
399  1.759e+01    3.394e+11    4.029e+02      1.700e+01    1.400e+02    2.122e-02      0.00s        0         
400  1.789e+01    3.478e+04    4.087e+03      1.700e+01    1.400e+02    2.122e-02      27.02s       0         
401  1.752e+01    4.545e+05    7.353e+05      1.700e+01    1.400e+02    2.122e-02      25.57s       0         
402  1.790e+01    9.526e+08    6.176e+02      1.700e+01    1.400e+02    2.122e-02      25.36s       0         
403  1.773e+01    5.195e+06    1.139e+02      1.700e+01    1.400e+02    2.122e-02      23.42s       0         
404  1.741e+01    4.582e+05    5.764e+03      1.700e+01    1.400e+02    2.122e-02      27.55s       0         
405  1.803e+01    3.205e+09    1.133e+03      1.700e+01    1.400e+02    2.122e-02      21.75s       0         
406  1.766e+01    2.866e+12    4.798e+02      1.700e+01    1.400e+02    2.122e-02      20.47s       0         
407  1.742e+01    1.433e+08    5.014e+03      1.700e+01    1.400e+02    2.121e-02      19.42s       0         
408  1.783e+01    2.827e+12    1.731e+03      1.700e+01    1.400e+02    2.121e-02      17.94s       0         
409  1.759e+01    2.460e+05    4.242e+05      1.700e+01    1.400e+02    2.121e-02      21.15s       0         
410  1.775e+01    3.057e+08    1.403e+04      1.700e+01    1.400e+02    2.121e-02      16.05s       0         
411  1.772e+01    5.980e+09    6.806e+04      1.700e+01    1.400e+02    2.121e-02      14.45s       0         
412  1.759e+01    4.320e+14    7.106e+02      1.700e+01    1.400e+02    2.121e-02      13.54s       0         
413  1.757e+01    1.774e+07    2.403e+03      1.700e+01    1.400e+02    2.121e-02      12.63s       0         
414  1.794e+01    6.608e+08    1.093e+04      1.700e+01    1.400e+02    2.121e-02      13.90s       0         
415  1.829e+01    1.465e+16    2.560e+04      1.700e+01    1.400e+02    2.121e-02      9.87s        0         
416  1.732e+01    1.220e+06    2.448e+03      1.700e+01    1.400e+02    2.121e-02      8.66s        0         
417  1.767e+01    1.471e+06    9.766e+02      1.700e+01    1.400e+02    2.121e-02      7.61s        0         
418  1.809e+01    8.072e+05    1.240e+04      1.700e+01    1.400e+02    2.121e-02      6.71s        0         
419  1.740e+01    5.884e+05    3.313e+03      1.700e+01    1.400e+02    2.121e-02      7.06s        0         
420  1.745e+01    1.758e+13    2.095e+02      1.700e+01    1.400e+02    2.121e-02      4.47s        0         
421  1.775e+01    3.943e+06    9.984e+04      1.700e+01    1.400e+02    2.121e-02      3.42s        0         
422  1.805e+01    1.122e+07    8.827e+03      1.700e+01    1.400e+02    2.121e-02      2.24s        0         
423  1.756e+01    1.046e+05    2.753e+04      1.700e+01    1.400e+02    2.121e-02      1.12s        0         
424  1.782e+01    1.139e+08    3.335e+03      1.700e+01    1.400e+02    2.121e-02      0.00s        0         
425  1.778e+01    5.113e+06    7.547e+03      1.700e+01    1.400e+02    2.121e-02      27.39s       0         
426  1.743e+01    1.041e+08    2.950e+03      1.700e+01    1.400e+02    2.121e-02      25.05s       0         
427  1.741e+01    9.703e+05    2.383e+08      1.700e+01    1.400e+02    2.121e-02      23.90s       0         
428  1.778e+01    1.025e+10    5.172e+06      1.700e+01    1.400e+02    2.121e-02      22.94s       0         
429  1.739e+01    5.246e+04    1.265e+03      1.700e+01    1.400e+02    2.121e-02      22.55s       0         
430  1.747e+01    2.544e+05    3.058e+03      1.700e+01    1.400e+02    2.121e-02      27.44s       0         
431  1.731e+01    1.449e+04    1.257e+02      1.700e+01    1.400e+02    2.121e-02      20.54s       0         
432  1.714e+01    1.990e+04    3.392e+02      1.700e+01    1.400e+02    2.119e-02      18.78s       0         
433  1.741e+01    2.385e+11    1.933e+05      1.700e+01    1.400e+02    2.119e-02      18.23s       0         
434  1.752e+01    4.656e+06    2.468e+02      1.700e+01    1.400e+02    2.119e-02      16.66s       0         
435  1.775e+01    1.560e+10    2.965e+03      1.700e+01    1.400e+02    2.119e-02      19.76s       0         
436  1.766e+01    8.471e+12    8.575e+03      1.700e+01    1.400e+02    2.119e-02      14.58s       0         
437  1.765e+01    1.707e+13    3.524e+04      1.700e+01    1.400e+02    2.119e-02      13.32s       0         
438  1.732e+01    8.910e+08    2.461e+03      1.700e+01    1.400e+02    2.119e-02      12.37s       0         
439  1.739e+01    9.651e+04    2.252e+03      1.700e+01    1.400e+02    2.119e-02      11.10s       0         
440  1.773e+01    7.483e+10    4.916e+03      1.700e+01    1.400e+02    2.119e-02      10.15s       0         
441  1.768e+01    4.450e+13    3.253e+02      1.700e+01    1.400e+02    2.119e-02      11.50s       0         
442  1.745e+01    2.760e+04    4.477e+03      1.700e+01    1.400e+02    2.119e-02      7.68s        0         
443  1.770e+01    8.628e+03    5.364e+03      1.700e+01    1.400e+02    2.119e-02      6.84s        0         
444  1.713e+01    1.425e+05    6.967e+04      1.700e+01    1.400e+02    2.119e-02      5.62s        0         
445  1.735e+01    1.786e+15    6.094e+04      1.700e+01    1.400e+02    2.119e-02      4.52s        0         
446  1.731e+01    2.480e+07    1.678e+03      1.700e+01    1.400e+02    2.119e-02      4.34s        0         
447  1.742e+01    2.389e+09    7.650e+09      1.700e+01    1.400e+02    2.119e-02      2.25s        0         
448  1.774e+01    5.662e+08    3.337e+04      1.700e+01    1.400e+02    2.119e-02      1.13s        0         
449  1.754e+01    8.861e+04    2.993e+06      1.700e+01    1.400e+02    2.119e-02      0.00s        0         
450  1.757e+01    1.810e+09    2.399e+03      1.700e+01    1.400e+02    2.119e-02      27.47s       0         
451  1.762e+01    2.909e+09    2.445e+05      1.700e+01    1.400e+02    2.119e-02      33.26s       0         
452  1.770e+01    3.703e+09    4.296e+06      1.700e+01    1.400e+02    2.119e-02      24.93s       0         
453  1.714e+01    3.875e+06    2.093e+03      1.700e+01    1.400e+02    2.119e-02      22.98s       0         
454  1.718e+01    2.435e+05    1.017e+04      1.700e+01    1.400e+02    2.119e-02      22.32s       0         
455  1.768e+01    9.974e+06    9.816e+04      1.700e+01    1.400e+02    2.119e-02      20.95s       0         
456  1.739e+01    1.833e+04    2.731e+05      1.700e+01    1.400e+02    2.119e-02      24.90s       0         
457  1.748e+01    1.272e+07    6.813e+06      1.700e+01    1.400e+02    2.119e-02      19.19s       0         
458  1.779e+01    1.850e+06    1.662e+04      1.700e+01    1.400e+02    2.119e-02      17.65s       0         
459  1.752e+01    1.444e+06    1.510e+03      1.700e+01    1.400e+02    2.119e-02      16.42s       0         
460  1.741e+01    1.009e+07    3.583e+06      1.700e+01    1.400e+02    2.119e-02      15.54s       0         
461  1.773e+01    8.070e+04    3.991e+05      1.700e+01    1.400e+02    2.119e-02      14.67s       0         
462  1.756e+01    5.144e+05    5.552e+06      1.700e+01    1.400e+02    2.119e-02      17.23s       0         
463  1.719e+01    2.196e+05    6.324e+03      1.700e+01    1.400e+02    2.119e-02      12.72s       0         
464  1.736e+01    1.045e+06    2.668e+03      1.700e+01    1.400e+02    2.119e-02      11.37s       0         
465  1.747e+01    9.598e+05    1.069e+04      1.700e+01    1.400e+02    2.119e-02      9.76s        0         
466  1.772e+01    3.142e+05    9.732e+03      1.700e+01    1.400e+02    2.119e-02      8.70s        0         
467  1.711e+01    1.392e+05    9.718e+03      1.700e+01    1.400e+02    2.119e-02      10.18s       0         
468  1.775e+01    2.629e+11    1.042e+07      1.700e+01    1.400e+02    2.119e-02      7.07s        0         
469  1.773e+01    6.212e+04    5.246e+05      1.700e+01    1.400e+02    2.119e-02      5.81s        0         
470  1.720e+01    3.076e+09    1.762e+02      1.700e+01    1.400e+02    2.119e-02      4.38s        0         
471  1.738e+01    2.668e+04    5.067e+03      1.700e+01    1.400e+02    2.119e-02      3.30s        0         
472  1.771e+01    6.945e+11    3.618e+02      1.700e+01    1.400e+02    2.119e-02      2.81s        0         
473  1.725e+01    1.098e+06    6.738e+06      1.700e+01    1.400e+02    2.118e-02      1.11s        0         
474  1.767e+01    5.754e+04    2.518e+07      1.700e+01    1.400e+02    2.118e-02      0.00s        0         
475  1.764e+01    5.141e+05    3.407e+06      1.700e+01    1.400e+02    2.118e-02      26.60s       0         
476  1.814e+01    1.925e+06    1.152e+04      1.700e+01    1.400e+02    2.118e-02      25.29s       0         
477  1.759e+01    2.694e+04    4.444e+04      1.700e+01    1.400e+02    2.118e-02      24.66s       0         
478  1.768e+01    3.009e+14    4.299e+03      1.700e+01    1.400e+02    2.118e-02      28.88s       0         
479  1.744e+01    2.026e+07    1.752e+04      1.700e+01    1.400e+02    2.118e-02      21.66s       0         
480  1.753e+01    4.099e+08    1.124e+03      1.700e+01    1.400e+02    2.118e-02      20.95s       0         
481  1.739e+01    1.577e+05    9.526e+01      1.700e+01    1.400e+02    2.118e-02      19.92s       0         
482  1.726e+01    2.933e+09    3.020e+07      1.700e+01    1.400e+02    2.118e-02      18.65s       0         
483  1.757e+01    7.074e+03    2.246e+06      1.700e+01    1.400e+02    2.118e-02      23.74s       0         
484  1.776e+01    6.209e+07    1.685e+03      1.700e+01    1.400e+02    2.118e-02      17.44s       0         
485  1.758e+01    9.316e+07    8.835e+03      1.700e+01    1.400e+02    2.118e-02      15.84s       0         
486  1.732e+01    2.024e+13    4.128e+03      1.700e+01    1.400e+02    2.118e-02      14.53s       0         
487  1.771e+01    1.406e+04    1.465e+02      1.700e+01    1.400e+02    2.118e-02      13.47s       0         
488  1.758e+01    1.403e+08    1.610e+03      1.700e+01    1.400e+02    2.118e-02      15.91s       0         
489  1.741e+01    5.521e+06    2.899e+06      1.700e+01    1.400e+02    2.118e-02      11.06s       0         
490  1.732e+01    8.284e+06    5.313e+03      1.700e+01    1.400e+02    2.118e-02      9.92s        0         
491  1.766e+01    5.094e+08    3.238e+03      1.700e+01    1.400e+02    2.118e-02      8.91s        0         
492  1.802e+01    8.559e+11    6.742e+05      1.700e+01    1.400e+02    2.118e-02      7.75s        0         
493  1.769e+01    1.755e+07    3.745e+03      1.700e+01    1.400e+02    2.118e-02      6.74s        0         
494  1.792e+01    3.659e+07    1.052e+04      1.700e+01    1.400e+02    2.118e-02      7.28s        0         
495  1.745e+01    7.505e+03    1.672e+02      1.700e+01    1.400e+02    2.118e-02      4.46s        0         
496  1.689e+01    5.911e+03    2.217e+02      1.700e+01    1.400e+02    2.118e-02      3.25s        0         
497  1.737e+01    2.059e+07    3.797e+05      1.700e+01    1.400e+02    2.118e-02      2.24s        0         
498  1.810e+01    8.430e+04    2.781e+03      1.700e+01    1.400e+02    2.118e-02      1.14s        0         
499  1.788e+01    1.795e+06    1.364e+05      1.700e+01    1.400e+02    2.118e-02      0.00s        0         





Time: 0h:9m:42s
####   Data for the best program   ####
Best Program: div(add(add(X1, 1.166), mul(0.225, X0)), add(add(1.730, div(X2, 0.914)), mul(X1, 0.846)))
Best Program Complexity: 17
Raw Fitness: 0.021179537059224776
Penalized Fitness: 0.021859537059224776
Estimator		Train-rmse: 0.021179537059224776	Test-rmse: 0.0222864581035119	Test-R^2: 0.9481303163318708

{'complexity': 'length', 'const_range': (1e-10, 2.0), 'elitism_size': 1, 'function_set': ('add', 'sub', 'div', 'mul'), 'generations': 500, 'init_depth': (3, 6), 'init_method': 'half and half', 'low_memory': True, 'max_samples': 1.0, 'metric': 'rmse', 'n_jobs': 2, 'p_crossover': 0.0, 'p_hoist_mutation': 0.0, 'p_point_mutation': 0.5, 'p_point_replace': 0.05, 'p_subtree_mutation': 0.5, 'paretogp': False, 'paretogp_lengths': (5, 130), 'parsimony_coefficient': 4e-05, 'population_size': 800, 'random_state': 1682807055, 'selection': 'tournament', 'stopping_criteria': 1e-10, 'tournament_size': 11, 'verbose': 1, 'warm_start': True}
