    |          Population Average          |           Best Individual            |
---- -------------------------------------- -------------------------------------- ----------
Gen  Length       Kommenda     Fitness        Length       Kommenda     Fitness        Time Left    Front Size
0    3.772e+01    2.612e+15    1.209e+11      1.500e+01    1.079e+03    1.186e-01      10.91s       2         
1    1.077e+01    1.328e+07    7.892e+03      1.900e+01    3.650e+02    9.070e-02      18.36s       5         
2    1.291e+01    1.746e+07    2.140e+03      1.900e+01    3.650e+02    8.489e-02      17.85s       5         
3    1.318e+01    4.730e+05    4.757e+03      2.500e+01    1.945e+04    7.641e-02      17.67s       4         
4    1.384e+01    1.783e+05    1.133e+03      1.100e+01    2.700e+01    5.857e-02      17.36s       3         
5    1.073e+01    2.051e+11    1.769e+05      1.100e+01    2.700e+01    4.936e-02      16.80s       2         
6    9.797e+00    2.376e+05    1.202e+03      1.300e+01    2.900e+01    4.299e-02      14.90s       3         
7    1.063e+01    1.308e+04    2.920e+03      1.500e+01    3.100e+01    4.125e-02      14.68s       4         
8    1.187e+01    7.771e+04    9.901e+03      1.500e+01    3.500e+01    4.124e-02      16.12s       4         
9    1.180e+01    1.530e+08    3.508e+06      1.500e+01    3.500e+01    4.124e-02      12.83s       4         
10   1.200e+01    8.114e+02    1.699e+03      1.500e+01    3.500e+01    4.124e-02      12.67s       4         
11   1.179e+01    1.822e+02    1.364e+02      1.700e+01    4.300e+01    4.077e-02      11.68s       5         
12   1.275e+01    6.645e+02    2.199e+07      1.500e+01    4.100e+01    3.977e-02      10.88s       4         
13   1.215e+01    1.727e+05    2.939e+02      1.500e+01    4.100e+01    3.461e-02      11.56s       4         
14   1.174e+01    1.168e+02    4.691e+03      1.500e+01    4.500e+01    2.654e-02      9.09s        5         
15   1.163e+01    2.781e+11    1.205e+03      1.500e+01    4.500e+01    2.654e-02      7.76s        5         
16   1.171e+01    7.853e+02    2.413e+06      1.500e+01    4.500e+01    2.654e-02      7.00s        5         
17   1.166e+01    1.528e+03    3.991e+04      1.500e+01    4.500e+01    2.654e-02      6.15s        5         
18   1.175e+01    2.738e+04    1.891e+01      1.500e+01    4.500e+01    2.654e-02      6.47s        4         
19   1.120e+01    8.764e+01    1.502e+03      1.500e+01    4.500e+01    2.654e-02      4.52s        4         
20   1.122e+01    3.814e+02    4.164e+04      1.500e+01    4.500e+01    2.654e-02      3.47s        4         
21   1.140e+01    5.288e+02    7.747e+10      1.500e+01    4.500e+01    2.654e-02      2.58s        4         
22   1.156e+01    1.004e+02    1.017e+03      1.500e+01    4.500e+01    2.654e-02      1.79s        4         
23   1.139e+01    1.500e+04    1.066e+05      1.500e+01    4.500e+01    2.654e-02      1.01s        4         
24   1.161e+01    6.913e+06    1.057e+03      1.500e+01    4.500e+01    2.654e-02      0.00s        4         
25   1.101e+01    7.575e+01    9.683e+00      1.500e+01    4.500e+01    2.654e-02      20.49s       3         
26   1.101e+01    3.757e+02    1.718e+03      1.500e+01    4.500e+01    2.654e-02      19.47s       3         
27   1.134e+01    2.656e+02    6.982e+03      1.500e+01    3.300e+01    2.361e-02      18.49s       3         
28   1.157e+01    2.223e+06    2.690e+03      1.500e+01    3.300e+01    2.361e-02      17.79s       3         
29   1.111e+01    6.411e+02    2.408e+08      1.500e+01    3.300e+01    2.361e-02      19.64s       3         
30   1.090e+01    1.662e+02    7.764e+00      1.500e+01    3.300e+01    2.361e-02      16.67s       3         
31   1.128e+01    2.044e+02    2.536e+02      1.500e+01    3.300e+01    2.361e-02      15.48s       3         
32   1.101e+01    3.789e+02    7.292e+02      1.500e+01    3.300e+01    2.361e-02      14.59s       3         
33   1.134e+01    1.113e+04    2.648e+03      1.500e+01    3.300e+01    2.361e-02      13.64s       3         
34   1.123e+01    8.822e+05    1.368e+02      1.500e+01    3.300e+01    2.361e-02      15.34s       3         
35   1.091e+01    3.631e+02    2.148e+00      1.500e+01    3.300e+01    2.361e-02      12.01s       3         
36   1.122e+01    1.251e+03    2.496e+01      1.500e+01    3.300e+01    2.361e-02      11.15s       3         
37   1.113e+01    1.121e+03    7.247e+03      1.500e+01    3.300e+01    2.354e-02      10.34s       3         
38   1.139e+01    4.400e+02    6.665e+02      1.500e+01    3.300e+01    2.354e-02      9.31s        3         
39   1.098e+01    5.230e+01    3.065e+01      1.500e+01    3.300e+01    2.354e-02      9.96s        3         
40   1.092e+01    3.249e+04    1.900e+02      1.500e+01    3.300e+01    2.314e-02      7.84s        3         
41   1.062e+01    2.714e+04    1.633e+02      1.500e+01    3.300e+01    2.314e-02      6.86s        3         
42   1.142e+01    4.344e+05    4.582e+02      1.500e+01    3.300e+01    2.314e-02      6.11s        3         
43   1.070e+01    1.306e+03    1.015e+04      1.500e+01    3.300e+01    2.314e-02      5.13s        3         
44   1.091e+01    5.130e+01    8.324e+00      1.500e+01    3.300e+01    2.314e-02      5.06s        3         
45   1.146e+01    8.276e+11    1.143e+01      1.500e+01    3.300e+01    2.314e-02      3.53s        3         
46   1.159e+01    2.245e+04    3.844e+02      1.500e+01    3.300e+01    2.314e-02      2.69s        4         
47   1.098e+01    6.370e+01    1.372e+02      1.500e+01    3.300e+01    2.314e-02      1.73s        4         
48   1.122e+01    7.859e+03    3.885e+02      1.500e+01    3.300e+01    2.314e-02      0.86s        4         
49   1.087e+01    6.342e+01    1.686e+04      1.500e+01    3.300e+01    2.314e-02      0.00s        4         
50   1.066e+01    1.158e+04    5.148e+02      1.500e+01    3.300e+01    2.314e-02      21.51s       4         
51   1.096e+01    5.166e+04    2.759e+04      1.500e+01    3.300e+01    2.314e-02      19.39s       4         
52   1.143e+01    4.722e+05    1.903e+02      1.500e+01    3.300e+01    2.314e-02      18.65s       4         
53   1.143e+01    2.058e+03    4.548e+07      1.500e+01    3.300e+01    2.314e-02      17.59s       4         
54   1.142e+01    3.719e+02    1.415e+08      1.500e+01    3.300e+01    2.314e-02      17.29s       4         
55   1.139e+01    6.997e+01    5.623e+02      1.500e+01    3.300e+01    2.314e-02      16.44s       4         
56   1.092e+01    6.710e+01    5.437e+00      1.500e+01    3.300e+01    2.314e-02      15.48s       4         
57   1.110e+01    6.283e+01    1.965e+01      1.500e+01    3.300e+01    2.314e-02      14.34s       4         
58   1.145e+01    5.336e+02    3.301e+00      1.500e+01    3.300e+01    2.314e-02      13.65s       4         
59   1.127e+01    4.384e+05    8.475e+00      1.500e+01    3.300e+01    2.314e-02      15.29s       4         
60   1.128e+01    8.306e+09    2.042e+01      1.500e+01    3.300e+01    2.269e-02      12.25s       4         
61   1.109e+01    2.725e+03    1.469e+05      1.500e+01    3.300e+01    2.269e-02      11.59s       4         
62   1.121e+01    4.232e+08    4.332e+01      1.500e+01    3.300e+01    2.269e-02      10.16s       4         
63   1.133e+01    5.760e+02    9.301e+04      1.500e+01    3.300e+01    2.269e-02      9.31s        4         
64   1.131e+01    5.206e+04    1.920e+02      1.500e+01    3.300e+01    2.269e-02      8.46s        4         
65   1.090e+01    8.848e+02    4.563e+02      1.500e+01    3.300e+01    2.269e-02      8.63s        4         
66   1.104e+01    2.078e+03    1.957e+05      1.500e+01    3.300e+01    2.269e-02      6.85s        4         
67   1.131e+01    7.190e+03    2.055e+05      1.500e+01    3.300e+01    2.269e-02      5.99s        4         
68   1.114e+01    4.916e+02    4.001e+02      1.500e+01    3.300e+01    2.269e-02      5.03s        4         
69   1.119e+01    3.272e+03    7.162e+02      1.500e+01    3.300e+01    2.269e-02      3.98s        4         
70   1.131e+01    2.212e+03    5.113e+04      1.500e+01    3.300e+01    2.269e-02      3.99s        4         
71   1.154e+01    3.189e+03    1.003e+03      1.500e+01    3.300e+01    2.269e-02      2.58s        4         
72   1.104e+01    1.173e+02    3.424e+02      1.500e+01    3.300e+01    2.269e-02      1.68s        4         
73   1.129e+01    2.511e+03    1.938e+03      1.500e+01    3.300e+01    2.269e-02      0.82s        4         
74   1.146e+01    1.038e+02    1.296e+03      1.500e+01    3.300e+01    2.269e-02      0.00s        4         
75   1.165e+01    3.181e+03    8.034e+02      1.500e+01    3.300e+01    2.269e-02      25.15s       4         
76   1.120e+01    3.433e+02    8.832e+01      1.500e+01    3.300e+01    2.269e-02      19.85s       4         
77   1.123e+01    7.352e+02    7.681e+02      1.500e+01    3.300e+01    2.269e-02      18.29s       4         
78   1.131e+01    7.818e+04    9.295e+01      1.500e+01    3.300e+01    2.269e-02      18.30s       4         
79   1.085e+01    1.456e+03    1.360e+02      1.500e+01    3.300e+01    2.269e-02      17.16s       4         
80   1.122e+01    2.561e+03    6.821e+02      1.500e+01    3.300e+01    2.269e-02      19.24s       4         
81   1.109e+01    6.392e+02    1.540e+05      1.500e+01    3.300e+01    2.269e-02      15.94s       4         
82   1.111e+01    8.690e+05    1.147e+10      1.500e+01    3.300e+01    2.269e-02      14.70s       4         
83   1.143e+01    3.765e+06    7.655e+01      1.500e+01    3.300e+01    2.269e-02      13.92s       4         
84   1.132e+01    5.044e+02    3.512e+03      1.500e+01    3.300e+01    2.269e-02      13.02s       4         
85   1.142e+01    9.189e+05    1.324e+02      1.500e+01    3.300e+01    2.269e-02      14.49s       4         
86   1.090e+01    2.586e+04    7.403e+02      1.500e+01    3.300e+01    2.269e-02      11.65s       4         
87   1.091e+01    1.338e+02    3.928e+01      1.500e+01    3.300e+01    2.269e-02      10.74s       4         
88   1.126e+01    2.500e+02    1.155e+02      1.500e+01    3.300e+01    2.269e-02      9.70s        4         
89   1.093e+01    8.671e+02    7.126e+01      1.500e+01    3.300e+01    2.269e-02      8.75s        4         
90   1.113e+01    5.211e+03    1.539e+05      1.500e+01    3.300e+01    2.269e-02      9.17s        4         
91   1.092e+01    5.680e+04    9.389e+02      1.500e+01    3.300e+01    2.269e-02      7.22s        4         
92   1.138e+01    1.386e+07    9.915e+01      1.500e+01    3.300e+01    2.269e-02      5.84s        4         
93   1.103e+01    6.790e+05    1.943e+01      1.500e+01    3.300e+01    2.269e-02      5.22s        4         
94   1.083e+01    3.121e+03    2.734e+01      1.500e+01    3.300e+01    2.269e-02      4.23s        4         
95   1.097e+01    2.759e+02    1.872e+02      1.500e+01    3.300e+01    2.269e-02      3.47s        4         
96   1.061e+01    7.428e+02    8.833e+00      1.500e+01    3.300e+01    2.269e-02      2.96s        4         
97   1.131e+01    1.408e+04    7.834e+03      1.500e+01    3.300e+01    2.269e-02      1.69s        4         
98   1.137e+01    3.809e+04    2.561e+03      1.500e+01    3.300e+01    2.269e-02      0.87s        4         
99   1.097e+01    6.569e+02    4.678e+00      1.500e+01    3.300e+01    2.269e-02      0.00s        4         
100  1.095e+01    8.303e+08    6.298e+02      1.500e+01    3.300e+01    2.269e-02      20.40s       4         
101  1.110e+01    7.196e+03    3.654e+01      1.500e+01    3.300e+01    2.269e-02      23.14s       4         
102  1.069e+01    5.301e+03    4.652e+02      1.500e+01    3.300e+01    2.269e-02      18.81s       4         
103  1.115e+01    1.335e+03    3.079e+01      1.500e+01    3.300e+01    2.269e-02      18.40s       4         
104  1.112e+01    9.516e+01    7.408e+01      1.500e+01    3.300e+01    2.269e-02      17.09s       4         
105  1.133e+01    8.316e+02    3.398e+01      1.500e+01    3.300e+01    2.269e-02      16.40s       4         
106  1.107e+01    2.269e+07    4.628e+03      1.500e+01    3.300e+01    2.269e-02      17.87s       4         
107  1.114e+01    3.581e+04    4.457e+01      1.500e+01    3.300e+01    2.269e-02      14.88s       4         
108  1.138e+01    1.074e+09    1.901e+03      1.500e+01    3.300e+01    2.269e-02      13.42s       4         
109  1.071e+01    8.817e+01    4.268e+03      1.500e+01    3.300e+01    2.269e-02      12.61s       4         
110  1.109e+01    8.996e+01    4.401e+00      1.500e+01    3.300e+01    2.269e-02      12.03s       4         
111  1.158e+01    1.267e+14    1.439e+02      1.500e+01    3.300e+01    2.269e-02      13.02s       4         
112  1.160e+01    2.565e+02    8.788e+01      1.500e+01    3.300e+01    2.269e-02      10.38s       4         
113  1.141e+01    3.303e+03    5.761e+02      1.500e+01    3.300e+01    2.269e-02      9.20s        4         
114  1.134e+01    2.706e+04    3.157e+01      1.500e+01    3.300e+01    2.269e-02      8.48s        4         
115  1.087e+01    1.538e+02    1.709e+01      1.500e+01    3.300e+01    2.269e-02      7.69s        4         
116  1.100e+01    9.010e+02    1.500e+02      1.500e+01    3.300e+01    2.269e-02      7.89s        5         
117  1.127e+01    7.943e+05    3.236e+02      1.500e+01    3.300e+01    2.269e-02      5.95s        5         
118  1.166e+01    2.686e+05    3.326e+08      1.500e+01    3.300e+01    2.269e-02      5.09s        5         
119  1.174e+01    1.450e+02    8.398e+02      1.500e+01    3.300e+01    2.269e-02      4.25s        5         
120  1.196e+01    1.451e+06    2.681e+01      1.500e+01    3.300e+01    2.269e-02      3.36s        5         
121  1.175e+01    8.489e+02    7.701e+01      1.500e+01    3.300e+01    2.269e-02      2.54s        5         
122  1.153e+01    2.206e+02    7.363e+01      1.500e+01    3.300e+01    2.269e-02      1.98s        5         
123  1.150e+01    9.726e+01    1.278e+02      1.500e+01    3.300e+01    2.269e-02      0.86s        5         
124  1.180e+01    8.394e+07    7.878e+04      1.500e+01    3.300e+01    2.269e-02      0.00s        5         
125  1.206e+01    3.099e+04    1.053e+03      1.500e+01    3.300e+01    2.269e-02      20.90s       5         
126  1.156e+01    1.045e+05    3.030e+01      1.500e+01    3.300e+01    2.269e-02      19.43s       5         
127  1.142e+01    3.843e+02    1.655e+01      1.500e+01    3.300e+01    2.269e-02      22.24s       5         
128  1.132e+01    1.021e+03    1.017e+06      1.500e+01    3.300e+01    2.269e-02      18.19s       5         
129  1.154e+01    8.635e+02    3.765e+02      1.500e+01    3.300e+01    2.269e-02      17.46s       5         
130  1.181e+01    1.995e+05    3.258e+01      1.500e+01    3.300e+01    2.162e-02      16.53s       5         
131  1.209e+01    1.779e+08    1.024e+05      1.500e+01    3.300e+01    2.162e-02      18.47s       5         
132  1.144e+01    2.782e+02    5.576e+02      1.500e+01    3.300e+01    2.162e-02      14.80s       5         
133  1.195e+01    5.042e+04    2.125e+02      1.500e+01    3.300e+01    2.162e-02      14.11s       5         
134  1.185e+01    2.864e+03    1.176e+04      1.500e+01    3.300e+01    2.162e-02      12.75s       5         
135  1.162e+01    2.659e+06    2.565e+04      1.500e+01    3.300e+01    2.162e-02      12.27s       5         
136  1.123e+01    2.724e+03    1.278e+02      1.500e+01    3.300e+01    2.162e-02      10.93s       5         
137  1.145e+01    3.874e+05    1.339e+01      1.500e+01    3.300e+01    2.162e-02      12.18s       5         
138  1.194e+01    8.003e+05    3.655e+01      1.500e+01    3.300e+01    2.162e-02      9.50s        5         
139  1.170e+01    1.059e+04    1.019e+02      1.500e+01    3.300e+01    2.162e-02      8.54s        5         
140  1.144e+01    1.252e+03    2.002e+07      1.500e+01    3.300e+01    2.162e-02      7.74s        5         
141  1.152e+01    5.784e+06    1.907e+03      1.500e+01    3.300e+01    2.162e-02      6.80s        5         
142  1.151e+01    2.007e+12    2.939e+02      1.500e+01    3.300e+01    2.162e-02      7.06s        5         
143  1.201e+01    8.877e+04    8.213e+04      1.500e+01    3.300e+01    2.162e-02      5.12s        5         
144  1.132e+01    9.475e+03    6.325e+01      1.500e+01    3.300e+01    2.162e-02      4.28s        5         
145  1.162e+01    1.350e+03    3.024e+04      1.500e+01    3.300e+01    2.162e-02      3.44s        5         
146  1.167e+01    3.152e+03    2.434e+01      1.500e+01    3.300e+01    2.162e-02      2.52s        5         
147  1.172e+01    1.556e+12    6.799e+02      1.500e+01    3.300e+01    2.162e-02      2.07s        5         
148  1.165e+01    3.313e+05    1.388e+04      1.500e+01    3.300e+01    2.162e-02      0.87s        5         
149  1.145e+01    6.573e+03    8.582e+03      1.500e+01    3.300e+01    2.162e-02      0.00s        5         
150  1.135e+01    1.662e+02    2.535e+01      1.500e+01    3.300e+01    2.162e-02      21.13s       5         
151  1.169e+01    2.053e+13    9.659e+00      1.500e+01    3.300e+01    2.162e-02      19.91s       5         
152  1.146e+01    6.605e+04    2.568e+01      1.500e+01    3.300e+01    2.162e-02      22.12s       5         
153  1.166e+01    7.582e+05    1.514e+04      1.500e+01    3.300e+01    2.162e-02      18.05s       5         
154  1.109e+01    1.278e+03    4.630e+02      1.500e+01    3.300e+01    2.162e-02      17.36s       5         
155  1.154e+01    7.058e+01    3.291e+01      1.500e+01    3.300e+01    2.162e-02      16.38s       5         
156  1.149e+01    5.563e+04    1.610e+03      1.500e+01    3.300e+01    2.162e-02      15.31s       5         
157  1.157e+01    3.049e+10    2.399e+03      1.500e+01    3.300e+01    2.162e-02      17.67s       5         
158  1.144e+01    2.161e+02    9.965e+01      1.500e+01    3.300e+01    2.162e-02      14.28s       5         
159  1.127e+01    9.967e+03    1.628e+01      1.500e+01    3.300e+01    2.162e-02      12.83s       5         
160  1.135e+01    4.488e+05    2.275e+01      1.500e+01    3.300e+01    2.162e-02      12.45s       5         
161  1.146e+01    5.451e+01    9.540e+00      1.500e+01    3.300e+01    2.162e-02      11.32s       5         
162  1.162e+01    4.528e+02    1.141e+07      1.500e+01    3.300e+01    2.162e-02      12.32s       5         
163  1.118e+01    7.067e+02    3.126e+01      1.500e+01    3.300e+01    2.162e-02      10.04s       5         
164  1.109e+01    5.233e+01    1.023e+01      1.500e+01    3.300e+01    2.162e-02      8.72s        5         
165  1.173e+01    1.385e+05    6.743e+05      1.500e+01    3.300e+01    2.162e-02      7.71s        5         
166  1.156e+01    8.872e+05    1.473e+04      1.500e+01    3.300e+01    2.162e-02      6.94s        5         
167  1.129e+01    4.059e+03    7.902e+03      1.500e+01    3.300e+01    2.162e-02      7.03s        5         
168  1.147e+01    1.067e+02    9.464e+01      1.500e+01    3.300e+01    2.162e-02      5.25s        5         
169  1.162e+01    1.846e+04    4.556e+02      1.500e+01    3.300e+01    2.162e-02      4.40s        5         
170  1.157e+01    1.280e+02    8.372e+01      1.500e+01    3.300e+01    2.162e-02      3.41s        5         
171  1.157e+01    1.848e+04    2.088e+01      1.500e+01    3.300e+01    2.162e-02      2.60s        5         
172  1.155e+01    4.457e+06    9.938e+00      1.500e+01    3.300e+01    2.071e-02      2.06s        5         
173  1.176e+01    2.391e+03    5.855e+01      1.500e+01    3.300e+01    2.071e-02      0.90s        5         
174  1.187e+01    9.028e+03    7.515e+01      1.500e+01    3.300e+01    2.071e-02      0.00s        5         
175  1.188e+01    3.551e+05    2.735e+02      1.500e+01    3.300e+01    2.071e-02      20.59s       5         
176  1.148e+01    4.310e+07    3.935e+02      1.500e+01    3.300e+01    2.071e-02      19.59s       5         
177  1.135e+01    2.347e+03    1.335e+02      1.500e+01    3.300e+01    2.071e-02      22.75s       5         
178  1.140e+01    3.543e+02    1.067e+01      1.500e+01    3.300e+01    2.071e-02      18.40s       5         
179  1.153e+01    1.814e+04    9.500e+01      1.500e+01    3.300e+01    2.071e-02      16.98s       5         
180  1.201e+01    1.623e+04    4.607e+02      1.500e+01    3.300e+01    2.071e-02      16.15s       5         
181  1.144e+01    7.222e+01    2.299e+01      1.500e+01    3.300e+01    2.071e-02      15.29s       5         
182  1.154e+01    8.191e+02    2.534e+05      1.500e+01    3.300e+01    2.071e-02      17.23s       5         
183  1.161e+01    1.676e+07    1.748e+06      1.500e+01    3.300e+01    2.071e-02      13.87s       5         
184  1.143e+01    1.766e+08    3.028e+03      1.500e+01    3.300e+01    2.071e-02      12.27s       5         
185  1.159e+01    1.878e+06    7.850e+00      1.500e+01    3.300e+01    2.071e-02      11.98s       5         
186  1.170e+01    1.442e+03    1.577e+01      1.500e+01    3.300e+01    2.071e-02      10.99s       5         
187  1.143e+01    9.890e+06    3.552e+01      1.500e+01    3.300e+01    2.071e-02      12.77s       5         
188  1.139e+01    1.321e+02    4.219e+01      1.500e+01    3.300e+01    2.071e-02      9.83s        5         
189  1.153e+01    9.409e+02    3.203e+03      1.500e+01    3.300e+01    2.071e-02      9.09s        5         
190  1.138e+01    3.730e+03    1.042e+01      1.500e+01    3.300e+01    2.071e-02      7.76s        5         
191  1.174e+01    1.124e+03    1.409e+03      1.500e+01    3.300e+01    2.071e-02      6.95s        5         
192  1.166e+01    2.162e+02    1.402e+01      1.500e+01    3.300e+01    2.071e-02      6.10s        5         
193  1.173e+01    4.593e+02    1.736e+00      1.500e+01    3.300e+01    2.071e-02      6.07s        5         
194  1.147e+01    6.377e+06    2.008e+03      1.500e+01    3.300e+01    2.071e-02      4.26s        5         
195  1.135e+01    7.399e+07    2.085e+05      1.500e+01    3.300e+01    2.071e-02      3.57s        5         
196  1.200e+01    1.823e+03    2.469e+03      1.500e+01    3.300e+01    2.071e-02      2.63s        5         
197  1.163e+01    7.802e+01    1.489e+02      1.500e+01    3.300e+01    2.071e-02      2.05s        5         
198  1.150e+01    4.129e+03    2.335e+01      1.500e+01    3.300e+01    2.071e-02      0.90s        5         
199  1.138e+01    3.873e+07    1.049e+01      1.500e+01    3.300e+01    2.071e-02      0.00s        5         
200  1.166e+01    5.929e+02    6.344e+03      1.500e+01    3.300e+01    2.071e-02      21.20s       5         
201  1.152e+01    3.334e+04    3.106e+02      1.500e+01    3.300e+01    2.071e-02      20.05s       5         
202  1.162e+01    2.704e+04    4.330e+01      1.500e+01    3.300e+01    2.071e-02      19.14s       5         
203  1.137e+01    1.066e+03    7.125e+00      1.500e+01    3.300e+01    2.071e-02      22.51s       5         
204  1.138e+01    2.057e+03    1.892e+03      1.500e+01    3.300e+01    2.071e-02      17.62s       5         
205  1.193e+01    2.845e+05    1.623e+05      1.500e+01    3.300e+01    2.071e-02      15.93s       5         
206  1.198e+01    5.076e+11    2.724e+04      1.500e+01    3.300e+01    2.071e-02      15.33s       5         
207  1.174e+01    4.483e+04    4.664e+04      1.500e+01    3.300e+01    2.071e-02      15.20s       5         
208  1.162e+01    7.595e+02    1.053e+09      1.500e+01    3.300e+01    2.071e-02      16.57s       5         
209  1.142e+01    1.701e+02    1.633e+03      1.500e+01    3.300e+01    2.071e-02      13.22s       5         
210  1.182e+01    2.486e+06    2.472e+03      1.500e+01    3.300e+01    2.071e-02      12.25s       5         
211  1.168e+01    9.268e+04    1.149e+02      1.500e+01    3.300e+01    2.071e-02      11.45s       5         
212  1.128e+01    2.372e+03    3.256e+05      1.500e+01    3.300e+01    2.071e-02      10.36s       5         
213  1.161e+01    9.694e+03    8.769e+01      1.500e+01    3.300e+01    2.071e-02      11.53s       5         
214  1.108e+01    1.024e+02    2.572e+02      1.500e+01    3.300e+01    2.071e-02      8.87s        5         
215  1.154e+01    3.635e+02    2.791e+02      1.500e+01    3.300e+01    2.071e-02      8.11s        5         
216  1.185e+01    1.986e+03    6.460e+07      1.500e+01    3.300e+01    2.071e-02      7.08s        5         
217  1.159e+01    6.414e+02    1.027e+03      1.500e+01    3.300e+01    2.071e-02      5.98s        5         
218  1.165e+01    2.173e+02    3.788e+02      1.500e+01    3.300e+01    2.071e-02      5.09s        5         
219  1.162e+01    6.312e+03    3.566e+02      1.500e+01    3.300e+01    2.071e-02      4.42s        5         
220  1.154e+01    2.261e+06    4.573e+01      1.500e+01    3.300e+01    2.071e-02      3.44s        5         
221  1.179e+01    8.377e+04    9.684e+01      1.500e+01    3.300e+01    2.071e-02      2.60s        5         
222  1.136e+01    7.900e+02    2.710e+02      1.500e+01    3.300e+01    2.071e-02      1.78s        5         
223  1.129e+01    5.613e+02    4.999e+01      1.500e+01    3.300e+01    2.071e-02      0.88s        5         
224  1.179e+01    8.893e+09    7.831e+01      1.500e+01    3.300e+01    2.071e-02      0.00s        5         
225  1.143e+01    1.361e+02    1.505e+01      1.500e+01    3.300e+01    2.071e-02      21.55s       5         
226  1.129e+01    1.093e+02    9.668e+02      1.500e+01    3.300e+01    2.071e-02      19.99s       5         
227  1.166e+01    3.186e+02    1.401e+04      1.500e+01    3.300e+01    2.071e-02      20.03s       5         
228  1.136e+01    2.227e+02    2.468e+01      1.500e+01    3.300e+01    2.071e-02      21.89s       5         
229  1.160e+01    1.073e+02    7.519e+03      1.500e+01    3.300e+01    2.071e-02      17.60s       5         
230  1.137e+01    1.004e+09    5.233e+01      1.500e+01    3.300e+01    2.071e-02      16.08s       5         
231  1.135e+01    1.444e+02    5.766e+04      1.500e+01    3.300e+01    2.071e-02      16.88s       5         
232  1.178e+01    1.016e+03    1.074e+07      1.500e+01    3.300e+01    2.071e-02      15.17s       5         
233  1.134e+01    1.043e+04    1.037e+06      1.500e+01    3.300e+01    2.071e-02      14.14s       5         
234  1.194e+01    3.191e+10    1.986e+05      1.500e+01    3.300e+01    2.071e-02      15.43s       5         
235  1.133e+01    4.724e+02    4.375e+02      1.500e+01    3.300e+01    2.071e-02      12.46s       5         
236  1.149e+01    2.202e+02    1.801e+06      1.500e+01    3.300e+01    2.071e-02      12.06s       5         
237  1.138e+01    8.108e+06    4.691e+01      1.500e+01    3.300e+01    2.071e-02      10.42s       5         
238  1.128e+01    4.028e+03    1.485e+01      1.500e+01    3.300e+01    2.071e-02      9.72s        5         
239  1.146e+01    4.940e+04    5.951e+01      1.500e+01    3.300e+01    2.071e-02      10.76s       5         
240  1.146e+01    3.828e+03    1.298e+03      1.500e+01    3.300e+01    2.071e-02      8.19s        5         
241  1.146e+01    1.153e+04    1.341e+03      1.500e+01    3.300e+01    2.071e-02      6.90s        5         
242  1.192e+01    1.694e+09    7.845e+02      1.500e+01    3.300e+01    2.071e-02      6.21s        5         
243  1.179e+01    1.695e+05    3.573e+01      1.500e+01    3.300e+01    2.071e-02      5.30s        5         
244  1.157e+01    2.044e+02    3.669e+12      1.500e+01    3.300e+01    2.071e-02      4.30s        5         
245  1.138e+01    7.291e+04    8.493e+00      1.500e+01    3.300e+01    2.071e-02      3.38s        5         
246  1.135e+01    3.070e+02    1.325e+02      1.500e+01    3.300e+01    2.071e-02      2.59s        5         
247  1.179e+01    3.177e+11    1.572e+11      1.500e+01    3.300e+01    2.071e-02      1.80s        5         
248  1.147e+01    3.372e+03    6.529e+07      1.500e+01    3.300e+01    2.071e-02      0.87s        5         
249  1.153e+01    4.160e+03    1.465e+04      1.500e+01    3.300e+01    2.071e-02      0.00s        5         
250  1.174e+01    1.585e+04    5.760e+03      1.500e+01    3.300e+01    2.071e-02      24.89s       5         
251  1.144e+01    1.350e+05    5.918e+05      1.500e+01    3.300e+01    2.071e-02      19.74s       5         
252  1.134e+01    4.210e+02    8.880e+01      1.500e+01    3.300e+01    2.071e-02      18.83s       5         
253  1.138e+01    3.940e+06    2.182e+04      1.500e+01    3.300e+01    2.071e-02      17.71s       5         
254  1.144e+01    8.632e+05    6.996e+03      1.500e+01    3.300e+01    2.071e-02      16.98s       5         
255  1.156e+01    5.556e+02    5.603e+02      1.500e+01    3.300e+01    2.071e-02      19.27s       5         
256  1.114e+01    2.530e+05    1.683e+01      1.500e+01    3.300e+01    2.071e-02      15.72s       5         
257  1.153e+01    1.143e+03    2.186e+03      1.500e+01    3.300e+01    2.071e-02      14.71s       5         
258  1.181e+01    1.519e+06    4.418e+02      1.500e+01    3.300e+01    2.071e-02      14.00s       5         
259  1.193e+01    1.264e+03    8.565e+00      1.500e+01    3.300e+01    2.071e-02      13.37s       5         
260  1.120e+01    9.507e+02    5.485e+00      1.500e+01    3.300e+01    2.071e-02      14.63s       5         
261  1.174e+01    3.631e+08    1.262e+01      1.500e+01    3.300e+01    2.071e-02      11.57s       5         
262  1.155e+01    2.873e+06    5.738e+01      1.500e+01    3.300e+01    2.071e-02      10.51s       5         
263  1.183e+01    2.845e+06    7.231e+03      1.500e+01    3.300e+01    2.071e-02      9.77s        5         
264  1.144e+01    3.545e+03    2.910e+03      1.500e+01    3.300e+01    2.071e-02      8.73s        5         
265  1.138e+01    1.270e+02    2.992e+01      1.500e+01    3.300e+01    2.071e-02      9.22s        5         
266  1.160e+01    3.646e+05    1.460e+01      1.500e+01    3.300e+01    2.071e-02      7.20s        5         
267  1.165e+01    3.243e+03    2.009e+07      1.500e+01    3.300e+01    2.071e-02      5.91s        5         
268  1.140e+01    3.981e+02    1.027e+05      1.500e+01    3.300e+01    2.071e-02      5.15s        5         
269  1.129e+01    3.767e+02    1.998e+02      1.500e+01    3.300e+01    2.071e-02      4.33s        5         
270  1.177e+01    2.014e+03    1.317e+03      1.500e+01    3.300e+01    2.071e-02      3.45s        5         
271  1.161e+01    1.758e+02    2.195e+02      1.500e+01    3.300e+01    2.071e-02      3.09s        5         
272  1.136e+01    6.342e+01    1.818e+02      1.500e+01    3.300e+01    2.071e-02      1.76s        5         
273  1.154e+01    6.484e+03    3.809e+02      1.500e+01    3.300e+01    2.071e-02      0.86s        5         
274  1.138e+01    1.293e+03    2.046e+02      1.500e+01    3.300e+01    2.071e-02      0.00s        5         
275  1.171e+01    4.854e+05    5.925e+04      1.500e+01    3.300e+01    2.071e-02      21.30s       5         
276  1.163e+01    3.656e+05    2.745e+00      1.500e+01    3.300e+01    2.071e-02      23.00s       5         
277  1.185e+01    7.789e+05    1.706e+02      1.500e+01    3.300e+01    2.071e-02      19.21s       5         
278  1.146e+01    4.934e+02    5.712e+02      1.500e+01    3.300e+01    2.071e-02      17.69s       5         
279  1.144e+01    1.736e+05    1.578e+05      1.500e+01    3.300e+01    2.071e-02      17.52s       5         
280  1.200e+01    3.184e+14    3.476e+04      1.500e+01    3.300e+01    2.071e-02      16.37s       5         
281  1.173e+01    6.148e+06    2.976e+02      1.500e+01    3.300e+01    2.071e-02      18.38s       5         
282  1.162e+01    6.728e+14    2.711e+09      1.500e+01    3.300e+01    2.071e-02      14.76s       5         
283  1.150e+01    4.082e+01    1.601e+02      1.500e+01    3.300e+01    2.071e-02      13.65s       5         
284  1.188e+01    7.475e+01    4.916e+04      1.500e+01    3.300e+01    2.071e-02      13.27s       5         
285  1.143e+01    8.356e+02    3.345e+02      1.500e+01    3.300e+01    2.071e-02      12.26s       5         
286  1.167e+01    2.166e+03    5.645e+03      1.500e+01    3.300e+01    2.071e-02      13.04s       5         
287  1.166e+01    4.312e+02    3.327e+01      1.500e+01    3.300e+01    2.071e-02      10.79s       5         
288  1.165e+01    8.543e+01    3.601e+01      1.500e+01    3.300e+01    2.071e-02      9.42s        5         
289  1.155e+01    4.843e+02    1.155e+01      1.500e+01    3.300e+01    2.071e-02      8.88s        5         
290  1.155e+01    2.588e+06    5.260e+04      1.500e+01    3.300e+01    2.071e-02      7.74s        5         
291  1.168e+01    4.322e+02    1.408e+03      1.500e+01    3.300e+01    2.071e-02      7.11s        5         
292  1.134e+01    5.133e+01    7.570e+01      1.500e+01    3.300e+01    2.071e-02      7.39s        5         
293  1.136e+01    6.055e+03    1.357e+03      1.500e+01    3.300e+01    2.019e-02      5.45s        5         
294  1.153e+01    2.122e+03    1.195e+05      1.500e+01    3.300e+01    2.019e-02      4.39s        5         
295  1.160e+01    4.239e+02    8.165e+09      1.500e+01    3.300e+01    2.019e-02      3.57s        5         
296  1.153e+01    3.313e+03    1.298e+01      1.500e+01    3.300e+01    2.019e-02      2.63s        5         
297  1.173e+01    4.501e+02    3.075e+01      1.500e+01    3.300e+01    2.019e-02      2.13s        5         
298  1.196e+01    4.571e+09    1.082e+06      1.500e+01    3.300e+01    2.019e-02      0.89s        5         
299  1.175e+01    5.881e+05    1.810e+06      1.500e+01    3.300e+01    2.019e-02      0.00s        5         
300  1.169e+01    3.436e+03    4.405e+02      1.500e+01    3.300e+01    2.019e-02      21.08s       5         
301  1.155e+01    1.171e+06    3.650e+01      1.500e+01    3.300e+01    2.019e-02      20.32s       5         
302  1.152e+01    1.296e+04    1.215e+04      1.500e+01    3.300e+01    2.019e-02      23.23s       5         
303  1.138e+01    1.278e+06    2.065e+07      1.500e+01    3.300e+01    2.019e-02      18.52s       5         
304  1.190e+01    1.874e+03    4.841e+00      1.500e+01    3.300e+01    2.019e-02      17.54s       5         
305  1.188e+01    2.690e+07    1.226e+04      1.500e+01    3.300e+01    2.019e-02      16.52s       5         
306  1.182e+01    8.142e+06    2.410e+01      1.500e+01    3.300e+01    2.019e-02      15.52s       5         
307  1.149e+01    5.915e+02    2.277e+01      1.500e+01    3.300e+01    2.019e-02      18.02s       5         
308  1.138e+01    4.149e+03    4.174e+03      1.500e+01    3.300e+01    2.019e-02      14.27s       5         
309  1.206e+01    2.027e+03    5.414e+03      1.500e+01    3.300e+01    2.019e-02      13.32s       5         
310  1.175e+01    2.760e+03    6.408e+02      1.500e+01    3.300e+01    2.019e-02      12.69s       5         
311  1.199e+01    2.893e+03    2.911e+02      1.500e+01    3.300e+01    2.019e-02      11.71s       5         
312  1.175e+01    1.587e+02    1.514e+03      1.500e+01    3.300e+01    2.019e-02      10.45s       5         
313  1.145e+01    7.972e+02    8.599e+00      1.500e+01    3.300e+01    2.019e-02      11.23s       5         
314  1.153e+01    4.191e+02    6.359e+02      1.500e+01    3.300e+01    2.019e-02      8.66s        5         
315  1.175e+01    2.975e+10    1.915e+10      1.500e+01    3.300e+01    2.019e-02      7.96s        5         
316  1.162e+01    8.147e+06    9.491e+02      1.500e+01    3.300e+01    2.019e-02      6.83s        5         
317  1.182e+01    4.860e+07    1.646e+02      1.500e+01    3.300e+01    2.019e-02      6.03s        5         
318  1.191e+01    2.596e+03    7.646e+04      1.500e+01    3.300e+01    2.019e-02      6.19s        5         
319  1.169e+01    1.311e+02    5.028e+01      1.500e+01    3.300e+01    2.019e-02      4.50s        5         
320  1.200e+01    5.785e+06    2.118e+02      1.500e+01    3.300e+01    2.019e-02      3.54s        5         
321  1.127e+01    8.056e+02    6.767e+04      1.500e+01    3.300e+01    2.019e-02      2.61s        5         
322  1.119e+01    2.173e+04    7.655e+07      1.500e+01    3.300e+01    2.019e-02      1.73s        5         
323  1.133e+01    4.430e+01    3.877e+03      1.500e+01    3.300e+01    2.019e-02      0.88s        5         
324  1.162e+01    1.081e+02    8.496e+01      1.500e+01    3.300e+01    2.019e-02      0.00s        5         
325  1.148e+01    3.897e+02    2.317e+01      1.500e+01    3.300e+01    2.019e-02      21.35s       5         
326  1.146e+01    4.406e+13    2.809e+06      1.500e+01    3.300e+01    2.019e-02      19.53s       5         
327  1.126e+01    1.079e+02    8.791e+00      1.500e+01    3.300e+01    2.019e-02      19.59s       5         
328  1.145e+01    3.648e+03    1.528e+02      1.500e+01    3.300e+01    2.019e-02      18.54s       5         
329  1.145e+01    1.241e+07    1.258e+05      1.500e+01    3.300e+01    2.019e-02      20.55s       5         
330  1.161e+01    1.152e+04    5.517e+01      1.500e+01    3.300e+01    2.019e-02      16.58s       5         
331  1.104e+01    7.265e+01    4.396e+00      1.500e+01    3.300e+01    2.019e-02      15.59s       5         
332  1.144e+01    4.193e+03    3.573e+03      1.500e+01    3.300e+01    2.019e-02      14.46s       5         
333  1.154e+01    4.149e+02    4.388e+01      1.500e+01    3.300e+01    2.019e-02      13.74s       5         
334  1.133e+01    1.672e+04    9.601e+00      1.500e+01    3.300e+01    2.016e-02      15.21s       5         
335  1.130e+01    3.684e+02    4.020e+01      1.500e+01    3.300e+01    2.016e-02      12.08s       5         
336  1.174e+01    1.911e+08    3.545e+02      1.500e+01    3.300e+01    2.016e-02      11.39s       5         
337  1.160e+01    8.082e+01    6.316e+03      1.500e+01    3.300e+01    2.016e-02      10.30s       5         
338  1.181e+01    2.899e+06    1.623e+04      1.500e+01    3.300e+01    2.016e-02      9.68s        5         
339  1.141e+01    5.522e+01    7.792e+00      1.500e+01    3.300e+01    2.016e-02      10.52s       5         
340  1.127e+01    4.479e+10    1.020e+03      1.500e+01    3.300e+01    2.016e-02      8.03s        5         
341  1.144e+01    8.958e+10    1.367e+03      1.500e+01    3.300e+01    2.016e-02      7.10s        5         
342  1.180e+01    8.005e+06    1.081e+06      1.500e+01    3.300e+01    2.016e-02      6.19s        5         
343  1.181e+01    6.378e+05    2.142e+06      1.500e+01    3.300e+01    2.016e-02      5.25s        5         
344  1.136e+01    2.443e+02    7.101e+03      1.500e+01    3.300e+01    2.016e-02      5.18s        5         
345  1.100e+01    1.860e+02    9.395e+00      1.500e+01    3.300e+01    2.016e-02      3.50s        5         
346  1.195e+01    1.988e+02    2.846e+02      1.500e+01    3.300e+01    2.016e-02      2.60s        5         
347  1.130e+01    6.739e+07    1.363e+03      1.500e+01    3.300e+01    2.016e-02      1.71s        5         
348  1.176e+01    5.141e+02    3.425e+00      1.500e+01    3.300e+01    2.016e-02      0.86s        5         
349  1.169e+01    7.314e+01    7.766e+00      1.500e+01    3.300e+01    2.016e-02      0.00s        5         
350  1.096e+01    1.990e+02    1.107e+03      1.500e+01    3.300e+01    2.016e-02      21.53s       5         
351  1.143e+01    6.999e+04    3.454e+02      1.500e+01    3.300e+01    2.016e-02      20.28s       5         
352  1.152e+01    1.890e+07    3.035e+01      1.500e+01    3.300e+01    2.016e-02      19.25s       5         
353  1.141e+01    1.400e+03    7.263e+03      1.500e+01    3.300e+01    2.016e-02      18.02s       5         
354  1.191e+01    2.789e+10    2.184e+08      1.500e+01    3.300e+01    2.016e-02      17.05s       5         
355  1.176e+01    6.537e+03    1.518e+03      1.500e+01    3.300e+01    2.016e-02      19.60s       5         
356  1.187e+01    1.598e+06    2.451e+01      1.500e+01    3.300e+01    2.016e-02      16.40s       5         
357  1.165e+01    5.686e+02    1.696e+05      1.500e+01    3.300e+01    2.016e-02      14.83s       5         
358  1.173e+01    1.100e+05    4.133e+01      1.500e+01    3.300e+01    2.016e-02      13.67s       5         
359  1.151e+01    2.501e+02    1.218e+01      1.500e+01    3.300e+01    2.016e-02      13.31s       5         
360  1.173e+01    8.056e+01    1.411e+07      1.500e+01    3.300e+01    2.016e-02      14.94s       5         
361  1.154e+01    2.501e+05    9.006e+02      1.500e+01    3.300e+01    2.016e-02      12.85s       5         
362  1.189e+01    4.572e+02    8.080e+02      1.500e+01    3.300e+01    2.016e-02      10.60s       5         
363  1.164e+01    5.390e+02    5.062e+00      1.500e+01    3.300e+01    2.016e-02      9.63s        5         
364  1.122e+01    2.193e+05    3.763e+01      1.500e+01    3.300e+01    2.016e-02      8.70s        5         
365  1.117e+01    1.354e+03    7.482e+00      1.500e+01    3.300e+01    2.016e-02      7.81s        5         
366  1.133e+01    4.136e+03    1.994e+03      1.500e+01    3.300e+01    2.016e-02      7.93s        5         
367  1.163e+01    6.611e+04    6.501e+01      1.500e+01    3.300e+01    2.016e-02      6.17s        5         
368  1.149e+01    1.564e+03    1.101e+03      1.500e+01    3.300e+01    2.016e-02      5.26s        5         
369  1.175e+01    7.429e+03    7.459e+02      1.500e+01    3.300e+01    2.016e-02      4.31s        5         
370  1.165e+01    7.854e+03    4.475e+03      1.500e+01    3.300e+01    2.016e-02      3.48s        5         
371  1.123e+01    5.301e+02    1.718e+02      1.500e+01    3.300e+01    2.016e-02      3.11s        5         
372  1.176e+01    6.708e+10    3.473e+04      1.700e+01    4.900e+01    2.013e-02      1.76s        6         
373  1.227e+01    3.078e+03    3.106e+02      1.700e+01    4.900e+01    2.013e-02      0.86s        6         
374  1.251e+01    2.109e+05    6.063e+07      1.700e+01    4.900e+01    2.013e-02      0.00s        6         
375  1.272e+01    9.545e+04    2.027e+05      1.700e+01    4.900e+01    2.013e-02      21.14s       6         
376  1.254e+01    1.264e+06    6.009e+04      1.700e+01    4.900e+01    2.013e-02      24.26s       6         
377  1.217e+01    6.817e+02    1.254e+03      1.700e+01    4.900e+01    2.013e-02      19.37s       6         
378  1.262e+01    7.894e+03    5.930e+04      1.700e+01    4.900e+01    2.013e-02      18.50s       6         
379  1.289e+01    3.173e+06    3.250e+04      1.700e+01    4.900e+01    2.013e-02      17.92s       6         
380  1.242e+01    6.743e+02    1.496e+02      1.700e+01    4.900e+01    2.013e-02      16.62s       6         
381  1.231e+01    1.190e+02    3.652e+03      1.700e+01    4.900e+01    2.013e-02      16.00s       6         
382  1.241e+01    1.112e+03    2.568e+07      1.700e+01    4.900e+01    2.013e-02      17.29s       6         
383  1.267e+01    3.193e+08    9.472e+02      1.700e+01    4.900e+01    2.013e-02      14.30s       6         
384  1.272e+01    4.602e+02    4.787e+01      1.700e+01    4.900e+01    2.013e-02      13.43s       6         
385  1.279e+01    1.533e+14    3.836e+03      1.700e+01    4.900e+01    2.013e-02      12.39s       6         
386  1.212e+01    1.053e+02    2.854e+00      1.700e+01    4.900e+01    2.013e-02      11.61s       6         
387  1.256e+01    2.038e+02    8.811e+02      1.700e+01    4.900e+01    2.013e-02      12.79s       6         
388  1.231e+01    6.090e+06    1.583e+02      1.900e+01    7.500e+01    1.881e-02      9.92s        7         
389  1.282e+01    7.490e+02    4.265e+02      1.900e+01    7.500e+01    1.881e-02      8.93s        7         
390  1.319e+01    1.034e+07    5.405e+02      1.900e+01    7.500e+01    1.881e-02      7.90s        7         
391  1.334e+01    2.698e+13    8.227e+02      1.900e+01    7.500e+01    1.881e-02      7.33s        7         
392  1.337e+01    1.384e+02    2.405e+03      1.900e+01    7.500e+01    1.881e-02      7.47s        7         
393  1.334e+01    1.221e+04    1.093e+01      1.900e+01    7.500e+01    1.881e-02      5.41s        7         
394  1.360e+01    1.703e+02    1.613e+04      1.900e+01    7.500e+01    1.881e-02      4.46s        7         
395  1.336e+01    2.741e+02    1.830e+02      1.900e+01    7.500e+01    1.881e-02      3.62s        7         
396  1.297e+01    6.306e+02    7.092e+01      1.900e+01    7.500e+01    1.881e-02      2.64s        7         
397  1.388e+01    2.781e+09    1.244e+05      1.900e+01    7.500e+01    1.881e-02      2.17s        7         
398  1.325e+01    2.089e+02    2.345e+02      1.900e+01    7.500e+01    1.881e-02      0.93s        7         
399  1.326e+01    2.340e+03    5.315e+01      1.900e+01    7.500e+01    1.881e-02      0.00s        7         
400  1.341e+01    4.737e+05    2.163e+02      1.900e+01    7.500e+01    1.881e-02      21.81s       7         
401  1.329e+01    5.290e+06    2.407e+02      1.900e+01    7.500e+01    1.881e-02      20.53s       7         
402  1.344e+01    1.697e+03    5.673e+03      1.900e+01    7.500e+01    1.881e-02      23.74s       7         
403  1.350e+01    1.013e+03    1.198e+03      1.900e+01    7.500e+01    1.881e-02      18.70s       7         
404  1.375e+01    1.186e+06    6.588e+02      1.900e+01    7.500e+01    1.881e-02      18.63s       7         
405  1.365e+01    5.777e+03    1.058e+03      1.900e+01    7.500e+01    1.881e-02      17.97s       6         
406  1.280e+01    1.123e+02    4.449e+00      1.900e+01    7.500e+01    1.881e-02      16.79s       6         
407  1.276e+01    2.069e+11    4.092e+04      1.900e+01    7.500e+01    1.881e-02      17.58s       6         
408  1.249e+01    2.883e+03    1.473e+01      1.900e+01    7.500e+01    1.881e-02      13.90s       6         
409  1.260e+01    6.595e+03    3.376e+04      1.900e+01    7.500e+01    1.881e-02      13.33s       6         
410  1.312e+01    3.849e+02    8.267e+04      1.900e+01    7.500e+01    1.881e-02      12.53s       6         
411  1.269e+01    5.768e+06    5.230e+06      1.900e+01    7.500e+01    1.881e-02      11.21s       6         
412  1.340e+01    3.404e+07    5.533e+02      1.900e+01    7.500e+01    1.881e-02      12.18s       6         
413  1.283e+01    1.205e+04    1.482e+02      1.900e+01    7.500e+01    1.881e-02      9.88s        6         
414  1.281e+01    2.822e+05    1.657e+04      1.900e+01    7.500e+01    1.881e-02      8.97s        6         
415  1.268e+01    3.752e+06    6.873e+03      1.900e+01    7.500e+01    1.881e-02      7.68s        6         
416  1.323e+01    2.866e+06    4.411e+04      1.900e+01    7.500e+01    1.881e-02      7.08s        6         
417  1.273e+01    1.038e+06    7.094e+01      1.900e+01    7.500e+01    1.881e-02      7.46s        6         
418  1.283e+01    1.552e+05    7.781e+03      1.900e+01    7.500e+01    1.881e-02      5.43s        6         
419  1.291e+01    1.625e+03    1.059e+03      1.900e+01    7.500e+01    1.881e-02      4.45s        6         
420  1.290e+01    2.397e+14    4.385e+07      1.900e+01    7.500e+01    1.881e-02      3.52s        6         
421  1.289e+01    3.217e+02    8.005e+04      1.900e+01    7.500e+01    1.881e-02      2.69s        6         
422  1.288e+01    6.459e+02    3.266e+03      1.900e+01    7.500e+01    1.881e-02      2.11s        6         
423  1.264e+01    5.383e+03    6.888e+03      1.900e+01    7.500e+01    1.881e-02      0.88s        6         
424  1.301e+01    6.630e+05    1.666e+05      1.900e+01    7.500e+01    1.881e-02      0.00s        6         
425  1.273e+01    8.610e+02    4.873e+01      1.900e+01    7.500e+01    1.881e-02      21.38s       6         
426  1.312e+01    2.465e+07    2.322e+05      1.900e+01    7.500e+01    1.881e-02      20.17s       6         
427  1.306e+01    4.082e+02    2.535e+01      1.900e+01    7.500e+01    1.881e-02      23.21s       6         
428  1.268e+01    9.608e+12    6.992e+03      1.900e+01    7.500e+01    1.881e-02      17.94s       6         
429  1.303e+01    1.050e+10    1.480e+01      1.900e+01    7.500e+01    1.881e-02      17.82s       6         
430  1.288e+01    1.247e+09    2.540e+01      1.900e+01    7.500e+01    1.881e-02      16.94s       6         
431  1.266e+01    1.698e+07    1.974e+05      1.900e+01    7.500e+01    1.881e-02      16.01s       6         
432  1.317e+01    5.879e+04    1.061e+02      1.900e+01    7.500e+01    1.829e-02      17.53s       6         
433  1.280e+01    3.749e+05    3.623e+03      1.900e+01    7.500e+01    1.829e-02      14.05s       6         
434  1.313e+01    3.358e+08    1.605e+02      1.900e+01    7.500e+01    1.829e-02      13.43s       6         
435  1.280e+01    7.863e+05    2.258e+01      1.900e+01    7.500e+01    1.829e-02      12.22s       6         
436  1.296e+01    6.404e+03    3.472e+03      1.900e+01    7.500e+01    1.829e-02      11.37s       6         
437  1.300e+01    3.363e+07    3.717e+04      1.900e+01    7.500e+01    1.498e-02      12.63s       6         
438  1.311e+01    2.759e+03    1.721e+03      1.900e+01    7.500e+01    1.498e-02      9.98s        6         
439  1.285e+01    5.760e+09    3.006e+01      1.900e+01    7.500e+01    1.498e-02      8.88s        6         
440  1.245e+01    7.413e+01    5.725e+00      1.900e+01    7.500e+01    1.498e-02      7.75s        6         
441  1.254e+01    3.729e+03    8.174e+00      1.900e+01    7.500e+01    1.498e-02      6.86s        6         
442  1.256e+01    1.706e+07    2.575e+02      1.900e+01    7.500e+01    1.498e-02      7.37s        6         
443  1.280e+01    2.161e+02    2.454e+06      1.900e+01    7.500e+01    1.498e-02      5.28s        6         
444  1.315e+01    4.984e+03    2.290e+03      1.900e+01    7.500e+01    1.498e-02      4.57s        6         
445  1.233e+01    2.049e+02    2.871e+03      1.900e+01    7.500e+01    1.498e-02      3.54s        6         
446  1.293e+01    1.839e+08    1.832e+07      1.900e+01    7.500e+01    1.498e-02      2.59s        6         
447  1.316e+01    1.567e+03    3.198e+02      1.900e+01    7.500e+01    1.498e-02      2.12s        6         
448  1.277e+01    8.955e+02    4.325e+02      1.900e+01    7.500e+01    1.498e-02      0.89s        6         
449  1.233e+01    1.190e+02    3.902e+03      1.900e+01    7.500e+01    1.498e-02      0.00s        6         
450  1.330e+01    2.101e+03    1.639e+02      1.900e+01    7.500e+01    1.498e-02      21.92s       6         
451  1.284e+01    8.651e+04    5.292e+04      1.900e+01    7.500e+01    1.498e-02      20.66s       6         
452  1.260e+01    5.024e+04    3.676e+01      1.900e+01    7.500e+01    1.498e-02      24.18s       6         
453  1.328e+01    3.615e+02    3.790e+01      1.900e+01    7.500e+01    1.498e-02      19.17s       6         
454  1.269e+01    4.559e+02    1.513e+02      1.900e+01    7.500e+01    1.498e-02      18.02s       6         
455  1.301e+01    1.991e+05    1.863e+03      1.900e+01    7.500e+01    1.498e-02      16.67s       6         
456  1.273e+01    7.419e+01    1.562e+01      1.900e+01    7.500e+01    1.498e-02      16.17s       6         
457  1.249e+01    2.013e+02    2.485e+04      1.900e+01    7.500e+01    1.498e-02      18.25s       6         
458  1.283e+01    1.195e+05    8.223e+01      1.900e+01    7.500e+01    1.498e-02      14.49s       6         
459  1.296e+01    4.360e+07    3.057e+02      1.900e+01    7.500e+01    1.498e-02      13.47s       6         
460  1.269e+01    1.654e+03    1.908e+01      1.900e+01    7.500e+01    1.498e-02      12.53s       6         
461  1.250e+01    2.655e+04    2.397e+04      1.900e+01    7.500e+01    1.498e-02      11.50s       6         
462  1.259e+01    7.431e+05    3.978e+03      1.900e+01    7.500e+01    1.498e-02      12.44s       6         
463  1.217e+01    1.475e+02    6.364e+01      1.900e+01    7.500e+01    1.498e-02      9.77s        6         
464  1.277e+01    4.417e+08    1.897e+02      1.900e+01    7.500e+01    1.498e-02      8.97s        6         
465  1.285e+01    3.196e+02    3.962e+02      1.900e+01    7.500e+01    1.498e-02      7.84s        6         
466  1.276e+01    5.521e+02    2.282e+02      1.900e+01    7.500e+01    1.498e-02      6.90s        6         
467  1.264e+01    1.182e+03    1.478e+01      1.900e+01    7.500e+01    1.498e-02      7.38s        6         
468  1.278e+01    8.379e+13    7.288e+03      1.900e+01    7.500e+01    1.498e-02      5.31s        6         
469  1.241e+01    7.385e+10    5.565e+03      1.900e+01    7.500e+01    1.498e-02      4.43s        6         
470  1.286e+01    8.751e+07    4.493e+02      1.900e+01    7.500e+01    1.498e-02      3.49s        6         
471  1.286e+01    1.466e+09    5.843e+00      1.900e+01    7.500e+01    1.498e-02      2.70s        6         
472  1.249e+01    2.578e+03    5.461e+01      1.900e+01    7.500e+01    1.498e-02      2.08s        6         
473  1.252e+01    1.352e+03    4.173e+04      1.900e+01    7.500e+01    1.498e-02      0.88s        6         
474  1.310e+01    1.692e+05    9.373e+03      1.900e+01    7.500e+01    1.498e-02      0.00s        6         
475  1.290e+01    2.802e+02    3.474e+02      1.900e+01    7.500e+01    1.498e-02      22.26s       6         
476  1.272e+01    1.102e+05    3.030e+02      1.900e+01    7.500e+01    1.498e-02      20.69s       6         
477  1.281e+01    2.486e+03    7.541e+02      1.900e+01    7.500e+01    1.498e-02      23.52s       6         
478  1.264e+01    8.017e+02    6.451e+02      1.900e+01    7.500e+01    1.498e-02      19.00s       6         
479  1.271e+01    3.207e+02    1.157e+03      1.900e+01    7.500e+01    1.498e-02      17.74s       6         
480  1.285e+01    1.050e+03    2.177e+03      1.900e+01    7.500e+01    1.498e-02      17.07s       6         
481  1.282e+01    1.365e+02    4.111e+01      1.900e+01    7.500e+01    1.498e-02      15.99s       6         
482  1.301e+01    3.599e+02    1.972e+01      1.900e+01    7.500e+01    1.498e-02      15.52s       6         
483  1.310e+01    8.377e+05    1.542e+01      1.900e+01    7.500e+01    1.498e-02      16.98s       6         
484  1.327e+01    1.104e+03    1.417e+05      1.900e+01    7.500e+01    1.498e-02      13.52s       6         
485  1.325e+01    6.801e+02    1.090e+03      1.900e+01    7.500e+01    1.498e-02      12.71s       6         
486  1.293e+01    1.878e+04    6.088e+06      1.900e+01    7.500e+01    1.498e-02      11.66s       6         
487  1.321e+01    1.701e+12    9.360e+02      1.900e+01    7.500e+01    1.498e-02      10.88s       6         
488  1.259e+01    2.337e+03    3.068e+01      1.900e+01    7.500e+01    1.498e-02      11.74s       6         
489  1.258e+01    1.182e+02    2.323e+01      1.900e+01    7.500e+01    1.498e-02      8.99s        6         
490  1.256e+01    4.832e+02    1.079e+07      1.900e+01    7.500e+01    1.498e-02      7.93s        6         
491  1.301e+01    1.841e+04    4.156e+01      1.900e+01    7.500e+01    1.498e-02      7.17s        6         
492  1.257e+01    1.384e+06    5.928e+02      1.900e+01    7.500e+01    1.498e-02      6.12s        6         
493  1.304e+01    8.226e+02    1.030e+02      1.900e+01    7.500e+01    1.498e-02      6.48s        6         
494  1.291e+01    1.174e+03    2.454e+02      1.900e+01    7.500e+01    1.498e-02      4.60s        6         
495  1.292e+01    2.896e+03    4.218e+05      1.900e+01    7.500e+01    1.498e-02      3.54s        6         
496  1.292e+01    9.498e+05    3.249e+04      1.900e+01    7.500e+01    1.498e-02      2.71s        6         
497  1.302e+01    9.085e+02    1.607e+04      1.900e+01    7.500e+01    1.498e-02      1.72s        6         
498  1.252e+01    2.950e+02    1.148e+05      1.900e+01    7.500e+01    1.498e-02      1.09s        6         
499  1.266e+01    6.518e+05    3.996e+01      1.900e+01    7.500e+01    1.498e-02      0.00s        6         





Time: 0h:7m:31s
####   Data for the best program   ####
Best Program: sub(0.616, mul(0.249, sub(add(mul(X0, add(sub(0.249, X1), mul(X1, 1.734))), sub(X2, X0)), X1)))
Best Program Complexity: 19
Raw Fitness: 0.014981070905330423
Penalized Fitness: 0.014981070905330423
Estimator		Train-rmse: 0.014981070905330423	Test-rmse: 0.01583030017655437	Test-R^2: 0.9738296342050583

{'complexity': 'length', 'const_range': (1e-10, 2.0), 'elitism_size': 0, 'function_set': ('add', 'sub', 'div', 'mul'), 'generations': 500, 'init_depth': (3, 6), 'init_method': 'half and half', 'low_memory': True, 'max_samples': 1.0, 'metric': 'rmse', 'n_jobs': 2, 'p_crossover': 0.6, 'p_hoist_mutation': 0.0, 'p_point_mutation': 0.2, 'p_point_replace': 0.05, 'p_subtree_mutation': 0.2, 'paretogp': True, 'paretogp_lengths': (5, 130), 'parsimony_coefficient': 0.0, 'population_size': 800, 'random_state': 706703395, 'selection': 'tournament', 'stopping_criteria': 1e-10, 'tournament_size': 11, 'verbose': 1, 'warm_start': True}
