    |          Population Average          |           Best Individual            |
---- -------------------------------------- -------------------------------------- ----------
Gen  Length       Kommenda     Fitness        Length       Kommenda     Fitness        Time Left    Front Size
0    3.933e+01    1.694e+14    1.783e+14      2.100e+01    4.600e+01    2.141e-01      13.71s       5         
1    1.086e+01    7.116e+09    2.145e+04      2.100e+01    4.900e+01    1.510e-01      22.77s       6         
2    1.445e+01    1.299e+06    2.787e+03      7.000e+00    7.000e+00    1.397e-01      21.65s       3         
3    8.035e+00    1.367e+03    2.045e+04      7.000e+00    6.000e+00    1.028e-01      18.01s       2         
4    8.690e+00    6.984e+09    2.739e+05      7.000e+00    1.500e+01    9.703e-02      16.53s       2         
5    8.488e+00    1.484e+04    2.671e+05      7.000e+00    1.500e+01    9.703e-02      16.48s       3         
6    8.463e+00    1.389e+04    2.900e+03      9.000e+00    2.400e+01    7.182e-02      22.39s       4         
7    8.930e+00    1.504e+04    1.093e+07      9.000e+00    9.000e+00    6.064e-02      16.05s       2         
8    8.973e+00    6.234e+06    3.046e+03      9.000e+00    9.000e+00    6.064e-02      13.79s       2         
9    9.168e+00    5.488e+06    3.295e+05      9.000e+00    9.000e+00    6.064e-02      13.20s       3         
10   9.175e+00    9.904e+03    2.329e+04      9.000e+00    9.000e+00    6.064e-02      12.04s       3         
11   9.678e+00    1.375e+05    1.256e+03      9.000e+00    9.000e+00    6.064e-02      11.46s       3         
12   9.050e+00    9.363e+02    1.760e+03      9.000e+00    9.000e+00    6.064e-02      10.38s       3         
13   9.793e+00    3.748e+03    2.520e+03      9.000e+00    9.000e+00    6.064e-02      9.65s        3         
14   9.287e+00    1.515e+04    4.217e+03      9.000e+00    9.000e+00    5.764e-02      9.09s        3         
15   9.310e+00    3.364e+05    4.306e+04      9.000e+00    9.000e+00    5.764e-02      7.97s        3         
16   9.290e+00    1.052e+03    9.044e+03      9.000e+00    9.000e+00    5.764e-02      6.82s        3         
17   9.217e+00    6.306e+02    6.632e+02      9.000e+00    9.000e+00    5.764e-02      6.30s        3         
18   9.402e+00    2.281e+03    1.671e+04      9.000e+00    9.000e+00    5.764e-02      7.14s        3         
19   9.475e+00    1.783e+13    7.748e+05      9.000e+00    9.000e+00    5.745e-02      4.34s        3         
20   9.768e+00    1.690e+06    1.462e+03      9.000e+00    9.000e+00    5.745e-02      3.55s        3         
21   1.002e+01    8.088e+06    1.205e+05      9.000e+00    9.000e+00    5.745e-02      2.65s        3         
22   9.500e+00    7.274e+08    6.863e+03      9.000e+00    9.000e+00    5.745e-02      1.72s        3         
23   9.650e+00    3.923e+07    3.300e+02      9.000e+00    9.000e+00    5.745e-02      0.87s        3         
24   9.530e+00    4.726e+04    3.528e+03      9.000e+00    9.000e+00    5.745e-02      0.00s        3         
25   9.845e+00    4.596e+06    3.107e+06      9.000e+00    9.000e+00    5.745e-02      20.78s       3         
26   9.470e+00    3.894e+09    2.557e+05      9.000e+00    9.000e+00    5.745e-02      19.95s       3         
27   9.770e+00    2.707e+06    5.009e+04      9.000e+00    9.000e+00    5.745e-02      19.09s       3         
28   9.553e+00    1.047e+07    3.970e+03      9.000e+00    9.000e+00    5.745e-02      17.79s       3         
29   9.235e+00    1.114e+13    3.201e+02      9.000e+00    9.000e+00    5.745e-02      23.72s       3         
30   9.700e+00    1.753e+06    8.594e+03      9.000e+00    9.000e+00    5.745e-02      16.77s       3         
31   9.640e+00    2.801e+04    2.931e+02      9.000e+00    9.000e+00    5.745e-02      15.96s       3         
32   9.585e+00    6.604e+07    1.424e+04      9.000e+00    9.000e+00    5.745e-02      15.01s       3         
33   9.518e+00    2.370e+05    1.474e+07      9.000e+00    9.000e+00    5.745e-02      14.00s       3         
34   9.305e+00    3.256e+03    2.310e+03      9.000e+00    9.000e+00    5.745e-02      13.03s       3         
35   9.928e+00    3.329e+04    4.931e+07      9.000e+00    9.000e+00    5.745e-02      12.51s       3         
36   9.482e+00    5.651e+02    9.102e+03      9.000e+00    9.000e+00    5.745e-02      11.17s       3         
37   9.902e+00    1.313e+05    9.918e+01      9.000e+00    9.000e+00    5.745e-02      10.32s       3         
38   9.242e+00    2.112e+03    1.124e+05      9.000e+00    9.000e+00    5.745e-02      9.20s        3         
39   9.502e+00    1.589e+07    2.235e+02      9.000e+00    9.000e+00    5.745e-02      8.83s        3         
40   9.547e+00    2.925e+04    8.548e+03      9.000e+00    9.000e+00    5.745e-02      11.00s       3         
41   9.385e+00    6.111e+04    7.650e+02      9.000e+00    9.000e+00    5.745e-02      7.02s        3         
42   9.410e+00    8.103e+08    5.312e+03      9.000e+00    9.000e+00    5.745e-02      5.85s        3         
43   9.635e+00    3.041e+10    1.054e+04      9.000e+00    9.000e+00    5.745e-02      5.20s        3         
44   9.230e+00    1.405e+11    1.918e+05      9.000e+00    9.000e+00    5.745e-02      4.40s        3         
45   9.562e+00    2.140e+09    2.296e+03      9.000e+00    9.000e+00    5.745e-02      3.48s        3         
46   9.453e+00    2.930e+03    6.802e+04      9.000e+00    9.000e+00    5.745e-02      2.56s        3         
47   9.873e+00    1.568e+04    1.566e+05      9.000e+00    9.000e+00    5.745e-02      1.74s        3         
48   9.470e+00    9.916e+05    2.143e+02      9.000e+00    9.000e+00    5.745e-02      0.89s        3         
49   9.530e+00    1.246e+04    2.840e+05      9.000e+00    9.000e+00    5.745e-02      0.00s        3         
50   9.350e+00    1.639e+04    1.457e+03      9.000e+00    9.000e+00    5.745e-02      20.25s       3         
51   9.578e+00    2.464e+08    9.501e+02      9.000e+00    9.000e+00    5.745e-02      19.96s       3         
52   1.013e+01    3.608e+06    5.235e+05      9.000e+00    9.000e+00    5.745e-02      26.31s       3         
53   9.425e+00    2.273e+04    2.017e+06      9.000e+00    9.000e+00    5.745e-02      18.54s       3         
54   9.245e+00    6.428e+05    5.466e+04      9.000e+00    9.000e+00    5.630e-02      17.17s       3         
55   9.227e+00    1.651e+06    6.344e+03      9.000e+00    9.000e+00    5.630e-02      16.13s       3         
56   1.004e+01    1.402e+05    5.317e+04      9.000e+00    9.000e+00    5.630e-02      15.94s       3         
57   9.838e+00    7.818e+10    3.661e+03      9.000e+00    9.000e+00    5.630e-02      15.11s       3         
58   1.003e+01    3.187e+04    2.476e+07      9.000e+00    9.000e+00    5.578e-02      13.90s       3         
59   9.607e+00    2.128e+07    6.625e+03      9.000e+00    9.000e+00    5.578e-02      12.86s       3         
60   9.447e+00    3.285e+03    4.488e+04      9.000e+00    9.000e+00    5.578e-02      12.12s       3         
61   9.405e+00    6.389e+04    1.263e+03      9.000e+00    9.000e+00    5.578e-02      11.45s       3         
62   1.027e+01    2.291e+06    3.417e+03      9.000e+00    9.000e+00    5.578e-02      10.67s       3         
63   9.842e+00    1.931e+10    4.377e+03      9.000e+00    9.000e+00    5.578e-02      13.09s       3         
64   9.265e+00    1.570e+06    8.162e+02      9.000e+00    9.000e+00    5.578e-02      8.64s        3         
65   9.418e+00    1.611e+04    1.757e+03      9.000e+00    9.000e+00    5.578e-02      7.76s        3         
66   9.518e+00    2.024e+03    1.575e+02      9.000e+00    9.000e+00    5.578e-02      6.82s        3         
67   9.365e+00    3.058e+03    1.220e+03      9.000e+00    9.000e+00    5.578e-02      6.03s        3         
68   9.920e+00    8.573e+04    5.507e+03      9.000e+00    9.000e+00    5.578e-02      5.21s        3         
69   9.412e+00    3.766e+02    3.214e+03      9.000e+00    9.000e+00    5.578e-02      4.37s        3         
70   9.242e+00    8.755e+02    1.820e+12      9.000e+00    9.000e+00    5.578e-02      3.47s        3         
71   9.715e+00    1.183e+04    5.724e+04      9.000e+00    9.000e+00    5.578e-02      2.66s        3         
72   9.950e+00    1.598e+10    2.621e+06      9.000e+00    9.000e+00    5.575e-02      1.78s        3         
73   9.780e+00    1.508e+06    3.758e+10      9.000e+00    9.000e+00    5.575e-02      0.89s        3         
74   9.467e+00    2.015e+04    6.632e+02      9.000e+00    9.000e+00    5.575e-02      0.00s        3         
75   9.440e+00    1.613e+06    1.404e+03      9.000e+00    9.000e+00    5.575e-02      22.12s       3         
76   9.480e+00    7.760e+06    5.334e+04      9.000e+00    9.000e+00    5.575e-02      20.47s       3         
77   9.455e+00    1.175e+07    2.202e+04      9.000e+00    9.000e+00    5.575e-02      19.11s       3         
78   9.088e+00    1.391e+03    3.292e+04      9.000e+00    9.000e+00    5.575e-02      18.74s       3         
79   9.367e+00    2.901e+03    5.223e+01      9.000e+00    9.000e+00    5.575e-02      17.03s       3         
80   9.477e+00    3.444e+06    1.357e+03      9.000e+00    9.000e+00    5.575e-02      16.36s       3         
81   9.200e+00    2.147e+03    1.699e+02      9.000e+00    9.000e+00    5.575e-02      15.67s       3         
82   9.100e+00    3.715e+03    2.298e+03      9.000e+00    9.000e+00    5.575e-02      15.38s       3         
83   9.543e+00    8.267e+04    5.209e+06      9.000e+00    9.000e+00    5.575e-02      13.73s       3         
84   9.543e+00    2.045e+06    7.220e+02      9.000e+00    9.000e+00    5.575e-02      12.86s       3         
85   9.553e+00    2.027e+09    1.023e+05      9.000e+00    9.000e+00    5.575e-02      12.49s       3         
86   9.440e+00    7.605e+05    7.436e+03      9.000e+00    9.000e+00    5.575e-02      15.58s       3         
87   9.290e+00    2.441e+04    1.859e+03      9.000e+00    9.000e+00    5.575e-02      10.61s       3         
88   9.360e+00    3.490e+05    9.118e+08      9.000e+00    9.000e+00    5.524e-02      9.54s        3         
89   9.585e+00    2.707e+05    1.780e+06      9.000e+00    9.000e+00    5.524e-02      8.90s        3         
90   9.745e+00    8.613e+06    2.782e+03      9.000e+00    9.000e+00    5.524e-02      8.07s        3         
91   9.738e+00    3.460e+04    1.040e+03      9.000e+00    9.000e+00    5.524e-02      7.07s        3         
92   9.543e+00    1.921e+05    1.039e+04      9.000e+00    9.000e+00    5.524e-02      6.30s        3         
93   9.453e+00    2.592e+06    5.029e+04      9.000e+00    9.000e+00    5.524e-02      5.30s        3         
94   9.395e+00    1.846e+04    5.020e+03      9.000e+00    9.000e+00    5.524e-02      4.38s        3         
95   9.293e+00    5.645e+03    2.566e+06      9.000e+00    9.000e+00    5.524e-02      3.53s        3         
96   9.040e+00    2.753e+05    5.282e+03      9.000e+00    9.000e+00    5.524e-02      2.66s        3         
97   9.480e+00    9.968e+11    4.598e+03      9.000e+00    9.000e+00    5.524e-02      2.44s        3         
98   1.003e+01    1.291e+07    2.278e+03      9.000e+00    9.000e+00    5.524e-02      0.89s        3         
99   9.482e+00    6.990e+05    8.745e+06      9.000e+00    9.000e+00    5.524e-02      0.00s        3         
100  9.572e+00    8.521e+05    6.158e+05      9.000e+00    9.000e+00    5.524e-02      21.75s       3         
101  9.610e+00    4.837e+09    1.531e+07      9.000e+00    9.000e+00    5.524e-02      21.16s       3         
102  9.380e+00    2.740e+02    1.784e+04      9.000e+00    9.000e+00    5.524e-02      19.73s       3         
103  9.588e+00    4.694e+06    4.947e+04      9.000e+00    9.000e+00    5.524e-02      18.68s       3         
104  9.530e+00    7.091e+03    1.843e+12      9.000e+00    9.000e+00    5.524e-02      18.00s       3         
105  1.027e+01    7.849e+07    1.458e+03      9.000e+00    9.000e+00    5.524e-02      17.29s       3         
106  9.475e+00    8.425e+06    1.658e+02      9.000e+00    9.000e+00    5.524e-02      16.19s       3         
107  9.592e+00    5.538e+04    6.541e+04      9.000e+00    9.000e+00    5.524e-02      14.91s       3         
108  9.627e+00    5.339e+03    6.502e+04      9.000e+00    9.000e+00    5.524e-02      18.98s       3         
109  9.265e+00    8.803e+05    5.115e+03      9.000e+00    9.000e+00    5.524e-02      13.11s       3         
110  9.675e+00    3.568e+03    3.030e+03      9.000e+00    9.000e+00    5.524e-02      12.63s       3         
111  9.920e+00    1.735e+05    1.551e+05      9.000e+00    9.000e+00    5.524e-02      11.46s       3         
112  9.242e+00    5.631e+07    3.249e+04      9.000e+00    9.000e+00    5.524e-02      10.49s       3         
113  9.745e+00    3.243e+06    5.689e+03      9.000e+00    9.000e+00    5.524e-02      9.49s        3         
114  9.850e+00    9.367e+02    4.674e+03      9.000e+00    9.000e+00    5.524e-02      8.86s        3         
115  9.297e+00    7.682e+02    7.230e+03      9.000e+00    9.000e+00    5.524e-02      7.83s        3         
116  9.383e+00    1.815e+08    6.043e+03      9.000e+00    9.000e+00    5.524e-02      7.08s        3         
117  9.655e+00    1.943e+06    5.714e+02      9.000e+00    9.000e+00    5.524e-02      6.07s        3         
118  9.735e+00    1.910e+05    1.124e+04      9.000e+00    9.000e+00    5.524e-02      5.19s        3         
119  9.152e+00    1.117e+02    1.108e+03      9.000e+00    9.000e+00    5.524e-02      6.02s        3         
120  1.014e+01    2.580e+09    1.273e+02      9.000e+00    9.000e+00    5.524e-02      3.61s        3         
121  9.627e+00    9.652e+03    2.726e+03      9.000e+00    9.000e+00    5.524e-02      2.63s        3         
122  9.732e+00    1.097e+08    7.642e+04      9.000e+00    9.000e+00    5.524e-02      1.75s        3         
123  9.178e+00    3.674e+02    1.191e+03      9.000e+00    9.000e+00    5.524e-02      0.90s        3         
124  9.475e+00    1.172e+12    8.003e+08      9.000e+00    9.000e+00    5.524e-02      0.00s        3         
125  9.960e+00    1.373e+05    5.504e+04      9.000e+00    9.000e+00    5.524e-02      21.22s       3         
126  9.580e+00    1.981e+05    1.360e+03      9.000e+00    9.000e+00    5.524e-02      20.11s       3         
127  9.350e+00    9.299e+06    9.211e+03      9.000e+00    9.000e+00    5.524e-02      19.54s       3         
128  9.430e+00    9.320e+11    3.853e+03      9.000e+00    9.000e+00    5.524e-02      18.33s       3         
129  1.002e+01    1.201e+10    1.305e+15      9.000e+00    9.000e+00    5.524e-02      17.62s       3         
130  9.727e+00    1.263e+05    1.618e+04      9.000e+00    9.000e+00    5.524e-02      22.65s       3         
131  9.572e+00    5.081e+04    1.369e+04      9.000e+00    9.000e+00    5.524e-02      16.24s       3         
132  9.275e+00    6.161e+03    6.813e+03      9.000e+00    9.000e+00    5.524e-02      15.99s       3         
133  9.277e+00    9.523e+05    3.792e+02      9.000e+00    9.000e+00    5.524e-02      14.58s       3         
134  9.285e+00    7.278e+03    1.075e+07      9.000e+00    9.000e+00    5.524e-02      13.59s       3         
135  9.535e+00    3.264e+03    2.481e+04      9.000e+00    9.000e+00    5.524e-02      12.55s       3         
136  9.662e+00    4.537e+03    2.448e+05      9.000e+00    9.000e+00    5.524e-02      11.75s       3         
137  9.285e+00    3.632e+04    1.274e+05      9.000e+00    9.000e+00    5.524e-02      10.75s       3         
138  9.568e+00    1.956e+11    2.720e+04      9.000e+00    9.000e+00    5.524e-02      9.95s        3         
139  9.645e+00    1.274e+09    2.182e+05      9.000e+00    9.000e+00    5.524e-02      9.44s        3         
140  9.590e+00    6.074e+06    1.239e+04      9.000e+00    9.000e+00    5.524e-02      8.52s        3         
141  9.745e+00    1.638e+05    1.383e+03      9.000e+00    9.000e+00    5.524e-02      9.84s        3         
142  9.252e+00    5.956e+03    6.550e+04      9.000e+00    9.000e+00    5.524e-02      6.20s        3         
143  9.447e+00    2.339e+05    1.191e+04      9.000e+00    9.000e+00    5.524e-02      5.42s        3         
144  9.623e+00    1.742e+07    3.634e+04      9.000e+00    9.000e+00    5.524e-02      4.52s        3         
145  9.595e+00    6.587e+05    1.339e+04      9.000e+00    9.000e+00    5.524e-02      3.57s        3         
146  9.283e+00    7.546e+06    1.425e+03      9.000e+00    9.000e+00    5.524e-02      2.69s        3         
147  9.630e+00    5.445e+04    4.224e+07      9.000e+00    9.000e+00    5.524e-02      1.83s        3         
148  9.170e+00    4.897e+02    3.417e+04      9.000e+00    9.000e+00    5.524e-02      0.90s        3         
149  9.385e+00    6.298e+04    8.795e+02      9.000e+00    9.000e+00    5.524e-02      0.00s        3         
150  9.693e+00    4.571e+05    4.414e+03      9.000e+00    9.000e+00    5.524e-02      22.09s       3         
151  9.535e+00    1.629e+05    4.264e+10      9.000e+00    9.000e+00    5.524e-02      21.21s       3         
152  9.440e+00    7.063e+08    2.107e+04      9.000e+00    9.000e+00    5.524e-02      27.41s       3         
153  9.432e+00    6.192e+02    3.379e+03      9.000e+00    9.000e+00    5.524e-02      18.78s       3         
154  9.803e+00    2.306e+06    1.579e+07      9.000e+00    9.000e+00    5.524e-02      18.22s       3         
155  9.290e+00    2.637e+06    4.131e+02      9.000e+00    9.000e+00    5.524e-02      17.76s       3         
156  9.447e+00    1.826e+03    3.353e+03      9.000e+00    9.000e+00    5.524e-02      16.68s       3         
157  9.545e+00    9.103e+04    2.556e+04      9.000e+00    9.000e+00    5.524e-02      15.52s       3         
158  9.412e+00    5.136e+05    1.455e+03      9.000e+00    9.000e+00    5.524e-02      14.60s       3         
159  9.748e+00    1.612e+05    4.351e+03      9.000e+00    9.000e+00    5.524e-02      13.62s       3         
160  1.003e+01    3.743e+08    2.668e+09      9.000e+00    9.000e+00    5.524e-02      12.37s       3         
161  9.922e+00    1.548e+05    2.318e+04      9.000e+00    9.000e+00    5.524e-02      11.42s       3         
162  9.530e+00    5.378e+06    1.004e+02      9.000e+00    9.000e+00    5.524e-02      10.44s       3         
163  9.367e+00    1.159e+02    1.733e+05      9.000e+00    9.000e+00    5.524e-02      13.06s       3         
164  9.245e+00    2.441e+03    8.175e+04      9.000e+00    9.000e+00    5.524e-02      8.93s        3         
165  9.830e+00    1.020e+07    5.265e+06      9.000e+00    9.000e+00    5.524e-02      8.16s        3         
166  9.732e+00    2.078e+09    8.665e+06      9.000e+00    9.000e+00    5.524e-02      6.99s        3         
167  1.018e+01    2.914e+06    6.318e+06      9.000e+00    9.000e+00    5.524e-02      6.26s        3         
168  9.495e+00    1.828e+04    3.011e+03      9.000e+00    9.000e+00    5.524e-02      5.29s        3         
169  9.430e+00    2.745e+04    1.096e+06      9.000e+00    9.000e+00    5.524e-02      4.41s        3         
170  9.383e+00    1.183e+07    1.367e+07      9.000e+00    9.000e+00    5.524e-02      3.53s        3         
171  9.615e+00    7.042e+06    4.039e+04      9.000e+00    9.000e+00    5.524e-02      2.68s        3         
172  8.992e+00    2.185e+02    2.541e+03      9.000e+00    9.000e+00    5.524e-02      1.75s        3         
173  9.525e+00    4.647e+04    2.496e+04      9.000e+00    9.000e+00    5.524e-02      0.88s        3         
174  9.422e+00    7.200e+05    3.448e+04      9.000e+00    9.000e+00    5.524e-02      0.00s        3         
175  9.105e+00    9.266e+03    3.456e+03      9.000e+00    9.000e+00    5.524e-02      20.80s       3         
176  9.605e+00    1.022e+04    8.754e+03      9.000e+00    9.000e+00    5.524e-02      20.35s       3         
177  9.012e+00    2.447e+03    1.948e+07      9.000e+00    9.000e+00    5.524e-02      19.47s       3         
178  9.450e+00    2.279e+03    4.548e+03      9.000e+00    9.000e+00    5.524e-02      18.46s       3         
179  9.447e+00    7.199e+05    7.700e+03      9.000e+00    9.000e+00    5.524e-02      17.25s       3         
180  9.235e+00    5.380e+09    1.676e+03      9.000e+00    9.000e+00    5.524e-02      16.34s       3         
181  9.470e+00    6.182e+02    4.780e+03      9.000e+00    9.000e+00    5.524e-02      15.49s       3         
182  9.172e+00    2.332e+04    7.243e+03      9.000e+00    9.000e+00    5.524e-02      14.86s       3         
183  9.445e+00    6.921e+05    1.115e+04      9.000e+00    9.000e+00    5.524e-02      14.31s       3         
184  9.455e+00    9.608e+03    1.568e+04      9.000e+00    9.000e+00    5.524e-02      12.52s       3         
185  9.918e+00    4.793e+05    7.650e+02      9.000e+00    9.000e+00    5.524e-02      16.81s       3         
186  9.012e+00    1.316e+04    1.982e+04      9.000e+00    9.000e+00    5.524e-02      11.85s       3         
187  9.402e+00    7.777e+07    2.574e+12      9.000e+00    9.000e+00    5.524e-02      10.85s       3         
188  9.910e+00    6.799e+07    4.447e+04      9.000e+00    9.000e+00    5.524e-02      9.62s        3         
189  9.023e+00    1.611e+03    2.182e+03      9.000e+00    9.000e+00    5.524e-02      8.84s        3         
190  9.835e+00    3.470e+10    7.484e+05      9.000e+00    9.000e+00    5.524e-02      8.11s        3         
191  9.585e+00    2.080e+06    1.483e+06      9.000e+00    9.000e+00    5.524e-02      6.99s        3         
192  9.155e+00    2.857e+11    1.982e+06      9.000e+00    9.000e+00    5.524e-02      6.24s        2         
193  9.130e+00    1.619e+07    3.678e+03      9.000e+00    9.000e+00    5.524e-02      5.23s        2         
194  9.422e+00    8.485e+09    1.435e+03      9.000e+00    9.000e+00    5.524e-02      4.26s        2         
195  9.570e+00    2.867e+05    8.349e+04      9.000e+00    9.000e+00    5.524e-02      3.45s        2         
196  9.535e+00    1.917e+10    9.680e+16      9.000e+00    9.000e+00    5.524e-02      3.66s        2         
197  9.245e+00    3.309e+05    1.595e+03      9.000e+00    9.000e+00    5.524e-02      1.77s        2         
198  9.152e+00    1.107e+05    3.578e+03      9.000e+00    9.000e+00    5.524e-02      0.86s        2         
199  9.185e+00    1.419e+11    1.475e+05      9.000e+00    9.000e+00    5.524e-02      0.00s        2         
200  8.685e+00    1.116e+03    1.681e+06      9.000e+00    9.000e+00    5.524e-02      20.00s       2         
201  9.143e+00    1.793e+02    2.221e+05      9.000e+00    9.000e+00    5.524e-02      20.10s       2         
202  9.443e+00    7.584e+03    1.452e+06      9.000e+00    9.000e+00    5.524e-02      18.96s       2         
203  8.992e+00    1.936e+03    2.299e+05      9.000e+00    9.000e+00    5.524e-02      17.77s       2         
204  9.080e+00    1.300e+08    3.190e+03      9.000e+00    9.000e+00    5.524e-02      16.58s       2         
205  9.415e+00    1.362e+07    1.863e+05      9.000e+00    9.000e+00    5.524e-02      16.01s       2         
206  9.467e+00    3.479e+04    3.977e+04      9.000e+00    9.000e+00    5.524e-02      15.36s       2         
207  9.690e+00    3.053e+05    8.382e+03      9.000e+00    9.000e+00    5.524e-02      14.70s       2         
208  9.652e+00    3.536e+06    2.983e+05      9.000e+00    9.000e+00    5.524e-02      19.34s       2         
209  9.262e+00    1.095e+06    3.712e+03      9.000e+00    9.000e+00    5.524e-02      12.56s       2         
210  8.588e+00    1.708e+03    3.893e+08      9.000e+00    9.000e+00    5.524e-02      11.77s       2         
211  9.152e+00    1.909e+07    3.724e+03      9.000e+00    9.000e+00    5.524e-02      11.20s       2         
212  9.135e+00    8.827e+03    4.984e+04      9.000e+00    9.000e+00    5.524e-02      10.37s       2         
213  9.295e+00    3.010e+04    3.751e+04      9.000e+00    9.000e+00    5.524e-02      9.41s        2         
214  9.328e+00    6.435e+10    9.448e+02      9.000e+00    9.000e+00    5.524e-02      8.42s        2         
215  9.055e+00    1.023e+06    1.076e+04      9.000e+00    9.000e+00    5.524e-02      7.76s        2         
216  8.723e+00    3.937e+03    5.033e+04      9.000e+00    9.000e+00    5.524e-02      6.85s        2         
217  9.457e+00    2.718e+03    2.975e+02      9.000e+00    9.000e+00    5.524e-02      6.03s        2         
218  9.057e+00    2.220e+03    2.391e+05      9.000e+00    9.000e+00    5.524e-02      5.10s        2         
219  9.037e+00    6.307e+08    2.884e+07      9.000e+00    9.000e+00    5.524e-02      5.85s        2         
220  9.848e+00    2.994e+11    3.400e+07      9.000e+00    9.000e+00    5.524e-02      3.58s        2         
221  8.990e+00    6.833e+06    4.458e+03      9.000e+00    9.000e+00    5.524e-02      2.62s        2         
222  8.905e+00    4.445e+04    2.968e+08      9.000e+00    9.000e+00    5.524e-02      1.74s        2         
223  9.260e+00    8.102e+04    5.133e+05      9.000e+00    9.000e+00    5.524e-02      0.86s        2         
224  9.460e+00    4.822e+04    2.905e+03      9.000e+00    9.000e+00    5.524e-02      0.00s        2         
225  9.428e+00    4.358e+05    4.324e+07      9.000e+00    9.000e+00    5.524e-02      20.87s       2         
226  9.092e+00    3.725e+03    6.265e+02      9.000e+00    9.000e+00    5.524e-02      19.98s       2         
227  9.338e+00    9.284e+06    1.855e+04      9.000e+00    9.000e+00    5.524e-02      19.38s       2         
228  9.380e+00    4.821e+05    1.901e+02      9.000e+00    9.000e+00    5.524e-02      18.69s       2         
229  9.480e+00    1.200e+07    2.908e+06      9.000e+00    9.000e+00    5.524e-02      18.06s       2         
230  9.220e+00    3.121e+02    2.025e+03      9.000e+00    9.000e+00    5.524e-02      23.44s       2         
231  9.627e+00    2.423e+08    2.105e+07      9.000e+00    9.000e+00    5.524e-02      16.10s       2         
232  9.415e+00    5.160e+05    2.963e+02      9.000e+00    9.000e+00    5.524e-02      14.62s       2         
233  8.950e+00    2.898e+06    8.443e+02      9.000e+00    9.000e+00    5.524e-02      14.05s       2         
234  9.652e+00    5.561e+07    4.878e+04      9.000e+00    9.000e+00    5.524e-02      13.91s       2         
235  9.043e+00    3.273e+08    6.456e+04      9.000e+00    9.000e+00    5.524e-02      12.74s       2         
236  9.230e+00    2.292e+14    6.643e+03      9.000e+00    9.000e+00    5.524e-02      11.57s       2         
237  9.633e+00    3.355e+04    2.334e+03      9.000e+00    9.000e+00    5.524e-02      10.91s       2         
238  9.130e+00    5.097e+05    1.809e+05      9.000e+00    9.000e+00    5.524e-02      9.98s        2         
239  9.095e+00    4.341e+07    2.503e+05      9.000e+00    9.000e+00    5.524e-02      9.09s        2         
240  9.100e+00    1.141e+06    6.980e+03      9.000e+00    9.000e+00    5.524e-02      7.66s        2         
241  9.918e+00    5.662e+07    2.281e+03      9.000e+00    9.000e+00    5.524e-02      7.21s        2         
242  9.227e+00    6.448e+05    9.308e+04      9.000e+00    9.000e+00    5.524e-02      8.63s        2         
243  9.668e+00    3.655e+10    8.893e+06      9.000e+00    9.000e+00    5.524e-02      5.37s        2         
244  9.387e+00    5.451e+05    2.111e+03      9.000e+00    9.000e+00    5.524e-02      4.51s        2         
245  9.713e+00    3.371e+13    5.502e+02      9.000e+00    9.000e+00    5.524e-02      3.57s        2         
246  9.348e+00    2.997e+03    2.058e+03      9.000e+00    9.000e+00    5.524e-02      2.72s        2         
247  9.297e+00    2.011e+07    5.793e+07      9.000e+00    9.000e+00    5.524e-02      1.76s        2         
248  9.873e+00    5.413e+05    2.257e+06      9.000e+00    9.000e+00    5.524e-02      0.90s        2         
249  9.470e+00    3.516e+05    8.845e+05      9.000e+00    9.000e+00    5.524e-02      0.00s        2         
250  9.242e+00    3.904e+06    5.809e+04      9.000e+00    9.000e+00    5.524e-02      21.18s       2         
251  9.057e+00    2.168e+04    1.749e+03      9.000e+00    9.000e+00    5.524e-02      20.67s       2         
252  9.363e+00    2.483e+07    7.258e+03      9.000e+00    9.000e+00    5.524e-02      19.63s       2         
253  9.800e+00    1.093e+07    9.463e+03      9.000e+00    9.000e+00    5.524e-02      26.05s       2         
254  9.762e+00    4.344e+06    3.141e+05      9.000e+00    9.000e+00    5.524e-02      17.64s       2         
255  9.340e+00    9.290e+03    4.273e+04      9.000e+00    9.000e+00    5.524e-02      17.00s       2         
256  9.037e+00    1.602e+04    1.139e+12      9.000e+00    9.000e+00    5.524e-02      15.85s       2         
257  9.255e+00    2.007e+04    2.308e+03      9.000e+00    9.000e+00    5.524e-02      15.38s       2         
258  9.470e+00    1.210e+06    3.954e+02      9.000e+00    9.000e+00    5.524e-02      13.75s       2         
259  9.155e+00    3.651e+09    9.661e+02      9.000e+00    9.000e+00    5.524e-02      13.12s       2         
260  9.415e+00    6.548e+05    6.045e+04      9.000e+00    9.000e+00    5.524e-02      12.36s       2         
261  9.195e+00    6.967e+03    8.393e+04      9.000e+00    9.000e+00    5.524e-02      11.81s       2         
262  8.925e+00    4.946e+02    9.588e+03      9.000e+00    9.000e+00    5.524e-02      11.06s       2         
263  9.318e+00    2.982e+06    3.629e+03      9.000e+00    9.000e+00    5.524e-02      9.52s        2         
264  9.415e+00    2.593e+06    2.428e+04      9.000e+00    9.000e+00    5.524e-02      11.78s       2         
265  8.725e+00    2.072e+07    3.794e+03      9.000e+00    9.000e+00    5.524e-02      7.92s        2         
266  9.220e+00    5.871e+08    1.926e+10      9.000e+00    9.000e+00    5.524e-02      7.02s        2         
267  9.053e+00    1.282e+05    1.528e+03      9.000e+00    9.000e+00    5.524e-02      5.84s        2         
268  9.210e+00    4.221e+06    5.300e+04      9.000e+00    9.000e+00    5.524e-02      5.22s        2         
269  9.223e+00    2.128e+13    1.870e+03      9.000e+00    9.000e+00    5.524e-02      4.33s        2         
270  9.365e+00    6.566e+05    1.315e+04      1.700e+01    4.100e+01    5.114e-02      3.42s        3         
271  1.162e+01    3.516e+04    3.071e+02      1.700e+01    4.100e+01    5.114e-02      2.82s        3         
272  1.173e+01    2.975e+11    1.671e+08      1.700e+01    4.100e+01    5.114e-02      1.86s        3         
273  1.156e+01    2.420e+11    1.286e+03      1.700e+01    4.100e+01    5.114e-02      0.93s        3         
274  1.174e+01    3.993e+04    9.340e+04      1.700e+01    6.500e+01    5.034e-02      0.00s        4         
275  1.307e+01    2.281e+06    6.270e+03      1.500e+01    3.500e+01    4.112e-02      31.68s       3         
276  1.106e+01    1.315e+03    1.003e+04      1.500e+01    3.500e+01    4.112e-02      21.77s       3         
277  1.098e+01    2.216e+08    1.267e+06      1.500e+01    3.500e+01    4.112e-02      20.81s       3         
278  1.081e+01    3.547e+02    4.614e+02      1.500e+01    3.500e+01    4.112e-02      19.57s       3         
279  1.084e+01    3.275e+03    3.677e+03      1.500e+01    3.500e+01    4.112e-02      18.71s       3         
280  1.129e+01    1.824e+05    6.504e+04      1.500e+01    3.500e+01    4.112e-02      17.08s       3         
281  1.069e+01    4.650e+05    1.246e+07      1.500e+01    3.500e+01    4.112e-02      16.65s       3         
282  1.115e+01    6.897e+08    1.881e+04      1.500e+01    3.500e+01    4.112e-02      15.80s       3         
283  1.110e+01    1.175e+04    2.147e+03      1.500e+01    3.500e+01    4.112e-02      15.31s       3         
284  1.081e+01    1.561e+03    5.513e+02      1.500e+01    3.500e+01    4.112e-02      14.08s       3         
285  1.168e+01    4.155e+06    8.043e+04      1.500e+01    3.500e+01    4.112e-02      18.33s       3         
286  1.096e+01    4.163e+06    5.648e+03      1.500e+01    3.500e+01    4.112e-02      12.03s       3         
287  1.091e+01    1.000e+04    1.060e+03      1.500e+01    3.500e+01    4.112e-02      11.47s       3         
288  1.149e+01    4.018e+05    1.000e+05      1.500e+01    3.500e+01    4.112e-02      10.28s       3         
289  1.108e+01    1.830e+04    2.440e+11      1.500e+01    3.500e+01    4.112e-02      9.22s        3         
290  1.148e+01    7.742e+11    1.259e+03      1.500e+01    3.500e+01    4.112e-02      8.47s        4         
291  1.127e+01    1.811e+06    1.296e+07      1.500e+01    3.500e+01    4.112e-02      7.61s        4         
292  1.151e+01    2.378e+04    5.661e+03      1.500e+01    3.500e+01    4.112e-02      6.73s        5         
293  1.248e+01    3.342e+04    8.423e+02      1.500e+01    3.500e+01    4.112e-02      5.84s        5         
294  1.255e+01    4.368e+03    4.585e+03      1.500e+01    5.400e+01    3.351e-02      4.95s        6         
295  1.296e+01    1.162e+05    7.902e+05      1.500e+01    5.400e+01    3.284e-02      5.48s        6         
296  1.278e+01    2.592e+03    3.109e+03      1.500e+01    5.400e+01    3.284e-02      3.07s        5         
297  1.276e+01    8.908e+04    6.443e+03      1.500e+01    5.400e+01    3.284e-02      2.08s        5         
298  1.248e+01    2.551e+03    2.941e+03      1.500e+01    5.400e+01    3.284e-02      1.01s        5         
299  1.346e+01    1.085e+06    5.343e+04      1.500e+01    5.400e+01    3.284e-02      0.00s        5         
300  1.238e+01    1.052e+05    2.093e+03      1.300e+01    4.800e+01    3.072e-02      24.54s       5         
301  1.268e+01    3.654e+05    2.646e+03      1.300e+01    4.800e+01    3.072e-02      23.25s       5         
302  1.211e+01    6.165e+04    2.056e+04      1.300e+01    4.800e+01    3.072e-02      21.99s       5         
303  1.253e+01    5.272e+05    2.061e+04      1.300e+01    4.800e+01    3.072e-02      21.48s       5         
304  1.182e+01    4.383e+06    5.874e+01      1.300e+01    4.800e+01    3.072e-02      26.61s       5         
305  1.219e+01    1.940e+06    4.332e+04      1.300e+01    4.800e+01    3.072e-02      19.25s       5         
306  1.239e+01    1.094e+04    2.936e+03      1.300e+01    4.800e+01    3.072e-02      17.64s       5         
307  1.230e+01    4.234e+10    3.815e+06      1.300e+01    4.800e+01    3.072e-02      17.52s       5         
308  1.207e+01    1.247e+03    1.553e+04      1.300e+01    4.800e+01    3.072e-02      15.98s       5         
309  1.229e+01    2.013e+07    2.024e+04      1.300e+01    4.800e+01    3.072e-02      14.92s       5         
310  1.245e+01    1.592e+06    1.324e+03      1.300e+01    4.800e+01    3.072e-02      14.06s       5         
311  1.210e+01    2.400e+05    6.061e+09      1.300e+01    4.800e+01    3.072e-02      13.27s       5         
312  1.192e+01    4.728e+03    6.899e+03      1.300e+01    4.800e+01    3.072e-02      11.96s       5         
313  1.232e+01    2.537e+05    2.943e+07      1.300e+01    4.800e+01    3.072e-02      14.41s       5         
314  1.282e+01    3.425e+03    3.532e+04      1.300e+01    4.800e+01    3.072e-02      10.19s       5         
315  1.223e+01    5.816e+03    8.313e+07      1.300e+01    4.800e+01    3.072e-02      8.95s        5         
316  1.249e+01    4.174e+04    5.810e+03      1.300e+01    4.800e+01    3.072e-02      8.28s        5         
317  1.201e+01    6.715e+04    1.192e+03      1.300e+01    4.800e+01    3.072e-02      6.82s        6         
318  1.222e+01    8.775e+03    5.013e+01      1.300e+01    4.800e+01    3.072e-02      6.00s        6         
319  1.211e+01    6.190e+04    2.939e+03      1.300e+01    4.800e+01    3.072e-02      4.92s        6         
320  1.253e+01    3.296e+06    2.296e+02      1.300e+01    4.800e+01    3.072e-02      4.04s        6         
321  1.215e+01    1.043e+06    9.251e+01      1.300e+01    4.800e+01    3.072e-02      3.03s        6         
322  1.254e+01    7.251e+04    5.165e+02      1.300e+01    4.800e+01    3.072e-02      2.72s        6         
323  1.220e+01    4.796e+07    2.616e+05      1.300e+01    4.800e+01    3.072e-02      1.04s        6         
324  1.245e+01    9.166e+05    6.453e+06      1.300e+01    4.800e+01    3.072e-02      0.00s        6         
325  1.245e+01    4.600e+05    5.244e+05      1.300e+01    4.800e+01    3.072e-02      24.51s       6         
326  1.263e+01    3.202e+12    1.663e+03      1.300e+01    4.800e+01    3.072e-02      23.60s       6         
327  1.298e+01    4.529e+11    6.059e+06      1.300e+01    4.800e+01    3.072e-02      22.55s       6         
328  1.246e+01    4.228e+04    5.774e+02      1.300e+01    4.800e+01    3.072e-02      21.78s       7         
329  1.248e+01    9.946e+07    3.898e+07      1.300e+01    4.800e+01    3.072e-02      20.55s       7         
330  1.244e+01    2.599e+10    1.074e+07      1.300e+01    4.800e+01    3.072e-02      19.35s       7         
331  1.326e+01    9.864e+04    9.288e+03      1.300e+01    4.800e+01    3.072e-02      24.75s       7         
332  1.259e+01    4.563e+04    2.402e+07      1.300e+01    4.800e+01    3.072e-02      17.82s       7         
333  1.256e+01    2.470e+08    7.771e+01      1.300e+01    4.800e+01    3.072e-02      16.49s       7         
334  1.294e+01    1.132e+04    1.899e+03      1.300e+01    4.800e+01    3.072e-02      15.60s       7         
335  1.257e+01    3.404e+05    1.815e+03      1.300e+01    4.800e+01    3.072e-02      14.65s       7         
336  1.253e+01    1.632e+11    6.118e+03      1.300e+01    4.800e+01    3.072e-02      13.41s       7         
337  1.245e+01    2.969e+03    1.454e+02      1.300e+01    4.800e+01    3.072e-02      12.59s       7         
338  1.266e+01    1.190e+08    2.252e+05      1.300e+01    4.800e+01    3.072e-02      11.47s       7         
339  1.268e+01    4.232e+08    5.087e+03      1.300e+01    4.800e+01    3.072e-02      10.64s       7         
340  1.240e+01    8.997e+05    6.778e+03      1.300e+01    4.800e+01    3.072e-02      12.51s       7         
341  1.278e+01    2.816e+09    1.027e+03      1.300e+01    4.800e+01    3.072e-02      8.45s        7         
342  1.253e+01    3.441e+05    2.267e+04      1.300e+01    4.800e+01    3.072e-02      7.22s        7         
343  1.287e+01    6.519e+03    4.650e+08      1.300e+01    4.800e+01    3.072e-02      6.21s        7         
344  1.225e+01    7.807e+03    6.537e+06      1.300e+01    4.800e+01    3.072e-02      5.06s        7         
345  1.245e+01    2.498e+02    6.515e+05      1.300e+01    4.800e+01    3.072e-02      4.27s        6         
346  1.219e+01    1.911e+07    8.998e+03      1.300e+01    4.800e+01    3.072e-02      3.00s        6         
347  1.189e+01    9.155e+03    3.058e+04      1.300e+01    4.800e+01    3.072e-02      2.00s        6         
348  1.241e+01    1.271e+12    1.440e+04      1.300e+01    4.800e+01    3.072e-02      1.00s        6         
349  1.188e+01    1.745e+04    3.457e+02      1.300e+01    4.800e+01    3.072e-02      0.00s        6         
350  1.227e+01    1.189e+07    2.295e+07      1.300e+01    4.800e+01    3.072e-02      32.48s       6         
351  1.246e+01    1.886e+04    4.180e+03      1.300e+01    4.800e+01    3.072e-02      23.61s       6         
352  1.198e+01    4.705e+11    8.941e+02      1.300e+01    4.800e+01    3.072e-02      23.70s       6         
353  1.191e+01    5.791e+02    1.042e+04      1.300e+01    4.800e+01    3.072e-02      21.56s       6         
354  1.180e+01    2.741e+03    1.123e+04      1.300e+01    4.800e+01    3.072e-02      19.08s       6         
355  1.205e+01    9.594e+06    1.718e+05      1.300e+01    4.800e+01    3.072e-02      18.78s       6         
356  1.214e+01    5.801e+02    1.654e+04      1.300e+01    4.800e+01    3.072e-02      18.15s       6         
357  1.266e+01    1.942e+07    2.600e+17      1.300e+01    4.800e+01    3.072e-02      16.55s       6         
358  1.239e+01    2.124e+07    1.341e+07      1.300e+01    4.800e+01    3.072e-02      15.59s       6         
359  1.243e+01    5.829e+07    2.530e+05      1.300e+01    4.800e+01    3.072e-02      20.01s       7         
360  1.197e+01    6.481e+05    3.172e+04      1.300e+01    4.800e+01    3.072e-02      14.22s       7         
361  1.234e+01    6.712e+08    9.941e+07      1.300e+01    4.800e+01    3.072e-02      12.34s       7         
362  1.226e+01    7.656e+08    8.650e+02      1.300e+01    4.800e+01    3.072e-02      11.90s       7         
363  1.251e+01    4.582e+05    9.994e+01      1.300e+01    4.800e+01    3.072e-02      11.22s       7         
364  1.212e+01    3.056e+05    3.791e+04      1.300e+01    4.800e+01    3.072e-02      10.02s       7         
365  1.254e+01    5.689e+08    9.876e+02      1.300e+01    4.800e+01    3.072e-02      8.88s        7         
366  1.236e+01    3.691e+03    5.986e+04      1.300e+01    4.800e+01    3.072e-02      8.20s        7         
367  1.251e+01    2.187e+09    1.392e+04      1.300e+01    4.800e+01    3.072e-02      7.04s        7         
368  1.249e+01    4.171e+05    1.136e+03      1.300e+01    4.800e+01    3.072e-02      6.10s        7         
369  1.246e+01    2.384e+04    7.361e+03      1.300e+01    4.800e+01    3.072e-02      6.78s        7         
370  1.221e+01    3.967e+05    1.077e+04      1.300e+01    4.800e+01    3.072e-02      3.87s        7         
371  1.206e+01    1.444e+06    2.878e+04      1.300e+01    4.800e+01    3.072e-02      2.99s        7         
372  1.265e+01    1.454e+07    2.143e+04      1.300e+01    4.800e+01    3.072e-02      2.09s        7         
373  1.226e+01    8.504e+03    3.358e+05      1.300e+01    4.800e+01    3.072e-02      1.01s        7         
374  1.216e+01    1.958e+03    4.417e+03      1.300e+01    4.800e+01    3.072e-02      0.00s        7         
375  1.248e+01    2.794e+04    8.484e+06      1.300e+01    4.800e+01    3.072e-02      24.14s       7         
376  1.261e+01    5.419e+09    1.185e+07      1.300e+01    4.800e+01    3.072e-02      23.66s       7         
377  1.246e+01    1.645e+04    8.826e+05      1.300e+01    4.800e+01    3.072e-02      21.90s       7         
378  1.243e+01    3.996e+03    7.596e+03      1.300e+01    4.800e+01    3.072e-02      27.84s       7         
379  1.229e+01    7.586e+13    6.095e+05      1.300e+01    4.800e+01    3.072e-02      20.19s       7         
380  1.238e+01    2.947e+09    3.123e+03      1.300e+01    4.800e+01    3.072e-02      19.05s       7         
381  1.236e+01    7.992e+06    6.621e+03      1.300e+01    4.800e+01    3.072e-02      17.94s       7         
382  1.218e+01    4.193e+04    3.146e+03      1.300e+01    4.800e+01    3.072e-02      17.14s       7         
383  1.242e+01    4.653e+02    1.943e+04      1.300e+01    4.800e+01    3.072e-02      16.18s       7         
384  1.196e+01    1.216e+04    3.452e+02      1.300e+01    4.800e+01    3.072e-02      14.46s       7         
385  1.211e+01    1.547e+03    5.946e+01      1.300e+01    4.800e+01    3.072e-02      13.78s       7         
386  1.229e+01    5.849e+07    1.434e+06      1.300e+01    4.800e+01    3.072e-02      13.05s       7         
387  1.244e+01    8.084e+05    1.667e+03      1.300e+01    4.800e+01    3.072e-02      12.16s       7         
388  1.289e+01    7.533e+10    7.235e+09      1.300e+01    4.800e+01    3.072e-02      14.61s       7         
389  1.245e+01    7.152e+03    3.090e+07      1.300e+01    4.800e+01    3.072e-02      10.12s       7         
390  1.234e+01    6.197e+06    6.319e+05      1.300e+01    4.800e+01    3.072e-02      9.12s        7         
391  1.240e+01    2.117e+14    2.597e+04      1.300e+01    4.800e+01    3.072e-02      8.21s        7         
392  1.241e+01    1.232e+11    6.670e+03      1.300e+01    4.800e+01    3.072e-02      7.08s        7         
393  1.255e+01    1.194e+07    1.003e+04      1.300e+01    4.800e+01    3.072e-02      6.02s        7         
394  1.213e+01    5.152e+04    4.052e+06      1.300e+01    4.800e+01    3.072e-02      5.09s        7         
395  1.211e+01    1.601e+03    5.557e+04      1.300e+01    4.800e+01    3.072e-02      4.08s        7         
396  1.236e+01    5.867e+04    5.202e+04      1.300e+01    4.800e+01    3.072e-02      3.02s        7         
397  1.203e+01    2.594e+05    9.908e+05      1.300e+01    4.800e+01    3.072e-02      2.66s        7         
398  1.222e+01    2.733e+06    1.072e+04      1.300e+01    4.800e+01    3.072e-02      1.02s        7         
399  1.249e+01    8.640e+05    3.447e+03      1.300e+01    4.800e+01    3.072e-02      0.00s        7         
400  1.242e+01    2.060e+03    2.830e+05      1.300e+01    4.800e+01    3.072e-02      24.13s       7         
401  1.207e+01    1.178e+03    2.445e+04      1.300e+01    4.800e+01    3.072e-02      22.65s       7         
402  1.247e+01    2.691e+10    2.006e+04      1.300e+01    4.800e+01    3.072e-02      22.59s       7         
403  1.202e+01    3.990e+02    1.605e+03      1.300e+01    4.800e+01    3.072e-02      21.23s       7         
404  1.224e+01    8.965e+02    6.074e+04      1.300e+01    4.800e+01    3.072e-02      19.78s       7         
405  1.271e+01    8.251e+09    4.209e+02      1.300e+01    4.800e+01    3.072e-02      18.62s       7         
406  1.238e+01    6.264e+03    1.126e+05      1.300e+01    4.800e+01    3.072e-02      23.76s       7         
407  1.266e+01    1.001e+08    1.175e+05      1.300e+01    4.800e+01    3.072e-02      17.60s       7         
408  1.225e+01    8.729e+02    8.278e+02      1.300e+01    4.800e+01    3.072e-02      15.93s       7         
409  1.257e+01    3.277e+05    1.625e+05      1.300e+01    4.800e+01    3.072e-02      15.17s       7         
410  1.239e+01    5.719e+02    3.998e+03      1.300e+01    4.800e+01    3.072e-02      14.75s       7         
411  1.265e+01    1.190e+04    3.844e+04      1.300e+01    4.800e+01    3.072e-02      13.62s       7         
412  1.247e+01    1.977e+06    3.026e+08      1.300e+01    4.800e+01    3.072e-02      12.33s       7         
413  1.230e+01    3.928e+03    1.063e+04      1.300e+01    4.800e+01    3.072e-02      11.53s       7         
414  1.249e+01    2.513e+06    1.129e+05      1.300e+01    4.800e+01    3.072e-02      10.44s       7         
415  1.231e+01    3.028e+06    3.469e+03      1.300e+01    4.800e+01    3.072e-02      8.78s        7         
416  1.192e+01    2.977e+05    2.357e+03      1.300e+01    4.800e+01    3.072e-02      10.59s       7         
417  1.274e+01    2.571e+07    8.012e+07      1.300e+01    4.800e+01    3.072e-02      7.01s        7         
418  1.245e+01    4.200e+09    7.402e+03      1.300e+01    4.800e+01    3.072e-02      6.12s        7         
419  1.302e+01    5.022e+08    1.774e+03      1.300e+01    4.800e+01    3.072e-02      4.99s        8         
420  1.250e+01    7.743e+05    5.995e+04      1.300e+01    4.800e+01    3.072e-02      4.01s        8         
421  1.294e+01    1.748e+14    1.153e+04      1.300e+01    4.800e+01    3.072e-02      3.09s        8         
422  1.244e+01    1.113e+05    1.388e+03      1.300e+01    4.800e+01    3.072e-02      2.09s        8         
423  1.268e+01    5.787e+04    4.012e+03      1.300e+01    4.800e+01    3.072e-02      0.97s        8         
424  1.283e+01    1.434e+10    2.626e+05      1.300e+01    4.800e+01    3.072e-02      0.00s        7         
425  1.264e+01    1.460e+05    2.951e+03      1.300e+01    4.800e+01    3.072e-02      32.57s       7         
426  1.270e+01    3.916e+03    1.417e+05      1.300e+01    4.800e+01    3.072e-02      24.11s       7         
427  1.240e+01    3.164e+04    1.084e+02      1.300e+01    4.800e+01    3.072e-02      22.61s       7         
428  1.241e+01    3.466e+04    6.204e+04      1.300e+01    4.800e+01    3.072e-02      21.13s       7         
429  1.265e+01    5.877e+06    2.663e+03      1.300e+01    4.800e+01    3.072e-02      19.96s       7         
430  1.285e+01    9.503e+03    8.036e+03      1.300e+01    4.800e+01    3.072e-02      19.57s       7         
431  1.322e+01    4.680e+09    9.911e+03      1.300e+01    4.800e+01    3.072e-02      18.07s       7         
432  1.268e+01    3.463e+05    7.140e+02      1.300e+01    4.800e+01    3.072e-02      16.99s       7         
433  1.237e+01    7.027e+03    2.844e+03      1.300e+01    4.800e+01    3.072e-02      16.18s       7         
434  1.282e+01    1.108e+11    9.081e+04      1.300e+01    4.800e+01    3.072e-02      17.99s       7         
435  1.220e+01    9.079e+02    3.403e+04      1.300e+01    4.800e+01    3.072e-02      14.41s       7         
436  1.260e+01    3.673e+03    1.129e+03      1.300e+01    4.800e+01    3.072e-02      13.21s       7         
437  1.279e+01    2.100e+04    1.602e+04      1.300e+01    4.800e+01    3.072e-02      12.54s       7         
438  1.291e+01    1.556e+06    2.203e+03      1.300e+01    4.800e+01    3.072e-02      11.01s       7         
439  1.229e+01    1.648e+02    2.294e+03      1.300e+01    4.800e+01    3.072e-02      10.16s       7         
440  1.285e+01    2.604e+03    2.039e+05      1.300e+01    4.800e+01    3.072e-02      9.21s        7         
441  1.235e+01    5.497e+03    4.785e+03      1.300e+01    4.800e+01    3.072e-02      8.35s        7         
442  1.253e+01    4.886e+05    1.857e+05      1.300e+01    4.800e+01    3.072e-02      7.20s        7         
443  1.275e+01    4.424e+05    4.822e+11      1.300e+01    4.800e+01    3.072e-02      8.19s        7         
444  1.244e+01    8.439e+04    3.110e+05      1.300e+01    4.800e+01    3.072e-02      5.09s        7         
445  1.254e+01    1.966e+03    2.152e+03      1.300e+01    4.800e+01    3.072e-02      3.99s        7         
446  1.241e+01    6.469e+04    4.078e+02      1.300e+01    4.800e+01    3.072e-02      3.03s        7         
447  1.256e+01    3.345e+08    5.689e+04      1.300e+01    4.800e+01    3.072e-02      1.94s        7         
448  1.315e+01    3.789e+09    2.225e+04      1.300e+01    4.800e+01    3.072e-02      1.03s        7         
449  1.268e+01    4.008e+04    9.537e+04      1.300e+01    4.800e+01    3.072e-02      0.00s        7         
450  1.271e+01    1.607e+05    1.324e+05      1.300e+01    4.800e+01    3.072e-02      24.13s       7         
451  1.294e+01    3.963e+06    1.891e+03      1.300e+01    4.800e+01    3.072e-02      23.02s       7         
452  1.226e+01    1.113e+05    1.951e+04      1.300e+01    4.800e+01    3.072e-02      22.33s       7         
453  1.272e+01    2.531e+06    2.320e+03      1.300e+01    4.800e+01    3.072e-02      28.43s       7         
454  1.271e+01    7.760e+04    2.104e+03      1.300e+01    4.800e+01    3.072e-02      20.25s       7         
455  1.263e+01    2.977e+11    2.905e+08      1.300e+01    4.800e+01    3.072e-02      19.59s       7         
456  1.278e+01    2.978e+07    4.659e+05      1.300e+01    4.800e+01    3.072e-02      18.30s       7         
457  1.273e+01    1.639e+05    5.199e+06      1.300e+01    4.800e+01    3.072e-02      17.26s       7         
458  1.282e+01    9.838e+05    7.656e+03      1.300e+01    4.800e+01    3.072e-02      16.21s       7         
459  1.196e+01    4.576e+03    9.082e+01      1.300e+01    4.800e+01    3.072e-02      15.49s       7         
460  1.253e+01    3.697e+03    1.399e+06      1.300e+01    4.800e+01    3.072e-02      14.76s       7         
461  1.250e+01    1.189e+07    3.212e+02      1.300e+01    4.800e+01    3.072e-02      13.34s       7         
462  1.236e+01    1.832e+05    6.972e+02      1.300e+01    4.800e+01    3.072e-02      16.34s       7         
463  1.237e+01    8.967e+02    8.869e+04      1.300e+01    4.800e+01    3.072e-02      11.32s       7         
464  1.261e+01    5.715e+04    7.401e+03      1.300e+01    4.800e+01    3.072e-02      10.16s       6         
465  1.219e+01    4.871e+03    6.659e+03      1.300e+01    4.800e+01    3.072e-02      8.91s        6         
466  1.245e+01    5.260e+03    1.557e+06      1.300e+01    4.800e+01    3.072e-02      8.09s        6         
467  1.220e+01    8.868e+03    1.490e+03      1.300e+01    4.800e+01    3.072e-02      7.27s        6         
468  1.254e+01    1.562e+06    3.948e+04      1.300e+01    4.800e+01    3.072e-02      6.02s        6         
469  1.221e+01    6.057e+03    2.387e+04      1.300e+01    4.800e+01    3.072e-02      4.92s        6         
470  1.284e+01    2.465e+08    3.296e+03      1.300e+01    4.800e+01    3.072e-02      4.01s        6         
471  1.225e+01    1.939e+09    6.579e+03      1.300e+01    4.800e+01    3.072e-02      3.05s        6         
472  1.232e+01    7.551e+02    4.195e+02      1.300e+01    4.800e+01    3.072e-02      2.71s        6         
473  1.286e+01    8.381e+06    1.048e+04      1.300e+01    4.800e+01    3.072e-02      1.01s        6         
474  1.270e+01    8.580e+10    1.305e+07      1.300e+01    4.800e+01    3.072e-02      0.00s        6         
475  1.268e+01    1.506e+07    2.926e+08      1.300e+01    4.800e+01    3.072e-02      24.04s       6         
476  1.263e+01    4.702e+13    2.180e+03      1.300e+01    4.800e+01    3.072e-02      23.46s       6         
477  1.265e+01    4.574e+12    8.049e+03      1.300e+01    4.800e+01    3.072e-02      22.19s       6         
478  1.294e+01    7.446e+09    2.156e+08      1.300e+01    4.800e+01    3.072e-02      21.79s       6         
479  1.233e+01    1.667e+05    3.057e+08      1.300e+01    4.800e+01    3.072e-02      20.67s       6         
480  1.219e+01    3.994e+03    4.716e+02      1.300e+01    4.800e+01    3.072e-02      19.16s       6         
481  1.229e+01    5.315e+03    4.809e+01      1.300e+01    4.800e+01    3.072e-02      24.17s       6         
482  1.254e+01    7.970e+03    1.693e+07      1.300e+01    4.800e+01    3.072e-02      16.49s       6         
483  1.233e+01    1.183e+04    4.009e+05      1.300e+01    4.800e+01    3.072e-02      16.33s       6         
484  1.267e+01    1.146e+04    7.388e+03      1.300e+01    4.800e+01    3.072e-02      14.66s       6         
485  1.268e+01    2.324e+08    1.487e+06      1.300e+01    4.800e+01    3.072e-02      13.77s       6         
486  1.270e+01    3.313e+09    4.346e+04      1.300e+01    4.800e+01    3.072e-02      13.14s       6         
487  1.259e+01    3.977e+05    2.459e+06      1.300e+01    4.800e+01    3.072e-02      12.31s       6         
488  1.228e+01    5.444e+14    2.460e+09      1.300e+01    4.800e+01    3.072e-02      11.27s       6         
489  1.264e+01    1.719e+03    5.937e+02      1.300e+01    4.800e+01    3.072e-02      10.34s       6         
490  1.241e+01    8.563e+04    1.742e+04      1.300e+01    4.800e+01    3.072e-02      9.14s        6         
491  1.308e+01    8.771e+04    2.164e+02      1.300e+01    4.800e+01    3.072e-02      10.99s       6         
492  1.237e+01    2.196e+07    2.374e+03      1.300e+01    4.800e+01    3.072e-02      7.21s        6         
493  1.248e+01    6.886e+03    1.235e+04      1.300e+01    4.800e+01    3.072e-02      6.18s        6         
494  1.243e+01    2.298e+05    1.712e+06      1.300e+01    4.800e+01    3.072e-02      5.08s        6         
495  1.215e+01    1.739e+06    2.026e+09      1.300e+01    4.800e+01    3.072e-02      4.01s        6         
496  1.285e+01    2.125e+04    3.012e+11      1.300e+01    4.800e+01    3.072e-02      3.07s        6         
497  1.278e+01    5.387e+02    1.034e+02      1.300e+01    4.800e+01    3.072e-02      2.03s        6         
498  1.261e+01    1.407e+03    5.197e+05      1.300e+01    4.800e+01    3.072e-02      0.99s        6         
499  1.239e+01    8.178e+05    2.109e+02      1.300e+01    4.800e+01    3.072e-02      0.00s        6         





Time: 0h:8m:4s
####   Data for the best program   ####
Best Program: mul(sub(0.980, 1.527), sub(mul(0.274, add(X2, sub(X2, X1))), 1.347))
Best Program Complexity: 48
Raw Fitness: 0.03072455359504213
Penalized Fitness: 0.03072455359504213
Estimator		Train-rmse: 0.03072455359504213	Test-rmse: 0.029435277098127013	Test-R^2: 0.9095168419665071

{'complexity': 'kommenda', 'const_range': (1e-10, 2.0), 'elitism_size': 0, 'function_set': ('add', 'sub', 'div', 'mul'), 'generations': 500, 'init_depth': (3, 6), 'init_method': 'half and half', 'low_memory': True, 'max_samples': 1.0, 'metric': 'rmse', 'n_jobs': 2, 'p_crossover': 0.0, 'p_hoist_mutation': 0.0, 'p_point_mutation': 0.5, 'p_point_replace': 0.05, 'p_subtree_mutation': 0.5, 'paretogp': True, 'paretogp_lengths': (5, 130), 'parsimony_coefficient': 0.0, 'population_size': 800, 'random_state': 797446139, 'selection': 'tournament', 'stopping_criteria': 1e-10, 'tournament_size': 11, 'verbose': 1, 'warm_start': True}
