    |          Population Average          |           Best Individual            |
---- -------------------------------------- -------------------------------------- ----------
Gen  Length       Kommenda     Fitness        Length       Kommenda     Fitness        Time Left    Front Size
0    3.603e+01    1.046e+16    1.267e+11      1.500e+01    5.330e+02    1.996e-01      8.54s        0         
1    1.348e+01    2.088e+13    6.983e+02      1.000e+00    1.000e+00    1.473e-01      23.52s       0         
2    1.143e+01    3.096e+09    3.176e+02      1.100e+01    1.560e+02    8.996e-02      18.29s       0         
3    1.248e+01    2.309e+09    1.275e+05      1.100e+01    1.560e+02    8.996e-02      17.87s       0         
4    1.061e+01    2.964e+06    1.375e+02      2.300e+01    7.910e+02    6.656e-02      17.35s       0         
5    8.883e+00    2.149e+04    1.578e+05      2.300e+01    7.910e+02    6.656e-02      15.82s       0         
6    9.435e+00    1.119e+03    5.726e+01      2.300e+01    7.910e+02    6.656e-02      14.79s       0         
7    1.157e+01    3.009e+03    2.008e+04      1.700e+01    5.890e+02    6.120e-02      17.64s       0         
8    1.291e+01    2.105e+04    3.721e+04      3.100e+01    2.195e+05    5.927e-02      14.86s       0         
9    1.652e+01    6.661e+06    1.175e+04      5.900e+01    5.610e+08    5.821e-02      14.45s       0         
10   2.261e+01    1.965e+10    7.527e+04      3.900e+01    8.436e+05    5.106e-02      14.80s       0         
11   3.149e+01    1.118e+14    1.186e+08      4.900e+01    2.193e+06    5.028e-02      17.00s       0         
12   3.596e+01    7.951e+10    3.197e+07      5.500e+01    7.416e+06    4.050e-02      14.90s       0         
13   3.841e+01    6.808e+14    1.801e+12      5.500e+01    7.416e+06    4.050e-02      14.54s       0         
14   4.388e+01    8.283e+14    3.017e+08      5.500e+01    7.416e+06    4.050e-02      13.91s       0         
15   5.297e+01    2.907e+17    7.739e+02      5.500e+01    7.416e+06    4.050e-02      13.70s       0         
16   6.821e+01    1.655e+22    4.338e+04      6.500e+01    1.608e+08    3.701e-02      14.60s       0         
17   8.787e+01    2.465e+27    4.016e+01      6.500e+01    1.608e+08    3.701e-02      13.18s       0         
18   8.420e+01    1.606e+31    4.719e+02      5.300e+01    5.331e+06    3.424e-02      12.87s       0         
19   8.509e+01    6.662e+27    5.137e+03      7.900e+01    8.798e+09    3.191e-02      9.98s        0         
20   8.737e+01    1.427e+26    1.741e+02      7.700e+01    8.798e+09    3.149e-02      8.95s        0         
21   8.634e+01    7.522e+25    1.476e+02      6.500e+01    2.659e+08    3.140e-02      6.73s        0         
22   9.069e+01    1.332e+25    9.141e+01      8.100e+01    9.832e+07    2.812e-02      4.39s        0         
23   9.358e+01    5.655e+30    5.743e+02      8.100e+01    9.832e+07    2.812e-02      2.35s        0         
24   1.018e+02    5.758e+37    9.275e+02      8.100e+01    9.832e+07    2.812e-02      0.00s        0         
25   9.929e+01    3.396e+27    1.271e+03      8.500e+01    9.838e+07    2.781e-02      57.20s       0         
26   9.584e+01    4.530e+34    6.168e+01      8.900e+01    9.864e+07    2.734e-02      51.97s       0         
27   8.950e+01    6.872e+25    2.842e+01      8.900e+01    9.864e+07    2.734e-02      49.88s       0         
28   8.793e+01    1.358e+27    4.981e+01      9.100e+01    9.897e+07    2.716e-02      47.67s       0         
29   8.634e+01    5.463e+28    4.832e+01      7.900e+01    9.838e+07    2.754e-02      42.44s       0         
30   8.758e+01    7.442e+23    8.510e+03      1.970e+02    1.449e+20    2.751e-02      44.29s       0         
31   8.925e+01    5.210e+22    6.720e+02      1.950e+02    4.986e+20    2.750e-02      43.39s       0         
32   9.330e+01    3.259e+28    6.751e+02      7.100e+01    1.264e+09    2.664e-02      41.38s       0         
33   9.610e+01    7.550e+22    3.945e+04      7.100e+01    1.264e+09    2.664e-02      36.10s       0         
34   1.037e+02    1.625e+26    2.421e+04      7.100e+01    1.264e+09    2.664e-02      37.70s       0         
35   9.948e+01    3.693e+27    5.034e+04      7.100e+01    1.264e+09    2.664e-02      35.92s       0         
36   9.967e+01    2.504e+21    9.546e+02      7.300e+01    1.738e+09    2.643e-02      32.45s       0         
37   1.093e+02    2.119e+28    1.708e+04      7.300e+01    1.738e+09    2.643e-02      31.06s       0         
38   1.062e+02    2.655e+26    5.719e+02      7.300e+01    1.738e+09    2.643e-02      29.29s       0         
39   1.013e+02    9.019e+26    3.630e+04      6.900e+01    5.991e+08    2.641e-02      24.38s       0         
40   1.051e+02    5.326e+35    2.380e+01      6.100e+01    5.677e+07    2.632e-02      24.36s       0         
41   9.803e+01    2.009e+34    1.368e+05      6.100e+01    5.677e+07    2.632e-02      21.87s       0         
42   9.550e+01    3.320e+27    2.095e+03      6.100e+01    5.677e+07    2.632e-02      17.54s       0         
43   9.508e+01    1.716e+33    2.259e+01      6.500e+01    1.502e+08    2.569e-02      14.93s       0         
44   9.468e+01    9.265e+38    2.712e+04      6.500e+01    1.502e+08    2.569e-02      12.35s       0         
45   8.689e+01    2.646e+33    1.481e+03      6.500e+01    1.502e+08    2.569e-02      9.26s        0         
46   8.680e+01    4.436e+32    1.506e+01      6.500e+01    1.502e+08    2.569e-02      6.90s        0         
47   8.565e+01    2.070e+29    5.107e+04      6.500e+01    1.502e+08    2.569e-02      4.89s        0         
48   8.229e+01    3.516e+30    1.891e+01      6.500e+01    1.502e+08    2.569e-02      2.38s        0         
49   8.213e+01    6.028e+29    1.802e+01      6.500e+01    1.502e+08    2.569e-02      0.00s        0         
50   7.932e+01    3.727e+37    4.984e+03      6.500e+01    1.502e+08    2.569e-02      52.64s       0         
51   8.144e+01    1.165e+38    2.017e+08      6.500e+01    1.502e+08    2.569e-02      49.50s       0         
52   7.999e+01    3.668e+35    7.513e+02      6.500e+01    1.502e+08    2.569e-02      50.83s       0         
53   8.063e+01    9.242e+27    3.029e+01      6.500e+01    1.502e+08    2.569e-02      49.09s       0         
54   7.998e+01    4.855e+25    5.230e+01      6.500e+01    1.502e+08    2.569e-02      45.96s       0         
55   8.099e+01    1.047e+24    1.177e+02      6.500e+01    1.502e+08    2.569e-02      43.32s       0         
56   8.367e+01    2.249e+26    4.869e+01      1.150e+02    3.321e+12    2.562e-02      39.42s       0         
57   8.031e+01    1.049e+25    3.263e+01      1.050e+02    6.006e+10    2.562e-02      40.24s       0         
58   7.927e+01    2.269e+26    9.046e+02      9.900e+01    8.130e+12    2.528e-02      36.14s       0         
59   7.831e+01    2.549e+20    2.917e+01      1.690e+02    6.819e+18    2.528e-02      32.31s       0         
60   7.964e+01    1.523e+25    2.580e+01      1.270e+02    1.010e+16    2.528e-02      33.14s       0         
61   8.094e+01    2.792e+21    3.841e+02      1.030e+02    8.834e+12    2.144e-02      28.32s       0         
62   8.054e+01    5.387e+24    4.510e+01      9.700e+01    3.324e+12    2.144e-02      28.18s       0         
63   8.119e+01    3.288e+23    2.730e+01      8.500e+01    1.562e+11    2.144e-02      26.64s       0         
64   8.433e+01    4.263e+28    1.117e+01      1.710e+02    6.740e+19    2.144e-02      23.34s       0         
65   9.344e+01    5.581e+28    4.231e+02      1.430e+02    2.009e+18    2.144e-02      19.76s       0         
66   1.024e+02    1.906e+33    9.966e+02      1.410e+02    2.333e+17    2.144e-02      19.20s       0         
67   9.947e+01    4.106e+40    9.305e+02      7.900e+01    1.869e+10    2.144e-02      16.92s       0         
68   9.558e+01    3.118e+37    1.400e+01      9.100e+01    8.172e+10    2.123e-02      13.24s       0         
69   9.237e+01    3.227e+42    1.998e+01      8.500e+01    2.572e+10    2.123e-02      12.03s       0         
70   8.290e+01    1.190e+26    4.237e+01      9.300e+01    7.639e+10    2.123e-02      9.29s        0         
71   8.242e+01    3.898e+29    4.966e+03      8.700e+01    2.172e+10    2.123e-02      6.27s        0         
72   8.690e+01    3.374e+33    4.826e+03      7.500e+01    2.643e+09    2.060e-02      4.36s        0         
73   8.961e+01    2.806e+35    2.597e+04      7.500e+01    2.643e+09    2.060e-02      2.40s        0         
74   8.952e+01    6.783e+24    8.934e+01      7.500e+01    2.643e+09    2.060e-02      0.00s        0         
75   8.993e+01    3.275e+27    1.511e+03      7.500e+01    2.643e+09    2.060e-02      1.00m        0         
76   8.504e+01    3.824e+23    1.964e+03      7.500e+01    2.643e+09    2.060e-02      55.93s       0         
77   8.490e+01    1.372e+31    6.395e+01      7.500e+01    2.643e+09    2.060e-02      49.97s       0         
78   8.666e+01    1.969e+25    3.320e+01      9.900e+01    2.762e+12    2.022e-02      46.20s       0         
79   9.012e+01    2.640e+29    3.442e+01      9.900e+01    3.992e+12    2.022e-02      50.56s       0         
80   9.323e+01    2.594e+29    4.748e+06      1.210e+02    1.047e+17    2.001e-02      48.01s       0         
81   8.686e+01    8.253e+28    1.568e+01      1.010e+02    1.214e+13    2.022e-02      43.74s       0         
82   8.947e+01    1.332e+27    1.356e+02      1.050e+02    1.933e+13    2.022e-02      41.87s       0         
83   8.914e+01    2.525e+30    2.361e+01      1.030e+02    3.613e+12    2.022e-02      40.38s       0         
84   9.221e+01    1.203e+28    9.007e+03      9.700e+01    3.304e+12    2.015e-02      34.98s       0         
85   9.625e+01    6.223e+31    2.616e+04      8.700e+01    8.413e+10    1.980e-02      35.09s       0         
86   9.929e+01    1.223e+29    5.545e+01      8.500e+01    1.464e+11    2.014e-02      33.32s       0         
87   9.709e+01    7.038e+41    1.187e+05      1.110e+02    7.588e+11    2.001e-02      30.68s       0         
88   9.486e+01    5.992e+33    2.915e+01      8.300e+01    2.160e+10    1.977e-02      28.19s       0         
89   9.192e+01    8.128e+30    5.276e+02      1.890e+02    4.951e+22    2.021e-02      24.29s       0         
90   8.965e+01    2.183e+31    1.016e+02      8.300e+01    1.476e+10    1.938e-02      19.74s       0         
91   9.274e+01    1.832e+32    2.383e+01      8.100e+01    9.137e+09    1.938e-02      19.58s       0         
92   9.517e+01    4.557e+38    6.034e+02      7.700e+01    8.842e+08    1.938e-02      17.64s       0         
93   9.428e+01    1.683e+37    1.513e+02      7.500e+01    8.842e+08    1.938e-02      14.99s       0         
94   9.198e+01    1.414e+31    4.483e+04      7.900e+01    1.759e+09    1.938e-02      12.51s       0         
95   9.173e+01    2.853e+29    2.752e+02      7.100e+01    1.291e+08    1.938e-02      9.23s        0         
96   9.350e+01    1.942e+28    2.310e+01      7.500e+01    8.842e+08    1.938e-02      6.93s        0         
97   9.542e+01    3.332e+28    4.889e+03      1.410e+02    1.068e+17    1.938e-02      5.05s        0         
98   9.794e+01    7.766e+29    4.265e+01      1.790e+02    9.749e+19    1.929e-02      2.51s        0         
99   9.478e+01    1.830e+27    4.461e+01      1.070e+02    1.289e+13    1.917e-02      0.00s        0         
100  9.247e+01    1.002e+33    2.350e+02      1.290e+02    1.714e+14    1.917e-02      1.03m        0         
101  9.597e+01    3.556e+30    2.785e+01      6.900e+01    2.744e+07    1.938e-02      57.55s       0         
102  9.667e+01    3.825e+29    2.274e+02      1.750e+02    2.074e+20    1.937e-02      56.06s       0         
103  9.783e+01    2.932e+37    7.178e+00      8.500e+01    2.318e+10    1.938e-02      49.76s       0         
104  9.549e+01    9.573e+37    1.976e+01      8.100e+01    1.021e+10    1.938e-02      50.09s       0         
105  9.793e+01    5.384e+54    5.860e+01      8.500e+01    7.063e+08    1.938e-02      49.03s       0         
106  9.684e+01    7.179e+54    9.985e+01      8.700e+01    2.584e+10    1.934e-02      47.46s       0         
107  9.894e+01    6.801e+34    8.013e+00      1.130e+02    2.055e+14    1.931e-02      43.93s       0         
108  9.774e+01    4.482e+34    2.249e+04      1.250e+02    3.071e+15    1.931e-02      41.67s       0         
109  1.012e+02    4.798e+30    3.552e+01      1.130e+02    1.157e+12    1.934e-02      39.33s       0         
110  1.014e+02    4.346e+34    8.368e+02      1.630e+02    3.823e+15    1.933e-02      37.00s       0         
111  9.504e+01    4.347e+34    8.892e+01      1.230e+02    2.026e+13    1.938e-02      32.41s       0         
112  9.703e+01    1.377e+30    8.475e+03      1.010e+02    3.626e+12    1.938e-02      29.12s       0         
113  9.645e+01    2.648e+30    3.390e+01      8.900e+01    2.723e+10    1.938e-02      29.54s       0         
114  9.525e+01    6.801e+29    7.981e+03      8.900e+01    1.976e+11    1.918e-02      23.75s       0         
115  9.284e+01    3.000e+25    1.349e+01      8.700e+01    3.509e+09    1.938e-02      23.30s       0         
116  9.420e+01    1.052e+28    1.590e+02      8.500e+01    7.674e+09    1.938e-02      20.80s       0         
117  9.417e+01    1.649e+30    1.366e+02      1.430e+02    3.521e+14    1.938e-02      18.20s       0         
118  9.823e+01    2.950e+31    1.477e+01      7.900e+01    3.412e+09    1.938e-02      15.44s       0         
119  9.174e+01    3.659e+24    2.421e+02      8.900e+01    6.688e+10    1.936e-02      12.72s       0         
120  9.162e+01    9.397e+33    5.458e+01      8.900e+01    1.367e+11    1.937e-02      10.03s       0         
121  9.149e+01    4.198e+41    2.410e+03      9.700e+01    4.737e+10    1.933e-02      7.74s        0         
122  9.034e+01    4.850e+20    5.091e+01      1.150e+02    6.437e+11    1.933e-02      4.79s        0         
123  9.419e+01    1.571e+30    1.762e+01      1.490e+02    2.639e+16    1.938e-02      2.56s        0         
124  9.266e+01    1.199e+26    5.397e+01      8.300e+01    1.174e+10    1.930e-02      0.00s        0         
125  9.181e+01    1.149e+29    1.695e+03      8.100e+01    7.449e+09    1.922e-02      1.00m        0         
126  9.469e+01    2.991e+29    4.746e+02      7.900e+01    4.385e+09    1.930e-02      59.17s       0         
127  9.725e+01    1.249e+39    5.209e+01      7.900e+01    4.385e+09    1.930e-02      57.58s       0         
128  9.611e+01    5.903e+37    7.066e+01      8.500e+01    3.012e+10    1.916e-02      54.89s       0         
129  9.393e+01    4.828e+26    1.512e+03      9.500e+01    1.478e+11    1.916e-02      49.03s       0         
130  9.608e+01    1.553e+29    4.196e+02      9.300e+01    1.674e+11    1.924e-02      48.02s       0         
131  9.828e+01    4.273e+30    1.023e+01      1.030e+02    8.046e+11    1.928e-02      44.42s       0         
132  9.379e+01    2.056e+30    5.037e+03      1.310e+02    2.470e+12    1.938e-02      44.05s       0         
133  9.510e+01    2.697e+35    3.729e+01      7.900e+01    7.777e+08    1.938e-02      41.32s       0         
134  9.775e+01    7.560e+28    3.024e+03      9.700e+01    3.841e+12    1.937e-02      39.50s       0         
135  9.264e+01    3.254e+30    1.794e+01      1.530e+02    1.306e+17    1.938e-02      35.20s       0         
136  9.134e+01    1.171e+30    4.970e+03      7.100e+01    4.802e+07    1.938e-02      32.23s       0         
137  9.190e+01    3.137e+30    4.317e+01      7.700e+01    8.758e+08    1.938e-02      28.78s       0         
138  9.461e+01    8.567e+30    6.819e+01      9.700e+01    3.316e+11    1.918e-02      28.13s       0         
139  9.212e+01    2.073e+28    1.441e+02      7.700e+01    1.321e+09    1.916e-02      24.02s       0         
140  9.325e+01    9.235e+29    1.605e+07      1.010e+02    1.037e+12    1.920e-02      23.20s       0         
141  9.484e+01    8.789e+29    1.383e+02      8.500e+01    1.153e+11    1.891e-02      20.71s       0         
142  9.541e+01    6.474e+32    2.427e+01      1.270e+02    7.593e+16    1.921e-02      18.20s       0         
143  9.418e+01    2.679e+34    6.922e+01      7.300e+01    1.448e+08    1.938e-02      15.98s       0         
144  9.179e+01    7.137e+35    1.125e+03      7.700e+01    1.369e+09    1.938e-02      12.78s       0         
145  9.290e+01    2.496e+27    3.156e+01      1.750e+02    6.515e+17    1.938e-02      9.41s        0         
146  9.314e+01    5.401e+27    5.245e+01      1.030e+02    2.377e+11    1.938e-02      7.66s        0         
147  9.424e+01    2.451e+26    3.745e+03      1.330e+02    1.431e+14    1.938e-02      4.70s        0         
148  9.303e+01    6.137e+30    2.955e+01      1.050e+02    3.603e+10    1.938e-02      2.49s        0         
149  9.176e+01    2.692e+27    9.033e+00      7.100e+01    1.327e+08    1.938e-02      0.00s        0         
150  9.496e+01    1.899e+30    3.530e+01      7.700e+01    3.239e+08    1.933e-02      1.02m        0         
151  9.219e+01    2.793e+26    1.493e+04      7.700e+01    1.044e+09    1.933e-02      58.63s       0         
152  9.085e+01    1.008e+28    3.992e+01      8.900e+01    4.390e+09    1.938e-02      55.06s       0         
153  8.560e+01    4.567e+30    1.377e+02      1.050e+02    2.365e+11    1.938e-02      50.49s       0         
154  8.511e+01    9.148e+23    2.094e+04      7.100e+01    1.364e+08    1.938e-02      44.93s       0         
155  8.875e+01    4.332e+23    3.631e+04      9.300e+01    1.359e+10    1.938e-02      43.08s       0         
156  8.831e+01    2.555e+26    2.209e+01      1.090e+02    2.533e+10    1.938e-02      43.78s       0         
157  8.770e+01    4.816e+23    1.483e+03      8.700e+01    5.615e+09    1.938e-02      41.45s       0         
158  8.689e+01    1.516e+25    5.627e+03      7.300e+01    2.513e+08    1.938e-02      38.62s       0         
159  8.761e+01    1.168e+24    2.833e+01      9.300e+01    7.095e+09    1.938e-02      36.78s       0         
160  9.050e+01    4.886e+28    1.481e+02      2.210e+02    2.504e+25    1.938e-02      31.66s       0         
161  9.341e+01    1.030e+34    4.966e+02      9.500e+01    1.211e+11    1.938e-02      32.66s       0         
162  9.021e+01    1.467e+24    6.136e+00      8.500e+01    7.349e+09    1.938e-02      28.01s       0         
163  9.010e+01    2.600e+24    2.093e+03      8.500e+01    5.160e+09    1.938e-02      26.50s       0         
164  9.627e+01    1.136e+25    1.776e+01      7.300e+01    4.086e+08    1.938e-02      25.27s       0         
165  9.101e+01    3.748e+30    3.159e+02      1.050e+02    6.369e+09    1.938e-02      22.85s       0         
166  8.689e+01    1.150e+22    2.189e+01      1.450e+02    3.684e+15    1.938e-02      19.70s       0         
167  9.139e+01    5.848e+24    1.128e+01      1.770e+02    1.841e+20    1.936e-02      17.20s       0         
168  8.990e+01    9.130e+30    1.992e+01      8.700e+01    6.417e+09    1.929e-02      14.80s       0         
169  8.747e+01    5.981e+27    1.116e+01      8.300e+01    7.252e+09    1.931e-02      11.30s       0         
170  8.894e+01    1.534e+28    2.728e+03      9.300e+01    3.208e+10    1.935e-02      9.87s        0         
171  8.961e+01    7.953e+24    1.069e+01      1.290e+02    1.536e+15    1.938e-02      7.37s        0         
172  8.747e+01    4.140e+23    5.280e+01      9.100e+01    4.548e+10    1.938e-02      4.95s        0         
173  9.080e+01    3.663e+29    8.384e+01      1.030e+02    1.922e+10    1.938e-02      2.42s        0         
174  9.191e+01    6.317e+25    2.806e+01      1.170e+02    1.412e+12    1.933e-02      0.00s        0         
175  8.773e+01    1.285e+28    2.163e+01      1.170e+02    8.474e+11    1.933e-02      59.76s       0         
176  8.923e+01    2.416e+30    2.084e+01      1.050e+02    9.508e+10    1.933e-02      53.28s       0         
177  8.687e+01    6.393e+30    6.554e+02      9.300e+01    5.715e+09    1.933e-02      53.19s       0         
178  8.614e+01    1.863e+26    2.715e+02      9.300e+01    1.894e+10    1.933e-02      51.40s       0         
179  8.889e+01    7.436e+29    2.008e+02      7.300e+01    8.795e+07    1.916e-02      48.35s       0         
180  8.945e+01    2.845e+27    1.692e+01      6.900e+01    2.744e+07    1.916e-02      45.32s       0         
181  8.753e+01    6.502e+27    1.331e+01      1.090e+02    1.647e+12    1.933e-02      45.47s       0         
182  9.430e+01    1.421e+27    2.700e+01      7.300e+01    1.122e+08    1.933e-02      40.12s       0         
183  9.143e+01    7.446e+29    3.433e+03      7.700e+01    4.812e+08    1.933e-02      40.76s       0         
184  9.175e+01    1.041e+30    1.821e+01      1.270e+02    1.312e+14    1.933e-02      37.21s       0         
185  9.144e+01    1.174e+37    9.606e+01      9.300e+01    1.214e+11    1.933e-02      35.17s       0         
186  9.623e+01    1.768e+37    1.047e+01      1.570e+02    1.628e+18    1.933e-02      33.22s       0         
187  9.203e+01    2.319e+37    2.123e+01      9.100e+01    8.979e+09    1.938e-02      31.44s       0         
188  9.044e+01    4.972e+24    2.520e+03      1.290e+02    1.832e+14    1.937e-02      27.30s       0         
189  8.677e+01    6.858e+22    1.665e+04      8.500e+01    2.885e+10    1.932e-02      24.49s       0         
190  8.375e+01    1.115e+23    1.415e+03      6.900e+01    8.432e+07    1.933e-02      20.58s       0         
191  8.957e+01    6.345e+25    3.093e+01      8.300e+01    2.513e+08    1.929e-02      19.46s       0         
192  8.548e+01    2.123e+23    4.622e+01      8.500e+01    5.345e+08    1.930e-02      17.19s       0         
193  8.519e+01    4.952e+25    1.316e+03      8.500e+01    2.513e+08    1.933e-02      14.54s       0         
194  8.573e+01    2.311e+27    1.168e+01      6.900e+01    4.076e+07    1.935e-02      11.88s       0         
195  8.924e+01    5.400e+25    1.832e+01      7.300e+01    2.537e+08    1.933e-02      9.05s        0         
196  9.036e+01    4.398e+30    1.588e+02      1.070e+02    4.654e+11    1.932e-02      7.62s        0         
197  9.275e+01    5.882e+26    1.176e+03      7.900e+01    6.652e+08    1.932e-02      5.12s        0         
198  8.682e+01    3.886e+24    3.417e+01      8.100e+01    6.652e+08    1.928e-02      2.53s        0         
199  8.705e+01    6.086e+25    1.616e+01      7.700e+01    2.779e+08    1.930e-02      0.00s        0         
200  8.347e+01    3.349e+23    3.866e+01      1.970e+02    4.333e+21    1.936e-02      57.23s       0         
201  8.416e+01    9.573e+20    3.695e+01      1.130e+02    1.190e+13    1.935e-02      50.61s       0         
202  8.864e+01    3.390e+26    2.181e+04      1.170e+02    2.845e+13    1.934e-02      54.08s       0         
203  9.112e+01    1.504e+29    1.232e+03      1.210e+02    6.996e+13    1.934e-02      53.68s       0         
204  8.917e+01    5.661e+23    3.705e+01      1.110e+02    5.239e+12    1.933e-02      51.55s       0         
205  8.881e+01    1.033e+35    8.057e+00      1.150e+02    8.299e+13    1.936e-02      47.46s       0         
206  9.161e+01    1.206e+25    2.486e+01      1.830e+02    5.584e+19    1.935e-02      46.15s       0         
207  9.199e+01    5.397e+24    1.182e+03      1.730e+02    6.492e+18    1.933e-02      44.13s       0         
208  8.841e+01    8.295e+24    6.815e+01      1.490e+02    4.288e+16    1.930e-02      41.37s       0         
209  8.722e+01    1.649e+25    1.578e+02      1.490e+02    4.288e+16    1.930e-02      34.78s       0         
210  8.490e+01    2.138e+25    4.630e+03      8.100e+01    1.019e+09    1.913e-02      34.17s       0         
211  8.529e+01    1.896e+23    1.152e+02      7.900e+01    1.019e+09    1.913e-02      31.17s       0         
212  8.891e+01    6.180e+28    4.838e+02      7.700e+01    8.249e+08    1.913e-02      29.23s       0         
213  9.008e+01    8.575e+29    4.300e+01      7.900e+01    5.781e+08    1.938e-02      25.23s       0         
214  9.052e+01    1.318e+30    3.133e+03      8.900e+01    2.619e+10    1.938e-02      25.15s       0         
215  9.266e+01    1.285e+35    5.116e+01      8.100e+01    5.497e+09    1.938e-02      21.45s       0         
216  8.713e+01    5.009e+31    4.959e+03      7.500e+01    1.327e+08    1.923e-02      20.36s       0         
217  8.739e+01    1.540e+24    2.151e+02      7.500e+01    1.327e+08    1.923e-02      16.64s       0         
218  8.643e+01    5.653e+23    4.166e+01      7.500e+01    1.327e+08    1.923e-02      14.43s       0         
219  8.852e+01    5.725e+30    3.565e+01      8.900e+01    1.867e+09    1.933e-02      12.16s       0         
220  8.817e+01    1.921e+26    3.717e+01      2.170e+02    5.385e+22    1.937e-02      9.03s        0         
221  8.941e+01    6.092e+24    1.300e+09      2.170e+02    4.808e+22    1.937e-02      7.28s        0         
222  8.845e+01    1.120e+23    1.346e+01      1.310e+02    1.707e+14    1.938e-02      4.72s        0         
223  8.860e+01    5.521e+28    2.781e+01      7.500e+01    1.722e+09    1.938e-02      2.43s        0         
224  8.725e+01    1.493e+29    3.387e+01      9.700e+01    2.490e+09    1.938e-02      0.00s        0         
225  9.028e+01    4.638e+34    3.283e+01      8.300e+01    3.784e+08    1.938e-02      58.89s       0         
226  9.130e+01    8.146e+23    1.883e+01      8.100e+01    2.574e+08    1.938e-02      57.16s       0         
227  9.092e+01    4.938e+28    5.171e+05      1.090e+02    1.493e+13    1.938e-02      55.33s       0         
228  9.176e+01    4.531e+24    1.889e+03      1.590e+02    1.131e+19    1.938e-02      50.90s       0         
229  9.606e+01    4.101e+28    4.195e+02      7.700e+01    1.001e+08    1.938e-02      52.22s       0         
230  9.074e+01    1.393e+27    1.375e+01      8.900e+01    6.341e+09    1.935e-02      49.11s       0         
231  8.492e+01    3.399e+25    4.501e+02      9.100e+01    6.994e+09    1.935e-02      45.82s       0         
232  8.698e+01    6.759e+21    1.644e+02      9.100e+01    6.994e+09    1.935e-02      42.48s       0         
233  8.725e+01    9.148e+26    1.787e+01      9.100e+01    2.812e+09    1.928e-02      40.04s       0         
234  8.987e+01    2.428e+24    1.085e+01      9.100e+01    9.243e+09    1.938e-02      36.36s       0         
235  9.251e+01    1.903e+23    1.155e+01      7.100e+01    3.954e+07    1.938e-02      34.03s       0         
236  9.485e+01    3.737e+30    3.305e+01      1.810e+02    1.574e+19    1.938e-02      33.47s       0         
237  9.412e+01    2.448e+27    1.126e+02      9.500e+01    9.830e+09    1.936e-02      29.75s       0         
238  9.297e+01    5.717e+25    9.912e+01      9.500e+01    6.804e+09    1.936e-02      28.48s       0         
239  9.003e+01    7.447e+25    2.331e+03      8.300e+01    1.655e+09    1.938e-02      24.79s       0         
240  9.088e+01    7.521e+31    1.209e+01      9.700e+01    1.187e+11    1.938e-02      22.92s       0         
241  9.233e+01    4.864e+25    2.663e+01      8.300e+01    1.921e+09    1.938e-02      20.11s       0         
242  8.832e+01    7.719e+23    3.120e+01      6.500e+01    1.413e+07    1.938e-02      17.30s       0         
243  8.604e+01    7.226e+23    8.550e+01      7.900e+01    2.453e+08    1.938e-02      14.98s       0         
244  8.681e+01    2.275e+30    2.472e+02      1.390e+02    8.395e+13    1.938e-02      11.51s       0         
245  8.945e+01    1.885e+24    6.964e+01      8.700e+01    1.419e+09    1.938e-02      9.62s        0         
246  8.523e+01    1.723e+25    1.408e+03      1.370e+02    8.154e+12    1.938e-02      7.25s        0         
247  8.803e+01    3.807e+32    3.105e+01      1.050e+02    6.117e+10    1.938e-02      4.80s        0         
248  8.842e+01    6.263e+32    2.660e+01      7.100e+01    4.560e+07    1.938e-02      2.36s        0         
249  9.187e+01    3.226e+32    1.060e+01      1.650e+02    4.399e+16    1.938e-02      0.00s        0         
250  8.663e+01    3.437e+23    5.687e+03      9.300e+01    5.498e+09    1.937e-02      57.84s       0         
251  8.694e+01    5.817e+25    3.799e+01      9.300e+01    3.669e+09    1.937e-02      56.05s       0         
252  8.860e+01    7.819e+22    2.310e+01      7.900e+01    4.837e+08    1.937e-02      56.71s       0         
253  9.186e+01    9.516e+24    2.720e+05      7.900e+01    2.295e+08    1.930e-02      52.15s       0         
254  9.506e+01    1.165e+27    1.185e+02      7.300e+01    6.012e+07    1.931e-02      51.27s       0         
255  9.189e+01    4.534e+29    2.644e+04      8.500e+01    4.994e+08    1.933e-02      49.50s       0         
256  9.120e+01    9.718e+30    2.207e+01      7.300e+01    6.023e+08    1.925e-02      45.93s       0         
257  8.811e+01    3.362e+34    1.591e+01      7.300e+01    2.084e+08    1.924e-02      38.78s       0         
258  9.364e+01    1.030e+23    1.309e+01      1.710e+02    1.592e+20    1.933e-02      40.29s       0         
259  8.911e+01    5.137e+23    4.304e+01      1.110e+02    1.766e+12    1.933e-02      38.14s       0         
260  8.822e+01    2.648e+26    5.819e+02      2.470e+02    1.593e+25    1.938e-02      34.51s       0         
261  8.728e+01    1.222e+28    5.338e+06      9.100e+01    2.048e+09    1.938e-02      32.51s       0         
262  8.806e+01    2.344e+28    2.430e+01      1.330e+02    1.477e+15    1.938e-02      30.12s       0         
263  9.130e+01    3.918e+27    1.102e+03      1.510e+02    5.903e+14    1.938e-02      27.41s       0         
264  8.906e+01    3.605e+23    6.782e+03      1.290e+02    3.403e+13    1.938e-02      23.11s       0         
265  9.370e+01    8.549e+25    2.519e+01      8.900e+01    7.475e+08    1.938e-02      22.46s       0         
266  9.001e+01    8.637e+22    1.627e+01      1.510e+02    3.058e+18    1.938e-02      19.77s       0         
267  8.875e+01    2.012e+29    1.512e+01      8.900e+01    3.615e+11    1.930e-02      16.98s       0         
268  8.766e+01    2.299e+24    2.904e+03      8.900e+01    3.615e+11    1.930e-02      14.70s       0         
269  8.906e+01    3.561e+22    3.112e+01      8.500e+01    3.577e+10    1.934e-02      12.09s       0         
270  8.728e+01    3.322e+22    1.645e+01      1.470e+02    9.016e+14    1.938e-02      9.14s        0         
271  8.841e+01    2.541e+23    1.073e+02      8.100e+01    3.663e+08    1.938e-02      7.37s        0         
272  8.758e+01    1.729e+27    2.868e+03      9.700e+01    1.316e+09    1.936e-02      4.93s        0         
273  9.031e+01    1.042e+31    4.468e+04      1.170e+02    7.182e+12    1.937e-02      2.59s        0         
274  8.858e+01    2.389e+35    8.853e+00      9.100e+01    3.578e+10    1.938e-02      0.00s        0         
275  8.883e+01    1.931e+30    1.744e+01      2.270e+02    1.814e+23    1.938e-02      56.96s       0         
276  8.838e+01    2.746e+33    2.286e+01      1.270e+02    4.278e+13    1.938e-02      56.68s       0         
277  8.470e+01    3.233e+27    3.040e+01      1.050e+02    3.781e+10    1.938e-02      49.07s       0         
278  8.404e+01    3.912e+25    1.559e+02      7.700e+01    1.303e+08    1.938e-02      50.18s       0         
279  8.683e+01    4.009e+25    2.884e+10      1.250e+02    2.642e+10    1.928e-02      47.00s       0         
280  8.990e+01    1.812e+30    1.442e+01      1.830e+02    9.227e+15    1.911e-02      47.31s       0         
281  8.747e+01    9.678e+29    5.985e+04      7.300e+01    2.574e+08    1.906e-02      40.09s       0         
282  9.072e+01    9.066e+25    1.672e+01      1.290e+02    8.504e+09    1.934e-02      38.45s       0         
283  8.722e+01    1.015e+26    6.932e+02      6.700e+01    2.744e+07    1.938e-02      40.19s       0         
284  9.013e+01    2.612e+26    7.440e+01      8.700e+01    1.346e+09    1.938e-02      38.03s       0         
285  9.473e+01    6.313e+26    2.417e+01      6.100e+01    9.291e+06    1.938e-02      35.35s       0         
286  8.955e+01    5.044e+27    1.120e+01      7.500e+01    4.439e+07    1.938e-02      32.75s       0         
287  8.622e+01    4.998e+28    3.620e+01      1.010e+02    3.125e+11    1.938e-02      29.43s       0         
288  8.708e+01    2.696e+27    1.448e+01      1.510e+02    1.624e+16    1.934e-02      25.57s       0         
289  8.746e+01    2.245e+25    4.971e+03      1.870e+02    7.583e+16    1.938e-02      24.36s       0         
290  8.700e+01    8.090e+24    8.994e+11      7.700e+01    1.424e+08    1.938e-02      19.74s       0         
291  8.701e+01    7.492e+27    2.951e+01      7.100e+01    2.719e+08    1.931e-02      19.34s       0         
292  8.672e+01    9.613e+23    4.013e+02      7.100e+01    2.719e+08    1.931e-02      17.09s       0         
293  8.914e+01    6.581e+28    1.056e+01      1.030e+02    1.470e+12    1.914e-02      13.58s       0         
294  8.972e+01    5.792e+29    3.195e+01      1.610e+02    2.504e+17    1.937e-02      12.37s       0         
295  9.031e+01    7.669e+35    2.027e+01      8.900e+01    3.373e+09    1.938e-02      9.33s        0         
296  8.954e+01    1.963e+29    3.458e+01      9.100e+01    1.018e+10    1.938e-02      7.32s        0         
297  8.892e+01    1.053e+28    3.435e+01      1.450e+02    2.663e+16    1.934e-02      4.94s        0         
298  8.720e+01    9.123e+33    1.678e+01      9.300e+01    1.392e+10    1.937e-02      2.47s        0         
299  8.984e+01    6.429e+22    1.608e+02      1.050e+02    1.836e+11    1.938e-02      0.00s        0         
300  8.946e+01    1.614e+28    2.237e+01      9.700e+01    5.712e+10    1.932e-02      59.31s       0         
301  8.719e+01    7.174e+30    1.260e+02      9.900e+01    6.921e+10    1.931e-02      57.06s       0         
302  8.652e+01    1.390e+27    2.780e+01      7.100e+01    7.599e+07    1.934e-02      51.11s       0         
303  8.855e+01    9.081e+24    2.550e+02      7.100e+01    7.599e+07    1.934e-02      53.75s       0         
304  8.643e+01    4.725e+28    6.949e+02      1.850e+02    1.931e+18    1.929e-02      48.04s       0         
305  8.686e+01    2.139e+23    1.877e+01      1.810e+02    2.849e+17    1.929e-02      46.20s       0         
306  8.590e+01    3.077e+23    1.157e+03      7.900e+01    1.264e+08    1.934e-02      44.11s       0         
307  9.105e+01    3.575e+23    1.097e+01      8.100e+01    1.970e+08    1.934e-02      38.96s       0         
308  9.058e+01    7.956e+22    1.097e+03      8.500e+01    3.785e+08    1.934e-02      40.60s       0         
309  8.760e+01    2.960e+26    1.600e+01      7.500e+01    2.676e+08    1.934e-02      37.17s       0         
310  8.859e+01    9.185e+21    1.241e+01      7.900e+01    3.886e+08    1.934e-02      31.77s       0         
311  8.675e+01    2.213e+20    1.970e+02      7.100e+01    1.264e+08    1.934e-02      32.19s       0         
312  9.229e+01    5.813e+27    2.047e+01      7.100e+01    1.264e+08    1.934e-02      29.76s       0         
313  9.211e+01    3.708e+27    1.255e+01      9.300e+01    1.478e+09    1.934e-02      27.97s       0         
314  8.884e+01    1.203e+24    2.233e+01      9.900e+01    1.659e+09    1.934e-02      25.21s       0         
315  9.100e+01    2.657e+24    4.972e+03      8.500e+01    8.222e+08    1.934e-02      22.61s       0         
316  8.774e+01    5.038e+24    3.922e+01      1.030e+02    1.740e+09    1.934e-02      18.94s       0         
317  9.108e+01    4.059e+30    2.640e+06      1.810e+02    1.892e+17    1.934e-02      17.84s       0         
318  9.112e+01    2.356e+27    3.248e+01      7.300e+01    2.150e+08    1.929e-02      14.57s       0         
319  8.880e+01    7.501e+27    6.399e+01      1.710e+02    2.129e+16    1.934e-02      12.71s       0         
320  8.881e+01    2.436e+28    6.713e+02      2.270e+02    1.472e+21    1.934e-02      10.46s       0         
321  9.141e+01    1.132e+25    3.504e+01      2.310e+02    5.330e+21    1.934e-02      7.74s        0         
322  9.174e+01    2.517e+29    1.892e+01      1.810e+02    8.749e+16    1.934e-02      5.26s        0         
323  9.356e+01    8.607e+27    5.136e+02      1.490e+02    8.994e+15    1.934e-02      2.62s        0         
324  9.627e+01    8.629e+27    5.122e+01      1.790e+02    8.749e+16    1.934e-02      0.00s        0         
325  8.856e+01    5.537e+26    5.634e+01      1.350e+02    5.669e+13    1.936e-02      1.02m        0         
326  8.834e+01    6.338e+22    2.008e+02      1.670e+02    6.546e+15    1.936e-02      53.69s       0         
327  8.928e+01    1.399e+28    1.440e+02      1.090e+02    1.399e+10    1.936e-02      54.50s       0         
328  8.996e+01    8.937e+22    1.105e+01      1.730e+02    8.011e+15    1.936e-02      53.50s       0         
329  8.628e+01    2.620e+25    6.719e+02      1.630e+02    2.960e+17    1.936e-02      47.37s       0         
330  8.430e+01    4.372e+25    2.334e+02      7.500e+01    7.196e+07    1.905e-02      47.64s       0         
331  8.455e+01    3.580e+22    5.765e+02      7.300e+01    6.241e+07    1.905e-02      43.91s       0         
332  8.387e+01    7.151e+23    2.872e+01      2.170e+02    4.281e+12    1.936e-02      41.22s       0         
333  9.130e+01    4.957e+24    4.966e+03      2.230e+02    4.123e+21    1.936e-02      39.43s       0         
334  8.887e+01    3.823e+32    2.220e+02      2.070e+02    2.091e+20    1.933e-02      35.12s       0         
335  9.294e+01    3.258e+35    9.399e+00      1.850e+02    2.033e+17    1.933e-02      36.20s       0         
336  9.280e+01    4.160e+35    1.370e+01      1.650e+02    4.787e+17    1.936e-02      33.93s       0         
337  8.816e+01    2.666e+35    2.114e+02      1.270e+02    1.280e+13    1.936e-02      28.82s       0         
338  8.832e+01    1.028e+25    3.201e+04      8.100e+01    2.029e+08    1.936e-02      28.04s       0         
339  9.225e+01    6.941e+25    1.976e+04      1.370e+02    3.133e+13    1.936e-02      25.35s       0         
340  9.544e+01    1.595e+26    4.160e+01      1.390e+02    3.333e+13    1.936e-02      23.00s       0         
341  9.423e+01    4.880e+28    3.979e+03      1.470e+02    8.725e+17    1.936e-02      21.34s       0         
342  8.875e+01    8.142e+26    6.598e+01      1.130e+02    3.995e+12    1.936e-02      18.04s       0         
343  8.458e+01    1.483e+26    1.428e+02      9.500e+01    2.714e+09    1.936e-02      15.07s       0         
344  8.673e+01    1.122e+25    1.212e+01      1.510e+02    1.855e+17    1.936e-02      12.44s       0         
345  8.773e+01    2.094e+25    1.234e+01      9.100e+01    2.545e+09    1.933e-02      10.22s       0         
346  8.508e+01    4.359e+20    2.620e+02      1.070e+02    6.619e+11    1.933e-02      7.51s        0         
347  8.398e+01    2.392e+20    2.974e+03      1.370e+02    2.086e+14    1.933e-02      4.94s        0         
348  8.802e+01    1.097e+26    2.238e+01      1.270e+02    5.559e+13    1.933e-02      2.27s        0         
349  9.010e+01    1.587e+26    3.158e+01      6.900e+01    3.349e+07    1.933e-02      0.00s        0         
350  8.971e+01    6.643e+27    2.982e+06      6.900e+01    3.954e+07    1.933e-02      59.99s       0         
351  8.918e+01    1.029e+26    1.398e+01      7.100e+01    1.001e+08    1.933e-02      57.82s       0         
352  8.784e+01    1.935e+23    1.142e+01      7.900e+01    4.631e+08    1.933e-02      54.37s       0         
353  8.541e+01    7.834e+22    7.244e+01      1.030e+02    1.443e+09    1.933e-02      51.85s       0         
354  8.729e+01    1.071e+23    1.516e+01      8.300e+01    8.213e+08    1.933e-02      50.03s       0         
355  8.996e+01    1.134e+28    2.188e+01      9.100e+01    3.479e+09    1.933e-02      45.08s       0         
356  9.529e+01    4.414e+25    7.009e+01      8.700e+01    1.204e+09    1.933e-02      47.43s       0         
357  9.421e+01    2.827e+31    1.532e+01      8.100e+01    6.216e+08    1.933e-02      40.77s       0         
358  9.538e+01    2.436e+31    1.381e+01      1.910e+02    1.301e+18    1.933e-02      41.92s       0         
359  8.898e+01    1.443e+27    1.124e+02      7.700e+01    3.651e+08    1.933e-02      38.64s       0         
360  8.465e+01    1.462e+28    2.029e+03      1.330e+02    1.282e+12    1.933e-02      35.21s       0         
361  8.902e+01    1.019e+27    7.219e+03      1.430e+02    1.865e+15    1.933e-02      31.96s       0         
362  8.845e+01    4.575e+26    1.999e+01      1.450e+02    1.817e+12    1.933e-02      30.29s       0         
363  9.306e+01    2.049e+27    6.579e+01      1.210e+02    1.677e+15    1.933e-02      28.14s       0         
364  9.422e+01    2.979e+26    8.081e+02      1.450e+02    3.269e+14    1.933e-02      25.61s       0         
365  9.234e+01    2.213e+26    8.486e+01      9.100e+01    5.456e+08    1.914e-02      23.59s       0         
366  9.026e+01    8.762e+27    4.120e+01      9.500e+01    5.650e+08    1.914e-02      19.22s       0         
367  9.125e+01    4.031e+21    6.687e+01      9.500e+01    5.650e+08    1.914e-02      18.49s       0         
368  8.714e+01    1.421e+27    6.314e+01      1.590e+02    5.674e+15    1.933e-02      14.00s       0         
369  8.622e+01    8.545e+26    5.812e+01      9.500e+01    2.974e+09    1.930e-02      12.02s       0         
370  8.772e+01    4.503e+26    1.994e+01      1.130e+02    2.212e+09    1.930e-02      9.69s        0         
371  8.699e+01    2.104e+26    1.507e+01      7.300e+01    1.122e+08    1.933e-02      7.39s        0         
372  9.016e+01    1.896e+24    2.589e+08      8.500e+01    5.014e+09    1.929e-02      5.05s        0         
373  9.136e+01    3.259e+25    5.880e+01      8.300e+01    7.814e+09    1.929e-02      2.45s        0         
374  8.985e+01    3.910e+23    4.816e+01      1.150e+02    3.300e+13    1.929e-02      0.00s        0         
375  8.914e+01    1.028e+22    6.215e+01      1.290e+02    5.680e+13    1.933e-02      56.30s       0         
376  8.812e+01    2.503e+30    3.169e+01      1.270e+02    1.232e+10    1.933e-02      59.00s       0         
377  8.765e+01    8.676e+26    1.552e+02      1.030e+02    3.599e+11    1.933e-02      51.65s       0         
378  8.885e+01    5.148e+32    2.370e+01      7.900e+01    5.030e+08    1.933e-02      51.21s       0         
379  8.834e+01    2.627e+23    9.607e+01      1.210e+02    1.568e+13    1.933e-02      48.92s       0         
380  9.214e+01    1.872e+27    8.515e+00      8.100e+01    6.204e+08    1.933e-02      48.46s       0         
381  9.363e+01    6.803e+26    2.228e+02      1.750e+02    3.214e+18    1.922e-02      47.19s       0         
382  9.296e+01    8.034e+26    2.670e+03      1.690e+02    7.417e+17    1.922e-02      45.01s       0         
383  8.973e+01    3.817e+31    2.282e+01      1.590e+02    1.030e+17    1.933e-02      41.27s       0         
384  9.314e+01    5.669e+31    4.839e+01      9.100e+01    1.751e+10    1.933e-02      39.56s       0         
385  8.826e+01    5.991e+22    5.573e+06      1.370e+02    2.561e+14    1.933e-02      36.71s       0         
386  9.100e+01    8.061e+24    7.075e+02      6.100e+01    9.291e+06    1.933e-02      31.90s       0         
387  9.402e+01    1.185e+28    8.322e+01      1.890e+02    5.903e+19    1.933e-02      29.68s       0         
388  9.350e+01    1.429e+27    1.107e+02      1.710e+02    5.599e+17    1.933e-02      27.42s       0         
389  9.494e+01    1.248e+25    2.241e+02      6.100e+01    9.291e+06    1.933e-02      25.20s       0         
390  9.139e+01    2.755e+23    3.280e+02      6.100e+01    9.291e+06    1.933e-02      22.52s       0         
391  9.022e+01    2.677e+23    2.399e+02      6.100e+01    9.291e+06    1.933e-02      18.99s       0         
392  8.536e+01    3.370e+29    3.165e+01      6.100e+01    9.291e+06    1.933e-02      17.52s       0         
393  8.378e+01    1.224e+28    1.608e+01      6.100e+01    9.291e+06    1.933e-02      13.55s       0         
394  8.646e+01    3.977e+24    1.323e+01      6.100e+01    9.291e+06    1.933e-02      12.11s       0         
395  9.170e+01    2.227e+26    9.666e+00      6.100e+01    9.291e+06    1.933e-02      9.73s        0         
396  8.975e+01    9.503e+29    6.164e+01      6.100e+01    9.291e+06    1.933e-02      7.41s        0         
397  8.823e+01    1.227e+31    1.381e+01      6.100e+01    9.291e+06    1.933e-02      4.90s        0         
398  9.025e+01    2.303e+38    6.414e+00      6.100e+01    9.291e+06    1.933e-02      2.48s        0         
399  9.491e+01    8.952e+45    4.743e+01      6.100e+01    9.291e+06    1.933e-02      0.00s        0         
400  9.784e+01    5.930e+42    5.128e+01      6.100e+01    9.291e+06    1.933e-02      1.02m        0         
401  9.452e+01    1.370e+41    3.481e+04      6.100e+01    9.291e+06    1.933e-02      55.57s       0         
402  9.254e+01    2.370e+37    2.522e+02      6.100e+01    9.291e+06    1.933e-02      57.56s       0         
403  8.875e+01    2.880e+23    6.226e+01      7.300e+01    1.666e+08    1.933e-02      53.23s       0         
404  8.622e+01    1.484e+21    2.243e+02      6.100e+01    9.291e+06    1.933e-02      49.68s       0         
405  8.675e+01    4.951e+21    1.763e+01      8.300e+01    3.284e+09    1.933e-02      47.12s       0         
406  9.086e+01    1.656e+32    2.905e+01      6.100e+01    9.291e+06    1.933e-02      44.81s       0         
407  8.944e+01    1.126e+27    2.540e+01      6.100e+01    9.291e+06    1.933e-02      42.87s       0         
408  9.186e+01    2.641e+26    2.606e+01      6.100e+01    9.291e+06    1.933e-02      41.53s       0         
409  9.214e+01    8.138e+26    5.780e+03      6.100e+01    9.291e+06    1.933e-02      36.38s       0         
410  8.971e+01    4.773e+26    2.348e+01      9.700e+01    2.916e+10    1.932e-02      35.14s       0         
411  8.505e+01    4.923e+33    1.348e+03      6.100e+01    9.291e+06    1.933e-02      31.90s       0         
412  8.718e+01    5.672e+24    9.532e+00      6.100e+01    9.291e+06    1.933e-02      29.52s       0         
413  8.819e+01    7.301e+20    2.508e+01      1.990e+02    1.821e+19    1.919e-02      26.88s       0         
414  9.511e+01    3.669e+24    9.669e+05      2.450e+02    1.400e+23    1.921e-02      23.27s       0         
415  9.503e+01    2.140e+26    6.143e+04      6.100e+01    9.291e+06    1.933e-02      21.38s       0         
416  9.013e+01    6.534e+25    2.467e+01      2.630e+02    1.376e+21    1.932e-02      20.67s       0         
417  8.602e+01    5.877e+31    3.391e+02      6.100e+01    9.291e+06    1.933e-02      16.28s       0         
418  8.214e+01    1.745e+23    1.217e+02      6.100e+01    9.291e+06    1.933e-02      14.71s       0         
419  8.370e+01    1.174e+24    1.438e+01      6.100e+01    9.291e+06    1.933e-02      12.19s       0         
420  8.536e+01    2.250e+27    4.875e+01      6.100e+01    9.291e+06    1.933e-02      9.91s        0         
421  8.961e+01    5.947e+25    2.253e+03      6.100e+01    9.291e+06    1.933e-02      7.12s        0         
422  8.997e+01    4.611e+25    1.919e+02      6.100e+01    9.291e+06    1.933e-02      5.07s        0         
423  9.381e+01    4.553e+30    1.153e+01      6.100e+01    9.291e+06    1.933e-02      2.57s        0         
424  8.973e+01    2.571e+24    3.173e+01      6.100e+01    9.291e+06    1.933e-02      0.00s        0         
425  8.864e+01    1.205e+29    2.291e+01      6.100e+01    9.291e+06    1.933e-02      1.02m        0         
426  9.282e+01    1.780e+29    3.289e+05      6.100e+01    9.291e+06    1.933e-02      58.91s       0         
427  8.946e+01    1.313e+27    1.347e+02      6.100e+01    9.291e+06    1.933e-02      56.54s       0         
428  8.842e+01    1.279e+33    2.032e+01      6.100e+01    9.291e+06    1.933e-02      53.34s       0         
429  9.029e+01    6.087e+33    8.355e+00      6.100e+01    9.291e+06    1.933e-02      50.60s       0         
430  9.173e+01    2.709e+30    1.909e+02      6.100e+01    9.291e+06    1.933e-02      48.48s       0         
431  8.968e+01    9.727e+32    3.200e+01      6.100e+01    9.291e+06    1.933e-02      44.78s       0         
432  8.955e+01    9.214e+28    1.659e+02      6.100e+01    9.291e+06    1.933e-02      39.23s       0         
433  8.925e+01    2.371e+27    1.014e+01      6.100e+01    9.291e+06    1.933e-02      39.87s       0         
434  8.635e+01    1.350e+25    2.506e+01      6.100e+01    9.291e+06    1.933e-02      34.75s       0         
435  8.871e+01    1.987e+22    3.158e+01      6.100e+01    9.291e+06    1.933e-02      34.68s       0         
436  9.321e+01    7.712e+27    1.787e+01      6.100e+01    9.291e+06    1.933e-02      33.25s       0         
437  8.694e+01    1.533e+26    5.487e+01      6.100e+01    9.291e+06    1.933e-02      30.75s       0         
438  8.572e+01    1.767e+26    8.766e+01      6.100e+01    9.291e+06    1.933e-02      27.16s       0         
439  8.583e+01    6.411e+35    1.884e+01      6.100e+01    9.291e+06    1.933e-02      22.90s       0         
440  8.852e+01    1.251e+27    2.089e+01      6.100e+01    9.291e+06    1.933e-02      22.17s       0         
441  9.053e+01    1.775e+28    1.472e+03      6.100e+01    9.291e+06    1.933e-02      18.70s       0         
442  9.274e+01    2.600e+26    2.471e+01      6.100e+01    9.291e+06    1.933e-02      18.25s       0         
443  9.242e+01    3.825e+30    5.784e+02      6.100e+01    9.291e+06    1.933e-02      15.38s       0         
444  9.209e+01    1.041e+28    2.665e+01      6.100e+01    9.291e+06    1.933e-02      13.25s       0         
445  8.753e+01    5.631e+26    5.766e+02      6.100e+01    9.291e+06    1.933e-02      10.52s       0         
446  8.554e+01    5.627e+26    9.457e+01      6.100e+01    9.291e+06    1.933e-02      7.71s        0         
447  8.872e+01    6.377e+25    9.935e+00      1.190e+02    3.234e+10    1.913e-02      5.21s        0         
448  8.982e+01    4.175e+26    1.325e+01      1.110e+02    1.685e+09    1.913e-02      2.48s        0         
449  8.786e+01    1.227e+19    4.943e+01      1.230e+02    3.746e+10    1.913e-02      0.00s        0         
450  8.037e+01    1.161e+19    4.569e+01      1.190e+02    1.459e+10    1.913e-02      56.71s       0         
451  8.508e+01    2.639e+18    1.879e+02      6.100e+01    9.291e+06    1.933e-02      55.25s       0         
452  8.374e+01    5.178e+23    1.592e+01      6.100e+01    9.291e+06    1.933e-02      54.70s       0         
453  9.021e+01    1.475e+26    1.065e+01      6.100e+01    9.291e+06    1.933e-02      52.14s       0         
454  9.011e+01    5.717e+26    5.066e+01      6.100e+01    9.291e+06    1.933e-02      50.19s       0         
455  9.317e+01    2.003e+32    1.239e+04      6.100e+01    9.291e+06    1.933e-02      49.28s       0         
456  9.555e+01    1.712e+32    5.129e+01      6.100e+01    9.291e+06    1.933e-02      43.64s       0         
457  9.288e+01    2.277e+32    1.279e+02      6.100e+01    9.291e+06    1.933e-02      44.44s       0         
458  9.378e+01    2.277e+32    3.609e+02      6.100e+01    9.291e+06    1.933e-02      41.04s       0         
459  8.910e+01    8.463e+24    1.457e+01      7.700e+01    1.429e+09    1.903e-02      37.21s       0         
460  8.451e+01    3.202e+26    1.425e+01      6.100e+01    9.291e+06    1.933e-02      34.31s       0         
461  9.037e+01    1.136e+33    3.753e+03      7.900e+01    2.851e+09    1.909e-02      31.28s       0         
462  8.762e+01    2.670e+33    1.732e+04      6.100e+01    9.291e+06    1.933e-02      30.05s       0         
463  8.669e+01    8.857e+22    1.496e+03      6.100e+01    9.291e+06    1.933e-02      27.92s       0         
464  9.112e+01    5.772e+24    6.556e+01      6.100e+01    9.291e+06    1.933e-02      24.49s       0         
465  9.300e+01    1.336e+23    1.356e+02      6.100e+01    9.291e+06    1.933e-02      22.41s       0         
466  9.294e+01    7.379e+23    4.570e+01      6.100e+01    9.291e+06    1.933e-02      21.29s       0         
467  8.950e+01    4.628e+23    1.104e+03      6.100e+01    9.291e+06    1.933e-02      18.06s       0         
468  9.007e+01    1.796e+27    1.666e+03      6.100e+01    9.291e+06    1.933e-02      14.23s       0         
469  8.615e+01    8.006e+21    1.133e+06      9.100e+01    3.031e+11    1.933e-02      12.84s       0         
470  8.706e+01    1.987e+28    1.505e+01      6.100e+01    9.291e+06    1.933e-02      10.01s       0         
471  9.053e+01    1.333e+29    1.065e+01      6.100e+01    9.291e+06    1.933e-02      7.41s        0         
472  8.761e+01    2.200e+26    1.551e+01      6.100e+01    9.291e+06    1.933e-02      4.96s        0         
473  8.791e+01    8.931e+22    9.045e+03      6.100e+01    9.291e+06    1.933e-02      2.46s        0         
474  8.703e+01    7.347e+24    1.515e+01      6.100e+01    9.291e+06    1.933e-02      0.00s        0         
475  8.971e+01    9.591e+24    2.306e+01      6.100e+01    9.291e+06    1.933e-02      54.72s       0         
476  8.940e+01    2.723e+28    2.309e+01      6.100e+01    9.291e+06    1.933e-02      59.92s       0         
477  8.958e+01    3.062e+28    1.222e+03      6.100e+01    9.291e+06    1.933e-02      57.62s       0         
478  8.549e+01    1.435e+28    4.677e+01      7.700e+01    7.787e+08    1.926e-02      53.92s       0         
479  8.737e+01    7.240e+30    1.808e+01      8.300e+01    2.704e+09    1.926e-02      49.64s       0         
480  9.150e+01    2.514e+24    2.730e+01      6.100e+01    9.291e+06    1.933e-02      48.45s       0         
481  8.839e+01    1.252e+29    1.108e+02      6.100e+01    9.291e+06    1.933e-02      45.47s       0         
482  8.971e+01    2.327e+35    6.063e+03      6.100e+01    9.291e+06    1.933e-02      41.43s       0         
483  8.717e+01    2.327e+24    1.221e+01      6.100e+01    9.291e+06    1.933e-02      36.55s       0         
484  8.785e+01    3.759e+27    1.455e+02      6.100e+01    9.291e+06    1.933e-02      34.45s       0         
485  8.848e+01    8.069e+34    5.209e+01      6.100e+01    9.291e+06    1.933e-02      35.40s       0         
486  8.819e+01    2.525e+21    2.656e+01      6.100e+01    9.291e+06    1.933e-02      32.13s       0         
487  8.912e+01    3.735e+31    1.748e+01      6.100e+01    9.291e+06    1.933e-02      30.25s       0         
488  8.987e+01    3.107e+29    1.811e+01      6.100e+01    9.291e+06    1.933e-02      27.70s       0         
489  8.952e+01    5.063e+24    3.440e+02      6.100e+01    9.291e+06    1.933e-02      24.85s       0         
490  9.179e+01    5.146e+23    1.317e+02      6.100e+01    9.291e+06    1.933e-02      22.69s       0         
491  8.647e+01    4.087e+24    4.777e+03      6.100e+01    9.291e+06    1.933e-02      19.44s       0         
492  8.946e+01    1.938e+28    2.869e+01      6.100e+01    9.291e+06    1.933e-02      17.61s       0         
493  9.170e+01    8.288e+27    3.444e+03      7.300e+01    7.222e+07    1.913e-02      14.28s       0         
494  8.886e+01    4.416e+31    7.926e+01      1.330e+02    1.355e+14    1.913e-02      12.61s       0         
495  9.005e+01    1.109e+24    8.208e+01      1.310e+02    1.289e+14    1.913e-02      9.98s        0         
496  8.952e+01    1.728e+22    1.419e+01      1.230e+02    6.018e+13    1.913e-02      7.52s        0         
497  9.074e+01    1.219e+32    1.662e+01      1.250e+02    6.018e+13    1.913e-02      5.05s        0         
498  9.027e+01    7.873e+32    2.847e+01      1.390e+02    1.173e+14    1.913e-02      2.52s        0         
499  9.239e+01    5.750e+32    3.129e+01      1.390e+02    6.799e+13    1.913e-02      0.00s        0         





Time: 0h:20m:5s
####   Data for the best program   ####
Best Program: div(add(0.850, 0.774), sub(add(X2, 1.919), mul(X1, mul(div(div(div(mul(div(div(1.039, sub(div(X2, 0.528), mul(mul(sub(X2, X2), div(mul(div(div(1.039, sub(div(X2, 0.528), mul(div(add(sub(0.367, add(X2, 1.919)), add(X2, 1.919)), sub(X0, X0)), div(add(0.235, X3), add(X2, X0))))), X1), mul(1.634, X3)), sub(add(X2, 1.919), sub(add(sub(add(add(X2, X0), 1.919), mul(0.732, mul(0.732, sub(sub(0.367, mul(sub(X1, X2), X0)), 0.800)))), 1.919), mul(0.732, mul(0.732, sub(0.367, mul(sub(X1, X2), X0)))))))), 0.774))), X1), sub(sub(0.401, mul(X0, X1)), add(sub(0.367, 0.800), X1))), sub(add(X2, 1.919), sub(add(add(X2, X0), 1.919), mul(0.732, mul(0.732, sub(sub(0.367, mul(sub(X1, X2), X0)), 0.800)))))), 1.292), add(0.850, 0.774)), X2))))
Best Program Complexity: 139
Raw Fitness: 0.019131794581786387
Penalized Fitness: 0.024691794581786386
Estimator		Train-rmse: 0.019131794581786387	Test-rmse: 0.019049887156455066	Test-R^2: 0.9621019985822

{'complexity': 'length', 'const_range': (1e-10, 2.0), 'elitism_size': 1, 'function_set': ('add', 'sub', 'div', 'mul'), 'generations': 500, 'init_depth': (3, 6), 'init_method': 'half and half', 'low_memory': True, 'max_samples': 1.0, 'metric': 'rmse', 'n_jobs': 2, 'p_crossover': 0.6, 'p_hoist_mutation': 0.0, 'p_point_mutation': 0.2, 'p_point_replace': 0.05, 'p_subtree_mutation': 0.2, 'paretogp': False, 'paretogp_lengths': (5, 130), 'parsimony_coefficient': 4e-05, 'population_size': 800, 'random_state': 1130628655, 'selection': 'tournament', 'stopping_criteria': 1e-10, 'tournament_size': 11, 'verbose': 1, 'warm_start': True}
