    |          Population Average          |           Best Individual            |
---- -------------------------------------- -------------------------------------- ----------
Gen  Length       Kommenda     Fitness        Length       Kommenda     Fitness        Time Left    Front Size
0    3.700e+01    1.208e+13    2.763e+13      9.000e+00    5.100e+01    1.756e-01      15.66s       0         
1    1.095e+01    1.715e+05    2.229e+02      7.000e+00    1.100e+01    9.778e-02      1.37m        0         
2    1.048e+01    2.175e+05    5.236e+03      7.000e+00    1.100e+01    9.778e-02      7.53m        0         
3    1.054e+01    2.720e+03    8.869e+01      9.000e+00    1.900e+01    9.304e-02      4.77m        0         
4    1.139e+01    2.736e+03    9.576e+00      9.000e+00    1.900e+01    9.304e-02      3.40m        0         
5    1.465e+01    1.212e+03    1.872e+01      1.300e+01    8.100e+01    8.525e-02      3.94m        0         
6    1.695e+01    2.639e+03    2.974e+02      3.100e+01    3.117e+03    6.030e-02      2.82m        0         
7    2.154e+01    1.814e+04    5.629e+01      4.300e+01    1.224e+04    5.556e-02      2.03m        0         
8    2.655e+01    4.739e+05    4.878e+02      2.700e+01    7.610e+02    5.386e-02      1.71m        0         
9    3.201e+01    3.115e+06    9.496e+01      4.100e+01    3.538e+04    5.183e-02      1.34m        0         
10   3.423e+01    2.512e+07    1.076e+02      3.900e+01    2.913e+04    5.164e-02      1.02m        0         
11   3.863e+01    4.280e+08    1.671e+00      5.900e+01    1.171e+06    4.477e-02      1.15m        0         
12   4.377e+01    7.183e+08    6.324e-01      4.900e+01    4.803e+04    4.375e-02      54.12s       0         
13   4.793e+01    1.691e+11    6.827e-01      5.300e+01    1.539e+05    4.267e-02      50.78s       0         
14   5.304e+01    1.441e+13    3.915e+00      6.700e+01    6.081e+06    4.224e-02      39.65s       0         
15   5.655e+01    5.914e+12    1.675e+00      6.900e+01    2.755e+07    4.122e-02      38.92s       0         
16   5.830e+01    1.180e+16    2.088e+02      6.900e+01    2.755e+07    4.122e-02      34.02s       0         
17   6.265e+01    6.016e+15    8.054e+04      3.100e+01    4.840e+02    4.125e-02      30.35s       0         
18   6.573e+01    1.602e+16    2.581e+01      3.100e+01    4.840e+02    4.074e-02      28.53s       0         
19   6.915e+01    3.863e+21    2.861e+02      4.300e+01    2.428e+03    3.882e-02      22.61s       0         
20   6.768e+01    2.594e+14    5.241e+04      4.300e+01    2.428e+03    3.882e-02      17.51s       0         
21   7.048e+01    3.983e+15    1.783e+01      4.700e+01    5.407e+03    3.751e-02      14.29s       0         
22   7.338e+01    1.470e+17    9.752e+01      5.100e+01    6.298e+03    3.605e-02      9.11s        0         
23   6.958e+01    6.430e+15    3.151e+02      5.100e+01    7.756e+03    3.591e-02      4.66s        0         
24   6.831e+01    1.339e+16    2.338e+04      2.100e+01    1.690e+02    3.534e-02      0.00s        0         
25   6.338e+01    1.304e+16    1.757e+02      2.100e+01    1.690e+02    3.534e-02      1.82m        0         
26   5.988e+01    8.617e+11    5.794e+01      1.700e+01    5.800e+01    3.534e-02      2.27m        0         
27   6.276e+01    1.771e+15    4.003e+06      7.300e+01    1.950e+06    2.577e-02      1.91m        0         
28   6.315e+01    1.921e+12    2.304e-01      6.900e+01    5.505e+05    2.530e-02      1.57m        0         
29   6.568e+01    7.361e+13    1.271e+00      1.310e+02    5.716e+10    2.517e-02      1.52m        0         
30   6.446e+01    8.407e+16    4.592e-01      6.100e+01    1.818e+05    2.481e-02      1.61m        0         
31   6.234e+01    8.869e+14    4.547e-01      6.100e+01    1.818e+05    2.481e-02      1.52m        0         
32   6.531e+01    4.160e+15    2.266e+00      5.700e+01    2.292e+04    2.481e-02      1.40m        0         
33   6.207e+01    1.132e+15    4.385e+02      5.700e+01    2.292e+04    2.481e-02      1.17m        0         
34   6.233e+01    1.589e+13    7.587e-01      5.700e+01    2.292e+04    2.481e-02      1.30m        0         
35   6.097e+01    6.805e+12    1.117e+03      3.500e+01    8.740e+02    2.296e-02      1.08m        0         
36   5.628e+01    7.676e+10    6.905e+00      4.700e+01    3.370e+03    2.014e-02      1.07m        0         
37   5.201e+01    7.550e+10    5.721e+05      4.900e+01    4.582e+03    2.005e-02      57.93s       0         
38   5.043e+01    1.006e+13    5.260e-01      5.700e+01    2.898e+05    1.991e-02      53.01s       0         
39   4.708e+01    1.205e+10    5.795e+00      5.700e+01    2.896e+05    1.751e-02      57.26s       0         
40   4.653e+01    7.087e+07    1.156e+03      3.900e+01    4.660e+02    1.715e-02      52.42s       0         
41   4.755e+01    6.677e+06    1.123e+01      4.700e+01    4.354e+03    1.715e-02      46.53s       0         
42   4.964e+01    1.499e+08    1.882e+00      9.900e+01    2.237e+07    1.455e-02      40.54s       0         
43   5.133e+01    8.590e+08    1.330e+02      9.900e+01    2.174e+07    1.361e-02      28.29s       0         
44   5.554e+01    2.324e+13    8.706e+00      1.010e+02    2.237e+07    1.320e-02      28.36s       0         
45   5.820e+01    1.548e+09    1.120e+01      1.010e+02    2.237e+07    1.320e-02      21.68s       0         
46   5.980e+01    1.693e+08    2.449e+04      7.900e+01    3.765e+06    1.308e-02      13.53s       0         
47   6.482e+01    2.368e+10    3.310e+00      7.500e+01    1.412e+05    1.221e-02      10.63s       0         
48   6.329e+01    5.492e+08    2.380e+00      7.500e+01    1.412e+05    1.221e-02      5.42s        0         
49   6.559e+01    2.019e+10    7.991e-01      4.100e+01    6.520e+02    1.183e-02      0.00s        0         
50   6.367e+01    4.938e+09    4.172e+01      4.100e+01    6.520e+02    1.183e-02      2.17m        0         
51   6.290e+01    1.610e+10    9.654e+01      4.100e+01    6.520e+02    1.183e-02      2.52m        0         
52   5.985e+01    5.582e+07    5.452e+01      4.100e+01    6.520e+02    1.183e-02      1.94m        0         
53   6.151e+01    7.618e+08    1.586e+02      4.100e+01    6.520e+02    1.183e-02      2.15m        0         
54   6.038e+01    2.163e+09    1.577e+01      5.900e+01    4.091e+04    1.167e-02      1.68m        0         
55   6.247e+01    1.096e+09    1.028e+00      5.300e+01    8.320e+02    1.183e-02      1.68m        0         
56   6.264e+01    1.163e+07    8.562e+01      4.100e+01    6.520e+02    1.183e-02      1.41m        0         
57   6.016e+01    2.264e+09    2.248e+01      1.030e+02    1.956e+06    1.044e-02      1.69m        0         
58   6.084e+01    1.366e+08    1.154e+04      1.030e+02    1.956e+06    1.044e-02      1.58m        0         
59   5.994e+01    5.365e+06    1.601e+00      1.050e+02    2.448e+06    1.044e-02      1.17m        0         
60   6.211e+01    1.214e+08    3.991e+02      1.090e+02    2.474e+05    1.022e-02      1.31m        0         
61   6.095e+01    1.964e+06    2.782e+03      9.500e+01    8.670e+04    1.114e-02      1.54m        0         
62   6.112e+01    3.934e+06    3.824e+00      4.300e+01    7.330e+02    1.160e-02      1.10m        0         
63   6.177e+01    4.378e+06    7.856e+01      5.700e+01    1.261e+03    1.099e-02      54.47s       0         
64   6.015e+01    8.766e+06    7.023e+00      5.700e+01    1.261e+03    1.099e-02      52.35s       0         
65   6.104e+01    2.588e+06    3.478e+00      5.700e+01    1.261e+03    1.099e-02      49.05s       0         
66   6.244e+01    3.513e+06    1.586e+01      7.300e+01    1.107e+04    1.055e-02      49.26s       0         
67   6.131e+01    2.128e+07    7.961e-01      7.500e+01    1.064e+04    1.018e-02      35.18s       0         
68   6.422e+01    2.942e+07    6.526e+03      7.700e+01    2.014e+04    1.045e-02      29.36s       0         
69   6.369e+01    8.650e+05    9.365e-01      7.500e+01    8.908e+03    1.025e-02      26.61s       0         
70   6.146e+01    1.429e+06    5.339e-01      5.300e+01    1.084e+03    1.034e-02      21.05s       0         
71   6.332e+01    2.081e+06    4.487e-01      5.900e+01    2.677e+03    1.025e-02      14.22s       0         
72   6.253e+01    5.195e+06    2.106e+05      1.290e+02    3.070e+07    1.024e-02      10.63s       0         
73   6.192e+01    4.099e+08    7.455e+02      5.700e+01    3.877e+03    1.002e-02      5.77s        0         
74   6.083e+01    4.357e+08    1.754e+01      5.700e+01    3.877e+03    1.002e-02      0.00s        0         
75   6.072e+01    2.066e+06    2.552e+01      1.030e+02    9.004e+04    9.742e-03      2.44m        0         
76   5.970e+01    4.454e+07    5.842e+02      5.700e+01    3.877e+03    1.002e-02      2.05m        0         
77   5.951e+01    2.118e+05    6.654e-01      4.900e+01    1.159e+03    1.028e-02      1.98m        0         
78   5.948e+01    1.133e+05    5.470e+01      4.900e+01    1.159e+03    1.028e-02      2.03m        0         
79   6.175e+01    5.075e+05    5.833e+02      1.210e+02    3.732e+06    1.023e-02      1.88m        0         
80   6.097e+01    6.369e+05    7.642e-01      1.190e+02    3.686e+06    1.024e-02      1.78m        0         
81   5.977e+01    3.365e+06    7.441e+02      5.100e+01    1.252e+03    9.518e-03      1.97m        0         
82   6.030e+01    4.542e+05    7.515e-01      5.100e+01    1.252e+03    9.518e-03      1.47m        0         
83   6.023e+01    4.323e+05    8.972e-01      5.100e+01    1.252e+03    9.518e-03      1.60m        0         
84   6.070e+01    2.708e+05    1.184e+02      5.100e+01    1.252e+03    9.518e-03      1.87m        0         
85   6.062e+01    9.243e+05    1.039e+02      5.100e+01    1.252e+03    9.518e-03      1.31m        0         
86   6.112e+01    4.801e+05    6.007e+00      5.100e+01    1.252e+03    9.518e-03      1.07m        0         
87   6.134e+01    5.197e+05    1.044e+01      5.100e+01    1.252e+03    9.518e-03      1.35m        0         
88   6.216e+01    4.853e+05    3.048e+02      5.100e+01    1.252e+03    9.518e-03      1.24m        0         
89   6.176e+01    1.655e+06    7.175e+00      5.100e+01    1.252e+03    9.518e-03      1.07m        0         
90   6.391e+01    6.884e+05    3.216e+01      5.100e+01    1.252e+03    9.518e-03      54.02s       0         
91   6.081e+01    3.525e+05    1.436e+01      5.100e+01    1.252e+03    9.518e-03      42.62s       0         
92   6.323e+01    7.716e+05    9.413e+00      5.100e+01    1.252e+03    9.518e-03      42.44s       0         
93   6.443e+01    1.070e+06    6.441e+01      5.100e+01    1.252e+03    9.518e-03      38.56s       0         
94   6.646e+01    5.001e+06    1.025e+00      5.100e+01    1.252e+03    9.518e-03      29.83s       0         
95   6.547e+01    1.285e+07    1.527e+01      5.100e+01    1.252e+03    9.518e-03      19.27s       0         
96   6.128e+01    1.751e+06    4.116e+00      5.100e+01    1.252e+03    9.518e-03      17.16s       0         
97   6.360e+01    4.945e+06    4.203e-01      5.100e+01    1.252e+03    9.518e-03      11.30s       0         
98   6.275e+01    2.123e+06    3.881e-01      5.700e+01    3.130e+03    9.053e-03      6.25s        0         
99   6.199e+01    7.851e+07    3.105e+00      5.700e+01    3.130e+03    9.053e-03      0.00s        0         
100  6.091e+01    3.885e+05    9.296e+00      5.700e+01    3.130e+03    9.053e-03      1.95m        0         
101  6.303e+01    1.230e+06    5.317e-01      5.700e+01    3.130e+03    9.053e-03      2.26m        0         
102  6.202e+01    4.829e+05    2.712e+03      5.700e+01    3.130e+03    9.053e-03      1.89m        0         
103  6.024e+01    1.116e+05    6.912e-01      5.700e+01    3.130e+03    9.053e-03      2.18m        0         
104  6.191e+01    3.358e+05    2.026e+00      5.700e+01    3.130e+03    9.053e-03      2.25m        0         
105  6.266e+01    2.899e+05    2.679e+00      5.700e+01    3.130e+03    9.053e-03      1.66m        0         
106  6.070e+01    1.918e+05    4.111e-01      5.700e+01    3.130e+03    9.053e-03      2.07m        0         
107  6.035e+01    3.296e+05    4.079e+02      6.700e+01    2.560e+03    9.114e-03      1.74m        0         
108  6.142e+01    3.502e+05    1.278e+01      5.300e+01    9.700e+02    9.191e-03      1.86m        0         
109  6.185e+01    8.188e+05    9.903e+02      5.300e+01    9.700e+02    9.191e-03      1.50m        0         
110  6.078e+01    2.611e+05    1.387e+02      5.300e+01    9.700e+02    9.191e-03      1.17m        0         
111  6.128e+01    8.339e+05    1.103e+00      5.300e+01    9.700e+02    9.191e-03      1.43m        0         
112  6.168e+01    2.579e+05    2.224e+00      5.300e+01    9.700e+02    9.191e-03      1.42m        0         
113  6.002e+01    5.574e+05    1.672e+01      5.300e+01    9.700e+02    9.191e-03      1.05m        0         
114  5.969e+01    1.817e+06    3.003e+02      5.300e+01    9.700e+02    9.191e-03      48.88s       0         
115  6.245e+01    1.151e+06    9.729e+00      5.300e+01    9.700e+02    9.191e-03      1.19m        0         
116  6.177e+01    1.071e+06    1.661e+00      5.300e+01    9.700e+02    9.191e-03      39.60s       0         
117  5.992e+01    2.075e+06    1.175e+02      5.300e+01    9.700e+02    9.191e-03      45.77s       0         
118  6.073e+01    8.176e+05    1.659e+01      5.300e+01    9.700e+02    9.191e-03      32.30s       0         
119  6.187e+01    3.776e+08    9.567e-01      5.300e+01    9.700e+02    9.191e-03      28.78s       0         
120  5.938e+01    2.795e+06    1.824e+07      5.300e+01    9.700e+02    9.191e-03      22.19s       0         
121  5.981e+01    1.452e+08    3.336e+02      5.300e+01    9.700e+02    9.191e-03      16.56s       0         
122  6.160e+01    3.525e+09    5.314e-01      5.300e+01    9.700e+02    9.191e-03      10.95s       0         
123  5.993e+01    1.222e+07    1.874e+00      5.300e+01    9.700e+02    9.191e-03      4.77s        0         
124  6.115e+01    8.491e+06    3.317e+02      5.300e+01    9.700e+02    9.191e-03      0.00s        0         
125  6.195e+01    1.558e+06    6.638e+01      5.300e+01    9.700e+02    9.191e-03      2.38m        0         
126  6.079e+01    1.097e+06    2.888e-01      5.300e+01    9.700e+02    9.191e-03      2.49m        0         
127  6.170e+01    3.206e+06    1.157e+01      5.300e+01    9.700e+02    9.191e-03      2.46m        0         
128  6.134e+01    5.773e+05    3.249e+01      5.300e+01    9.700e+02    9.191e-03      2.14m        0         
129  6.105e+01    8.137e+05    2.167e-01      5.300e+01    9.700e+02    9.191e-03      1.78m        0         
130  5.954e+01    3.277e+05    1.500e+01      5.300e+01    9.700e+02    9.191e-03      1.93m        0         
131  6.052e+01    7.758e+06    1.390e+00      5.300e+01    9.700e+02    9.191e-03      1.62m        0         
132  5.898e+01    1.729e+06    1.512e+01      5.900e+01    2.608e+03    9.150e-03      1.61m        0         
133  5.859e+01    1.060e+07    2.920e+00      5.300e+01    9.700e+02    9.191e-03      1.25m        0         
134  5.812e+01    3.112e+05    4.091e-01      5.500e+01    2.560e+03    9.104e-03      1.16m        0         
135  5.812e+01    1.860e+05    2.514e-01      5.500e+01    2.560e+03    9.104e-03      1.13m        0         
136  5.792e+01    1.726e+05    5.528e+00      5.500e+01    2.560e+03    9.104e-03      1.02m        0         
137  5.866e+01    2.192e+05    4.464e-01      5.500e+01    2.560e+03    9.104e-03      1.46m        0         
138  5.701e+01    1.183e+05    5.539e+05      5.500e+01    4.315e+03    9.086e-03      1.22m        0         
139  5.695e+01    3.257e+05    3.511e-01      5.500e+01    4.315e+03    9.086e-03      54.56s       0         
140  5.993e+01    1.436e+12    1.483e+02      5.500e+01    4.315e+03    9.086e-03      44.57s       0         
141  5.820e+01    4.669e+05    5.042e+01      5.500e+01    4.315e+03    9.086e-03      57.18s       0         
142  5.928e+01    1.533e+05    4.716e+01      5.500e+01    4.315e+03    9.086e-03      49.79s       0         
143  5.765e+01    4.238e+05    4.221e-01      5.500e+01    4.315e+03    9.086e-03      32.11s       0         
144  5.808e+01    6.835e+05    1.453e+00      5.500e+01    4.315e+03    9.086e-03      26.96s       0         
145  5.820e+01    9.245e+05    5.654e+00      5.500e+01    4.315e+03    9.086e-03      22.55s       0         
146  5.903e+01    9.059e+05    5.767e+00      5.500e+01    4.315e+03    9.086e-03      14.43s       0         
147  5.990e+01    2.576e+05    2.688e+01      5.500e+01    4.315e+03    9.086e-03      10.52s       0         
148  5.934e+01    2.856e+05    3.998e+00      5.500e+01    4.315e+03    9.086e-03      4.98s        0         
149  6.036e+01    7.316e+06    1.085e+05      8.700e+01    9.617e+05    9.061e-03      0.00s        0         
150  6.059e+01    3.788e+05    2.771e-01      5.500e+01    4.315e+03    9.086e-03      2.35m        0         
151  6.141e+01    2.271e+08    2.804e+01      5.500e+01    4.315e+03    9.086e-03      1.98m        0         
152  5.910e+01    1.489e+05    5.101e+00      5.500e+01    4.315e+03    9.086e-03      2.09m        0         
153  5.946e+01    2.845e+05    2.717e+01      5.500e+01    4.315e+03    9.086e-03      1.73m        0         
154  6.235e+01    2.643e+05    3.784e-01      5.500e+01    4.315e+03    9.086e-03      1.69m        0         
155  6.257e+01    5.821e+05    1.250e+00      7.500e+01    3.868e+03    8.535e-03      1.93m        0         
156  6.188e+01    3.913e+05    4.559e+00      7.500e+01    3.868e+03    8.535e-03      1.71m        0         
157  6.232e+01    8.624e+06    4.098e+01      6.900e+01    6.688e+03    8.547e-03      1.55m        0         
158  6.232e+01    1.234e+06    3.884e+06      5.500e+01    4.315e+03    9.086e-03      1.35m        0         
159  6.226e+01    1.321e+07    8.934e+04      6.100e+01    2.860e+03    8.401e-03      1.34m        0         
160  6.407e+01    2.807e+06    1.697e+02      6.100e+01    2.860e+03    8.401e-03      1.13m        0         
161  6.541e+01    4.517e+07    2.600e+00      6.100e+01    2.860e+03    8.401e-03      1.09m        0         
162  6.322e+01    1.854e+06    3.805e+00      6.100e+01    2.860e+03    8.401e-03      1.05m        0         
163  6.134e+01    1.847e+06    1.033e+00      6.100e+01    2.860e+03    8.401e-03      55.21s       0         
164  6.253e+01    2.250e+06    9.894e+00      6.100e+01    2.860e+03    8.401e-03      51.27s       0         
165  6.278e+01    2.414e+06    1.680e+00      6.100e+01    2.860e+03    8.401e-03      43.81s       0         
166  6.363e+01    1.321e+06    4.741e+01      6.100e+01    2.860e+03    8.401e-03      39.72s       0         
167  6.683e+01    2.120e+07    1.330e+00      6.100e+01    2.860e+03    8.401e-03      40.56s       0         
168  6.294e+01    3.740e+06    5.615e+00      6.100e+01    2.860e+03    8.401e-03      35.53s       0         
169  6.239e+01    6.417e+06    5.204e-01      6.100e+01    2.860e+03    8.401e-03      25.64s       0         
170  6.084e+01    7.854e+05    6.859e-01      6.100e+01    2.860e+03    8.401e-03      26.81s       0         
171  6.169e+01    3.735e+06    2.228e+01      6.100e+01    2.860e+03    8.401e-03      15.14s       0         
172  6.377e+01    2.179e+08    4.543e+03      6.100e+01    2.860e+03    8.401e-03      10.03s       0         
173  6.294e+01    6.477e+11    3.305e+05      6.100e+01    2.860e+03    8.401e-03      5.35s        0         
174  6.352e+01    4.121e+06    5.629e-01      6.100e+01    2.860e+03    8.401e-03      0.00s        0         
175  6.623e+01    5.778e+11    8.021e+01      6.100e+01    2.860e+03    8.401e-03      2.03m        0         
176  6.738e+01    2.566e+06    2.189e+03      6.100e+01    2.860e+03    8.401e-03      1.87m        0         
177  6.495e+01    1.678e+07    2.516e+01      6.100e+01    2.860e+03    8.401e-03      1.74m        0         
178  6.533e+01    1.633e+06    1.067e+02      6.100e+01    2.860e+03    8.401e-03      1.68m        0         
179  6.541e+01    1.192e+08    2.796e-01      6.100e+01    2.860e+03    8.401e-03      1.50m        0         
180  6.351e+01    1.057e+06    2.213e+01      6.100e+01    2.860e+03    8.401e-03      1.53m        0         
181  6.270e+01    4.219e+06    9.928e+01      6.100e+01    2.860e+03    8.401e-03      1.87m        0         
182  6.344e+01    7.170e+06    5.085e-01      6.100e+01    2.860e+03    8.401e-03      1.55m        0         
183  6.247e+01    4.368e+06    6.899e-01      6.100e+01    3.760e+03    8.393e-03      1.27m        0         
184  6.574e+01    4.032e+06    3.369e-01      6.100e+01    3.760e+03    8.393e-03      1.34m        0         
185  6.456e+01    1.502e+06    7.057e+02      6.100e+01    3.760e+03    8.393e-03      1.27m        0         
186  6.448e+01    3.440e+06    1.647e+00      6.100e+01    3.760e+03    8.393e-03      1.20m        0         
187  6.429e+01    5.469e+07    2.396e+03      6.100e+01    3.760e+03    8.393e-03      55.90s       0         
188  6.344e+01    1.695e+06    4.409e+00      6.100e+01    3.760e+03    8.393e-03      58.55s       0         
189  6.263e+01    5.917e+14    4.090e+02      6.100e+01    3.760e+03    8.393e-03      48.00s       0         
190  6.313e+01    1.932e+06    2.001e+00      6.100e+01    3.760e+03    8.393e-03      40.36s       0         
191  6.469e+01    3.147e+06    4.328e-01      6.100e+01    3.760e+03    8.393e-03      50.13s       0         
192  6.406e+01    1.669e+06    3.228e-01      6.100e+01    3.760e+03    8.393e-03      34.93s       0         
193  6.350e+01    6.577e+06    1.436e+00      6.100e+01    3.760e+03    8.393e-03      36.31s       0         
194  6.386e+01    4.100e+06    4.865e+00      6.100e+01    3.760e+03    8.393e-03      26.07s       0         
195  6.606e+01    1.382e+07    9.408e-01      6.100e+01    3.760e+03    8.393e-03      18.59s       0         
196  6.609e+01    4.077e+06    5.342e-01      6.100e+01    3.760e+03    8.393e-03      13.74s       0         
197  6.786e+01    3.320e+09    2.569e+05      6.100e+01    3.760e+03    8.393e-03      9.71s        0         
198  6.566e+01    7.551e+06    4.091e+00      6.100e+01    3.760e+03    8.393e-03      5.56s        0         
199  6.682e+01    2.295e+06    2.695e-01      6.100e+01    3.760e+03    8.393e-03      0.00s        0         
200  6.667e+01    2.208e+10    1.063e+01      6.100e+01    3.760e+03    8.393e-03      2.07m        0         
201  6.821e+01    4.431e+06    1.915e+00      6.100e+01    3.760e+03    8.393e-03      2.14m        0         
202  6.479e+01    9.132e+08    2.123e-01      5.900e+01    3.340e+03    8.297e-03      1.73m        0         
203  6.527e+01    1.296e+07    7.882e+01      5.900e+01    3.340e+03    8.297e-03      2.09m        0         
204  6.439e+01    5.957e+08    1.329e+00      5.900e+01    3.340e+03    8.297e-03      1.88m        0         
205  6.395e+01    1.535e+08    2.182e+00      5.900e+01    3.340e+03    8.297e-03      1.78m        0         
206  6.275e+01    2.104e+07    2.312e-01      5.900e+01    3.340e+03    8.297e-03      1.45m        0         
207  6.348e+01    8.529e+06    3.265e+01      5.900e+01    3.340e+03    8.297e-03      1.56m        0         
208  6.425e+01    1.991e+06    2.437e-01      5.900e+01    3.340e+03    8.297e-03      1.55m        0         
209  6.263e+01    3.029e+07    1.363e+00      5.900e+01    3.340e+03    8.297e-03      1.31m        0         
210  6.430e+01    4.429e+07    1.204e+00      5.900e+01    3.340e+03    8.297e-03      1.27m        0         
211  6.324e+01    3.273e+06    2.979e+00      5.900e+01    3.340e+03    8.297e-03      1.15m        0         
212  6.205e+01    3.977e+06    4.223e+00      5.900e+01    3.340e+03    8.297e-03      1.08m        0         
213  6.317e+01    1.149e+06    5.013e-01      5.900e+01    3.340e+03    8.297e-03      50.88s       0         
214  6.318e+01    2.213e+10    1.633e+01      5.900e+01    3.340e+03    8.297e-03      46.24s       0         
215  6.514e+01    1.425e+06    4.489e-01      5.900e+01    3.340e+03    8.297e-03      43.01s       0         
216  6.459e+01    2.546e+07    6.310e-01      5.900e+01    3.340e+03    8.297e-03      41.88s       0         
217  6.340e+01    2.174e+07    2.493e+01      5.900e+01    3.340e+03    8.297e-03      33.81s       0         
218  6.225e+01    2.215e+05    8.137e-01      5.900e+01    3.340e+03    8.297e-03      33.61s       0         
219  6.355e+01    3.182e+06    2.786e+05      5.900e+01    3.340e+03    8.297e-03      26.50s       0         
220  6.356e+01    3.023e+08    3.179e+07      5.900e+01    3.340e+03    8.297e-03      22.32s       0         
221  6.159e+01    4.870e+05    1.378e+00      5.900e+01    3.340e+03    8.297e-03      16.00s       0         
222  6.264e+01    2.374e+06    1.399e+00      5.900e+01    3.340e+03    8.297e-03      10.40s       0         
223  6.381e+01    1.224e+07    7.759e-01      5.900e+01    3.340e+03    8.297e-03      4.67s        0         
224  6.305e+01    1.545e+06    1.721e+00      5.900e+01    3.340e+03    8.297e-03      0.00s        0         
225  6.020e+01    4.204e+05    1.905e-01      5.900e+01    3.340e+03    8.297e-03      1.85m        0         
226  6.072e+01    1.643e+06    7.697e-01      5.900e+01    3.340e+03    8.297e-03      1.74m        0         
227  6.483e+01    1.699e+07    3.342e+04      5.900e+01    3.340e+03    8.297e-03      1.67m        0         
228  6.189e+01    9.383e+05    1.423e+02      5.900e+01    3.340e+03    8.297e-03      1.98m        0         
229  6.358e+01    1.110e+06    4.458e+00      5.900e+01    3.340e+03    8.297e-03      1.77m        0         
230  6.265e+01    6.045e+07    2.891e+01      5.900e+01    3.340e+03    8.297e-03      1.55m        0         
231  6.103e+01    2.932e+06    2.740e+00      5.900e+01    3.340e+03    8.297e-03      1.64m        0         
232  6.146e+01    1.151e+06    4.126e+00      5.900e+01    3.340e+03    8.297e-03      1.67m        0         
233  6.001e+01    2.038e+05    2.931e-01      5.900e+01    3.340e+03    8.297e-03      1.81m        0         
234  6.380e+01    2.476e+06    8.541e-01      5.900e+01    3.340e+03    8.297e-03      1.19m        0         
235  6.143e+01    2.910e+06    4.121e+00      5.900e+01    3.340e+03    8.297e-03      1.39m        0         
236  6.337e+01    1.276e+09    1.027e+01      5.900e+01    3.340e+03    8.297e-03      1.11m        0         
237  6.280e+01    1.005e+06    2.941e+01      5.900e+01    3.340e+03    8.297e-03      1.05m        0         
238  6.115e+01    1.808e+07    2.814e+01      5.900e+01    3.340e+03    8.297e-03      56.24s       0         
239  6.009e+01    3.418e+05    8.785e-01      5.900e+01    3.340e+03    8.297e-03      1.06m        0         
240  6.338e+01    6.138e+05    1.015e+01      5.900e+01    3.340e+03    8.297e-03      46.22s       0         
241  6.176e+01    8.349e+05    2.111e+00      5.900e+01    3.340e+03    8.297e-03      52.12s       0         
242  6.263e+01    2.181e+06    1.072e+00      5.900e+01    3.340e+03    8.297e-03      41.35s       0         
243  6.257e+01    5.738e+05    6.929e+00      5.900e+01    3.340e+03    8.297e-03      38.33s       0         
244  6.114e+01    6.393e+06    2.434e+02      5.900e+01    3.340e+03    8.297e-03      26.55s       0         
245  6.044e+01    3.567e+05    1.263e+02      5.900e+01    3.340e+03    8.297e-03      21.39s       0         
246  6.077e+01    1.218e+08    5.903e+00      5.900e+01    3.340e+03    8.297e-03      17.40s       0         
247  6.184e+01    8.945e+05    1.515e+02      5.900e+01    3.340e+03    8.297e-03      10.97s       0         
248  6.113e+01    1.201e+06    9.963e-01      5.900e+01    3.340e+03    8.297e-03      5.60s        0         
249  6.224e+01    5.504e+06    1.831e+02      5.900e+01    3.340e+03    8.297e-03      0.00s        0         
250  5.997e+01    4.737e+05    5.510e+02      5.900e+01    3.340e+03    8.297e-03      2.23m        0         
251  6.130e+01    1.285e+06    2.615e-01      5.900e+01    3.340e+03    8.297e-03      2.17m        0         
252  6.060e+01    1.038e+06    8.736e+02      5.900e+01    3.340e+03    8.297e-03      2.02m        0         
253  6.148e+01    1.339e+07    4.924e+03      7.100e+01    9.325e+03    8.292e-03      1.82m        0         
254  6.299e+01    7.154e+05    1.367e+00      5.900e+01    3.340e+03    8.297e-03      1.89m        0         
255  6.385e+01    5.855e+05    1.324e+01      5.900e+01    3.340e+03    8.297e-03      1.57m        0         
256  6.229e+01    7.811e+06    1.750e+01      5.900e+01    3.340e+03    8.297e-03      2.01m        0         
257  6.238e+01    2.594e+06    1.716e+00      5.900e+01    3.340e+03    8.297e-03      1.57m        0         
258  6.092e+01    1.996e+05    3.326e+01      5.900e+01    3.340e+03    8.297e-03      1.80m        0         
259  6.197e+01    6.140e+05    1.940e+01      8.500e+01    8.029e+04    8.269e-03      1.42m        0         
260  6.179e+01    1.046e+06    3.669e-01      5.900e+01    3.340e+03    8.297e-03      1.69m        0         
261  6.299e+01    1.440e+07    4.019e-01      5.900e+01    3.340e+03    8.297e-03      1.01m        0         
262  6.147e+01    5.143e+06    7.018e-01      5.900e+01    3.340e+03    8.297e-03      1.19m        0         
263  6.203e+01    3.103e+05    8.223e-01      5.900e+01    3.340e+03    8.297e-03      1.06m        0         
264  6.306e+01    1.915e+10    8.493e+03      5.900e+01    3.340e+03    8.297e-03      56.00s       0         
265  6.360e+01    6.026e+06    3.129e-01      5.900e+01    3.340e+03    8.297e-03      46.21s       0         
266  6.594e+01    2.203e+07    7.513e+00      5.900e+01    3.340e+03    8.297e-03      43.39s       0         
267  6.536e+01    8.463e+06    1.422e+02      5.900e+01    3.340e+03    8.297e-03      38.80s       0         
268  6.454e+01    1.961e+06    1.770e+00      5.900e+01    3.340e+03    8.297e-03      28.06s       0         
269  6.654e+01    9.226e+05    2.630e+01      5.900e+01    3.340e+03    8.297e-03      28.04s       0         
270  6.506e+01    1.055e+06    2.050e-01      5.900e+01    3.340e+03    8.297e-03      21.52s       0         
271  6.351e+01    7.720e+06    2.786e-01      5.900e+01    3.340e+03    8.297e-03      15.99s       0         
272  6.339e+01    7.097e+05    7.249e+04      5.900e+01    3.340e+03    8.297e-03      9.43s        0         
273  6.369e+01    7.036e+06    3.991e+00      5.900e+01    3.340e+03    8.297e-03      5.12s        0         
274  6.559e+01    6.124e+06    6.915e-01      5.900e+01    3.340e+03    8.297e-03      0.00s        0         
275  6.309e+01    1.124e+06    1.710e+00      5.900e+01    3.340e+03    8.297e-03      1.98m        0         
276  6.547e+01    1.131e+06    8.087e+00      5.900e+01    3.340e+03    8.297e-03      1.88m        0         
277  6.249e+01    1.229e+15    9.620e+01      5.900e+01    3.340e+03    8.297e-03      1.72m        0         
278  6.284e+01    1.487e+06    6.343e-01      5.900e+01    3.340e+03    8.297e-03      1.79m        0         
279  6.227e+01    1.906e+06    1.097e+00      5.900e+01    3.340e+03    8.297e-03      1.59m        0         
280  6.291e+01    7.483e+06    1.619e+01      5.900e+01    3.340e+03    8.297e-03      1.53m        0         
281  6.200e+01    1.797e+08    2.502e-01      5.900e+01    3.340e+03    8.297e-03      1.64m        0         
282  6.319e+01    5.240e+06    2.890e-01      5.900e+01    3.340e+03    8.297e-03      2.29m        0         
283  6.227e+01    3.432e+14    4.368e+00      5.900e+01    3.340e+03    8.297e-03      1.24m        0         
284  6.226e+01    3.989e+07    4.179e+02      5.900e+01    3.340e+03    8.297e-03      1.22m        0         
285  6.248e+01    2.991e+09    9.508e+00      5.900e+01    3.340e+03    8.297e-03      1.06m        0         
286  6.372e+01    1.020e+07    8.692e-01      5.900e+01    3.340e+03    8.297e-03      1.02m        0         
287  6.442e+01    2.279e+13    1.518e+02      5.900e+01    3.340e+03    8.297e-03      59.85s       0         
288  6.459e+01    2.497e+06    9.133e-01      5.900e+01    3.340e+03    8.297e-03      59.16s       0         
289  6.428e+01    6.206e+07    1.604e+00      5.900e+01    3.340e+03    8.297e-03      55.20s       0         
290  6.598e+01    6.257e+07    4.211e+01      5.900e+01    3.340e+03    8.297e-03      47.17s       0         
291  6.579e+01    3.283e+06    1.885e+00      5.900e+01    3.340e+03    8.297e-03      43.21s       0         
292  6.514e+01    1.850e+06    1.553e+00      5.900e+01    3.340e+03    8.297e-03      37.79s       0         
293  6.310e+01    2.670e+06    4.810e-01      5.900e+01    3.340e+03    8.297e-03      30.84s       0         
294  6.598e+01    7.466e+06    1.344e+06      5.900e+01    3.340e+03    8.297e-03      24.63s       0         
295  6.489e+01    4.995e+05    2.563e+00      5.900e+01    3.340e+03    8.297e-03      19.23s       0         
296  6.591e+01    1.778e+06    9.331e-01      5.900e+01    3.340e+03    8.297e-03      16.65s       0         
297  6.561e+01    1.002e+06    1.229e+02      5.900e+01    3.340e+03    8.297e-03      10.49s       0         
298  6.424e+01    1.689e+06    5.517e+00      5.900e+01    3.340e+03    8.297e-03      5.18s        0         
299  6.467e+01    7.713e+06    7.624e+05      5.900e+01    3.340e+03    8.297e-03      0.00s        0         
300  6.469e+01    4.267e+07    6.192e+01      5.900e+01    3.340e+03    8.297e-03      2.10m        0         
301  6.504e+01    5.266e+06    7.304e+00      5.900e+01    3.340e+03    8.297e-03      2.36m        0         
302  6.451e+01    1.911e+08    3.374e+00      5.900e+01    3.340e+03    8.297e-03      1.91m        0         
303  6.352e+01    1.056e+06    5.141e+02      5.900e+01    3.340e+03    8.297e-03      2.26m        0         
304  6.185e+01    2.118e+06    1.274e+00      5.900e+01    3.340e+03    8.297e-03      1.70m        0         
305  6.320e+01    1.378e+06    1.355e+01      5.900e+01    3.340e+03    8.297e-03      1.94m        0         
306  6.292e+01    2.809e+05    3.918e+02      5.900e+01    3.340e+03    8.297e-03      1.52m        0         
307  6.375e+01    9.353e+05    6.665e+00      5.900e+01    3.340e+03    8.297e-03      1.68m        0         
308  6.491e+01    2.170e+06    5.417e-01      5.900e+01    3.340e+03    8.297e-03      1.65m        0         
309  6.514e+01    1.839e+06    9.782e-01      5.900e+01    3.340e+03    8.297e-03      1.48m        0         
310  6.400e+01    2.452e+06    2.433e+02      5.900e+01    3.340e+03    8.297e-03      1.09m        0         
311  6.496e+01    2.630e+06    1.304e+02      5.900e+01    3.340e+03    8.297e-03      1.19m        0         
312  6.439e+01    4.473e+05    3.034e+02      5.900e+01    3.340e+03    8.297e-03      1.02m        0         
313  6.424e+01    2.931e+05    1.436e+02      5.900e+01    3.340e+03    8.297e-03      50.84s       0         
314  6.415e+01    1.636e+05    4.999e+01      5.900e+01    3.340e+03    8.297e-03      57.07s       0         
315  6.525e+01    6.154e+05    5.737e-01      5.900e+01    3.340e+03    8.297e-03      45.57s       0         
316  6.473e+01    3.803e+06    3.007e+03      5.900e+01    3.340e+03    8.297e-03      36.85s       0         
317  6.506e+01    3.054e+06    8.726e-01      5.900e+01    3.340e+03    8.297e-03      36.02s       0         
318  6.407e+01    7.831e+05    6.483e+00      5.900e+01    3.340e+03    8.297e-03      30.02s       0         
319  6.486e+01    8.047e+05    2.655e+02      5.900e+01    3.340e+03    8.297e-03      24.88s       0         
320  6.385e+01    3.431e+05    5.054e+00      5.900e+01    3.340e+03    8.297e-03      18.69s       0         
321  6.625e+01    7.286e+05    5.685e+04      5.900e+01    3.340e+03    8.297e-03      15.61s       0         
322  6.340e+01    2.234e+06    1.051e+03      5.900e+01    3.340e+03    8.297e-03      10.29s       0         
323  6.251e+01    1.788e+07    4.967e+02      5.900e+01    3.340e+03    8.297e-03      4.51s        0         
324  6.483e+01    3.320e+07    2.753e+00      5.900e+01    3.340e+03    8.297e-03      0.00s        0         
325  6.325e+01    3.133e+05    7.551e+04      5.900e+01    3.340e+03    8.297e-03      1.84m        0         
326  6.134e+01    4.087e+05    1.910e+00      5.900e+01    3.340e+03    8.297e-03      2.07m        0         
327  6.399e+01    4.519e+05    4.667e+02      5.900e+01    3.340e+03    8.297e-03      2.23m        0         
328  6.260e+01    5.714e+05    2.119e+00      5.900e+01    3.340e+03    8.297e-03      2.35m        0         
329  6.247e+01    1.113e+06    1.430e+00      5.900e+01    3.340e+03    8.297e-03      1.90m        0         
330  6.377e+01    9.347e+05    3.996e+00      5.900e+01    3.340e+03    8.297e-03      1.77m        0         
331  6.294e+01    1.310e+06    4.775e-01      5.900e+01    3.340e+03    8.297e-03      1.54m        0         
332  6.372e+01    6.812e+05    1.626e-01      5.900e+01    3.340e+03    8.297e-03      1.61m        0         
333  6.265e+01    1.012e+07    2.909e+04      5.900e+01    3.340e+03    8.297e-03      1.37m        0         
334  6.505e+01    4.114e+06    1.378e+02      5.900e+01    3.340e+03    8.297e-03      1.41m        0         
335  6.333e+01    5.362e+05    8.127e+04      5.900e+01    3.340e+03    8.297e-03      1.42m        0         
336  6.506e+01    7.779e+05    1.535e+00      5.900e+01    3.340e+03    8.297e-03      1.10m        0         
337  6.445e+01    5.795e+06    1.222e+02      5.900e+01    3.340e+03    8.297e-03      1.01m        0         
338  6.110e+01    1.265e+06    2.820e-01      5.900e+01    3.340e+03    8.297e-03      54.67s       0         
339  6.240e+01    3.202e+05    2.098e-01      5.900e+01    3.340e+03    8.297e-03      45.55s       0         
340  6.406e+01    4.069e+06    4.049e+00      5.900e+01    3.340e+03    8.297e-03      50.64s       0         
341  6.379e+01    1.430e+06    2.038e+02      5.900e+01    3.340e+03    8.297e-03      39.57s       0         
342  6.203e+01    4.211e+06    5.809e-01      5.900e+01    3.340e+03    8.297e-03      36.39s       0         
343  6.554e+01    3.891e+07    8.324e-01      5.900e+01    3.340e+03    8.297e-03      27.62s       0         
344  6.617e+01    1.264e+07    6.399e+00      5.900e+01    3.340e+03    8.297e-03      23.92s       0         
345  6.451e+01    2.650e+06    7.579e+04      5.900e+01    3.340e+03    8.297e-03      18.91s       0         
346  6.520e+01    2.110e+10    7.502e+02      5.900e+01    3.340e+03    8.297e-03      16.12s       0         
347  6.439e+01    8.092e+06    2.823e+01      5.900e+01    3.340e+03    8.297e-03      9.75s        0         
348  6.419e+01    2.210e+06    2.203e+01      5.900e+01    3.340e+03    8.297e-03      5.41s        0         
349  6.279e+01    1.009e+06    1.177e+01      5.900e+01    3.340e+03    8.297e-03      0.00s        0         
350  6.477e+01    3.631e+08    1.059e+02      5.900e+01    3.340e+03    8.297e-03      2.35m        0         
351  6.280e+01    2.428e+06    1.951e+01      5.900e+01    3.340e+03    8.297e-03      1.94m        0         
352  6.362e+01    2.685e+14    8.677e-01      5.900e+01    3.340e+03    8.297e-03      2.07m        0         
353  6.369e+01    1.485e+06    7.894e+04      5.900e+01    3.340e+03    8.297e-03      1.77m        0         
354  6.249e+01    7.223e+05    1.134e+02      5.900e+01    3.340e+03    8.297e-03      1.94m        0         
355  6.354e+01    5.182e+05    1.534e+11      5.900e+01    4.060e+03    8.225e-03      1.66m        0         
356  6.415e+01    1.269e+06    9.127e+02      5.900e+01    4.060e+03    8.225e-03      1.89m        0         
357  6.407e+01    5.533e+06    2.367e+00      5.900e+01    4.060e+03    8.225e-03      1.58m        0         
358  6.475e+01    9.102e+06    3.396e-01      5.900e+01    4.060e+03    8.225e-03      1.34m        0         
359  6.441e+01    1.359e+06    1.433e+01      5.900e+01    4.060e+03    8.225e-03      1.34m        0         
360  6.385e+01    2.819e+06    4.068e+00      5.900e+01    4.060e+03    8.225e-03      1.09m        0         
361  6.533e+01    8.984e+06    2.854e-01      5.900e+01    4.060e+03    8.225e-03      1.11m        0         
362  6.544e+01    1.659e+06    2.384e+01      5.900e+01    4.060e+03    8.225e-03      1.05m        0         
363  6.619e+01    1.963e+06    1.703e+01      5.900e+01    4.060e+03    8.225e-03      58.94s       0         
364  6.472e+01    1.670e+06    3.190e-01      5.900e+01    4.060e+03    8.225e-03      46.18s       0         
365  6.622e+01    1.413e+07    2.939e-01      5.900e+01    4.060e+03    8.225e-03      45.03s       0         
366  6.229e+01    2.334e+08    4.498e-01      5.900e+01    4.060e+03    8.225e-03      37.72s       0         
367  6.202e+01    3.460e+07    6.043e-01      5.900e+01    4.060e+03    8.225e-03      32.89s       0         
368  6.099e+01    4.735e+05    9.085e+01      5.900e+01    4.060e+03    8.225e-03      33.44s       0         
369  6.268e+01    5.251e+06    6.551e+01      5.900e+01    4.060e+03    8.225e-03      31.47s       0         
370  6.547e+01    3.036e+06    2.391e-01      5.900e+01    4.060e+03    8.225e-03      19.01s       0         
371  6.603e+01    4.335e+06    7.617e+00      5.900e+01    4.060e+03    8.225e-03      14.41s       0         
372  6.419e+01    3.856e+07    5.933e+05      5.900e+01    4.060e+03    8.225e-03      11.81s       0         
373  6.633e+01    1.337e+07    4.428e+00      5.900e+01    4.060e+03    8.225e-03      5.63s        0         
374  6.520e+01    1.054e+06    8.737e+00      5.900e+01    4.060e+03    8.225e-03      0.00s        0         
375  6.507e+01    3.411e+06    3.283e-01      5.900e+01    4.060e+03    8.225e-03      1.93m        0         
376  6.594e+01    2.684e+07    2.412e+00      5.900e+01    4.060e+03    8.225e-03      1.77m        0         
377  6.555e+01    6.291e+06    6.595e+00      5.900e+01    4.060e+03    8.225e-03      1.94m        0         
378  6.448e+01    1.670e+13    7.941e-01      5.900e+01    4.060e+03    8.225e-03      1.78m        0         
379  6.509e+01    1.482e+06    8.099e+04      5.900e+01    4.060e+03    8.225e-03      2.05m        0         
380  6.472e+01    1.613e+07    7.270e-01      5.900e+01    4.060e+03    8.225e-03      1.64m        0         
381  6.511e+01    2.294e+07    1.657e+01      5.900e+01    4.060e+03    8.225e-03      1.56m        0         
382  6.298e+01    1.457e+12    1.166e+00      5.900e+01    4.060e+03    8.225e-03      1.44m        0         
383  6.256e+01    1.244e+07    4.177e-01      5.900e+01    4.060e+03    8.225e-03      1.31m        0         
384  6.226e+01    1.375e+06    5.087e-01      5.900e+01    4.060e+03    8.225e-03      1.19m        0         
385  6.027e+01    1.643e+08    3.225e+00      5.900e+01    4.060e+03    8.225e-03      1.37m        0         
386  6.214e+01    6.393e+07    2.145e+01      5.900e+01    4.060e+03    8.225e-03      1.42m        0         
387  6.288e+01    4.195e+08    6.827e+01      5.900e+01    4.060e+03    8.225e-03      54.34s       0         
388  6.164e+01    2.607e+06    1.664e+03      5.900e+01    4.060e+03    8.225e-03      58.58s       0         
389  6.218e+01    1.885e+08    4.150e-01      5.900e+01    4.060e+03    8.225e-03      56.34s       0         
390  6.247e+01    5.197e+06    5.345e-01      5.900e+01    4.060e+03    8.225e-03      52.73s       0         
391  6.317e+01    1.966e+06    5.237e+03      5.900e+01    4.060e+03    8.225e-03      40.51s       0         
392  6.326e+01    6.398e+06    2.977e+00      5.900e+01    4.060e+03    8.225e-03      42.16s       0         
393  6.398e+01    1.113e+06    5.792e+04      5.900e+01    4.060e+03    8.225e-03      28.02s       0         
394  6.353e+01    1.254e+07    1.234e+02      5.900e+01    4.060e+03    8.225e-03      30.87s       0         
395  6.357e+01    2.170e+06    2.205e+01      5.900e+01    4.060e+03    8.225e-03      19.25s       0         
396  6.477e+01    1.047e+12    5.011e+02      5.900e+01    4.060e+03    8.225e-03      16.66s       0         
397  6.356e+01    8.641e+06    5.741e+02      5.900e+01    4.060e+03    8.225e-03      10.20s       0         
398  6.263e+01    3.707e+06    9.599e+05      6.100e+01    4.840e+03    8.211e-03      5.01s        0         
399  6.141e+01    3.343e+05    4.672e+01      6.100e+01    4.840e+03    8.211e-03      0.00s        0         
400  6.157e+01    1.072e+06    1.456e+00      6.100e+01    4.840e+03    8.211e-03      2.16m        0         
401  6.210e+01    7.199e+06    1.058e+00      5.900e+01    4.060e+03    8.225e-03      2.09m        0         
402  6.294e+01    1.942e+07    5.596e+00      5.900e+01    4.060e+03    8.225e-03      1.69m        0         
403  6.086e+01    5.308e+06    8.376e-01      5.900e+01    4.060e+03    8.225e-03      2.08m        0         
404  6.084e+01    5.559e+05    2.920e-01      5.900e+01    4.060e+03    8.225e-03      1.77m        0         
405  5.870e+01    1.060e+07    4.297e-01      5.900e+01    4.060e+03    8.225e-03      1.59m        0         
406  6.082e+01    4.403e+07    2.564e+01      5.900e+01    4.060e+03    8.225e-03      1.42m        0         
407  6.160e+01    2.328e+06    1.176e+00      5.900e+01    4.060e+03    8.225e-03      1.53m        0         
408  6.310e+01    6.015e+06    7.511e-01      5.900e+01    4.060e+03    8.225e-03      1.50m        0         
409  6.065e+01    1.442e+09    3.146e+04      5.900e+01    4.060e+03    8.225e-03      1.39m        0         
410  6.026e+01    8.699e+05    4.296e-01      5.900e+01    4.060e+03    8.225e-03      1.23m        0         
411  6.152e+01    2.288e+06    7.219e-01      5.900e+01    4.060e+03    8.225e-03      1.10m        0         
412  6.193e+01    4.316e+06    1.020e+02      5.900e+01    4.060e+03    8.225e-03      55.93s       0         
413  6.157e+01    1.048e+08    3.542e+01      5.900e+01    4.060e+03    8.225e-03      1.07m        0         
414  6.098e+01    2.544e+06    1.245e+01      5.900e+01    4.060e+03    8.225e-03      56.58s       0         
415  6.155e+01    6.404e+07    3.938e-01      5.900e+01    4.060e+03    8.225e-03      43.96s       0         
416  6.337e+01    1.147e+06    2.342e+01      5.900e+01    4.060e+03    8.225e-03      41.39s       0         
417  6.426e+01    1.365e+06    4.327e-01      5.900e+01    4.060e+03    8.225e-03      38.66s       0         
418  6.117e+01    8.406e+09    1.652e+05      5.900e+01    4.060e+03    8.225e-03      30.65s       0         
419  6.114e+01    3.328e+07    1.283e+00      5.900e+01    4.060e+03    8.225e-03      26.39s       0         
420  6.316e+01    7.712e+06    3.291e+03      5.900e+01    4.060e+03    8.225e-03      21.66s       0         
421  6.395e+01    3.533e+06    4.175e+00      5.900e+01    4.060e+03    8.225e-03      17.94s       0         
422  6.236e+01    2.006e+07    3.470e-01      5.900e+01    4.060e+03    8.225e-03      11.21s       0         
423  6.219e+01    1.992e+06    1.064e+03      5.900e+01    4.060e+03    8.225e-03      4.88s        0         
424  6.258e+01    2.523e+07    9.106e+00      5.900e+01    4.060e+03    8.225e-03      0.00s        0         
425  6.215e+01    5.957e+07    7.557e-01      5.900e+01    4.060e+03    8.225e-03      1.97m        0         
426  6.205e+01    2.167e+06    8.776e-01      5.900e+01    4.060e+03    8.225e-03      2.07m        0         
427  6.496e+01    7.820e+06    4.412e+04      5.900e+01    4.060e+03    8.225e-03      2.09m        0         
428  6.235e+01    2.166e+06    1.673e+01      5.900e+01    4.060e+03    8.225e-03      1.66m        0         
429  6.256e+01    2.595e+06    3.202e+01      5.900e+01    4.060e+03    8.225e-03      1.95m        0         
430  5.999e+01    5.183e+06    2.926e+00      5.900e+01    4.060e+03    8.225e-03      1.45m        0         
431  5.946e+01    2.710e+06    3.925e+01      5.900e+01    4.060e+03    8.225e-03      1.85m        0         
432  5.868e+01    2.024e+06    1.107e+02      5.900e+01    4.060e+03    8.225e-03      1.40m        0         
433  5.980e+01    7.022e+06    5.538e-01      5.900e+01    4.060e+03    8.225e-03      1.38m        0         
434  6.169e+01    2.019e+07    4.847e+01      5.900e+01    4.060e+03    8.225e-03      1.25m        0         
435  6.166e+01    6.914e+05    3.040e+01      5.900e+01    4.060e+03    8.225e-03      1.49m        0         
436  6.109e+01    2.099e+06    5.022e-01      5.900e+01    4.060e+03    8.225e-03      1.24m        0         
437  6.130e+01    3.268e+05    4.214e-01      5.900e+01    4.060e+03    8.225e-03      1.26m        0         
438  5.998e+01    2.069e+07    7.810e-01      5.900e+01    4.060e+03    8.225e-03      1.19m        0         
439  6.320e+01    1.417e+07    9.895e+03      5.900e+01    4.060e+03    8.225e-03      45.15s       0         
440  6.303e+01    5.076e+06    8.846e+04      5.900e+01    4.060e+03    8.225e-03      54.71s       0         
441  6.372e+01    1.949e+13    5.902e+02      5.900e+01    4.060e+03    8.225e-03      36.25s       0         
442  6.179e+01    2.616e+07    3.797e+02      5.900e+01    4.060e+03    8.225e-03      38.57s       0         
443  6.060e+01    2.091e+06    4.697e-01      5.900e+01    4.060e+03    8.225e-03      29.36s       0         
444  6.270e+01    8.741e+08    1.871e+02      5.900e+01    4.060e+03    8.225e-03      25.02s       0         
445  6.233e+01    1.496e+07    7.834e+00      5.900e+01    4.060e+03    8.225e-03      23.94s       0         
446  6.352e+01    4.705e+07    5.424e+01      5.900e+01    4.060e+03    8.225e-03      14.80s       0         
447  6.363e+01    1.508e+07    2.773e+02      5.900e+01    4.060e+03    8.225e-03      11.02s       0         
448  6.153e+01    5.327e+07    1.867e+06      5.900e+01    4.060e+03    8.225e-03      5.29s        0         
449  6.254e+01    2.554e+06    4.626e+02      5.900e+01    4.060e+03    8.225e-03      0.00s        0         
450  6.514e+01    2.917e+06    3.394e+02      5.900e+01    4.060e+03    8.225e-03      2.17m        0         
451  6.200e+01    3.141e+06    1.234e+01      5.900e+01    4.060e+03    8.225e-03      1.97m        0         
452  6.279e+01    1.167e+07    4.060e-01      5.900e+01    4.060e+03    8.225e-03      1.87m        0         
453  6.141e+01    7.260e+06    1.657e+03      5.900e+01    4.060e+03    8.225e-03      1.60m        0         
454  6.214e+01    4.863e+06    5.906e-01      5.900e+01    4.060e+03    8.225e-03      1.62m        0         
455  6.280e+01    2.477e+06    5.285e-01      5.900e+01    4.060e+03    8.225e-03      2.16m        0         
456  6.359e+01    2.090e+06    2.262e-01      5.900e+01    4.060e+03    8.225e-03      1.82m        0         
457  6.228e+01    7.961e+06    1.915e+04      5.900e+01    4.060e+03    8.225e-03      1.62m        0         
458  6.352e+01    2.094e+07    4.487e+01      5.900e+01    4.060e+03    8.225e-03      1.55m        0         
459  6.029e+01    9.229e+05    4.271e-01      5.900e+01    4.060e+03    8.225e-03      1.19m        0         
460  6.241e+01    2.002e+07    2.766e+01      5.900e+01    4.060e+03    8.225e-03      1.43m        0         
461  6.253e+01    3.614e+06    1.552e+08      5.900e+01    4.060e+03    8.225e-03      1.21m        0         
462  6.243e+01    2.838e+06    2.052e+02      5.900e+01    4.060e+03    8.225e-03      1.07m        0         
463  6.281e+01    4.334e+06    5.061e+02      5.900e+01    4.060e+03    8.225e-03      54.47s       0         
464  6.295e+01    4.908e+06    1.100e+00      5.900e+01    4.060e+03    8.225e-03      52.81s       0         
465  6.390e+01    9.155e+07    3.764e+04      5.900e+01    4.060e+03    8.225e-03      47.76s       0         
466  6.287e+01    2.615e+07    5.360e+00      5.900e+01    4.060e+03    8.225e-03      41.88s       0         
467  6.137e+01    7.414e+06    2.214e+00      5.900e+01    4.060e+03    8.225e-03      42.46s       0         
468  6.218e+01    5.426e+06    3.263e+00      5.900e+01    4.060e+03    8.225e-03      32.95s       0         
469  6.207e+01    9.551e+07    3.359e+00      5.900e+01    4.060e+03    8.225e-03      27.65s       0         
470  6.200e+01    1.581e+07    1.051e+02      5.900e+01    4.060e+03    8.225e-03      18.22s       0         
471  6.173e+01    1.203e+08    1.871e-01      5.900e+01    4.060e+03    8.225e-03      18.12s       0         
472  6.357e+01    2.167e+06    3.524e+01      5.900e+01    4.060e+03    8.225e-03      9.17s        0         
473  6.173e+01    1.026e+10    1.303e+00      5.900e+01    4.060e+03    8.225e-03      7.00s        0         
474  6.143e+01    8.125e+06    5.884e-01      5.900e+01    4.060e+03    8.225e-03      0.00s        0         
475  6.148e+01    2.430e+06    9.191e+04      5.900e+01    4.060e+03    8.225e-03      1.95m        0         
476  6.095e+01    3.826e+06    1.468e+00      5.900e+01    4.060e+03    8.225e-03      2.09m        0         
477  6.223e+01    1.973e+07    1.012e+03      5.900e+01    4.060e+03    8.216e-03      2.35m        0         
478  6.241e+01    2.292e+07    1.904e+06      5.900e+01    4.060e+03    8.216e-03      1.77m        0         
479  6.096e+01    4.564e+07    4.072e+04      5.900e+01    4.060e+03    8.216e-03      2.17m        0         
480  6.028e+01    3.321e+06    4.349e-01      5.900e+01    4.060e+03    8.216e-03      1.85m        0         
481  6.168e+01    4.157e+08    3.470e-01      5.900e+01    4.060e+03    8.216e-03      1.87m        0         
482  6.253e+01    6.103e+07    8.624e-01      5.900e+01    4.060e+03    8.216e-03      1.49m        0         
483  6.307e+01    7.407e+07    6.655e+00      5.900e+01    4.060e+03    8.216e-03      1.42m        0         
484  6.213e+01    1.365e+06    4.205e-01      5.900e+01    4.060e+03    8.216e-03      1.44m        0         
485  6.262e+01    1.797e+06    7.326e+00      5.900e+01    4.060e+03    8.216e-03      1.15m        0         
486  6.265e+01    9.214e+06    1.769e-01      5.900e+01    4.060e+03    8.216e-03      1.08m        0         
487  6.170e+01    1.184e+06    1.320e+00      5.900e+01    4.060e+03    8.216e-03      1.09m        0         
488  6.097e+01    8.413e+07    6.401e+00      5.900e+01    4.060e+03    8.216e-03      1.01m        0         
489  6.131e+01    3.646e+13    8.300e-01      5.900e+01    4.060e+03    8.216e-03      52.79s       0         
490  6.218e+01    7.485e+06    1.544e+00      5.900e+01    4.060e+03    8.216e-03      47.16s       0         
491  6.151e+01    5.031e+06    2.282e-01      5.900e+01    4.060e+03    8.216e-03      43.72s       0         
492  6.091e+01    3.299e+07    2.240e+06      5.900e+01    4.060e+03    8.216e-03      31.85s       0         
493  6.049e+01    1.489e+12    2.868e-01      5.900e+01    4.060e+03    8.216e-03      29.12s       0         
494  5.917e+01    4.834e+05    9.091e+01      5.900e+01    4.060e+03    8.216e-03      22.71s       0         
495  6.041e+01    6.114e+06    2.183e+04      5.900e+01    4.060e+03    8.216e-03      19.86s       0         
496  6.105e+01    1.413e+07    3.291e+00      5.900e+01    4.060e+03    8.216e-03      17.58s       0         
497  6.042e+01    7.410e+05    1.547e+00      5.900e+01    4.060e+03    8.216e-03      10.03s       0         
498  5.978e+01    2.867e+07    6.826e-01      5.900e+01    4.060e+03    8.216e-03      4.62s        0         
499  6.071e+01    2.710e+07    4.417e+01      5.900e+01    4.060e+03    8.216e-03      0.00s        0         





Time: 0h:45m:28s
####   Data for the best program   ####
Best Program: add(mul(sub(sub(mul(sub(X0, 0.174), add(add(X1, mul(sub(1.854, 1.611), sub(0.174, mul(mul(X2, X2), X2)))), 0.154)), mul(add(sub(sub(X1, 0.154), sub(1.854, 1.611)), sub(X1, sub(1.854, 1.611))), sub(X0, add(mul(add(X2, mul(0.174, 1.854)), mul(0.174, sub(sub(X0, 0.174), X2))), 0.719)))), X2), sub(1.854, 1.611)), 0.719)
Best Program Complexity: 59
Raw Fitness: 0.008216038136856825
Penalized Fitness: 0.010576038136856824
Estimator		Train-rmse: 0.008216038136856825	Test-rmse: 0.00795907092912437	Test-R^2: 0.9933845979593876

{'complexity': 'length', 'const_range': (1e-10, 2.0), 'elitism_size': 1, 'function_set': ('add', 'sub', 'div', 'mul'), 'generations': 500, 'init_depth': (3, 6), 'init_method': 'half and half', 'low_memory': True, 'max_samples': 1.0, 'metric': 'rmse', 'n_jobs': 2, 'p_crossover': 0.9, 'p_hoist_mutation': 0.0, 'p_point_mutation': 0.04999999999999999, 'p_point_replace': 0.05, 'p_subtree_mutation': 0.04999999999999999, 'paretogp': False, 'paretogp_lengths': (5, 130), 'parsimony_coefficient': 4e-05, 'population_size': 800, 'random_state': 1959070102, 'selection': 'eplex', 'stopping_criteria': 1e-10, 'tournament_size': 11, 'verbose': 1, 'warm_start': True}
