    |          Population Average          |           Best Individual            |
---- -------------------------------------- -------------------------------------- ----------
Gen  Length       Kommenda     Fitness        Length       Kommenda     Fitness        Time Left    Front Size
0    3.930e+01    1.275e+18    2.931e+15      7.000e+00    1.300e+01    1.243e-01      14.06s       5         
1    8.010e+00    2.079e+05    2.277e+02      7.000e+00    1.600e+01    1.036e-01      18.80s       6         
2    8.295e+00    1.393e+05    3.152e+03      1.100e+01    8.800e+01    9.127e-02      18.18s       6         
3    9.150e+00    6.539e+05    2.391e+03      1.700e+01    1.240e+02    7.606e-02      18.78s       8         
4    1.026e+01    1.283e+02    4.276e+03      1.100e+01    4.300e+01    6.580e-02      18.54s       6         
5    1.003e+01    3.721e+02    4.699e+01      1.900e+01    5.860e+02    5.569e-02      17.38s       8         
6    1.097e+01    3.928e+02    3.770e+06      1.100e+01    5.300e+01    5.334e-02      21.17s       6         
7    9.475e+00    1.171e+02    8.448e+01      9.000e+00    2.600e+01    5.231e-02      15.84s       6         
8    8.810e+00    1.237e+04    3.675e+01      1.500e+01    2.950e+02    4.084e-02      14.33s       7         
9    9.402e+00    3.316e+05    5.069e+03      1.700e+01    2.960e+02    3.683e-02      13.79s       9         
10   1.076e+01    8.367e+04    2.071e+01      1.700e+01    2.960e+02    3.683e-02      13.01s       10        
11   1.162e+01    1.165e+03    6.781e+01      1.300e+01    4.000e+01    3.142e-02      12.39s       6         
12   1.036e+01    4.420e+02    4.967e+02      1.300e+01    4.000e+01    3.142e-02      11.59s       6         
13   9.938e+00    2.062e+06    1.026e+03      1.300e+01    4.000e+01    3.142e-02      12.85s       7         
14   9.707e+00    6.317e+02    5.220e+04      1.300e+01    4.000e+01    3.142e-02      9.30s        7         
15   9.572e+00    4.746e+02    6.238e+03      1.300e+01    4.000e+01    3.142e-02      8.41s        7         
16   9.655e+00    5.915e+04    1.039e+02      1.300e+01    4.000e+01    3.142e-02      7.68s        8         
17   9.182e+00    2.007e+02    5.623e+03      1.300e+01    4.000e+01    3.142e-02      6.54s        9         
18   9.408e+00    5.215e+06    5.088e+01      1.300e+01    4.000e+01    3.142e-02      5.76s        9         
19   9.465e+00    1.333e+03    3.058e+03      1.300e+01    4.000e+01    3.142e-02      4.66s        10        
20   9.925e+00    3.829e+05    5.699e+04      1.300e+01    4.000e+01    3.142e-02      4.46s        7         
21   9.457e+00    9.357e+07    1.006e+05      1.300e+01    4.000e+01    3.142e-02      2.76s        7         
22   9.975e+00    8.222e+05    1.568e+01      1.300e+01    4.000e+01    3.142e-02      1.88s        7         
23   9.765e+00    1.568e+05    1.643e+03      1.300e+01    4.000e+01    3.142e-02      0.90s        7         
24   1.000e+01    3.541e+06    7.508e+03      1.300e+01    4.000e+01    3.142e-02      0.00s        7         
25   9.967e+00    4.578e+03    1.600e+02      1.300e+01    4.000e+01    3.142e-02      22.15s       8         
26   9.675e+00    1.136e+14    1.225e+04      1.300e+01    4.000e+01    3.142e-02      20.60s       8         
27   9.570e+00    7.939e+02    1.140e+02      1.300e+01    4.000e+01    3.142e-02      25.21s       8         
28   1.001e+01    3.521e+08    5.406e+01      1.300e+01    4.000e+01    3.142e-02      19.39s       8         
29   9.617e+00    6.889e+03    1.025e+03      1.300e+01    4.000e+01    3.142e-02      18.45s       8         
30   1.002e+01    3.845e+03    5.572e+01      1.300e+01    4.000e+01    3.142e-02      17.87s       8         
31   9.537e+00    1.764e+06    3.070e+02      1.300e+01    4.000e+01    3.142e-02      16.66s       8         
32   1.019e+01    2.329e+03    4.379e+01      1.300e+01    4.000e+01    3.142e-02      15.68s       8         
33   9.898e+00    9.600e+02    5.700e+03      1.300e+01    4.000e+01    3.142e-02      15.08s       8         
34   9.662e+00    3.248e+04    8.153e+05      1.300e+01    4.000e+01    3.142e-02      16.72s       9         
35   9.620e+00    3.570e+04    3.326e+02      1.300e+01    4.000e+01    3.142e-02      12.91s       9         
36   9.762e+00    6.786e+02    2.236e+04      1.300e+01    4.000e+01    3.142e-02      12.00s       9         
37   9.727e+00    8.278e+03    1.267e+03      1.300e+01    4.000e+01    3.142e-02      11.01s       9         
38   9.405e+00    2.487e+02    4.724e+01      1.300e+01    4.000e+01    3.142e-02      9.94s        9         
39   9.662e+00    2.134e+02    5.415e+04      1.300e+01    4.000e+01    3.142e-02      9.30s        9         
40   9.543e+00    1.286e+02    1.435e+02      1.300e+01    4.000e+01    3.142e-02      8.24s        9         
41   9.607e+00    1.767e+05    5.366e+04      1.300e+01    4.000e+01    3.142e-02      9.05s        9         
42   9.592e+00    4.007e+04    5.481e+06      1.300e+01    4.000e+01    3.142e-02      6.39s        9         
43   9.480e+00    2.489e+06    3.573e+02      1.300e+01    4.000e+01    3.142e-02      5.64s        9         
44   9.467e+00    2.034e+03    5.036e+01      1.300e+01    4.000e+01    3.142e-02      4.54s        9         
45   9.550e+00    1.959e+02    2.078e+03      1.300e+01    4.000e+01    3.142e-02      3.68s        9         
46   9.500e+00    4.545e+06    2.222e+10      1.300e+01    4.000e+01    3.142e-02      2.75s        9         
47   9.295e+00    4.374e+01    3.065e+05      1.300e+01    4.000e+01    3.142e-02      1.84s        9         
48   9.465e+00    9.607e+02    1.207e+04      1.300e+01    4.000e+01    3.142e-02      1.13s        9         
49   9.270e+00    5.064e+03    6.013e+02      1.300e+01    4.000e+01    3.142e-02      0.00s        9         
50   9.592e+00    4.890e+05    8.431e+02      1.300e+01    4.000e+01    3.142e-02      21.97s       9         
51   9.572e+00    1.752e+03    2.920e+01      1.300e+01    4.000e+01    3.142e-02      21.82s       9         
52   9.565e+00    5.502e+08    1.053e+02      1.300e+01    4.000e+01    3.142e-02      19.83s       9         
53   9.477e+00    1.651e+02    2.797e+01      1.300e+01    4.000e+01    3.142e-02      19.13s       9         
54   9.562e+00    2.025e+04    6.436e+03      1.300e+01    4.000e+01    3.142e-02      18.85s       9         
55   9.473e+00    9.316e+07    4.140e+04      1.300e+01    4.000e+01    3.142e-02      21.13s       9         
56   1.005e+01    1.503e+04    3.045e+02      1.300e+01    4.000e+01    3.142e-02      17.08s       9         
57   9.325e+00    1.075e+03    7.776e+09      1.300e+01    4.000e+01    3.142e-02      15.80s       9         
58   9.115e+00    3.715e+03    5.119e+02      1.900e+01    1.750e+02    3.069e-02      14.42s       10        
59   9.852e+00    1.568e+03    2.601e+01      1.900e+01    1.750e+02    3.069e-02      13.55s       11        
60   1.135e+01    1.035e+04    7.231e+02      1.900e+01    1.150e+02    2.687e-02      13.49s       10        
61   1.107e+01    6.738e+10    1.955e+08      1.900e+01    1.150e+02    2.687e-02      12.32s       10        
62   1.041e+01    2.735e+03    9.956e+01      1.900e+01    1.150e+02    2.687e-02      14.02s       11        
63   1.120e+01    1.513e+05    1.546e+03      2.100e+01    1.450e+02    2.622e-02      10.23s       12        
64   1.187e+01    9.554e+05    2.717e+10      2.100e+01    1.450e+02    2.622e-02      9.60s        12        
65   1.209e+01    4.611e+02    1.571e+02      2.100e+01    1.450e+02    2.622e-02      8.72s        11        
66   1.216e+01    6.751e+02    3.126e+03      2.100e+01    1.450e+02    2.622e-02      7.71s        12        
67   1.262e+01    3.533e+05    6.100e+03      2.100e+01    1.450e+02    2.622e-02      6.75s        14        
68   1.313e+01    2.395e+04    1.337e+02      2.100e+01    2.050e+02    2.603e-02      7.22s        13        
69   1.258e+01    4.282e+03    3.022e+03      2.100e+01    2.050e+02    2.603e-02      4.86s        13        
70   1.252e+01    1.933e+04    6.436e+01      2.100e+01    2.650e+02    2.468e-02      3.94s        14        
71   1.312e+01    3.415e+03    1.411e+04      2.100e+01    2.650e+02    2.468e-02      3.01s        14        
72   1.301e+01    1.754e+03    5.813e+02      2.100e+01    2.650e+02    2.468e-02      1.99s        14        
73   1.319e+01    4.635e+03    2.268e+01      2.100e+01    2.650e+02    2.468e-02      1.02s        14        
74   1.272e+01    9.946e+04    1.679e+01      2.100e+01    2.650e+02    2.468e-02      0.00s        14        
75   1.322e+01    8.240e+02    5.520e+03      2.100e+01    2.650e+02    2.468e-02      24.83s       14        
76   1.283e+01    8.961e+03    1.405e+04      2.100e+01    2.650e+02    2.468e-02      22.46s       14        
77   1.241e+01    3.135e+02    2.177e+01      2.100e+01    2.650e+02    2.468e-02      22.09s       13        
78   1.236e+01    5.564e+08    9.833e+02      1.900e+01    2.590e+02    2.429e-02      21.07s       13        
79   1.318e+01    7.032e+04    1.252e+03      1.900e+01    2.590e+02    2.429e-02      19.87s       13        
80   1.253e+01    8.307e+02    3.233e+04      1.900e+01    2.590e+02    2.429e-02      22.66s       13        
81   1.236e+01    3.430e+02    1.927e+02      1.900e+01    2.590e+02    2.429e-02      18.07s       13        
82   1.242e+01    2.061e+06    2.217e+02      1.900e+01    2.590e+02    2.429e-02      17.38s       13        
83   1.211e+01    1.195e+05    1.937e+02      1.900e+01    2.590e+02    2.429e-02      16.03s       13        
84   1.235e+01    2.818e+03    6.378e+02      1.900e+01    2.590e+02    2.429e-02      15.11s       13        
85   1.175e+01    3.721e+04    1.143e+05      1.900e+01    2.590e+02    2.429e-02      14.10s       13        
86   1.211e+01    4.118e+02    1.969e+04      1.900e+01    2.590e+02    2.429e-02      12.80s       14        
87   1.304e+01    8.735e+04    1.931e+04      1.900e+01    2.590e+02    2.429e-02      13.89s       14        
88   1.242e+01    7.280e+02    1.207e+04      1.900e+01    2.590e+02    2.429e-02      10.96s       14        
89   1.291e+01    2.086e+06    2.755e+01      1.900e+01    2.590e+02    2.429e-02      9.92s        14        
90   1.265e+01    4.017e+10    3.350e+04      1.900e+01    2.590e+02    2.429e-02      8.98s        14        
91   1.262e+01    9.387e+04    1.334e+01      1.900e+01    2.590e+02    2.429e-02      8.00s        14        
92   1.254e+01    4.240e+05    1.309e+02      2.300e+01    4.990e+02    2.411e-02      7.19s        15        
93   1.347e+01    9.359e+03    4.624e+06      2.300e+01    4.990e+02    2.363e-02      7.81s        14        
94   1.391e+01    1.970e+03    1.502e+11      2.300e+01    4.990e+02    2.363e-02      5.08s        14        
95   1.364e+01    1.124e+03    6.537e+03      2.300e+01    4.990e+02    2.363e-02      4.10s        14        
96   1.408e+01    2.261e+04    2.119e+02      2.500e+01    7.390e+02    2.341e-02      3.16s        15        
97   1.461e+01    1.497e+07    4.535e+04      2.500e+01    7.390e+02    2.341e-02      2.08s        15        
98   1.463e+01    7.641e+08    6.484e+04      2.500e+01    7.390e+02    2.341e-02      1.05s        15        
99   1.413e+01    1.502e+09    2.556e+02      2.900e+01    1.099e+03    2.314e-02      0.00s        14        
100  1.509e+01    7.177e+04    2.454e+04      2.900e+01    1.099e+03    2.282e-02      24.41s       14        
101  1.523e+01    4.047e+03    5.205e+01      2.900e+01    1.099e+03    2.282e-02      23.92s       15        
102  1.586e+01    1.740e+07    1.147e+05      2.900e+01    1.099e+03    2.282e-02      22.81s       15        
103  1.702e+01    2.414e+06    1.644e+04      2.900e+01    1.099e+03    2.282e-02      22.33s       15        
104  1.667e+01    8.115e+04    5.381e+04      2.900e+01    1.099e+03    2.282e-02      25.67s       15        
105  1.623e+01    3.632e+05    2.879e+01      2.900e+01    1.819e+03    2.230e-02      20.70s       16        
106  1.657e+01    1.488e+04    5.221e+01      2.900e+01    1.819e+03    2.230e-02      18.69s       17        
107  1.754e+01    1.002e+05    2.157e+02      2.900e+01    1.819e+03    2.230e-02      18.34s       17        
108  1.779e+01    9.399e+11    8.907e+03      2.900e+01    1.819e+03    2.193e-02      18.00s       16        
109  1.791e+01    4.608e+05    1.962e+03      2.900e+01    1.819e+03    2.193e-02      15.92s       17        
110  1.753e+01    1.708e+13    1.146e+08      2.900e+01    1.699e+03    2.126e-02      18.21s       17        
111  1.726e+01    2.766e+06    1.408e+03      2.900e+01    1.699e+03    2.126e-02      14.17s       17        
112  1.732e+01    1.720e+04    4.407e+01      2.900e+01    1.699e+03    2.126e-02      13.20s       17        
113  1.723e+01    2.638e+06    6.706e+02      2.900e+01    1.099e+03    2.054e-02      11.77s       16        
114  1.698e+01    9.138e+03    1.204e+04      2.900e+01    8.590e+02    2.002e-02      10.88s       15        
115  1.641e+01    1.491e+04    3.070e+03      2.900e+01    8.590e+02    2.002e-02      11.35s       15        
116  1.651e+01    4.773e+09    1.636e+09      2.900e+01    8.590e+02    2.002e-02      8.59s        15        
117  1.664e+01    7.176e+03    5.834e+01      4.500e+01    9.799e+03    1.986e-02      7.73s        16        
118  1.759e+01    2.654e+04    4.205e+02      4.100e+01    1.819e+03    1.885e-02      6.44s        16        
119  1.916e+01    9.113e+06    2.083e+02      5.100e+01    1.778e+04    1.862e-02      5.43s        20        
120  2.158e+01    2.823e+08    1.300e+04      5.100e+01    1.778e+04    1.862e-02      5.30s        22        
121  2.252e+01    2.143e+04    7.834e+03      5.100e+01    2.606e+04    1.859e-02      3.57s        22        
122  2.313e+01    4.436e+04    4.739e+02      4.500e+01    4.579e+03    1.849e-02      2.31s        19        
123  2.136e+01    2.886e+04    2.261e+03      4.500e+01    4.579e+03    1.849e-02      1.18s        21        
124  2.216e+01    3.370e+04    1.687e+02      4.500e+01    4.579e+03    1.849e-02      0.00s        21        
125  2.345e+01    6.204e+05    1.807e+02      4.500e+01    4.579e+03    1.849e-02      34.47s       23        
126  2.427e+01    5.371e+04    1.548e+01      4.500e+01    4.579e+03    1.849e-02      28.38s       21        
127  2.311e+01    2.898e+05    6.011e+03      4.500e+01    4.579e+03    1.849e-02      27.49s       21        
128  2.143e+01    4.800e+04    1.405e+03      4.500e+01    4.579e+03    1.849e-02      25.85s       20        
129  2.152e+01    8.646e+03    3.089e+03      4.500e+01    4.579e+03    1.849e-02      28.91s       20        
130  2.129e+01    3.365e+04    1.380e+03      4.500e+01    6.259e+03    1.846e-02      23.85s       21        
131  2.129e+01    5.760e+04    5.098e+01      8.500e+01    3.713e+07    1.839e-02      20.98s       22        
132  2.443e+01    2.218e+10    7.070e+02      9.300e+01    3.733e+07    1.836e-02      20.54s       24        
133  2.827e+01    5.546e+09    1.139e+02      6.900e+01    5.220e+05    1.834e-02      23.75s       24        
134  2.613e+01    4.288e+08    8.129e+00      7.700e+01    2.030e+07    1.821e-02      19.29s       26        
135  2.917e+01    1.645e+07    3.796e+01      6.500e+01    6.564e+05    1.821e-02      17.97s       24        
136  3.045e+01    1.772e+09    1.189e+06      6.500e+01    6.564e+05    1.821e-02      16.97s       22        
137  2.917e+01    3.432e+13    1.897e+02      6.500e+01    6.564e+05    1.821e-02      18.61s       21        
138  2.703e+01    1.111e+07    6.804e+03      6.700e+01    3.264e+06    1.817e-02      14.07s       22        
139  2.811e+01    1.351e+10    7.388e+02      6.900e+01    3.269e+06    1.806e-02      12.39s       24        
140  3.283e+01    7.586e+07    7.888e+01      7.100e+01    3.269e+06    1.805e-02      12.13s       24        
141  3.410e+01    3.447e+14    1.667e+01      7.100e+01    3.269e+06    1.805e-02      12.87s       24        
142  3.232e+01    5.388e+08    1.806e+01      7.300e+01    9.569e+06    1.796e-02      10.06s       26        
143  3.678e+01    4.458e+10    3.180e+04      7.300e+01    9.569e+06    1.796e-02      8.77s        28        
144  3.732e+01    5.433e+11    2.314e+03      7.100e+01    9.569e+06    1.795e-02      7.25s        28        
145  3.340e+01    2.567e+11    2.813e+01      7.100e+01    9.569e+06    1.795e-02      6.75s        28        
146  3.367e+01    2.213e+09    5.657e+02      7.100e+01    9.569e+06    1.795e-02      4.40s        28        
147  3.425e+01    6.465e+07    6.760e+05      7.100e+01    9.569e+06    1.795e-02      2.94s        29        
148  3.476e+01    2.434e+08    1.716e+02      7.100e+01    9.569e+06    1.795e-02      1.71s        27        
149  3.548e+01    1.288e+13    3.881e+04      7.100e+01    9.569e+06    1.795e-02      0.00s        28        
150  3.544e+01    2.608e+13    2.873e+02      7.100e+01    9.569e+06    1.795e-02      35.81s       29        
151  3.747e+01    3.256e+09    1.909e+01      7.100e+01    9.569e+06    1.795e-02      39.09s       29        
152  3.470e+01    1.477e+10    5.445e+01      7.100e+01    9.569e+06    1.795e-02      33.43s       29        
153  3.606e+01    3.934e+11    3.402e+08      7.100e+01    9.569e+06    1.795e-02      31.35s       28        
154  3.385e+01    1.384e+12    4.568e+03      7.300e+01    1.108e+07    1.793e-02      33.98s       31        
155  3.631e+01    7.620e+10    8.091e+01      7.300e+01    1.108e+07    1.793e-02      27.82s       30        
156  3.485e+01    4.477e+10    2.093e+03      7.300e+01    1.108e+07    1.793e-02      26.09s       31        
157  3.320e+01    6.827e+10    6.273e+02      7.300e+01    1.108e+07    1.793e-02      24.38s       30        
158  3.228e+01    1.704e+10    1.622e+02      7.100e+01    9.569e+06    1.791e-02      26.39s       28        
159  3.268e+01    3.419e+08    1.036e+04      7.100e+01    9.569e+06    1.791e-02      21.25s       26        
160  3.288e+01    1.983e+09    4.500e+01      7.100e+01    9.569e+06    1.791e-02      20.02s       25        
161  3.340e+01    1.833e+11    4.000e+01      7.100e+01    3.437e+06    1.790e-02      21.88s       25        
162  3.276e+01    4.095e+10    5.941e+01      7.100e+01    3.437e+06    1.790e-02      17.39s       25        
163  3.229e+01    1.074e+08    4.483e+01      7.100e+01    3.437e+06    1.790e-02      16.23s       26        
164  3.231e+01    8.292e+07    1.507e+02      7.100e+01    3.437e+06    1.790e-02      17.02s       28        
165  3.438e+01    5.219e+08    4.674e+06      7.100e+01    3.437e+06    1.790e-02      13.30s       29        
166  3.349e+01    4.383e+09    5.061e+03      7.100e+01    3.437e+06    1.790e-02      11.56s       29        
167  3.526e+01    1.187e+09    1.216e+01      7.100e+01    3.437e+06    1.790e-02      10.58s       29        
168  3.598e+01    2.552e+08    2.657e+03      1.090e+02    5.518e+08    1.789e-02      10.43s       31        
169  3.633e+01    9.993e+10    1.312e+04      8.500e+01    6.039e+07    1.789e-02      7.62s        32        
170  3.842e+01    2.086e+13    3.413e+01      7.500e+01    4.949e+06    1.788e-02      6.16s        32        
171  3.769e+01    1.591e+10    2.262e+01      7.900e+01    6.713e+06    1.785e-02      5.32s        33        
172  3.619e+01    2.798e+09    4.479e+01      7.900e+01    6.713e+06    1.785e-02      3.06s        34        
173  3.867e+01    9.159e+15    3.916e+06      7.900e+01    6.713e+06    1.785e-02      1.58s        35        
174  3.768e+01    1.289e+10    7.625e+01      6.500e+01    2.952e+05    1.781e-02      0.00s        29        
175  3.321e+01    1.084e+09    7.743e+00      6.500e+01    2.952e+05    1.781e-02      36.72s       29        
176  3.091e+01    5.654e+07    5.996e+01      6.500e+01    2.952e+05    1.781e-02      33.57s       29        
177  3.188e+01    1.745e+07    8.639e+01      6.500e+01    2.952e+05    1.781e-02      37.04s       30        
178  3.170e+01    7.797e+05    6.195e+01      6.500e+01    2.952e+05    1.781e-02      30.82s       30        
179  3.218e+01    4.287e+06    1.396e+01      6.500e+01    2.952e+05    1.781e-02      28.84s       30        
180  3.363e+01    8.357e+06    3.674e+03      6.700e+01    3.792e+05    1.779e-02      31.95s       31        
181  3.142e+01    3.902e+06    2.752e+02      6.700e+01    3.792e+05    1.779e-02      26.01s       33        
182  3.233e+01    2.706e+14    5.212e+01      6.700e+01    3.792e+05    1.779e-02      24.53s       32        
183  3.262e+01    1.049e+08    3.836e+00      6.700e+01    3.792e+05    1.779e-02      23.64s       32        
184  3.552e+01    8.735e+09    4.241e+02      6.700e+01    3.792e+05    1.779e-02      25.87s       32        
185  3.432e+01    1.955e+09    8.920e+02      6.900e+01    3.960e+05    1.778e-02      20.77s       34        
186  3.494e+01    2.750e+06    1.181e+01      6.900e+01    3.960e+05    1.778e-02      19.17s       34        
187  3.439e+01    4.429e+07    4.341e+00      8.300e+01    9.451e+06    1.777e-02      20.41s       36        
188  3.648e+01    8.098e+08    4.678e+03      6.900e+01    3.960e+05    1.773e-02      16.44s       35        
189  3.605e+01    6.966e+07    4.956e+03      6.900e+01    3.960e+05    1.773e-02      15.47s       38        
190  3.617e+01    1.259e+08    7.021e+02      6.900e+01    3.960e+05    1.773e-02      16.32s       38        
191  3.766e+01    4.409e+07    1.715e+01      6.900e+01    3.960e+05    1.773e-02      12.67s       39        
192  3.816e+01    7.453e+07    1.331e+03      6.900e+01    3.960e+05    1.773e-02      11.09s       40        
193  3.955e+01    2.036e+08    2.961e+02      6.900e+01    3.876e+05    1.772e-02      11.47s       40        
194  3.728e+01    1.037e+10    4.742e+00      6.900e+01    3.876e+05    1.772e-02      8.27s        41        
195  3.791e+01    2.405e+07    3.672e+01      6.900e+01    3.876e+05    1.772e-02      6.62s        41        
196  3.767e+01    1.443e+09    1.775e+03      6.900e+01    3.876e+05    1.772e-02      5.38s        43        
197  4.012e+01    8.476e+10    2.727e+03      6.900e+01    3.876e+05    1.772e-02      3.32s        44        
198  4.066e+01    2.677e+12    1.932e+03      6.900e+01    3.876e+05    1.772e-02      1.63s        44        
199  4.019e+01    3.052e+08    2.163e+01      6.900e+01    3.876e+05    1.772e-02      0.00s        44        
200  3.917e+01    1.061e+08    5.665e+03      6.900e+01    3.876e+05    1.772e-02      38.91s       44        
201  4.138e+01    1.621e+07    5.363e+02      6.900e+01    2.931e+05    1.772e-02      38.54s       44        
202  3.989e+01    9.615e+06    2.645e+04      6.900e+01    2.931e+05    1.772e-02      42.04s       44        
203  3.948e+01    3.470e+11    5.476e+06      6.900e+01    2.931e+05    1.772e-02      35.30s       40        
204  3.695e+01    8.010e+09    8.962e+05      1.230e+02    1.433e+06    1.769e-02      37.69s       41        
205  3.747e+01    1.319e+07    1.106e+01      1.150e+02    5.542e+05    1.769e-02      29.62s       40        
206  3.818e+01    4.014e+10    9.722e+05      1.110e+02    4.102e+05    1.769e-02      29.50s       39        
207  4.098e+01    7.190e+08    7.411e+02      1.110e+02    3.958e+05    1.769e-02      31.83s       40        
208  4.053e+01    9.914e+07    3.663e+03      1.070e+02    3.814e+05    1.769e-02      26.90s       41        
209  4.241e+01    9.724e+06    8.603e+07      8.300e+01    2.797e+05    1.768e-02      24.89s       41        
210  3.674e+01    3.619e+07    4.836e+04      8.300e+01    2.797e+05    1.768e-02      26.61s       41        
211  3.826e+01    2.559e+07    6.326e+00      9.900e+01    1.106e+06    1.762e-02      21.47s       42        
212  4.126e+01    9.712e+06    5.533e+01      8.500e+01    2.796e+05    1.761e-02      19.42s       41        
213  3.999e+01    1.713e+10    3.071e+00      8.500e+01    2.796e+05    1.761e-02      20.72s       41        
214  3.820e+01    1.108e+07    4.094e+00      8.500e+01    2.796e+05    1.761e-02      18.41s       42        
215  3.923e+01    1.363e+09    3.969e+04      8.500e+01    2.796e+05    1.761e-02      14.58s       42        
216  3.909e+01    9.757e+06    1.091e+01      8.500e+01    2.796e+05    1.761e-02      15.12s       40        
217  4.227e+01    3.926e+11    4.724e+04      1.090e+02    2.091e+07    1.755e-02      11.73s       41        
218  4.209e+01    2.065e+08    7.987e+00      1.090e+02    2.091e+07    1.755e-02      10.30s       42        
219  4.389e+01    1.289e+09    5.348e+01      9.500e+01    3.799e+05    1.754e-02      10.19s       44        
220  4.527e+01    1.266e+10    1.260e+03      9.500e+01    3.799e+05    1.754e-02      6.99s        43        
221  4.229e+01    6.772e+08    1.085e+01      9.500e+01    3.799e+05    1.754e-02      5.00s        43        
222  4.366e+01    2.711e+09    2.615e+02      9.500e+01    3.799e+05    1.754e-02      3.84s        43        
223  4.042e+01    2.001e+07    3.503e+02      9.500e+01    3.799e+05    1.754e-02      1.64s        43        
224  4.138e+01    3.031e+07    6.697e+00      9.500e+01    3.799e+05    1.754e-02      0.00s        43        
225  4.447e+01    1.971e+08    2.232e+02      9.500e+01    3.799e+05    1.754e-02      45.63s       44        
226  4.492e+01    1.480e+10    1.794e+01      9.500e+01    3.799e+05    1.754e-02      40.20s       44        
227  4.566e+01    6.003e+09    4.174e+07      9.500e+01    3.799e+05    1.754e-02      45.77s       45        
228  4.446e+01    1.562e+08    4.343e+01      9.500e+01    3.799e+05    1.754e-02      37.11s       44        
229  4.655e+01    6.406e+08    2.663e+04      9.500e+01    3.799e+05    1.754e-02      34.77s       46        
230  4.613e+01    3.758e+10    1.404e+01      9.500e+01    3.799e+05    1.754e-02      39.85s       47        
231  4.508e+01    3.443e+08    2.027e+03      9.500e+01    3.799e+05    1.754e-02      32.00s       48        
232  4.745e+01    2.175e+08    8.155e+00      9.500e+01    3.799e+05    1.754e-02      31.55s       46        
233  4.771e+01    2.512e+09    9.737e+02      9.500e+01    3.799e+05    1.754e-02      33.56s       46        
234  4.835e+01    8.788e+10    5.317e+05      8.700e+01    3.723e+05    1.751e-02      26.93s       46        
235  4.363e+01    3.779e+07    6.796e+01      8.700e+01    3.723e+05    1.751e-02      29.20s       46        
236  4.503e+01    9.722e+08    1.595e+03      8.700e+01    3.723e+05    1.751e-02      23.16s       48        
237  5.010e+01    1.212e+11    2.064e+01      8.700e+01    3.807e+05    1.750e-02      25.29s       44        
238  4.431e+01    1.848e+09    2.271e+01      8.700e+01    3.807e+05    1.750e-02      20.08s       44        
239  4.375e+01    3.975e+10    8.666e+00      9.500e+01    6.576e+05    1.749e-02      17.58s       45        
240  4.253e+01    1.766e+08    2.251e+01      9.500e+01    6.576e+05    1.749e-02      17.89s       46        
241  4.619e+01    2.753e+09    1.115e+03      9.500e+01    6.576e+05    1.749e-02      15.25s       46        
242  4.473e+01    9.373e+09    1.339e+02      9.500e+01    6.576e+05    1.749e-02      12.42s       46        
243  4.468e+01    1.469e+09    1.436e+05      9.500e+01    6.576e+05    1.749e-02      12.06s       46        
244  4.648e+01    1.842e+10    1.144e+05      9.500e+01    6.576e+05    1.749e-02      8.95s        48        
245  4.490e+01    1.032e+12    1.044e+02      9.500e+01    6.576e+05    1.749e-02      8.27s        46        
246  4.670e+01    6.817e+07    3.057e+02      9.500e+01    6.576e+05    1.749e-02      5.44s        46        
247  4.517e+01    3.961e+08    1.421e+02      9.500e+01    6.576e+05    1.749e-02      3.46s        43        
248  4.566e+01    5.259e+08    7.069e+01      9.900e+01    6.588e+05    1.744e-02      2.04s        44        
249  4.684e+01    1.281e+10    2.652e+03      9.900e+01    6.588e+05    1.744e-02      0.00s        44        
250  4.935e+01    7.872e+08    1.858e+01      9.900e+01    6.588e+05    1.744e-02      43.26s       43        
251  4.582e+01    8.526e+10    3.062e+01      9.900e+01    6.588e+05    1.744e-02      47.09s       43        
252  4.402e+01    2.151e+07    5.944e+03      9.900e+01    6.588e+05    1.744e-02      39.14s       43        
253  4.559e+01    8.039e+08    6.882e+04      9.900e+01    6.588e+05    1.744e-02      44.07s       44        
254  4.700e+01    1.237e+09    1.219e+02      1.050e+02    7.296e+05    1.740e-02      36.19s       44        
255  4.380e+01    2.586e+08    1.581e+04      1.110e+02    7.629e+05    1.738e-02      32.71s       44        
256  4.502e+01    1.111e+09    6.890e+03      1.070e+02    7.209e+05    1.738e-02      37.18s       43        
257  4.555e+01    4.076e+12    2.259e+03      1.070e+02    7.209e+05    1.738e-02      29.23s       42        
258  4.150e+01    1.018e+08    7.764e+02      1.070e+02    7.209e+05    1.738e-02      27.34s       42        
259  4.322e+01    1.361e+09    2.600e+03      1.070e+02    7.209e+05    1.738e-02      29.02s       39        
260  4.441e+01    8.714e+07    2.547e+01      1.070e+02    7.209e+05    1.738e-02      24.33s       41        
261  4.575e+01    3.627e+09    1.880e+01      1.070e+02    7.209e+05    1.738e-02      21.88s       39        
262  4.377e+01    5.538e+08    6.303e+00      1.070e+02    7.209e+05    1.738e-02      23.65s       40        
263  4.555e+01    6.454e+09    1.343e+04      1.070e+02    7.209e+05    1.738e-02      19.52s       41        
264  4.760e+01    7.579e+07    5.448e+01      1.070e+02    7.209e+05    1.738e-02      17.31s       40        
265  4.472e+01    3.773e+07    2.164e+02      1.070e+02    7.209e+05    1.738e-02      18.17s       38        
266  4.376e+01    5.748e+07    2.674e+03      9.700e+01    7.719e+05    1.733e-02      13.72s       38        
267  4.581e+01    9.687e+08    1.414e+01      9.700e+01    7.719e+05    1.733e-02      11.79s       40        
268  4.395e+01    3.831e+08    5.367e+00      9.700e+01    7.719e+05    1.733e-02      12.04s       40        
269  4.858e+01    1.005e+08    1.544e+01      9.700e+01    7.719e+05    1.733e-02      8.82s        42        
270  4.902e+01    1.359e+09    2.671e+03      9.700e+01    7.719e+05    1.733e-02      7.03s        39        
271  4.775e+01    3.444e+08    3.886e+03      9.700e+01    7.719e+05    1.733e-02      5.51s        33        
272  3.983e+01    1.010e+11    5.522e+03      9.700e+01    7.719e+05    1.733e-02      3.33s        34        
273  3.891e+01    4.042e+10    1.361e+05      8.300e+01    3.164e+04    1.733e-02      1.90s        33        
274  3.427e+01    7.740e+09    1.783e+01      8.300e+01    3.164e+04    1.733e-02      0.00s        32        
275  3.509e+01    5.246e+05    2.917e+02      8.300e+01    3.164e+04    1.733e-02      36.04s       32        
276  3.301e+01    2.242e+09    5.261e+02      8.300e+01    3.164e+04    1.733e-02      34.18s       33        
277  3.598e+01    1.019e+06    5.592e+05      8.300e+01    3.164e+04    1.733e-02      40.03s       33        
278  3.757e+01    2.906e+07    2.071e+02      8.300e+01    3.164e+04    1.733e-02      33.62s       33        
279  3.678e+01    2.108e+10    1.072e+03      8.300e+01    3.164e+04    1.733e-02      31.67s       33        
280  3.638e+01    1.363e+09    3.077e+11      8.300e+01    3.164e+04    1.733e-02      34.75s       33        
281  3.646e+01    1.641e+06    4.565e+01      9.100e+01    3.740e+04    1.721e-02      28.13s       35        
282  3.801e+01    7.133e+06    3.026e+02      9.100e+01    3.740e+04    1.721e-02      26.70s       38        
283  3.945e+01    5.904e+05    1.112e+05      9.100e+01    3.740e+04    1.721e-02      29.90s       38        
284  4.009e+01    1.630e+08    1.304e+02      9.100e+01    3.740e+04    1.721e-02      24.47s       38        
285  4.021e+01    2.744e+07    1.429e+03      9.100e+01    3.740e+04    1.721e-02      22.73s       42        
286  4.061e+01    3.844e+05    9.454e+01      9.100e+01    3.740e+04    1.721e-02      21.09s       40        
287  3.859e+01    6.310e+05    2.458e+01      9.100e+01    3.740e+04    1.721e-02      23.46s       40        
288  4.068e+01    1.674e+06    1.310e+04      9.100e+01    3.740e+04    1.721e-02      17.97s       40        
289  3.806e+01    1.104e+05    1.112e+04      9.100e+01    3.740e+04    1.721e-02      16.06s       40        
290  3.862e+01    2.863e+05    2.739e+01      9.100e+01    3.740e+04    1.721e-02      17.30s       40        
291  3.784e+01    5.014e+06    4.470e+03      9.100e+01    3.740e+04    1.721e-02      12.72s       40        
292  3.819e+01    1.909e+05    3.267e+04      9.100e+01    3.740e+04    1.721e-02      11.72s       42        
293  3.930e+01    1.669e+06    2.044e+05      9.100e+01    3.740e+04    1.721e-02      11.50s       43        
294  4.160e+01    1.360e+06    5.382e+03      9.100e+01    3.740e+04    1.721e-02      8.55s        46        
295  4.234e+01    1.207e+06    2.312e+02      9.100e+01    3.740e+04    1.721e-02      7.03s        46        
296  4.354e+01    3.272e+06    8.512e+02      9.100e+01    3.740e+04    1.721e-02      6.08s        45        
297  4.219e+01    7.574e+05    1.276e+02      9.100e+01    3.740e+04    1.721e-02      3.57s        43        
298  4.090e+01    4.472e+07    1.291e+01      9.100e+01    3.740e+04    1.721e-02      1.69s        43        
299  3.911e+01    6.388e+05    5.650e+01      9.100e+01    3.740e+04    1.721e-02      0.00s        43        
300  3.923e+01    3.035e+06    3.422e+03      9.100e+01    3.740e+04    1.721e-02      40.06s       43        
301  4.177e+01    1.484e+06    5.009e+00      9.100e+01    3.740e+04    1.721e-02      38.32s       44        
302  4.191e+01    1.595e+07    2.139e+03      9.100e+01    3.740e+04    1.721e-02      44.02s       44        
303  4.196e+01    4.572e+06    2.169e+03      9.100e+01    3.740e+04    1.721e-02      36.24s       46        
304  4.169e+01    4.925e+07    2.351e+09      9.100e+01    3.740e+04    1.721e-02      34.66s       47        
305  4.203e+01    1.704e+08    2.878e+03      9.100e+01    3.740e+04    1.721e-02      38.09s       48        
306  4.414e+01    9.109e+07    4.247e+01      9.100e+01    3.740e+04    1.721e-02      32.48s       47        
307  4.391e+01    3.157e+06    3.630e+10      9.100e+01    3.668e+04    1.720e-02      30.02s       47        
308  4.319e+01    1.639e+07    3.552e+04      9.100e+01    3.668e+04    1.720e-02      32.76s       42        
309  4.289e+01    9.083e+08    3.634e+03      9.100e+01    3.668e+04    1.720e-02      26.14s       42        
310  4.373e+01    1.940e+10    1.972e+10      9.100e+01    3.668e+04    1.720e-02      24.56s       42        
311  4.301e+01    4.994e+05    4.577e+00      9.100e+01    3.668e+04    1.720e-02      26.30s       43        
312  4.506e+01    3.825e+06    5.042e+04      9.100e+01    3.668e+04    1.720e-02      22.32s       45        
313  4.420e+01    5.616e+06    1.808e+03      9.100e+01    3.668e+04    1.720e-02      19.05s       45        
314  4.309e+01    7.494e+05    7.110e+02      9.100e+01    3.668e+04    1.720e-02      20.35s       47        
315  4.441e+01    7.569e+06    1.009e+07      9.100e+01    3.668e+04    1.720e-02      15.65s       48        
316  4.547e+01    3.456e+06    6.425e+10      9.100e+01    3.668e+04    1.720e-02      14.68s       41        
317  4.177e+01    7.384e+05    2.442e+02      9.100e+01    3.668e+04    1.720e-02      14.08s       42        
318  4.308e+01    1.255e+06    6.704e+02      9.100e+01    3.668e+04    1.720e-02      10.27s       42        
319  4.419e+01    2.253e+09    1.162e+02      9.100e+01    3.668e+04    1.720e-02      8.46s        44        
320  4.328e+01    1.797e+06    5.432e+00      9.100e+01    3.668e+04    1.720e-02      8.08s        44        
321  4.337e+01    3.250e+06    2.372e+02      9.100e+01    3.668e+04    1.720e-02      5.17s        44        
322  4.522e+01    3.571e+06    1.289e+02      9.100e+01    3.668e+04    1.720e-02      4.04s        44        
323  4.476e+01    2.125e+07    1.058e+02      9.100e+01    3.668e+04    1.720e-02      1.77s        43        
324  4.428e+01    3.169e+05    3.354e+02      9.100e+01    3.668e+04    1.720e-02      0.00s        43        
325  4.312e+01    1.619e+06    5.054e+02      9.100e+01    3.668e+04    1.720e-02      42.03s       41        
326  4.181e+01    1.352e+06    9.773e+03      9.100e+01    3.668e+04    1.720e-02      38.99s       41        
327  4.295e+01    1.334e+08    1.331e+03      9.100e+01    3.668e+04    1.720e-02      36.36s       41        
328  4.315e+01    7.830e+05    2.267e+03      9.100e+01    3.668e+04    1.720e-02      35.58s       40        
329  4.411e+01    4.722e+05    2.670e+02      9.100e+01    3.668e+04    1.720e-02      34.50s       40        
330  4.777e+01    9.865e+08    1.587e+01      9.100e+01    3.668e+04    1.720e-02      34.21s       42        
331  4.599e+01    9.821e+06    1.494e+01      9.100e+01    3.668e+04    1.720e-02      31.54s       44        
332  4.787e+01    8.928e+06    3.243e+01      9.100e+01    3.668e+04    1.720e-02      30.30s       43        
333  4.733e+01    1.998e+08    4.206e+02      9.100e+01    3.668e+04    1.720e-02      27.82s       40        
334  4.504e+01    2.970e+07    1.446e+03      9.100e+01    3.668e+04    1.720e-02      30.96s       42        
335  4.570e+01    5.287e+06    1.940e+01      9.100e+01    3.668e+04    1.720e-02      26.95s       42        
336  4.534e+01    2.525e+09    5.494e+04      9.100e+01    3.668e+04    1.720e-02      22.92s       42        
337  4.431e+01    2.762e+06    2.405e+01      9.100e+01    3.668e+04    1.720e-02      24.80s       37        
338  4.172e+01    9.408e+06    3.213e+01      9.100e+01    3.668e+04    1.720e-02      18.42s       37        
339  4.223e+01    2.464e+07    8.941e+00      9.100e+01    3.668e+04    1.720e-02      16.70s       38        
340  4.273e+01    3.911e+11    1.817e+06      8.900e+01    3.596e+04    1.720e-02      18.17s       37        
341  3.951e+01    3.139e+06    1.166e+02      8.900e+01    3.596e+04    1.720e-02      13.88s       37        
342  4.087e+01    8.276e+06    1.728e+03      8.900e+01    3.596e+04    1.720e-02      11.61s       37        
343  4.094e+01    1.714e+14    1.738e+08      8.900e+01    3.596e+04    1.720e-02      11.65s       37        
344  4.113e+01    3.492e+07    3.129e+02      8.700e+01    9.488e+04    1.718e-02      8.39s        37        
345  4.128e+01    1.358e+06    4.806e+03      8.700e+01    9.488e+04    1.718e-02      6.49s        37        
346  4.197e+01    2.715e+06    2.246e+02      8.700e+01    9.488e+04    1.718e-02      5.05s        37        
347  3.995e+01    1.227e+07    4.209e+02      8.700e+01    9.488e+04    1.718e-02      3.85s        38        
348  3.998e+01    9.503e+06    1.018e+01      8.700e+01    9.488e+04    1.718e-02      1.62s        37        
349  4.102e+01    2.076e+06    2.450e+02      8.700e+01    9.488e+04    1.718e-02      0.00s        37        
350  3.928e+01    2.382e+06    2.737e+03      8.700e+01    9.488e+04    1.718e-02      46.46s       35        
351  3.997e+01    5.961e+05    1.752e+02      8.700e+01    9.488e+04    1.718e-02      37.51s       35        
352  3.780e+01    3.427e+07    2.884e+04      6.700e+01    1.460e+04    1.716e-02      35.38s       33        
353  3.590e+01    3.556e+06    1.115e+03      6.700e+01    1.460e+04    1.716e-02      31.94s       34        
354  3.533e+01    6.154e+08    6.403e+01      6.700e+01    1.460e+04    1.716e-02      35.37s       35        
355  3.705e+01    1.078e+07    3.484e+03      6.700e+01    1.460e+04    1.716e-02      29.31s       34        
356  3.483e+01    1.022e+06    1.164e+04      6.700e+01    1.460e+04    1.716e-02      26.74s       34        
357  3.635e+01    2.068e+07    1.958e+03      6.700e+01    1.460e+04    1.716e-02      26.46s       33        
358  3.619e+01    3.159e+08    4.110e+02      6.700e+01    1.460e+04    1.716e-02      29.37s       32        
359  3.633e+01    3.736e+06    5.525e+02      6.700e+01    1.460e+04    1.716e-02      23.32s       32        
360  3.447e+01    1.901e+06    2.865e+04      6.700e+01    1.460e+04    1.716e-02      20.88s       33        
361  3.509e+01    1.216e+07    1.070e+05      6.700e+01    1.460e+04    1.716e-02      23.22s       33        
362  3.509e+01    1.217e+06    1.228e+02      6.700e+01    1.460e+04    1.716e-02      18.01s       33        
363  3.530e+01    2.487e+06    1.414e+01      6.700e+01    1.460e+04    1.716e-02      16.65s       32        
364  3.429e+01    1.552e+07    1.183e+03      6.700e+01    1.460e+04    1.716e-02      14.56s       32        
365  3.430e+01    1.566e+06    4.549e+03      9.100e+01    2.383e+06    1.713e-02      13.52s       31        
366  3.460e+01    4.055e+05    3.192e+02      9.100e+01    2.383e+06    1.713e-02      12.05s       31        
367  3.453e+01    7.727e+06    5.561e+01      8.900e+01    4.934e+05    1.713e-02      10.55s       31        
368  3.704e+01    1.046e+06    5.265e+03      7.900e+01    2.756e+04    1.708e-02      9.21s        32        
369  3.868e+01    5.291e+16    1.271e+05      7.900e+01    2.756e+04    1.708e-02      9.49s        33        
370  4.045e+01    2.982e+07    6.258e+01      7.900e+01    2.756e+04    1.708e-02      6.59s        33        
371  3.969e+01    5.621e+05    4.685e+04      7.900e+01    2.756e+04    1.708e-02      4.87s        32        
372  3.995e+01    3.758e+06    1.055e+01      7.900e+01    2.756e+04    1.708e-02      3.18s        34        
373  3.956e+01    4.448e+13    3.094e+02      7.900e+01    2.756e+04    1.708e-02      1.91s        34        
374  4.077e+01    6.815e+08    1.544e+02      7.900e+01    2.756e+04    1.708e-02      0.00s        35        
375  4.080e+01    1.239e+15    1.389e+02      7.900e+01    2.756e+04    1.708e-02      39.26s       36        
376  4.043e+01    1.583e+14    5.297e+04      7.900e+01    2.756e+04    1.708e-02      38.88s       36        
377  3.897e+01    1.536e+06    8.431e+04      7.900e+01    2.756e+04    1.708e-02      36.13s       38        
378  4.052e+01    6.056e+05    3.264e+01      7.900e+01    2.756e+04    1.708e-02      34.32s       39        
379  3.916e+01    1.887e+05    7.036e+02      7.900e+01    2.756e+04    1.708e-02      31.95s       36        
380  3.878e+01    9.987e+05    1.214e+05      7.900e+01    2.756e+04    1.708e-02      36.31s       37        
381  4.096e+01    1.298e+06    2.729e+03      8.100e+01    2.972e+04    1.707e-02      30.03s       40        
382  4.193e+01    7.169e+09    2.404e+02      8.100e+01    2.972e+04    1.707e-02      29.25s       39        
383  3.985e+01    1.331e+06    7.929e+03      8.100e+01    2.972e+04    1.707e-02      31.24s       39        
384  4.059e+01    1.475e+14    4.565e+02      8.100e+01    2.972e+04    1.707e-02      25.28s       39        
385  4.134e+01    5.976e+06    7.901e+00      8.100e+01    2.972e+04    1.707e-02      22.91s       39        
386  4.090e+01    3.401e+08    1.239e+03      8.100e+01    2.972e+04    1.707e-02      25.84s       37        
387  3.996e+01    1.474e+06    1.022e+05      8.100e+01    2.972e+04    1.707e-02      19.84s       37        
388  4.222e+01    3.752e+06    5.842e+02      8.100e+01    2.972e+04    1.707e-02      18.30s       31        
389  3.953e+01    1.621e+07    1.692e+01      8.100e+01    2.972e+04    1.707e-02      15.87s       31        
390  3.923e+01    8.928e+05    2.269e+02      9.300e+01    1.029e+06    1.694e-02      17.28s       32        
391  3.974e+01    1.437e+09    2.054e+01      9.300e+01    1.029e+06    1.694e-02      12.78s       32        
392  4.010e+01    6.896e+06    1.712e+01      9.300e+01    1.029e+06    1.694e-02      11.05s       33        
393  4.234e+01    3.653e+07    1.728e+03      9.300e+01    8.923e+05    1.692e-02      11.54s       33        
394  4.165e+01    2.618e+08    2.370e+06      9.300e+01    8.923e+05    1.692e-02      8.31s        34        
395  4.261e+01    5.025e+09    2.554e+01      8.700e+01    1.622e+05    1.690e-02      6.58s        30        
396  3.684e+01    1.259e+09    2.918e+03      8.700e+01    1.622e+05    1.690e-02      5.01s        32        
397  3.767e+01    3.144e+09    1.207e+01      8.700e+01    1.622e+05    1.690e-02      3.65s        32        
398  3.854e+01    7.407e+06    2.849e+02      8.700e+01    1.622e+05    1.690e-02      1.53s        32        
399  3.780e+01    1.993e+06    3.642e+01      8.700e+01    1.622e+05    1.690e-02      0.00s        32        
400  3.777e+01    1.819e+08    6.678e+00      8.700e+01    1.622e+05    1.690e-02      36.61s       34        
401  3.951e+01    2.419e+06    1.135e+01      8.700e+01    1.622e+05    1.690e-02      42.85s       34        
402  3.894e+01    1.281e+06    6.642e+01      8.700e+01    1.622e+05    1.690e-02      36.32s       34        
403  4.207e+01    5.999e+07    1.297e+03      8.700e+01    1.622e+05    1.690e-02      34.68s       35        
404  4.092e+01    1.170e+08    9.582e+00      8.900e+01    1.744e+05    1.689e-02      39.60s       36        
405  4.080e+01    4.039e+06    6.942e+03      8.900e+01    1.744e+05    1.689e-02      32.32s       37        
406  4.299e+01    1.563e+12    1.432e+05      8.700e+01    1.683e+05    1.689e-02      30.76s       37        
407  4.287e+01    9.254e+07    2.659e+02      8.500e+01    1.622e+05    1.689e-02      29.09s       37        
408  4.215e+01    2.414e+08    2.065e+03      8.500e+01    1.622e+05    1.689e-02      32.75s       37        
409  4.224e+01    3.536e+07    4.472e+01      8.500e+01    1.622e+05    1.689e-02      25.99s       37        
410  4.196e+01    7.771e+11    6.137e+03      8.500e+01    1.622e+05    1.689e-02      23.19s       38        
411  4.218e+01    1.115e+07    3.231e+02      8.500e+01    1.622e+05    1.689e-02      26.26s       38        
412  4.209e+01    9.857e+08    1.856e+05      8.500e+01    1.622e+05    1.689e-02      21.27s       38        
413  4.088e+01    3.884e+06    2.623e+02      8.500e+01    1.622e+05    1.689e-02      18.76s       38        
414  4.100e+01    3.603e+06    1.338e+08      8.500e+01    1.622e+05    1.689e-02      20.59s       38        
415  4.290e+01    6.546e+06    4.884e+04      8.500e+01    1.622e+05    1.689e-02      15.93s       38        
416  4.207e+01    8.645e+05    1.137e+03      8.500e+01    1.622e+05    1.689e-02      13.61s       38        
417  3.978e+01    1.647e+07    9.801e+00      8.500e+01    1.622e+05    1.689e-02      13.73s       39        
418  4.494e+01    6.904e+11    9.238e+00      8.500e+01    1.622e+05    1.689e-02      10.14s       39        
419  4.364e+01    1.151e+10    1.173e+02      8.500e+01    1.622e+05    1.689e-02      8.53s        39        
420  4.316e+01    1.579e+08    4.800e+02      8.500e+01    1.622e+05    1.689e-02      6.66s        39        
421  4.205e+01    1.797e+07    9.470e+01      8.500e+01    1.622e+05    1.689e-02      6.06s        39        
422  4.309e+01    3.245e+06    4.699e+00      8.500e+01    1.622e+05    1.689e-02      3.29s        40        
423  4.377e+01    5.030e+07    3.523e+02      8.500e+01    3.307e+05    1.688e-02      1.69s        41        
424  4.578e+01    1.903e+08    7.454e+01      8.500e+01    3.307e+05    1.678e-02      0.00s        41        
425  4.574e+01    3.453e+08    4.470e+00      8.500e+01    3.307e+05    1.678e-02      44.62s       39        
426  4.198e+01    3.311e+07    8.295e+03      8.300e+01    3.308e+05    1.668e-02      41.38s       38        
427  4.174e+01    1.795e+06    7.729e+02      8.300e+01    3.308e+05    1.668e-02      44.40s       40        
428  4.574e+01    2.161e+13    1.598e+01      7.900e+01    6.872e+04    1.668e-02      36.75s       37        
429  4.307e+01    2.955e+07    3.369e+01      7.900e+01    6.872e+04    1.668e-02      34.47s       38        
430  4.058e+01    4.796e+05    4.416e+01      7.900e+01    6.872e+04    1.668e-02      37.87s       39        
431  4.213e+01    2.046e+06    8.452e+01      7.900e+01    6.872e+04    1.668e-02      30.01s       40        
432  4.491e+01    1.080e+10    8.097e+02      7.900e+01    6.872e+04    1.668e-02      28.27s       41        
433  4.206e+01    4.828e+05    1.174e+01      7.900e+01    6.872e+04    1.668e-02      26.83s       45        
434  4.440e+01    6.815e+09    1.595e+04      7.900e+01    6.872e+04    1.668e-02      30.15s       43        
435  4.625e+01    1.792e+06    7.369e+01      7.900e+01    6.872e+04    1.668e-02      24.21s       43        
436  4.637e+01    5.298e+07    5.391e+01      8.100e+01    7.376e+04    1.667e-02      23.51s       42        
437  4.553e+01    1.747e+07    1.850e+03      8.100e+01    7.376e+04    1.667e-02      24.49s       42        
438  4.467e+01    1.959e+07    3.652e+06      8.100e+01    7.376e+04    1.667e-02      19.41s       42        
439  4.660e+01    2.336e+06    3.280e+08      8.100e+01    7.376e+04    1.667e-02      18.03s       41        
440  4.581e+01    1.109e+06    8.658e+00      8.100e+01    7.376e+04    1.667e-02      19.04s       41        
441  4.694e+01    1.852e+06    3.460e+01      8.100e+01    7.376e+04    1.667e-02      15.01s       43        
442  4.483e+01    1.601e+07    1.122e+05      8.100e+01    7.376e+04    1.667e-02      12.49s       45        
443  4.742e+01    1.535e+07    2.386e+01      8.100e+01    7.376e+04    1.667e-02      12.67s       42        
444  4.791e+01    6.719e+06    1.706e+05      8.100e+01    7.376e+04    1.667e-02      9.13s        42        
445  4.705e+01    3.907e+10    1.288e+01      8.100e+01    7.376e+04    1.667e-02      7.32s        41        
446  4.621e+01    1.173e+06    2.400e+06      8.100e+01    7.376e+04    1.667e-02      6.58s        41        
447  4.692e+01    6.227e+05    7.497e+00      8.100e+01    7.376e+04    1.667e-02      3.68s        39        
448  4.615e+01    2.465e+07    3.571e+03      8.100e+01    7.376e+04    1.667e-02      1.80s        40        
449  4.580e+01    1.912e+09    6.823e+04      8.100e+01    7.376e+04    1.667e-02      0.00s        40        
450  4.519e+01    3.670e+06    5.126e+03      8.100e+01    7.376e+04    1.666e-02      44.49s       41        
451  4.461e+01    6.329e+06    4.969e+02      8.100e+01    7.376e+04    1.666e-02      39.23s       41        
452  4.577e+01    3.098e+07    8.238e+01      8.100e+01    7.376e+04    1.666e-02      46.78s       40        
453  4.473e+01    2.020e+09    1.481e+04      8.100e+01    7.376e+04    1.666e-02      38.96s       38        
454  4.347e+01    1.112e+09    1.723e+06      8.100e+01    7.376e+04    1.666e-02      34.86s       38        
455  4.391e+01    1.407e+08    1.119e+02      8.100e+01    7.376e+04    1.666e-02      39.95s       38        
456  4.408e+01    3.040e+06    5.920e+02      8.100e+01    7.376e+04    1.666e-02      32.69s       39        
457  4.219e+01    3.842e+06    1.602e+02      8.100e+01    7.376e+04    1.666e-02      29.57s       39        
458  4.368e+01    1.452e+06    4.433e+03      8.100e+01    7.376e+04    1.666e-02      28.29s       39        
459  4.594e+01    3.956e+07    3.650e+04      8.100e+01    7.376e+04    1.666e-02      26.91s       41        
460  4.596e+01    1.353e+07    1.353e+04      8.100e+01    7.376e+04    1.666e-02      24.81s       40        
461  4.469e+01    8.171e+05    3.017e+01      8.100e+01    7.376e+04    1.666e-02      22.89s       40        
462  4.506e+01    1.565e+11    5.313e+12      8.100e+01    7.376e+04    1.666e-02      25.05s       41        
463  4.625e+01    3.475e+07    4.609e+03      8.100e+01    7.376e+04    1.666e-02      19.22s       42        
464  4.448e+01    1.251e+13    3.285e+04      8.100e+01    7.376e+04    1.666e-02      17.90s       39        
465  4.625e+01    1.373e+06    1.817e+02      8.100e+01    7.376e+04    1.666e-02      18.78s       41        
466  4.725e+01    2.946e+08    3.182e+02      8.100e+01    7.376e+04    1.666e-02      14.54s       42        
467  4.886e+01    6.438e+06    3.849e+07      8.100e+01    7.376e+04    1.666e-02      12.86s       42        
468  4.695e+01    8.985e+09    2.987e+02      8.100e+01    7.376e+04    1.666e-02      13.38s       40        
469  4.737e+01    9.424e+08    1.168e+02      8.100e+01    7.376e+04    1.666e-02      9.29s        39        
470  4.484e+01    2.186e+07    7.553e+02      8.100e+01    7.376e+04    1.666e-02      7.12s        39        
471  4.746e+01    3.995e+06    1.578e+03      8.100e+01    7.376e+04    1.666e-02      6.68s        38        
472  4.447e+01    1.369e+07    2.599e+01      8.100e+01    7.376e+04    1.666e-02      3.70s        40        
473  4.820e+01    1.342e+09    1.578e+05      8.100e+01    7.376e+04    1.666e-02      1.88s        42        
474  4.809e+01    3.618e+07    7.938e+00      8.100e+01    7.376e+04    1.666e-02      0.00s        41        
475  4.871e+01    6.305e+07    4.273e+02      8.100e+01    7.376e+04    1.666e-02      44.74s       41        
476  4.839e+01    2.124e+09    1.116e+03      8.100e+01    7.376e+04    1.666e-02      42.64s       41        
477  4.858e+01    1.591e+13    1.023e+05      8.100e+01    7.376e+04    1.666e-02      48.66s       42        
478  4.875e+01    1.211e+06    7.849e+01      8.100e+01    7.376e+04    1.666e-02      37.99s       42        
479  4.694e+01    3.806e+06    1.804e+02      8.100e+01    7.376e+04    1.666e-02      36.16s       42        
480  4.836e+01    1.653e+07    1.046e+02      8.100e+01    7.376e+04    1.666e-02      42.66s       43        
481  4.627e+01    5.822e+05    2.106e+03      8.100e+01    7.376e+04    1.666e-02      33.21s       43        
482  4.764e+01    5.749e+05    9.006e+01      8.100e+01    7.376e+04    1.666e-02      31.81s       43        
483  4.667e+01    2.911e+08    1.304e+01      8.100e+01    7.376e+04    1.666e-02      29.28s       43        
484  4.578e+01    1.471e+13    1.671e+01      8.100e+01    7.376e+04    1.666e-02      31.56s       43        
485  4.681e+01    4.093e+09    7.966e+01      8.100e+01    7.376e+04    1.666e-02      25.72s       43        
486  4.755e+01    4.839e+07    4.646e+01      8.100e+01    7.376e+04    1.666e-02      23.49s       43        
487  4.634e+01    1.829e+09    2.941e+01      8.100e+01    7.376e+04    1.666e-02      25.67s       45        
488  4.757e+01    1.459e+07    2.494e+01      8.100e+01    7.376e+04    1.666e-02      20.19s       45        
489  4.712e+01    1.113e+07    1.095e+01      8.100e+01    7.376e+04    1.666e-02      18.70s       45        
490  4.834e+01    4.807e+08    7.677e+02      8.100e+01    7.376e+04    1.666e-02      19.69s       45        
491  4.765e+01    3.365e+07    5.949e+02      8.100e+01    7.376e+04    1.666e-02      14.63s       44        
492  4.852e+01    6.725e+08    8.504e+01      8.100e+01    7.376e+04    1.666e-02      13.16s       44        
493  4.646e+01    3.454e+06    1.047e+01      8.100e+01    7.376e+04    1.666e-02      13.13s       42        
494  4.727e+01    1.005e+07    4.799e+02      8.100e+01    7.376e+04    1.666e-02      9.34s        42        
495  4.684e+01    3.381e+08    1.867e+08      8.100e+01    7.376e+04    1.666e-02      7.30s        38        
496  4.440e+01    3.089e+08    5.826e+04      8.100e+01    7.376e+04    1.666e-02      6.36s        38        
497  4.735e+01    8.958e+07    8.485e+00      8.100e+01    7.376e+04    1.666e-02      3.60s        39        
498  4.589e+01    1.390e+06    3.447e+08      8.100e+01    7.376e+04    1.666e-02      1.84s        39        
499  4.480e+01    4.030e+06    5.115e+01      8.100e+01    7.376e+04    1.666e-02      0.00s        38        





Time: 0h:13m:0s
####   Data for the best program   ####
Best Program: add(0.697, mul(sub(mul(X1, add(0.700, mul(sub(X0, X2), sub(0.718, mul(sub(X1, sub(sub(add(div(0.968, X1), mul(sub(X0, add(0.700, mul(sub(X1, X2), 0.240))), sub(X1, mul(sub(sub(X1, sub(sub(div(1.991, X1), sub(X1, sub(sub(div(0.968, X1), 0.700), add(sub(X0, X2), X1)))), 1.527)), X2), X0)))), 0.718), add(0.700, sub(0.718, mul(sub(X1, sub(sub(mul(X0, 0.300), div(X2, X1)), X2)), 0.324))))), 0.300))))), X2), 0.225))
Best Program Complexity: 73759
Raw Fitness: 0.016662553134023417
Penalized Fitness: 0.016662553134023417
Estimator		Train-rmse: 0.016662553134023417	Test-rmse: 0.016821355536698345	Test-R^2: 0.9704502729841202

{'complexity': 'kommenda', 'const_range': (1e-10, 2.0), 'elitism_size': 0, 'function_set': ('add', 'sub', 'div', 'mul'), 'generations': 500, 'init_depth': (3, 6), 'init_method': 'half and half', 'low_memory': True, 'max_samples': 1.0, 'metric': 'rmse', 'n_jobs': 2, 'p_crossover': 0.5, 'p_hoist_mutation': 0.0, 'p_point_mutation': 0.25, 'p_point_replace': 0.05, 'p_subtree_mutation': 0.25, 'paretogp': True, 'paretogp_lengths': (5, 130), 'parsimony_coefficient': 0.0, 'population_size': 800, 'random_state': 26519714, 'selection': 'tournament', 'stopping_criteria': 1e-10, 'tournament_size': 11, 'verbose': 1, 'warm_start': True}
