    |          Population Average          |           Best Individual            |
---- -------------------------------------- -------------------------------------- ----------
Gen  Length       Kommenda     Fitness        Length       Kommenda     Fitness        Time Left    Front Size
0    3.658e+01    1.218e+16    4.064e+13      2.100e+01    1.710e+02    1.970e-01      12.90s       7         
1    1.145e+01    6.286e+02    1.045e+04      2.100e+01    2.100e+02    1.211e-01      20.34s       11        
2    1.404e+01    2.195e+05    1.018e+04      2.100e+01    1.040e+02    5.148e-02      21.53s       7         
3    1.204e+01    1.420e+04    4.194e+02      2.100e+01    1.040e+02    5.148e-02      19.37s       5         
4    1.057e+01    4.196e+03    1.527e+04      2.100e+01    1.040e+02    5.119e-02      18.12s       6         
5    1.250e+01    3.021e+05    2.353e+05      2.100e+01    1.040e+02    5.119e-02      17.48s       7         
6    1.266e+01    1.436e+04    2.296e+02      2.100e+01    1.040e+02    5.119e-02      16.59s       9         
7    1.311e+01    1.471e+09    1.712e+03      2.100e+01    1.040e+02    5.119e-02      15.88s       10        
8    1.348e+01    6.091e+07    2.146e+07      2.100e+01    1.040e+02    5.119e-02      19.10s       9         
9    1.212e+01    8.850e+02    4.529e+02      2.100e+01    1.040e+02    4.383e-02      13.98s       7         
10   1.354e+01    1.358e+05    5.188e+01      2.100e+01    1.040e+02    4.383e-02      13.79s       9         
11   1.401e+01    8.774e+06    1.152e+03      2.300e+01    4.210e+02    4.261e-02      12.67s       9         
12   1.399e+01    1.178e+06    2.045e+02      2.100e+01    2.290e+02    4.238e-02      11.60s       9         
13   1.435e+01    1.383e+03    1.557e+02      2.100e+01    2.290e+02    4.238e-02      10.83s       9         
14   1.412e+01    2.482e+03    4.863e+03      2.300e+01    3.730e+02    3.962e-02      9.98s        10        
15   1.526e+01    1.588e+04    4.372e+02      2.300e+01    3.730e+02    3.962e-02      11.52s       11        
16   1.514e+01    9.783e+07    6.657e+02      2.300e+01    3.730e+02    3.962e-02      8.03s        12        
17   1.479e+01    4.820e+05    2.543e+03      2.500e+01    5.170e+02    3.734e-02      7.33s        14        
18   1.535e+01    1.124e+09    9.956e+02      2.500e+01    5.170e+02    3.734e-02      6.21s        14        
19   1.643e+01    1.083e+04    1.443e+05      2.500e+01    5.170e+02    3.734e-02      5.18s        14        
20   1.667e+01    1.115e+07    9.361e+01      2.500e+01    5.170e+02    3.734e-02      4.17s        15        
21   1.668e+01    8.199e+04    1.605e+02      2.500e+01    5.170e+02    3.734e-02      3.91s        15        
22   1.689e+01    2.813e+03    2.076e+04      2.500e+01    5.170e+02    3.734e-02      2.16s        15        
23   1.766e+01    7.653e+05    2.397e+04      2.900e+01    4.340e+02    3.724e-02      1.06s        14        
24   1.763e+01    1.635e+05    1.163e+10      2.900e+01    4.340e+02    3.724e-02      0.00s        15        
25   1.790e+01    1.189e+10    6.760e+03      2.900e+01    4.340e+02    3.724e-02      26.41s       15        
26   1.719e+01    3.006e+03    2.678e+03      2.900e+01    4.340e+02    3.724e-02      25.53s       15        
27   1.773e+01    1.218e+04    2.276e+03      2.900e+01    4.340e+02    3.724e-02      29.15s       15        
28   1.792e+01    3.187e+08    2.326e+01      2.900e+01    4.340e+02    3.724e-02      24.05s       14        
29   1.893e+01    4.711e+05    3.367e+03      2.900e+01    4.340e+02    3.724e-02      21.93s       16        
30   1.849e+01    2.418e+03    1.999e+06      2.900e+01    4.340e+02    3.723e-02      21.11s       17        
31   1.944e+01    2.646e+03    1.053e+02      2.900e+01    4.340e+02    3.723e-02      20.75s       17        
32   1.857e+01    6.852e+03    2.972e+03      2.900e+01    4.340e+02    3.723e-02      19.27s       13        
33   1.880e+01    2.726e+04    5.253e+02      2.900e+01    4.340e+02    3.723e-02      22.29s       13        
34   1.925e+01    3.913e+07    3.263e+04      2.300e+01    3.730e+02    3.722e-02      17.20s       13        
35   1.889e+01    2.194e+09    9.986e+01      3.100e+01    1.501e+03    3.712e-02      15.57s       15        
36   1.811e+01    5.339e+04    1.821e+02      2.300e+01    1.510e+02    3.608e-02      14.31s       10        
37   1.470e+01    9.246e+06    5.181e+03      2.300e+01    1.510e+02    3.608e-02      12.52s       11        
38   1.452e+01    2.426e+06    2.022e+03      2.300e+01    1.510e+02    3.608e-02      11.12s       11        
39   1.443e+01    4.407e+12    2.608e+16      2.300e+01    1.510e+02    3.608e-02      12.74s       11        
40   1.431e+01    3.710e+14    5.645e+03      2.300e+01    1.510e+02    3.608e-02      9.22s        11        
41   1.393e+01    4.227e+05    1.096e+03      2.300e+01    1.510e+02    3.608e-02      7.81s        11        
42   1.452e+01    2.978e+03    4.319e+04      2.300e+01    1.510e+02    3.608e-02      7.16s        11        
43   1.436e+01    9.636e+06    1.080e+04      2.300e+01    1.510e+02    3.608e-02      6.10s        10        
44   1.362e+01    1.089e+05    9.662e+05      2.300e+01    1.510e+02    3.608e-02      4.97s        10        
45   1.318e+01    1.130e+08    9.527e+06      1.900e+01    4.500e+01    3.490e-02      4.84s        10        
46   1.366e+01    2.387e+08    1.078e+02      1.700e+01    4.400e+01    3.490e-02      3.02s        11        
47   1.348e+01    4.654e+09    1.597e+05      1.700e+01    4.400e+01    3.360e-02      2.02s        11        
48   1.431e+01    3.872e+06    3.529e+02      1.700e+01    4.400e+01    3.360e-02      1.00s        12        
49   1.324e+01    4.436e+14    5.284e+06      1.700e+01    4.400e+01    3.360e-02      0.00s        12        
50   1.302e+01    1.905e+04    1.814e+03      1.700e+01    4.400e+01    3.360e-02      22.92s       12        
51   1.313e+01    1.338e+03    3.152e+01      1.700e+01    4.400e+01    3.360e-02      22.32s       13        
52   1.272e+01    1.492e+02    7.510e+02      1.700e+01    4.400e+01    3.360e-02      26.69s       13        
53   1.263e+01    1.097e+04    1.565e+12      1.700e+01    4.400e+01    3.360e-02      20.06s       13        
54   1.232e+01    2.137e+02    2.416e+01      1.700e+01    4.400e+01    3.360e-02      19.57s       13        
55   1.242e+01    2.050e+03    9.687e+04      1.700e+01    4.400e+01    3.360e-02      18.57s       15        
56   1.239e+01    2.137e+07    1.338e+01      1.700e+01    5.600e+01    3.358e-02      17.24s       16        
57   1.282e+01    6.002e+06    4.089e+03      1.700e+01    5.600e+01    3.358e-02      16.84s       16        
58   1.334e+01    8.649e+03    1.624e+13      1.700e+01    5.600e+01    3.358e-02      19.59s       17        
59   1.247e+01    2.848e+03    7.043e+02      1.700e+01    5.600e+01    3.358e-02      14.91s       17        
60   1.265e+01    1.029e+03    1.266e+01      1.700e+01    5.600e+01    3.358e-02      14.24s       17        
61   1.234e+01    7.792e+04    9.211e+07      1.700e+01    5.600e+01    3.358e-02      12.91s       17        
62   1.186e+01    1.047e+03    4.390e+03      1.700e+01    5.600e+01    3.358e-02      11.54s       17        
63   1.192e+01    3.788e+02    3.566e+02      1.700e+01    5.600e+01    3.358e-02      10.77s       17        
64   1.191e+01    1.192e+08    4.576e+03      1.700e+01    5.600e+01    3.358e-02      9.63s        17        
65   1.210e+01    1.237e+03    7.840e+03      1.700e+01    5.600e+01    3.358e-02      10.76s       17        
66   1.196e+01    1.655e+03    2.027e+04      1.700e+01    5.600e+01    3.358e-02      7.72s        17        
67   1.184e+01    1.290e+09    1.219e+02      1.700e+01    5.600e+01    3.358e-02      6.62s        17        
68   1.228e+01    2.874e+06    5.113e+01      1.700e+01    5.600e+01    3.358e-02      5.84s        17        
69   1.227e+01    6.497e+04    1.259e+02      1.700e+01    5.600e+01    3.358e-02      4.87s        17        
70   1.192e+01    1.834e+02    4.659e+01      1.700e+01    5.600e+01    3.358e-02      3.84s        17        
71   1.213e+01    3.558e+03    3.793e+08      1.700e+01    5.600e+01    3.358e-02      3.66s        17        
72   1.197e+01    3.541e+05    7.028e+03      1.700e+01    5.600e+01    3.358e-02      1.91s        17        
73   1.187e+01    1.199e+03    2.128e+03      1.700e+01    5.600e+01    3.358e-02      0.96s        17        
74   1.202e+01    1.596e+07    2.920e+03      1.700e+01    5.600e+01    3.358e-02      0.00s        17        
75   1.206e+01    6.858e+07    4.972e+02      1.700e+01    5.600e+01    3.358e-02      23.20s       17        
76   1.202e+01    5.950e+03    1.977e+02      1.700e+01    5.600e+01    3.358e-02      22.19s       17        
77   1.220e+01    9.331e+05    3.288e+04      1.700e+01    5.600e+01    3.358e-02      20.76s       17        
78   1.182e+01    1.544e+04    2.129e+02      1.700e+01    5.600e+01    3.358e-02      20.50s       17        
79   1.188e+01    5.345e+03    3.293e+02      1.700e+01    5.600e+01    3.358e-02      25.11s       17        
80   1.204e+01    5.549e+03    2.646e+03      1.700e+01    5.600e+01    3.358e-02      18.58s       17        
81   1.203e+01    1.676e+05    8.455e+02      1.700e+01    5.600e+01    3.358e-02      17.41s       17        
82   1.242e+01    2.882e+04    4.771e+05      1.700e+01    5.600e+01    3.358e-02      16.48s       17        
83   1.223e+01    1.058e+12    8.164e+01      1.700e+01    5.600e+01    3.358e-02      15.32s       17        
84   1.225e+01    5.418e+05    1.116e+04      1.700e+01    5.600e+01    3.358e-02      14.94s       17        
85   1.158e+01    8.909e+01    8.402e+01      1.700e+01    5.600e+01    3.358e-02      13.26s       17        
86   1.156e+01    3.423e+03    1.491e+02      1.700e+01    5.600e+01    3.358e-02      15.40s       17        
87   1.232e+01    1.925e+07    1.266e+07      1.700e+01    5.600e+01    3.358e-02      11.91s       17        
88   1.180e+01    2.061e+02    9.167e+03      1.700e+01    5.600e+01    3.358e-02      10.49s       17        
89   1.269e+01    6.276e+05    2.803e+03      1.700e+01    5.600e+01    3.358e-02      9.64s        17        
90   1.232e+01    2.746e+04    1.289e+07      1.700e+01    5.600e+01    3.358e-02      8.83s        17        
91   1.226e+01    1.456e+04    2.549e+02      1.700e+01    5.600e+01    3.358e-02      7.84s        17        
92   1.218e+01    2.800e+07    5.366e+06      1.700e+01    5.600e+01    3.358e-02      8.44s        17        
93   1.192e+01    1.916e+04    5.677e+03      1.700e+01    5.600e+01    3.358e-02      5.81s        17        
94   1.149e+01    8.292e+04    8.962e+03      1.700e+01    5.600e+01    3.358e-02      4.73s        17        
95   1.232e+01    2.829e+06    4.451e+01      1.700e+01    5.600e+01    3.358e-02      3.96s        17        
96   1.224e+01    7.765e+06    9.838e+02      1.700e+01    5.600e+01    3.358e-02      2.91s        17        
97   1.232e+01    1.723e+05    3.204e+03      1.700e+01    5.600e+01    3.358e-02      2.06s        17        
98   1.174e+01    7.286e+01    1.802e+03      1.700e+01    5.600e+01    3.358e-02      0.99s        17        
99   1.200e+01    2.930e+09    7.363e+04      1.700e+01    5.600e+01    3.358e-02      0.00s        17        
100  1.164e+01    3.899e+03    1.095e+11      1.700e+01    5.600e+01    3.358e-02      30.57s       17        
101  1.244e+01    2.305e+10    3.777e+04      1.700e+01    5.600e+01    3.358e-02      22.60s       17        
102  1.203e+01    2.775e+02    2.654e+03      1.700e+01    5.600e+01    3.358e-02      21.29s       17        
103  1.231e+01    1.075e+05    3.761e+02      1.700e+01    5.600e+01    3.358e-02      20.38s       17        
104  1.182e+01    4.990e+02    2.526e+03      1.700e+01    5.600e+01    3.358e-02      18.96s       17        
105  1.202e+01    5.178e+04    1.923e+02      1.700e+01    5.600e+01    3.358e-02      18.28s       17        
106  1.292e+01    4.788e+06    7.787e+03      1.700e+01    5.600e+01    3.358e-02      17.31s       17        
107  1.209e+01    8.929e+03    1.195e+02      1.700e+01    5.600e+01    3.358e-02      20.94s       17        
108  1.206e+01    4.520e+02    1.452e+03      1.700e+01    5.600e+01    3.358e-02      15.54s       17        
109  1.195e+01    1.751e+03    3.228e+03      1.700e+01    5.600e+01    3.358e-02      14.37s       17        
110  1.193e+01    1.401e+06    2.341e+02      1.700e+01    5.600e+01    3.358e-02      14.03s       17        
111  1.202e+01    6.700e+03    1.184e+01      1.700e+01    5.600e+01    3.358e-02      12.62s       17        
112  1.233e+01    3.254e+09    5.602e+04      1.700e+01    5.600e+01    3.358e-02      11.66s       17        
113  1.176e+01    4.033e+03    2.329e+03      1.700e+01    5.600e+01    3.358e-02      10.46s       17        
114  1.185e+01    7.568e+07    1.375e+02      1.500e+01    4.300e+01    3.354e-02      12.43s       17        
115  1.166e+01    1.874e+03    2.342e+03      1.700e+01    7.000e+01    3.344e-02      8.92s        18        
116  1.227e+01    1.480e+04    2.938e+03      1.700e+01    7.000e+01    3.344e-02      7.98s        18        
117  1.286e+01    6.637e+07    1.389e+03      1.700e+01    7.000e+01    3.344e-02      6.90s        18        
118  1.216e+01    2.775e+02    7.271e+01      1.700e+01    7.000e+01    3.344e-02      5.94s        18        
119  1.223e+01    6.202e+03    4.680e+04      1.700e+01    7.000e+01    3.344e-02      4.61s        18        
120  1.229e+01    2.400e+03    1.600e+02      1.700e+01    7.000e+01    3.344e-02      4.84s        18        
121  1.266e+01    6.024e+06    2.927e+03      1.700e+01    7.000e+01    3.344e-02      3.10s        18        
122  1.203e+01    7.295e+04    3.272e+03      1.700e+01    7.000e+01    3.344e-02      1.99s        18        
123  1.230e+01    2.325e+02    1.008e+02      3.300e+01    3.220e+02    3.307e-02      1.01s        20        
124  1.360e+01    1.234e+05    2.753e+04      2.900e+01    2.140e+02    3.269e-02      0.00s        20        
125  1.384e+01    5.715e+07    1.043e+02      2.900e+01    2.140e+02    3.269e-02      25.06s       20        
126  1.388e+01    4.805e+11    1.696e+01      2.900e+01    2.140e+02    3.269e-02      23.13s       21        
127  1.415e+01    1.209e+05    3.667e+01      2.900e+01    2.410e+02    3.256e-02      28.58s       23        
128  1.511e+01    3.346e+06    1.410e+01      2.900e+01    2.410e+02    3.256e-02      22.76s       22        
129  1.516e+01    2.199e+02    6.950e+01      2.500e+01    1.960e+02    3.255e-02      20.49s       21        
130  1.406e+01    5.673e+03    5.306e+02      2.500e+01    1.960e+02    3.255e-02      19.40s       21        
131  1.346e+01    1.034e+06    3.348e+03      2.700e+01    1.960e+02    3.254e-02      17.90s       21        
132  1.388e+01    1.499e+04    1.694e+07      3.100e+01    6.280e+02    3.244e-02      17.42s       22        
133  1.406e+01    1.455e+03    3.237e+03      3.300e+01    1.195e+03    3.235e-02      16.46s       24        
134  1.593e+01    4.677e+07    3.194e+05      3.100e+01    6.280e+02    3.210e-02      15.80s       23        
135  1.544e+01    2.214e+06    2.099e+02      3.100e+01    6.280e+02    3.210e-02      15.22s       23        
136  1.514e+01    1.763e+05    6.910e+06      3.300e+01    1.195e+03    3.191e-02      13.91s       24        
137  1.514e+01    1.090e+03    4.818e+01      3.300e+01    1.195e+03    3.191e-02      12.77s       27        
138  1.684e+01    7.997e+02    5.157e+03      3.300e+01    1.195e+03    3.191e-02      11.96s       27        
139  1.739e+01    7.688e+04    3.550e+01      3.500e+01    1.276e+03    3.172e-02      14.07s       28        
140  1.749e+01    2.590e+07    2.470e+01      3.500e+01    1.276e+03    3.172e-02      10.14s       29        
141  1.792e+01    1.072e+05    5.867e+06      3.500e+01    1.276e+03    3.172e-02      8.59s        27        
142  1.748e+01    1.859e+03    7.890e+01      3.500e+01    1.276e+03    3.172e-02      7.81s        26        
143  1.700e+01    3.211e+04    1.065e+05      3.500e+01    1.276e+03    3.172e-02      6.65s        26        
144  1.674e+01    9.347e+03    2.866e+03      3.500e+01    1.276e+03    3.172e-02      5.34s        27        
145  1.743e+01    5.119e+05    1.767e+05      3.500e+01    1.276e+03    3.168e-02      5.46s        28        
146  1.716e+01    1.664e+03    3.856e+01      3.500e+01    1.276e+03    3.168e-02      3.38s        28        
147  1.764e+01    1.282e+07    1.187e+02      3.500e+01    1.276e+03    3.168e-02      2.22s        28        
148  1.844e+01    6.349e+04    2.288e+01      3.500e+01    1.276e+03    3.168e-02      1.10s        29        
149  1.794e+01    1.536e+05    6.203e+04      3.500e+01    1.276e+03    3.168e-02      0.00s        28        
150  1.802e+01    1.487e+03    6.467e+01      3.500e+01    1.276e+03    3.168e-02      33.47s       29        
151  1.882e+01    3.352e+08    2.702e+02      3.500e+01    1.276e+03    3.168e-02      27.10s       29        
152  1.851e+01    7.400e+03    9.283e+03      3.500e+01    1.276e+03    3.168e-02      24.71s       29        
153  1.790e+01    1.294e+03    3.967e+01      3.500e+01    1.276e+03    3.168e-02      23.06s       31        
154  1.905e+01    5.445e+08    1.503e+05      3.500e+01    1.276e+03    3.168e-02      21.90s       27        
155  1.771e+01    3.400e+05    5.855e+03      3.500e+01    1.276e+03    3.168e-02      26.36s       27        
156  1.731e+01    2.020e+03    2.931e+01      3.500e+01    1.276e+03    3.168e-02      19.73s       28        
157  1.783e+01    5.903e+05    4.991e+02      3.500e+01    1.276e+03    3.168e-02      18.56s       28        
158  1.815e+01    4.638e+10    7.153e+02      4.900e+01    2.706e+04    3.150e-02      17.82s       29        
159  1.946e+01    3.136e+05    7.821e+01      5.700e+01    1.101e+05    3.123e-02      17.14s       30        
160  2.075e+01    2.398e+04    1.237e+05      5.700e+01    1.101e+05    3.123e-02      16.42s       31        
161  2.010e+01    7.145e+06    9.512e+02      5.700e+01    1.101e+05    3.123e-02      18.55s       33        
162  2.204e+01    5.911e+04    2.431e+04      4.900e+01    5.292e+04    3.118e-02      14.63s       34        
163  2.162e+01    4.475e+10    2.887e+03      4.900e+01    5.292e+04    3.106e-02      14.07s       36        
164  2.226e+01    2.358e+04    1.638e+01      5.500e+01    8.581e+04    3.086e-02      12.36s       38        
165  2.333e+01    2.408e+04    6.729e+01      5.500e+01    8.581e+04    3.086e-02      13.52s       38        
166  2.398e+01    8.637e+05    4.614e+03      3.700e+01    2.381e+03    3.061e-02      10.26s       34        
167  2.082e+01    1.594e+05    1.755e+02      3.700e+01    2.381e+03    3.061e-02      8.63s        33        
168  1.962e+01    1.781e+09    1.696e+02      3.700e+01    2.381e+03    3.061e-02      6.98s        33        
169  1.965e+01    4.181e+08    3.236e+01      3.700e+01    2.381e+03    3.061e-02      5.91s        34        
170  2.025e+01    3.277e+06    1.919e+01      3.500e+01    1.706e+03    3.040e-02      5.66s        35        
171  2.068e+01    3.404e+03    5.015e+01      3.500e+01    1.706e+03    3.040e-02      3.79s        35        
172  1.994e+01    2.327e+05    2.364e+07      3.500e+01    1.436e+03    3.039e-02      2.33s        27        
173  1.775e+01    2.262e+04    1.928e+02      3.500e+01    1.436e+03    3.039e-02      1.18s        29        
174  1.714e+01    1.403e+08    4.141e+03      3.500e+01    1.436e+03    3.039e-02      0.00s        29        
175  1.712e+01    8.919e+02    1.348e+03      3.500e+01    1.436e+03    3.039e-02      33.06s       29        
176  1.763e+01    5.610e+06    5.177e+03      3.500e+01    1.436e+03    3.039e-02      26.08s       29        
177  1.752e+01    9.172e+06    8.257e+00      3.500e+01    1.436e+03    3.039e-02      25.62s       30        
178  1.741e+01    6.498e+02    2.639e+01      3.500e+01    1.436e+03    3.039e-02      24.04s       30        
179  1.716e+01    8.311e+02    1.506e+02      3.500e+01    1.436e+03    3.039e-02      22.43s       26        
180  1.702e+01    1.558e+04    8.365e+02      3.500e+01    1.436e+03    3.039e-02      22.05s       29        
181  1.854e+01    4.935e+05    8.093e+06      3.500e+01    1.436e+03    3.039e-02      24.77s       29        
182  1.822e+01    6.254e+06    1.338e+04      3.500e+01    1.436e+03    3.039e-02      19.75s       30        
183  1.801e+01    4.206e+06    3.582e+04      3.500e+01    1.436e+03    3.039e-02      18.68s       31        
184  1.830e+01    1.412e+08    2.324e+03      3.500e+01    1.436e+03    3.039e-02      17.04s       31        
185  1.868e+01    5.453e+04    8.987e+01      3.500e+01    1.436e+03    3.039e-02      15.84s       32        
186  1.909e+01    1.639e+04    6.471e+02      4.500e+01    2.230e+04    3.031e-02      14.89s       32        
187  1.933e+01    1.081e+04    2.665e+01      3.300e+01    1.301e+03    3.024e-02      16.87s       30        
188  1.929e+01    4.741e+05    2.846e+07      5.300e+01    1.207e+05    2.975e-02      12.80s       32        
189  1.983e+01    2.099e+05    5.674e+01      5.500e+01    1.687e+05    2.972e-02      11.80s       35        
190  2.097e+01    4.988e+16    1.285e+03      5.500e+01    2.166e+05    2.968e-02      10.82s       36        
191  2.300e+01    1.217e+16    1.189e+09      5.500e+01    2.166e+05    2.968e-02      10.38s       36        
192  2.147e+01    9.121e+05    4.811e+07      5.500e+01    2.166e+05    2.968e-02      10.69s       35        
193  2.086e+01    5.423e+07    1.433e+12      9.100e+01    1.347e+09    2.955e-02      7.44s        36        
194  2.295e+01    7.370e+07    7.472e+05      9.100e+01    1.347e+09    2.955e-02      6.13s        35        
195  2.248e+01    5.632e+08    2.118e+01      9.500e+01    2.496e+11    2.943e-02      5.04s        38        
196  2.740e+01    4.840e+10    3.801e+01      9.500e+01    2.496e+11    2.943e-02      3.78s        39        
197  2.788e+01    1.321e+15    1.471e+03      9.500e+01    2.496e+11    2.943e-02      3.26s        41        
198  2.806e+01    3.239e+17    1.140e+05      9.500e+01    2.496e+11    2.943e-02      1.34s        43        
199  2.993e+01    2.365e+11    3.079e+01      9.500e+01    2.496e+11    2.943e-02      0.00s        43        
200  2.897e+01    1.266e+16    7.177e+01      9.500e+01    2.416e+11    2.907e-02      34.84s       43        
201  2.738e+01    1.959e+12    6.619e+01      9.500e+01    2.416e+11    2.907e-02      37.76s       42        
202  2.811e+01    7.483e+10    4.475e+03      9.500e+01    2.416e+11    2.907e-02      31.18s       44        
203  3.073e+01    3.034e+16    1.804e+04      9.500e+01    2.416e+11    2.907e-02      30.00s       45        
204  3.110e+01    5.532e+16    2.213e+02      9.500e+01    2.416e+11    2.907e-02      28.99s       48        
205  3.351e+01    1.078e+17    1.261e+02      9.500e+01    2.416e+11    2.907e-02      33.06s       50        
206  3.441e+01    8.247e+17    3.660e+01      9.100e+01    2.387e+10    2.906e-02      27.14s       47        
207  3.364e+01    1.873e+14    1.247e+02      9.100e+01    2.387e+10    2.906e-02      25.37s       47        
208  3.094e+01    7.501e+10    2.592e+03      9.100e+01    2.387e+10    2.906e-02      28.90s       48        
209  3.345e+01    1.627e+12    9.160e+02      9.100e+01    2.387e+10    2.906e-02      22.54s       48        
210  3.264e+01    3.395e+15    8.952e+04      9.100e+01    2.387e+10    2.906e-02      20.44s       46        
211  3.605e+01    8.984e+13    6.507e+05      9.100e+01    2.387e+10    2.906e-02      20.17s       44        
212  3.187e+01    5.305e+21    1.466e+01      9.100e+01    2.387e+10    2.906e-02      21.60s       43        
213  3.269e+01    3.081e+12    1.343e+02      9.100e+01    2.387e+10    2.906e-02      16.41s       42        
214  3.168e+01    8.002e+11    2.042e+04      9.100e+01    2.387e+10    2.906e-02      14.97s       40        
215  2.998e+01    1.277e+10    1.197e+02      9.300e+01    2.893e+10    2.905e-02      15.49s       41        
216  3.137e+01    3.462e+16    2.792e+03      9.300e+01    2.893e+10    2.905e-02      12.39s       41        
217  3.244e+01    4.329e+16    2.302e+02      9.300e+01    2.893e+10    2.905e-02      10.27s       42        
218  3.335e+01    5.429e+16    7.554e+02      9.300e+01    2.893e+10    2.905e-02      9.35s        41        
219  3.383e+01    7.299e+12    6.550e+03      9.100e+01    3.334e+10    2.901e-02      9.28s        43        
220  3.349e+01    2.019e+21    4.631e+01      9.100e+01    3.334e+10    2.901e-02      6.26s        44        
221  3.381e+01    1.114e+17    2.957e+01      9.500e+01    2.668e+10    2.901e-02      4.43s        44        
222  3.454e+01    3.155e+16    2.870e+01      9.500e+01    2.668e+10    2.901e-02      3.13s        47        
223  3.665e+01    1.217e+15    5.073e+00      9.300e+01    1.670e+10    2.900e-02      1.58s        48        
224  3.800e+01    2.031e+16    2.438e+04      9.300e+01    1.670e+10    2.900e-02      0.00s        50        
225  3.899e+01    1.075e+14    1.081e+02      9.300e+01    1.670e+10    2.900e-02      38.65s       51        
226  3.782e+01    3.449e+11    3.041e+03      9.300e+01    1.670e+10    2.900e-02      44.29s       49        
227  3.822e+01    8.600e+13    1.162e+03      8.900e+01    4.306e+09    2.898e-02      36.10s       46        
228  3.503e+01    2.152e+15    5.740e+01      8.900e+01    4.306e+09    2.898e-02      34.61s       47        
229  3.429e+01    9.820e+12    4.738e+03      8.700e+01    2.463e+09    2.894e-02      37.11s       47        
230  3.514e+01    1.538e+12    4.217e+02      8.700e+01    2.463e+09    2.894e-02      29.67s       47        
231  3.459e+01    1.469e+11    2.289e+02      8.700e+01    2.463e+09    2.894e-02      28.95s       47        
232  3.358e+01    4.537e+13    1.362e+01      7.500e+01    4.766e+07    2.885e-02      31.85s       46        
233  3.288e+01    2.315e+10    2.175e+05      7.300e+01    4.989e+07    2.880e-02      25.44s       47        
234  3.425e+01    2.432e+09    3.562e+03      7.300e+01    4.989e+07    2.880e-02      22.39s       42        
235  3.045e+01    2.343e+09    2.007e+03      7.300e+01    4.295e+07    2.877e-02      21.24s       38        
236  2.576e+01    3.631e+10    9.408e+02      7.300e+01    4.295e+07    2.877e-02      21.55s       38        
237  2.445e+01    1.756e+09    1.742e+05      5.300e+01    2.493e+05    2.877e-02      15.87s       38        
238  2.505e+01    4.306e+08    3.729e+04      5.300e+01    2.493e+05    2.877e-02      14.51s       38        
239  2.480e+01    1.339e+07    7.467e+07      5.300e+01    2.493e+05    2.877e-02      12.80s       38        
240  2.334e+01    7.396e+05    3.761e+02      5.300e+01    2.493e+05    2.877e-02      14.15s       37        
241  2.437e+01    3.257e+08    5.558e+03      5.300e+01    2.493e+05    2.877e-02      9.91s        38        
242  2.439e+01    5.370e+05    2.935e+03      5.700e+01    4.022e+05    2.868e-02      8.88s        39        
243  2.408e+01    2.601e+06    1.088e+01      5.700e+01    4.022e+05    2.868e-02      7.85s        39        
244  2.416e+01    4.549e+07    1.743e+01      6.100e+01    1.453e+06    2.857e-02      6.53s        39        
245  2.394e+01    3.403e+07    1.154e+03      6.100e+01    1.453e+06    2.857e-02      6.40s        39        
246  2.514e+01    3.032e+06    4.538e+03      6.100e+01    1.453e+06    2.857e-02      3.95s        39        
247  2.391e+01    1.449e+05    2.464e+05      6.100e+01    1.453e+06    2.857e-02      2.63s        40        
248  2.478e+01    5.048e+07    5.656e+03      7.700e+01    2.668e+07    2.848e-02      1.32s        41        
249  2.577e+01    1.108e+07    1.009e+06      7.700e+01    2.668e+07    2.848e-02      0.00s        41        
250  2.601e+01    2.700e+08    6.501e+01      7.700e+01    2.668e+07    2.848e-02      32.37s       42        
251  2.677e+01    2.900e+08    1.035e+04      1.110e+02    2.194e+11    2.844e-02      31.05s       43        
252  3.008e+01    1.406e+11    1.411e+01      1.290e+02    2.092e+12    2.842e-02      30.26s       45        
253  3.382e+01    4.613e+15    2.740e+03      9.900e+01    7.188e+09    2.836e-02      30.41s       42        
254  2.970e+01    1.048e+14    2.161e+02      6.900e+01    4.702e+06    2.835e-02      35.63s       42        
255  2.693e+01    1.951e+10    2.065e+04      6.900e+01    4.702e+06    2.835e-02      25.26s       43        
256  2.550e+01    7.674e+10    4.261e+01      6.900e+01    4.702e+06    2.835e-02      25.12s       46        
257  2.792e+01    3.285e+10    1.865e+02      6.900e+01    4.702e+06    2.835e-02      23.36s       46        
258  2.662e+01    1.212e+07    2.859e+01      6.900e+01    4.702e+06    2.835e-02      27.17s       43        
259  2.576e+01    2.402e+08    6.064e+01      6.900e+01    4.702e+06    2.835e-02      20.80s       44        
260  2.614e+01    1.333e+07    1.633e+04      6.900e+01    4.702e+06    2.835e-02      19.21s       44        
261  2.643e+01    4.394e+09    6.242e+01      6.900e+01    4.702e+06    2.835e-02      18.02s       45        
262  2.683e+01    7.348e+07    1.451e+01      6.900e+01    4.702e+06    2.835e-02      19.78s       45        
263  2.782e+01    4.675e+08    5.182e+01      6.900e+01    4.702e+06    2.835e-02      15.35s       46        
264  2.816e+01    1.748e+08    7.738e+03      6.900e+01    4.702e+06    2.835e-02      13.64s       46        
265  2.756e+01    5.829e+06    5.247e+02      6.900e+01    4.702e+06    2.835e-02      12.91s       46        
266  2.780e+01    5.448e+09    2.968e+01      6.900e+01    4.702e+06    2.835e-02      13.34s       44        
267  2.603e+01    2.558e+09    1.465e+02      6.900e+01    4.702e+06    2.835e-02      9.99s        46        
268  2.667e+01    1.664e+10    2.374e+04      6.900e+01    4.702e+06    2.835e-02      8.44s        46        
269  2.745e+01    9.890e+07    8.213e+00      6.900e+01    4.702e+06    2.835e-02      6.79s        47        
270  2.641e+01    7.628e+06    3.083e+01      7.300e+01    8.933e+06    2.833e-02      6.90s        46        
271  2.880e+01    1.946e+08    2.677e+04      7.300e+01    8.933e+06    2.833e-02      4.19s        47        
272  3.015e+01    1.015e+09    1.261e+01      7.300e+01    8.933e+06    2.833e-02      2.93s        47        
273  2.983e+01    9.613e+10    8.674e+08      7.300e+01    8.933e+06    2.833e-02      1.43s        47        
274  3.090e+01    6.646e+07    3.618e+01      7.300e+01    9.841e+06    2.830e-02      0.00s        45        
275  2.861e+01    9.227e+08    2.328e+01      7.300e+01    9.841e+06    2.830e-02      35.16s       47        
276  3.194e+01    1.698e+12    4.386e+02      7.300e+01    9.841e+06    2.830e-02      33.65s       47        
277  3.094e+01    4.165e+10    1.602e+03      7.300e+01    9.841e+06    2.830e-02      31.88s       48        
278  3.027e+01    3.058e+09    1.633e+05      7.300e+01    9.841e+06    2.830e-02      36.99s       49        
279  3.200e+01    3.547e+09    1.059e+04      7.700e+01    1.983e+07    2.825e-02      30.09s       50        
280  3.063e+01    1.485e+09    3.392e+02      7.700e+01    1.983e+07    2.825e-02      28.96s       50        
281  3.305e+01    8.609e+09    6.654e+00      7.700e+01    1.983e+07    2.825e-02      27.58s       50        
282  3.070e+01    1.606e+10    9.898e+06      7.700e+01    1.983e+07    2.825e-02      30.68s       50        
283  3.252e+01    1.014e+09    5.951e+01      7.700e+01    2.378e+07    2.824e-02      23.57s       51        
284  3.375e+01    6.358e+08    1.025e+02      7.700e+01    2.378e+07    2.824e-02      22.37s       51        
285  3.062e+01    1.088e+12    5.453e+02      7.700e+01    2.378e+07    2.824e-02      20.46s       51        
286  3.274e+01    5.927e+10    9.607e+01      7.700e+01    2.378e+07    2.824e-02      22.85s       49        
287  3.132e+01    5.297e+09    2.147e+01      7.700e+01    2.378e+07    2.824e-02      18.30s       46        
288  3.270e+01    6.925e+11    4.976e+02      7.700e+01    2.378e+07    2.824e-02      16.86s       46        
289  3.147e+01    6.988e+11    2.592e+03      7.700e+01    2.378e+07    2.824e-02      18.02s       47        
290  3.308e+01    9.449e+09    3.842e+02      7.700e+01    2.378e+07    2.824e-02      13.69s       46        
291  3.249e+01    5.513e+13    5.654e+01      7.700e+01    2.378e+07    2.824e-02      12.23s       46        
292  3.528e+01    7.891e+13    1.859e+02      7.700e+01    2.378e+07    2.824e-02      10.89s       47        
293  3.597e+01    4.598e+10    2.957e+02      7.700e+01    2.378e+07    2.824e-02      11.33s       47        
294  3.463e+01    8.185e+12    7.699e+01      7.700e+01    2.378e+07    2.824e-02      7.82s        48        
295  3.357e+01    1.899e+12    3.713e+02      7.700e+01    2.378e+07    2.824e-02      6.22s        49        
296  3.393e+01    9.200e+12    3.046e+01      7.700e+01    2.378e+07    2.824e-02      4.70s        49        
297  3.544e+01    4.754e+13    2.087e+04      7.700e+01    2.378e+07    2.824e-02      3.80s        49        
298  3.611e+01    1.390e+11    1.139e+05      7.700e+01    2.378e+07    2.824e-02      1.61s        49        
299  3.444e+01    4.411e+11    5.533e+02      7.700e+01    2.378e+07    2.824e-02      0.00s        49        
300  3.459e+01    6.742e+09    1.586e+01      7.700e+01    2.378e+07    2.824e-02      45.02s       50        
301  3.456e+01    2.393e+10    3.787e+02      7.700e+01    2.378e+07    2.824e-02      37.25s       51        
302  3.491e+01    1.464e+09    8.111e+03      7.700e+01    2.378e+07    2.824e-02      34.46s       50        
303  3.466e+01    8.166e+08    2.127e+01      7.700e+01    2.378e+07    2.824e-02      32.68s       50        
304  3.461e+01    2.767e+10    1.614e+04      7.700e+01    2.378e+07    2.824e-02      37.14s       49        
305  3.371e+01    3.555e+10    1.911e+02      7.700e+01    2.378e+07    2.824e-02      29.73s       48        
306  3.396e+01    2.726e+10    9.333e+01      7.700e+01    2.378e+07    2.824e-02      27.61s       48        
307  3.378e+01    2.968e+09    7.796e+05      7.700e+01    2.378e+07    2.824e-02      26.61s       49        
308  3.359e+01    2.307e+10    3.278e+01      7.700e+01    2.378e+07    2.824e-02      24.97s       49        
309  3.476e+01    2.219e+11    1.511e+09      7.700e+01    2.378e+07    2.824e-02      23.65s       49        
310  3.522e+01    1.587e+11    3.171e+02      7.700e+01    2.378e+07    2.824e-02      21.77s       50        
311  3.548e+01    2.813e+09    4.375e+01      7.700e+01    2.378e+07    2.824e-02      24.17s       49        
312  3.574e+01    2.443e+09    9.105e+04      7.700e+01    2.378e+07    2.824e-02      18.90s       50        
313  3.502e+01    7.302e+11    1.167e+02      7.700e+01    2.378e+07    2.824e-02      17.51s       48        
314  3.235e+01    3.438e+14    8.639e+03      6.500e+01    5.894e+05    2.803e-02      15.44s       43        
315  2.907e+01    2.009e+10    4.876e+02      6.500e+01    5.894e+05    2.803e-02      15.41s       44        
316  2.900e+01    4.692e+07    5.737e+00      6.500e+01    5.761e+05    2.728e-02      11.03s       44        
317  2.828e+01    2.304e+08    3.346e+01      6.500e+01    5.761e+05    2.728e-02      9.46s        43        
318  2.846e+01    9.203e+12    1.076e+04      7.100e+01    7.098e+05    2.706e-02      8.43s        40        
319  2.787e+01    4.122e+06    4.017e+01      7.100e+01    7.098e+05    2.706e-02      8.18s        34        
320  2.695e+01    3.547e+07    2.856e+03      6.900e+01    3.888e+05    2.661e-02      5.29s        34        
321  2.707e+01    4.761e+10    2.289e+03      6.500e+01    1.881e+05    2.661e-02      3.96s        34        
322  2.565e+01    3.650e+06    3.894e+03      6.100e+01    2.026e+05    2.600e-02      2.63s        36        
323  2.801e+01    1.174e+06    7.698e+01      7.300e+01    1.128e+06    2.584e-02      1.30s        37        
324  2.844e+01    3.802e+08    4.920e+01      6.100e+01    1.836e+05    2.355e-02      0.00s        38        
325  2.818e+01    9.699e+07    1.521e+03      7.100e+01    1.014e+06    2.317e-02      33.45s       37        
326  2.746e+01    1.720e+08    4.869e+01      6.700e+01    9.468e+05    2.177e-02      31.20s       37        
327  2.846e+01    5.584e+07    6.553e+10      6.700e+01    9.468e+05    2.177e-02      30.11s       39        
328  2.836e+01    5.481e+07    2.011e+02      6.700e+01    9.468e+05    2.177e-02      28.35s       40        
329  2.984e+01    5.528e+06    2.458e+01      6.700e+01    9.468e+05    2.177e-02      34.57s       39        
330  2.752e+01    3.291e+08    1.588e+04      6.700e+01    9.468e+05    2.177e-02      27.35s       36        
331  2.700e+01    5.476e+08    2.279e+04      6.700e+01    9.468e+05    2.177e-02      24.61s       31        
332  2.921e+01    5.739e+07    6.487e+01      7.900e+01    5.452e+06    2.157e-02      23.53s       31        
333  2.998e+01    3.769e+10    1.509e+02      7.500e+01    6.431e+06    2.148e-02      27.55s       32        
334  3.007e+01    4.884e+07    1.086e+01      6.300e+01    7.896e+05    2.026e-02      21.41s       30        
335  2.721e+01    2.441e+08    1.801e+03      6.300e+01    7.080e+05    2.011e-02      18.78s       32        
336  2.720e+01    1.593e+07    7.528e+01      6.300e+01    7.080e+05    2.011e-02      17.84s       34        
337  2.984e+01    1.034e+10    1.936e+04      6.300e+01    7.080e+05    1.942e-02      16.35s       31        
338  2.890e+01    1.308e+08    1.677e+01      7.100e+01    3.384e+06    1.917e-02      18.65s       32        
339  3.099e+01    2.592e+08    1.133e+04      1.090e+02    5.974e+09    1.894e-02      14.22s       32        
340  3.344e+01    2.497e+09    2.609e+02      8.500e+01    4.518e+07    1.882e-02      13.06s       30        
341  2.950e+01    7.383e+08    5.946e+03      8.900e+01    3.243e+07    1.879e-02      11.41s       29        
342  3.044e+01    8.571e+09    4.177e+05      9.100e+01    3.617e+07    1.869e-02      9.93s        29        
343  3.096e+01    1.747e+09    2.275e+04      9.700e+01    4.972e+07    1.844e-02      8.74s        31        
344  3.104e+01    1.590e+13    1.218e+03      9.300e+01    5.724e+07    1.841e-02      6.99s        33        
345  3.458e+01    2.655e+12    4.112e+03      9.300e+01    5.349e+07    1.835e-02      5.91s        36        
346  3.856e+01    7.559e+13    2.490e+04      9.300e+01    6.475e+07    1.829e-02      4.48s        37        
347  4.078e+01    5.466e+11    1.812e+04      9.300e+01    7.600e+07    1.828e-02      4.03s        34        
348  3.428e+01    6.910e+12    4.569e+01      9.300e+01    7.600e+07    1.828e-02      1.61s        36        
349  3.485e+01    5.042e+16    1.378e+05      6.100e+01    4.166e+05    1.819e-02      0.00s        30        
350  2.902e+01    2.336e+15    1.030e+02      6.100e+01    4.166e+05    1.819e-02      35.49s       31        
351  2.593e+01    1.668e+09    6.647e+02      6.100e+01    4.166e+05    1.819e-02      38.34s       31        
352  2.725e+01    3.432e+10    3.111e+03      6.100e+01    4.166e+05    1.819e-02      29.35s       33        
353  2.681e+01    5.370e+07    4.158e+01      6.100e+01    4.166e+05    1.819e-02      26.71s       33        
354  2.628e+01    1.202e+07    9.570e+01      6.100e+01    4.166e+05    1.819e-02      26.39s       33        
355  2.593e+01    1.212e+11    2.735e+03      6.100e+01    4.166e+05    1.819e-02      24.67s       34        
356  2.709e+01    4.653e+09    2.297e+04      6.100e+01    4.166e+05    1.819e-02      30.05s       35        
357  2.575e+01    1.869e+07    1.238e+03      6.100e+01    4.166e+05    1.819e-02      22.29s       36        
358  2.692e+01    1.197e+11    1.007e+01      6.100e+01    4.166e+05    1.819e-02      20.56s       36        
359  2.617e+01    1.493e+07    7.924e+01      6.100e+01    4.166e+05    1.819e-02      19.68s       37        
360  2.630e+01    3.802e+08    2.934e+01      6.100e+01    4.166e+05    1.819e-02      18.14s       37        
361  2.859e+01    3.609e+07    1.520e+03      6.100e+01    4.166e+05    1.819e-02      21.61s       38        
362  2.991e+01    5.642e+08    1.313e+03      6.100e+01    4.166e+05    1.819e-02      16.58s       37        
363  2.690e+01    1.749e+07    2.357e+01      6.100e+01    4.166e+05    1.819e-02      14.64s       34        
364  2.584e+01    3.045e+07    3.201e+03      6.700e+01    8.940e+05    1.811e-02      13.21s       35        
365  2.455e+01    1.449e+06    8.716e+04      6.700e+01    8.940e+05    1.811e-02      11.20s       34        
366  2.634e+01    6.149e+09    4.812e+02      6.700e+01    8.940e+05    1.811e-02      12.96s       35        
367  2.669e+01    6.650e+12    2.545e+04      7.100e+01    1.180e+06    1.808e-02      9.45s        37        
368  2.670e+01    1.034e+08    1.399e+01      6.500e+01    3.408e+06    1.799e-02      8.00s        37        
369  2.716e+01    8.279e+08    2.524e+02      6.500e+01    3.408e+06    1.799e-02      6.43s        37        
370  2.638e+01    2.250e+09    2.613e+01      6.500e+01    3.408e+06    1.799e-02      5.26s        37        
371  2.748e+01    1.256e+09    1.736e+01      5.500e+01    2.706e+05    1.778e-02      5.15s        36        
372  2.509e+01    1.055e+07    1.595e+03      5.500e+01    2.706e+05    1.778e-02      2.58s        36        
373  2.603e+01    8.315e+06    6.217e+02      5.500e+01    2.706e+05    1.778e-02      1.30s        37        
374  2.532e+01    1.640e+06    3.246e+03      5.500e+01    2.706e+05    1.778e-02      0.00s        37        
375  2.472e+01    4.294e+07    1.950e+02      5.500e+01    2.706e+05    1.778e-02      30.94s       38        
376  2.757e+01    6.265e+07    5.578e+03      5.500e+01    2.706e+05    1.778e-02      38.71s       39        
377  2.821e+01    3.354e+09    3.410e+02      5.500e+01    2.706e+05    1.778e-02      29.84s       39        
378  2.741e+01    2.267e+12    1.723e+05      5.500e+01    2.706e+05    1.778e-02      29.56s       39        
379  2.732e+01    1.319e+08    2.064e+01      5.500e+01    2.706e+05    1.778e-02      27.48s       39        
380  2.624e+01    7.107e+06    3.524e+02      5.500e+01    2.706e+05    1.778e-02      31.94s       39        
381  2.572e+01    5.950e+06    4.078e+04      5.500e+01    2.706e+05    1.778e-02      23.76s       40        
382  2.767e+01    3.557e+06    3.368e+03      5.500e+01    2.706e+05    1.778e-02      22.86s       40        
383  2.597e+01    2.336e+08    7.589e+01      5.500e+01    2.706e+05    1.778e-02      21.26s       39        
384  2.741e+01    3.916e+07    5.055e+03      5.500e+01    2.706e+05    1.778e-02      20.35s       39        
385  2.620e+01    8.654e+09    1.152e+02      5.500e+01    2.706e+05    1.778e-02      24.03s       38        
386  2.621e+01    1.154e+07    5.789e+01      5.500e+01    2.706e+05    1.778e-02      17.44s       37        
387  2.634e+01    3.102e+06    1.243e+06      5.500e+01    2.706e+05    1.769e-02      16.81s       38        
388  2.767e+01    1.421e+08    3.900e+03      5.500e+01    2.706e+05    1.769e-02      15.20s       38        
389  2.684e+01    4.679e+11    2.112e+01      5.500e+01    2.706e+05    1.769e-02      13.87s       31        
390  2.282e+01    9.896e+08    2.557e+02      5.500e+01    2.706e+05    1.769e-02      15.16s       31        
391  2.250e+01    8.752e+10    1.087e+03      5.500e+01    2.706e+05    1.769e-02      9.97s        32        
392  2.225e+01    6.683e+05    2.218e+03      5.500e+01    2.706e+05    1.769e-02      8.45s        33        
393  2.390e+01    1.320e+07    1.917e+02      5.500e+01    2.706e+05    1.769e-02      7.42s        35        
394  2.541e+01    6.806e+09    1.047e+07      5.500e+01    2.706e+05    1.769e-02      6.39s        36        
395  2.417e+01    1.841e+06    4.135e+02      5.500e+01    2.706e+05    1.769e-02      5.28s        36        
396  2.489e+01    9.275e+05    1.666e+03      5.500e+01    2.706e+05    1.769e-02      4.94s        36        
397  2.418e+01    8.145e+05    2.134e+02      5.500e+01    2.706e+05    1.769e-02      2.58s        37        
398  2.653e+01    7.361e+08    1.396e+01      5.500e+01    2.706e+05    1.769e-02      1.31s        38        
399  2.443e+01    6.560e+09    4.274e+02      5.500e+01    2.706e+05    1.769e-02      0.00s        38        
400  2.417e+01    8.054e+07    8.339e+01      5.300e+01    8.282e+04    1.769e-02      30.88s       39        
401  2.524e+01    2.513e+08    9.645e+02      5.300e+01    8.282e+04    1.769e-02      38.52s       40        
402  2.471e+01    6.288e+05    7.547e+01      5.300e+01    8.282e+04    1.769e-02      29.84s       40        
403  2.604e+01    7.470e+05    1.644e+01      5.300e+01    8.282e+04    1.769e-02      27.04s       39        
404  2.533e+01    5.528e+06    9.635e+04      5.300e+01    8.282e+04    1.769e-02      26.94s       39        
405  2.593e+01    9.003e+04    3.672e+01      5.300e+01    8.282e+04    1.769e-02      25.00s       40        
406  2.607e+01    4.639e+06    2.234e+02      5.300e+01    8.282e+04    1.769e-02      24.38s       40        
407  2.461e+01    7.112e+05    6.642e+04      5.300e+01    8.282e+04    1.769e-02      22.63s       40        
408  2.573e+01    2.727e+06    5.018e+05      5.300e+01    8.282e+04    1.769e-02      20.97s       41        
409  2.629e+01    8.480e+09    8.287e+03      5.300e+01    8.282e+04    1.769e-02      19.98s       40        
410  2.509e+01    1.799e+05    2.728e+01      5.300e+01    8.282e+04    1.769e-02      17.94s       41        
411  2.537e+01    1.429e+05    1.394e+06      5.300e+01    8.282e+04    1.769e-02      17.01s       41        
412  2.644e+01    3.785e+05    8.477e+02      5.500e+01    2.561e+05    1.727e-02      19.99s       42        
413  2.531e+01    2.234e+06    2.619e+04      5.500e+01    2.561e+05    1.727e-02      14.12s       42        
414  2.710e+01    1.306e+06    6.560e+01      5.500e+01    2.561e+05    1.727e-02      13.33s       42        
415  2.719e+01    2.040e+09    4.326e+02      5.500e+01    2.561e+05    1.727e-02      11.74s       39        
416  2.429e+01    9.071e+05    1.361e+03      5.500e+01    2.561e+05    1.727e-02      10.52s       38        
417  2.397e+01    2.045e+05    3.108e+03      5.500e+01    2.561e+05    1.727e-02      11.69s       37        
418  2.522e+01    1.269e+08    8.367e+01      5.500e+01    2.561e+05    1.727e-02      7.93s        35        
419  2.556e+01    2.198e+05    3.270e+04      5.500e+01    2.561e+05    1.727e-02      6.50s        36        
420  2.761e+01    2.064e+09    6.038e+01      5.500e+01    2.561e+05    1.727e-02      5.26s        36        
421  2.732e+01    2.249e+07    7.745e+07      5.500e+01    2.561e+05    1.727e-02      3.96s        38        
422  2.664e+01    3.657e+10    2.286e+03      5.500e+01    2.561e+05    1.727e-02      3.42s        38        
423  2.802e+01    2.295e+05    5.138e+01      5.500e+01    2.561e+05    1.727e-02      1.45s        37        
424  2.723e+01    5.633e+05    1.851e+01      5.500e+01    2.561e+05    1.727e-02      0.00s        38        
425  2.828e+01    3.911e+06    3.641e+01      5.500e+01    2.561e+05    1.727e-02      32.62s       38        
426  2.754e+01    8.691e+06    9.350e+02      5.500e+01    2.561e+05    1.727e-02      30.96s       38        
427  2.881e+01    2.034e+08    4.074e+07      5.500e+01    2.561e+05    1.727e-02      38.31s       38        
428  2.817e+01    1.936e+12    1.315e+03      5.500e+01    2.561e+05    1.727e-02      29.39s       38        
429  2.849e+01    4.594e+07    5.493e+01      5.500e+01    2.561e+05    1.727e-02      27.49s       39        
430  2.749e+01    6.906e+05    1.156e+02      5.500e+01    2.561e+05    1.727e-02      27.09s       40        
431  2.902e+01    3.106e+11    8.685e+03      5.500e+01    2.561e+05    1.727e-02      24.88s       41        
432  3.011e+01    8.543e+05    7.121e+04      5.500e+01    2.561e+05    1.727e-02      30.34s       41        
433  2.966e+01    3.919e+05    2.596e+01      5.500e+01    2.561e+05    1.697e-02      24.03s       40        
434  2.885e+01    1.935e+05    3.825e+03      5.500e+01    2.561e+05    1.697e-02      21.49s       38        
435  2.770e+01    3.416e+05    2.005e+02      5.500e+01    2.050e+05    1.628e-02      19.70s       38        
436  2.931e+01    3.317e+06    7.694e+04      5.500e+01    2.050e+05    1.628e-02      17.83s       40        
437  2.986e+01    1.155e+08    3.099e+04      5.500e+01    2.050e+05    1.628e-02      21.19s       39        
438  3.011e+01    1.463e+12    5.056e+01      5.500e+01    2.050e+05    1.628e-02      15.28s       38        
439  2.844e+01    1.107e+09    7.653e+01      5.500e+01    2.050e+05    1.628e-02      13.65s       38        
440  2.893e+01    1.909e+10    2.759e+02      5.500e+01    2.050e+05    1.628e-02      12.02s       38        
441  2.877e+01    4.253e+07    4.441e+03      5.500e+01    2.050e+05    1.628e-02      11.20s       41        
442  2.950e+01    8.213e+07    1.991e+02      1.230e+02    1.271e+09    1.571e-02      12.26s       40        
443  3.144e+01    4.348e+12    2.399e+03      1.150e+02    7.788e+08    1.571e-02      8.58s        42        
444  3.472e+01    4.808e+09    5.744e+03      9.300e+01    3.679e+07    1.547e-02      7.53s        43        
445  3.303e+01    2.060e+08    5.496e+01      9.300e+01    3.679e+07    1.547e-02      6.01s        44        
446  3.258e+01    6.697e+07    3.342e+01      9.300e+01    3.679e+07    1.547e-02      5.87s        43        
447  3.252e+01    1.429e+07    7.282e+01      8.300e+01    1.673e+07    1.516e-02      3.12s        44        
448  3.248e+01    1.414e+09    7.252e+03      8.300e+01    1.673e+07    1.516e-02      1.48s        43        
449  3.193e+01    9.149e+07    8.104e+02      8.300e+01    1.673e+07    1.516e-02      0.00s        43        
450  3.209e+01    3.317e+07    1.435e+02      8.300e+01    1.673e+07    1.516e-02      35.42s       43        
451  3.180e+01    2.131e+07    5.672e+01      8.300e+01    1.673e+07    1.516e-02      42.15s       46        
452  3.382e+01    7.922e+08    2.147e+05      8.300e+01    1.673e+07    1.516e-02      32.74s       47        
453  3.402e+01    1.116e+11    5.427e+02      8.300e+01    1.673e+07    1.516e-02      30.63s       48        
454  3.549e+01    5.053e+08    6.032e+01      8.300e+01    1.673e+07    1.516e-02      29.62s       50        
455  3.647e+01    1.193e+10    7.728e+01      8.300e+01    1.673e+07    1.516e-02      36.52s       51        
456  3.734e+01    4.659e+14    2.268e+02      8.300e+01    1.673e+07    1.516e-02      28.33s       53        
457  3.977e+01    2.263e+13    2.266e+06      8.300e+01    1.673e+07    1.516e-02      27.42s       53        
458  3.815e+01    1.926e+12    1.275e+02      8.300e+01    1.673e+07    1.516e-02      26.00s       51        
459  3.652e+01    9.304e+08    9.202e+00      8.300e+01    1.673e+07    1.516e-02      29.20s       51        
460  3.589e+01    1.366e+08    7.980e+01      8.300e+01    1.673e+07    1.516e-02      23.15s       51        
461  3.657e+01    2.723e+08    1.705e+03      8.300e+01    2.603e+07    1.505e-02      20.66s       53        
462  3.735e+01    9.836e+09    2.708e+02      8.300e+01    2.603e+07    1.505e-02      19.23s       53        
463  3.567e+01    1.160e+10    3.899e+01      8.300e+01    2.603e+07    1.505e-02      17.39s       54        
464  3.887e+01    1.884e+10    1.482e+01      8.300e+01    2.603e+07    1.505e-02      15.56s       54        
465  3.823e+01    6.430e+15    2.485e+04      8.300e+01    2.603e+07    1.505e-02      14.93s       56        
466  3.813e+01    2.071e+15    2.829e+02      8.300e+01    2.603e+07    1.505e-02      16.39s       57        
467  3.752e+01    2.760e+09    7.784e+02      8.300e+01    2.603e+07    1.505e-02      11.61s       58        
468  3.723e+01    5.126e+10    9.347e+01      8.300e+01    2.603e+07    1.505e-02      9.78s        55        
469  3.736e+01    2.787e+07    1.621e+05      8.300e+01    2.603e+07    1.505e-02      8.32s        55        
470  3.676e+01    5.880e+13    1.251e+05      8.300e+01    2.603e+07    1.505e-02      8.40s        52        
471  3.491e+01    3.221e+08    4.012e+01      8.300e+01    2.603e+07    1.505e-02      4.82s        52        
472  3.409e+01    1.072e+09    2.928e+02      8.300e+01    2.603e+07    1.505e-02      3.27s        52        
473  3.313e+01    3.626e+11    1.756e+01      8.300e+01    2.603e+07    1.505e-02      1.53s        52        
474  3.414e+01    1.020e+08    1.390e+03      8.300e+01    2.603e+07    1.505e-02      0.00s        53        
475  3.500e+01    1.281e+07    1.539e+05      8.300e+01    2.603e+07    1.505e-02      37.38s       55        
476  3.520e+01    1.445e+08    1.048e+02      8.300e+01    2.603e+07    1.500e-02      36.70s       55        
477  3.507e+01    1.508e+10    6.114e+00      8.300e+01    2.603e+07    1.500e-02      33.27s       55        
478  3.283e+01    4.720e+08    5.955e+03      8.300e+01    2.603e+07    1.500e-02      41.49s       55        
479  3.463e+01    4.420e+08    3.793e+03      8.300e+01    2.603e+07    1.500e-02      36.06s       55        
480  3.524e+01    8.155e+17    6.105e+01      8.300e+01    2.603e+07    1.500e-02      30.19s       55        
481  3.497e+01    6.706e+15    2.662e+02      8.300e+01    2.603e+07    1.500e-02      28.45s       55        
482  3.587e+01    1.647e+09    7.732e+01      8.300e+01    2.603e+07    1.500e-02      33.56s       55        
483  3.600e+01    6.270e+11    3.104e+02      8.300e+01    2.603e+07    1.500e-02      25.89s       56        
484  3.633e+01    9.544e+11    8.035e+01      8.300e+01    2.603e+07    1.500e-02      24.02s       57        
485  3.635e+01    3.048e+08    1.908e+02      8.300e+01    2.603e+07    1.500e-02      22.49s       59        
486  3.577e+01    1.067e+08    6.904e+02      8.300e+01    2.603e+07    1.500e-02      25.94s       60        
487  3.597e+01    9.565e+08    2.035e+01      8.300e+01    2.603e+07    1.500e-02      19.80s       60        
488  3.654e+01    4.891e+10    1.661e+02      8.300e+01    2.603e+07    1.500e-02      18.08s       59        
489  3.557e+01    1.201e+11    1.544e+02      8.300e+01    2.603e+07    1.500e-02      16.41s       58        
490  3.624e+01    2.640e+10    3.540e+03      8.300e+01    2.603e+07    1.500e-02      18.19s       58        
491  3.552e+01    3.088e+08    3.054e+04      8.300e+01    2.603e+07    1.500e-02      12.91s       59        
492  3.647e+01    7.120e+09    6.507e+01      8.300e+01    2.603e+07    1.500e-02      11.40s       59        
493  3.655e+01    4.215e+08    2.591e+01      8.300e+01    2.603e+07    1.500e-02      9.54s        58        
494  3.702e+01    4.374e+08    2.073e+02      7.900e+01    7.793e+06    1.500e-02      10.05s       57        
495  3.474e+01    1.631e+09    8.537e+00      7.900e+01    7.793e+06    1.500e-02      6.55s        58        
496  3.485e+01    2.710e+07    2.907e+01      7.900e+01    7.793e+06    1.500e-02      4.68s        59        
497  3.345e+01    2.818e+07    1.004e+02      7.900e+01    7.793e+06    1.500e-02      3.82s        55        
498  3.503e+01    1.326e+08    3.727e+02      7.900e+01    7.793e+06    1.500e-02      1.55s        54        
499  3.460e+01    5.735e+07    9.257e+02      7.900e+01    7.793e+06    1.500e-02      0.00s        54        





Time: 0h:11m:13s
####   Data for the best program   ####
Best Program: sub(0.834, div(add(X2, 0.016), add(add(1.043, X0), add(add(X2, mul(sub(0.834, div(X2, 1.565)), add(X2, mul(add(sub(0.778, X2), mul(X1, add(sub(0.697, X2), 0.530))), mul(add(add(0.086, 0.745), 0.834), add(mul(X1, mul(add(X1, mul(add(sub(0.697, X2), 0.530), add(X2, add(add(X1, X2), mul(add(sub(0.697, X2), 0.431), add(X2, add(0.016, sub(X0, 1.057)))))))), add(X0, X1))), sub(add(X1, X2), 1.057))))))), X1))))
Best Program Complexity: 7792865
Raw Fitness: 0.015001791223779426
Penalized Fitness: 0.015001791223779426
Estimator		Train-rmse: 0.015001791223779426	Test-rmse: 0.015351263420861596	Test-R^2: 0.9753895394533887

{'complexity': 'kommenda', 'const_range': (1e-10, 2.0), 'elitism_size': 0, 'function_set': ('add', 'sub', 'div', 'mul'), 'generations': 500, 'init_depth': (3, 6), 'init_method': 'half and half', 'low_memory': True, 'max_samples': 1.0, 'metric': 'rmse', 'n_jobs': 2, 'p_crossover': 0.4, 'p_hoist_mutation': 0.0, 'p_point_mutation': 0.3, 'p_point_replace': 0.05, 'p_subtree_mutation': 0.3, 'paretogp': True, 'paretogp_lengths': (5, 130), 'parsimony_coefficient': 0.0, 'population_size': 800, 'random_state': 1449396245, 'selection': 'tournament', 'stopping_criteria': 1e-10, 'tournament_size': 11, 'verbose': 1, 'warm_start': True}
