    |          Population Average          |           Best Individual            |
---- -------------------------------------- -------------------------------------- ----------
Gen  Length       Kommenda     Fitness        Length       Kommenda     Fitness        Time Left    Front Size
0    3.401e+01    3.114e+15    2.479e+14      1.500e+01    1.500e+01    2.781e-01      12.02s       3         
1    1.039e+01    1.276e+03    8.458e+01      7.000e+00    2.200e+01    1.517e-01      21.62s       4         
2    7.928e+00    1.087e+05    1.191e+02      7.000e+00    1.600e+01    1.118e-01      19.28s       4         
3    8.575e+00    1.190e+04    2.368e+08      9.000e+00    5.000e+00    9.921e-02      18.04s       2         
4    8.822e+00    2.869e+03    7.065e+03      9.000e+00    5.000e+00    9.703e-02      17.48s       2         
5    8.785e+00    5.412e+04    3.180e+03      9.000e+00    5.000e+00    9.703e-02      16.65s       2         
6    9.095e+00    3.383e+07    2.794e+04      9.000e+00    5.000e+00    9.703e-02      16.21s       2         
7    8.688e+00    9.207e+01    5.632e+03      9.000e+00    5.000e+00    9.703e-02      14.56s       2         
8    8.990e+00    1.541e+10    1.985e+05      7.000e+00    8.000e+00    9.329e-02      14.19s       3         
9    8.285e+00    1.713e+11    2.184e+04      7.000e+00    8.000e+00    9.329e-02      13.30s       3         
10   8.648e+00    2.502e+04    5.080e+03      1.100e+01    1.400e+01    8.676e-02      16.56s       4         
11   9.445e+00    1.369e+06    4.574e+02      1.500e+01    2.200e+01    8.328e-02      11.65s       6         
12   1.099e+01    6.853e+05    1.205e+05      1.500e+01    2.200e+01    6.993e-02      11.23s       7         
13   1.147e+01    9.078e+03    2.399e+04      1.500e+01    2.000e+01    6.667e-02      10.69s       7         
14   1.177e+01    1.401e+08    1.147e+05      1.500e+01    2.000e+01    6.667e-02      9.45s        7         
15   1.143e+01    8.846e+11    2.472e+07      1.700e+01    2.400e+01    5.156e-02      8.63s        9         
16   1.190e+01    1.972e+03    2.088e+03      1.700e+01    2.400e+01    5.156e-02      7.79s        9         
17   1.199e+01    1.292e+06    1.251e+05      2.100e+01    3.200e+01    4.596e-02      7.22s        11        
18   1.270e+01    6.917e+08    1.071e+02      1.900e+01    2.800e+01    3.865e-02      6.47s        9         
19   1.220e+01    1.143e+08    1.478e+02      2.100e+01    3.200e+01    2.483e-02      5.23s        11        
20   1.349e+01    7.619e+11    1.378e+02      2.100e+01    3.200e+01    2.483e-02      4.17s        11        
21   1.353e+01    7.701e+02    1.127e+04      2.300e+01    3.600e+01    2.204e-02      3.02s        12        
22   1.493e+01    1.962e+04    1.322e+05      2.300e+01    3.600e+01    2.204e-02      2.08s        11        
23   1.444e+01    3.215e+07    9.293e+03      2.500e+01    5.000e+01    1.984e-02      1.10s        12        
24   1.515e+01    2.415e+05    3.608e+03      2.500e+01    5.000e+01    1.984e-02      0.00s        13        
25   1.563e+01    1.882e+04    6.402e+03      2.500e+01    5.000e+01    1.984e-02      33.49s       14        
26   1.542e+01    1.656e+03    1.503e+04      2.500e+01    5.000e+01    1.984e-02      25.70s       10        
27   1.485e+01    1.451e+04    2.124e+03      2.500e+01    5.000e+01    1.984e-02      24.23s       10        
28   1.520e+01    9.436e+02    6.134e+04      2.500e+01    5.000e+01    1.984e-02      22.63s       11        
29   1.469e+01    5.569e+05    4.409e+01      2.300e+01    3.600e+01    1.934e-02      21.91s       10        
30   1.371e+01    3.652e+03    2.196e+02      2.300e+01    3.600e+01    1.934e-02      20.31s       9         
31   1.377e+01    2.899e+07    4.800e+07      2.300e+01    3.600e+01    1.934e-02      18.57s       10        
32   1.494e+01    1.737e+10    4.636e+06      2.300e+01    3.600e+01    1.934e-02      22.88s       10        
33   1.457e+01    1.361e+13    3.823e+05      2.300e+01    3.600e+01    1.934e-02      17.70s       10        
34   1.425e+01    3.024e+05    2.827e+08      2.300e+01    3.600e+01    1.934e-02      15.85s       10        
35   1.380e+01    1.757e+12    1.944e+02      2.300e+01    3.600e+01    1.934e-02      15.20s       10        
36   1.406e+01    2.361e+04    6.449e+01      2.300e+01    3.600e+01    1.934e-02      13.83s       10        
37   1.413e+01    8.388e+05    3.686e+02      2.300e+01    3.600e+01    1.934e-02      12.74s       10        
38   1.484e+01    4.986e+06    3.289e+03      2.300e+01    3.600e+01    1.934e-02      11.53s       10        
39   1.357e+01    2.089e+03    1.873e+03      2.300e+01    3.600e+01    1.934e-02      13.33s       10        
40   1.419e+01    1.242e+05    1.349e+06      2.300e+01    3.600e+01    1.934e-02      9.72s        11        
41   1.379e+01    2.632e+03    1.282e+04      2.300e+01    3.600e+01    1.934e-02      8.28s        10        
42   1.300e+01    9.210e+03    1.186e+06      2.300e+01    3.600e+01    1.934e-02      7.29s        9         
43   1.390e+01    1.745e+03    4.945e+03      2.300e+01    3.600e+01    1.934e-02      6.38s        9         
44   1.320e+01    1.092e+03    1.306e+04      2.300e+01    3.600e+01    1.934e-02      5.22s        9         
45   1.341e+01    7.137e+03    3.607e+03      2.300e+01    3.600e+01    1.934e-02      4.17s        9         
46   1.340e+01    4.750e+07    1.466e+04      2.300e+01    3.600e+01    1.934e-02      3.92s        9         
47   1.355e+01    4.890e+04    2.901e+03      2.300e+01    3.600e+01    1.934e-02      2.08s        9         
48   1.325e+01    8.692e+03    4.261e+03      2.300e+01    3.600e+01    1.934e-02      1.05s        9         
49   1.302e+01    4.649e+09    2.689e+02      2.300e+01    3.600e+01    1.934e-02      0.00s        9         
50   1.297e+01    1.943e+02    2.423e+03      2.300e+01    3.600e+01    1.934e-02      25.17s       9         
51   1.382e+01    3.093e+04    5.094e+01      2.300e+01    3.600e+01    1.934e-02      25.26s       9         
52   1.294e+01    3.344e+02    2.299e+02      2.300e+01    3.600e+01    1.934e-02      24.02s       9         
53   1.270e+01    3.711e+02    1.324e+09      2.300e+01    3.600e+01    1.934e-02      22.49s       9         
54   1.298e+01    8.999e+03    6.359e+12      2.300e+01    3.600e+01    1.934e-02      20.54s       9         
55   1.323e+01    5.941e+05    9.232e+03      2.300e+01    3.600e+01    1.934e-02      20.32s       9         
56   1.268e+01    1.376e+03    4.751e+10      2.300e+01    3.600e+01    1.934e-02      18.50s       9         
57   1.354e+01    5.185e+08    2.910e+03      2.300e+01    3.600e+01    1.934e-02      17.31s       9         
58   1.337e+01    8.483e+06    6.987e+01      2.300e+01    3.600e+01    1.934e-02      16.49s       10        
59   1.362e+01    7.338e+08    1.019e+03      2.300e+01    3.600e+01    1.934e-02      15.89s       10        
60   1.323e+01    1.734e+07    1.792e+06      2.300e+01    3.600e+01    1.934e-02      14.54s       9         
61   1.261e+01    1.249e+03    6.783e+02      2.300e+01    3.600e+01    1.934e-02      16.65s       9         
62   1.324e+01    1.405e+03    4.252e+06      2.300e+01    3.600e+01    1.934e-02      12.93s       9         
63   1.337e+01    6.792e+03    5.069e+05      2.300e+01    3.600e+01    1.934e-02      12.69s       9         
64   1.285e+01    4.805e+02    1.327e+04      2.300e+01    3.600e+01    1.934e-02      10.31s       9         
65   1.266e+01    1.169e+04    6.249e+03      2.300e+01    3.600e+01    1.934e-02      9.23s        9         
66   1.282e+01    4.829e+06    1.005e+02      2.300e+01    3.600e+01    1.934e-02      8.57s        9         
67   1.300e+01    2.062e+04    9.036e+04      2.300e+01    3.600e+01    1.934e-02      7.41s        9         
68   1.283e+01    4.500e+03    7.380e+02      2.300e+01    3.600e+01    1.934e-02      8.14s        9         
69   1.277e+01    7.669e+12    4.964e+07      2.300e+01    3.600e+01    1.934e-02      5.33s        9         
70   1.297e+01    4.088e+06    2.965e+08      2.300e+01    3.600e+01    1.934e-02      4.19s        9         
71   1.306e+01    4.238e+02    1.506e+04      2.300e+01    3.600e+01    1.934e-02      3.15s        9         
72   1.270e+01    2.971e+02    1.315e+02      2.300e+01    3.600e+01    1.934e-02      2.17s        9         
73   1.313e+01    1.767e+04    1.727e+02      2.300e+01    3.600e+01    1.934e-02      1.10s        9         
74   1.257e+01    1.868e+03    4.774e+02      2.300e+01    3.600e+01    1.934e-02      0.00s        9         
75   1.301e+01    2.480e+06    7.076e+05      2.300e+01    3.600e+01    1.934e-02      24.84s       9         
76   1.279e+01    4.503e+05    8.171e+02      2.300e+01    3.600e+01    1.934e-02      30.64s       9         
77   1.304e+01    9.517e+02    7.862e+03      2.300e+01    3.600e+01    1.934e-02      23.51s       9         
78   1.299e+01    9.485e+03    1.086e+02      2.300e+01    3.600e+01    1.934e-02      22.10s       9         
79   1.295e+01    1.900e+07    2.017e+04      2.300e+01    3.600e+01    1.911e-02      21.90s       9         
80   1.291e+01    6.792e+06    6.229e+02      2.300e+01    3.600e+01    1.911e-02      20.21s       9         
81   1.286e+01    2.550e+05    3.818e+04      2.300e+01    3.600e+01    1.911e-02      18.83s       9         
82   1.271e+01    2.322e+05    6.124e+04      2.300e+01    3.600e+01    1.911e-02      17.81s       9         
83   1.279e+01    6.608e+07    1.287e+04      2.300e+01    3.600e+01    1.911e-02      21.21s       9         
84   1.286e+01    2.527e+03    1.031e+07      2.300e+01    3.600e+01    1.911e-02      15.84s       9         
85   1.272e+01    2.924e+05    5.153e+05      2.300e+01    3.600e+01    1.911e-02      14.23s       10        
86   1.328e+01    1.914e+06    2.729e+02      2.300e+01    3.600e+01    1.911e-02      13.30s       9         
87   1.322e+01    1.249e+09    2.950e+07      2.300e+01    3.600e+01    1.911e-02      12.13s       10        
88   1.319e+01    6.271e+03    5.915e+02      2.300e+01    3.600e+01    1.911e-02      11.53s       10        
89   1.399e+01    1.199e+04    7.528e+02      2.300e+01    3.600e+01    1.911e-02      10.33s       10        
90   1.376e+01    2.522e+05    1.422e+03      2.300e+01    3.600e+01    1.911e-02      12.11s       10        
91   1.386e+01    5.668e+02    6.960e+05      2.300e+01    3.600e+01    1.911e-02      8.88s        10        
92   1.328e+01    1.947e+04    5.242e+05      2.300e+01    3.600e+01    1.911e-02      7.36s        10        
93   1.369e+01    7.958e+04    8.725e+06      2.300e+01    3.600e+01    1.911e-02      6.39s        10        
94   1.343e+01    1.070e+03    1.385e+03      2.300e+01    3.600e+01    1.911e-02      5.23s        10        
95   1.349e+01    6.551e+04    5.124e+02      2.300e+01    3.600e+01    1.911e-02      4.29s        10        
96   1.343e+01    1.361e+04    1.091e+04      2.300e+01    3.600e+01    1.911e-02      3.22s        10        
97   1.398e+01    3.628e+04    5.959e+03      2.300e+01    3.600e+01    1.911e-02      2.62s        10        
98   1.362e+01    6.458e+03    4.150e+03      2.300e+01    3.600e+01    1.911e-02      1.08s        10        
99   1.348e+01    4.990e+02    7.469e+01      2.300e+01    3.600e+01    1.911e-02      0.00s        10        
100  1.290e+01    6.039e+02    4.567e+04      2.300e+01    3.600e+01    1.911e-02      25.20s       11        
101  1.322e+01    4.551e+05    5.319e+03      2.300e+01    3.600e+01    1.911e-02      24.12s       11        
102  1.332e+01    5.630e+05    3.316e+03      2.300e+01    3.600e+01    1.911e-02      23.66s       11        
103  1.315e+01    2.701e+05    1.664e+07      2.300e+01    3.600e+01    1.911e-02      21.66s       11        
104  1.344e+01    1.430e+06    1.950e+04      2.300e+01    3.600e+01    1.911e-02      26.22s       11        
105  1.318e+01    4.181e+04    2.074e+03      2.300e+01    3.600e+01    1.911e-02      20.05s       11        
106  1.317e+01    7.110e+02    8.072e+06      2.300e+01    3.600e+01    1.911e-02      18.57s       11        
107  1.383e+01    1.288e+11    6.682e+03      2.300e+01    3.600e+01    1.911e-02      18.06s       11        
108  1.281e+01    6.266e+05    1.813e+03      2.300e+01    3.600e+01    1.911e-02      16.70s       11        
109  1.344e+01    1.380e+09    7.286e+02      2.300e+01    3.600e+01    1.911e-02      16.14s       11        
110  1.284e+01    1.243e+11    2.079e+03      2.300e+01    3.600e+01    1.911e-02      14.67s       11        
111  1.321e+01    9.305e+11    1.408e+03      2.300e+01    3.600e+01    1.911e-02      16.91s       11        
112  1.329e+01    8.676e+13    1.901e+03      2.300e+01    3.600e+01    1.911e-02      12.58s       11        
113  1.394e+01    2.118e+06    8.954e+02      2.300e+01    3.600e+01    1.911e-02      11.99s       11        
114  1.299e+01    3.587e+06    9.111e+02      2.300e+01    3.600e+01    1.911e-02      10.25s       12        
115  1.285e+01    1.748e+05    1.458e+03      2.300e+01    3.600e+01    1.911e-02      9.42s        12        
116  1.329e+01    1.570e+06    1.749e+02      2.300e+01    3.600e+01    1.911e-02      8.47s        12        
117  1.339e+01    4.761e+03    7.490e+02      2.300e+01    3.600e+01    1.911e-02      7.40s        12        
118  1.273e+01    2.285e+13    1.516e+08      2.300e+01    3.600e+01    1.911e-02      8.10s        13        
119  1.335e+01    2.773e+07    6.499e+02      2.300e+01    3.600e+01    1.911e-02      5.34s        13        
120  1.290e+01    4.245e+05    1.148e+06      2.300e+01    3.600e+01    1.911e-02      4.31s        13        
121  1.422e+01    4.571e+09    7.883e+08      2.300e+01    3.600e+01    1.911e-02      3.25s        11        
122  1.325e+01    1.718e+04    2.578e+05      2.300e+01    3.600e+01    1.911e-02      2.14s        11        
123  1.250e+01    1.441e+02    3.886e+02      2.300e+01    3.600e+01    1.911e-02      1.07s        11        
124  1.289e+01    4.434e+08    3.253e+03      2.300e+01    3.600e+01    1.911e-02      0.00s        11        
125  1.375e+01    6.732e+09    7.670e+02      2.100e+01    3.400e+01    1.911e-02      25.21s       10        
126  1.261e+01    4.484e+05    2.921e+07      2.100e+01    3.400e+01    1.911e-02      30.60s       10        
127  1.285e+01    1.739e+14    3.041e+06      2.100e+01    3.400e+01    1.911e-02      22.59s       10        
128  1.195e+01    5.385e+04    1.437e+04      2.100e+01    3.400e+01    1.911e-02      21.83s       10        
129  1.223e+01    2.374e+06    3.916e+09      2.100e+01    3.400e+01    1.911e-02      20.64s       10        
130  1.262e+01    1.113e+04    1.218e+03      2.100e+01    3.400e+01    1.911e-02      19.15s       10        
131  1.257e+01    8.051e+02    6.674e+03      2.100e+01    3.400e+01    1.911e-02      18.54s       10        
132  1.271e+01    3.128e+05    2.499e+05      2.100e+01    3.400e+01    1.911e-02      17.57s       10        
133  1.204e+01    9.278e+05    2.053e+05      2.100e+01    3.400e+01    1.911e-02      20.38s       10        
134  1.196e+01    6.153e+04    3.374e+01      2.100e+01    3.400e+01    1.911e-02      14.87s       10        
135  1.245e+01    1.973e+03    1.793e+03      2.100e+01    3.400e+01    1.911e-02      14.57s       9         
136  1.251e+01    8.491e+03    4.909e+02      2.100e+01    3.400e+01    1.911e-02      13.89s       9         
137  1.256e+01    5.353e+02    6.812e+03      2.100e+01    3.400e+01    1.911e-02      12.66s       9         
138  1.253e+01    5.065e+02    2.943e+03      2.100e+01    3.400e+01    1.911e-02      11.21s       9         
139  1.228e+01    6.917e+03    3.999e+02      2.100e+01    3.400e+01    1.911e-02      10.54s       9         
140  1.192e+01    3.378e+04    2.445e+12      2.100e+01    3.400e+01    1.911e-02      9.10s        9         
141  1.194e+01    2.006e+04    1.232e+04      2.100e+01    3.400e+01    1.911e-02      10.10s       9         
142  1.260e+01    9.085e+05    6.012e+02      2.100e+01    3.400e+01    1.911e-02      7.02s        9         
143  1.248e+01    1.465e+12    9.348e+02      2.100e+01    3.400e+01    1.911e-02      6.30s        9         
144  1.289e+01    7.047e+03    1.020e+05      2.100e+01    3.400e+01    1.911e-02      5.02s        9         
145  1.257e+01    1.846e+06    1.166e+04      2.100e+01    3.400e+01    1.911e-02      4.17s        9         
146  1.241e+01    1.314e+04    2.716e+02      2.100e+01    3.400e+01    1.911e-02      2.93s        9         
147  1.237e+01    1.533e+09    1.540e+14      2.100e+01    3.400e+01    1.911e-02      2.14s        9         
148  1.220e+01    5.842e+02    2.134e+05      2.100e+01    3.400e+01    1.911e-02      1.04s        9         
149  1.203e+01    1.486e+05    7.373e+02      2.100e+01    3.400e+01    1.911e-02      0.00s        9         
150  1.213e+01    4.625e+09    2.271e+02      2.100e+01    3.400e+01    1.911e-02      25.08s       9         
151  1.214e+01    1.714e+03    1.238e+03      2.100e+01    3.400e+01    1.911e-02      23.64s       9         
152  1.286e+01    1.116e+08    6.474e+03      2.100e+01    3.400e+01    1.911e-02      22.61s       9         
153  1.256e+01    2.777e+02    2.647e+04      2.100e+01    3.400e+01    1.911e-02      21.76s       9         
154  1.201e+01    6.881e+04    2.362e+03      2.100e+01    3.400e+01    1.911e-02      21.28s       9         
155  1.197e+01    1.416e+03    3.901e+03      2.100e+01    3.400e+01    1.911e-02      19.51s       9         
156  1.239e+01    1.529e+04    3.155e+04      2.100e+01    3.400e+01    1.911e-02      18.75s       9         
157  1.228e+01    1.133e+08    9.121e+03      2.100e+01    3.400e+01    1.911e-02      22.83s       9         
158  1.261e+01    1.084e+06    6.329e+07      2.100e+01    3.400e+01    1.911e-02      17.15s       10        
159  1.227e+01    2.187e+03    4.712e+04      2.100e+01    3.400e+01    1.911e-02      15.75s       10        
160  1.214e+01    2.909e+02    2.640e+03      2.100e+01    3.400e+01    1.911e-02      14.47s       10        
161  1.307e+01    1.552e+13    4.102e+03      2.100e+01    3.400e+01    1.911e-02      13.74s       10        
162  1.287e+01    7.096e+08    1.322e+15      2.100e+01    3.400e+01    1.911e-02      12.60s       10        
163  1.269e+01    4.932e+03    5.154e+02      2.100e+01    3.400e+01    1.911e-02      11.51s       10        
164  1.264e+01    5.014e+03    8.927e+06      2.100e+01    3.400e+01    1.911e-02      10.27s       11        
165  1.351e+01    1.593e+03    7.965e+07      2.100e+01    3.400e+01    1.911e-02      12.09s       11        
166  1.350e+01    5.565e+04    4.091e+03      2.100e+01    3.400e+01    1.911e-02      8.83s        11        
167  1.333e+01    1.903e+02    2.343e+05      2.100e+01    3.400e+01    1.911e-02      7.50s        11        
168  1.303e+01    2.296e+03    1.937e+03      2.100e+01    3.400e+01    1.911e-02      6.25s        12        
169  1.276e+01    8.069e+01    1.317e+02      2.100e+01    3.400e+01    1.911e-02      5.35s        12        
170  1.342e+01    5.558e+02    2.717e+04      2.100e+01    3.400e+01    1.911e-02      4.21s        12        
171  1.352e+01    5.619e+04    1.059e+07      2.100e+01    3.400e+01    1.911e-02      3.16s        12        
172  1.352e+01    3.414e+09    3.745e+04      2.100e+01    3.400e+01    1.911e-02      2.63s        12        
173  1.301e+01    4.621e+09    3.928e+06      2.100e+01    3.400e+01    1.911e-02      1.05s        12        
174  1.284e+01    2.453e+06    1.990e+05      2.100e+01    3.400e+01    1.911e-02      0.00s        12        
175  1.315e+01    6.265e+03    2.979e+03      2.100e+01    3.400e+01    1.911e-02      25.58s       12        
176  1.354e+01    1.977e+10    4.643e+02      2.100e+01    3.400e+01    1.911e-02      24.74s       13        
177  1.346e+01    2.818e+05    6.549e+02      2.100e+01    3.400e+01    1.911e-02      23.37s       13        
178  1.274e+01    7.621e+01    8.722e+03      2.100e+01    3.400e+01    1.911e-02      22.27s       13        
179  1.359e+01    1.824e+06    8.629e+12      2.100e+01    3.400e+01    1.911e-02      27.10s       13        
180  1.326e+01    4.679e+05    2.465e+03      2.100e+01    3.400e+01    1.911e-02      21.26s       13        
181  1.332e+01    4.290e+03    4.911e+02      2.100e+01    3.400e+01    1.911e-02      19.12s       13        
182  1.316e+01    1.468e+06    4.138e+02      2.100e+01    3.400e+01    1.911e-02      17.97s       13        
183  1.315e+01    4.027e+03    8.916e+01      2.100e+01    3.400e+01    1.911e-02      16.20s       13        
184  1.347e+01    1.152e+05    1.886e+03      2.100e+01    3.400e+01    1.911e-02      15.37s       13        
185  1.363e+01    1.745e+04    8.385e+01      2.100e+01    3.400e+01    1.911e-02      14.63s       13        
186  1.322e+01    3.349e+04    9.615e+03      2.100e+01    3.400e+01    1.911e-02      17.90s       13        
187  1.333e+01    3.519e+04    7.446e+03      2.100e+01    3.400e+01    1.911e-02      13.11s       13        
188  1.312e+01    3.682e+05    2.333e+02      2.100e+01    3.400e+01    1.911e-02      12.18s       13        
189  1.369e+01    2.695e+03    5.335e+02      2.100e+01    3.400e+01    1.911e-02      10.74s       13        
190  1.340e+01    1.197e+06    1.853e+05      2.100e+01    3.400e+01    1.911e-02      9.77s        13        
191  1.358e+01    3.520e+03    1.281e+03      2.100e+01    3.400e+01    1.911e-02      8.87s        13        
192  1.312e+01    1.817e+06    2.668e+03      2.100e+01    3.400e+01    1.911e-02      7.61s        13        
193  1.324e+01    6.175e+03    1.529e+02      2.100e+01    3.400e+01    1.911e-02      6.35s        13        
194  1.326e+01    3.654e+06    8.493e+01      2.100e+01    3.400e+01    1.911e-02      6.90s        13        
195  1.295e+01    3.664e+06    2.321e+03      2.100e+01    3.400e+01    1.911e-02      4.31s        13        
196  1.333e+01    2.748e+04    8.762e+04      2.100e+01    3.400e+01    1.911e-02      3.19s        13        
197  1.361e+01    5.161e+02    4.079e+03      2.100e+01    3.400e+01    1.911e-02      2.15s        13        
198  1.348e+01    2.073e+07    7.957e+02      2.100e+01    3.400e+01    1.911e-02      1.13s        13        
199  1.324e+01    3.620e+05    1.957e+03      2.100e+01    3.400e+01    1.911e-02      0.00s        13        
200  1.371e+01    5.593e+05    1.913e+06      2.100e+01    3.400e+01    1.911e-02      25.85s       13        
201  1.385e+01    3.604e+06    1.639e+05      2.100e+01    3.400e+01    1.911e-02      31.48s       12        
202  1.312e+01    4.755e+08    2.113e+04      2.100e+01    3.400e+01    1.911e-02      23.74s       12        
203  1.343e+01    7.456e+07    3.557e+04      2.100e+01    3.400e+01    1.911e-02      22.04s       12        
204  1.296e+01    1.877e+10    4.837e+03      2.100e+01    3.400e+01    1.911e-02      21.62s       12        
205  1.280e+01    7.032e+06    5.148e+04      2.100e+01    3.400e+01    1.911e-02      20.39s       12        
206  1.324e+01    2.975e+03    2.642e+03      2.100e+01    3.400e+01    1.911e-02      20.05s       12        
207  1.307e+01    4.379e+09    5.233e+03      2.100e+01    3.400e+01    1.911e-02      18.31s       12        
208  1.280e+01    2.406e+04    6.346e+06      2.100e+01    3.400e+01    1.911e-02      21.54s       12        
209  1.271e+01    3.857e+03    1.288e+02      2.100e+01    3.400e+01    1.911e-02      16.20s       12        
210  1.267e+01    2.016e+06    4.846e+03      2.100e+01    3.400e+01    1.911e-02      15.00s       12        
211  1.283e+01    2.068e+09    3.984e+04      2.100e+01    3.400e+01    1.911e-02      13.80s       12        
212  1.292e+01    5.437e+04    7.158e+02      2.100e+01    3.400e+01    1.911e-02      12.43s       12        
213  1.330e+01    2.139e+12    4.987e+05      2.100e+01    3.400e+01    1.911e-02      11.70s       12        
214  1.321e+01    6.288e+09    6.062e+05      2.100e+01    3.400e+01    1.911e-02      10.50s       12        
215  1.271e+01    3.323e+05    2.185e+02      2.100e+01    3.400e+01    1.911e-02      9.36s        12        
216  1.341e+01    7.715e+11    4.002e+12      2.100e+01    3.400e+01    1.911e-02      11.15s       12        
217  1.321e+01    1.139e+12    4.211e+01      2.100e+01    3.400e+01    1.911e-02      7.41s        12        
218  1.281e+01    6.006e+05    5.461e+04      2.100e+01    3.400e+01    1.911e-02      6.09s        12        
219  1.274e+01    2.076e+07    1.633e+08      2.100e+01    3.400e+01    1.911e-02      5.24s        12        
220  1.259e+01    1.357e+02    4.338e+04      2.100e+01    3.400e+01    1.911e-02      4.20s        12        
221  1.301e+01    3.442e+15    7.092e+01      2.100e+01    3.400e+01    1.911e-02      3.13s        12        
222  1.382e+01    7.950e+10    2.151e+05      2.100e+01    3.400e+01    1.911e-02      2.10s        12        
223  1.326e+01    2.168e+03    1.319e+03      2.100e+01    3.400e+01    1.911e-02      1.04s        12        
224  1.264e+01    3.393e+03    4.583e+02      2.100e+01    3.400e+01    1.911e-02      0.00s        12        
225  1.284e+01    1.074e+07    1.074e+05      2.100e+01    3.400e+01    1.911e-02      25.78s       12        
226  1.331e+01    1.661e+07    1.704e+02      2.100e+01    3.400e+01    1.911e-02      24.36s       12        
227  1.260e+01    2.755e+02    2.920e+03      2.100e+01    3.400e+01    1.911e-02      23.12s       12        
228  1.275e+01    6.414e+06    5.631e+01      2.100e+01    3.400e+01    1.911e-02      22.04s       12        
229  1.260e+01    4.179e+03    7.959e+01      2.100e+01    3.400e+01    1.911e-02      20.68s       12        
230  1.263e+01    5.403e+05    2.949e+05      2.100e+01    3.400e+01    1.911e-02      19.84s       12        
231  1.251e+01    1.570e+06    3.308e+04      2.100e+01    3.400e+01    1.911e-02      24.13s       12        
232  1.304e+01    4.663e+05    2.466e+06      2.100e+01    3.400e+01    1.911e-02      17.79s       12        
233  1.259e+01    1.634e+02    5.624e+04      2.100e+01    3.400e+01    1.911e-02      17.06s       12        
234  1.271e+01    4.764e+05    9.305e+01      2.100e+01    3.400e+01    1.911e-02      16.00s       12        
235  1.259e+01    1.819e+05    7.667e+02      2.100e+01    3.400e+01    1.911e-02      14.73s       12        
236  1.272e+01    1.206e+04    3.502e+02      2.100e+01    3.400e+01    1.911e-02      13.53s       12        
237  1.237e+01    2.459e+03    2.916e+03      2.100e+01    3.400e+01    1.911e-02      12.83s       12        
238  1.318e+01    2.290e+08    3.638e+02      2.100e+01    3.400e+01    1.911e-02      11.31s       12        
239  1.243e+01    4.782e+03    3.594e+03      2.100e+01    3.400e+01    1.911e-02      13.28s       12        
240  1.271e+01    5.084e+05    8.868e+01      2.100e+01    3.400e+01    1.911e-02      9.50s        12        
241  1.277e+01    2.597e+02    4.970e+02      2.100e+01    3.400e+01    1.911e-02      8.55s        12        
242  1.321e+01    2.941e+07    3.618e+03      2.100e+01    3.400e+01    1.911e-02      7.50s        12        
243  1.300e+01    8.442e+06    1.191e+04      2.100e+01    3.400e+01    1.911e-02      6.30s        12        
244  1.245e+01    3.864e+04    7.620e+03      2.100e+01    3.400e+01    1.911e-02      5.18s        12        
245  1.249e+01    2.233e+03    2.581e+03      2.100e+01    3.400e+01    1.911e-02      4.30s        12        
246  1.285e+01    3.695e+06    6.202e+04      2.100e+01    3.400e+01    1.911e-02      3.24s        12        
247  1.307e+01    9.804e+05    1.500e+03      2.100e+01    3.400e+01    1.911e-02      2.72s        12        
248  1.263e+01    3.325e+05    1.389e+04      2.100e+01    3.400e+01    1.911e-02      1.08s        12        
249  1.294e+01    7.230e+05    1.513e+06      2.100e+01    3.400e+01    1.911e-02      0.00s        12        
250  1.265e+01    5.912e+05    2.256e+03      2.100e+01    3.400e+01    1.911e-02      25.37s       12        
251  1.273e+01    1.416e+06    3.613e+07      2.100e+01    3.400e+01    1.911e-02      24.70s       12        
252  1.278e+01    5.850e+02    2.056e+02      2.100e+01    3.400e+01    1.911e-02      23.67s       10        
253  1.283e+01    1.073e+07    1.305e+04      2.100e+01    3.400e+01    1.911e-02      22.31s       10        
254  1.264e+01    4.351e+07    8.821e+05      2.100e+01    3.400e+01    1.911e-02      26.79s       10        
255  1.216e+01    6.447e+02    1.123e+05      2.100e+01    3.400e+01    1.911e-02      20.14s       10        
256  1.254e+01    9.208e+09    5.019e+03      2.100e+01    3.400e+01    1.911e-02      19.52s       10        
257  1.226e+01    5.033e+06    2.120e+05      2.100e+01    3.400e+01    1.911e-02      18.67s       10        
258  1.211e+01    9.428e+03    1.803e+03      2.100e+01    3.400e+01    1.911e-02      16.68s       10        
259  1.257e+01    9.994e+05    3.262e+03      2.100e+01    3.400e+01    1.911e-02      15.49s       10        
260  1.263e+01    8.492e+05    1.716e+02      2.100e+01    3.400e+01    1.911e-02      14.07s       10        
261  1.253e+01    7.479e+03    3.278e+04      2.100e+01    3.400e+01    1.911e-02      13.45s       10        
262  1.310e+01    1.928e+09    1.016e+07      2.100e+01    3.400e+01    1.911e-02      16.15s       10        
263  1.249e+01    3.247e+03    3.380e+02      2.100e+01    3.400e+01    1.911e-02      11.26s       10        
264  1.175e+01    1.958e+02    1.390e+03      2.100e+01    3.400e+01    1.911e-02      9.93s        10        
265  1.238e+01    6.029e+05    1.005e+01      2.100e+01    3.400e+01    1.911e-02      9.32s        10        
266  1.267e+01    8.457e+07    8.943e+03      2.100e+01    3.400e+01    1.911e-02      8.29s        10        
267  1.210e+01    5.526e+02    1.526e+06      2.100e+01    3.400e+01    1.911e-02      7.32s        10        
268  1.288e+01    1.929e+05    7.061e+03      2.100e+01    3.400e+01    1.911e-02      6.14s        10        
269  1.252e+01    4.538e+02    7.292e+09      2.100e+01    3.400e+01    1.911e-02      5.22s        10        
270  1.244e+01    3.745e+06    1.795e+02      2.100e+01    3.400e+01    1.911e-02      5.38s        10        
271  1.247e+01    4.679e+03    2.513e+02      2.100e+01    3.400e+01    1.911e-02      3.11s        10        
272  1.262e+01    1.543e+04    5.099e+10      2.100e+01    3.400e+01    1.911e-02      2.02s        10        
273  1.278e+01    2.743e+03    3.519e+02      2.100e+01    3.400e+01    1.911e-02      1.02s        10        
274  1.299e+01    2.674e+03    1.576e+01      2.100e+01    3.400e+01    1.911e-02      0.00s        10        
275  1.266e+01    1.652e+05    1.133e+08      2.100e+01    3.400e+01    1.911e-02      24.72s       10        
276  1.248e+01    1.369e+09    7.285e+03      2.100e+01    3.400e+01    1.911e-02      24.16s       10        
277  1.228e+01    1.816e+03    5.972e+02      2.100e+01    3.400e+01    1.911e-02      22.42s       10        
278  1.232e+01    7.264e+09    1.990e+05      2.100e+01    3.400e+01    1.911e-02      28.20s       10        
279  1.271e+01    1.920e+04    4.069e+01      2.100e+01    3.400e+01    1.911e-02      20.99s       10        
280  1.232e+01    1.873e+06    1.435e+03      2.100e+01    3.400e+01    1.911e-02      19.51s       10        
281  1.212e+01    1.708e+03    5.315e+04      2.100e+01    3.400e+01    1.911e-02      18.52s       10        
282  1.197e+01    3.115e+02    7.314e+03      2.100e+01    3.400e+01    1.911e-02      17.55s       10        
283  1.251e+01    6.341e+10    1.224e+12      2.100e+01    3.400e+01    1.911e-02      16.47s       10        
284  1.229e+01    1.240e+06    1.876e+02      2.100e+01    3.400e+01    1.911e-02      16.58s       10        
285  1.248e+01    7.119e+03    7.090e+01      2.100e+01    3.400e+01    1.911e-02      14.07s       10        
286  1.224e+01    2.830e+02    3.560e+04      2.100e+01    3.400e+01    1.911e-02      17.74s       10        
287  1.271e+01    2.657e+04    5.142e+04      2.100e+01    3.400e+01    1.911e-02      12.53s       10        
288  1.235e+01    4.151e+03    2.305e+03      2.100e+01    3.400e+01    1.911e-02      11.68s       10        
289  1.238e+01    7.509e+03    5.163e+04      2.100e+01    3.400e+01    1.911e-02      10.23s       10        
290  1.237e+01    6.930e+04    8.187e+02      2.100e+01    3.400e+01    1.911e-02      9.58s        10        
291  1.267e+01    2.749e+04    2.064e+02      2.100e+01    3.400e+01    1.911e-02      8.10s        10        
292  1.271e+01    1.639e+08    4.049e+04      2.100e+01    3.400e+01    1.911e-02      7.16s        10        
293  1.318e+01    1.337e+07    1.038e+02      2.100e+01    3.400e+01    1.911e-02      6.11s        10        
294  1.280e+01    9.985e+03    3.918e+02      2.100e+01    3.400e+01    1.911e-02      6.73s        10        
295  1.243e+01    2.808e+02    3.402e+02      2.100e+01    3.400e+01    1.911e-02      4.34s        10        
296  1.213e+01    9.081e+12    1.504e+03      2.100e+01    3.400e+01    1.911e-02      3.19s        10        
297  1.196e+01    3.341e+06    1.713e+02      2.100e+01    3.400e+01    1.911e-02      2.11s        10        
298  1.192e+01    9.056e+06    5.810e+04      2.100e+01    3.400e+01    1.911e-02      1.06s        10        
299  1.258e+01    5.994e+05    8.129e+03      2.100e+01    3.400e+01    1.911e-02      0.00s        10        
300  1.232e+01    3.996e+07    1.412e+03      2.100e+01    3.400e+01    1.911e-02      25.75s       10        
301  1.279e+01    2.850e+07    1.898e+04      2.100e+01    3.400e+01    1.911e-02      24.89s       10        
302  1.305e+01    8.674e+08    1.606e+05      2.100e+01    3.400e+01    1.911e-02      29.47s       10        
303  1.261e+01    1.245e+04    1.779e+05      2.100e+01    3.400e+01    1.911e-02      22.07s       10        
304  1.215e+01    2.229e+03    5.094e+04      2.100e+01    3.400e+01    1.911e-02      20.99s       10        
305  1.249e+01    1.088e+05    6.995e+04      2.100e+01    3.400e+01    1.911e-02      19.87s       10        
306  1.286e+01    3.763e+06    8.673e+02      2.100e+01    3.400e+01    1.911e-02      18.52s       10        
307  1.251e+01    1.088e+03    2.628e+08      2.100e+01    3.400e+01    1.911e-02      18.66s       10        
308  1.237e+01    1.289e+05    5.608e+04      2.100e+01    3.400e+01    1.911e-02      16.75s       10        
309  1.210e+01    1.211e+03    3.602e+03      2.100e+01    3.400e+01    1.911e-02      20.34s       10        
310  1.224e+01    1.059e+04    3.545e+03      2.100e+01    3.400e+01    1.911e-02      14.67s       10        
311  1.250e+01    5.774e+08    1.728e+03      2.100e+01    3.400e+01    1.911e-02      13.22s       10        
312  1.253e+01    1.954e+05    1.938e+03      2.100e+01    3.400e+01    1.911e-02      12.20s       10        
313  1.255e+01    8.936e+02    7.164e+01      2.100e+01    3.400e+01    1.911e-02      11.13s       10        
314  1.296e+01    2.195e+09    2.135e+03      2.100e+01    3.400e+01    1.911e-02      10.59s       10        
315  1.248e+01    1.242e+09    3.298e+08      2.100e+01    3.400e+01    1.911e-02      9.23s        10        
316  1.275e+01    5.315e+02    1.753e+05      2.100e+01    3.400e+01    1.911e-02      8.13s        10        
317  1.245e+01    1.586e+05    7.595e+01      2.100e+01    3.400e+01    1.911e-02      9.30s        10        
318  1.262e+01    1.152e+03    8.744e+05      2.100e+01    3.400e+01    1.911e-02      6.20s        10        
319  1.229e+01    2.764e+02    5.258e+03      2.100e+01    3.400e+01    1.911e-02      5.02s        10        
320  1.251e+01    7.746e+04    2.024e+05      2.100e+01    3.400e+01    1.911e-02      4.14s        10        
321  1.268e+01    9.563e+05    2.884e+05      2.100e+01    3.400e+01    1.911e-02      3.18s        10        
322  1.235e+01    3.961e+07    3.276e+08      2.100e+01    3.400e+01    1.911e-02      2.06s        10        
323  1.218e+01    1.024e+07    6.299e+04      2.100e+01    3.400e+01    1.911e-02      0.99s        10        
324  1.266e+01    1.385e+05    8.614e+02      2.100e+01    3.400e+01    1.911e-02      0.00s        10        
325  1.234e+01    1.315e+03    3.200e+06      2.100e+01    3.400e+01    1.911e-02      24.98s       10        
326  1.232e+01    2.381e+05    4.119e+01      2.100e+01    3.400e+01    1.911e-02      30.43s       10        
327  1.238e+01    2.030e+05    4.693e+03      2.100e+01    3.400e+01    1.911e-02      22.69s       10        
328  1.266e+01    1.406e+05    5.119e+02      2.100e+01    3.400e+01    1.911e-02      22.25s       10        
329  1.236e+01    2.034e+05    1.886e+04      2.100e+01    3.400e+01    1.911e-02      21.61s       10        
330  1.230e+01    5.430e+11    8.865e+02      2.100e+01    3.400e+01    1.911e-02      19.76s       10        
331  1.271e+01    3.583e+05    7.080e+03      2.100e+01    3.400e+01    1.911e-02      18.79s       10        
332  1.220e+01    7.708e+05    1.300e+03      2.100e+01    3.400e+01    1.911e-02      17.49s       10        
333  1.236e+01    2.419e+06    1.330e+04      2.100e+01    3.400e+01    1.911e-02      16.89s       10        
334  1.204e+01    3.462e+03    4.879e+03      2.100e+01    3.400e+01    1.911e-02      20.33s       10        
335  1.289e+01    9.933e+05    3.485e+05      2.100e+01    3.400e+01    1.911e-02      15.27s       10        
336  1.254e+01    5.934e+06    2.295e+02      2.100e+01    3.400e+01    1.911e-02      13.77s       10        
337  1.297e+01    2.876e+02    2.392e+03      2.100e+01    3.400e+01    1.911e-02      12.61s       10        
338  1.246e+01    4.846e+02    3.903e+03      2.100e+01    3.400e+01    1.911e-02      11.16s       10        
339  1.237e+01    1.393e+12    3.158e+02      2.100e+01    3.400e+01    1.911e-02      10.29s       10        
340  1.217e+01    1.031e+04    6.994e+02      2.100e+01    3.400e+01    1.911e-02      8.99s        10        
341  1.279e+01    2.676e+14    5.317e+08      2.100e+01    3.400e+01    1.911e-02      8.34s        10        
342  1.238e+01    1.268e+03    8.665e+02      2.100e+01    3.400e+01    1.911e-02      9.36s        10        
343  1.239e+01    1.464e+07    1.115e+03      2.100e+01    3.400e+01    1.911e-02      6.24s        10        
344  1.270e+01    1.208e+02    2.415e+03      2.100e+01    3.400e+01    1.911e-02      5.26s        10        
345  1.250e+01    2.434e+13    2.484e+02      1.900e+01    3.300e+01    1.911e-02      4.23s        9         
346  1.137e+01    1.056e+09    5.542e+04      1.900e+01    3.300e+01    1.911e-02      3.02s        9         
347  1.209e+01    9.646e+09    1.983e+02      1.900e+01    3.300e+01    1.911e-02      2.07s        9         
348  1.182e+01    2.979e+03    1.620e+07      1.900e+01    3.300e+01    1.911e-02      1.06s        9         
349  1.199e+01    9.477e+04    3.475e+06      1.900e+01    3.300e+01    1.911e-02      0.00s        9         
350  1.157e+01    2.951e+03    1.192e+02      1.900e+01    3.300e+01    1.911e-02      33.06s       9         
351  1.163e+01    6.641e+08    6.729e+02      1.900e+01    3.300e+01    1.911e-02      23.65s       9         
352  1.171e+01    2.105e+05    2.610e+05      1.900e+01    3.300e+01    1.911e-02      22.39s       9         
353  1.129e+01    2.835e+05    2.801e+03      1.900e+01    3.300e+01    1.911e-02      20.89s       9         
354  1.175e+01    1.243e+03    5.307e+04      1.900e+01    3.300e+01    1.911e-02      20.16s       9         
355  1.159e+01    1.117e+03    3.542e+02      1.900e+01    3.300e+01    1.911e-02      18.86s       9         
356  1.193e+01    2.769e+15    1.464e+06      1.900e+01    3.300e+01    1.911e-02      18.33s       9         
357  1.140e+01    3.124e+04    6.341e+02      1.900e+01    3.300e+01    1.911e-02      17.54s       9         
358  1.160e+01    3.074e+08    2.754e+08      1.900e+01    3.300e+01    1.911e-02      20.87s       9         
359  1.138e+01    1.218e+03    4.293e+03      1.900e+01    3.300e+01    1.911e-02      14.92s       9         
360  1.176e+01    4.535e+04    1.223e+05      1.900e+01    3.300e+01    1.911e-02      14.19s       9         
361  1.170e+01    1.164e+06    6.008e+06      1.900e+01    3.300e+01    1.911e-02      13.51s       9         
362  1.134e+01    1.198e+05    1.410e+03      1.900e+01    3.300e+01    1.911e-02      12.34s       9         
363  1.156e+01    5.382e+03    1.834e+06      1.900e+01    3.300e+01    1.911e-02      11.14s       9         
364  1.171e+01    1.990e+07    2.441e+03      1.900e+01    3.300e+01    1.911e-02      10.67s       9         
365  1.172e+01    1.092e+03    1.587e+02      1.900e+01    3.300e+01    1.911e-02      9.32s        9         
366  1.145e+01    5.769e+03    3.281e+06      1.900e+01    3.300e+01    1.911e-02      10.53s       9         
367  1.112e+01    5.042e+04    1.461e+04      1.900e+01    3.300e+01    1.911e-02      7.28s        9         
368  1.161e+01    1.231e+07    3.146e+05      1.900e+01    3.300e+01    1.911e-02      6.22s        9         
369  1.132e+01    5.205e+04    9.055e+03      1.900e+01    3.300e+01    1.911e-02      4.94s        9         
370  1.161e+01    1.902e+04    1.815e+06      1.900e+01    3.300e+01    1.911e-02      3.92s        9         
371  1.147e+01    1.509e+07    1.209e+03      1.900e+01    3.300e+01    1.911e-02      3.15s        9         
372  1.141e+01    6.339e+11    4.159e+08      1.900e+01    3.300e+01    1.911e-02      2.03s        9         
373  1.186e+01    2.116e+10    6.706e+03      1.900e+01    3.300e+01    1.911e-02      1.00s        9         
374  1.146e+01    2.596e+03    1.116e+04      1.900e+01    3.300e+01    1.911e-02      0.00s        9         
375  1.167e+01    9.099e+04    1.827e+04      1.900e+01    3.300e+01    1.911e-02      24.97s       9         
376  1.140e+01    7.600e+07    1.675e+09      1.900e+01    3.300e+01    1.911e-02      22.88s       9         
377  1.129e+01    3.569e+03    3.161e+01      1.900e+01    3.300e+01    1.911e-02      21.62s       9         
378  1.154e+01    1.633e+02    3.727e+06      1.900e+01    3.300e+01    1.911e-02      20.97s       9         
379  1.155e+01    1.603e+10    2.678e+02      1.900e+01    3.300e+01    1.911e-02      20.56s       9         
380  1.156e+01    1.427e+07    2.226e+03      1.900e+01    3.300e+01    1.911e-02      18.97s       9         
381  1.110e+01    6.878e+02    1.401e+03      1.900e+01    3.300e+01    1.911e-02      17.93s       9         
382  1.136e+01    1.481e+08    5.986e+03      1.900e+01    3.300e+01    1.911e-02      17.10s       9         
383  1.195e+01    2.243e+06    3.586e+02      1.900e+01    3.300e+01    1.911e-02      21.13s       9         
384  1.172e+01    2.384e+05    8.505e+03      1.900e+01    3.300e+01    1.911e-02      15.06s       9         
385  1.160e+01    3.609e+06    8.656e+02      1.900e+01    3.300e+01    1.911e-02      14.69s       9         
386  1.166e+01    5.395e+06    3.999e+02      1.900e+01    3.300e+01    1.911e-02      13.19s       9         
387  1.155e+01    1.145e+05    1.210e+02      1.900e+01    3.300e+01    1.911e-02      12.36s       9         
388  1.156e+01    7.390e+03    5.351e+04      1.900e+01    3.300e+01    1.911e-02      11.22s       9         
389  1.182e+01    1.337e+06    2.362e+02      1.900e+01    3.300e+01    1.911e-02      9.92s        9         
390  1.183e+01    6.832e+09    1.169e+03      1.900e+01    3.300e+01    1.911e-02      9.06s        9         
391  1.076e+01    1.860e+04    5.684e+04      1.900e+01    3.300e+01    1.911e-02      10.62s       9         
392  1.146e+01    1.523e+05    1.032e+04      1.900e+01    3.300e+01    1.911e-02      7.15s        9         
393  1.147e+01    1.560e+08    2.265e+04      1.900e+01    3.300e+01    1.911e-02      5.83s        9         
394  1.168e+01    6.041e+05    3.266e+03      1.900e+01    3.300e+01    1.911e-02      4.97s        9         
395  1.176e+01    3.111e+06    5.906e+06      1.900e+01    3.300e+01    1.911e-02      4.15s        9         
396  1.134e+01    8.049e+02    2.140e+03      1.900e+01    3.300e+01    1.911e-02      3.04s        9         
397  1.152e+01    3.077e+04    3.411e+03      1.900e+01    3.300e+01    1.911e-02      2.08s        9         
398  1.109e+01    2.581e+02    2.948e+04      1.900e+01    3.300e+01    1.911e-02      1.01s        9         
399  1.141e+01    1.298e+06    5.980e+02      1.900e+01    3.300e+01    1.911e-02      0.00s        9         
400  1.149e+01    4.663e+05    1.100e+04      1.900e+01    3.300e+01    1.911e-02      24.79s       9         
401  1.104e+01    1.195e+02    1.983e+03      1.900e+01    3.300e+01    1.911e-02      23.72s       9         
402  1.188e+01    2.647e+05    7.323e+08      1.900e+01    3.300e+01    1.911e-02      22.12s       9         
403  1.185e+01    1.206e+10    1.762e+02      1.900e+01    3.300e+01    1.911e-02      21.33s       9         
404  1.159e+01    9.945e+06    1.524e+17      1.900e+01    3.300e+01    1.911e-02      20.27s       9         
405  1.167e+01    2.982e+04    1.584e+04      1.900e+01    3.300e+01    1.911e-02      19.20s       9         
406  1.174e+01    9.284e+06    8.987e+01      1.900e+01    3.300e+01    1.911e-02      18.27s       9         
407  1.167e+01    4.459e+02    9.605e+06      1.900e+01    3.300e+01    1.911e-02      17.50s       9         
408  1.117e+01    2.393e+02    1.719e+02      1.900e+01    3.300e+01    1.911e-02      21.08s       9         
409  1.134e+01    3.407e+06    2.525e+03      1.900e+01    3.300e+01    1.911e-02      15.46s       9         
410  1.145e+01    2.016e+03    3.497e+03      1.900e+01    3.300e+01    1.911e-02      14.39s       9         
411  1.160e+01    1.102e+08    2.210e+03      1.900e+01    3.300e+01    1.911e-02      13.44s       9         
412  1.179e+01    1.292e+10    7.861e+04      1.900e+01    3.300e+01    1.911e-02      12.10s       9         
413  1.177e+01    4.119e+03    1.695e+06      1.900e+01    3.300e+01    1.901e-02      10.96s       9         
414  1.168e+01    4.708e+04    1.647e+03      1.900e+01    3.300e+01    1.901e-02      9.99s        9         
415  1.139e+01    1.425e+10    2.821e+03      1.900e+01    3.300e+01    1.901e-02      9.19s        9         
416  1.196e+01    4.237e+05    2.236e+05      1.900e+01    3.300e+01    1.901e-02      10.59s       9         
417  1.169e+01    7.073e+04    1.633e+03      1.900e+01    3.300e+01    1.901e-02      6.87s        9         
418  1.172e+01    5.309e+09    8.994e+02      1.900e+01    3.300e+01    1.901e-02      6.15s        9         
419  1.144e+01    2.769e+12    5.960e+04      1.900e+01    3.300e+01    1.901e-02      5.26s        9         
420  1.180e+01    4.979e+03    3.938e+11      1.900e+01    3.300e+01    1.901e-02      4.04s        9         
421  1.177e+01    1.739e+08    4.946e+04      1.900e+01    3.300e+01    1.901e-02      2.99s        9         
422  1.145e+01    4.473e+02    1.110e+03      1.900e+01    3.300e+01    1.901e-02      2.04s        9         
423  1.175e+01    5.724e+03    4.728e+05      1.900e+01    3.300e+01    1.894e-02      1.02s        9         
424  1.161e+01    9.378e+09    4.155e+04      1.900e+01    3.300e+01    1.894e-02      0.00s        9         
425  1.139e+01    1.182e+06    4.145e+02      1.900e+01    3.300e+01    1.894e-02      31.36s       9         
426  1.194e+01    7.824e+12    2.201e+04      1.900e+01    3.300e+01    1.894e-02      23.66s       9         
427  1.154e+01    3.473e+07    4.744e+02      1.900e+01    3.300e+01    1.894e-02      22.34s       9         
428  1.142e+01    7.793e+01    1.196e+02      1.900e+01    3.300e+01    1.894e-02      21.16s       9         
429  1.149e+01    1.103e+04    5.085e+04      1.900e+01    3.300e+01    1.894e-02      20.33s       9         
430  1.120e+01    2.835e+02    2.503e+03      1.900e+01    3.300e+01    1.886e-02      19.51s       9         
431  1.173e+01    3.088e+03    2.578e+03      1.900e+01    3.300e+01    1.886e-02      18.14s       9         
432  1.161e+01    3.813e+08    4.786e+04      1.900e+01    3.300e+01    1.886e-02      17.20s       9         
433  1.173e+01    3.971e+06    4.144e+03      1.900e+01    3.300e+01    1.886e-02      21.15s       9         
434  1.173e+01    9.705e+08    5.495e+04      1.900e+01    3.300e+01    1.886e-02      15.69s       9         
435  1.121e+01    3.347e+02    7.385e+01      1.900e+01    3.300e+01    1.886e-02      14.47s       9         
436  1.154e+01    3.179e+07    4.244e+02      1.900e+01    3.300e+01    1.886e-02      13.86s       9         
437  1.170e+01    6.682e+05    2.629e+04      1.900e+01    3.300e+01    1.886e-02      12.40s       9         
438  1.137e+01    2.555e+06    2.254e+03      1.900e+01    3.300e+01    1.886e-02      11.35s       9         
439  1.179e+01    1.860e+06    2.141e+03      1.900e+01    3.300e+01    1.886e-02      10.25s       9         
440  1.212e+01    1.174e+12    2.434e+04      1.900e+01    3.300e+01    1.886e-02      9.17s        9         
441  1.103e+01    7.368e+02    3.811e+03      1.900e+01    3.300e+01    1.886e-02      8.77s        9         
442  1.189e+01    1.483e+04    6.322e+03      1.900e+01    3.300e+01    1.886e-02      7.09s        9         
443  1.150e+01    5.888e+06    8.733e+03      1.900e+01    3.300e+01    1.886e-02      5.98s        9         
444  1.121e+01    1.532e+05    5.312e+05      1.900e+01    3.300e+01    1.886e-02      5.03s        9         
445  1.184e+01    6.592e+03    6.063e+07      1.900e+01    3.300e+01    1.886e-02      4.15s        9         
446  1.091e+01    1.184e+03    2.999e+01      1.900e+01    3.300e+01    1.886e-02      3.16s        9         
447  1.137e+01    5.758e+04    8.716e+05      1.900e+01    3.300e+01    1.886e-02      2.06s        9         
448  1.161e+01    4.012e+11    1.421e+03      1.900e+01    3.300e+01    1.886e-02      1.03s        9         
449  1.128e+01    3.664e+06    9.295e+02      1.900e+01    3.300e+01    1.886e-02      0.00s        9         
450  1.150e+01    1.572e+09    8.979e+02      1.900e+01    3.300e+01    1.886e-02      33.37s       9         
451  1.196e+01    6.815e+05    7.384e+03      1.900e+01    3.300e+01    1.886e-02      24.09s       9         
452  1.156e+01    4.273e+04    8.147e+02      1.900e+01    3.300e+01    1.886e-02      22.54s       9         
453  1.160e+01    4.961e+05    9.716e+04      1.900e+01    3.300e+01    1.886e-02      21.58s       9         
454  1.166e+01    1.543e+08    4.586e+03      1.900e+01    3.300e+01    1.886e-02      21.11s       9         
455  1.107e+01    4.766e+02    2.401e+02      1.900e+01    3.300e+01    1.886e-02      19.92s       9         
456  1.174e+01    8.202e+11    6.483e+06      1.900e+01    3.300e+01    1.886e-02      18.50s       9         
457  1.141e+01    4.284e+07    2.513e+05      1.900e+01    3.300e+01    1.886e-02      17.93s       9         
458  1.143e+01    3.422e+02    1.337e+02      1.900e+01    3.300e+01    1.886e-02      22.12s       9         
459  1.157e+01    3.786e+05    1.645e+03      1.900e+01    3.300e+01    1.886e-02      15.81s       9         
460  1.164e+01    5.825e+08    1.464e+02      1.900e+01    3.300e+01    1.886e-02      14.44s       9         
461  1.188e+01    4.095e+04    1.057e+03      1.900e+01    3.300e+01    1.886e-02      13.30s       9         
462  1.156e+01    1.118e+03    2.025e+01      1.900e+01    3.300e+01    1.886e-02      12.58s       9         
463  1.128e+01    1.214e+04    6.869e+03      1.900e+01    3.300e+01    1.886e-02      11.10s       9         
464  1.160e+01    2.582e+03    3.009e+06      1.900e+01    3.300e+01    1.886e-02      10.24s       9         
465  1.142e+01    3.924e+04    1.496e+04      1.900e+01    3.300e+01    1.886e-02      9.35s        9         
466  1.154e+01    4.954e+04    1.935e+03      1.900e+01    3.300e+01    1.886e-02      8.21s        9         
467  1.144e+01    2.157e+03    3.549e+03      1.900e+01    3.300e+01    1.886e-02      9.49s        9         
468  1.137e+01    2.243e+04    2.998e+02      1.900e+01    3.300e+01    1.886e-02      6.21s        9         
469  1.141e+01    2.906e+02    9.106e+02      1.900e+01    3.300e+01    1.886e-02      5.10s        9         
470  1.156e+01    3.935e+11    3.627e+03      1.900e+01    3.300e+01    1.886e-02      4.21s        9         
471  1.134e+01    3.225e+02    2.107e+02      1.900e+01    3.300e+01    1.886e-02      3.15s        9         
472  1.160e+01    1.051e+06    9.194e+06      1.900e+01    3.300e+01    1.886e-02      2.01s        9         
473  1.139e+01    3.136e+03    8.769e+04      1.900e+01    3.300e+01    1.886e-02      1.01s        9         
474  1.133e+01    9.853e+06    8.642e+02      1.900e+01    3.300e+01    1.886e-02      0.00s        9         
475  1.162e+01    1.107e+05    5.212e+01      1.900e+01    3.300e+01    1.886e-02      33.10s       9         
476  1.188e+01    1.720e+05    1.054e+04      1.900e+01    3.300e+01    1.886e-02      24.23s       9         
477  1.132e+01    1.538e+03    1.057e+02      1.900e+01    3.300e+01    1.886e-02      22.78s       9         
478  1.173e+01    2.446e+08    1.366e+04      1.900e+01    3.300e+01    1.886e-02      21.42s       9         
479  1.149e+01    5.110e+06    4.827e+05      1.900e+01    3.300e+01    1.886e-02      20.24s       9         
480  1.135e+01    3.686e+03    1.288e+03      1.900e+01    3.300e+01    1.886e-02      19.23s       9         
481  1.126e+01    3.717e+03    3.827e+04      1.900e+01    3.300e+01    1.886e-02      18.65s       9         
482  1.146e+01    1.855e+02    2.833e+04      1.900e+01    3.300e+01    1.886e-02      17.76s       9         
483  1.143e+01    1.778e+05    5.479e+04      1.900e+01    3.300e+01    1.886e-02      16.03s       9         
484  1.154e+01    3.375e+13    1.118e+03      1.900e+01    3.300e+01    1.886e-02      20.18s       9         
485  1.140e+01    1.756e+05    1.193e+02      1.900e+01    3.300e+01    1.886e-02      14.10s       9         
486  1.167e+01    2.946e+07    2.410e+04      1.900e+01    3.300e+01    1.886e-02      13.27s       9         
487  1.154e+01    1.544e+03    8.185e+06      1.900e+01    3.300e+01    1.886e-02      12.42s       9         
488  1.080e+01    1.132e+03    4.357e+06      1.900e+01    3.300e+01    1.886e-02      11.12s       9         
489  1.138e+01    1.893e+04    2.834e+05      1.900e+01    3.300e+01    1.886e-02      9.79s        9         
490  1.161e+01    5.464e+12    1.249e+03      1.900e+01    3.300e+01    1.886e-02      8.73s        9         
491  1.121e+01    6.695e+03    3.165e+03      1.900e+01    3.300e+01    1.886e-02      7.94s        9         
492  1.146e+01    5.250e+04    3.749e+03      1.900e+01    3.300e+01    1.886e-02      9.20s        9         
493  1.132e+01    5.379e+07    7.089e+02      1.900e+01    3.300e+01    1.886e-02      6.02s        9         
494  1.114e+01    9.042e+03    1.276e+05      1.900e+01    3.300e+01    1.886e-02      5.23s        9         
495  1.159e+01    1.169e+03    3.186e+03      1.900e+01    3.300e+01    1.886e-02      3.88s        9         
496  1.103e+01    3.179e+02    4.280e+08      1.900e+01    3.300e+01    1.886e-02      2.98s        9         
497  1.141e+01    1.509e+02    2.763e+04      1.900e+01    3.300e+01    1.886e-02      2.07s        9         
498  1.161e+01    4.008e+10    4.485e+04      1.900e+01    3.300e+01    1.886e-02      1.04s        9         
499  1.153e+01    8.038e+05    1.118e+03      1.900e+01    3.300e+01    1.886e-02      0.00s        9         





Time: 0h:8m:56s
####   Data for the best program   ####
Best Program: add(0.602, mul(0.072, add(sub(add(sub(add(sub(X1, X2), X1), X2), X0), X2), sub(1.341, X2))))
Best Program Complexity: 33
Raw Fitness: 0.0188618228377758
Penalized Fitness: 0.0188618228377758
Estimator		Train-rmse: 0.0188618228377758	Test-rmse: 0.01907522343956935	Test-R^2: 0.9620011231268074

{'complexity': 'kommenda', 'const_range': (1e-10, 2.0), 'elitism_size': 0, 'function_set': ('add', 'sub', 'div', 'mul'), 'generations': 500, 'init_depth': (3, 6), 'init_method': 'half and half', 'low_memory': True, 'max_samples': 1.0, 'metric': 'rmse', 'n_jobs': 2, 'p_crossover': 0.2, 'p_hoist_mutation': 0.0, 'p_point_mutation': 0.4, 'p_point_replace': 0.05, 'p_subtree_mutation': 0.4, 'paretogp': True, 'paretogp_lengths': (5, 130), 'parsimony_coefficient': 0.0, 'population_size': 800, 'random_state': 830979093, 'selection': 'tournament', 'stopping_criteria': 1e-10, 'tournament_size': 11, 'verbose': 1, 'warm_start': True}
