    |          Population Average          |           Best Individual            |
---- -------------------------------------- -------------------------------------- ----------
Gen  Length       Kommenda     Fitness        Length       Kommenda     Fitness        Time Left    Front Size
0    3.933e+01    1.694e+14    1.783e+14      2.100e+01    4.600e+01    2.141e-01      13.63s       5         
1    1.027e+01    1.268e+07    8.459e+08      9.000e+00    4.600e+01    1.522e-01      21.45s       7         
2    8.620e+00    2.572e+03    1.471e+04      1.700e+01    6.800e+01    8.877e-02      18.80s       10        
3    1.033e+01    5.183e+04    6.171e+01      2.100e+01    8.000e+01    6.033e-02      18.57s       3         
4    1.308e+01    6.909e+07    9.988e+01      2.100e+01    8.000e+01    5.879e-02      18.34s       5         
5    1.418e+01    1.742e+03    5.413e+02      1.900e+01    7.200e+01    5.799e-02      18.71s       6         
6    1.504e+01    1.410e+11    6.790e+03      3.300e+01    1.760e+02    4.572e-02      18.79s       10        
7    1.803e+01    1.786e+03    5.710e+03      3.300e+01    1.760e+02    4.273e-02      21.52s       9         
8    1.835e+01    1.509e+02    3.724e+01      3.300e+01    1.760e+02    4.273e-02      17.22s       10        
9    1.803e+01    9.409e+03    1.894e+04      3.100e+01    1.360e+02    4.245e-02      16.25s       8         
10   1.604e+01    2.332e+03    1.270e+03      3.100e+01    1.360e+02    4.245e-02      14.91s       9         
11   1.505e+01    2.288e+03    2.036e+02      3.100e+01    1.360e+02    4.245e-02      13.72s       9         
12   1.581e+01    1.446e+02    1.573e+04      3.100e+01    1.360e+02    4.245e-02      14.42s       10        
13   1.419e+01    3.991e+02    1.484e+03      4.300e+01    3.200e+02    4.237e-02      11.13s       11        
14   1.623e+01    4.807e+04    8.876e+01      3.900e+01    2.720e+02    4.213e-02      10.75s       12        
15   1.835e+01    1.802e+09    1.715e+11      3.900e+01    2.720e+02    4.208e-02      10.19s       13        
16   2.081e+01    4.564e+04    7.883e+01      3.900e+01    2.720e+02    4.208e-02      9.03s        12        
17   2.084e+01    8.382e+02    6.180e+02      5.500e+01    8.640e+02    4.183e-02      9.22s        12        
18   2.061e+01    3.124e+06    1.149e+04      5.500e+01    8.640e+02    4.183e-02      6.75s        12        
19   2.221e+01    1.599e+07    6.757e+02      4.100e+01    4.480e+02    4.088e-02      5.65s        12        
20   2.120e+01    7.034e+03    8.408e+04      4.700e+01    5.080e+02    4.061e-02      4.56s        14        
21   2.224e+01    7.212e+02    4.110e+01      6.100e+01    6.520e+02    4.048e-02      4.09s        15        
22   2.502e+01    1.695e+04    1.924e+03      7.500e+01    9.720e+02    3.912e-02      2.38s        18        
23   2.619e+01    3.728e+07    1.455e+07      6.900e+01    9.080e+02    3.898e-02      1.24s        15        
24   2.793e+01    2.109e+04    5.533e+02      6.900e+01    5.880e+02    3.665e-02      0.00s        15        
25   2.632e+01    2.599e+03    1.292e+03      6.700e+01    6.200e+02    3.522e-02      34.69s       17        
26   2.898e+01    1.080e+03    4.730e+02      6.700e+01    5.800e+02    3.272e-02      29.25s       18        
27   2.953e+01    1.673e+07    9.436e+01      8.900e+01    3.936e+03    3.033e-02      29.03s       20        
28   3.234e+01    2.053e+06    1.779e+01      8.900e+01    3.936e+03    3.033e-02      27.42s       24        
29   3.909e+01    1.328e+06    4.317e+04      8.900e+01    3.936e+03    3.033e-02      32.08s       30        
30   4.383e+01    3.857e+03    9.190e+01      9.300e+01    2.700e+03    2.998e-02      29.77s       32        
31   4.224e+01    2.106e+03    2.196e+01      9.500e+01    3.596e+03    2.990e-02      28.23s       34        
32   4.705e+01    1.354e+06    3.887e+01      9.500e+01    3.596e+03    2.990e-02      31.97s       34        
33   4.651e+01    2.094e+08    1.250e+01      9.500e+01    3.596e+03    2.990e-02      27.33s       32        
34   4.303e+01    6.943e+08    1.162e+01      9.500e+01    3.596e+03    2.990e-02      28.25s       32        
35   4.212e+01    1.094e+06    2.979e+03      9.500e+01    3.596e+03    2.990e-02      23.66s       31        
36   4.445e+01    4.238e+05    1.081e+01      9.500e+01    3.596e+03    2.990e-02      23.57s       30        
37   4.259e+01    2.610e+03    1.228e+01      9.500e+01    3.596e+03    2.990e-02      19.50s       31        
38   4.195e+01    2.683e+07    2.476e+01      9.500e+01    3.596e+03    2.990e-02      17.72s       33        
39   4.427e+01    2.064e+03    3.176e+01      9.500e+01    3.596e+03    2.990e-02      18.86s       33        
40   4.434e+01    1.534e+07    3.557e+01      9.500e+01    3.596e+03    2.990e-02      14.96s       31        
41   4.592e+01    1.555e+04    2.229e+03      9.500e+01    3.596e+03    2.990e-02      15.07s       32        
42   4.710e+01    1.647e+05    1.434e+01      9.500e+01    3.596e+03    2.990e-02      12.00s       33        
43   4.827e+01    1.487e+04    8.614e+02      9.500e+01    3.596e+03    2.990e-02      10.39s       34        
44   4.831e+01    5.390e+08    4.081e+03      9.700e+01    4.236e+03    2.969e-02      9.89s        35        
45   5.019e+01    6.925e+04    1.413e+04      9.700e+01    4.236e+03    2.969e-02      7.12s        36        
46   5.105e+01    1.193e+06    4.433e+02      9.700e+01    4.236e+03    2.969e-02      6.15s        35        
47   4.768e+01    1.805e+15    1.347e+01      9.700e+01    4.236e+03    2.969e-02      3.57s        34        
48   4.730e+01    1.419e+05    3.585e+01      9.700e+01    4.236e+03    2.969e-02      1.95s        34        
49   4.568e+01    7.274e+04    1.115e+03      9.700e+01    4.236e+03    2.969e-02      0.00s        30        
50   4.539e+01    3.579e+05    2.932e+01      9.700e+01    4.236e+03    2.969e-02      45.66s       30        
51   4.402e+01    1.141e+06    5.139e+03      9.300e+01    2.340e+03    2.969e-02      38.63s       27        
52   3.732e+01    2.329e+05    2.492e+01      9.300e+01    2.340e+03    2.969e-02      34.62s       29        
53   4.038e+01    5.552e+06    5.567e+01      9.300e+01    2.340e+03    2.969e-02      37.08s       29        
54   3.869e+01    1.488e+04    1.221e+03      9.300e+01    2.340e+03    2.969e-02      30.94s       31        
55   4.124e+01    6.748e+06    2.166e+03      9.300e+01    2.340e+03    2.969e-02      30.90s       30        
56   4.062e+01    2.869e+04    1.686e+05      9.300e+01    2.340e+03    2.969e-02      29.40s       30        
57   4.142e+01    2.949e+03    4.746e+02      9.300e+01    2.340e+03    2.969e-02      28.26s       29        
58   4.228e+01    2.040e+09    1.171e+02      9.300e+01    2.340e+03    2.969e-02      29.55s       30        
59   4.451e+01    3.609e+03    4.216e+01      9.300e+01    2.340e+03    2.969e-02      25.09s       29        
60   4.013e+01    3.951e+04    3.784e+01      9.300e+01    2.340e+03    2.969e-02      25.57s       27        
61   3.858e+01    5.660e+03    1.296e+03      9.300e+01    2.340e+03    2.969e-02      19.65s       27        
62   3.939e+01    2.341e+03    8.339e+02      9.300e+01    2.340e+03    2.969e-02      19.06s       23        
63   4.243e+01    3.451e+03    5.609e+03      9.300e+01    2.340e+03    2.969e-02      19.34s       23        
64   4.120e+01    1.243e+04    4.305e+01      9.300e+01    2.340e+03    2.969e-02      15.96s       22        
65   4.317e+01    3.656e+03    2.921e+07      9.300e+01    2.340e+03    2.969e-02      14.24s       23        
66   4.267e+01    7.703e+05    1.876e+06      9.500e+01    3.300e+03    2.968e-02      14.62s       23        
67   4.569e+01    7.744e+03    2.478e+03      9.500e+01    3.300e+03    2.968e-02      11.53s       23        
68   4.851e+01    4.047e+10    4.790e+01      8.500e+01    1.284e+03    2.960e-02      11.46s       19        
69   3.740e+01    4.365e+05    8.461e+02      8.500e+01    1.284e+03    2.960e-02      8.04s        19        
70   3.585e+01    3.059e+03    1.524e+02      8.500e+01    1.284e+03    2.960e-02      5.92s        19        
71   3.719e+01    4.681e+08    1.587e+04      8.500e+01    1.284e+03    2.960e-02      5.01s        20        
72   3.620e+01    4.031e+03    4.319e+01      8.500e+01    1.284e+03    2.960e-02      2.97s        20        
73   3.644e+01    2.142e+05    8.512e+01      8.500e+01    1.284e+03    2.960e-02      1.51s        21        
74   3.713e+01    3.601e+04    1.956e+03      8.500e+01    1.284e+03    2.960e-02      0.00s        19        
75   3.202e+01    5.690e+07    2.515e+02      8.500e+01    1.284e+03    2.960e-02      34.95s       16        
76   2.611e+01    1.066e+07    6.230e+01      8.500e+01    1.284e+03    2.960e-02      30.27s       16        
77   2.709e+01    4.837e+03    4.678e+01      2.300e+01    2.920e+02    2.742e-02      27.16s       14        
78   1.961e+01    1.025e+05    5.714e+02      2.300e+01    2.920e+02    2.742e-02      29.10s       14        
79   1.586e+01    4.507e+04    7.324e+00      2.300e+01    2.920e+02    2.742e-02      21.08s       14        
80   1.553e+01    2.333e+04    9.980e+00      2.300e+01    2.920e+02    2.742e-02      19.61s       15        
81   1.615e+01    9.878e+05    9.879e+03      3.500e+01    1.540e+03    1.857e-02      18.33s       16        
82   1.593e+01    7.406e+02    3.520e+02      3.500e+01    1.540e+03    1.857e-02      17.85s       17        
83   1.753e+01    1.079e+06    6.974e+02      3.500e+01    1.540e+03    1.857e-02      20.09s       17        
84   1.828e+01    9.484e+03    8.616e+02      3.500e+01    1.540e+03    1.857e-02      16.25s       18        
85   1.831e+01    5.859e+10    5.991e+01      3.500e+01    1.540e+03    1.857e-02      15.28s       19        
86   1.957e+01    6.195e+04    2.777e+09      3.500e+01    1.540e+03    1.857e-02      14.11s       19        
87   1.889e+01    5.748e+11    3.811e+02      3.500e+01    1.540e+03    1.857e-02      13.94s       19        
88   2.036e+01    2.545e+05    2.566e+05      3.500e+01    1.540e+03    1.857e-02      14.78s       20        
89   2.033e+01    1.475e+04    2.580e+01      3.500e+01    1.540e+03    1.857e-02      11.67s       21        
90   2.091e+01    1.233e+06    2.234e+02      3.500e+01    1.540e+03    1.857e-02      10.27s       21        
91   2.011e+01    5.448e+04    6.035e+02      3.500e+01    1.540e+03    1.857e-02      9.77s        23        
92   1.954e+01    2.436e+05    2.439e+03      3.500e+01    1.540e+03    1.857e-02      8.10s        24        
93   2.150e+01    2.003e+05    4.901e+02      4.900e+01    1.168e+04    1.797e-02      8.08s        25        
94   2.237e+01    1.085e+04    5.049e+03      4.900e+01    1.168e+04    1.797e-02      5.99s        26        
95   2.231e+01    3.048e+06    2.218e+04      4.900e+01    1.168e+04    1.795e-02      4.80s        23        
96   2.441e+01    5.698e+08    3.865e+05      5.100e+01    1.480e+04    1.791e-02      3.65s        26        
97   2.529e+01    1.953e+04    7.515e+00      5.100e+01    1.480e+04    1.791e-02      3.02s        27        
98   2.609e+01    8.486e+04    3.675e+02      5.100e+01    1.480e+04    1.791e-02      1.27s        29        
99   2.676e+01    2.917e+08    5.715e+00      5.100e+01    1.480e+04    1.791e-02      0.00s        30        
100  2.680e+01    2.118e+09    9.988e+03      5.300e+01    2.104e+04    1.782e-02      31.33s       33        
101  2.704e+01    1.308e+05    2.281e+03      5.300e+01    2.104e+04    1.782e-02      33.56s       33        
102  2.797e+01    1.029e+06    1.751e+01      5.300e+01    2.104e+04    1.782e-02      28.40s       33        
103  2.894e+01    7.414e+05    8.666e+07      4.900e+01    1.688e+04    1.780e-02      26.92s       33        
104  2.812e+01    4.637e+05    2.632e+02      5.100e+01    2.312e+04    1.775e-02      26.41s       33        
105  2.885e+01    1.201e+11    2.358e+01      5.100e+01    2.312e+04    1.775e-02      29.81s       31        
106  2.776e+01    2.848e+05    2.986e+04      5.100e+01    2.312e+04    1.775e-02      23.63s       30        
107  2.635e+01    3.160e+04    6.749e+05      5.100e+01    2.312e+04    1.767e-02      22.40s       30        
108  2.606e+01    6.145e+05    2.951e+03      5.100e+01    2.312e+04    1.767e-02      19.81s       30        
109  2.514e+01    1.633e+05    3.547e+02      5.100e+01    2.312e+04    1.767e-02      21.95s       30        
110  2.507e+01    6.922e+04    2.486e+03      5.100e+01    2.312e+04    1.767e-02      17.84s       30        
111  2.531e+01    3.086e+07    8.988e+04      5.100e+01    2.312e+04    1.767e-02      16.48s       33        
112  2.616e+01    7.323e+04    7.874e+02      8.900e+01    2.513e+07    1.759e-02      15.43s       34        
113  2.747e+01    2.910e+07    6.993e+04      8.700e+01    1.911e+07    1.735e-02      16.59s       35        
114  2.849e+01    3.584e+07    5.699e+03      8.700e+01    1.911e+07    1.735e-02      12.87s       34        
115  2.928e+01    1.308e+07    1.662e+02      8.900e+01    2.351e+07    1.733e-02      11.94s       36        
116  2.875e+01    1.848e+07    1.435e+03      8.900e+01    2.351e+07    1.733e-02      10.41s       32        
117  2.637e+01    2.224e+08    6.182e+02      8.900e+01    2.351e+07    1.733e-02      10.55s       31        
118  2.740e+01    4.377e+12    6.003e+00      7.100e+01    1.080e+06    1.724e-02      7.69s        30        
119  2.632e+01    7.212e+07    3.080e+01      7.100e+01    1.080e+06    1.724e-02      6.35s        31        
120  2.557e+01    3.864e+07    1.682e+03      7.100e+01    1.080e+06    1.724e-02      4.96s        32        
121  2.708e+01    1.608e+09    5.738e+04      7.100e+01    1.080e+06    1.724e-02      4.44s        32        
122  2.759e+01    2.359e+07    5.698e+02      7.100e+01    1.080e+06    1.724e-02      2.52s        31        
123  2.603e+01    1.326e+07    1.282e+03      7.100e+01    1.080e+06    1.724e-02      1.23s        32        
124  2.808e+01    8.346e+13    3.709e+02      7.100e+01    1.167e+06    1.723e-02      0.00s        33        
125  3.075e+01    7.528e+09    3.552e+02      7.100e+01    1.167e+06    1.723e-02      37.44s       33        
126  3.054e+01    1.088e+11    2.186e+03      7.100e+01    1.167e+06    1.723e-02      31.67s       33        
127  3.229e+01    8.281e+07    9.148e+03      7.100e+01    1.167e+06    1.723e-02      29.86s       33        
128  3.051e+01    1.355e+09    1.159e+05      7.100e+01    1.167e+06    1.723e-02      28.01s       33        
129  3.023e+01    8.136e+07    2.519e+03      6.900e+01    9.924e+05    1.722e-02      30.99s       32        
130  2.837e+01    2.024e+08    3.877e+02      6.900e+01    9.924e+05    1.722e-02      24.27s       32        
131  2.991e+01    6.259e+07    1.022e+01      6.900e+01    9.924e+05    1.722e-02      23.24s       33        
132  2.949e+01    9.481e+07    4.443e+04      6.900e+01    9.924e+05    1.722e-02      22.56s       33        
133  2.891e+01    2.988e+09    6.717e+00      6.900e+01    9.924e+05    1.722e-02      24.18s       33        
134  2.941e+01    4.414e+06    3.307e+03      7.100e+01    1.819e+06    1.721e-02      19.79s       35        
135  3.184e+01    6.253e+06    1.654e+03      7.300e+01    6.419e+05    1.720e-02      18.70s       33        
136  2.883e+01    1.352e+08    7.334e+02      7.300e+01    6.419e+05    1.720e-02      17.85s       34        
137  3.207e+01    8.970e+06    4.596e+04      7.900e+01    1.031e+07    1.711e-02      16.14s       34        
138  3.092e+01    4.766e+09    8.694e+01      7.900e+01    1.491e+07    1.702e-02      15.58s       35        
139  3.233e+01    7.587e+09    4.694e+05      7.900e+01    1.491e+07    1.702e-02      13.83s       34        
140  3.103e+01    1.588e+08    2.372e+01      7.900e+01    1.491e+07    1.702e-02      14.71s       34        
141  3.105e+01    6.303e+09    1.558e+04      7.700e+01    8.781e+06    1.702e-02      11.34s       36        
142  3.386e+01    5.787e+09    9.373e+02      7.700e+01    8.781e+06    1.702e-02      9.98s        37        
143  3.740e+01    4.063e+13    1.203e+03      7.700e+01    8.781e+06    1.702e-02      9.87s        36        
144  3.703e+01    5.267e+08    3.341e+04      7.700e+01    8.781e+06    1.702e-02      7.56s        34        
145  3.300e+01    1.074e+08    6.258e+02      7.700e+01    8.781e+06    1.702e-02      5.90s        34        
146  3.291e+01    3.154e+08    8.812e+02      7.700e+01    8.781e+06    1.702e-02      4.96s        38        
147  3.560e+01    3.963e+11    3.644e+01      7.700e+01    8.781e+06    1.702e-02      2.95s        38        
148  3.573e+01    6.942e+12    7.616e+02      7.700e+01    8.781e+06    1.702e-02      1.45s        38        
149  3.655e+01    4.547e+09    3.468e+02      7.700e+01    8.781e+06    1.702e-02      0.00s        38        
150  3.706e+01    1.485e+13    1.832e+05      7.700e+01    8.781e+06    1.702e-02      41.65s       37        
151  3.475e+01    1.876e+08    3.064e+01      7.700e+01    8.781e+06    1.702e-02      33.09s       38        
152  3.553e+01    4.114e+07    1.023e+05      7.700e+01    8.781e+06    1.702e-02      31.97s       39        
153  3.862e+01    1.979e+09    1.221e+03      7.700e+01    8.781e+06    1.702e-02      35.03s       37        
154  3.856e+01    8.263e+10    4.427e+04      7.700e+01    8.781e+06    1.702e-02      30.63s       40        
155  4.077e+01    8.572e+09    9.924e+00      7.300e+01    2.426e+06    1.702e-02      28.66s       38        
156  3.722e+01    6.046e+08    1.048e+03      7.300e+01    2.426e+06    1.702e-02      31.95s       38        
157  3.674e+01    6.955e+07    2.256e+01      7.300e+01    2.426e+06    1.702e-02      25.91s       39        
158  3.531e+01    1.493e+07    6.996e+02      7.300e+01    2.426e+06    1.702e-02      24.02s       38        
159  3.564e+01    7.731e+11    3.540e+02      7.300e+01    2.426e+06    1.702e-02      25.94s       37        
160  3.630e+01    2.848e+08    1.189e+04      7.300e+01    2.426e+06    1.702e-02      21.00s       37        
161  3.450e+01    5.824e+07    6.179e+03      7.300e+01    2.426e+06    1.702e-02      19.06s       37        
162  3.563e+01    2.305e+08    1.640e+03      7.300e+01    2.426e+06    1.702e-02      17.52s       37        
163  3.366e+01    7.907e+07    3.909e+03      7.300e+01    2.426e+06    1.702e-02      18.65s       37        
164  3.454e+01    6.576e+07    5.566e+02      7.300e+01    2.426e+06    1.702e-02      14.51s       37        
165  3.422e+01    3.017e+07    1.229e+01      7.300e+01    2.426e+06    1.702e-02      12.55s       37        
166  3.360e+01    1.883e+10    8.481e+03      7.300e+01    2.426e+06    1.702e-02      13.19s       34        
167  3.300e+01    1.243e+09    1.554e+04      7.300e+01    2.426e+06    1.702e-02      10.27s       33        
168  3.034e+01    1.769e+09    1.263e+01      7.300e+01    2.426e+06    1.702e-02      8.53s        32        
169  2.905e+01    1.624e+11    4.402e+01      7.500e+01    3.220e+06    1.693e-02      6.65s        33        
170  3.105e+01    7.144e+08    8.930e+02      7.500e+01    3.220e+06    1.693e-02      6.33s        33        
171  3.040e+01    2.430e+10    1.179e+02      7.500e+01    3.220e+06    1.693e-02      4.04s        34        
172  3.064e+01    5.489e+08    7.125e+02      7.500e+01    3.220e+06    1.693e-02      2.72s        34        
173  2.893e+01    1.101e+10    1.441e+10      7.500e+01    3.220e+06    1.693e-02      1.58s        34        
174  2.999e+01    1.060e+08    3.702e+03      7.500e+01    3.220e+06    1.693e-02      0.00s        34        
175  2.957e+01    8.674e+06    3.413e+05      7.500e+01    3.220e+06    1.693e-02      31.15s       34        
176  3.059e+01    1.032e+08    1.079e+03      7.500e+01    3.220e+06    1.693e-02      30.94s       35        
177  3.042e+01    5.279e+07    1.101e+11      7.500e+01    3.220e+06    1.693e-02      35.87s       35        
178  3.035e+01    8.377e+06    3.465e+02      7.500e+01    3.220e+06    1.693e-02      28.87s       36        
179  3.157e+01    9.707e+06    2.761e+03      7.900e+01    6.795e+06    1.682e-02      27.92s       37        
180  3.290e+01    1.301e+08    3.597e+02      7.900e+01    6.795e+06    1.682e-02      26.68s       37        
181  3.377e+01    8.258e+09    4.051e+02      7.900e+01    6.795e+06    1.682e-02      30.19s       37        
182  3.286e+01    3.019e+10    7.417e+03      7.900e+01    6.795e+06    1.682e-02      25.28s       37        
183  3.287e+01    7.163e+07    4.884e+04      7.900e+01    6.795e+06    1.682e-02      24.13s       38        
184  3.292e+01    3.315e+08    9.602e+02      7.900e+01    6.795e+06    1.682e-02      25.19s       39        
185  3.347e+01    1.269e+08    3.527e+02      7.900e+01    6.795e+06    1.682e-02      20.11s       37        
186  3.350e+01    2.159e+09    2.192e+07      7.900e+01    6.795e+06    1.682e-02      19.22s       37        
187  3.084e+01    9.501e+06    3.415e+02      7.900e+01    6.795e+06    1.682e-02      17.08s       36        
188  3.148e+01    1.061e+07    6.430e+02      7.900e+01    6.795e+06    1.682e-02      18.30s       35        
189  3.050e+01    5.136e+06    4.950e+01      7.900e+01    6.795e+06    1.682e-02      13.99s       35        
190  3.009e+01    1.631e+08    1.761e+07      7.900e+01    6.795e+06    1.682e-02      12.70s       36        
191  2.949e+01    1.433e+07    2.437e+01      7.900e+01    6.795e+06    1.682e-02      10.94s       36        
192  2.985e+01    3.158e+08    8.778e+02      7.900e+01    6.795e+06    1.682e-02      11.08s       37        
193  3.084e+01    2.466e+08    1.057e+03      7.900e+01    6.795e+06    1.682e-02      8.31s        36        
194  2.974e+01    1.502e+06    3.443e+01      7.900e+01    6.795e+06    1.682e-02      6.90s        36        
195  2.968e+01    2.773e+08    1.201e+03      7.900e+01    6.795e+06    1.682e-02      6.53s        36        
196  3.082e+01    1.467e+08    8.619e+02      7.900e+01    6.795e+06    1.682e-02      4.10s        36        
197  3.021e+01    1.324e+07    2.232e+04      7.900e+01    6.795e+06    1.682e-02      2.75s        36        
198  3.002e+01    5.142e+09    7.925e+02      7.900e+01    6.795e+06    1.682e-02      1.36s        36        
199  3.052e+01    1.164e+07    1.651e+04      7.900e+01    6.795e+06    1.682e-02      0.00s        37        
200  3.123e+01    1.726e+07    7.029e+02      8.500e+01    2.338e+07    1.679e-02      33.58s       39        
201  3.291e+01    2.332e+08    1.001e+05      8.500e+01    2.338e+07    1.679e-02      32.65s       40        
202  3.330e+01    2.777e+07    2.519e+03      8.500e+01    2.338e+07    1.679e-02      31.41s       38        
203  3.205e+01    2.114e+07    1.821e+16      8.300e+01    2.314e+07    1.678e-02      35.80s       35        
204  3.088e+01    6.101e+08    2.614e+05      8.900e+01    2.032e+08    1.676e-02      28.43s       36        
205  3.251e+01    2.704e+07    1.390e+03      8.900e+01    2.506e+08    1.674e-02      26.30s       37        
206  3.395e+01    8.251e+12    4.083e+02      9.500e+01    1.901e+09    1.673e-02      26.04s       39        
207  3.456e+01    1.106e+12    6.571e+02      9.500e+01    1.901e+09    1.673e-02      24.70s       39        
208  3.561e+01    3.380e+11    7.421e+02      9.500e+01    1.901e+09    1.662e-02      24.14s       39        
209  3.554e+01    2.342e+11    1.200e+03      9.500e+01    1.901e+09    1.662e-02      22.39s       38        
210  3.665e+01    3.681e+09    3.578e+01      9.500e+01    1.901e+09    1.662e-02      25.75s       39        
211  3.456e+01    3.305e+11    7.748e+02      9.500e+01    1.901e+09    1.662e-02      19.67s       40        
212  3.306e+01    1.984e+10    5.550e+02      9.100e+01    9.432e+08    1.652e-02      18.14s       40        
213  3.668e+01    5.959e+12    6.781e+02      9.100e+01    9.432e+08    1.652e-02      19.13s       40        
214  3.534e+01    3.666e+12    2.838e+01      9.100e+01    9.432e+08    1.652e-02      15.35s       41        
215  3.661e+01    4.262e+13    2.222e+01      9.100e+01    9.432e+08    1.652e-02      13.52s       42        
216  3.839e+01    1.085e+13    1.141e+01      9.100e+01    9.432e+08    1.652e-02      12.22s       42        
217  4.059e+01    1.253e+13    1.250e+03      9.100e+01    9.432e+08    1.652e-02      10.80s       42        
218  3.914e+01    7.624e+12    1.681e+06      9.100e+01    9.432e+08    1.652e-02      9.41s        42        
219  3.758e+01    2.412e+12    1.547e+03      9.100e+01    9.432e+08    1.652e-02      9.01s        40        
220  3.485e+01    1.724e+10    7.612e+00      9.100e+01    9.432e+08    1.652e-02      5.86s        41        
221  3.647e+01    5.409e+09    9.595e+02      9.500e+01    3.243e+08    1.650e-02      4.46s        41        
222  3.551e+01    2.195e+12    4.017e+02      1.070e+02    1.229e+10    1.634e-02      2.99s        42        
223  3.765e+01    1.759e+10    2.257e+06      1.070e+02    1.229e+10    1.634e-02      1.79s        42        
224  3.977e+01    2.277e+12    1.016e+12      1.070e+02    1.229e+10    1.634e-02      0.00s        44        
225  4.183e+01    1.857e+16    1.031e+04      1.070e+02    1.229e+10    1.634e-02      37.60s       44        
226  4.166e+01    1.149e+13    8.703e+04      1.070e+02    1.229e+10    1.634e-02      43.00s       45        
227  4.028e+01    2.022e+13    1.915e+03      1.070e+02    1.229e+10    1.634e-02      34.73s       46        
228  4.234e+01    3.592e+14    1.406e+03      1.070e+02    1.229e+10    1.634e-02      35.18s       46        
229  4.238e+01    2.609e+15    3.914e+01      1.070e+02    1.229e+10    1.634e-02      38.76s       46        
230  4.360e+01    4.261e+12    8.015e+02      1.070e+02    1.229e+10    1.634e-02      32.34s       46        
231  4.135e+01    3.248e+14    8.122e+03      1.070e+02    1.229e+10    1.634e-02      33.87s       46        
232  4.022e+01    1.434e+13    3.536e+02      1.070e+02    1.229e+10    1.634e-02      28.58s       46        
233  4.168e+01    1.814e+12    1.250e+01      1.070e+02    1.229e+10    1.634e-02      26.58s       46        
234  4.205e+01    2.720e+14    1.018e+03      1.070e+02    1.229e+10    1.634e-02      29.39s       47        
235  4.179e+01    1.092e+12    3.488e+03      1.070e+02    1.229e+10    1.634e-02      23.67s       47        
236  4.197e+01    3.126e+12    1.332e+06      1.070e+02    1.229e+10    1.634e-02      21.62s       49        
237  4.525e+01    1.028e+14    3.409e+02      1.070e+02    1.229e+10    1.634e-02      23.54s       49        
238  4.665e+01    2.032e+15    1.258e+01      1.070e+02    1.229e+10    1.634e-02      19.28s       48        
239  4.578e+01    3.089e+15    7.053e+02      1.070e+02    1.229e+10    1.634e-02      17.43s       49        
240  4.268e+01    9.764e+11    1.586e+03      1.070e+02    1.229e+10    1.634e-02      18.04s       48        
241  4.201e+01    2.573e+15    2.353e+04      1.070e+02    1.229e+10    1.634e-02      12.81s       48        
242  4.219e+01    4.810e+16    4.188e+00      1.070e+02    1.229e+10    1.634e-02      11.61s       48        
243  4.069e+01    1.907e+12    2.128e+03      1.070e+02    1.229e+10    1.634e-02      11.45s       48        
244  4.377e+01    1.933e+12    1.575e+04      1.070e+02    1.229e+10    1.634e-02      8.45s        49        
245  4.313e+01    8.137e+10    2.346e+03      1.070e+02    1.229e+10    1.634e-02      7.78s        48        
246  4.341e+01    1.599e+14    1.489e+03      1.050e+02    1.452e+10    1.633e-02      5.10s        50        
247  4.585e+01    2.246e+13    1.571e+01      1.050e+02    1.452e+10    1.633e-02      3.29s        50        
248  4.466e+01    6.435e+14    3.680e+02      1.050e+02    1.452e+10    1.633e-02      1.72s        50        
249  4.434e+01    3.578e+13    5.713e+02      1.050e+02    1.452e+10    1.633e-02      0.00s        50        
250  4.678e+01    4.878e+10    1.885e+01      1.050e+02    1.452e+10    1.633e-02      41.35s       47        
251  4.187e+01    8.729e+12    3.335e+03      1.050e+02    1.452e+10    1.633e-02      45.12s       48        
252  4.212e+01    1.854e+13    7.004e+01      1.050e+02    1.452e+10    1.633e-02      36.87s       47        
253  4.133e+01    7.105e+17    4.841e+02      1.050e+02    1.452e+10    1.633e-02      35.51s       48        
254  4.225e+01    6.907e+12    1.477e+03      1.050e+02    1.452e+10    1.633e-02      38.45s       49        
255  4.244e+01    1.902e+14    7.219e+02      1.050e+02    1.452e+10    1.633e-02      31.17s       49        
256  4.280e+01    5.188e+16    1.578e+04      1.050e+02    1.452e+10    1.633e-02      29.25s       50        
257  4.212e+01    4.027e+09    5.134e+00      1.050e+02    1.452e+10    1.633e-02      32.77s       50        
258  4.366e+01    6.677e+14    2.499e+03      1.050e+02    1.452e+10    1.633e-02      26.79s       50        
259  4.166e+01    2.096e+13    7.242e+03      1.050e+02    1.452e+10    1.633e-02      24.69s       47        
260  3.938e+01    2.903e+15    2.831e+03      1.050e+02    1.452e+10    1.633e-02      25.81s       48        
261  4.288e+01    2.592e+13    1.359e+01      1.050e+02    1.452e+10    1.633e-02      20.68s       48        
262  4.112e+01    4.508e+12    6.758e+02      1.050e+02    1.452e+10    1.633e-02      19.16s       48        
263  4.072e+01    1.139e+12    5.961e+02      1.050e+02    1.452e+10    1.633e-02      20.88s       44        
264  3.789e+01    7.434e+12    7.407e+02      1.050e+02    1.452e+10    1.633e-02      16.21s       45        
265  3.908e+01    4.556e+13    1.708e+06      1.050e+02    1.452e+10    1.633e-02      14.43s       45        
266  3.992e+01    1.496e+12    8.055e+04      1.050e+02    1.452e+10    1.633e-02      14.98s       45        
267  4.085e+01    5.823e+16    4.932e+00      1.050e+02    1.452e+10    1.633e-02      11.23s       45        
268  4.280e+01    1.102e+13    8.831e+02      1.050e+02    1.452e+10    1.633e-02      9.77s        45        
269  4.227e+01    1.231e+12    6.035e+00      1.050e+02    1.452e+10    1.633e-02      9.74s        45        
270  3.926e+01    7.332e+10    2.195e+03      1.050e+02    1.452e+10    1.633e-02      6.62s        45        
271  3.835e+01    9.469e+11    1.175e+03      1.050e+02    1.452e+10    1.633e-02      4.97s        43        
272  3.819e+01    3.182e+14    1.816e+03      1.050e+02    1.397e+08    1.632e-02      3.77s        43        
273  3.687e+01    4.040e+15    2.038e+06      1.050e+02    1.397e+08    1.632e-02      1.58s        43        
274  3.834e+01    2.041e+09    3.448e+02      1.050e+02    1.397e+08    1.632e-02      0.00s        43        
275  3.779e+01    3.542e+09    7.134e+02      1.050e+02    1.397e+08    1.632e-02      37.47s       43        
276  3.851e+01    7.488e+10    1.816e+03      1.050e+02    1.397e+08    1.632e-02      35.52s       43        
277  3.789e+01    1.486e+11    3.379e+03      1.050e+02    1.397e+08    1.632e-02      33.87s       43        
278  3.742e+01    7.619e+12    3.039e+04      1.050e+02    1.397e+08    1.632e-02      32.56s       43        
279  3.801e+01    6.560e+09    2.394e+03      1.110e+02    1.398e+08    1.627e-02      37.31s       44        
280  4.154e+01    3.393e+11    9.801e+02      1.110e+02    1.398e+08    1.627e-02      30.48s       44        
281  3.966e+01    2.959e+13    2.545e+01      1.110e+02    1.398e+08    1.627e-02      29.62s       46        
282  3.969e+01    1.014e+09    1.705e+03      1.110e+02    1.398e+08    1.627e-02      31.78s       44        
283  3.999e+01    1.754e+10    1.085e+04      1.090e+02    1.398e+08    1.609e-02      25.70s       44        
284  3.754e+01    1.140e+08    2.693e+04      1.090e+02    1.398e+08    1.609e-02      23.02s       44        
285  3.636e+01    1.458e+10    6.524e+02      1.090e+02    1.398e+08    1.609e-02      24.97s       45        
286  3.991e+01    2.037e+10    6.673e+01      1.090e+02    1.398e+08    1.609e-02      20.24s       46        
287  4.432e+01    6.605e+11    5.726e+03      1.090e+02    1.398e+08    1.609e-02      19.96s       46        
288  4.065e+01    7.955e+09    3.174e+02      1.090e+02    1.398e+08    1.609e-02      18.44s       46        
289  4.088e+01    3.180e+10    1.681e+01      1.090e+02    1.395e+08    1.609e-02      16.51s       47        
290  4.038e+01    3.597e+09    4.989e+01      1.090e+02    1.395e+08    1.609e-02      14.96s       44        
291  3.984e+01    4.041e+09    7.718e+11      1.090e+02    1.395e+08    1.609e-02      15.51s       45        
292  3.759e+01    7.519e+08    2.697e+01      1.090e+02    1.395e+08    1.609e-02      11.27s       46        
293  3.981e+01    1.530e+09    4.387e+03      1.090e+02    1.395e+08    1.609e-02      9.69s        47        
294  4.101e+01    2.150e+10    7.014e+02      1.090e+02    1.395e+08    1.609e-02      8.02s        46        
295  4.117e+01    5.151e+10    1.685e+01      7.500e+01    4.746e+04    1.556e-02      7.61s        42        
296  3.369e+01    4.969e+08    2.115e+02      7.500e+01    4.746e+04    1.556e-02      4.64s        42        
297  3.159e+01    5.334e+05    6.937e+02      7.500e+01    4.746e+04    1.556e-02      2.91s        42        
298  3.403e+01    2.094e+07    7.834e+08      7.500e+01    4.746e+04    1.556e-02      1.76s        43        
299  3.417e+01    1.026e+05    1.648e+03      8.100e+01    5.682e+04    1.474e-02      0.00s        43        
300  3.632e+01    6.487e+05    5.065e+02      8.500e+01    7.710e+04    1.433e-02      36.39s       43        
301  3.762e+01    1.584e+09    5.592e+02      8.500e+01    7.710e+04    1.433e-02      34.15s       42        
302  3.640e+01    3.367e+05    3.695e+02      8.900e+01    2.624e+05    1.415e-02      40.56s       44        
303  3.933e+01    2.401e+08    3.487e+01      8.900e+01    2.624e+05    1.415e-02      32.10s       44        
304  4.148e+01    1.607e+09    2.220e+05      8.900e+01    2.624e+05    1.415e-02      32.34s       44        
305  4.120e+01    1.110e+08    6.866e+02      8.500e+01    2.540e+05    1.393e-02      37.03s       44        
306  4.179e+01    2.358e+12    1.580e+04      8.500e+01    2.540e+05    1.393e-02      29.88s       46        
307  4.276e+01    2.748e+06    6.127e+06      8.500e+01    2.540e+05    1.388e-02      28.57s       45        
308  3.842e+01    6.123e+05    8.680e+02      8.500e+01    2.540e+05    1.388e-02      27.11s       47        
309  4.267e+01    1.924e+06    2.540e+03      8.500e+01    2.540e+05    1.388e-02      24.10s       48        
310  4.247e+01    1.068e+07    4.084e+02      8.500e+01    2.540e+05    1.388e-02      22.28s       46        
311  3.938e+01    1.354e+07    2.566e+04      8.500e+01    2.540e+05    1.388e-02      25.05s       46        
312  3.983e+01    9.068e+06    2.095e+03      8.500e+01    2.540e+05    1.388e-02      18.92s       47        
313  3.856e+01    6.863e+05    2.013e+01      8.500e+01    2.540e+05    1.388e-02      17.75s       46        
314  4.189e+01    2.064e+06    1.078e+02      8.500e+01    2.540e+05    1.388e-02      16.07s       48        
315  4.107e+01    9.649e+07    2.056e+01      8.500e+01    2.540e+05    1.388e-02      17.24s       51        
316  4.329e+01    5.084e+06    7.639e+02      8.500e+01    2.540e+05    1.388e-02      13.19s       53        
317  4.381e+01    3.343e+08    4.794e+06      8.500e+01    2.540e+05    1.388e-02      11.63s       48        
318  4.238e+01    2.530e+06    3.947e+02      8.500e+01    2.540e+05    1.388e-02      12.18s       49        
319  4.293e+01    4.456e+07    9.530e+05      8.500e+01    2.540e+05    1.388e-02      8.79s        47        
320  4.177e+01    7.422e+05    1.504e+03      8.500e+01    2.540e+05    1.388e-02      6.67s        50        
321  4.137e+01    5.871e+10    8.054e+02      8.500e+01    2.540e+05    1.388e-02      5.96s        51        
322  4.520e+01    1.366e+07    3.404e+05      8.500e+01    2.540e+05    1.388e-02      3.45s        49        
323  4.130e+01    5.069e+06    1.193e+02      8.500e+01    2.540e+05    1.388e-02      1.80s        49        
324  4.316e+01    1.271e+06    2.041e+04      8.500e+01    2.540e+05    1.388e-02      0.00s        47        
325  4.125e+01    8.158e+06    1.050e+03      8.500e+01    2.540e+05    1.388e-02      41.04s       47        
326  3.866e+01    1.994e+06    1.788e+04      8.500e+01    2.540e+05    1.388e-02      35.60s       48        
327  3.955e+01    5.699e+06    4.038e+02      8.500e+01    2.540e+05    1.388e-02      42.08s       48        
328  4.215e+01    5.986e+08    9.492e+00      8.500e+01    2.540e+05    1.388e-02      34.81s       49        
329  4.069e+01    5.318e+10    4.820e+03      8.500e+01    2.540e+05    1.388e-02      33.04s       49        
330  4.305e+01    1.070e+06    1.765e+03      8.500e+01    2.540e+05    1.388e-02      37.14s       49        
331  4.162e+01    5.234e+05    3.411e+02      8.500e+01    2.540e+05    1.388e-02      30.17s       49        
332  4.191e+01    1.437e+07    4.158e+02      8.500e+01    2.540e+05    1.388e-02      27.55s       50        
333  4.163e+01    2.118e+11    1.812e+03      8.500e+01    2.540e+05    1.388e-02      26.77s       51        
334  4.171e+01    4.496e+05    3.326e+01      8.500e+01    2.540e+05    1.388e-02      25.05s       50        
335  4.063e+01    3.748e+07    1.665e+12      8.500e+01    2.540e+05    1.388e-02      22.94s       51        
336  4.337e+01    4.662e+09    5.148e+06      8.500e+01    2.540e+05    1.388e-02      21.80s       54        
337  4.496e+01    4.549e+07    1.787e+03      8.500e+01    2.540e+05    1.388e-02      20.62s       54        
338  4.229e+01    5.919e+06    4.923e+00      8.500e+01    2.540e+05    1.388e-02      18.86s       51        
339  4.237e+01    5.035e+05    9.519e+02      8.500e+01    2.540e+05    1.388e-02      18.16s       51        
340  4.225e+01    7.191e+07    2.742e+01      8.500e+01    2.540e+05    1.388e-02      15.24s       52        
341  4.278e+01    1.108e+07    2.213e+01      8.900e+01    1.129e+06    1.379e-02      13.51s       53        
342  4.228e+01    1.049e+10    1.164e+03      8.900e+01    1.129e+06    1.379e-02      14.09s       53        
343  4.277e+01    3.931e+07    1.119e+04      7.700e+01    1.183e+05    1.379e-02      10.30s       51        
344  4.275e+01    5.405e+05    7.028e+06      7.700e+01    1.183e+05    1.379e-02      8.57s        50        
345  4.357e+01    2.337e+10    1.319e+04      7.700e+01    1.183e+05    1.379e-02      7.08s        51        
346  4.203e+01    2.562e+06    6.679e+02      7.700e+01    1.183e+05    1.379e-02      5.06s        52        
347  4.323e+01    4.982e+06    5.269e+03      7.700e+01    1.183e+05    1.379e-02      3.33s        51        
348  4.344e+01    1.120e+09    5.495e+01      7.700e+01    1.183e+05    1.379e-02      2.06s        52        
349  4.262e+01    7.729e+05    6.358e+01      7.700e+01    1.183e+05    1.379e-02      0.00s        49        
350  4.118e+01    8.085e+05    1.057e+03      7.700e+01    1.183e+05    1.379e-02      40.09s       51        
351  4.328e+01    1.854e+06    1.522e+04      7.700e+01    1.183e+05    1.379e-02      45.59s       51        
352  4.213e+01    2.680e+08    1.478e+01      7.700e+01    1.183e+05    1.379e-02      37.79s       51        
353  4.232e+01    4.097e+06    3.410e+02      7.700e+01    1.183e+05    1.379e-02      34.94s       52        
354  4.398e+01    2.229e+06    1.612e+03      7.700e+01    1.183e+05    1.379e-02      35.61s       53        
355  4.293e+01    8.292e+13    4.209e+02      7.700e+01    1.183e+05    1.379e-02      32.70s       55        
356  4.288e+01    1.342e+07    4.812e+01      7.700e+01    1.183e+05    1.379e-02      31.03s       56        
357  4.587e+01    2.010e+09    1.242e+02      7.700e+01    1.183e+05    1.376e-02      35.23s       57        
358  4.459e+01    9.791e+05    7.646e+03      7.700e+01    1.183e+05    1.376e-02      28.02s       58        
359  4.477e+01    4.440e+07    7.756e+01      7.700e+01    1.183e+05    1.376e-02      26.39s       57        
360  4.573e+01    6.154e+06    4.110e+03      7.700e+01    1.183e+05    1.376e-02      29.77s       54        
361  4.356e+01    3.975e+05    3.482e+02      7.700e+01    1.183e+05    1.376e-02      22.40s       53        
362  4.434e+01    3.231e+06    6.780e+02      7.700e+01    1.183e+05    1.376e-02      20.61s       53        
363  4.385e+01    6.215e+09    4.279e+04      7.700e+01    1.183e+05    1.376e-02      22.67s       54        
364  4.415e+01    2.712e+06    7.284e+02      7.700e+01    1.183e+05    1.376e-02      17.27s       54        
365  4.271e+01    4.231e+06    6.806e+02      7.700e+01    1.183e+05    1.376e-02      15.37s       54        
366  4.432e+01    9.344e+05    2.267e+02      7.700e+01    1.183e+05    1.376e-02      16.48s       55        
367  4.196e+01    1.715e+10    5.308e+03      7.700e+01    1.183e+05    1.376e-02      12.35s       54        
368  4.291e+01    4.334e+06    4.634e+04      7.700e+01    1.183e+05    1.376e-02      10.23s       54        
369  4.207e+01    5.055e+09    1.325e+03      7.700e+01    1.183e+05    1.376e-02      9.75s        54        
370  4.302e+01    1.242e+09    7.039e+02      7.700e+01    1.183e+05    1.376e-02      6.69s        54        
371  4.332e+01    3.223e+07    9.074e+03      7.700e+01    1.183e+05    1.376e-02      5.10s        54        
372  4.345e+01    3.143e+06    1.128e+01      7.700e+01    1.183e+05    1.376e-02      3.48s        54        
373  4.488e+01    1.490e+06    1.761e+03      7.700e+01    1.183e+05    1.376e-02      2.04s        54        
374  4.368e+01    2.793e+07    3.120e+04      7.700e+01    1.183e+05    1.376e-02      0.00s        53        
375  4.476e+01    1.263e+08    1.897e+03      7.700e+01    1.183e+05    1.376e-02      49.03s       53        
376  4.323e+01    3.923e+05    7.211e+02      7.700e+01    1.183e+05    1.376e-02      39.29s       53        
377  4.456e+01    2.069e+06    1.033e+03      7.700e+01    1.183e+05    1.376e-02      38.41s       53        
378  4.390e+01    3.168e+05    2.642e+03      7.700e+01    1.183e+05    1.376e-02      35.43s       53        
379  4.404e+01    6.950e+06    1.353e+04      7.700e+01    1.183e+05    1.376e-02      41.09s       53        
380  4.485e+01    9.785e+05    6.761e+02      7.700e+01    1.183e+05    1.376e-02      33.20s       52        
381  4.181e+01    5.044e+05    1.196e+02      7.700e+01    1.183e+05    1.376e-02      30.34s       52        
382  4.217e+01    7.249e+05    1.391e+03      7.700e+01    1.183e+05    1.376e-02      34.33s       50        
383  4.363e+01    4.435e+11    3.679e+02      7.700e+01    1.183e+05    1.376e-02      27.05s       50        
384  4.359e+01    3.088e+15    2.648e+02      7.700e+01    1.183e+05    1.376e-02      25.41s       50        
385  4.331e+01    1.023e+06    4.862e+01      7.700e+01    1.183e+05    1.376e-02      28.13s       50        
386  4.370e+01    2.315e+05    2.497e+01      7.700e+01    1.183e+05    1.376e-02      21.93s       50        
387  4.273e+01    4.370e+07    1.884e+05      7.700e+01    1.183e+05    1.376e-02      20.88s       50        
388  4.337e+01    1.508e+06    3.207e+05      7.700e+01    1.183e+05    1.376e-02      23.00s       50        
389  4.261e+01    5.151e+06    3.737e+02      7.700e+01    1.183e+05    1.376e-02      17.28s       50        
390  4.344e+01    3.719e+07    1.564e+05      7.700e+01    1.183e+05    1.376e-02      15.73s       48        
391  4.090e+01    5.984e+06    9.977e+01      7.700e+01    1.183e+05    1.376e-02      16.09s       48        
392  3.992e+01    6.819e+06    3.100e+06      7.700e+01    1.183e+05    1.376e-02      11.90s       49        
393  4.122e+01    5.885e+06    1.146e+04      7.700e+01    1.183e+05    1.376e-02      10.08s       49        
394  4.333e+01    6.744e+09    7.411e+02      7.700e+01    1.183e+05    1.376e-02      8.32s        49        
395  4.235e+01    1.556e+07    1.720e+01      7.700e+01    1.183e+05    1.376e-02      6.74s        47        
396  3.935e+01    1.553e+08    4.058e+02      7.700e+01    1.183e+05    1.376e-02      4.85s        47        
397  3.824e+01    2.593e+05    3.104e+03      7.700e+01    1.183e+05    1.376e-02      3.21s        47        
398  4.207e+01    8.905e+05    2.415e+04      7.700e+01    1.183e+05    1.376e-02      1.95s        47        
399  3.994e+01    1.102e+07    3.884e+01      7.700e+01    1.183e+05    1.376e-02      0.00s        45        
400  3.886e+01    1.290e+08    3.583e+02      7.700e+01    1.183e+05    1.376e-02      37.94s       44        
401  4.033e+01    5.237e+06    9.627e+00      7.700e+01    1.183e+05    1.376e-02      37.18s       44        
402  3.985e+01    4.773e+11    1.011e+08      7.700e+01    1.183e+05    1.376e-02      35.94s       44        
403  4.059e+01    2.848e+06    1.156e+03      7.700e+01    1.183e+05    1.376e-02      33.91s       44        
404  3.926e+01    2.629e+06    1.861e+03      7.700e+01    1.183e+05    1.376e-02      31.66s       44        
405  3.870e+01    2.640e+05    8.697e+02      7.700e+01    1.183e+05    1.376e-02      35.37s       45        
406  4.180e+01    6.060e+05    4.997e+03      7.700e+01    1.183e+05    1.376e-02      29.05s       46        
407  4.046e+01    6.842e+05    9.032e+02      7.700e+01    1.183e+05    1.376e-02      27.67s       47        
408  4.007e+01    5.527e+05    1.119e+03      7.700e+01    1.183e+05    1.376e-02      31.58s       47        
409  4.122e+01    8.565e+06    3.462e+02      7.700e+01    1.183e+05    1.376e-02      24.15s       47        
410  3.975e+01    1.168e+15    8.340e+13      7.700e+01    1.183e+05    1.376e-02      23.19s       47        
411  4.119e+01    4.554e+10    3.571e+02      7.700e+01    1.183e+05    1.376e-02      21.16s       47        
412  4.220e+01    9.141e+05    2.942e+03      7.700e+01    1.183e+05    1.376e-02      23.81s       46        
413  4.041e+01    1.499e+06    8.579e+01      7.700e+01    1.183e+05    1.376e-02      18.32s       46        
414  4.103e+01    1.152e+09    8.319e+02      7.700e+01    1.183e+05    1.376e-02      16.18s       46        
415  4.198e+01    2.253e+08    6.433e+01      7.700e+01    1.183e+05    1.376e-02      17.91s       47        
416  4.155e+01    1.915e+06    6.152e+03      7.700e+01    1.183e+05    1.376e-02      12.84s       47        
417  4.085e+01    3.671e+05    4.164e+02      7.700e+01    1.183e+05    1.376e-02      11.20s       45        
418  4.022e+01    5.621e+05    1.178e+03      7.700e+01    1.183e+05    1.376e-02      9.99s        45        
419  4.076e+01    3.888e+07    3.475e+02      7.700e+01    1.183e+05    1.376e-02      9.75s        45        
420  3.959e+01    7.680e+06    5.617e+02      7.700e+01    1.183e+05    1.376e-02      6.53s        46        
421  4.166e+01    1.317e+09    6.018e+02      7.700e+01    1.183e+05    1.376e-02      4.75s        46        
422  4.128e+01    5.559e+10    3.903e+02      7.700e+01    1.183e+05    1.376e-02      3.32s        46        
423  4.062e+01    2.037e+08    3.407e+02      7.700e+01    1.183e+05    1.376e-02      1.98s        46        
424  4.091e+01    2.349e+08    3.872e+02      7.700e+01    1.183e+05    1.376e-02      0.00s        46        
425  3.902e+01    2.913e+06    2.543e+02      7.700e+01    1.183e+05    1.376e-02      39.99s       46        
426  4.185e+01    1.308e+09    1.177e+04      7.700e+01    1.183e+05    1.376e-02      46.94s       46        
427  3.985e+01    1.988e+06    1.775e+01      7.700e+01    1.183e+05    1.376e-02      38.71s       46        
428  3.935e+01    1.155e+09    7.796e+00      7.700e+01    1.183e+05    1.376e-02      34.37s       46        
429  4.141e+01    3.024e+05    3.569e+02      7.700e+01    1.183e+05    1.376e-02      31.82s       46        
430  4.041e+01    1.597e+08    3.536e+02      7.700e+01    1.183e+05    1.376e-02      37.44s       42        
431  3.925e+01    5.057e+09    2.887e+03      7.700e+01    1.183e+05    1.376e-02      28.23s       42        
432  3.969e+01    4.092e+05    3.067e+02      7.700e+01    1.183e+05    1.376e-02      27.80s       42        
433  3.877e+01    6.554e+07    2.421e+04      7.700e+01    1.183e+05    1.376e-02      30.66s       42        
434  3.975e+01    6.689e+05    1.035e+03      7.700e+01    1.183e+05    1.376e-02      24.45s       42        
435  3.854e+01    9.467e+07    6.884e+02      7.700e+01    1.183e+05    1.376e-02      22.72s       42        
436  3.877e+01    2.148e+05    6.743e+02      7.700e+01    1.183e+05    1.376e-02      20.93s       42        
437  3.948e+01    8.222e+06    2.111e+04      7.700e+01    1.183e+05    1.376e-02      23.52s       42        
438  3.977e+01    3.163e+13    5.013e+00      7.700e+01    1.183e+05    1.376e-02      18.61s       43        
439  4.121e+01    1.638e+06    6.968e+02      7.700e+01    1.183e+05    1.376e-02      16.42s       43        
440  4.072e+01    4.075e+12    2.221e+04      7.700e+01    1.183e+05    1.376e-02      15.22s       44        
441  3.970e+01    6.705e+07    4.318e+01      7.700e+01    1.183e+05    1.376e-02      15.93s       45        
442  4.039e+01    6.393e+05    6.037e+02      7.700e+01    1.183e+05    1.376e-02      11.73s       45        
443  4.004e+01    8.156e+05    8.854e+03      7.700e+01    1.183e+05    1.376e-02      10.08s       45        
444  4.166e+01    1.069e+06    1.803e+03      7.700e+01    1.183e+05    1.376e-02      8.23s        45        
445  4.090e+01    8.556e+09    6.491e+02      7.700e+01    1.183e+05    1.376e-02      6.70s        45        
446  4.011e+01    5.288e+06    1.208e+03      7.700e+01    1.183e+05    1.376e-02      4.80s        45        
447  4.022e+01    8.363e+06    6.037e+00      7.700e+01    1.183e+05    1.376e-02      3.34s        45        
448  4.085e+01    9.430e+07    3.571e+02      7.700e+01    1.183e+05    1.376e-02      2.00s        45        
449  4.144e+01    1.021e+08    9.797e+02      7.700e+01    1.183e+05    1.376e-02      0.00s        45        
450  4.005e+01    5.690e+05    1.896e+03      7.700e+01    1.183e+05    1.376e-02      38.50s       45        
451  4.022e+01    1.644e+06    2.055e+03      7.700e+01    1.183e+05    1.376e-02      45.39s       45        
452  4.122e+01    1.578e+06    2.883e+04      7.700e+01    1.183e+05    1.376e-02      35.56s       45        
453  4.099e+01    2.024e+06    3.290e+10      7.700e+01    1.183e+05    1.376e-02      33.36s       45        
454  4.065e+01    1.425e+06    3.530e+02      7.700e+01    1.183e+05    1.376e-02      32.93s       46        
455  4.060e+01    8.476e+06    4.440e+02      7.700e+01    1.183e+05    1.376e-02      31.60s       46        
456  4.025e+01    7.661e+06    4.544e+00      7.700e+01    1.183e+05    1.376e-02      28.80s       46        
457  4.229e+01    2.607e+07    2.717e+03      7.700e+01    1.183e+05    1.376e-02      28.56s       46        
458  4.235e+01    9.040e+07    4.195e+02      7.700e+01    1.183e+05    1.376e-02      26.86s       46        
459  4.151e+01    2.763e+05    6.031e+02      7.700e+01    1.183e+05    1.376e-02      30.77s       47        
460  4.265e+01    7.519e+05    9.122e+02      7.700e+01    1.183e+05    1.376e-02      23.48s       47        
461  4.141e+01    2.648e+06    1.182e+03      7.700e+01    1.183e+05    1.376e-02      21.87s       47        
462  4.146e+01    1.557e+12    7.206e+02      7.700e+01    1.183e+05    1.376e-02      20.12s       47        
463  4.174e+01    3.512e+07    7.027e+02      7.700e+01    1.183e+05    1.376e-02      17.96s       47        
464  4.363e+01    9.104e+05    4.795e+01      7.700e+01    1.183e+05    1.376e-02      16.66s       47        
465  4.224e+01    7.263e+06    1.168e+01      7.700e+01    1.183e+05    1.376e-02      14.77s       47        
466  4.145e+01    1.645e+13    2.400e+02      7.700e+01    1.157e+05    1.376e-02      16.34s       47        
467  4.112e+01    9.249e+05    4.886e+02      7.700e+01    1.157e+05    1.376e-02      11.39s       47        
468  4.238e+01    3.412e+08    3.692e+09      7.700e+01    1.157e+05    1.376e-02      10.07s       47        
469  4.216e+01    3.206e+08    3.090e+03      7.700e+01    1.157e+05    1.376e-02      10.06s       47        
470  4.077e+01    1.009e+07    3.626e+02      7.700e+01    1.157e+05    1.376e-02      6.75s        48        
471  4.142e+01    2.550e+06    3.511e+01      7.700e+01    1.157e+05    1.376e-02      4.93s        48        
472  4.227e+01    9.258e+07    7.353e+02      7.700e+01    1.157e+05    1.376e-02      3.27s        48        
473  4.177e+01    2.073e+05    5.769e+02      7.700e+01    1.157e+05    1.376e-02      2.02s        48        
474  4.092e+01    4.964e+05    8.467e+04      7.700e+01    1.157e+05    1.376e-02      0.00s        49        
475  4.286e+01    3.537e+05    7.640e+02      7.700e+01    1.157e+05    1.376e-02      40.52s       49        
476  4.246e+01    3.793e+09    9.708e+00      7.700e+01    1.157e+05    1.376e-02      47.31s       49        
477  4.096e+01    3.500e+07    9.475e+02      7.500e+01    1.155e+05    1.368e-02      36.03s       48        
478  4.136e+01    1.086e+06    1.993e+02      7.500e+01    1.155e+05    1.368e-02      34.09s       49        
479  4.219e+01    9.354e+05    1.950e+02      7.500e+01    1.155e+05    1.368e-02      32.14s       49        
480  4.049e+01    2.623e+10    3.620e+02      7.500e+01    1.155e+05    1.368e-02      38.88s       49        
481  4.240e+01    4.800e+05    3.668e+02      7.500e+01    1.155e+05    1.368e-02      29.53s       49        
482  4.117e+01    3.957e+07    4.682e+01      7.500e+01    1.155e+05    1.368e-02      29.10s       49        
483  4.048e+01    1.460e+06    8.324e+01      7.500e+01    1.155e+05    1.368e-02      26.63s       49        
484  4.112e+01    6.161e+06    1.897e+03      7.500e+01    1.155e+05    1.368e-02      30.56s       49        
485  4.306e+01    1.298e+05    8.568e+02      7.500e+01    1.155e+05    1.368e-02      23.48s       49        
486  4.118e+01    1.236e+06    5.964e+02      7.500e+01    1.155e+05    1.368e-02      21.64s       49        
487  4.130e+01    5.352e+07    1.844e+03      7.500e+01    1.155e+05    1.368e-02      24.56s       49        
488  4.119e+01    1.579e+06    7.383e+00      7.500e+01    1.155e+05    1.368e-02      18.03s       49        
489  4.097e+01    1.847e+07    1.387e+03      7.500e+01    1.155e+05    1.368e-02      16.85s       49        
490  4.138e+01    8.754e+07    2.118e+03      7.500e+01    1.155e+05    1.368e-02      14.31s       49        
491  4.177e+01    1.211e+10    2.754e+01      7.500e+01    1.155e+05    1.368e-02      16.69s       49        
492  4.070e+01    1.701e+07    2.197e+03      7.500e+01    1.155e+05    1.368e-02      12.48s       49        
493  4.062e+01    2.941e+07    1.590e+03      7.500e+01    1.155e+05    1.368e-02      9.91s        49        
494  4.192e+01    1.500e+08    3.474e+04      7.500e+01    1.155e+05    1.368e-02      10.17s       49        
495  4.108e+01    1.256e+09    1.418e+03      7.500e+01    1.155e+05    1.368e-02      6.65s        49        
496  4.130e+01    2.298e+09    7.212e+02      7.500e+01    1.155e+05    1.368e-02      5.03s        50        
497  4.224e+01    5.155e+05    1.294e+03      7.500e+01    1.155e+05    1.368e-02      3.37s        50        
498  4.309e+01    6.140e+05    3.530e+02      7.500e+01    1.155e+05    1.368e-02      2.08s        50        
499  4.153e+01    1.933e+05    5.787e+01      7.500e+01    1.155e+05    1.368e-02      0.00s        50        





Time: 0h:13m:22s
####   Data for the best program   ####
Best Program: mul(0.471, sub(add(0.442, 1.409), div(add(mul(X2, X2), add(X2, 0.243)), add(add(add(X1, X1), add(X0, X2)), div(add(X2, 0.362), add(add(add(X1, add(X1, mul(sub(add(X0, add(mul(sub(X2, X1), add(add(X1, X1), X0)), mul(sub(mul(X2, add(div(X0, div(X3, X1)), X2)), X1), X1))), X1), X1))), mul(0.471, sub(1.806, div(add(X2, X2), add(add(X2, 0.362), X0))))), 0.839))))))
Best Program Complexity: 115472
Raw Fitness: 0.013679349361622186
Penalized Fitness: 0.013679349361622186
Estimator		Train-rmse: 0.013679349361622186	Test-rmse: 0.015185370014690383	Test-R^2: 0.9759185712469828

{'complexity': 'kommenda', 'const_range': (1e-10, 2.0), 'elitism_size': 0, 'function_set': ('add', 'sub', 'div', 'mul'), 'generations': 500, 'init_depth': (3, 6), 'init_method': 'half and half', 'low_memory': True, 'max_samples': 1.0, 'metric': 'rmse', 'n_jobs': 2, 'p_crossover': 0.5, 'p_hoist_mutation': 0.0, 'p_point_mutation': 0.25, 'p_point_replace': 0.05, 'p_subtree_mutation': 0.25, 'paretogp': True, 'paretogp_lengths': (5, 130), 'parsimony_coefficient': 0.0, 'population_size': 800, 'random_state': 797446139, 'selection': 'tournament', 'stopping_criteria': 1e-10, 'tournament_size': 11, 'verbose': 1, 'warm_start': True}
