    |          Population Average          |           Best Individual            |
---- -------------------------------------- -------------------------------------- ----------
Gen  Length       Kommenda     Fitness        Length       Kommenda     Fitness        Time Left    Front Size
0    3.838e+01    8.597e+15    3.522e+11      5.000e+00    1.000e+01    9.730e-02      9.58s        0         
1    1.033e+01    7.846e+09    5.408e+07      5.000e+00    1.000e+01    9.730e-02      45.29s       0         
2    1.222e+01    9.180e+05    8.893e+04      5.000e+00    1.000e+01    9.730e-02      1.36m        0         
3    1.610e+01    1.003e+07    1.775e+03      2.100e+01    7.825e+03    9.375e-02      1.25m        0         
4    1.892e+01    2.995e+08    8.171e+03      1.700e+01    1.621e+03    5.941e-02      1.27m        0         
5    1.977e+01    8.185e+08    4.093e+10      1.300e+01    3.610e+02    5.614e-02      1.01m        0         
6    2.121e+01    1.423e+11    1.338e+02      1.300e+01    3.610e+02    5.614e-02      1.09m        0         
7    2.264e+01    1.069e+17    2.788e+03      2.100e+01    1.137e+03    5.017e-02      1.12m        0         
8    2.334e+01    7.430e+07    5.693e+03      2.100e+01    1.137e+03    5.017e-02      54.68s       0         
9    2.459e+01    1.773e+08    7.824e+02      2.500e+01    1.431e+03    4.626e-02      57.90s       0         
10   2.852e+01    2.066e+09    1.441e+10      2.500e+01    1.301e+03    3.103e-02      1.07m        0         
11   3.074e+01    7.773e+09    1.000e+07      2.700e+01    2.281e+03    2.695e-02      36.23s       0         
12   3.300e+01    3.888e+11    1.067e+05      4.500e+01    4.594e+04    2.488e-02      33.88s       0         
13   3.443e+01    1.255e+13    1.072e+04      4.500e+01    4.594e+04    2.488e-02      41.16s       0         
14   3.466e+01    5.365e+13    3.079e+02      2.900e+01    1.861e+03    2.401e-02      32.16s       0         
15   3.564e+01    4.052e+13    3.035e+03      2.900e+01    1.861e+03    2.401e-02      27.02s       0         
16   3.647e+01    6.218e+11    1.027e+02      3.100e+01    1.774e+04    2.377e-02      26.66s       0         
17   3.550e+01    3.482e+17    1.085e+04      3.100e+01    1.774e+04    2.377e-02      24.55s       0         
18   3.551e+01    2.751e+11    5.039e+02      3.100e+01    2.530e+04    2.301e-02      25.07s       0         
19   3.537e+01    3.791e+10    2.675e+06      3.100e+01    2.530e+04    2.270e-02      18.19s       0         
20   3.670e+01    1.032e+16    1.091e+03      4.700e+01    1.243e+06    2.180e-02      14.09s       0         
21   3.660e+01    6.818e+13    8.179e+04      4.900e+01    2.113e+06    2.125e-02      10.05s       0         
22   3.644e+01    2.265e+10    7.652e+01      4.900e+01    2.113e+06    2.125e-02      7.24s        0         
23   3.791e+01    3.185e+09    7.878e+01      4.500e+01    3.648e+05    2.125e-02      3.41s        0         
24   3.891e+01    2.306e+09    1.631e+03      4.500e+01    4.504e+05    2.125e-02      0.00s        0         
25   3.978e+01    1.612e+13    4.198e+01      3.700e+01    3.509e+04    2.087e-02      1.23m        0         
26   3.937e+01    7.474e+09    2.755e+01      3.700e+01    3.509e+04    2.087e-02      1.39m        0         
27   4.096e+01    7.302e+13    2.863e+04      3.700e+01    3.509e+04    2.087e-02      1.26m        0         
28   3.944e+01    1.521e+10    2.130e+03      3.700e+01    2.081e+04    2.061e-02      56.51s       0         
29   3.948e+01    2.372e+09    4.437e+05      3.700e+01    2.081e+04    2.061e-02      1.15m        0         
30   4.134e+01    1.624e+11    7.480e+02      3.700e+01    2.081e+04    2.061e-02      55.00s       0         
31   4.283e+01    3.301e+11    5.593e+02      3.700e+01    2.081e+04    2.061e-02      50.69s       0         
32   4.351e+01    7.091e+17    2.998e+02      3.700e+01    2.081e+04    2.061e-02      51.91s       0         
33   4.377e+01    2.897e+11    6.949e+03      3.700e+01    2.081e+04    2.061e-02      46.82s       0         
34   4.307e+01    1.094e+11    2.401e+04      2.100e+01    2.410e+02    2.112e-02      40.61s       0         
35   4.345e+01    1.202e+12    2.834e+02      2.100e+01    2.410e+02    2.112e-02      43.43s       0         
36   4.220e+01    3.981e+11    2.411e+04      5.100e+01    3.384e+04    2.002e-02      44.38s       0         
37   4.312e+01    4.859e+11    2.588e+09      5.300e+01    4.536e+04    1.932e-02      33.47s       0         
38   4.219e+01    1.402e+10    6.840e+01      5.300e+01    3.024e+04    1.929e-02      37.38s       0         
39   4.272e+01    1.616e+09    6.566e+01      4.300e+01    3.361e+03    1.812e-02      27.72s       0         
40   4.114e+01    6.059e+09    6.070e+04      4.300e+01    3.361e+03    1.812e-02      26.23s       0         
41   4.135e+01    3.497e+09    1.243e+01      4.300e+01    3.361e+03    1.812e-02      25.89s       0         
42   4.255e+01    4.016e+09    1.325e+01      1.030e+02    1.008e+08    1.804e-02      24.73s       0         
43   4.384e+01    5.432e+09    2.392e+03      4.300e+01    3.361e+03    1.672e-02      16.42s       0         
44   4.226e+01    8.181e+09    1.130e+02      5.900e+01    4.628e+05    1.597e-02      17.22s       0         
45   4.310e+01    6.283e+12    2.521e+02      5.900e+01    4.628e+05    1.597e-02      13.43s       0         
46   4.500e+01    5.296e+08    4.436e+06      4.300e+01    3.361e+03    1.491e-02      9.76s        0         
47   4.581e+01    8.017e+10    2.577e+02      4.300e+01    3.361e+03    1.491e-02      6.05s        0         
48   4.377e+01    1.006e+08    1.225e+01      4.300e+01    3.361e+03    1.491e-02      3.29s        0         
49   4.460e+01    4.358e+10    7.033e+02      4.300e+01    3.361e+03    1.491e-02      0.00s        0         
50   4.652e+01    3.283e+09    6.394e+02      5.100e+01    8.459e+04    1.435e-02      1.31m        0         
51   4.814e+01    3.870e+10    9.119e+03      5.100e+01    6.757e+04    1.420e-02      1.23m        0         
52   4.666e+01    1.426e+10    8.219e+04      5.100e+01    6.757e+04    1.420e-02      1.18m        0         
53   4.745e+01    1.535e+12    4.266e+03      5.100e+01    6.757e+04    1.420e-02      1.17m        0         
54   4.598e+01    3.414e+13    2.764e+02      4.900e+01    3.109e+04    1.425e-02      59.24s       0         
55   4.623e+01    7.198e+09    2.671e+02      4.900e+01    3.109e+04    1.425e-02      1.05m        0         
56   4.631e+01    5.888e+10    7.700e+02      4.900e+01    3.109e+04    1.425e-02      53.30s       0         
57   4.643e+01    1.454e+10    3.939e+02      4.900e+01    3.109e+04    1.425e-02      59.80s       0         
58   4.598e+01    8.026e+09    7.465e+02      4.900e+01    3.109e+04    1.425e-02      42.97s       0         
59   4.590e+01    8.878e+09    6.959e+01      4.900e+01    3.109e+04    1.425e-02      54.23s       0         
60   4.715e+01    1.027e+10    4.763e+01      5.100e+01    9.229e+04    1.404e-02      46.21s       0         
61   4.793e+01    2.131e+09    1.201e+11      5.100e+01    9.229e+04    1.404e-02      40.58s       0         
62   4.765e+01    2.619e+10    1.527e+05      5.100e+01    9.229e+04    1.404e-02      40.15s       0         
63   4.969e+01    5.086e+09    1.787e+02      5.100e+01    9.229e+04    1.404e-02      40.51s       0         
64   4.855e+01    1.977e+09    2.637e+04      5.100e+01    1.494e+05    1.400e-02      35.84s       0         
65   4.787e+01    2.133e+09    4.647e+02      5.100e+01    1.494e+05    1.400e-02      32.21s       0         
66   4.736e+01    1.945e+10    2.966e+02      4.500e+01    2.622e+04    1.370e-02      26.59s       0         
67   4.668e+01    1.602e+10    1.939e+02      4.300e+01    1.650e+04    1.367e-02      28.15s       0         
68   4.784e+01    1.717e+11    3.279e+06      4.300e+01    1.650e+04    1.367e-02      20.24s       0         
69   4.828e+01    7.055e+10    7.773e+03      4.300e+01    1.650e+04    1.367e-02      17.96s       0         
70   4.946e+01    8.380e+12    1.615e+03      5.700e+01    6.676e+05    1.359e-02      15.12s       0         
71   5.000e+01    9.786e+09    5.151e+02      5.500e+01    3.738e+05    1.310e-02      10.20s       0         
72   4.807e+01    3.299e+11    9.620e+02      5.500e+01    3.738e+05    1.310e-02      6.01s        0         
73   4.572e+01    2.093e+11    4.905e+01      5.500e+01    3.738e+05    1.310e-02      3.95s        0         
74   4.588e+01    4.899e+08    7.444e+02      5.500e+01    3.738e+05    1.310e-02      0.00s        0         
75   4.495e+01    6.640e+07    9.642e+01      5.500e+01    3.738e+05    1.310e-02      1.14m        0         
76   4.803e+01    3.850e+08    3.761e+03      5.500e+01    3.738e+05    1.310e-02      1.37m        0         
77   4.794e+01    6.263e+10    2.455e+05      5.500e+01    3.738e+05    1.310e-02      1.31m        0         
78   4.849e+01    1.308e+08    1.168e+03      5.500e+01    3.738e+05    1.310e-02      1.05m        0         
79   4.741e+01    9.179e+08    2.318e+03      5.900e+01    3.507e+06    1.300e-02      1.18m        0         
80   4.802e+01    7.198e+08    1.742e+02      5.900e+01    3.507e+06    1.300e-02      1.24m        0         
81   4.889e+01    7.765e+08    6.697e+05      6.500e+01    3.275e+06    1.192e-02      1.36m        0         
82   4.891e+01    1.996e+10    1.536e+02      6.900e+01    4.469e+07    1.169e-02      1.07m        0         
83   5.045e+01    5.831e+08    4.602e+02      6.900e+01    4.469e+07    1.161e-02      59.63s       0         
84   5.092e+01    2.260e+12    5.583e+02      6.900e+01    4.469e+07    1.161e-02      59.38s       0         
85   5.142e+01    4.044e+10    1.672e+03      4.700e+01    6.707e+04    1.240e-02      40.84s       0         
86   5.270e+01    1.384e+12    1.040e+04      4.700e+01    6.707e+04    1.240e-02      41.21s       0         
87   5.100e+01    8.440e+11    5.224e+10      7.500e+01    3.390e+07    1.216e-02      45.20s       0         
88   5.390e+01    1.016e+12    8.224e+05      4.700e+01    6.707e+04    1.240e-02      36.34s       0         
89   5.322e+01    1.341e+11    2.991e+01      4.700e+01    6.707e+04    1.240e-02      29.94s       0         
90   5.564e+01    3.399e+12    2.188e+03      4.700e+01    6.707e+04    1.240e-02      29.98s       0         
91   5.528e+01    2.748e+10    2.167e+05      4.700e+01    6.707e+04    1.240e-02      27.76s       0         
92   5.352e+01    1.469e+10    2.772e+08      4.700e+01    6.707e+04    1.240e-02      22.22s       0         
93   5.335e+01    1.197e+11    9.449e+03      4.700e+01    6.707e+04    1.240e-02      17.74s       0         
94   5.302e+01    2.005e+11    3.025e+04      4.700e+01    6.707e+04    1.240e-02      15.90s       0         
95   5.296e+01    6.437e+11    1.234e+06      4.700e+01    6.707e+04    1.240e-02      14.49s       0         
96   5.343e+01    1.843e+12    7.209e+03      4.700e+01    6.707e+04    1.240e-02      9.93s        0         
97   5.405e+01    3.541e+10    1.504e+08      4.700e+01    6.707e+04    1.240e-02      7.42s        0         
98   5.490e+01    2.500e+11    2.290e+04      4.700e+01    6.707e+04    1.240e-02      3.25s        0         
99   5.409e+01    2.214e+13    1.873e+06      4.700e+01    6.707e+04    1.240e-02      0.00s        0         
100  5.390e+01    2.311e+11    6.442e+06      4.700e+01    6.707e+04    1.240e-02      1.59m        0         
101  5.116e+01    3.156e+09    3.725e+07      4.700e+01    6.707e+04    1.240e-02      1.32m        0         
102  5.042e+01    4.559e+10    1.824e+04      4.700e+01    6.707e+04    1.240e-02      1.10m        0         
103  5.266e+01    2.398e+14    1.041e+08      4.700e+01    6.707e+04    1.240e-02      1.20m        0         
104  5.158e+01    2.553e+12    7.416e+07      4.700e+01    6.707e+04    1.240e-02      1.01m        0         
105  5.219e+01    1.222e+12    2.794e+03      4.700e+01    6.707e+04    1.240e-02      1.23m        0         
106  5.025e+01    6.533e+11    8.935e+02      4.700e+01    6.707e+04    1.240e-02      1.01m        0         
107  5.191e+01    1.445e+12    1.635e+09      4.700e+01    6.707e+04    1.240e-02      58.66s       0         
108  5.216e+01    5.633e+10    3.242e+04      4.700e+01    6.707e+04    1.240e-02      49.26s       0         
109  5.245e+01    1.314e+15    8.066e+08      4.700e+01    6.707e+04    1.240e-02      48.47s       0         
110  4.914e+01    4.154e+12    8.246e+03      4.700e+01    6.707e+04    1.240e-02      45.32s       0         
111  4.895e+01    4.094e+11    5.981e+03      4.700e+01    6.707e+04    1.240e-02      44.98s       0         
112  5.252e+01    3.811e+11    1.113e+05      4.700e+01    6.707e+04    1.240e-02      45.65s       0         
113  5.141e+01    4.074e+12    1.626e+04      4.700e+01    6.707e+04    1.240e-02      45.91s       0         
114  5.122e+01    1.310e+12    4.181e+06      4.700e+01    6.707e+04    1.240e-02      35.81s       0         
115  5.142e+01    9.292e+11    5.843e+01      4.700e+01    6.707e+04    1.240e-02      35.62s       0         
116  4.971e+01    1.232e+10    1.438e+06      4.700e+01    6.707e+04    1.240e-02      30.64s       0         
117  5.012e+01    2.410e+10    1.194e+08      4.700e+01    6.707e+04    1.240e-02      29.41s       0         
118  5.205e+01    2.273e+12    2.266e+05      9.100e+01    2.172e+10    1.221e-02      24.72s       0         
119  5.068e+01    3.174e+09    6.088e+03      9.100e+01    2.386e+10    1.221e-02      16.65s       0         
120  5.187e+01    3.921e+13    1.022e+08      4.700e+01    6.707e+04    1.240e-02      14.55s       0         
121  5.227e+01    9.846e+11    1.731e+04      4.700e+01    6.707e+04    1.240e-02      9.65s        0         
122  5.502e+01    4.316e+14    3.464e+04      4.700e+01    6.707e+04    1.240e-02      7.23s        0         
123  5.462e+01    5.342e+15    7.416e+05      4.700e+01    6.707e+04    1.240e-02      4.00s        0         
124  5.216e+01    6.898e+12    1.567e+09      4.700e+01    6.707e+04    1.240e-02      0.00s        0         
125  5.409e+01    3.882e+13    1.118e+07      4.700e+01    6.707e+04    1.240e-02      1.31m        0         
126  5.149e+01    5.994e+12    3.775e+06      4.700e+01    6.707e+04    1.240e-02      1.13m        0         
127  4.999e+01    9.194e+10    4.065e+09      4.700e+01    6.707e+04    1.240e-02      1.20m        0         
128  5.067e+01    1.254e+15    3.313e+05      4.700e+01    6.707e+04    1.240e-02      1.16m        0         
129  4.849e+01    1.730e+15    4.754e+07      4.700e+01    6.707e+04    1.240e-02      1.05m        0         
130  4.844e+01    5.224e+10    6.649e+03      4.700e+01    6.707e+04    1.240e-02      1.08m        0         
131  5.075e+01    3.472e+16    5.418e+03      4.700e+01    6.707e+04    1.240e-02      59.25s       0         
132  4.914e+01    3.344e+13    7.346e+03      4.700e+01    6.707e+04    1.240e-02      56.99s       0         
133  4.826e+01    2.475e+09    2.431e+05      4.700e+01    6.707e+04    1.240e-02      1.03m        0         
134  4.926e+01    6.181e+11    7.288e+10      4.700e+01    6.707e+04    1.240e-02      41.11s       0         
135  4.931e+01    6.916e+09    9.057e+05      4.700e+01    6.707e+04    1.240e-02      58.17s       0         
136  4.951e+01    3.092e+11    2.256e+04      4.700e+01    6.707e+04    1.240e-02      58.33s       0         
137  5.127e+01    7.161e+11    1.849e+05      4.700e+01    6.707e+04    1.240e-02      40.68s       0         
138  5.048e+01    1.581e+13    5.457e+05      4.700e+01    6.707e+04    1.240e-02      38.85s       0         
139  5.012e+01    9.449e+09    1.250e+06      4.700e+01    6.707e+04    1.240e-02      37.70s       0         
140  4.836e+01    1.877e+10    8.583e+02      4.700e+01    6.707e+04    1.240e-02      25.86s       0         
141  5.065e+01    2.158e+11    3.126e+04      4.700e+01    6.707e+04    1.240e-02      29.78s       0         
142  5.056e+01    1.309e+11    5.548e+07      6.100e+01    7.387e+05    1.233e-02      24.58s       0         
143  5.303e+01    1.042e+14    1.716e+04      4.700e+01    6.707e+04    1.240e-02      21.73s       0         
144  5.129e+01    5.165e+11    1.767e+04      5.100e+01    2.604e+05    1.240e-02      15.79s       0         
145  5.197e+01    2.002e+11    5.225e+05      4.700e+01    6.707e+04    1.240e-02      13.15s       0         
146  5.113e+01    2.779e+13    2.071e+04      4.700e+01    6.707e+04    1.240e-02      11.36s       0         
147  5.040e+01    4.581e+12    4.775e+01      4.700e+01    6.707e+04    1.240e-02      6.42s        0         
148  5.242e+01    6.223e+10    7.805e+02      4.700e+01    6.707e+04    1.240e-02      3.61s        0         
149  5.167e+01    4.381e+10    8.514e+02      6.100e+01    1.296e+06    1.239e-02      0.00s        0         
150  5.191e+01    8.227e+10    1.817e+04      4.700e+01    6.707e+04    1.240e-02      1.34m        0         
151  5.157e+01    2.806e+13    5.617e+01      4.700e+01    6.707e+04    1.240e-02      1.50m        0         
152  5.188e+01    1.435e+15    3.335e+03      4.700e+01    6.707e+04    1.240e-02      1.49m        0         
153  5.212e+01    1.024e+13    4.731e+02      4.700e+01    6.707e+04    1.240e-02      1.16m        0         
154  5.211e+01    8.700e+14    2.173e+02      5.100e+01    1.994e+05    1.231e-02      1.36m        0         
155  5.149e+01    3.930e+09    1.283e+04      5.100e+01    1.994e+05    1.231e-02      1.12m        0         
156  5.259e+01    2.414e+11    6.995e+05      5.100e+01    1.994e+05    1.231e-02      1.11m        0         
157  5.255e+01    1.462e+12    9.961e+05      4.300e+01    2.423e+04    1.207e-02      58.47s       0         
158  5.288e+01    3.675e+12    1.046e+06      4.300e+01    2.423e+04    1.207e-02      52.20s       0         
159  5.261e+01    1.838e+13    1.544e+03      4.300e+01    2.423e+04    1.207e-02      47.25s       0         
160  5.233e+01    5.083e+15    1.425e+04      4.300e+01    2.423e+04    1.207e-02      59.76s       0         
161  5.183e+01    1.841e+18    3.815e+02      4.300e+01    2.423e+04    1.207e-02      51.48s       0         
162  4.959e+01    2.011e+09    1.706e+05      4.300e+01    2.423e+04    1.207e-02      39.56s       0         
163  5.129e+01    2.013e+10    4.351e+05      4.300e+01    2.423e+04    1.207e-02      43.48s       0         
164  4.977e+01    4.967e+11    2.822e+05      4.300e+01    2.423e+04    1.207e-02      36.90s       0         
165  4.845e+01    2.384e+10    1.460e+05      4.300e+01    2.423e+04    1.207e-02      31.10s       0         
166  5.100e+01    7.597e+11    8.965e+03      4.300e+01    2.423e+04    1.207e-02      24.55s       0         
167  4.991e+01    3.102e+10    1.996e+04      4.300e+01    2.423e+04    1.207e-02      25.21s       0         
168  4.892e+01    8.816e+13    4.928e+05      4.300e+01    2.423e+04    1.207e-02      19.35s       0         
169  4.781e+01    2.724e+11    2.286e+08      4.300e+01    2.423e+04    1.207e-02      15.69s       0         
170  4.878e+01    1.709e+09    1.757e+06      4.300e+01    2.423e+04    1.207e-02      14.95s       0         
171  4.840e+01    8.643e+10    1.623e+04      4.700e+01    5.094e+04    1.207e-02      10.79s       0         
172  4.942e+01    2.474e+09    8.493e+01      4.300e+01    2.423e+04    1.207e-02      6.20s        0         
173  4.953e+01    7.050e+09    8.498e+03      4.300e+01    2.423e+04    1.207e-02      3.24s        0         
174  4.982e+01    3.033e+09    1.389e+05      4.300e+01    2.423e+04    1.207e-02      0.00s        0         
175  4.983e+01    5.482e+13    2.446e+04      4.300e+01    2.423e+04    1.207e-02      1.45m        0         
176  5.018e+01    2.298e+10    2.425e+04      4.300e+01    3.377e+04    1.190e-02      1.33m        0         
177  4.980e+01    2.870e+12    2.015e+04      4.300e+01    3.377e+04    1.190e-02      1.24m        0         
178  4.984e+01    4.590e+11    1.650e+02      4.300e+01    3.377e+04    1.190e-02      1.38m        0         
179  4.837e+01    8.266e+12    1.176e+06      4.300e+01    3.377e+04    1.190e-02      1.10m        0         
180  4.809e+01    1.306e+09    2.503e+01      4.300e+01    3.377e+04    1.190e-02      1.06m        0         
181  4.715e+01    1.095e+10    2.300e+07      4.300e+01    3.377e+04    1.190e-02      1.05m        0         
182  4.670e+01    2.148e+09    2.011e+04      4.300e+01    3.377e+04    1.190e-02      1.06m        0         
183  4.657e+01    1.500e+10    2.061e+06      4.300e+01    3.377e+04    1.190e-02      1.07m        0         
184  4.675e+01    8.649e+15    1.393e+02      4.300e+01    3.377e+04    1.190e-02      50.75s       0         
185  4.727e+01    3.319e+08    1.203e+03      4.300e+01    3.377e+04    1.190e-02      49.32s       0         
186  4.659e+01    3.505e+09    1.167e+04      4.300e+01    3.377e+04    1.190e-02      45.10s       0         
187  4.641e+01    2.138e+13    6.959e+03      4.300e+01    3.377e+04    1.190e-02      42.00s       0         
188  4.653e+01    2.366e+09    5.434e+05      4.300e+01    3.377e+04    1.190e-02      37.33s       0         
189  4.795e+01    3.115e+09    1.515e+04      4.300e+01    3.377e+04    1.190e-02      30.85s       0         
190  4.786e+01    5.064e+09    7.983e+08      4.300e+01    3.377e+04    1.190e-02      27.43s       0         
191  4.847e+01    5.469e+09    2.808e+04      4.700e+01    1.355e+05    1.163e-02      23.04s       0         
192  4.863e+01    1.537e+12    1.927e+04      4.700e+01    1.355e+05    1.163e-02      22.53s       0         
193  4.753e+01    8.176e+16    3.296e+06      4.700e+01    1.355e+05    1.163e-02      17.28s       0         
194  4.848e+01    2.990e+10    1.627e+04      4.700e+01    1.355e+05    1.163e-02      14.56s       0         
195  4.884e+01    1.792e+11    8.648e+02      4.700e+01    1.355e+05    1.163e-02      12.23s       0         
196  4.749e+01    4.418e+09    2.686e+04      4.700e+01    1.355e+05    1.163e-02      10.66s       0         
197  4.759e+01    4.464e+12    2.189e+01      4.700e+01    1.355e+05    1.163e-02      7.54s        0         
198  4.791e+01    6.619e+09    1.019e+04      4.700e+01    1.355e+05    1.163e-02      4.24s        0         
199  4.731e+01    1.060e+14    2.222e+01      4.700e+01    1.355e+05    1.163e-02      0.00s        0         
200  4.709e+01    1.723e+11    4.378e+04      4.700e+01    1.355e+05    1.163e-02      1.41m        0         
201  4.647e+01    1.073e+10    6.472e+02      4.700e+01    1.355e+05    1.163e-02      1.37m        0         
202  4.678e+01    4.795e+10    1.884e+04      4.700e+01    1.355e+05    1.163e-02      1.22m        0         
203  4.609e+01    3.856e+09    4.439e+03      4.700e+01    1.355e+05    1.163e-02      1.27m        0         
204  4.611e+01    1.790e+09    4.998e+05      4.700e+01    1.355e+05    1.163e-02      1.27m        0         
205  4.636e+01    5.624e+10    3.164e+05      4.500e+01    6.430e+04    1.169e-02      1.10m        0         
206  4.682e+01    1.465e+10    4.180e+06      4.500e+01    6.430e+04    1.169e-02      1.25m        0         
207  4.570e+01    1.347e+14    6.507e+02      4.500e+01    6.430e+04    1.169e-02      1.04m        0         
208  4.655e+01    1.123e+14    2.927e+09      4.500e+01    6.430e+04    1.169e-02      58.65s       0         
209  4.619e+01    2.935e+10    2.532e+04      4.500e+01    6.430e+04    1.169e-02      54.25s       0         
210  4.749e+01    1.771e+12    1.661e+01      7.100e+01    2.181e+07    1.134e-02      43.31s       0         
211  4.870e+01    1.177e+13    3.893e+04      9.900e+01    2.854e+09    1.133e-02      41.64s       0         
212  4.799e+01    1.789e+12    7.921e+02      6.900e+01    2.181e+07    1.093e-02      39.26s       0         
213  4.816e+01    2.241e+10    4.234e+10      9.700e+01    2.334e+08    1.165e-02      32.23s       0         
214  5.006e+01    1.439e+10    4.029e+04      8.100e+01    1.391e+08    1.119e-02      32.51s       0         
215  4.962e+01    4.257e+10    1.735e+04      8.100e+01    1.391e+08    1.119e-02      30.39s       0         
216  5.026e+01    5.416e+13    1.898e+04      1.030e+02    5.545e+09    1.109e-02      31.50s       0         
217  5.083e+01    7.815e+13    3.940e+05      1.130e+02    4.473e+10    1.114e-02      27.87s       0         
218  5.111e+01    7.064e+09    1.873e+01      1.130e+02    4.473e+10    1.108e-02      20.44s       0         
219  5.061e+01    1.082e+11    4.956e+03      7.500e+01    1.146e+07    1.111e-02      18.42s       0         
220  4.983e+01    3.334e+11    7.624e+10      8.500e+01    5.506e+07    1.133e-02      13.24s       0         
221  4.917e+01    1.721e+10    1.310e+04      8.500e+01    6.948e+07    1.131e-02      9.90s        0         
222  5.045e+01    7.194e+11    2.624e+03      8.900e+01    5.166e+08    1.135e-02      7.08s        0         
223  5.224e+01    5.243e+11    6.200e+05      4.500e+01    6.430e+04    1.169e-02      4.22s        0         
224  5.091e+01    3.658e+10    5.613e+06      4.500e+01    6.430e+04    1.169e-02      0.00s        0         
225  4.959e+01    7.373e+11    2.919e+04      4.500e+01    6.430e+04    1.169e-02      1.33m        0         
226  4.951e+01    1.939e+11    1.104e+02      4.500e+01    6.430e+04    1.169e-02      1.22m        0         
227  5.062e+01    1.108e+11    2.017e+05      6.700e+01    8.630e+06    1.137e-02      1.14m        0         
228  5.173e+01    1.070e+14    1.629e+04      1.210e+02    2.843e+11    1.124e-02      1.22m        0         
229  5.175e+01    4.559e+13    1.357e+04      4.500e+01    6.430e+04    1.169e-02      1.21m        0         
230  5.152e+01    2.801e+13    3.815e+01      4.500e+01    6.430e+04    1.169e-02      57.43s       0         
231  5.297e+01    9.422e+13    8.585e+04      4.500e+01    6.430e+04    1.169e-02      59.15s       0         
232  5.068e+01    3.475e+11    1.618e+02      4.500e+01    6.430e+04    1.169e-02      1.01m        0         
233  4.966e+01    1.544e+13    2.383e+05      4.500e+01    6.430e+04    1.169e-02      1.09m        0         
234  4.857e+01    3.977e+13    1.467e+11      4.500e+01    6.430e+04    1.169e-02      47.82s       0         
235  4.907e+01    4.323e+11    1.106e+04      4.500e+01    6.430e+04    1.169e-02      49.28s       0         
236  4.674e+01    7.319e+09    3.557e+04      4.500e+01    6.430e+04    1.169e-02      39.59s       0         
237  4.724e+01    1.599e+09    3.619e+01      4.500e+01    6.430e+04    1.169e-02      36.67s       0         
238  4.687e+01    2.300e+11    1.032e+04      4.500e+01    6.430e+04    1.169e-02      42.51s       0         
239  4.842e+01    3.877e+10    5.606e+04      4.500e+01    6.430e+04    1.169e-02      42.13s       0         
240  4.793e+01    1.103e+10    1.991e+04      4.500e+01    6.430e+04    1.169e-02      32.70s       0         
241  4.757e+01    6.970e+10    3.137e+02      4.500e+01    6.430e+04    1.169e-02      24.37s       0         
242  4.672e+01    1.503e+11    1.532e+08      4.500e+01    6.430e+04    1.169e-02      30.97s       0         
243  4.494e+01    1.030e+10    5.224e+03      4.500e+01    6.430e+04    1.169e-02      21.61s       0         
244  4.545e+01    1.897e+10    8.795e+04      4.500e+01    6.430e+04    1.169e-02      17.86s       0         
245  4.508e+01    9.378e+11    4.122e+07      4.500e+01    6.430e+04    1.169e-02      19.18s       0         
246  4.571e+01    2.449e+10    1.524e+09      4.500e+01    6.430e+04    1.169e-02      12.19s       0         
247  4.512e+01    2.353e+11    2.825e+04      4.500e+01    6.430e+04    1.169e-02      7.33s        0         
248  4.569e+01    9.014e+09    1.142e+09      4.500e+01    6.430e+04    1.169e-02      4.08s        0         
249  4.570e+01    5.746e+10    2.374e+06      4.500e+01    6.430e+04    1.169e-02      0.00s        0         
250  4.717e+01    6.582e+11    2.569e+01      4.500e+01    6.430e+04    1.169e-02      1.19m        0         
251  4.648e+01    5.870e+09    6.858e+07      4.500e+01    6.430e+04    1.169e-02      1.35m        0         
252  4.756e+01    1.563e+10    2.034e+04      4.500e+01    6.430e+04    1.169e-02      1.41m        0         
253  4.668e+01    7.803e+11    1.274e+07      4.500e+01    6.430e+04    1.169e-02      1.34m        0         
254  4.665e+01    7.998e+13    2.713e+06      4.500e+01    6.430e+04    1.169e-02      1.06m        0         
255  4.773e+01    1.089e+09    3.083e+06      4.500e+01    6.430e+04    1.169e-02      57.40s       0         
256  4.864e+01    3.195e+10    2.623e+05      4.700e+01    1.025e+05    1.141e-02      1.21m        0         
257  4.955e+01    1.486e+10    1.987e+04      4.700e+01    1.025e+05    1.141e-02      51.08s       0         
258  4.884e+01    1.734e+10    9.502e+03      4.700e+01    1.025e+05    1.141e-02      48.42s       0         
259  4.892e+01    3.577e+10    9.876e+04      4.700e+01    1.025e+05    1.141e-02      46.39s       0         
260  4.835e+01    6.849e+10    3.239e+03      4.700e+01    1.025e+05    1.141e-02      49.99s       0         
261  4.925e+01    7.170e+13    4.096e+04      4.700e+01    1.025e+05    1.141e-02      38.22s       0         
262  4.958e+01    3.934e+10    4.192e+06      4.700e+01    5.666e+04    1.140e-02      42.98s       0         
263  4.960e+01    2.191e+09    1.458e+05      5.500e+01    8.802e+05    1.132e-02      36.88s       0         
264  4.941e+01    2.785e+12    1.882e+04      5.500e+01    8.802e+05    1.132e-02      36.32s       0         
265  4.923e+01    2.914e+09    1.029e+06      4.700e+01    5.666e+04    1.140e-02      38.17s       0         
266  5.153e+01    1.665e+15    3.976e+02      4.700e+01    5.666e+04    1.140e-02      29.82s       0         
267  5.005e+01    2.958e+11    2.857e+04      4.700e+01    5.666e+04    1.140e-02      21.64s       0         
268  4.872e+01    2.278e+09    7.250e+05      4.700e+01    5.666e+04    1.140e-02      19.08s       0         
269  4.985e+01    3.189e+09    4.458e+05      4.700e+01    5.666e+04    1.140e-02      14.90s       0         
270  4.723e+01    1.071e+09    2.446e+04      4.700e+01    5.666e+04    1.140e-02      13.84s       0         
271  4.931e+01    5.680e+13    1.497e+04      4.500e+01    1.085e+04    1.091e-02      9.68s        0         
272  4.885e+01    1.040e+09    4.426e+04      5.700e+01    3.064e+05    1.077e-02      7.01s        0         
273  4.845e+01    3.018e+10    2.539e+04      5.700e+01    3.064e+05    1.077e-02      3.06s        0         
274  4.851e+01    5.098e+10    1.972e+06      5.700e+01    3.064e+05    1.077e-02      0.00s        0         
275  4.953e+01    4.588e+15    1.471e+04      4.500e+01    1.085e+04    1.091e-02      1.49m        0         
276  4.887e+01    1.854e+10    3.200e+03      5.100e+01    3.521e+04    1.088e-02      1.30m        0         
277  5.010e+01    2.459e+12    5.436e+03      4.500e+01    1.085e+04    1.084e-02      1.22m        0         
278  4.870e+01    1.657e+11    2.594e+09      6.100e+01    3.883e+05    1.082e-02      1.21m        0         
279  4.831e+01    1.637e+10    1.246e+06      7.300e+01    6.330e+07    1.072e-02      1.16m        0         
280  4.907e+01    3.442e+10    2.697e+04      4.500e+01    1.085e+04    1.084e-02      59.44s       0         
281  4.909e+01    1.999e+11    2.782e+06      4.500e+01    1.085e+04    1.084e-02      1.11m        0         
282  5.063e+01    1.553e+11    3.271e+04      6.700e+01    1.011e+06    1.039e-02      57.29s       0         
283  5.116e+01    4.433e+11    1.201e+04      6.700e+01    9.343e+05    1.064e-02      1.02m        0         
284  5.051e+01    8.864e+09    2.755e+04      6.500e+01    8.469e+05    1.029e-02      44.21s       0         
285  5.155e+01    6.174e+10    4.669e+10      4.500e+01    1.085e+04    1.084e-02      45.85s       0         
286  4.828e+01    2.033e+10    9.954e+05      4.500e+01    1.085e+04    1.084e-02      52.81s       0         
287  4.973e+01    3.952e+09    7.546e+03      4.500e+01    1.085e+04    1.084e-02      33.78s       0         
288  4.953e+01    6.385e+11    5.872e+10      4.900e+01    4.429e+04    1.079e-02      34.94s       0         
289  4.931e+01    1.497e+09    3.026e+06      4.500e+01    1.085e+04    1.084e-02      31.82s       0         
290  4.820e+01    5.698e+09    6.235e+05      7.300e+01    6.109e+07    1.063e-02      28.92s       0         
291  4.833e+01    1.315e+10    8.690e+06      4.500e+01    1.085e+04    1.084e-02      21.87s       0         
292  4.656e+01    2.787e+08    1.098e+06      5.300e+01    5.521e+04    1.083e-02      22.11s       0         
293  4.738e+01    3.715e+08    7.347e+06      4.500e+01    1.085e+04    1.084e-02      20.87s       0         
294  4.851e+01    2.627e+09    4.381e+02      4.900e+01    3.263e+04    1.036e-02      15.56s       0         
295  4.757e+01    6.107e+09    2.318e+04      4.900e+01    3.263e+04    1.036e-02      14.66s       0         
296  4.772e+01    1.716e+09    1.785e+08      4.900e+01    3.263e+04    1.036e-02      11.50s       0         
297  4.554e+01    2.706e+08    9.297e+05      4.900e+01    3.263e+04    1.036e-02      6.35s        0         
298  4.698e+01    4.668e+10    1.327e+05      4.900e+01    3.263e+04    1.036e-02      3.15s        0         
299  4.764e+01    3.667e+09    7.196e+02      4.900e+01    3.263e+04    1.036e-02      0.00s        0         
300  4.741e+01    1.019e+10    5.772e+03      4.900e+01    3.263e+04    1.036e-02      1.17m        0         
301  4.775e+01    2.237e+11    8.284e+05      4.900e+01    3.263e+04    1.036e-02      1.25m        0         
302  4.826e+01    5.830e+08    1.033e+06      4.900e+01    3.263e+04    1.036e-02      1.22m        0         
303  4.662e+01    5.778e+12    2.349e+06      4.900e+01    3.263e+04    1.036e-02      1.34m        0         
304  4.764e+01    1.004e+09    1.155e+04      4.900e+01    3.263e+04    1.036e-02      1.45m        0         
305  4.877e+01    4.871e+08    2.574e+06      4.900e+01    3.263e+04    1.036e-02      58.45s       0         
306  5.073e+01    2.551e+09    1.052e+02      4.900e+01    3.263e+04    1.036e-02      1.05m        0         
307  4.845e+01    2.297e+09    3.555e+06      4.900e+01    3.263e+04    1.036e-02      1.03m        0         
308  4.933e+01    5.145e+13    3.889e+09      4.900e+01    3.263e+04    1.036e-02      56.70s       0         
309  4.958e+01    2.462e+09    4.540e+06      4.900e+01    3.263e+04    1.036e-02      56.68s       0         
310  4.900e+01    2.108e+09    7.918e+05      5.100e+01    4.325e+04    1.033e-02      42.19s       0         
311  4.974e+01    1.604e+09    3.871e+07      5.100e+01    4.325e+04    1.033e-02      50.08s       0         
312  4.968e+01    4.709e+12    2.415e+05      4.900e+01    3.263e+04    1.036e-02      41.57s       0         
313  4.935e+01    5.339e+11    1.793e+06      4.900e+01    3.263e+04    1.036e-02      36.42s       0         
314  5.037e+01    4.008e+08    8.806e+07      4.900e+01    3.263e+04    1.036e-02      31.79s       0         
315  5.048e+01    1.648e+10    1.069e+08      4.900e+01    3.263e+04    1.036e-02      31.31s       0         
316  5.141e+01    1.118e+13    2.774e+10      4.900e+01    3.263e+04    1.036e-02      26.48s       0         
317  5.131e+01    3.198e+09    1.334e+04      4.300e+01    1.493e+04    1.036e-02      26.36s       0         
318  5.045e+01    7.987e+12    4.590e+09      4.300e+01    1.493e+04    1.036e-02      17.45s       0         
319  5.129e+01    2.289e+09    3.191e+02      4.300e+01    1.493e+04    1.036e-02      15.98s       0         
320  5.123e+01    2.790e+11    6.095e+07      4.300e+01    1.493e+04    1.036e-02      13.17s       0         
321  5.094e+01    2.104e+09    1.799e+10      4.300e+01    1.493e+04    1.036e-02      10.02s       0         
322  5.096e+01    1.677e+09    9.291e+06      4.300e+01    1.493e+04    1.036e-02      5.92s        0         
323  5.117e+01    4.467e+11    1.906e+09      5.100e+01    6.282e+05    1.011e-02      4.02s        0         
324  5.066e+01    7.637e+09    1.730e+13      5.300e+01    3.201e+04    9.715e-03      0.00s        0         
325  4.940e+01    2.028e+09    4.821e+05      5.300e+01    3.201e+04    9.715e-03      1.49m        0         
326  5.095e+01    2.070e+09    7.620e+02      5.300e+01    3.201e+04    9.715e-03      1.02m        0         
327  4.928e+01    4.763e+10    9.471e+05      5.300e+01    3.201e+04    9.715e-03      1.32m        0         
328  5.097e+01    7.986e+10    7.285e+02      5.300e+01    3.201e+04    9.715e-03      1.28m        0         
329  5.167e+01    4.430e+16    1.096e+05      5.300e+01    3.201e+04    9.715e-03      1.04m        0         
330  5.244e+01    5.597e+09    1.826e+05      5.300e+01    3.201e+04    9.715e-03      1.19m        0         
331  5.223e+01    2.362e+09    2.864e+07      5.300e+01    3.201e+04    9.715e-03      1.11m        0         
332  5.073e+01    4.900e+08    2.570e+08      5.300e+01    3.201e+04    9.715e-03      55.95s       0         
333  5.272e+01    1.919e+09    2.167e+03      5.300e+01    3.201e+04    9.715e-03      55.36s       0         
334  5.326e+01    5.115e+18    1.366e+04      5.300e+01    3.201e+04    9.715e-03      52.16s       0         
335  5.280e+01    2.932e+11    2.032e+05      5.300e+01    3.201e+04    9.715e-03      46.66s       0         
336  5.472e+01    9.405e+10    2.901e+03      5.300e+01    3.201e+04    9.715e-03      48.57s       0         
337  5.483e+01    2.037e+09    8.346e+03      5.700e+01    3.712e+04    9.715e-03      37.35s       0         
338  5.402e+01    5.065e+09    1.979e+06      5.300e+01    3.201e+04    9.715e-03      38.30s       0         
339  5.129e+01    3.585e+08    4.583e+04      5.300e+01    3.201e+04    9.715e-03      38.73s       0         
340  5.130e+01    1.728e+08    1.052e+06      5.300e+01    3.201e+04    9.715e-03      32.04s       0         
341  5.112e+01    5.235e+08    2.325e+02      5.300e+01    3.201e+04    9.715e-03      31.45s       0         
342  5.193e+01    2.382e+08    1.238e+02      5.300e+01    3.201e+04    9.715e-03      28.50s       0         
343  5.061e+01    6.248e+08    1.001e+05      5.300e+01    3.201e+04    9.715e-03      19.98s       0         
344  5.045e+01    2.752e+09    2.257e+02      5.300e+01    3.201e+04    9.715e-03      15.47s       0         
345  5.137e+01    5.278e+13    3.032e+03      5.300e+01    3.201e+04    9.715e-03      11.34s       0         
346  5.252e+01    2.242e+09    7.936e+03      5.300e+01    3.201e+04    9.715e-03      9.52s        0         
347  5.202e+01    7.319e+09    3.154e+03      5.300e+01    3.201e+04    9.715e-03      6.80s        0         
348  5.274e+01    7.697e+08    1.393e+04      5.300e+01    3.201e+04    9.715e-03      4.19s        0         
349  5.139e+01    5.991e+08    3.875e+08      5.300e+01    3.201e+04    9.715e-03      0.00s        0         
350  5.161e+01    1.814e+09    1.090e+04      5.300e+01    3.201e+04    9.715e-03      1.27m        0         
351  5.265e+01    2.741e+10    2.384e+04      5.300e+01    3.201e+04    9.715e-03      1.50m        0         
352  5.192e+01    5.700e+10    7.345e+04      5.300e+01    3.201e+04    9.715e-03      1.08m        0         
353  5.292e+01    7.955e+09    3.228e+02      5.300e+01    3.201e+04    9.715e-03      1.43m        0         
354  5.099e+01    5.823e+08    1.206e+06      5.300e+01    3.201e+04    9.715e-03      1.10m        0         
355  4.988e+01    3.121e+10    5.768e+03      5.300e+01    3.201e+04    9.715e-03      1.33m        0         
356  4.954e+01    2.679e+09    1.661e+03      5.300e+01    3.201e+04    9.715e-03      59.14s       0         
357  5.167e+01    3.094e+09    6.808e+02      5.300e+01    3.201e+04    9.715e-03      50.94s       0         
358  5.250e+01    5.326e+11    3.958e+05      5.300e+01    3.201e+04    9.715e-03      1.03m        0         
359  5.119e+01    3.481e+10    2.294e+05      5.500e+01    8.601e+04    9.946e-03      44.63s       0         
360  5.062e+01    6.584e+07    7.160e+05      4.300e+01    6.463e+03    1.007e-02      43.53s       0         
361  5.113e+01    1.314e+09    3.240e+04      6.100e+01    1.098e+07    9.959e-03      53.04s       0         
362  5.010e+01    3.439e+08    8.152e+03      5.500e+01    5.226e+04    9.600e-03      52.94s       0         
363  4.893e+01    2.118e+09    4.617e+02      5.700e+01    1.031e+06    9.902e-03      34.76s       0         
364  4.870e+01    8.766e+08    3.820e+04      5.900e+01    1.762e+06    9.876e-03      33.99s       0         
365  4.845e+01    5.860e+09    2.446e+03      1.030e+02    5.097e+09    9.799e-03      31.03s       0         
366  4.861e+01    2.098e+13    8.996e+03      5.100e+01    2.614e+04    9.841e-03      26.15s       0         
367  4.845e+01    2.648e+10    9.295e+03      4.900e+01    3.886e+04    9.922e-03      20.61s       0         
368  4.872e+01    1.910e+10    1.175e+04      4.900e+01    2.296e+04    9.301e-03      21.74s       0         
369  4.961e+01    6.697e+09    8.213e+01      4.900e+01    2.296e+04    9.301e-03      20.47s       0         
370  4.942e+01    6.074e+10    1.451e+06      4.900e+01    2.296e+04    9.301e-03      12.80s       0         
371  5.081e+01    7.516e+09    4.223e+04      4.900e+01    2.296e+04    9.301e-03      11.80s       0         
372  4.897e+01    1.217e+09    1.846e+06      4.900e+01    2.296e+04    9.301e-03      8.00s        0         
373  5.113e+01    1.963e+09    3.144e+05      4.900e+01    2.296e+04    9.301e-03      4.06s        0         
374  5.045e+01    8.513e+08    1.131e+02      4.900e+01    2.296e+04    9.301e-03      0.00s        0         
375  5.045e+01    6.880e+11    4.005e+04      4.900e+01    2.296e+04    9.301e-03      1.39m        0         
376  5.216e+01    2.186e+12    4.376e+03      4.900e+01    2.296e+04    9.301e-03      1.32m        0         
377  5.209e+01    9.067e+08    4.858e+03      4.900e+01    2.296e+04    9.301e-03      1.44m        0         
378  5.309e+01    6.095e+09    3.575e+03      4.900e+01    2.296e+04    9.301e-03      1.11m        0         
379  5.201e+01    1.368e+12    2.305e+06      4.900e+01    2.296e+04    9.301e-03      1.10m        0         
380  5.233e+01    1.983e+14    2.135e+03      4.900e+01    2.296e+04    9.301e-03      1.20m        0         
381  5.141e+01    9.600e+10    1.058e+04      4.900e+01    2.296e+04    9.301e-03      1.37m        0         
382  5.215e+01    5.743e+08    2.785e+08      4.900e+01    2.296e+04    9.301e-03      1.00m        0         
383  5.195e+01    1.552e+10    3.109e+08      4.900e+01    2.296e+04    9.301e-03      59.61s       0         
384  5.103e+01    7.019e+13    4.937e+05      4.900e+01    2.296e+04    9.301e-03      51.68s       0         
385  5.174e+01    1.081e+21    1.159e+06      4.900e+01    2.296e+04    9.301e-03      49.79s       0         
386  5.240e+01    7.592e+11    1.930e+02      4.900e+01    2.296e+04    9.301e-03      48.72s       0         
387  5.075e+01    3.775e+09    6.936e+06      4.900e+01    2.296e+04    9.301e-03      1.04m        0         
388  5.070e+01    3.569e+09    2.458e+03      4.900e+01    2.296e+04    9.301e-03      47.35s       0         
389  5.057e+01    9.766e+15    7.866e+03      4.900e+01    2.296e+04    9.301e-03      35.78s       0         
390  4.985e+01    1.342e+10    8.925e+02      4.900e+01    2.296e+04    9.301e-03      32.79s       0         
391  5.031e+01    3.468e+10    3.591e+06      4.900e+01    2.296e+04    9.301e-03      26.90s       0         
392  4.970e+01    2.590e+10    4.358e+10      4.900e+01    2.296e+04    9.301e-03      27.77s       0         
393  5.060e+01    5.193e+09    3.942e+02      4.900e+01    2.296e+04    9.301e-03      21.57s       0         
394  5.008e+01    3.799e+10    3.944e+05      4.900e+01    2.296e+04    9.301e-03      20.40s       0         
395  5.127e+01    5.691e+13    1.866e+03      4.900e+01    2.296e+04    9.301e-03      17.40s       0         
396  5.085e+01    7.657e+10    1.151e+03      4.900e+01    2.296e+04    9.301e-03      11.28s       0         
397  4.944e+01    1.191e+09    1.432e+03      4.900e+01    2.296e+04    9.301e-03      8.00s        0         
398  5.061e+01    3.681e+10    2.696e+03      4.900e+01    2.296e+04    9.301e-03      4.17s        0         
399  5.120e+01    3.300e+09    8.227e+03      4.900e+01    2.296e+04    9.301e-03      0.00s        0         
400  4.921e+01    2.964e+10    1.712e+04      4.900e+01    2.296e+04    9.301e-03      1.56m        0         
401  5.003e+01    4.280e+08    1.364e+03      4.900e+01    2.296e+04    9.301e-03      1.31m        0         
402  5.185e+01    2.493e+15    2.293e+03      5.900e+01    1.734e+05    8.997e-03      1.32m        0         
403  5.191e+01    8.811e+09    1.856e+05      5.900e+01    1.516e+05    8.648e-03      1.07m        0         
404  5.208e+01    5.730e+10    1.983e+03      5.500e+01    4.656e+04    8.471e-03      1.13m        0         
405  5.245e+01    7.324e+08    3.901e+03      5.500e+01    4.656e+04    8.471e-03      1.07m        0         
406  5.378e+01    1.155e+09    2.844e+05      5.500e+01    4.656e+04    8.471e-03      57.47s       0         
407  5.350e+01    5.906e+10    5.231e+07      5.500e+01    4.656e+04    8.471e-03      1.27m        0         
408  5.284e+01    4.173e+09    9.674e+05      5.500e+01    4.656e+04    8.471e-03      1.02m        0         
409  5.302e+01    3.188e+11    1.799e+05      5.500e+01    4.656e+04    8.471e-03      1.14m        0         
410  5.399e+01    3.347e+14    2.505e+03      5.500e+01    4.656e+04    8.471e-03      43.12s       0         
411  5.287e+01    1.964e+09    7.529e+05      5.500e+01    4.656e+04    8.471e-03      39.11s       0         
412  5.351e+01    1.785e+08    4.831e+04      5.500e+01    4.656e+04    8.471e-03      48.36s       0         
413  5.444e+01    1.217e+09    9.727e+04      5.500e+01    4.656e+04    8.471e-03      32.89s       0         
414  5.458e+01    1.124e+09    3.281e+05      5.900e+01    8.370e+04    8.278e-03      27.87s       0         
415  5.453e+01    1.118e+10    3.003e+02      5.900e+01    8.370e+04    8.278e-03      29.74s       0         
416  5.541e+01    3.457e+10    1.839e+04      5.900e+01    8.370e+04    8.278e-03      22.59s       0         
417  5.459e+01    7.928e+09    6.086e+05      6.300e+01    9.256e+04    8.239e-03      22.80s       0         
418  5.423e+01    4.467e+14    1.652e+05      5.900e+01    8.370e+04    8.278e-03      23.11s       0         
419  5.397e+01    6.081e+08    9.074e+02      5.900e+01    8.370e+04    8.278e-03      16.14s       0         
420  5.549e+01    8.527e+08    5.040e+06      5.900e+01    8.370e+04    8.278e-03      12.13s       0         
421  5.492e+01    6.793e+09    9.955e+02      5.900e+01    8.370e+04    8.278e-03      10.94s       0         
422  5.411e+01    9.816e+08    2.951e+05      5.900e+01    8.370e+04    8.278e-03      7.14s        0         
423  5.359e+01    8.118e+07    7.947e+02      5.900e+01    8.370e+04    8.278e-03      3.28s        0         
424  5.182e+01    8.845e+10    1.182e+03      5.900e+01    1.128e+05    7.262e-03      0.00s        0         
425  5.103e+01    7.975e+11    3.853e+03      5.900e+01    1.128e+05    7.262e-03      1.52m        0         
426  5.028e+01    5.400e+11    8.340e+05      5.900e+01    1.128e+05    7.262e-03      1.65m        0         
427  5.234e+01    1.082e+08    1.328e+03      5.900e+01    1.128e+05    7.262e-03      1.49m        0         
428  5.295e+01    1.771e+09    3.272e+06      5.900e+01    1.128e+05    7.262e-03      1.43m        0         
429  5.421e+01    2.901e+09    3.062e+05      5.900e+01    1.128e+05    7.262e-03      1.27m        0         
430  5.379e+01    3.347e+08    4.953e+01      5.900e+01    1.128e+05    7.262e-03      1.32m        0         
431  5.352e+01    9.909e+12    4.645e+03      5.900e+01    1.128e+05    7.262e-03      1.04m        0         
432  5.293e+01    4.187e+08    1.797e+03      5.900e+01    1.128e+05    7.262e-03      59.71s       0         
433  5.453e+01    2.053e+09    1.829e+03      6.300e+01    4.318e+05    7.039e-03      1.03m        0         
434  5.551e+01    9.774e+09    1.701e+03      6.300e+01    4.318e+05    7.039e-03      46.57s       0         
435  5.589e+01    7.008e+09    1.408e+03      6.300e+01    4.318e+05    7.039e-03      48.20s       0         
436  5.296e+01    7.272e+07    1.577e+03      7.500e+01    1.409e+06    6.959e-03      43.60s       0         
437  5.554e+01    1.803e+08    8.972e+03      1.250e+02    5.048e+10    7.014e-03      40.20s       0         
438  5.509e+01    2.778e+08    2.858e+02      6.300e+01    4.318e+05    7.039e-03      38.80s       0         
439  5.690e+01    2.582e+09    6.318e+02      6.300e+01    4.318e+05    7.039e-03      34.17s       0         
440  5.802e+01    1.671e+10    7.392e+01      6.300e+01    4.318e+05    7.039e-03      36.96s       0         
441  5.824e+01    4.639e+11    4.030e+03      6.500e+01    4.752e+05    6.683e-03      29.31s       0         
442  5.676e+01    1.649e+09    6.645e+02      6.500e+01    4.752e+05    6.683e-03      24.71s       0         
443  5.770e+01    1.404e+16    5.517e+03      6.500e+01    4.752e+05    6.683e-03      21.53s       0         
444  5.801e+01    1.205e+09    4.861e+06      6.500e+01    4.752e+05    6.683e-03      16.45s       0         
445  5.908e+01    6.436e+08    4.886e+04      6.500e+01    4.752e+05    6.683e-03      15.95s       0         
446  5.974e+01    2.129e+09    2.768e+07      6.500e+01    4.752e+05    6.683e-03      8.64s        0         
447  5.878e+01    1.930e+10    4.229e+04      6.500e+01    4.752e+05    6.683e-03      7.32s        0         
448  5.887e+01    1.113e+11    3.653e+01      6.500e+01    4.752e+05    6.529e-03      3.63s        0         
449  5.910e+01    1.433e+10    8.669e+05      6.500e+01    4.752e+05    6.529e-03      0.00s        0         
450  5.906e+01    1.468e+10    1.820e+01      6.500e+01    4.752e+05    6.529e-03      1.25m        0         
451  5.745e+01    2.006e+12    1.403e+11      6.500e+01    4.752e+05    6.529e-03      1.41m        0         
452  5.705e+01    4.087e+08    8.240e+02      6.500e+01    4.752e+05    6.529e-03      1.25m        0         
453  5.700e+01    6.760e+08    2.147e+03      6.500e+01    4.752e+05    6.529e-03      1.46m        0         
454  5.785e+01    6.434e+09    1.426e+03      6.500e+01    4.752e+05    6.529e-03      56.88s       0         
455  5.787e+01    1.000e+12    5.668e+04      6.500e+01    4.752e+05    6.529e-03      54.54s       0         
456  5.762e+01    1.008e+12    5.232e+05      6.500e+01    4.752e+05    6.529e-03      1.05m        0         
457  5.807e+01    6.977e+10    2.733e+05      6.500e+01    4.752e+05    6.529e-03      55.55s       0         
458  6.002e+01    1.098e+11    4.817e+02      6.500e+01    4.752e+05    6.529e-03      57.87s       0         
459  5.844e+01    8.005e+10    8.198e+03      6.500e+01    4.752e+05    6.529e-03      47.92s       0         
460  5.716e+01    1.164e+09    5.693e+04      6.500e+01    4.752e+05    6.529e-03      44.44s       0         
461  5.693e+01    1.152e+09    1.188e+03      6.500e+01    4.752e+05    6.529e-03      44.08s       0         
462  5.748e+01    1.227e+09    5.532e+03      6.500e+01    4.752e+05    6.529e-03      40.23s       0         
463  5.835e+01    2.214e+09    4.142e+02      6.500e+01    4.752e+05    6.529e-03      34.00s       0         
464  5.816e+01    4.069e+10    7.323e+02      6.500e+01    4.752e+05    6.529e-03      37.03s       0         
465  5.698e+01    7.386e+08    1.122e+11      6.500e+01    4.752e+05    6.529e-03      27.15s       0         
466  5.869e+01    2.251e+09    1.760e+04      6.500e+01    4.752e+05    6.529e-03      24.81s       0         
467  6.011e+01    4.157e+09    6.594e+02      6.500e+01    4.752e+05    6.529e-03      22.62s       0         
468  5.743e+01    1.501e+10    7.995e+02      6.500e+01    4.752e+05    6.529e-03      19.09s       0         
469  5.781e+01    1.247e+10    2.128e+04      6.500e+01    4.752e+05    6.529e-03      18.31s       0         
470  5.690e+01    1.489e+11    9.331e+03      6.500e+01    4.752e+05    6.529e-03      14.76s       0         
471  5.688e+01    3.739e+09    9.647e+05      6.500e+01    4.752e+05    6.529e-03      8.49s        0         
472  5.851e+01    1.131e+10    1.277e+11      6.500e+01    4.752e+05    6.529e-03      5.62s        0         
473  5.772e+01    4.281e+09    3.098e+06      6.500e+01    4.752e+05    6.529e-03      3.64s        0         
474  5.582e+01    1.550e+08    6.063e+02      6.500e+01    4.752e+05    6.529e-03      0.00s        0         
475  5.677e+01    6.859e+18    2.022e+07      6.500e+01    3.688e+05    6.523e-03      1.74m        0         
476  5.718e+01    7.370e+09    8.206e+04      6.500e+01    3.688e+05    6.523e-03      1.12m        0         
477  5.726e+01    3.916e+09    7.581e+05      7.500e+01    4.513e+06    6.508e-03      1.31m        0         
478  5.872e+01    2.210e+09    1.882e+04      6.900e+01    6.923e+05    6.368e-03      1.46m        0         
479  5.948e+01    6.903e+08    8.721e+04      6.900e+01    6.923e+05    6.368e-03      1.39m        0         
480  6.035e+01    4.654e+14    3.908e+04      6.900e+01    6.923e+05    6.368e-03      1.31m        0         
481  5.840e+01    2.458e+08    9.226e+02      6.500e+01    3.688e+05    6.523e-03      1.01m        0         
482  5.721e+01    2.268e+08    1.809e+03      6.500e+01    3.688e+05    6.523e-03      1.12m        0         
483  5.591e+01    1.683e+08    3.932e+02      6.500e+01    3.688e+05    6.523e-03      56.97s       0         
484  5.788e+01    2.972e+08    3.760e+03      6.500e+01    3.688e+05    6.523e-03      42.52s       0         
485  5.759e+01    5.453e+13    1.616e+03      6.500e+01    3.688e+05    6.523e-03      59.52s       0         
486  5.677e+01    1.903e+08    6.082e+02      6.500e+01    3.688e+05    6.523e-03      54.17s       0         
487  5.630e+01    5.188e+08    8.008e+02      6.500e+01    3.688e+05    6.523e-03      35.45s       0         
488  5.737e+01    1.200e+12    8.610e+02      6.500e+01    3.688e+05    6.523e-03      37.62s       0         
489  5.577e+01    1.671e+12    1.480e+05      6.500e+01    3.688e+05    6.523e-03      32.63s       0         
490  5.616e+01    4.578e+11    9.082e+05      6.500e+01    3.688e+05    6.523e-03      38.77s       0         
491  5.494e+01    1.942e+08    1.373e+04      6.500e+01    3.688e+05    6.523e-03      28.35s       0         
492  5.565e+01    2.300e+09    2.535e+03      6.500e+01    3.688e+05    6.523e-03      28.19s       0         
493  5.505e+01    1.709e+09    4.343e+02      6.500e+01    3.688e+05    6.523e-03      19.09s       0         
494  5.460e+01    1.066e+09    6.111e+01      6.500e+01    3.688e+05    6.523e-03      15.70s       0         
495  5.405e+01    5.863e+10    2.931e+02      6.500e+01    3.688e+05    6.523e-03      16.06s       0         
496  5.434e+01    4.251e+11    7.670e+02      6.500e+01    3.688e+05    6.523e-03      12.65s       0         
497  5.419e+01    8.360e+07    1.806e+02      6.500e+01    3.688e+05    6.523e-03      7.88s        0         
498  5.604e+01    7.624e+10    1.705e+03      6.500e+01    3.688e+05    6.523e-03      2.95s        0         
499  5.604e+01    3.428e+08    4.341e+02      6.500e+01    3.688e+05    6.523e-03      0.00s        0         





Time: 0h:29m:0s
####   Data for the best program   ####
Best Program: add(mul(sub(sub(X1, add(mul(sub(sub(mul(X1, add(mul(X2, X2), X0)), 0.430), sub(X1, mul(X3, mul(X3, div(1.464, add(add(add(X1, X0), add(1.554, X2)), add(mul(X2, X2), X0))))))), div(add(X3, X1), sub(1.472, sub(X0, mul(X1, add(mul(0.664, X0), X0)))))), 0.721)), sub(X2, sub(X0, X2))), sub(0.163, mul(0.169, 0.239))), 0.721)
Best Program Complexity: 65
Raw Fitness: 0.006522712552765908
Penalized Fitness: 0.009122712552765908
Estimator		Train-rmse: 0.006522712552765908	Test-rmse: 0.0071550659286955766	Test-R^2: 0.9946536329387347

{'complexity': 'length', 'const_range': (1e-10, 2.0), 'elitism_size': 1, 'function_set': ('add', 'sub', 'div', 'mul'), 'generations': 500, 'init_depth': (3, 6), 'init_method': 'half and half', 'low_memory': True, 'max_samples': 1.0, 'metric': 'rmse', 'n_jobs': 2, 'p_crossover': 0.4, 'p_hoist_mutation': 0.0, 'p_point_mutation': 0.3, 'p_point_replace': 0.05, 'p_subtree_mutation': 0.3, 'paretogp': False, 'paretogp_lengths': (5, 130), 'parsimony_coefficient': 4e-05, 'population_size': 800, 'random_state': 1704380438, 'selection': 'eplex', 'stopping_criteria': 1e-10, 'tournament_size': 11, 'verbose': 1, 'warm_start': True}
