    |          Population Average          |           Best Individual            |
---- -------------------------------------- -------------------------------------- ----------
Gen  Length       Kommenda     Fitness        Length       Kommenda     Fitness        Time Left    Front Size
0    3.786e+01    1.409e+18    6.799e+09      3.000e+00    2.000e+00    1.725e-01      8.66s        0         
1    1.032e+01    1.433e+06    8.070e+04      3.000e+00    4.000e+00    1.001e-01      37.40s       0         
2    9.865e+00    8.372e+09    3.069e+05      3.000e+00    4.000e+00    1.001e-01      57.17s       0         
3    1.245e+01    1.192e+06    2.823e+03      1.700e+01    1.520e+02    9.797e-02      2.51m        0         
4    1.391e+01    3.319e+09    3.522e+02      1.700e+01    1.280e+02    8.404e-02      1.78m        0         
5    1.568e+01    6.403e+06    1.856e+03      1.300e+01    1.160e+02    7.326e-02      1.37m        0         
6    1.614e+01    2.747e+05    5.392e+01      1.900e+01    5.480e+02    6.832e-02      1.16m        0         
7    1.762e+01    5.342e+08    1.305e+06      1.900e+01    5.160e+02    5.894e-02      1.19m        0         
8    1.846e+01    7.448e+06    2.274e+07      1.500e+01    1.360e+02    4.784e-02      1.33m        0         
9    1.919e+01    1.202e+09    1.290e+02      1.500e+01    1.360e+02    4.784e-02      1.21m        0         
10   2.134e+01    1.435e+09    1.434e+03      1.100e+01    4.600e+01    4.614e-02      1.03m        0         
11   2.229e+01    1.357e+13    1.023e+03      1.100e+01    4.600e+01    4.128e-02      57.63s       0         
12   2.445e+01    7.254e+09    3.082e+08      1.100e+01    4.600e+01    4.128e-02      43.58s       0         
13   2.568e+01    5.447e+09    5.780e+02      1.100e+01    4.600e+01    4.128e-02      41.46s       0         
14   2.845e+01    5.576e+08    1.787e+06      9.000e+00    2.600e+01    4.084e-02      39.25s       0         
15   2.836e+01    6.801e+11    2.092e+04      9.000e+00    2.600e+01    4.084e-02      32.65s       0         
16   2.816e+01    4.133e+09    8.897e+02      9.000e+00    2.600e+01    4.084e-02      36.63s       0         
17   2.788e+01    1.814e+12    2.495e+03      1.100e+01    3.600e+01    3.945e-02      33.78s       0         
18   2.864e+01    8.473e+11    4.517e+01      5.900e+01    6.781e+05    3.871e-02      22.16s       0         
19   2.828e+01    1.504e+12    2.197e+05      1.500e+01    1.090e+02    3.865e-02      17.33s       0         
20   2.839e+01    1.644e+11    4.701e+03      1.500e+01    1.090e+02    3.865e-02      14.06s       0         
21   2.808e+01    7.946e+09    1.445e+03      1.500e+01    1.090e+02    3.865e-02      11.51s       0         
22   2.838e+01    6.735e+07    1.246e+10      2.500e+01    1.351e+03    3.674e-02      8.00s        0         
23   2.739e+01    1.225e+11    5.763e+03      2.500e+01    1.351e+03    3.539e-02      4.10s        0         
24   2.936e+01    3.863e+07    9.749e+02      2.500e+01    1.351e+03    3.539e-02      0.00s        0         
25   2.973e+01    2.637e+07    1.100e+07      2.500e+01    1.351e+03    3.539e-02      1.77m        0         
26   2.920e+01    2.088e+07    1.023e+02      1.900e+01    5.950e+02    3.279e-02      1.52m        0         
27   2.725e+01    3.429e+07    5.449e+03      1.900e+01    5.950e+02    3.279e-02      1.43m        0         
28   2.692e+01    8.437e+07    1.153e+03      1.900e+01    5.950e+02    3.279e-02      1.65m        0         
29   2.664e+01    1.234e+09    3.405e+03      2.500e+01    1.675e+03    3.045e-02      1.52m        0         
30   2.870e+01    1.273e+11    2.899e+03      2.500e+01    1.675e+03    3.045e-02      1.61m        0         
31   2.938e+01    1.155e+11    4.804e+02      2.500e+01    1.675e+03    3.045e-02      1.52m        0         
32   3.082e+01    1.645e+12    6.334e+12      3.100e+01    8.371e+03    2.540e-02      1.30m        0         
33   3.187e+01    4.829e+07    7.024e+01      3.100e+01    8.371e+03    2.540e-02      1.06m        0         
34   3.203e+01    5.015e+08    1.803e+05      3.100e+01    8.371e+03    2.540e-02      1.14m        0         
35   3.156e+01    6.686e+07    7.781e+01      3.100e+01    8.371e+03    2.540e-02      1.05m        0         
36   3.315e+01    1.160e+10    5.262e+03      3.100e+01    8.371e+03    2.540e-02      59.95s       0         
37   3.362e+01    9.669e+12    6.309e+04      3.100e+01    8.371e+03    2.540e-02      46.73s       0         
38   3.256e+01    8.707e+11    1.208e+05      3.100e+01    8.371e+03    2.540e-02      45.31s       0         
39   3.245e+01    1.245e+08    2.897e+07      3.100e+01    8.371e+03    2.540e-02      46.88s       0         
40   3.233e+01    7.148e+08    3.568e+03      3.100e+01    8.371e+03    2.540e-02      45.14s       0         
41   3.233e+01    2.807e+09    1.305e+02      3.100e+01    8.371e+03    2.540e-02      42.00s       0         
42   3.310e+01    1.054e+08    5.058e+03      3.100e+01    8.371e+03    2.540e-02      27.34s       0         
43   3.483e+01    2.212e+09    1.751e+09      3.100e+01    8.371e+03    2.540e-02      24.70s       0         
44   3.468e+01    4.179e+08    3.317e+02      3.100e+01    8.371e+03    2.540e-02      22.33s       0         
45   3.485e+01    1.133e+09    1.637e+03      3.100e+01    8.371e+03    2.540e-02      17.64s       0         
46   3.609e+01    8.794e+10    4.222e+06      3.100e+01    8.371e+03    2.540e-02      11.38s       0         
47   3.591e+01    3.777e+16    3.237e+05      3.100e+01    8.371e+03    2.540e-02      7.21s        0         
48   3.711e+01    2.633e+12    5.757e+02      4.900e+01    5.295e+04    2.493e-02      3.56s        0         
49   3.830e+01    1.701e+11    1.421e+03      6.300e+01    4.234e+04    2.384e-02      0.00s        0         
50   3.755e+01    3.384e+09    2.202e+08      6.300e+01    4.234e+04    2.384e-02      1.39m        0         
51   3.869e+01    2.604e+08    4.767e+02      6.300e+01    4.234e+04    2.384e-02      1.40m        0         
52   3.948e+01    1.937e+10    2.328e+04      5.900e+01    1.605e+05    2.281e-02      1.39m        0         
53   4.126e+01    5.615e+08    1.780e+02      5.900e+01    1.605e+05    2.181e-02      1.12m        0         
54   4.437e+01    1.080e+11    5.147e+02      5.900e+01    1.605e+05    2.181e-02      1.08m        0         
55   4.612e+01    4.003e+07    2.442e+02      5.300e+01    1.248e+05    2.162e-02      58.66s       0         
56   4.725e+01    1.891e+08    2.072e+03      5.300e+01    1.248e+05    2.123e-02      58.32s       0         
57   4.644e+01    4.272e+07    8.795e+02      5.300e+01    1.248e+05    2.123e-02      52.47s       0         
58   4.592e+01    2.692e+07    2.288e+05      5.300e+01    1.248e+05    2.123e-02      45.88s       0         
59   4.665e+01    1.891e+07    1.610e+03      5.700e+01    1.401e+05    2.060e-02      55.96s       0         
60   4.540e+01    1.471e+07    7.471e+02      5.700e+01    1.401e+05    2.060e-02      44.24s       0         
61   4.576e+01    2.894e+11    3.720e+06      5.700e+01    1.401e+05    2.060e-02      40.54s       0         
62   4.715e+01    1.635e+09    1.163e+07      5.300e+01    4.159e+05    2.008e-02      35.82s       0         
63   4.738e+01    6.662e+09    3.120e+02      5.300e+01    4.159e+05    2.008e-02      37.40s       0         
64   4.876e+01    6.856e+11    7.618e+02      5.300e+01    4.159e+05    2.008e-02      30.34s       0         
65   4.885e+01    1.950e+09    2.680e+08      7.300e+01    3.564e+06    1.956e-02      29.47s       0         
66   4.905e+01    4.909e+08    1.300e+11      1.050e+02    5.603e+08    1.958e-02      24.79s       0         
67   5.088e+01    1.142e+10    4.270e+06      1.170e+02    1.304e+09    1.942e-02      20.74s       0         
68   4.991e+01    1.780e+11    2.521e+04      1.010e+02    1.433e+08    1.816e-02      17.45s       0         
69   4.795e+01    1.603e+13    7.976e+04      1.010e+02    1.433e+08    1.816e-02      15.10s       0         
70   4.712e+01    1.804e+11    1.410e+03      1.010e+02    1.435e+08    1.781e-02      12.48s       0         
71   4.781e+01    5.835e+15    2.484e+03      3.700e+01    1.334e+04    1.978e-02      8.97s        0         
72   4.649e+01    1.020e+09    3.047e+04      3.500e+01    8.371e+03    1.905e-02      6.09s        0         
73   4.546e+01    4.696e+08    7.465e+01      3.500e+01    8.371e+03    1.905e-02      3.04s        0         
74   4.445e+01    2.864e+08    1.245e+03      3.500e+01    8.371e+03    1.905e-02      0.00s        0         
75   4.532e+01    1.095e+07    9.743e+02      3.500e+01    8.371e+03    1.905e-02      1.13m        0         
76   4.520e+01    7.173e+09    2.202e+02      3.500e+01    8.371e+03    1.905e-02      1.43m        0         
77   4.501e+01    1.542e+09    8.396e+01      3.500e+01    8.371e+03    1.905e-02      1.22m        0         
78   4.456e+01    4.414e+08    7.068e+01      3.500e+01    8.371e+03    1.905e-02      1.02m        0         
79   4.480e+01    5.367e+10    2.180e+04      3.500e+01    8.371e+03    1.905e-02      1.16m        0         
80   4.352e+01    9.684e+06    4.085e+03      3.500e+01    8.371e+03    1.905e-02      1.07m        0         
81   4.415e+01    2.854e+08    5.083e+01      5.700e+01    1.130e+06    1.814e-02      55.78s       0         
82   4.362e+01    2.292e+08    9.888e+04      5.100e+01    7.191e+05    1.781e-02      59.58s       0         
83   4.422e+01    1.169e+09    1.332e+03      5.100e+01    6.401e+05    1.746e-02      51.22s       0         
84   4.422e+01    5.412e+10    1.529e+03      5.100e+01    7.033e+05    1.729e-02      42.59s       0         
85   4.393e+01    5.680e+18    2.880e+03      4.500e+01    1.051e+05    1.719e-02      49.15s       0         
86   4.392e+01    2.248e+08    4.352e+09      5.100e+01    7.191e+05    1.721e-02      46.51s       0         
87   4.409e+01    1.386e+12    2.817e+05      4.100e+01    2.414e+04    1.733e-02      37.04s       0         
88   4.387e+01    3.304e+14    1.419e+03      4.100e+01    2.738e+04    1.708e-02      40.52s       0         
89   4.386e+01    5.212e+16    9.739e+02      4.100e+01    2.738e+04    1.708e-02      34.00s       0         
90   4.443e+01    4.117e+16    8.015e+01      4.100e+01    2.738e+04    1.708e-02      25.06s       0         
91   4.293e+01    1.582e+13    4.602e+02      4.100e+01    2.738e+04    1.708e-02      26.83s       0         
92   4.320e+01    3.088e+09    3.081e+03      4.100e+01    2.738e+04    1.708e-02      25.79s       0         
93   4.145e+01    2.602e+10    1.114e+04      4.100e+01    2.738e+04    1.708e-02      19.73s       0         
94   4.342e+01    3.501e+07    3.298e+05      5.500e+01    1.816e+06    1.669e-02      16.88s       0         
95   4.354e+01    3.315e+10    1.434e+02      4.100e+01    2.738e+04    1.708e-02      13.33s       0         
96   4.260e+01    1.476e+09    6.542e+02      4.300e+01    2.630e+04    1.693e-02      9.90s        0         
97   4.249e+01    4.575e+08    6.619e+05      4.100e+01    2.738e+04    1.685e-02      7.31s        0         
98   4.209e+01    1.168e+10    1.954e+02      4.100e+01    2.738e+04    1.685e-02      3.13s        0         
99   4.110e+01    1.013e+13    3.700e+02      4.100e+01    2.738e+04    1.659e-02      0.00s        0         
100  4.047e+01    5.036e+07    4.003e+02      4.100e+01    2.738e+04    1.659e-02      1.43m        0         
101  4.177e+01    5.347e+09    7.459e+02      4.100e+01    2.738e+04    1.659e-02      1.16m        0         
102  4.084e+01    4.193e+08    1.695e+03      4.100e+01    3.386e+04    1.642e-02      1.29m        0         
103  4.015e+01    4.664e+10    1.751e+03      4.100e+01    3.386e+04    1.642e-02      1.24m        0         
104  4.118e+01    6.566e+10    1.076e+06      4.100e+01    3.386e+04    1.642e-02      1.09m        0         
105  4.053e+01    1.083e+10    1.065e+03      4.100e+01    3.386e+04    1.642e-02      1.14m        0         
106  4.035e+01    3.608e+07    2.940e+02      4.100e+01    3.386e+04    1.642e-02      50.73s       0         
107  4.126e+01    1.464e+09    3.163e+05      4.100e+01    3.386e+04    1.642e-02      46.67s       0         
108  4.096e+01    1.358e+08    2.354e+03      4.100e+01    3.386e+04    1.642e-02      53.22s       0         
109  4.145e+01    3.687e+10    3.050e+04      4.100e+01    3.386e+04    1.642e-02      43.03s       0         
110  4.287e+01    2.150e+08    6.122e+02      4.700e+01    3.975e+05    1.632e-02      45.56s       0         
111  4.231e+01    8.916e+11    6.308e+04      4.100e+01    2.738e+04    1.627e-02      43.96s       0         
112  4.344e+01    4.900e+08    1.438e+04      4.100e+01    2.738e+04    1.627e-02      32.55s       0         
113  4.360e+01    2.904e+09    3.813e+02      4.100e+01    2.738e+04    1.627e-02      36.28s       0         
114  4.382e+01    1.282e+09    1.561e+01      4.100e+01    2.738e+04    1.627e-02      29.82s       0         
115  4.336e+01    1.041e+10    1.837e+03      4.100e+01    2.738e+04    1.627e-02      26.23s       0         
116  4.332e+01    1.296e+11    3.373e+03      4.100e+01    2.738e+04    1.627e-02      22.29s       0         
117  4.367e+01    1.098e+10    7.253e+02      4.100e+01    2.738e+04    1.627e-02      23.95s       0         
118  4.244e+01    1.062e+09    4.732e+04      4.100e+01    2.738e+04    1.627e-02      19.81s       0         
119  4.264e+01    1.387e+12    8.058e+06      4.100e+01    2.738e+04    1.627e-02      19.20s       0         
120  4.177e+01    4.651e+09    1.821e+04      4.100e+01    2.738e+04    1.627e-02      11.68s       0         
121  4.183e+01    4.380e+09    1.886e+05      4.100e+01    2.738e+04    1.627e-02      8.90s        0         
122  4.149e+01    1.409e+10    3.646e+02      4.100e+01    2.738e+04    1.627e-02      5.18s        0         
123  4.124e+01    1.370e+08    2.461e+06      4.100e+01    2.738e+04    1.627e-02      3.22s        0         
124  4.182e+01    2.323e+10    4.271e+03      4.100e+01    2.738e+04    1.627e-02      0.00s        0         
125  4.136e+01    1.290e+11    4.313e+03      4.100e+01    2.738e+04    1.627e-02      1.16m        0         
126  4.067e+01    1.180e+16    4.816e+02      5.900e+01    1.645e+05    1.533e-02      1.15m        0         
127  4.137e+01    3.178e+08    1.755e+04      5.900e+01    1.645e+05    1.475e-02      1.31m        0         
128  4.184e+01    7.535e+10    1.088e+04      8.500e+01    6.071e+07    1.440e-02      1.10m        0         
129  4.234e+01    1.456e+09    9.106e+01      5.900e+01    1.645e+05    1.481e-02      59.21s       0         
130  4.333e+01    1.971e+09    1.963e+06      4.500e+01    2.738e+04    1.491e-02      1.12m        0         
131  4.127e+01    4.418e+08    7.192e+03      4.500e+01    2.738e+04    1.491e-02      55.07s       0         
132  4.065e+01    1.034e+09    2.668e+01      4.500e+01    2.738e+04    1.491e-02      53.76s       0         
133  4.220e+01    2.553e+12    1.536e+02      4.500e+01    2.738e+04    1.491e-02      52.66s       0         
134  4.121e+01    2.058e+08    6.478e+02      4.500e+01    2.738e+04    1.491e-02      47.53s       0         
135  4.388e+01    3.795e+08    1.635e+03      4.500e+01    2.738e+04    1.491e-02      39.53s       0         
136  4.208e+01    4.885e+07    9.557e+02      4.500e+01    2.738e+04    1.491e-02      39.17s       0         
137  4.374e+01    5.066e+08    2.420e+03      4.500e+01    2.738e+04    1.491e-02      41.51s       0         
138  4.366e+01    5.117e+08    1.554e+06      4.500e+01    2.738e+04    1.491e-02      33.04s       0         
139  4.171e+01    1.796e+09    1.923e+04      4.500e+01    2.738e+04    1.491e-02      34.94s       0         
140  4.055e+01    1.020e+11    1.641e+02      4.500e+01    2.738e+04    1.491e-02      29.20s       0         
141  4.066e+01    1.587e+07    1.085e+03      4.500e+01    2.738e+04    1.491e-02      26.01s       0         
142  4.137e+01    3.677e+08    7.687e+10      4.500e+01    2.738e+04    1.491e-02      26.69s       0         
143  4.112e+01    1.413e+08    2.100e+02      4.500e+01    2.738e+04    1.398e-02      19.11s       0         
144  4.046e+01    2.452e+08    8.668e+10      4.500e+01    2.738e+04    1.398e-02      14.31s       0         
145  4.162e+01    3.189e+09    1.777e+02      4.500e+01    2.738e+04    1.398e-02      14.00s       0         
146  4.236e+01    8.087e+09    6.219e+03      4.500e+01    2.738e+04    1.398e-02      9.67s        0         
147  3.980e+01    6.623e+06    7.638e+01      4.500e+01    2.738e+04    1.398e-02      8.91s        0         
148  4.048e+01    9.884e+11    2.455e+02      4.500e+01    2.738e+04    1.398e-02      3.77s        0         
149  4.105e+01    3.445e+07    5.868e+01      4.500e+01    2.738e+04    1.398e-02      0.00s        0         
150  4.140e+01    1.138e+07    1.053e+02      4.500e+01    2.738e+04    1.398e-02      1.29m        0         
151  4.084e+01    1.843e+07    1.775e+04      4.500e+01    2.738e+04    1.398e-02      1.16m        0         
152  3.963e+01    1.980e+11    2.547e+03      4.500e+01    2.738e+04    1.398e-02      1.16m        0         
153  4.027e+01    1.530e+06    5.928e+02      4.500e+01    2.738e+04    1.398e-02      1.35m        0         
154  4.022e+01    6.134e+09    1.345e+08      4.500e+01    2.738e+04    1.398e-02      1.22m        0         
155  4.005e+01    2.729e+07    7.864e+04      4.500e+01    2.738e+04    1.398e-02      1.33m        0         
156  3.954e+01    7.318e+06    1.166e+02      4.500e+01    2.738e+04    1.398e-02      1.22m        0         
157  4.056e+01    9.189e+09    9.184e+04      4.500e+01    2.738e+04    1.398e-02      58.97s       0         
158  4.117e+01    9.386e+12    3.719e+02      4.500e+01    2.738e+04    1.398e-02      58.70s       0         
159  4.084e+01    1.061e+12    2.300e+07      4.500e+01    2.738e+04    1.398e-02      42.81s       0         
160  4.042e+01    5.217e+17    9.550e+01      4.500e+01    2.738e+04    1.398e-02      46.40s       0         
161  4.032e+01    2.987e+08    4.309e+04      4.900e+01    1.062e+05    1.333e-02      40.39s       0         
162  4.019e+01    4.333e+09    4.932e+01      4.900e+01    1.062e+05    1.333e-02      41.77s       0         
163  4.145e+01    1.726e+07    3.250e+02      4.900e+01    1.062e+05    1.333e-02      41.50s       0         
164  4.140e+01    3.070e+09    3.780e+03      4.900e+01    1.062e+05    1.333e-02      34.89s       0         
165  4.056e+01    1.274e+10    2.094e+03      4.900e+01    1.062e+05    1.333e-02      29.47s       0         
166  4.287e+01    1.997e+09    2.682e+02      4.900e+01    1.062e+05    1.333e-02      31.05s       0         
167  4.155e+01    1.219e+09    2.008e+05      4.900e+01    1.062e+05    1.333e-02      23.67s       0         
168  4.076e+01    7.949e+08    1.012e+02      4.900e+01    1.062e+05    1.333e-02      16.09s       0         
169  4.155e+01    5.642e+07    1.953e+10      4.900e+01    1.062e+05    1.333e-02      14.84s       0         
170  4.159e+01    9.640e+07    1.186e+04      4.900e+01    1.062e+05    1.333e-02      12.21s       0         
171  4.295e+01    8.355e+07    1.204e+03      4.900e+01    1.062e+05    1.333e-02      10.05s       0         
172  4.224e+01    3.274e+09    2.018e+04      4.900e+01    1.062e+05    1.333e-02      6.54s        0         
173  4.226e+01    2.003e+12    3.098e+02      4.900e+01    1.062e+05    1.333e-02      3.30s        0         
174  4.310e+01    6.487e+09    6.468e+04      4.900e+01    1.062e+05    1.333e-02      0.00s        0         
175  4.328e+01    8.884e+09    2.927e+02      4.900e+01    1.062e+05    1.333e-02      1.23m        0         
176  4.320e+01    1.033e+08    6.641e+04      4.900e+01    1.062e+05    1.333e-02      1.46m        0         
177  4.388e+01    1.112e+08    2.405e+10      4.900e+01    1.062e+05    1.333e-02      1.34m        0         
178  4.360e+01    5.684e+08    4.486e+03      4.900e+01    1.062e+05    1.333e-02      1.16m        0         
179  4.405e+01    8.307e+09    2.510e+03      4.900e+01    1.062e+05    1.333e-02      1.19m        0         
180  4.540e+01    1.550e+07    8.203e+07      4.900e+01    1.062e+05    1.333e-02      55.34s       0         
181  4.558e+01    7.686e+07    3.974e+02      9.500e+01    6.572e+07    1.326e-02      53.70s       0         
182  4.508e+01    3.856e+07    3.172e+01      8.900e+01    6.572e+07    1.332e-02      1.01m        0         
183  4.443e+01    5.654e+09    1.347e+10      4.900e+01    1.062e+05    1.333e-02      46.32s       0         
184  4.458e+01    6.440e+10    4.315e+02      4.900e+01    1.062e+05    1.333e-02      47.61s       0         
185  4.384e+01    3.469e+13    5.831e+05      4.900e+01    1.062e+05    1.333e-02      44.69s       0         
186  4.388e+01    4.539e+08    2.511e+11      4.900e+01    1.062e+05    1.333e-02      46.00s       0         
187  4.273e+01    1.921e+08    1.076e+04      4.900e+01    1.062e+05    1.333e-02      49.19s       0         
188  4.348e+01    7.472e+06    2.036e+02      4.900e+01    1.062e+05    1.333e-02      32.65s       0         
189  4.481e+01    1.118e+09    4.506e+04      4.900e+01    1.062e+05    1.333e-02      29.42s       0         
190  4.462e+01    2.024e+07    1.055e+06      4.900e+01    1.062e+05    1.333e-02      24.85s       0         
191  4.607e+01    4.099e+09    3.963e+06      4.900e+01    1.062e+05    1.333e-02      24.06s       0         
192  4.516e+01    5.113e+11    6.025e+01      4.900e+01    1.062e+05    1.333e-02      22.66s       0         
193  4.541e+01    1.965e+13    3.596e+02      4.900e+01    1.062e+05    1.333e-02      19.48s       0         
194  4.429e+01    6.396e+06    1.244e+04      5.100e+01    1.516e+05    1.329e-02      16.48s       0         
195  4.575e+01    1.877e+09    9.271e+02      5.100e+01    1.516e+05    1.329e-02      13.47s       0         
196  4.617e+01    3.956e+10    7.190e+05      5.900e+01    6.378e+04    1.329e-02      9.41s        0         
197  4.567e+01    5.925e+06    1.019e+02      7.700e+01    5.239e+05    1.328e-02      7.03s        0         
198  4.761e+01    6.340e+08    2.421e+03      7.900e+01    1.159e+06    1.328e-02      3.36s        0         
199  4.850e+01    4.990e+10    5.527e+02      7.900e+01    1.111e+06    1.323e-02      0.00s        0         
200  4.875e+01    1.687e+08    4.958e+04      7.900e+01    1.116e+06    1.329e-02      1.28m        0         
201  4.726e+01    4.046e+10    4.152e+02      8.900e+01    4.468e+06    1.329e-02      1.17m        0         
202  4.630e+01    4.401e+07    8.192e+02      4.700e+01    3.246e+04    1.318e-02      1.15m        0         
203  4.616e+01    1.550e+08    1.566e+03      4.700e+01    3.246e+04    1.318e-02      1.21m        0         
204  4.676e+01    1.530e+15    1.070e+04      4.700e+01    3.246e+04    1.318e-02      1.02m        0         
205  4.617e+01    9.997e+07    4.094e+03      4.700e+01    3.246e+04    1.318e-02      1.06m        0         
206  4.610e+01    1.667e+07    5.171e+02      4.700e+01    3.246e+04    1.318e-02      58.25s       0         
207  4.710e+01    4.847e+08    5.905e+01      4.700e+01    3.246e+04    1.318e-02      51.08s       0         
208  4.703e+01    1.976e+15    1.497e+01      6.500e+01    1.318e+05    1.290e-02      52.91s       0         
209  4.803e+01    9.390e+07    4.796e+02      4.700e+01    3.678e+04    1.296e-02      50.27s       0         
210  4.762e+01    9.467e+12    2.768e+01      7.700e+01    6.851e+06    1.163e-02      42.64s       0         
211  4.747e+01    3.372e+11    1.387e+10      7.700e+01    6.851e+06    1.163e-02      38.35s       0         
212  4.791e+01    8.449e+08    1.266e+04      7.700e+01    6.851e+06    1.163e-02      38.23s       0         
213  4.734e+01    4.987e+09    1.074e+04      7.100e+01    3.451e+05    1.124e-02      32.09s       0         
214  4.737e+01    3.383e+09    4.122e+01      7.100e+01    3.451e+05    1.124e-02      36.86s       0         
215  4.821e+01    4.789e+06    4.201e+05      7.300e+01    4.229e+05    1.094e-02      30.03s       0         
216  4.823e+01    3.537e+07    5.476e+08      7.300e+01    4.229e+05    1.094e-02      27.22s       0         
217  4.881e+01    1.134e+07    3.088e+02      7.300e+01    4.229e+05    1.094e-02      22.46s       0         
218  4.784e+01    1.358e+09    2.088e+02      7.300e+01    4.229e+05    1.094e-02      18.68s       0         
219  4.957e+01    5.554e+08    1.046e+05      7.300e+01    4.229e+05    1.094e-02      18.28s       0         
220  4.877e+01    1.556e+10    9.873e+03      7.300e+01    4.229e+05    1.094e-02      14.38s       0         
221  4.826e+01    1.500e+09    6.031e+02      7.300e+01    4.229e+05    1.094e-02      11.93s       0         
222  4.718e+01    8.079e+15    3.513e+03      7.300e+01    4.229e+05    1.094e-02      7.33s        0         
223  4.740e+01    4.372e+06    9.389e+02      7.300e+01    4.229e+05    1.094e-02      3.44s        0         
224  4.799e+01    7.763e+09    1.227e+03      7.300e+01    4.229e+05    1.094e-02      0.00s        0         
225  4.873e+01    9.708e+08    4.003e+03      7.300e+01    4.229e+05    1.094e-02      1.31m        0         
226  4.783e+01    1.954e+07    1.156e+03      7.300e+01    4.229e+05    1.094e-02      1.19m        0         
227  4.870e+01    1.040e+07    6.570e+04      7.300e+01    4.229e+05    1.094e-02      1.04m        0         
228  4.979e+01    2.631e+07    2.195e+03      7.300e+01    4.229e+05    1.094e-02      1.11m        0         
229  4.849e+01    6.489e+09    1.271e+04      7.300e+01    4.229e+05    1.094e-02      59.67s       0         
230  4.747e+01    7.016e+11    1.134e+06      7.300e+01    4.229e+05    1.094e-02      57.96s       0         
231  4.595e+01    1.929e+08    5.123e+02      7.300e+01    4.229e+05    1.094e-02      57.87s       0         
232  4.597e+01    8.705e+05    2.176e+02      7.300e+01    4.229e+05    1.094e-02      54.23s       0         
233  4.680e+01    4.058e+11    7.705e+03      7.300e+01    4.229e+05    1.094e-02      57.37s       0         
234  4.912e+01    1.413e+11    4.955e+06      7.300e+01    4.229e+05    1.094e-02      49.94s       0         
235  4.919e+01    5.570e+07    1.413e+03      7.300e+01    4.229e+05    1.094e-02      39.04s       0         
236  4.827e+01    5.467e+08    1.682e+01      7.300e+01    4.229e+05    1.094e-02      47.32s       0         
237  4.839e+01    4.272e+10    5.465e+04      7.300e+01    4.229e+05    1.094e-02      42.89s       0         
238  4.925e+01    1.821e+09    6.481e+05      7.300e+01    4.229e+05    1.082e-02      33.75s       0         
239  5.076e+01    3.738e+14    2.357e+03      7.300e+01    4.229e+05    1.082e-02      31.12s       0         
240  4.807e+01    2.265e+11    6.702e+02      7.300e+01    4.229e+05    1.082e-02      29.50s       0         
241  4.930e+01    2.887e+07    5.054e+02      7.300e+01    4.229e+05    1.082e-02      30.47s       0         
242  4.929e+01    3.523e+10    1.161e+02      7.300e+01    4.229e+05    1.082e-02      26.62s       0         
243  4.874e+01    2.506e+07    2.476e+01      7.300e+01    4.229e+05    1.082e-02      22.54s       0         
244  4.966e+01    6.740e+06    2.263e+02      7.300e+01    4.229e+05    1.082e-02      16.16s       0         
245  5.017e+01    2.833e+07    6.323e+01      7.300e+01    4.229e+05    1.082e-02      12.35s       0         
246  4.882e+01    2.604e+08    3.068e+03      7.300e+01    4.229e+05    1.082e-02      10.09s       0         
247  4.973e+01    6.550e+08    1.491e+03      7.300e+01    4.229e+05    1.082e-02      7.19s        0         
248  5.128e+01    2.748e+09    1.333e+05      7.300e+01    4.229e+05    1.082e-02      3.34s        0         
249  5.143e+01    6.623e+08    1.975e+03      7.300e+01    4.229e+05    1.082e-02      0.00s        0         
250  5.398e+01    3.250e+10    7.225e+01      7.300e+01    4.229e+05    1.082e-02      1.31m        0         
251  5.207e+01    1.213e+10    7.958e+06      7.300e+01    4.229e+05    1.082e-02      1.33m        0         
252  5.067e+01    1.977e+07    4.822e+02      7.300e+01    4.229e+05    1.082e-02      1.24m        0         
253  5.088e+01    8.673e+06    1.317e+02      7.300e+01    4.229e+05    1.082e-02      1.09m        0         
254  4.854e+01    5.498e+06    1.928e+02      7.300e+01    4.229e+05    1.082e-02      59.01s       0         
255  4.775e+01    2.037e+06    3.225e+04      7.300e+01    4.229e+05    1.082e-02      1.05m        0         
256  4.903e+01    2.643e+09    1.533e+02      7.300e+01    4.229e+05    1.082e-02      54.36s       0         
257  4.921e+01    1.295e+11    8.917e+01      7.300e+01    9.024e+05    1.074e-02      53.57s       0         
258  4.993e+01    2.785e+08    1.039e+03      7.300e+01    9.024e+05    1.074e-02      48.26s       0         
259  4.983e+01    1.289e+08    2.545e+09      7.300e+01    9.024e+05    1.074e-02      47.99s       0         
260  5.140e+01    1.235e+08    4.182e+02      7.500e+01    1.213e+06    1.042e-02      47.72s       0         
261  5.066e+01    1.341e+10    6.529e+05      7.500e+01    1.213e+06    1.042e-02      44.50s       0         
262  5.115e+01    1.006e+07    2.264e+02      7.300e+01    9.024e+05    1.045e-02      40.89s       0         
263  5.079e+01    4.163e+07    9.841e+02      7.300e+01    9.024e+05    1.045e-02      33.62s       0         
264  4.892e+01    4.581e+09    2.852e+03      7.300e+01    9.024e+05    1.045e-02      33.56s       0         
265  5.009e+01    1.539e+08    2.290e+01      7.300e+01    9.024e+05    1.045e-02      28.79s       0         
266  4.806e+01    1.185e+07    4.649e+06      7.500e+01    9.542e+05    1.043e-02      25.61s       0         
267  4.902e+01    1.485e+12    1.047e+02      7.300e+01    9.024e+05    1.045e-02      21.81s       0         
268  4.867e+01    1.788e+08    8.085e+01      7.300e+01    9.024e+05    1.045e-02      20.11s       0         
269  4.898e+01    1.604e+08    4.942e+01      7.300e+01    9.024e+05    1.045e-02      14.03s       0         
270  4.848e+01    1.469e+07    8.860e+02      7.300e+01    9.024e+05    1.045e-02      14.19s       0         
271  4.969e+01    2.346e+08    2.975e+05      7.300e+01    9.024e+05    1.045e-02      9.51s        0         
272  5.061e+01    3.881e+08    1.327e+04      7.300e+01    9.024e+05    1.045e-02      5.99s        0         
273  4.908e+01    3.399e+07    1.942e+02      7.500e+01    9.931e+05    1.042e-02      3.36s        0         
274  5.023e+01    4.015e+10    1.248e+03      7.300e+01    9.024e+05    1.045e-02      0.00s        0         
275  5.041e+01    5.748e+08    1.100e+02      7.300e+01    9.024e+05    1.045e-02      1.31m        0         
276  5.140e+01    5.215e+08    1.610e+01      7.300e+01    9.024e+05    1.045e-02      1.36m        0         
277  5.085e+01    5.836e+14    1.768e+02      7.300e+01    9.024e+05    1.045e-02      1.16m        0         
278  5.016e+01    3.365e+10    8.736e+01      7.300e+01    9.024e+05    1.045e-02      1.02m        0         
279  4.841e+01    2.476e+08    2.177e+07      7.900e+01    2.521e+06    1.028e-02      1.21m        0         
280  5.079e+01    2.515e+10    1.270e+07      7.900e+01    2.521e+06    1.028e-02      1.17m        0         
281  4.994e+01    1.703e+08    2.891e+03      7.300e+01    9.024e+05    1.045e-02      1.10m        0         
282  5.019e+01    2.890e+08    1.007e+04      8.300e+01    9.082e+05    1.045e-02      57.32s       0         
283  5.095e+01    1.248e+09    1.757e+02      7.300e+01    9.024e+05    1.045e-02      1.01m        0         
284  5.173e+01    2.001e+09    2.112e+05      7.300e+01    9.024e+05    1.045e-02      56.47s       0         
285  5.055e+01    1.116e+08    6.755e+02      7.300e+01    9.024e+05    1.045e-02      44.33s       0         
286  5.267e+01    3.627e+09    6.796e+10      7.300e+01    9.024e+05    1.045e-02      46.54s       0         
287  5.129e+01    2.702e+11    6.932e+04      7.300e+01    9.024e+05    1.045e-02      44.16s       0         
288  5.083e+01    1.906e+10    1.463e+02      7.300e+01    9.024e+05    1.045e-02      32.98s       0         
289  5.215e+01    1.996e+10    6.435e+04      7.300e+01    9.024e+05    1.045e-02      34.35s       0         
290  5.145e+01    6.368e+08    1.305e+02      7.300e+01    9.024e+05    1.045e-02      31.46s       0         
291  5.202e+01    1.473e+07    1.282e+05      7.300e+01    9.024e+05    1.045e-02      28.83s       0         
292  5.177e+01    1.501e+08    4.195e+02      7.300e+01    9.024e+05    1.045e-02      21.53s       0         
293  5.207e+01    3.186e+10    3.494e+02      7.300e+01    9.024e+05    1.045e-02      18.69s       0         
294  5.084e+01    4.429e+09    3.587e+02      7.300e+01    9.024e+05    1.045e-02      17.26s       0         
295  4.969e+01    8.321e+10    2.460e+06      7.300e+01    9.024e+05    1.045e-02      11.82s       0         
296  5.119e+01    1.026e+09    2.736e+01      7.300e+01    9.024e+05    1.045e-02      9.84s        0         
297  4.975e+01    2.132e+08    4.507e+02      7.300e+01    9.024e+05    1.045e-02      6.76s        0         
298  4.891e+01    3.270e+09    2.146e+02      7.300e+01    9.024e+05    1.045e-02      3.52s        0         
299  4.785e+01    1.475e+08    8.289e+02      7.300e+01    9.024e+05    1.045e-02      0.00s        0         
300  4.940e+01    3.913e+13    3.941e+01      7.300e+01    9.024e+05    1.045e-02      1.21m        0         
301  5.066e+01    1.770e+10    8.934e+03      7.300e+01    9.024e+05    1.045e-02      1.20m        0         
302  5.085e+01    4.307e+10    1.940e+01      7.300e+01    9.024e+05    1.045e-02      1.32m        0         
303  5.203e+01    4.473e+13    8.776e+05      7.300e+01    9.024e+05    1.045e-02      1.14m        0         
304  5.211e+01    1.950e+08    6.229e+01      7.300e+01    9.024e+05    1.045e-02      1.16m        0         
305  5.076e+01    1.548e+10    8.289e+02      7.300e+01    9.024e+05    1.045e-02      1.05m        0         
306  5.101e+01    4.244e+09    5.899e+02      7.300e+01    9.024e+05    1.045e-02      58.50s       0         
307  4.910e+01    3.064e+07    5.186e+01      7.300e+01    9.024e+05    1.045e-02      59.11s       0         
308  5.047e+01    3.521e+09    2.161e+02      7.300e+01    9.024e+05    1.045e-02      51.42s       0         
309  5.041e+01    1.791e+14    3.491e+02      7.300e+01    9.024e+05    1.045e-02      46.33s       0         
310  5.118e+01    5.050e+09    4.674e+02      7.300e+01    9.024e+05    1.045e-02      51.46s       0         
311  4.992e+01    4.571e+10    4.925e+02      7.300e+01    9.024e+05    1.045e-02      43.99s       0         
312  5.110e+01    3.643e+10    1.256e+03      7.300e+01    9.024e+05    1.045e-02      34.48s       0         
313  4.856e+01    4.260e+10    8.345e+02      7.300e+01    9.024e+05    1.045e-02      31.69s       0         
314  5.005e+01    5.744e+08    1.674e+02      7.300e+01    9.024e+05    1.045e-02      33.01s       0         
315  4.865e+01    4.294e+08    1.700e+01      7.300e+01    9.024e+05    1.045e-02      28.94s       0         
316  4.934e+01    2.670e+16    4.455e+09      7.300e+01    9.024e+05    1.045e-02      28.62s       0         
317  4.940e+01    1.980e+08    4.274e+07      7.300e+01    9.024e+05    1.045e-02      25.77s       0         
318  5.113e+01    2.062e+14    1.803e+02      7.300e+01    9.024e+05    1.045e-02      19.25s       0         
319  4.969e+01    2.089e+08    3.259e+04      7.300e+01    9.024e+05    1.045e-02      18.90s       0         
320  5.216e+01    4.534e+07    1.282e+02      7.300e+01    9.024e+05    1.045e-02      13.88s       0         
321  5.088e+01    1.383e+15    1.041e+02      7.300e+01    9.024e+05    1.045e-02      9.90s        0         
322  5.079e+01    1.535e+09    2.490e+03      7.300e+01    9.024e+05    1.045e-02      6.36s        0         
323  5.036e+01    6.315e+07    6.782e+07      7.300e+01    9.024e+05    1.045e-02      3.10s        0         
324  4.938e+01    1.452e+08    1.044e+05      7.300e+01    9.024e+05    1.045e-02      0.00s        0         
325  4.870e+01    8.120e+07    4.719e+05      7.300e+01    9.024e+05    1.045e-02      1.25m        0         
326  4.884e+01    2.727e+08    1.027e+06      7.300e+01    9.024e+05    1.045e-02      1.22m        0         
327  4.792e+01    1.214e+08    5.222e+01      7.300e+01    9.024e+05    1.045e-02      1.17m        0         
328  4.794e+01    1.174e+07    6.569e+03      7.300e+01    9.024e+05    1.045e-02      1.04m        0         
329  5.048e+01    3.758e+09    4.031e+06      7.300e+01    9.024e+05    1.045e-02      1.08m        0         
330  5.028e+01    1.176e+08    1.872e+05      7.300e+01    9.024e+05    1.045e-02      1.07m        0         
331  5.029e+01    4.207e+09    1.132e+06      7.300e+01    9.024e+05    1.037e-02      1.07m        0         
332  4.945e+01    1.275e+07    5.475e+02      7.300e+01    9.024e+05    1.037e-02      57.53s       0         
333  4.831e+01    1.359e+10    1.059e+02      7.300e+01    9.024e+05    1.037e-02      53.48s       0         
334  4.823e+01    1.146e+07    1.668e+03      7.300e+01    9.024e+05    1.037e-02      52.30s       0         
335  4.680e+01    1.174e+07    8.256e+01      7.300e+01    9.024e+05    1.037e-02      47.99s       0         
336  4.864e+01    3.331e+11    2.473e+01      7.300e+01    9.024e+05    1.037e-02      43.72s       0         
337  4.871e+01    2.018e+09    1.420e+02      7.300e+01    9.024e+05    1.037e-02      36.72s       0         
338  5.112e+01    5.668e+10    5.462e+04      7.300e+01    9.024e+05    1.037e-02      39.75s       0         
339  5.181e+01    1.338e+09    4.075e+05      7.300e+01    9.024e+05    1.037e-02      28.28s       0         
340  5.186e+01    7.105e+07    1.229e+01      7.300e+01    9.024e+05    1.037e-02      26.07s       0         
341  5.232e+01    2.046e+09    6.779e+02      7.300e+01    9.024e+05    1.037e-02      25.55s       0         
342  5.224e+01    3.309e+07    9.948e+06      7.300e+01    9.024e+05    1.037e-02      20.64s       0         
343  5.349e+01    2.420e+08    2.055e+03      7.300e+01    9.024e+05    1.037e-02      18.71s       0         
344  5.110e+01    2.635e+07    1.146e+02      7.300e+01    9.024e+05    1.037e-02      15.89s       0         
345  5.132e+01    2.258e+08    3.415e+02      7.300e+01    9.024e+05    1.037e-02      13.49s       0         
346  5.135e+01    5.151e+08    1.972e+02      7.300e+01    9.024e+05    1.037e-02      10.29s       0         
347  5.263e+01    2.961e+08    5.444e+01      7.300e+01    9.024e+05    1.037e-02      6.43s        0         
348  5.043e+01    9.883e+06    7.818e+03      7.300e+01    9.024e+05    1.037e-02      3.02s        0         
349  5.033e+01    8.070e+07    3.221e+04      7.300e+01    9.024e+05    1.037e-02      0.00s        0         
350  5.092e+01    3.659e+10    6.855e+01      7.300e+01    9.024e+05    1.037e-02      1.21m        0         
351  5.069e+01    1.311e+13    1.801e+02      7.300e+01    9.024e+05    1.037e-02      1.16m        0         
352  4.987e+01    6.202e+06    1.994e+10      7.300e+01    9.024e+05    1.037e-02      1.27m        0         
353  4.865e+01    3.897e+07    5.169e+03      7.300e+01    9.024e+05    1.037e-02      1.18m        0         
354  5.047e+01    4.192e+07    5.216e+02      7.300e+01    9.024e+05    1.037e-02      1.04m        0         
355  4.955e+01    6.173e+08    1.124e+03      7.300e+01    9.024e+05    1.037e-02      1.04m        0         
356  4.885e+01    3.999e+08    2.140e+02      7.300e+01    9.024e+05    1.037e-02      1.22m        0         
357  4.942e+01    5.335e+06    8.181e+01      7.300e+01    9.024e+05    1.037e-02      56.10s       0         
358  5.054e+01    3.451e+09    5.633e+02      7.300e+01    9.024e+05    1.037e-02      48.22s       0         
359  5.231e+01    9.030e+11    1.138e+06      7.300e+01    9.024e+05    1.037e-02      47.00s       0         
360  4.949e+01    6.123e+10    2.985e+04      7.300e+01    9.024e+05    1.037e-02      44.51s       0         
361  4.934e+01    9.534e+07    3.418e+04      7.300e+01    9.024e+05    1.037e-02      46.14s       0         
362  4.940e+01    1.771e+09    9.034e+01      7.300e+01    9.024e+05    1.037e-02      38.11s       0         
363  4.849e+01    8.956e+06    1.172e+02      7.300e+01    9.024e+05    1.037e-02      35.48s       0         
364  4.981e+01    8.178e+06    2.216e+03      7.300e+01    9.024e+05    1.037e-02      34.16s       0         
365  5.013e+01    4.076e+10    6.152e+04      7.300e+01    9.024e+05    1.037e-02      34.27s       0         
366  4.927e+01    1.306e+11    2.511e+05      7.300e+01    9.024e+05    1.037e-02      27.59s       0         
367  4.928e+01    1.859e+11    2.983e+03      7.300e+01    9.024e+05    1.037e-02      21.71s       0         
368  5.017e+01    3.611e+12    2.399e+03      7.300e+01    9.024e+05    1.037e-02      17.82s       0         
369  4.818e+01    6.236e+06    1.553e+03      7.300e+01    9.024e+05    1.037e-02      15.61s       0         
370  4.716e+01    1.645e+07    5.851e+02      7.300e+01    9.024e+05    1.037e-02      13.77s       0         
371  4.826e+01    2.700e+16    6.996e+07      7.300e+01    9.024e+05    1.037e-02      10.19s       0         
372  4.865e+01    2.335e+09    9.668e+06      7.300e+01    9.024e+05    1.037e-02      6.27s        0         
373  4.802e+01    2.400e+10    1.415e+02      7.300e+01    9.024e+05    1.037e-02      3.27s        0         
374  4.830e+01    3.954e+07    3.258e+04      7.300e+01    9.024e+05    1.037e-02      0.00s        0         
375  5.048e+01    2.230e+11    9.980e+03      7.300e+01    9.024e+05    1.037e-02      1.28m        0         
376  5.114e+01    3.551e+07    1.097e+03      7.300e+01    9.024e+05    1.037e-02      1.24m        0         
377  5.140e+01    1.158e+08    1.304e+02      7.300e+01    9.024e+05    1.037e-02      1.12m        0         
378  5.042e+01    2.501e+08    1.978e+02      7.300e+01    9.024e+05    1.037e-02      1.09m        0         
379  5.099e+01    1.795e+16    4.388e+02      7.300e+01    9.024e+05    1.037e-02      1.12m        0         
380  5.023e+01    4.413e+09    1.572e+06      7.300e+01    9.024e+05    1.037e-02      1.17m        0         
381  5.062e+01    1.106e+12    5.016e+05      7.300e+01    9.024e+05    1.037e-02      58.64s       0         
382  5.059e+01    4.586e+07    6.330e+02      7.300e+01    9.024e+05    1.037e-02      56.11s       0         
383  4.944e+01    3.489e+07    2.227e+03      7.300e+01    9.024e+05    1.037e-02      56.92s       0         
384  4.967e+01    1.959e+12    1.791e+03      7.300e+01    9.024e+05    1.037e-02      43.15s       0         
385  4.939e+01    3.002e+14    4.537e+02      7.300e+01    9.024e+05    1.037e-02      45.22s       0         
386  5.031e+01    1.205e+10    5.307e+02      7.300e+01    9.024e+05    1.037e-02      39.97s       0         
387  5.095e+01    3.223e+08    3.636e+02      7.300e+01    9.024e+05    1.037e-02      39.93s       0         
388  4.930e+01    7.064e+11    2.250e+01      7.300e+01    9.024e+05    1.037e-02      30.89s       0         
389  5.171e+01    9.473e+09    2.242e+02      7.300e+01    9.024e+05    1.037e-02      33.58s       0         
390  5.034e+01    3.518e+11    8.084e+09      7.300e+01    9.024e+05    1.037e-02      28.52s       0         
391  5.033e+01    1.994e+11    5.340e+06      7.300e+01    9.024e+05    1.037e-02      23.11s       0         
392  5.041e+01    1.007e+08    1.680e+04      7.300e+01    9.024e+05    1.037e-02      20.83s       0         
393  5.110e+01    9.719e+14    2.664e+02      7.300e+01    9.024e+05    1.037e-02      19.32s       0         
394  5.139e+01    1.938e+10    1.363e+09      7.300e+01    9.024e+05    1.037e-02      15.70s       0         
395  5.255e+01    5.061e+09    8.237e+01      7.300e+01    9.024e+05    1.037e-02      13.85s       0         
396  5.199e+01    1.783e+08    4.108e+03      7.300e+01    9.024e+05    1.037e-02      10.22s       0         
397  5.252e+01    2.763e+14    1.663e+06      7.300e+01    9.024e+05    1.037e-02      6.55s        0         
398  5.184e+01    2.477e+10    1.854e+11      7.300e+01    9.024e+05    1.037e-02      2.85s        0         
399  5.038e+01    7.308e+08    1.865e+01      7.300e+01    9.024e+05    1.037e-02      0.00s        0         
400  4.934e+01    4.174e+07    1.348e+04      7.300e+01    9.024e+05    1.037e-02      1.33m        0         
401  5.225e+01    5.673e+07    1.090e+03      7.300e+01    9.024e+05    1.037e-02      1.26m        0         
402  5.185e+01    1.001e+08    3.458e+02      7.300e+01    9.024e+05    1.037e-02      1.42m        0         
403  5.055e+01    3.911e+08    2.701e+05      7.300e+01    9.024e+05    1.037e-02      1.20m        0         
404  4.890e+01    7.733e+07    2.632e+03      7.300e+01    9.024e+05    1.037e-02      1.16m        0         
405  4.679e+01    3.539e+10    2.918e+02      7.300e+01    9.024e+05    1.037e-02      1.07m        0         
406  4.659e+01    9.436e+08    4.346e+03      7.300e+01    9.024e+05    1.037e-02      1.08m        0         
407  4.793e+01    7.037e+09    6.074e+06      7.300e+01    9.024e+05    1.037e-02      1.09m        0         
408  4.880e+01    1.983e+08    1.157e+03      7.300e+01    9.024e+05    1.037e-02      54.72s       0         
409  4.716e+01    5.954e+08    1.846e+02      7.300e+01    9.024e+05    1.037e-02      50.56s       0         
410  4.774e+01    7.876e+12    2.598e+02      7.300e+01    9.024e+05    1.037e-02      49.25s       0         
411  4.880e+01    3.070e+08    8.185e+01      7.300e+01    9.024e+05    1.037e-02      43.32s       0         
412  4.848e+01    8.903e+08    8.203e+02      8.100e+01    9.158e+06    9.867e-03      37.77s       0         
413  4.899e+01    2.966e+08    9.188e+02      8.100e+01    9.158e+06    9.867e-03      35.42s       0         
414  5.063e+01    5.765e+13    5.938e+03      8.100e+01    9.158e+06    9.867e-03      30.31s       0         
415  5.210e+01    3.015e+08    7.248e+02      8.100e+01    9.158e+06    9.867e-03      30.17s       0         
416  5.299e+01    9.739e+08    4.223e+01      8.100e+01    9.158e+06    9.867e-03      23.17s       0         
417  5.477e+01    1.997e+09    2.391e+04      8.100e+01    9.158e+06    9.867e-03      23.36s       0         
418  5.345e+01    2.311e+09    3.805e+01      8.100e+01    9.158e+06    9.867e-03      20.38s       0         
419  5.481e+01    4.676e+10    1.339e+04      8.100e+01    9.158e+06    9.867e-03      18.01s       0         
420  5.580e+01    3.209e+08    4.291e+02      8.100e+01    9.158e+06    9.867e-03      15.00s       0         
421  5.538e+01    1.348e+08    1.770e+02      8.100e+01    9.158e+06    9.867e-03      8.93s        0         
422  5.590e+01    5.566e+14    2.322e+01      8.100e+01    9.158e+06    9.867e-03      6.65s        0         
423  5.407e+01    1.444e+15    2.790e+02      8.100e+01    9.158e+06    9.867e-03      3.56s        0         
424  5.541e+01    1.772e+09    6.594e+02      8.100e+01    9.158e+06    9.867e-03      0.00s        0         
425  5.638e+01    4.817e+09    9.154e+02      8.100e+01    9.158e+06    9.867e-03      1.40m        0         
426  5.500e+01    2.688e+07    4.612e+02      8.100e+01    9.158e+06    9.867e-03      1.23m        0         
427  5.687e+01    3.526e+08    3.615e+01      8.100e+01    9.158e+06    9.867e-03      1.26m        0         
428  5.519e+01    6.052e+09    2.458e+03      8.100e+01    9.158e+06    9.867e-03      1.12m        0         
429  5.758e+01    2.010e+09    2.671e+04      8.100e+01    9.158e+06    9.867e-03      1.16m        0         
430  5.634e+01    9.688e+10    9.990e+03      8.100e+01    9.158e+06    9.867e-03      1.02m        0         
431  5.588e+01    2.578e+08    5.554e+02      8.100e+01    9.158e+06    9.867e-03      1.04m        0         
432  5.737e+01    5.982e+08    3.789e+01      8.100e+01    9.158e+06    9.867e-03      56.55s       0         
433  5.566e+01    1.772e+08    4.322e+07      8.100e+01    9.158e+06    9.867e-03      53.93s       0         
434  5.545e+01    2.599e+08    2.126e+02      8.100e+01    9.158e+06    9.867e-03      48.55s       0         
435  5.467e+01    3.735e+08    2.224e+02      8.100e+01    9.158e+06    9.867e-03      45.50s       0         
436  5.514e+01    1.522e+10    2.479e+03      8.100e+01    9.158e+06    9.867e-03      38.07s       0         
437  5.402e+01    7.548e+08    2.215e+06      8.100e+01    9.158e+06    9.867e-03      39.30s       0         
438  5.438e+01    2.178e+13    7.247e+02      8.100e+01    9.158e+06    9.867e-03      38.17s       0         
439  5.295e+01    2.885e+09    5.498e+02      8.100e+01    9.158e+06    9.867e-03      33.38s       0         
440  5.178e+01    4.942e+08    1.411e+03      8.100e+01    9.158e+06    9.867e-03      26.75s       0         
441  5.238e+01    2.189e+12    1.673e+03      8.100e+01    9.158e+06    9.867e-03      25.40s       0         
442  5.370e+01    1.497e+11    4.562e+10      8.100e+01    9.158e+06    9.867e-03      24.05s       0         
443  5.496e+01    2.706e+08    2.784e+04      8.100e+01    9.158e+06    9.867e-03      18.66s       0         
444  5.568e+01    7.727e+07    1.732e+03      8.100e+01    9.158e+06    9.867e-03      16.22s       0         
445  5.716e+01    1.420e+11    1.816e+04      8.100e+01    9.158e+06    9.867e-03      12.76s       0         
446  5.506e+01    3.965e+08    3.724e+04      8.100e+01    9.158e+06    9.867e-03      9.81s        0         
447  5.431e+01    3.338e+10    1.938e+02      8.100e+01    9.158e+06    9.867e-03      5.98s        0         
448  5.284e+01    1.700e+10    4.086e+01      8.100e+01    9.158e+06    9.867e-03      3.45s        0         
449  5.421e+01    3.252e+10    9.982e+01      8.100e+01    9.158e+06    9.867e-03      0.00s        0         
450  5.253e+01    1.146e+08    3.015e+02      8.100e+01    9.158e+06    9.867e-03      1.24m        0         
451  5.433e+01    6.822e+08    1.160e+02      8.100e+01    9.158e+06    9.867e-03      1.22m        0         
452  5.325e+01    9.549e+10    8.560e+01      8.100e+01    9.158e+06    9.867e-03      1.16m        0         
453  5.221e+01    1.433e+09    9.802e+03      8.100e+01    9.158e+06    9.867e-03      1.03m        0         
454  5.574e+01    8.502e+08    8.103e+03      8.100e+01    9.158e+06    9.867e-03      1.05m        0         
455  5.413e+01    8.632e+08    1.138e+06      8.100e+01    9.158e+06    9.867e-03      57.68s       0         
456  5.402e+01    1.479e+08    1.325e+02      8.100e+01    9.158e+06    9.867e-03      1.01m        0         
457  5.372e+01    7.422e+07    2.435e+03      8.100e+01    9.158e+06    9.867e-03      53.85s       0         
458  5.222e+01    8.407e+08    6.127e+03      8.100e+01    9.158e+06    9.867e-03      1.05m        0         
459  5.148e+01    6.277e+07    1.460e+03      8.100e+01    9.158e+06    9.867e-03      50.64s       0         
460  5.306e+01    1.647e+09    4.378e+02      8.100e+01    9.158e+06    9.867e-03      42.60s       0         
461  5.397e+01    2.693e+09    1.344e+01      8.100e+01    9.158e+06    9.867e-03      41.46s       0         
462  5.341e+01    1.332e+09    2.510e+05      8.100e+01    9.158e+06    9.867e-03      41.46s       0         
463  5.370e+01    1.388e+09    1.200e+05      8.100e+01    9.158e+06    9.867e-03      41.48s       0         
464  5.337e+01    4.715e+08    2.862e+04      8.100e+01    9.158e+06    9.867e-03      35.46s       0         
465  5.136e+01    4.556e+09    3.804e+03      8.100e+01    9.158e+06    9.867e-03      31.08s       0         
466  5.101e+01    1.822e+11    2.253e+02      8.100e+01    9.158e+06    9.867e-03      23.63s       0         
467  5.135e+01    1.765e+08    1.012e+03      8.100e+01    9.158e+06    9.867e-03      24.22s       0         
468  5.210e+01    2.292e+10    1.236e+03      8.100e+01    9.158e+06    9.867e-03      17.76s       0         
469  5.215e+01    2.020e+08    3.347e+02      8.100e+01    9.158e+06    9.867e-03      17.89s       0         
470  5.231e+01    5.940e+07    1.018e+04      8.100e+01    9.158e+06    9.867e-03      12.54s       0         
471  5.272e+01    6.693e+11    3.048e+01      8.100e+01    9.158e+06    9.867e-03      9.26s        0         
472  5.320e+01    8.104e+07    4.811e+02      8.100e+01    9.158e+06    9.867e-03      7.32s        0         
473  5.304e+01    5.137e+09    1.002e+02      8.100e+01    9.158e+06    9.867e-03      3.42s        0         
474  5.339e+01    1.966e+08    1.502e+03      8.100e+01    9.158e+06    9.867e-03      0.00s        0         
475  5.409e+01    3.819e+10    1.643e+02      8.100e+01    9.158e+06    9.867e-03      1.55m        0         
476  5.424e+01    2.708e+08    3.465e+02      8.100e+01    9.158e+06    9.867e-03      1.30m        0         
477  5.407e+01    3.984e+08    1.889e+02      8.100e+01    9.158e+06    9.867e-03      1.25m        0         
478  5.303e+01    6.411e+12    2.022e+02      8.100e+01    9.158e+06    9.867e-03      1.12m        0         
479  5.295e+01    2.945e+09    4.514e+02      8.100e+01    9.158e+06    9.867e-03      1.01m        0         
480  5.259e+01    4.831e+09    1.953e+02      8.100e+01    9.158e+06    9.867e-03      56.90s       0         
481  5.364e+01    5.296e+07    1.284e+03      8.100e+01    9.158e+06    9.867e-03      1.16m        0         
482  5.370e+01    7.883e+12    8.874e+02      8.100e+01    9.158e+06    9.867e-03      58.09s       0         
483  5.350e+01    8.107e+08    9.612e+02      8.100e+01    9.158e+06    9.867e-03      57.32s       0         
484  5.524e+01    1.358e+09    9.381e+02      8.100e+01    9.158e+06    9.867e-03      45.24s       0         
485  5.249e+01    5.837e+08    1.491e+02      8.100e+01    9.158e+06    9.867e-03      49.75s       0         
486  5.223e+01    6.808e+07    1.832e+02      8.100e+01    9.158e+06    9.867e-03      42.18s       0         
487  5.346e+01    9.486e+07    1.507e+03      8.100e+01    9.158e+06    9.867e-03      37.48s       0         
488  5.294e+01    1.203e+09    1.836e+03      8.100e+01    9.158e+06    9.867e-03      36.22s       0         
489  5.072e+01    1.819e+09    1.944e+04      8.100e+01    9.158e+06    9.867e-03      29.56s       0         
490  5.220e+01    1.145e+11    5.050e+06      8.100e+01    9.158e+06    9.867e-03      27.11s       0         
491  5.315e+01    3.780e+07    4.858e+02      8.100e+01    9.158e+06    9.867e-03      32.65s       0         
492  5.409e+01    4.789e+07    9.031e+03      8.100e+01    9.158e+06    9.867e-03      27.71s       0         
493  5.310e+01    4.929e+11    1.570e+02      8.100e+01    9.158e+06    9.867e-03      18.30s       0         
494  5.334e+01    4.050e+07    9.155e+01      8.100e+01    9.158e+06    9.867e-03      14.01s       0         
495  5.134e+01    1.671e+07    4.526e+03      8.100e+01    9.158e+06    9.867e-03      11.72s       0         
496  5.261e+01    2.935e+09    3.730e+05      8.100e+01    9.158e+06    9.806e-03      8.45s        0         
497  5.141e+01    1.686e+08    1.673e+02      8.100e+01    9.158e+06    9.806e-03      6.08s        0         
498  5.270e+01    2.140e+12    1.614e+02      8.100e+01    9.158e+06    9.806e-03      3.62s        0         
499  5.037e+01    8.188e+07    5.278e+03      8.100e+01    9.158e+06    9.806e-03      0.00s        0         





Time: 0h:28m:6s
####   Data for the best program   ####
Best Program: sub(0.660, mul(sub(div(X2, div(add(X1, 0.651), add(mul(X2, X2), add(sub(0.660, mul(add(0.891, X0), mul(sub(div(X0, X2), add(add(mul(X3, mul(sub(div(1.501, X2), mul(div(add(X2, 1.370), add(mul(add(X3, X2), 0.362), X0)), div(add(X1, 0.410), X3))), sub(X3, X0))), mul(add(X2, X0), mul(add(add(sub(X1, X2), X3), X2), X2))), div(1.985, 1.782))), 0.151))), sub(X1, X0))))), X1), mul(sub(1.768, X2), 0.131)))
Best Program Complexity: 81
Raw Fitness: 0.009806131676042561
Penalized Fitness: 0.013046131676042561
Estimator		Train-rmse: 0.009806131676042561	Test-rmse: 0.010149379967809978	Test-R^2: 0.9892425207692481

{'complexity': 'length', 'const_range': (1e-10, 2.0), 'elitism_size': 1, 'function_set': ('add', 'sub', 'div', 'mul'), 'generations': 500, 'init_depth': (3, 6), 'init_method': 'half and half', 'low_memory': True, 'max_samples': 1.0, 'metric': 'rmse', 'n_jobs': 2, 'p_crossover': 0.1, 'p_hoist_mutation': 0.0, 'p_point_mutation': 0.45, 'p_point_replace': 0.05, 'p_subtree_mutation': 0.45, 'paretogp': False, 'paretogp_lengths': (5, 130), 'parsimony_coefficient': 4e-05, 'population_size': 800, 'random_state': 1344107825, 'selection': 'eplex', 'stopping_criteria': 1e-10, 'tournament_size': 11, 'verbose': 1, 'warm_start': True}
