    |          Population Average          |           Best Individual            |
---- -------------------------------------- -------------------------------------- ----------
Gen  Length       Kommenda     Fitness        Length       Kommenda     Fitness        Time Left    Front Size
0    3.509e+01    1.121e+15    5.392e+11      7.000e+00    1.100e+01    1.767e-01      8.98s        1         
1    7.942e+00    3.796e+05    3.711e+03      7.000e+00    1.100e+01    4.786e-02      20.53s       1         
2    7.750e+00    8.322e+02    2.417e+03      7.000e+00    1.100e+01    4.786e-02      20.36s       1         
3    7.697e+00    1.325e+06    1.877e+04      7.000e+00    1.100e+01    4.786e-02      18.37s       1         
4    7.890e+00    9.025e+11    4.166e+09      7.000e+00    1.100e+01    4.786e-02      21.97s       1         
5    7.707e+00    6.910e+02    5.891e+02      7.000e+00    1.100e+01    4.786e-02      16.28s       1         
6    7.957e+00    1.425e+07    2.484e+08      7.000e+00    1.100e+01    4.786e-02      15.42s       1         
7    7.685e+00    7.239e+05    3.579e+03      7.000e+00    1.100e+01    4.786e-02      14.41s       1         
8    7.697e+00    1.135e+03    1.174e+03      1.100e+01    4.300e+01    4.164e-02      13.95s       2         
9    9.455e+00    2.543e+05    1.768e+05      7.000e+00    1.100e+01    3.962e-02      13.18s       1         
10   8.002e+00    4.813e+04    1.388e+04      7.000e+00    1.100e+01    3.962e-02      12.21s       1         
11   7.522e+00    9.957e+04    6.478e+06      7.000e+00    1.100e+01    3.962e-02      11.16s       1         
12   7.537e+00    1.603e+04    9.481e+03      7.000e+00    1.100e+01    3.962e-02      10.61s       1         
13   7.723e+00    7.662e+06    5.145e+02      7.000e+00    1.100e+01    3.962e-02      12.14s       1         
14   7.745e+00    1.439e+03    1.132e+05      7.000e+00    1.100e+01    3.962e-02      8.36s        1         
15   7.800e+00    6.605e+03    1.873e+03      7.000e+00    1.100e+01    3.962e-02      7.58s        1         
16   7.812e+00    4.293e+05    4.466e+03      7.000e+00    1.100e+01    3.962e-02      6.80s        1         
17   7.700e+00    9.249e+04    1.313e+05      7.000e+00    1.100e+01    3.962e-02      6.05s        1         
18   7.707e+00    6.786e+08    5.478e+06      7.000e+00    1.100e+01    3.962e-02      4.98s        1         
19   7.645e+00    4.019e+06    1.601e+04      7.000e+00    1.100e+01    3.962e-02      4.24s        1         
20   7.857e+00    3.022e+04    2.680e+02      7.000e+00    1.100e+01    3.936e-02      3.34s        1         
21   7.763e+00    5.024e+06    3.164e+03      7.000e+00    1.100e+01    3.936e-02      2.60s        1         
22   7.963e+00    6.253e+02    7.606e+04      7.000e+00    1.100e+01    3.936e-02      2.23s        1         
23   7.692e+00    6.302e+02    4.654e+02      7.000e+00    1.100e+01    3.936e-02      0.86s        1         
24   7.747e+00    1.076e+05    6.948e+02      7.000e+00    1.100e+01    3.936e-02      0.00s        1         
25   8.250e+00    1.111e+11    9.001e+04      7.000e+00    1.100e+01    3.936e-02      20.72s       1         
26   7.820e+00    1.559e+05    8.780e+08      7.000e+00    1.100e+01    3.936e-02      19.65s       1         
27   7.923e+00    6.585e+03    3.372e+10      7.000e+00    1.100e+01    3.936e-02      18.75s       1         
28   7.782e+00    8.157e+02    9.866e+03      7.000e+00    1.100e+01    3.936e-02      18.71s       1         
29   7.643e+00    5.645e+05    2.348e+01      7.000e+00    1.100e+01    3.936e-02      17.61s       1         
30   7.415e+00    4.968e+02    2.893e+01      7.000e+00    1.100e+01    3.936e-02      16.10s       1         
31   7.782e+00    2.126e+05    1.155e+04      7.000e+00    1.100e+01    3.936e-02      20.65s       1         
32   7.612e+00    8.111e+01    3.646e+04      7.000e+00    1.100e+01    3.936e-02      14.25s       1         
33   7.612e+00    2.176e+07    2.531e+03      7.000e+00    1.100e+01    3.936e-02      13.99s       1         
34   8.043e+00    5.708e+06    3.215e+03      7.000e+00    1.100e+01    3.936e-02      13.16s       1         
35   7.800e+00    3.786e+10    2.031e+02      7.000e+00    1.100e+01    3.936e-02      13.13s       1         
36   7.760e+00    2.332e+08    1.151e+03      7.000e+00    1.100e+01    3.936e-02      11.02s       1         
37   7.825e+00    4.535e+03    1.308e+04      7.000e+00    1.100e+01    3.936e-02      10.47s       1         
38   7.865e+00    1.760e+03    2.671e+03      7.000e+00    1.100e+01    3.936e-02      9.41s        1         
39   7.572e+00    5.857e+04    2.440e+03      7.000e+00    1.100e+01    3.936e-02      8.33s        1         
40   7.925e+00    5.279e+03    6.019e+04      7.000e+00    1.100e+01    3.936e-02      9.76s        1         
41   8.172e+00    1.290e+09    6.211e+04      7.000e+00    1.100e+01    3.936e-02      6.94s        1         
42   7.867e+00    4.850e+07    5.803e+02      7.000e+00    1.100e+01    3.936e-02      6.19s        1         
43   7.925e+00    4.979e+02    7.758e+04      7.000e+00    1.100e+01    3.936e-02      5.11s        1         
44   7.768e+00    2.658e+02    5.783e+06      7.000e+00    1.100e+01    3.936e-02      4.33s        1         
45   7.872e+00    1.334e+03    7.853e+01      7.000e+00    1.100e+01    3.936e-02      3.48s        1         
46   8.030e+00    7.344e+06    8.990e+02      7.000e+00    1.100e+01    3.936e-02      2.62s        1         
47   7.725e+00    2.109e+04    2.900e+06      9.000e+00    1.900e+01    3.748e-02      1.71s        2         
48   8.540e+00    2.172e+06    8.822e+06      9.000e+00    1.900e+01    3.748e-02      0.91s        2         
49   8.620e+00    6.011e+02    7.932e+04      9.000e+00    1.900e+01    3.748e-02      0.00s        2         
50   8.787e+00    4.598e+04    2.381e+02      9.000e+00    1.900e+01    3.748e-02      22.30s       2         
51   8.512e+00    3.703e+02    7.230e+01      9.000e+00    1.900e+01    3.748e-02      20.80s       2         
52   9.050e+00    6.292e+09    3.617e+07      9.000e+00    1.900e+01    3.748e-02      19.92s       2         
53   8.502e+00    3.070e+04    4.648e+02      9.000e+00    1.900e+01    3.748e-02      18.87s       2         
54   8.450e+00    4.377e+02    1.298e+03      9.000e+00    1.900e+01    3.748e-02      18.16s       2         
55   9.018e+00    2.921e+05    5.499e+03      9.000e+00    1.900e+01    3.748e-02      16.85s       2         
56   8.352e+00    2.696e+06    2.223e+02      9.000e+00    1.900e+01    3.748e-02      16.44s       2         
57   8.818e+00    1.246e+08    3.033e+03      9.000e+00    1.900e+01    3.748e-02      19.23s       2         
58   8.848e+00    2.458e+04    9.774e+03      9.000e+00    1.900e+01    3.748e-02      14.46s       2         
59   8.768e+00    3.150e+05    2.958e+03      9.000e+00    1.900e+01    3.748e-02      13.47s       2         
60   8.902e+00    4.268e+05    1.105e+06      9.000e+00    1.900e+01    3.748e-02      12.50s       2         
61   8.797e+00    1.947e+04    2.919e+02      9.000e+00    1.900e+01    3.748e-02      11.32s       2         
62   8.572e+00    7.769e+11    1.093e+04      9.000e+00    1.900e+01    3.748e-02      10.41s       2         
63   8.463e+00    4.739e+02    6.859e+03      9.000e+00    1.900e+01    3.748e-02      9.66s        2         
64   8.895e+00    1.410e+03    3.084e+04      9.000e+00    1.900e+01    3.748e-02      9.03s        2         
65   8.652e+00    1.587e+05    4.232e+04      9.000e+00    1.900e+01    3.748e-02      7.84s        2         
66   8.412e+00    8.871e+02    5.329e+01      9.000e+00    1.900e+01    3.748e-02      9.21s        2         
67   8.652e+00    3.925e+05    4.841e+03      9.000e+00    1.900e+01    3.748e-02      6.47s        2         
68   8.790e+00    5.992e+05    1.953e+12      9.000e+00    1.900e+01    3.748e-02      5.42s        2         
69   8.840e+00    7.758e+02    4.500e+02      9.000e+00    1.900e+01    3.748e-02      4.44s        2         
70   8.550e+00    3.332e+06    8.313e+02      9.000e+00    1.900e+01    3.748e-02      3.63s        2         
71   8.790e+00    7.093e+03    9.586e+02      9.000e+00    1.900e+01    3.723e-02      2.69s        2         
72   8.502e+00    2.198e+02    9.922e+02      9.000e+00    1.900e+01    3.723e-02      1.77s        2         
73   8.893e+00    5.527e+04    8.003e+03      9.000e+00    1.900e+01    3.723e-02      0.89s        2         
74   8.467e+00    1.286e+06    4.286e+04      9.000e+00    1.900e+01    3.723e-02      0.00s        2         
75   8.473e+00    8.002e+04    1.261e+02      9.000e+00    1.900e+01    3.723e-02      27.80s       2         
76   8.685e+00    2.360e+05    2.273e+02      9.000e+00    1.900e+01    3.723e-02      21.72s       2         
77   8.723e+00    3.480e+16    1.369e+04      9.000e+00    1.900e+01    3.723e-02      20.23s       2         
78   8.515e+00    1.341e+05    2.261e+12      9.000e+00    1.900e+01    3.723e-02      19.17s       2         
79   8.648e+00    8.893e+03    1.303e+02      9.000e+00    1.900e+01    3.723e-02      18.62s       2         
80   8.880e+00    3.133e+06    1.016e+05      9.000e+00    1.900e+01    3.723e-02      17.68s       2         
81   8.982e+00    1.927e+08    8.514e+02      9.000e+00    1.900e+01    3.723e-02      16.77s       2         
82   8.627e+00    9.259e+02    3.857e+01      9.000e+00    1.900e+01    3.723e-02      14.92s       2         
83   8.777e+00    2.477e+04    8.922e+05      9.000e+00    1.900e+01    3.723e-02      18.68s       2         
84   8.710e+00    4.507e+06    5.244e+02      9.000e+00    1.900e+01    3.723e-02      14.09s       2         
85   8.770e+00    1.778e+11    4.954e+04      9.000e+00    1.900e+01    3.723e-02      12.48s       2         
86   8.580e+00    2.619e+07    8.506e+01      9.000e+00    1.900e+01    3.723e-02      11.54s       2         
87   8.500e+00    3.426e+05    3.845e+04      9.000e+00    1.900e+01    3.723e-02      10.56s       2         
88   8.777e+00    3.989e+03    2.832e+03      9.000e+00    1.900e+01    3.723e-02      9.91s        2         
89   8.940e+00    3.467e+04    1.642e+09      9.000e+00    1.900e+01    3.723e-02      8.93s        2         
90   8.938e+00    5.284e+04    1.603e+03      9.000e+00    1.900e+01    3.723e-02      7.81s        2         
91   8.705e+00    6.388e+04    1.125e+05      9.000e+00    1.900e+01    3.723e-02      7.17s        2         
92   8.820e+00    4.619e+05    7.411e+01      9.000e+00    1.900e+01    3.723e-02      7.95s        2         
93   8.365e+00    7.301e+02    1.287e+05      9.000e+00    1.900e+01    3.723e-02      5.50s        2         
94   8.537e+00    2.449e+03    2.002e+02      9.000e+00    1.900e+01    3.723e-02      4.47s        2         
95   9.020e+00    1.024e+07    1.778e+03      9.000e+00    1.900e+01    3.723e-02      3.52s        2         
96   8.705e+00    5.860e+03    7.149e+03      9.000e+00    1.900e+01    3.723e-02      2.74s        2         
97   8.665e+00    1.643e+03    6.636e+01      9.000e+00    1.900e+01    3.723e-02      1.77s        2         
98   8.730e+00    4.538e+03    1.466e+03      9.000e+00    1.900e+01    3.723e-02      0.92s        2         
99   8.977e+00    1.105e+05    4.292e+04      9.000e+00    1.900e+01    3.723e-02      0.00s        2         
100  9.005e+00    4.835e+09    1.027e+04      9.000e+00    1.900e+01    3.723e-02      21.03s       2         
101  8.762e+00    3.228e+11    1.846e+04      9.000e+00    1.900e+01    3.723e-02      24.92s       2         
102  8.887e+00    9.603e+05    4.357e+02      9.000e+00    1.900e+01    3.723e-02      19.40s       2         
103  8.700e+00    3.327e+03    1.875e+02      9.000e+00    1.900e+01    3.723e-02      18.91s       2         
104  8.742e+00    2.587e+03    3.883e+03      9.000e+00    1.900e+01    3.723e-02      17.57s       2         
105  9.220e+00    9.578e+07    8.636e+05      9.000e+00    1.900e+01    3.723e-02      17.39s       2         
106  8.662e+00    8.966e+07    1.267e+04      9.000e+00    1.900e+01    3.723e-02      16.31s       2         
107  8.715e+00    1.049e+06    1.509e+03      9.000e+00    1.900e+01    3.723e-02      15.39s       2         
108  8.902e+00    2.515e+06    2.949e+02      9.000e+00    1.900e+01    3.723e-02      14.50s       2         
109  8.585e+00    7.688e+02    1.214e+04      9.000e+00    1.900e+01    3.723e-02      17.35s       2         
110  8.560e+00    2.999e+05    2.214e+03      9.000e+00    1.900e+01    3.723e-02      12.65s       2         
111  8.935e+00    1.370e+13    6.594e+08      9.000e+00    1.900e+01    3.723e-02      11.70s       2         
112  8.303e+00    1.226e+03    5.708e+03      9.000e+00    1.900e+01    3.723e-02      10.49s       2         
113  8.735e+00    5.138e+05    1.691e+01      9.000e+00    1.900e+01    3.723e-02      9.77s        2         
114  8.830e+00    9.905e+04    2.568e+04      9.000e+00    1.900e+01    3.723e-02      9.05s        2         
115  8.863e+00    1.999e+09    1.770e+03      9.000e+00    1.900e+01    3.714e-02      8.48s        2         
116  8.572e+00    5.601e+04    1.089e+02      9.000e+00    1.900e+01    3.714e-02      7.47s        2         
117  9.040e+00    1.719e+09    3.843e+03      9.000e+00    1.900e+01    3.714e-02      6.25s        2         
118  8.385e+00    1.198e+03    2.594e+04      9.000e+00    1.900e+01    3.714e-02      6.95s        2         
119  8.518e+00    7.820e+02    4.995e+04      9.000e+00    1.900e+01    3.714e-02      4.43s        2         
120  9.145e+00    1.954e+05    9.572e+04      9.000e+00    1.900e+01    3.714e-02      3.77s        2         
121  8.525e+00    6.928e+05    1.995e+03      9.000e+00    1.900e+01    3.714e-02      2.66s        2         
122  8.713e+00    8.540e+04    5.039e+04      9.000e+00    1.900e+01    3.714e-02      1.83s        2         
123  8.485e+00    2.839e+06    2.799e+07      9.000e+00    1.900e+01    3.714e-02      0.89s        2         
124  9.090e+00    5.213e+05    6.751e+02      9.000e+00    1.900e+01    3.714e-02      0.00s        2         
125  9.010e+00    3.101e+07    2.369e+06      9.000e+00    1.900e+01    3.714e-02      22.15s       2         
126  8.617e+00    7.531e+02    3.370e+02      9.000e+00    1.900e+01    3.714e-02      20.24s       2         
127  8.453e+00    3.394e+02    1.575e+02      9.000e+00    1.900e+01    3.714e-02      25.00s       2         
128  8.930e+00    7.864e+07    9.513e+07      9.000e+00    1.900e+01    3.714e-02      18.67s       2         
129  8.540e+00    2.108e+05    1.976e+03      9.000e+00    1.900e+01    3.714e-02      18.04s       2         
130  8.652e+00    1.568e+03    1.248e+02      9.000e+00    1.900e+01    3.714e-02      17.48s       2         
131  8.623e+00    5.942e+06    3.551e+03      9.000e+00    1.900e+01    3.714e-02      16.93s       2         
132  8.352e+00    1.777e+04    1.553e+04      9.000e+00    1.900e+01    3.714e-02      15.19s       2         
133  8.492e+00    5.118e+02    3.082e+03      9.000e+00    1.900e+01    3.714e-02      14.42s       2         
134  8.495e+00    1.493e+02    4.077e+03      9.000e+00    1.900e+01    3.714e-02      13.90s       2         
135  8.762e+00    2.404e+02    1.085e+03      9.000e+00    1.900e+01    3.714e-02      16.59s       2         
136  8.197e+00    2.117e+02    3.947e+03      9.000e+00    1.900e+01    3.714e-02      12.17s       2         
137  8.832e+00    7.425e+07    1.267e+04      9.000e+00    1.900e+01    3.714e-02      10.41s       2         
138  8.523e+00    1.968e+05    2.575e+05      9.000e+00    1.900e+01    3.714e-02      9.53s        2         
139  8.652e+00    5.862e+06    5.507e+03      9.000e+00    1.900e+01    3.714e-02      8.99s        2         
140  8.568e+00    1.241e+04    2.597e+03      9.000e+00    1.900e+01    3.714e-02      8.13s        2         
141  8.877e+00    1.037e+08    3.726e+03      9.000e+00    1.900e+01    3.714e-02      7.04s        2         
142  9.125e+00    1.539e+05    9.355e+03      9.000e+00    1.900e+01    3.708e-02      6.52s        2         
143  8.723e+00    2.192e+03    2.022e+06      9.000e+00    1.900e+01    3.708e-02      5.19s        2         
144  8.758e+00    3.730e+08    8.194e+03      9.000e+00    1.900e+01    3.708e-02      5.54s        2         
145  8.395e+00    1.016e+02    6.603e+06      9.000e+00    1.900e+01    3.708e-02      3.60s        2         
146  8.637e+00    1.102e+06    1.881e+03      9.000e+00    1.900e+01    3.708e-02      2.88s        2         
147  8.860e+00    2.300e+05    5.010e+05      9.000e+00    1.900e+01    3.708e-02      1.85s        2         
148  8.790e+00    9.896e+04    6.378e+03      9.000e+00    1.900e+01    3.708e-02      0.89s        2         
149  8.762e+00    2.340e+06    2.818e+03      9.000e+00    1.900e+01    3.708e-02      0.00s        2         
150  8.852e+00    8.683e+06    1.953e+03      9.000e+00    1.900e+01    3.708e-02      22.63s       2         
151  8.707e+00    8.823e+04    2.048e+02      9.000e+00    1.900e+01    3.708e-02      20.87s       2         
152  9.710e+00    3.141e+05    2.776e+06      9.000e+00    1.900e+01    3.708e-02      20.19s       2         
153  8.400e+00    1.787e+05    8.085e+01      9.000e+00    1.900e+01    3.708e-02      24.57s       2         
154  8.838e+00    2.447e+05    6.521e+01      9.000e+00    1.900e+01    3.708e-02      17.92s       2         
155  8.377e+00    9.014e+01    1.279e+01      9.000e+00    1.900e+01    3.708e-02      17.34s       2         
156  8.470e+00    1.435e+03    8.356e+02      9.000e+00    1.900e+01    3.708e-02      16.43s       2         
157  8.768e+00    1.034e+03    8.711e+03      9.000e+00    1.900e+01    3.708e-02      15.30s       2         
158  9.200e+00    7.310e+05    2.485e+07      9.000e+00    1.900e+01    3.708e-02      14.15s       2         
159  8.965e+00    8.885e+07    5.122e+03      9.000e+00    1.900e+01    3.708e-02      13.54s       2         
160  8.820e+00    6.217e+08    5.255e+04      9.000e+00    1.900e+01    3.620e-02      12.49s       2         
161  8.685e+00    3.142e+02    1.896e+01      9.000e+00    1.900e+01    3.620e-02      12.42s       2         
162  8.625e+00    2.969e+05    1.117e+04      9.000e+00    1.900e+01    3.620e-02      10.66s       2         
163  8.610e+00    4.122e+05    5.722e+02      9.000e+00    1.900e+01    3.620e-02      10.08s       2         
164  9.133e+00    1.102e+13    5.817e+05      9.000e+00    1.900e+01    3.620e-02      9.13s        2         
165  8.818e+00    2.434e+04    7.491e+04      9.000e+00    1.900e+01    3.620e-02      8.22s        2         
166  8.920e+00    1.512e+12    1.743e+08      9.000e+00    1.900e+01    3.620e-02      7.30s        2         
167  8.620e+00    1.711e+04    3.447e+04      9.000e+00    1.900e+01    3.620e-02      6.37s        2         
168  8.367e+00    5.704e+03    1.364e+03      9.000e+00    1.900e+01    3.620e-02      5.35s        2         
169  8.607e+00    9.957e+02    2.273e+03      9.000e+00    1.900e+01    3.620e-02      4.63s        2         
170  8.598e+00    2.646e+05    9.390e+02      9.000e+00    1.900e+01    3.620e-02      4.71s        2         
171  8.637e+00    7.603e+11    3.160e+04      9.000e+00    1.900e+01    3.620e-02      2.66s        2         
172  8.745e+00    3.648e+11    3.009e+05      9.000e+00    1.900e+01    3.620e-02      1.84s        2         
173  8.835e+00    4.996e+08    1.961e+09      9.000e+00    1.900e+01    3.620e-02      0.91s        2         
174  8.547e+00    7.002e+01    1.379e+02      9.000e+00    1.900e+01    3.620e-02      0.00s        2         
175  8.650e+00    6.062e+05    5.410e+04      9.000e+00    1.900e+01    3.620e-02      22.04s       2         
176  8.940e+00    1.328e+10    6.810e+02      9.000e+00    1.900e+01    3.620e-02      21.04s       2         
177  8.785e+00    3.322e+11    2.473e+07      9.000e+00    1.900e+01    3.620e-02      19.90s       2         
178  8.290e+00    2.537e+02    2.385e+01      9.000e+00    1.900e+01    3.620e-02      19.12s       2         
179  8.470e+00    1.131e+05    1.924e+03      9.000e+00    1.900e+01    3.620e-02      23.14s       2         
180  8.592e+00    8.636e+02    7.096e+03      9.000e+00    1.900e+01    3.595e-02      17.29s       2         
181  8.883e+00    2.045e+05    1.484e+03      9.000e+00    1.900e+01    3.595e-02      15.93s       2         
182  8.525e+00    1.937e+03    1.775e+03      9.000e+00    1.900e+01    3.595e-02      15.26s       2         
183  8.322e+00    8.169e+01    4.615e+03      9.000e+00    1.900e+01    3.595e-02      14.47s       2         
184  8.768e+00    5.316e+03    5.375e+06      9.000e+00    1.900e+01    3.595e-02      13.29s       2         
185  8.947e+00    3.663e+03    2.133e+03      9.000e+00    1.900e+01    3.595e-02      12.39s       2         
186  8.328e+00    1.811e+03    7.183e+02      9.000e+00    1.900e+01    3.595e-02      11.49s       2         
187  8.812e+00    1.262e+04    3.562e+08      9.000e+00    1.900e+01    3.595e-02      14.01s       2         
188  8.787e+00    1.031e+14    4.268e+08      9.000e+00    1.900e+01    3.595e-02      10.09s       2         
189  8.928e+00    1.488e+04    2.496e+06      9.000e+00    1.900e+01    3.595e-02      8.82s        2         
190  9.062e+00    1.986e+10    3.283e+02      9.000e+00    1.900e+01    3.595e-02      7.70s        2         
191  8.568e+00    3.965e+03    2.163e+01      9.000e+00    1.900e+01    3.595e-02      7.36s        2         
192  8.720e+00    8.779e+06    4.107e+03      9.000e+00    1.900e+01    3.595e-02      6.02s        2         
193  8.470e+00    1.787e+04    6.419e+02      9.000e+00    1.900e+01    3.595e-02      5.24s        2         
194  8.835e+00    1.227e+07    3.062e+03      9.000e+00    1.900e+01    3.595e-02      4.32s        2         
195  8.900e+00    1.454e+09    2.036e+03      9.000e+00    1.900e+01    3.595e-02      3.41s        2         
196  8.320e+00    3.793e+02    1.657e+03      9.000e+00    1.900e+01    3.595e-02      3.37s        2         
197  8.688e+00    7.088e+12    2.236e+04      9.000e+00    1.900e+01    3.589e-02      1.73s        2         
198  8.938e+00    2.937e+06    1.923e+05      9.000e+00    1.900e+01    3.589e-02      0.86s        2         
199  8.850e+00    2.893e+03    1.450e+03      9.000e+00    1.900e+01    3.589e-02      0.00s        2         
200  8.445e+00    4.954e+02    5.532e+01      9.000e+00    1.900e+01    3.589e-02      21.83s       2         
201  8.720e+00    1.551e+03    1.183e+03      9.000e+00    1.900e+01    3.589e-02      20.20s       2         
202  8.330e+00    1.665e+03    1.185e+03      9.000e+00    1.900e+01    3.589e-02      19.64s       2         
203  8.547e+00    1.641e+03    5.198e+01      9.000e+00    1.900e+01    3.589e-02      18.09s       2         
204  8.600e+00    5.892e+05    4.622e+06      9.000e+00    1.900e+01    3.589e-02      18.05s       2         
205  8.365e+00    8.845e+04    4.594e+04      1.100e+01    3.100e+01    3.354e-02      21.99s       3         
206  9.307e+00    1.119e+03    8.217e+01      1.100e+01    3.100e+01    3.354e-02      15.54s       3         
207  9.467e+00    1.215e+03    1.868e+01      1.100e+01    3.100e+01    3.354e-02      15.09s       3         
208  9.350e+00    7.105e+03    1.191e+02      1.100e+01    3.100e+01    3.354e-02      14.77s       3         
209  9.575e+00    1.252e+06    2.472e+07      1.100e+01    3.100e+01    3.354e-02      13.71s       3         
210  9.645e+00    4.040e+03    9.514e+01      1.100e+01    3.100e+01    3.354e-02      12.25s       3         
211  9.633e+00    7.370e+03    4.238e+03      1.100e+01    3.100e+01    3.354e-02      11.73s       3         
212  9.760e+00    1.025e+07    9.718e+02      1.100e+01    3.100e+01    3.354e-02      10.74s       3         
213  9.518e+00    5.177e+02    3.456e+01      1.100e+01    3.100e+01    3.354e-02      13.20s       3         
214  9.727e+00    8.736e+06    1.314e+04      1.100e+01    3.100e+01    3.354e-02      8.98s        3         
215  1.010e+01    3.934e+04    3.029e+03      1.100e+01    3.100e+01    3.354e-02      8.12s        3         
216  9.995e+00    5.817e+05    2.026e+08      1.100e+01    3.100e+01    3.354e-02      7.36s        3         
217  9.280e+00    2.007e+03    7.493e+02      1.100e+01    3.100e+01    3.354e-02      6.51s        3         
218  9.635e+00    6.394e+04    2.713e+02      1.100e+01    3.100e+01    3.354e-02      5.36s        3         
219  9.955e+00    8.077e+05    5.052e+02      1.100e+01    3.100e+01    3.354e-02      4.52s        3         
220  9.662e+00    4.534e+12    8.068e+05      1.100e+01    3.100e+01    3.354e-02      3.62s        3         
221  9.205e+00    4.968e+02    6.509e+01      1.100e+01    3.100e+01    3.354e-02      2.87s        3         
222  9.545e+00    6.063e+03    1.332e+02      1.100e+01    3.100e+01    3.354e-02      1.81s        3         
223  9.625e+00    1.702e+13    1.453e+03      1.100e+01    3.100e+01    3.354e-02      0.88s        3         
224  9.940e+00    6.103e+03    1.836e+03      1.100e+01    3.100e+01    3.354e-02      0.00s        3         
225  9.123e+00    4.472e+04    1.539e+01      1.100e+01    3.100e+01    3.354e-02      21.40s       3         
226  9.945e+00    2.597e+08    1.628e+04      1.100e+01    3.100e+01    3.354e-02      20.87s       3         
227  9.575e+00    1.739e+06    4.584e+06      1.100e+01    3.100e+01    3.354e-02      19.43s       3         
228  9.762e+00    2.517e+06    6.865e+03      1.100e+01    3.100e+01    3.354e-02      18.68s       3         
229  1.011e+01    1.906e+06    5.761e+03      1.100e+01    3.100e+01    3.354e-02      17.79s       3         
230  9.805e+00    1.213e+06    3.103e+03      1.100e+01    3.100e+01    3.354e-02      22.50s       3         
231  9.790e+00    2.176e+09    1.967e+03      1.100e+01    3.100e+01    3.354e-02      17.15s       3         
232  9.535e+00    1.928e+03    3.829e+01      1.100e+01    3.100e+01    3.354e-02      15.47s       3         
233  9.783e+00    1.298e+09    6.647e+05      1.100e+01    3.100e+01    3.354e-02      14.60s       3         
234  9.700e+00    2.491e+08    4.713e+01      1.100e+01    3.100e+01    3.354e-02      13.80s       3         
235  9.338e+00    2.068e+05    1.405e+02      1.100e+01    3.100e+01    3.354e-02      12.28s       3         
236  9.428e+00    1.391e+05    1.443e+01      1.100e+01    3.100e+01    3.354e-02      12.25s       3         
237  9.420e+00    2.027e+04    8.135e+01      1.100e+01    3.100e+01    3.354e-02      10.66s       3         
238  9.630e+00    1.013e+03    7.863e+01      1.100e+01    3.100e+01    3.354e-02      12.68s       3         
239  1.029e+01    6.053e+10    2.518e+06      1.100e+01    3.100e+01    3.354e-02      9.20s        3         
240  9.838e+00    1.350e+04    1.522e+02      1.100e+01    3.100e+01    3.354e-02      8.14s        3         
241  9.672e+00    3.365e+05    2.591e+03      1.100e+01    3.100e+01    3.354e-02      7.31s        3         
242  9.688e+00    1.130e+06    1.994e+01      1.100e+01    3.100e+01    3.354e-02      6.51s        3         
243  9.825e+00    2.920e+08    1.482e+05      1.100e+01    3.100e+01    3.354e-02      5.48s        3         
244  9.877e+00    1.649e+07    4.827e+07      1.100e+01    3.100e+01    3.354e-02      4.79s        3         
245  9.195e+00    1.799e+02    5.837e+01      1.100e+01    3.100e+01    3.354e-02      3.55s        3         
246  9.640e+00    1.149e+03    8.278e+03      1.100e+01    3.100e+01    3.354e-02      3.47s        3         
247  9.885e+00    2.270e+05    1.303e+04      1.100e+01    3.100e+01    3.354e-02      1.78s        3         
248  9.295e+00    5.416e+02    1.384e+03      1.100e+01    3.100e+01    3.354e-02      0.88s        3         
249  9.815e+00    5.873e+04    9.113e+08      1.100e+01    3.100e+01    3.354e-02      0.00s        3         
250  9.807e+00    1.278e+07    8.007e+01      1.100e+01    3.100e+01    3.354e-02      21.65s       3         
251  9.745e+00    2.009e+04    4.447e+05      1.100e+01    3.100e+01    3.354e-02      21.22s       3         
252  9.578e+00    3.628e+09    2.171e+02      1.100e+01    3.100e+01    3.354e-02      20.00s       3         
253  9.762e+00    6.051e+06    7.028e+01      1.100e+01    3.100e+01    3.354e-02      18.59s       3         
254  9.738e+00    3.301e+11    1.494e+05      1.100e+01    3.100e+01    3.354e-02      22.83s       3         
255  9.943e+00    8.171e+06    3.148e+03      1.100e+01    3.100e+01    3.354e-02      18.08s       3         
256  9.852e+00    4.807e+11    2.438e+01      1.100e+01    3.100e+01    3.354e-02      16.43s       3         
257  9.748e+00    6.985e+07    2.953e+03      1.100e+01    3.100e+01    3.354e-02      15.65s       3         
258  9.830e+00    2.451e+03    2.265e+06      1.100e+01    3.100e+01    3.354e-02      14.49s       3         
259  1.029e+01    5.188e+07    2.388e+03      1.100e+01    3.100e+01    3.354e-02      13.54s       3         
260  9.543e+00    1.460e+04    6.943e+02      1.100e+01    3.100e+01    3.354e-02      13.04s       3         
261  9.500e+00    1.635e+04    2.661e+01      1.100e+01    3.100e+01    3.354e-02      11.67s       3         
262  9.825e+00    1.151e+06    2.093e+03      1.100e+01    3.100e+01    3.354e-02      10.90s       3         
263  1.021e+01    5.009e+05    3.657e+02      1.100e+01    3.100e+01    3.354e-02      12.73s       3         
264  9.738e+00    9.292e+03    1.377e+05      1.100e+01    3.100e+01    3.354e-02      9.24s        3         
265  9.600e+00    3.018e+11    2.913e+06      1.100e+01    3.100e+01    3.354e-02      8.26s        3         
266  9.660e+00    1.406e+08    3.548e+02      1.100e+01    3.100e+01    3.354e-02      7.32s        3         
267  9.710e+00    9.782e+04    9.294e+01      1.100e+01    3.100e+01    3.354e-02      6.51s        3         
268  9.453e+00    3.130e+05    2.312e+06      1.100e+01    3.100e+01    3.354e-02      5.82s        3         
269  9.398e+00    9.680e+02    5.205e+03      1.100e+01    3.100e+01    3.354e-02      4.55s        3         
270  9.885e+00    8.078e+04    1.873e+03      1.100e+01    3.100e+01    3.354e-02      3.68s        3         
271  9.557e+00    2.405e+05    9.169e+02      1.100e+01    3.100e+01    3.354e-02      3.45s        3         
272  1.009e+01    2.487e+07    8.494e+02      1.100e+01    3.100e+01    3.354e-02      1.88s        3         
273  1.026e+01    1.796e+06    1.718e+04      1.100e+01    3.100e+01    3.354e-02      0.91s        3         
274  9.845e+00    3.199e+04    1.291e+03      1.100e+01    3.100e+01    3.354e-02      0.00s        3         
275  9.545e+00    7.590e+06    6.422e+01      1.100e+01    3.100e+01    3.349e-02      21.66s       3         
276  9.490e+00    5.160e+03    5.573e+01      1.100e+01    3.100e+01    3.349e-02      21.33s       3         
277  9.838e+00    4.494e+11    5.002e+02      1.100e+01    3.100e+01    3.349e-02      20.49s       3         
278  9.668e+00    3.981e+07    1.506e+02      1.100e+01    3.100e+01    3.349e-02      20.04s       3         
279  9.555e+00    1.484e+03    4.827e+02      1.100e+01    3.100e+01    3.349e-02      22.61s       3         
280  9.415e+00    1.722e+06    1.304e+03      1.100e+01    3.100e+01    3.349e-02      17.35s       3         
281  9.675e+00    1.008e+04    1.360e+01      1.100e+01    3.100e+01    3.349e-02      16.91s       3         
282  9.213e+00    4.938e+02    5.861e+01      1.100e+01    3.100e+01    3.349e-02      15.67s       3         
283  9.727e+00    4.149e+05    1.133e+02      1.100e+01    3.100e+01    3.349e-02      13.98s       3         
284  9.248e+00    6.247e+02    1.302e+06      1.100e+01    3.100e+01    3.349e-02      13.60s       3         
285  9.453e+00    1.747e+04    3.894e+02      1.100e+01    3.100e+01    3.349e-02      12.75s       3         
286  9.447e+00    4.294e+02    1.238e+03      1.100e+01    3.100e+01    3.349e-02      11.77s       3         
287  9.742e+00    2.568e+04    9.298e+03      1.300e+01    6.300e+01    3.325e-02      11.21s       4         
288  1.029e+01    8.665e+05    2.810e+03      1.300e+01    6.300e+01    3.325e-02      13.24s       4         
289  1.064e+01    2.282e+06    5.952e+01      1.300e+01    6.300e+01    3.325e-02      9.38s        4         
290  1.075e+01    1.910e+03    8.323e+04      1.300e+01    6.300e+01    3.325e-02      8.71s        4         
291  1.023e+01    3.174e+07    4.350e+01      1.300e+01    6.300e+01    3.325e-02      7.68s        4         
292  1.049e+01    1.769e+03    3.105e+05      1.300e+01    6.300e+01    3.325e-02      6.81s        4         
293  1.029e+01    3.513e+04    3.530e+01      1.300e+01    6.300e+01    3.325e-02      5.79s        4         
294  1.045e+01    6.314e+06    3.091e+03      1.300e+01    6.300e+01    3.325e-02      4.63s        4         
295  1.084e+01    1.580e+06    7.081e+04      1.300e+01    6.300e+01    3.325e-02      4.77s        4         
296  1.064e+01    1.320e+04    2.472e+04      1.300e+01    6.300e+01    3.325e-02      2.80s        4         
297  1.077e+01    1.886e+07    7.487e+03      1.300e+01    6.300e+01    3.325e-02      1.82s        4         
298  1.060e+01    2.909e+07    9.092e+03      1.300e+01    6.300e+01    3.325e-02      0.96s        4         
299  1.120e+01    3.669e+04    3.185e+04      1.300e+01    6.300e+01    3.325e-02      0.00s        4         
300  1.066e+01    1.107e+04    5.706e+03      1.300e+01    6.300e+01    3.325e-02      22.25s       4         
301  1.080e+01    1.484e+06    1.769e+07      1.300e+01    6.300e+01    3.325e-02      21.91s       4         
302  1.045e+01    1.641e+05    1.722e+02      1.300e+01    6.300e+01    3.325e-02      20.70s       4         
303  1.039e+01    4.440e+03    2.414e+01      1.300e+01    6.300e+01    3.325e-02      19.48s       4         
304  1.057e+01    2.859e+06    2.327e+04      1.300e+01    6.300e+01    3.325e-02      23.95s       4         
305  1.052e+01    7.805e+03    1.110e+04      1.300e+01    6.300e+01    3.325e-02      17.73s       4         
306  1.040e+01    9.880e+06    1.696e+05      1.300e+01    6.300e+01    3.325e-02      16.73s       4         
307  1.031e+01    1.040e+03    5.678e+01      1.300e+01    6.300e+01    3.325e-02      15.14s       4         
308  1.102e+01    4.038e+05    1.059e+07      1.300e+01    6.300e+01    3.325e-02      14.55s       4         
309  1.076e+01    1.138e+09    3.752e+02      1.300e+01    6.300e+01    3.325e-02      13.72s       4         
310  1.041e+01    6.737e+07    7.206e+02      1.300e+01    6.300e+01    3.325e-02      13.22s       4         
311  1.026e+01    4.027e+02    1.556e+03      1.300e+01    6.300e+01    3.325e-02      11.75s       4         
312  1.020e+01    2.205e+05    2.136e+03      1.300e+01    6.300e+01    3.325e-02      14.09s       4         
313  1.062e+01    1.146e+04    9.134e+05      1.300e+01    6.300e+01    3.325e-02      10.30s       4         
314  1.039e+01    9.492e+03    1.485e+02      1.300e+01    6.300e+01    3.325e-02      9.24s        4         
315  1.060e+01    5.753e+05    2.629e+11      1.300e+01    6.300e+01    3.325e-02      8.14s        4         
316  1.022e+01    9.644e+02    1.249e+04      1.300e+01    6.300e+01    3.325e-02      7.42s        4         
317  1.050e+01    1.051e+08    3.111e+02      1.300e+01    6.300e+01    3.325e-02      6.64s        4         
318  1.043e+01    7.746e+06    2.770e+02      1.300e+01    6.300e+01    3.325e-02      5.49s        4         
319  1.044e+01    3.820e+08    5.451e+04      1.100e+01    3.100e+01    3.169e-02      5.98s        3         
320  9.600e+00    2.134e+06    1.091e+04      1.100e+01    3.100e+01    3.169e-02      3.81s        3         
321  9.340e+00    1.617e+15    5.281e+01      1.100e+01    3.100e+01    3.169e-02      2.66s        3         
322  9.075e+00    5.436e+03    2.270e+02      1.100e+01    3.100e+01    3.169e-02      1.86s        3         
323  9.623e+00    1.102e+07    5.881e+04      1.100e+01    3.100e+01    3.169e-02      0.88s        3         
324  9.415e+00    1.038e+03    2.287e+02      1.100e+01    3.100e+01    3.169e-02      0.00s        3         
325  9.857e+00    2.840e+05    3.337e+03      1.100e+01    3.100e+01    3.169e-02      22.22s       3         
326  9.125e+00    6.198e+02    1.321e+02      1.100e+01    3.100e+01    3.169e-02      21.58s       3         
327  9.457e+00    7.724e+04    8.882e+01      1.100e+01    3.100e+01    3.169e-02      20.58s       3         
328  9.450e+00    1.783e+08    2.493e+04      1.100e+01    3.100e+01    3.169e-02      23.89s       3         
329  9.658e+00    1.222e+03    5.384e+01      1.100e+01    3.100e+01    3.169e-02      18.09s       3         
330  9.787e+00    2.270e+07    1.078e+04      1.100e+01    3.100e+01    3.169e-02      16.96s       3         
331  9.380e+00    1.448e+04    9.672e+01      1.100e+01    3.100e+01    3.169e-02      16.51s       3         
332  9.570e+00    5.015e+05    1.245e+03      1.100e+01    3.100e+01    3.169e-02      15.51s       3         
333  9.670e+00    1.219e+03    3.682e+03      1.100e+01    3.100e+01    3.169e-02      14.87s       3         
334  9.660e+00    4.902e+03    3.341e+03      1.100e+01    3.100e+01    3.169e-02      13.69s       3         
335  9.560e+00    1.529e+04    2.039e+07      1.100e+01    3.100e+01    3.169e-02      13.42s       3         
336  9.588e+00    8.675e+10    5.045e+04      1.100e+01    3.100e+01    3.169e-02      15.74s       3         
337  9.822e+00    1.165e+07    1.630e+05      1.100e+01    3.100e+01    3.169e-02      11.27s       3         
338  9.285e+00    4.065e+02    1.654e+03      1.100e+01    3.100e+01    3.169e-02      10.05s       3         
339  1.004e+01    2.104e+05    1.069e+09      1.100e+01    3.100e+01    3.169e-02      9.18s        3         
340  9.342e+00    5.537e+04    3.083e+01      1.100e+01    3.100e+01    3.169e-02      8.20s        3         
341  9.453e+00    8.883e+02    2.228e+02      1.100e+01    3.100e+01    3.169e-02      7.32s        3         
342  9.777e+00    1.043e+05    3.670e+03      1.100e+01    3.100e+01    3.169e-02      6.25s        3         
343  9.723e+00    5.891e+03    5.932e+06      1.100e+01    3.100e+01    3.169e-02      5.45s        3         
344  9.553e+00    5.019e+03    3.162e+12      1.100e+01    3.100e+01    3.169e-02      4.69s        3         
345  9.740e+00    6.908e+05    1.380e+02      1.100e+01    3.100e+01    3.169e-02      4.55s        3         
346  9.900e+00    9.263e+08    1.358e+03      1.100e+01    3.100e+01    3.169e-02      2.78s        3         
347  9.695e+00    1.325e+05    9.974e+02      1.100e+01    3.100e+01    3.169e-02      1.85s        3         
348  9.963e+00    9.637e+05    1.957e+06      1.100e+01    3.100e+01    3.169e-02      0.91s        3         
349  9.825e+00    1.905e+08    8.176e+03      1.100e+01    3.100e+01    3.169e-02      0.00s        3         
350  9.643e+00    1.684e+05    7.817e+05      1.100e+01    3.100e+01    3.169e-02      21.47s       3         
351  9.652e+00    1.561e+03    5.846e+02      1.100e+01    3.100e+01    3.169e-02      20.48s       3         
352  9.590e+00    8.167e+03    1.101e+01      1.100e+01    3.100e+01    3.169e-02      20.05s       3         
353  9.332e+00    9.734e+02    1.567e+02      1.100e+01    3.100e+01    3.169e-02      24.05s       3         
354  9.690e+00    6.240e+05    1.967e+03      1.100e+01    3.100e+01    3.169e-02      18.09s       3         
355  9.727e+00    6.783e+02    2.921e+04      1.500e+01    8.500e+01    2.976e-02      17.50s       4         
356  1.126e+01    6.776e+06    2.505e+03      1.700e+01    1.570e+02    2.897e-02      16.65s       5         
357  1.170e+01    1.165e+11    9.983e+03      1.500e+01    8.500e+01    2.755e-02      15.63s       4         
358  1.073e+01    1.570e+03    1.664e+05      1.500e+01    8.500e+01    2.755e-02      14.94s       4         
359  1.113e+01    2.395e+06    6.235e+02      1.500e+01    8.500e+01    2.755e-02      13.80s       4         
360  1.078e+01    2.757e+07    3.323e+01      1.500e+01    8.500e+01    2.755e-02      13.00s       4         
361  1.095e+01    9.239e+09    1.764e+03      1.500e+01    8.500e+01    2.755e-02      15.43s       4         
362  1.126e+01    4.053e+05    1.267e+05      1.500e+01    8.500e+01    2.755e-02      11.01s       4         
363  1.102e+01    1.099e+05    6.311e+05      1.500e+01    8.500e+01    2.755e-02      10.34s       4         
364  1.109e+01    6.865e+05    5.788e+02      1.500e+01    8.500e+01    2.755e-02      9.07s        4         
365  1.098e+01    1.325e+07    7.163e+04      1.500e+01    8.500e+01    2.755e-02      8.58s        4         
366  1.067e+01    7.916e+03    5.837e+02      1.500e+01    8.500e+01    2.755e-02      7.54s        4         
367  1.062e+01    3.833e+04    7.985e+02      1.500e+01    8.500e+01    2.755e-02      6.41s        4         
368  1.084e+01    3.657e+03    7.477e+02      1.500e+01    8.500e+01    2.755e-02      5.64s        4         
369  1.074e+01    1.036e+04    8.771e+02      1.500e+01    8.500e+01    2.755e-02      6.10s        4         
370  1.122e+01    9.541e+02    9.431e+05      1.500e+01    8.500e+01    2.755e-02      3.81s        4         
371  1.139e+01    2.497e+07    8.901e+01      1.500e+01    8.500e+01    2.755e-02      2.82s        4         
372  1.139e+01    2.187e+08    8.484e+04      1.500e+01    8.500e+01    2.755e-02      1.91s        4         
373  1.074e+01    8.311e+02    2.653e+03      1.500e+01    8.500e+01    2.755e-02      0.94s        4         
374  1.126e+01    1.249e+04    2.575e+05      1.500e+01    8.500e+01    2.755e-02      0.00s        4         
375  1.085e+01    2.796e+03    4.236e+06      1.500e+01    8.500e+01    2.755e-02      22.56s       4         
376  1.142e+01    2.441e+05    1.587e+02      1.500e+01    8.500e+01    2.755e-02      21.40s       4         
377  1.102e+01    6.716e+05    5.913e+02      1.500e+01    8.500e+01    2.755e-02      25.84s       4         
378  1.115e+01    4.329e+03    2.623e+03      1.500e+01    8.500e+01    2.755e-02      18.56s       4         
379  1.084e+01    7.500e+05    3.082e+06      1.500e+01    8.500e+01    2.755e-02      18.23s       4         
380  1.135e+01    2.596e+07    4.756e+01      1.500e+01    8.500e+01    2.755e-02      17.22s       4         
381  1.118e+01    1.849e+03    1.220e+05      1.500e+01    8.500e+01    2.755e-02      16.45s       4         
382  1.130e+01    6.252e+04    1.333e+04      1.500e+01    8.500e+01    2.755e-02      15.44s       4         
383  1.114e+01    2.121e+06    2.761e+04      1.500e+01    8.500e+01    2.755e-02      15.36s       4         
384  1.104e+01    3.521e+02    1.416e+02      1.500e+01    8.500e+01    2.755e-02      17.80s       4         
385  1.068e+01    1.711e+07    5.623e+03      1.500e+01    8.500e+01    2.755e-02      13.84s       4         
386  1.139e+01    2.023e+06    1.101e+03      1.500e+01    8.500e+01    2.755e-02      12.01s       4         
387  1.099e+01    1.460e+07    2.340e+06      1.500e+01    8.500e+01    2.755e-02      11.15s       4         
388  1.167e+01    9.217e+08    4.210e+01      1.500e+01    8.500e+01    2.755e-02      10.21s       4         
389  1.104e+01    2.127e+05    8.470e+02      1.500e+01    8.500e+01    2.755e-02      9.52s        4         
390  1.078e+01    9.629e+03    1.531e+01      1.500e+01    8.500e+01    2.755e-02      8.37s        4         
391  1.117e+01    1.183e+04    1.739e+03      1.500e+01    8.500e+01    2.755e-02      7.59s        4         
392  1.121e+01    5.360e+03    4.246e+02      1.500e+01    8.500e+01    2.755e-02      8.42s        4         
393  1.132e+01    1.247e+07    5.660e+02      1.500e+01    8.500e+01    2.755e-02      5.76s        4         
394  1.106e+01    4.876e+05    6.706e+03      1.500e+01    8.500e+01    2.755e-02      4.69s        4         
395  1.097e+01    2.883e+06    5.548e+03      1.500e+01    8.500e+01    2.755e-02      3.71s        4         
396  1.117e+01    5.494e+06    7.625e+03      1.500e+01    8.500e+01    2.755e-02      2.91s        4         
397  1.086e+01    5.840e+06    8.823e+02      1.500e+01    8.500e+01    2.755e-02      1.87s        4         
398  1.080e+01    2.147e+03    1.315e+02      1.500e+01    8.500e+01    2.755e-02      0.94s        4         
399  1.089e+01    1.844e+06    1.953e+03      1.500e+01    8.500e+01    2.755e-02      0.00s        4         
400  1.099e+01    1.182e+07    2.773e+02      1.500e+01    8.500e+01    2.755e-02      28.36s       4         
401  1.073e+01    4.310e+03    2.134e+02      1.500e+01    8.500e+01    2.755e-02      21.36s       4         
402  1.132e+01    1.291e+06    1.228e+03      1.500e+01    8.500e+01    2.755e-02      20.73s       4         
403  1.155e+01    3.424e+06    1.275e+06      1.500e+01    8.500e+01    2.755e-02      19.28s       4         
404  1.078e+01    5.381e+04    7.571e+01      2.300e+01    1.047e+03    2.382e-02      19.35s       5         
405  1.380e+01    8.582e+05    2.724e+05      2.300e+01    1.047e+03    2.382e-02      18.18s       5         
406  1.315e+01    1.532e+09    7.393e+01      2.300e+01    1.047e+03    2.382e-02      17.52s       5         
407  1.288e+01    4.759e+05    2.687e+01      2.300e+01    1.047e+03    2.382e-02      20.69s       5         
408  1.323e+01    7.333e+04    1.937e+01      2.300e+01    1.047e+03    2.382e-02      15.63s       5         
409  1.350e+01    5.857e+06    6.649e+04      2.300e+01    1.047e+03    2.382e-02      14.32s       6         
410  1.396e+01    5.357e+05    4.091e+02      2.300e+01    1.047e+03    2.382e-02      13.66s       6         
411  1.386e+01    2.913e+03    4.009e+02      2.300e+01    1.047e+03    2.382e-02      12.59s       6         
412  1.408e+01    3.676e+10    1.668e+04      2.300e+01    1.047e+03    2.382e-02      11.91s       6         
413  1.358e+01    1.885e+09    5.813e+02      2.300e+01    1.047e+03    2.382e-02      10.89s       6         
414  1.419e+01    5.308e+03    4.974e+02      2.300e+01    1.047e+03    2.382e-02      10.23s       6         
415  1.399e+01    5.913e+07    7.818e+05      2.300e+01    1.047e+03    2.382e-02      9.35s        6         
416  1.382e+01    1.712e+05    6.096e+03      2.300e+01    1.047e+03    2.382e-02      7.87s        6         
417  1.390e+01    2.001e+05    1.301e+03      2.300e+01    1.047e+03    2.382e-02      7.10s        6         
418  1.354e+01    6.717e+03    1.759e+05      2.300e+01    1.047e+03    2.382e-02      6.14s        6         
419  1.446e+01    2.721e+07    3.822e+01      2.300e+01    1.047e+03    2.382e-02      4.99s        6         
420  1.373e+01    3.584e+07    1.861e+05      2.300e+01    1.047e+03    2.382e-02      3.98s        6         
421  1.420e+01    3.009e+06    9.951e+02      2.300e+01    1.047e+03    2.382e-02      3.66s        6         
422  1.407e+01    2.796e+07    1.013e+04      2.300e+01    1.047e+03    2.382e-02      1.98s        6         
423  1.419e+01    2.793e+04    3.454e+02      2.300e+01    1.047e+03    2.382e-02      0.99s        6         
424  1.339e+01    7.313e+04    8.987e+02      2.300e+01    1.047e+03    2.382e-02      0.00s        6         
425  1.399e+01    2.103e+07    1.850e+03      2.300e+01    1.047e+03    2.382e-02      23.97s       6         
426  1.407e+01    2.741e+04    4.559e+03      2.300e+01    1.047e+03    2.382e-02      23.11s       6         
427  1.326e+01    5.357e+06    1.087e+04      2.300e+01    1.047e+03    2.382e-02      21.31s       6         
428  1.387e+01    2.357e+07    5.238e+03      2.300e+01    1.047e+03    2.382e-02      26.21s       6         
429  1.391e+01    1.146e+08    8.881e+02      2.300e+01    1.047e+03    2.382e-02      19.82s       6         
430  1.381e+01    6.792e+03    4.982e+01      2.300e+01    1.047e+03    2.382e-02      19.12s       7         
431  1.422e+01    2.454e+08    5.616e+03      2.300e+01    1.047e+03    2.382e-02      17.84s       7         
432  1.425e+01    9.122e+03    1.986e+01      2.300e+01    1.047e+03    2.382e-02      16.97s       7         
433  1.441e+01    1.605e+03    8.541e+04      2.300e+01    1.047e+03    2.382e-02      15.85s       7         
434  1.452e+01    4.638e+10    7.045e+01      2.300e+01    1.047e+03    2.382e-02      14.78s       7         
435  1.469e+01    2.667e+04    1.227e+02      2.300e+01    1.047e+03    2.382e-02      17.51s       7         
436  1.498e+01    1.207e+08    2.052e+02      2.300e+01    1.047e+03    2.382e-02      13.36s       7         
437  1.404e+01    1.025e+06    6.620e+01      2.300e+01    1.047e+03    2.382e-02      11.82s       7         
438  1.462e+01    1.053e+06    1.353e+04      2.300e+01    1.047e+03    2.382e-02      10.95s       7         
439  1.476e+01    7.594e+03    6.814e+01      2.300e+01    1.047e+03    2.382e-02      10.28s       7         
440  1.441e+01    2.970e+12    4.063e+02      2.300e+01    1.047e+03    2.382e-02      9.26s        6         
441  1.388e+01    1.783e+04    3.250e+04      2.300e+01    1.047e+03    2.227e-02      9.98s        6         
442  1.364e+01    8.851e+04    1.287e+03      2.300e+01    1.047e+03    2.227e-02      7.03s        6         
443  1.417e+01    3.198e+05    1.644e+05      2.300e+01    1.047e+03    2.131e-02      5.97s        6         
444  1.412e+01    9.722e+04    8.339e+02      2.300e+01    1.047e+03    2.131e-02      4.86s        6         
445  1.388e+01    2.583e+05    2.560e+01      2.300e+01    1.047e+03    2.131e-02      3.92s        6         
446  1.371e+01    3.955e+08    9.723e+02      2.300e+01    1.047e+03    2.131e-02      2.93s        6         
447  1.377e+01    3.103e+03    1.352e+03      2.300e+01    1.047e+03    2.131e-02      1.99s        6         
448  1.430e+01    2.023e+09    7.250e+02      2.300e+01    1.047e+03    2.131e-02      1.27s        6         
449  1.355e+01    1.575e+04    5.729e+03      2.300e+01    1.047e+03    2.131e-02      0.00s        6         
450  1.354e+01    1.763e+04    1.859e+04      2.300e+01    1.047e+03    2.128e-02      23.98s       6         
451  1.338e+01    7.914e+02    8.026e+01      2.300e+01    1.047e+03    2.128e-02      22.54s       6         
452  1.362e+01    8.248e+05    6.369e+01      2.300e+01    1.047e+03    2.128e-02      20.93s       6         
453  1.394e+01    1.142e+16    2.853e+03      2.300e+01    1.047e+03    2.128e-02      20.42s       6         
454  1.382e+01    4.506e+09    4.560e+04      2.300e+01    1.047e+03    2.128e-02      19.96s       6         
455  1.411e+01    1.177e+09    6.865e+03      2.300e+01    1.047e+03    2.128e-02      22.76s       6         
456  1.414e+01    2.960e+04    3.279e+03      2.300e+01    1.047e+03    2.128e-02      17.86s       6         
457  1.361e+01    4.633e+03    4.703e+02      2.300e+01    1.047e+03    2.128e-02      16.91s       6         
458  1.407e+01    1.450e+10    2.804e+02      2.300e+01    1.047e+03    2.128e-02      15.74s       6         
459  1.362e+01    4.077e+04    4.726e+02      2.300e+01    1.047e+03    2.128e-02      14.62s       6         
460  1.379e+01    8.727e+06    7.433e+03      2.300e+01    1.047e+03    2.128e-02      13.55s       6         
461  1.389e+01    9.099e+06    1.377e+03      2.300e+01    1.047e+03    2.128e-02      13.52s       6         
462  1.369e+01    1.854e+08    1.219e+06      2.300e+01    1.047e+03    2.128e-02      14.84s       6         
463  1.351e+01    2.570e+05    1.276e+04      2.300e+01    1.047e+03    2.128e-02      11.06s       6         
464  1.355e+01    3.651e+05    9.893e+01      2.300e+01    1.047e+03    2.128e-02      9.96s        6         
465  1.387e+01    1.652e+13    1.193e+06      2.300e+01    1.047e+03    2.128e-02      8.56s        6         
466  1.370e+01    6.108e+04    8.550e+02      2.300e+01    1.047e+03    2.128e-02      7.87s        6         
467  1.396e+01    3.168e+06    3.014e+02      2.300e+01    1.047e+03    2.128e-02      6.91s        6         
468  1.376e+01    1.922e+04    9.598e+02      2.500e+01    1.983e+03    2.010e-02      6.07s        7         
469  1.519e+01    1.997e+04    1.294e+05      2.500e+01    1.983e+03    2.010e-02      6.14s        7         
470  1.600e+01    1.801e+10    7.161e+03      2.500e+01    1.983e+03    2.010e-02      4.01s        7         
471  1.501e+01    1.458e+05    7.356e+13      2.500e+01    1.983e+03    2.010e-02      3.04s        7         
472  1.528e+01    1.253e+04    1.539e+04      2.500e+01    1.983e+03    1.950e-02      2.00s        8         
473  1.528e+01    5.363e+14    5.688e+08      2.500e+01    1.983e+03    1.950e-02      0.99s        8         
474  1.489e+01    1.309e+04    2.575e+02      2.500e+01    1.983e+03    1.950e-02      0.00s        8         
475  1.457e+01    4.306e+03    2.253e+03      2.500e+01    1.983e+03    1.950e-02      30.19s       8         
476  1.456e+01    2.818e+03    1.037e+02      2.500e+01    1.983e+03    1.950e-02      23.63s       8         
477  1.571e+01    3.333e+05    1.818e+02      2.500e+01    1.983e+03    1.950e-02      21.61s       8         
478  1.470e+01    4.176e+03    2.538e+04      2.500e+01    1.983e+03    1.950e-02      21.35s       8         
479  1.509e+01    2.485e+04    3.504e+01      2.500e+01    1.983e+03    1.950e-02      19.96s       8         
480  1.503e+01    1.004e+05    2.090e+01      2.500e+01    1.983e+03    1.950e-02      18.41s       8         
481  1.586e+01    1.587e+09    3.682e+03      2.500e+01    1.983e+03    1.950e-02      18.29s       8         
482  1.558e+01    2.755e+09    3.654e+02      2.500e+01    1.983e+03    1.950e-02      21.45s       8         
483  1.552e+01    1.398e+07    5.481e+01      2.500e+01    1.983e+03    1.950e-02      15.89s       8         
484  1.508e+01    4.029e+07    3.247e+03      2.500e+01    1.983e+03    1.950e-02      14.89s       8         
485  1.466e+01    1.206e+04    3.731e+04      2.500e+01    1.983e+03    1.950e-02      13.84s       8         
486  1.526e+01    6.997e+05    2.202e+04      2.500e+01    1.983e+03    1.950e-02      12.86s       8         
487  1.480e+01    1.517e+04    4.726e+03      2.500e+01    1.983e+03    1.950e-02      11.97s       8         
488  1.500e+01    3.784e+03    5.428e+03      2.500e+01    1.983e+03    1.950e-02      13.99s       8         
489  1.526e+01    1.154e+04    6.380e+02      2.500e+01    1.983e+03    1.950e-02      10.15s       8         
490  1.514e+01    5.403e+10    1.339e+04      2.500e+01    1.983e+03    1.950e-02      8.97s        8         
491  1.511e+01    1.097e+13    1.564e+03      2.500e+01    1.983e+03    1.950e-02      7.92s        8         
492  1.546e+01    5.245e+07    4.080e+01      2.500e+01    1.983e+03    1.950e-02      7.03s        8         
493  1.477e+01    4.708e+04    1.016e+02      2.500e+01    1.983e+03    1.950e-02      6.21s        8         
494  1.527e+01    1.616e+09    2.262e+01      2.500e+01    1.983e+03    1.950e-02      4.99s        8         
495  1.420e+01    5.867e+05    1.052e+07      2.500e+01    1.983e+03    1.950e-02      5.06s        8         
496  1.506e+01    2.834e+04    5.892e+01      2.500e+01    1.983e+03    1.950e-02      3.03s        8         
497  1.524e+01    6.107e+04    1.757e+03      2.500e+01    1.983e+03    1.950e-02      2.01s        8         
498  1.457e+01    3.625e+06    1.492e+02      2.500e+01    1.983e+03    1.950e-02      1.01s        8         
499  1.490e+01    1.091e+05    2.187e+03      2.500e+01    1.983e+03    1.950e-02      0.00s        8         





Time: 0h:7m:56s
####   Data for the best program   ####
Best Program: add(mul(0.218, sub(X1, mul(mul(X2, sub(mul(X0, mul(X2, 1.140)), sub(X0, 1.218))), sub(mul(X0, X1), sub(X0, 1.218))))), 0.672)
Best Program Complexity: 25
Raw Fitness: 0.01949508482004746
Penalized Fitness: 0.01949508482004746
Estimator		Train-rmse: 0.01949508482004746	Test-rmse: 0.019152781893403876	Test-R^2: 0.9616914936682296

{'complexity': 'length', 'const_range': (1e-10, 2.0), 'elitism_size': 0, 'function_set': ('add', 'sub', 'div', 'mul'), 'generations': 500, 'init_depth': (3, 6), 'init_method': 'half and half', 'low_memory': True, 'max_samples': 1.0, 'metric': 'rmse', 'n_jobs': 2, 'p_crossover': 0.3, 'p_hoist_mutation': 0.0, 'p_point_mutation': 0.35, 'p_point_replace': 0.05, 'p_subtree_mutation': 0.35, 'paretogp': True, 'paretogp_lengths': (5, 130), 'parsimony_coefficient': 0.0, 'population_size': 800, 'random_state': 200219579, 'selection': 'tournament', 'stopping_criteria': 1e-10, 'tournament_size': 11, 'verbose': 1, 'warm_start': True}
